RESULTS:: 02:29:41: root                                   pydial.py <train_command>791 :  List of domains: Laptops11
RESULTS:: 02:29:41: root                                      pydial.py <trainBatch>409 :  *** Training Iteration env6-LAP-tau_nodrop_sort_noinco_4020_250100-seed3-30.0->env6-LAP-tau_nodrop_sort_noinco_4020_250100-seed3-30.1: iter=0, error-rate=30, num-dialogs=1000 ***
RESULTS:: 02:56:48: root                               EvaluationManager.py <_prstr>179 :  Results for domain: Laptops11 --evaluated by: objective success evaluator
RESULTS:: 02:56:48: root                               EvaluationManager.py <_prstr>179 :  # of dialogues  = 1000
RESULTS:: 02:56:48: root                               EvaluationManager.py <_prstr>179 :  Average reward  = 0.22 +- 0.76
RESULTS:: 02:56:48: root                               EvaluationManager.py <_prstr>179 :  Average success = 57.30 +- 3.07
RESULTS:: 02:56:48: root                               EvaluationManager.py <_prstr>179 :  Average turns   = 11.24 +- 0.34
RESULTS:: 02:56:48: root                                   pydial.py <setEvalConfig>470 :  *** Evaluating env6-LAP-tau_nodrop_sort_noinco_4020_250100-seed3-30.1: error-rate=30 num-dialogs=500 ***
RESULTS:: 03:08:11: root                               EvaluationManager.py <_prstr>179 :  Results for domain: Laptops11 --evaluated by: objective success evaluator
RESULTS:: 03:08:11: root                               EvaluationManager.py <_prstr>179 :  # of dialogues  = 500
RESULTS:: 03:08:11: root                               EvaluationManager.py <_prstr>179 :  Average reward  = 1.00 +- 1.10
RESULTS:: 03:08:11: root                               EvaluationManager.py <_prstr>179 :  Average success = 56.80 +- 4.35
RESULTS:: 03:08:11: root                               EvaluationManager.py <_prstr>179 :  Average turns   = 10.36 +- 0.42
RESULTS:: 03:08:11: root                                   pydial.py <train_command>791 :  List of domains: Laptops11
RESULTS:: 03:08:11: root                                      pydial.py <trainBatch>409 :  *** Training Iteration env6-LAP-tau_nodrop_sort_noinco_4020_250100-seed3-30.1->env6-LAP-tau_nodrop_sort_noinco_4020_250100-seed3-30.2: iter=1, error-rate=30, num-dialogs=1000 ***
RESULTS:: 03:39:00: root                               EvaluationManager.py <_prstr>179 :  Results for domain: Laptops11 --evaluated by: objective success evaluator
RESULTS:: 03:39:00: root                               EvaluationManager.py <_prstr>179 :  # of dialogues  = 1000
RESULTS:: 03:39:00: root                               EvaluationManager.py <_prstr>179 :  Average reward  = 0.97 +- 0.82
RESULTS:: 03:39:00: root                               EvaluationManager.py <_prstr>179 :  Average success = 67.00 +- 2.92
RESULTS:: 03:39:00: root                               EvaluationManager.py <_prstr>179 :  Average turns   = 12.43 +- 0.38
RESULTS:: 03:39:00: root                                   pydial.py <setEvalConfig>470 :  *** Evaluating env6-LAP-tau_nodrop_sort_noinco_4020_250100-seed3-30.2: error-rate=30 num-dialogs=500 ***
RESULTS:: 03:50:09: root                               EvaluationManager.py <_prstr>179 :  Results for domain: Laptops11 --evaluated by: objective success evaluator
RESULTS:: 03:50:09: root                               EvaluationManager.py <_prstr>179 :  # of dialogues  = 500
RESULTS:: 03:50:09: root                               EvaluationManager.py <_prstr>179 :  Average reward  = 4.69 +- 0.94
RESULTS:: 03:50:09: root                               EvaluationManager.py <_prstr>179 :  Average success = 72.40 +- 3.93
RESULTS:: 03:50:09: root                               EvaluationManager.py <_prstr>179 :  Average turns   = 9.79 +- 0.37
RESULTS:: 03:50:09: root                                   pydial.py <train_command>791 :  List of domains: Laptops11
RESULTS:: 03:50:09: root                                      pydial.py <trainBatch>409 :  *** Training Iteration env6-LAP-tau_nodrop_sort_noinco_4020_250100-seed3-30.2->env6-LAP-tau_nodrop_sort_noinco_4020_250100-seed3-30.3: iter=2, error-rate=30, num-dialogs=1000 ***
RESULTS:: 04:20:11: root                               EvaluationManager.py <_prstr>179 :  Results for domain: Laptops11 --evaluated by: objective success evaluator
RESULTS:: 04:20:11: root                               EvaluationManager.py <_prstr>179 :  # of dialogues  = 1000
RESULTS:: 04:20:11: root                               EvaluationManager.py <_prstr>179 :  Average reward  = 0.89 +- 0.80
RESULTS:: 04:20:11: root                               EvaluationManager.py <_prstr>179 :  Average success = 65.80 +- 2.94
RESULTS:: 04:20:11: root                               EvaluationManager.py <_prstr>179 :  Average turns   = 12.27 +- 0.37
RESULTS:: 04:20:11: root                                   pydial.py <setEvalConfig>470 :  *** Evaluating env6-LAP-tau_nodrop_sort_noinco_4020_250100-seed3-30.3: error-rate=30 num-dialogs=500 ***
RESULTS:: 04:31:42: root                               EvaluationManager.py <_prstr>179 :  Results for domain: Laptops11 --evaluated by: objective success evaluator
RESULTS:: 04:31:42: root                               EvaluationManager.py <_prstr>179 :  # of dialogues  = 500
RESULTS:: 04:31:42: root                               EvaluationManager.py <_prstr>179 :  Average reward  = 4.77 +- 0.93
RESULTS:: 04:31:42: root                               EvaluationManager.py <_prstr>179 :  Average success = 73.60 +- 3.87
RESULTS:: 04:31:42: root                               EvaluationManager.py <_prstr>179 :  Average turns   = 9.95 +- 0.42
RESULTS:: 04:31:42: root                                   pydial.py <train_command>791 :  List of domains: Laptops11
RESULTS:: 04:31:42: root                                      pydial.py <trainBatch>409 :  *** Training Iteration env6-LAP-tau_nodrop_sort_noinco_4020_250100-seed3-30.3->env6-LAP-tau_nodrop_sort_noinco_4020_250100-seed3-30.4: iter=3, error-rate=30, num-dialogs=1000 ***
RESULTS:: 05:01:34: root                               EvaluationManager.py <_prstr>179 :  Results for domain: Laptops11 --evaluated by: objective success evaluator
RESULTS:: 05:01:34: root                               EvaluationManager.py <_prstr>179 :  # of dialogues  = 1000
RESULTS:: 05:01:34: root                               EvaluationManager.py <_prstr>179 :  Average reward  = 2.26 +- 0.75
RESULTS:: 05:01:34: root                               EvaluationManager.py <_prstr>179 :  Average success = 72.00 +- 2.79
RESULTS:: 05:01:34: root                               EvaluationManager.py <_prstr>179 :  Average turns   = 12.14 +- 0.37
RESULTS:: 05:01:34: root                                   pydial.py <setEvalConfig>470 :  *** Evaluating env6-LAP-tau_nodrop_sort_noinco_4020_250100-seed3-30.4: error-rate=30 num-dialogs=500 ***
RESULTS:: 05:12:04: root                               EvaluationManager.py <_prstr>179 :  Results for domain: Laptops11 --evaluated by: objective success evaluator
RESULTS:: 05:12:04: root                               EvaluationManager.py <_prstr>179 :  # of dialogues  = 500
RESULTS:: 05:12:04: root                               EvaluationManager.py <_prstr>179 :  Average reward  = 2.45 +- 1.02
RESULTS:: 05:12:04: root                               EvaluationManager.py <_prstr>179 :  Average success = 57.40 +- 4.34
RESULTS:: 05:12:04: root                               EvaluationManager.py <_prstr>179 :  Average turns   = 9.03 +- 0.36
RESULTS:: 05:12:04: root                                   pydial.py <train_command>791 :  List of domains: Laptops11
RESULTS:: 05:12:04: root                                      pydial.py <trainBatch>409 :  *** Training Iteration env6-LAP-tau_nodrop_sort_noinco_4020_250100-seed3-30.4->env6-LAP-tau_nodrop_sort_noinco_4020_250100-seed3-30.5: iter=4, error-rate=30, num-dialogs=1000 ***
RESULTS:: 05:42:26: root                               EvaluationManager.py <_prstr>179 :  Results for domain: Laptops11 --evaluated by: objective success evaluator
RESULTS:: 05:42:26: root                               EvaluationManager.py <_prstr>179 :  # of dialogues  = 1000
RESULTS:: 05:42:26: root                               EvaluationManager.py <_prstr>179 :  Average reward  = 1.20 +- 0.79
RESULTS:: 05:42:26: root                               EvaluationManager.py <_prstr>179 :  Average success = 68.10 +- 2.89
RESULTS:: 05:42:26: root                               EvaluationManager.py <_prstr>179 :  Average turns   = 12.42 +- 0.37
RESULTS:: 05:42:26: root                                   pydial.py <setEvalConfig>470 :  *** Evaluating env6-LAP-tau_nodrop_sort_noinco_4020_250100-seed3-30.5: error-rate=30 num-dialogs=500 ***
RESULTS:: 05:54:10: root                               EvaluationManager.py <_prstr>179 :  Results for domain: Laptops11 --evaluated by: objective success evaluator
RESULTS:: 05:54:10: root                               EvaluationManager.py <_prstr>179 :  # of dialogues  = 500
RESULTS:: 05:54:10: root                               EvaluationManager.py <_prstr>179 :  Average reward  = 3.37 +- 0.95
RESULTS:: 05:54:10: root                               EvaluationManager.py <_prstr>179 :  Average success = 67.40 +- 4.12
RESULTS:: 05:54:10: root                               EvaluationManager.py <_prstr>179 :  Average turns   = 10.11 +- 0.40
RESULTS:: 05:54:10: root                                   pydial.py <train_command>791 :  List of domains: Laptops11
RESULTS:: 05:54:10: root                                      pydial.py <trainBatch>409 :  *** Training Iteration env6-LAP-tau_nodrop_sort_noinco_4020_250100-seed3-30.5->env6-LAP-tau_nodrop_sort_noinco_4020_250100-seed3-30.6: iter=5, error-rate=30, num-dialogs=1000 ***
RESULTS:: 06:24:14: root                               EvaluationManager.py <_prstr>179 :  Results for domain: Laptops11 --evaluated by: objective success evaluator
RESULTS:: 06:24:14: root                               EvaluationManager.py <_prstr>179 :  # of dialogues  = 1000
RESULTS:: 06:24:14: root                               EvaluationManager.py <_prstr>179 :  Average reward  = 1.93 +- 0.77
RESULTS:: 06:24:14: root                               EvaluationManager.py <_prstr>179 :  Average success = 71.10 +- 2.81
RESULTS:: 06:24:14: root                               EvaluationManager.py <_prstr>179 :  Average turns   = 12.29 +- 0.37
RESULTS:: 06:24:14: root                                   pydial.py <setEvalConfig>470 :  *** Evaluating env6-LAP-tau_nodrop_sort_noinco_4020_250100-seed3-30.6: error-rate=30 num-dialogs=500 ***
RESULTS:: 06:36:43: root                               EvaluationManager.py <_prstr>179 :  Results for domain: Laptops11 --evaluated by: objective success evaluator
RESULTS:: 06:36:43: root                               EvaluationManager.py <_prstr>179 :  # of dialogues  = 500
RESULTS:: 06:36:43: root                               EvaluationManager.py <_prstr>179 :  Average reward  = 4.86 +- 0.92
RESULTS:: 06:36:43: root                               EvaluationManager.py <_prstr>179 :  Average success = 76.80 +- 3.71
RESULTS:: 06:36:43: root                               EvaluationManager.py <_prstr>179 :  Average turns   = 10.50 +- 0.42
RESULTS:: 06:36:43: root                                   pydial.py <train_command>791 :  List of domains: Laptops11
RESULTS:: 06:36:43: root                                      pydial.py <trainBatch>409 :  *** Training Iteration env6-LAP-tau_nodrop_sort_noinco_4020_250100-seed3-30.6->env6-LAP-tau_nodrop_sort_noinco_4020_250100-seed3-30.7: iter=6, error-rate=30, num-dialogs=1000 ***
RESULTS:: 07:07:18: root                               EvaluationManager.py <_prstr>179 :  Results for domain: Laptops11 --evaluated by: objective success evaluator
RESULTS:: 07:07:18: root                               EvaluationManager.py <_prstr>179 :  # of dialogues  = 1000
RESULTS:: 07:07:18: root                               EvaluationManager.py <_prstr>179 :  Average reward  = 1.43 +- 0.80
RESULTS:: 07:07:18: root                               EvaluationManager.py <_prstr>179 :  Average success = 70.20 +- 2.84
RESULTS:: 07:07:18: root                               EvaluationManager.py <_prstr>179 :  Average turns   = 12.61 +- 0.39
RESULTS:: 07:07:18: root                                   pydial.py <setEvalConfig>470 :  *** Evaluating env6-LAP-tau_nodrop_sort_noinco_4020_250100-seed3-30.7: error-rate=30 num-dialogs=500 ***
RESULTS:: 07:19:03: root                               EvaluationManager.py <_prstr>179 :  Results for domain: Laptops11 --evaluated by: objective success evaluator
RESULTS:: 07:19:03: root                               EvaluationManager.py <_prstr>179 :  # of dialogues  = 500
RESULTS:: 07:19:03: root                               EvaluationManager.py <_prstr>179 :  Average reward  = 0.65 +- 1.05
RESULTS:: 07:19:03: root                               EvaluationManager.py <_prstr>179 :  Average success = 53.80 +- 4.38
RESULTS:: 07:19:03: root                               EvaluationManager.py <_prstr>179 :  Average turns   = 10.11 +- 0.38
RESULTS:: 07:19:03: root                                   pydial.py <train_command>791 :  List of domains: Laptops11
RESULTS:: 07:19:03: root                                      pydial.py <trainBatch>409 :  *** Training Iteration env6-LAP-tau_nodrop_sort_noinco_4020_250100-seed3-30.7->env6-LAP-tau_nodrop_sort_noinco_4020_250100-seed3-30.8: iter=7, error-rate=30, num-dialogs=1000 ***
RESULTS:: 07:49:55: root                               EvaluationManager.py <_prstr>179 :  Results for domain: Laptops11 --evaluated by: objective success evaluator
RESULTS:: 07:49:55: root                               EvaluationManager.py <_prstr>179 :  # of dialogues  = 1000
RESULTS:: 07:49:55: root                               EvaluationManager.py <_prstr>179 :  Average reward  = 1.21 +- 0.79
RESULTS:: 07:49:55: root                               EvaluationManager.py <_prstr>179 :  Average success = 69.00 +- 2.87
RESULTS:: 07:49:55: root                               EvaluationManager.py <_prstr>179 :  Average turns   = 12.59 +- 0.38
RESULTS:: 07:49:55: root                                   pydial.py <setEvalConfig>470 :  *** Evaluating env6-LAP-tau_nodrop_sort_noinco_4020_250100-seed3-30.8: error-rate=30 num-dialogs=500 ***
RESULTS:: 08:01:44: root                               EvaluationManager.py <_prstr>179 :  Results for domain: Laptops11 --evaluated by: objective success evaluator
RESULTS:: 08:01:44: root                               EvaluationManager.py <_prstr>179 :  # of dialogues  = 500
RESULTS:: 08:01:44: root                               EvaluationManager.py <_prstr>179 :  Average reward  = 5.61 +- 0.93
RESULTS:: 08:01:44: root                               EvaluationManager.py <_prstr>179 :  Average success = 77.80 +- 3.65
RESULTS:: 08:01:44: root                               EvaluationManager.py <_prstr>179 :  Average turns   = 9.95 +- 0.41
RESULTS:: 08:01:44: root                                   pydial.py <train_command>791 :  List of domains: Laptops11
RESULTS:: 08:01:44: root                                      pydial.py <trainBatch>409 :  *** Training Iteration env6-LAP-tau_nodrop_sort_noinco_4020_250100-seed3-30.8->env6-LAP-tau_nodrop_sort_noinco_4020_250100-seed3-30.9: iter=8, error-rate=30, num-dialogs=1000 ***
RESULTS:: 08:31:37: root                               EvaluationManager.py <_prstr>179 :  Results for domain: Laptops11 --evaluated by: objective success evaluator
RESULTS:: 08:31:37: root                               EvaluationManager.py <_prstr>179 :  # of dialogues  = 1000
RESULTS:: 08:31:37: root                               EvaluationManager.py <_prstr>179 :  Average reward  = 2.82 +- 0.75
RESULTS:: 08:31:37: root                               EvaluationManager.py <_prstr>179 :  Average success = 73.90 +- 2.73
RESULTS:: 08:31:37: root                               EvaluationManager.py <_prstr>179 :  Average turns   = 11.96 +- 0.36
RESULTS:: 08:31:37: root                                   pydial.py <setEvalConfig>470 :  *** Evaluating env6-LAP-tau_nodrop_sort_noinco_4020_250100-seed3-30.9: error-rate=30 num-dialogs=500 ***
RESULTS:: 08:42:36: root                               EvaluationManager.py <_prstr>179 :  Results for domain: Laptops11 --evaluated by: objective success evaluator
RESULTS:: 08:42:36: root                               EvaluationManager.py <_prstr>179 :  # of dialogues  = 500
RESULTS:: 08:42:36: root                               EvaluationManager.py <_prstr>179 :  Average reward  = 1.98 +- 0.97
RESULTS:: 08:42:36: root                               EvaluationManager.py <_prstr>179 :  Average success = 55.60 +- 4.37
RESULTS:: 08:42:36: root                               EvaluationManager.py <_prstr>179 :  Average turns   = 9.14 +- 0.32
RESULTS:: 08:42:36: root                                   pydial.py <train_command>791 :  List of domains: Laptops11
RESULTS:: 08:42:36: root                                      pydial.py <trainBatch>409 :  *** Training Iteration env6-LAP-tau_nodrop_sort_noinco_4020_250100-seed3-30.9->env6-LAP-tau_nodrop_sort_noinco_4020_250100-seed3-30.10: iter=9, error-rate=30, num-dialogs=1000 ***
RESULTS:: 09:10:47: root                               EvaluationManager.py <_prstr>179 :  Results for domain: Laptops11 --evaluated by: objective success evaluator
RESULTS:: 09:10:47: root                               EvaluationManager.py <_prstr>179 :  # of dialogues  = 1000
RESULTS:: 09:10:47: root                               EvaluationManager.py <_prstr>179 :  Average reward  = 2.23 +- 0.78
RESULTS:: 09:10:47: root                               EvaluationManager.py <_prstr>179 :  Average success = 71.30 +- 2.81
RESULTS:: 09:10:47: root                               EvaluationManager.py <_prstr>179 :  Average turns   = 12.03 +- 0.37
RESULTS:: 09:10:47: root                                   pydial.py <setEvalConfig>470 :  *** Evaluating env6-LAP-tau_nodrop_sort_noinco_4020_250100-seed3-30.10: error-rate=30 num-dialogs=500 ***
RESULTS:: 09:18:32: root                               EvaluationManager.py <_prstr>179 :  Results for domain: Laptops11 --evaluated by: objective success evaluator
RESULTS:: 09:18:32: root                               EvaluationManager.py <_prstr>179 :  # of dialogues  = 500
RESULTS:: 09:18:32: root                               EvaluationManager.py <_prstr>179 :  Average reward  = 0.35 +- 0.86
RESULTS:: 09:18:32: root                               EvaluationManager.py <_prstr>179 :  Average success = 41.00 +- 4.32
RESULTS:: 09:18:32: root                               EvaluationManager.py <_prstr>179 :  Average turns   = 7.85 +- 0.26
RESULTS:: 09:18:32: root                                   pydial.py <train_command>807 :  *** Training complete. log: env6-LAP-tau_nodrop_sort_noinco_4020_250100-seed3-30.1-10.train.log - final policy is env6-LAP-tau_nodrop_sort_noinco_4020_250100-30-10
