RESULTS:: 02:32:13: root                                   pydial.py <train_command>791 :  List of domains: SFRestaurants
RESULTS:: 02:32:13: root                                      pydial.py <trainBatch>409 :  *** Training Iteration env4-SFR-tau_nodrop_sort_noinco_4020_250100-seed3-15.0->env4-SFR-tau_nodrop_sort_noinco_4020_250100-seed3-15.1: iter=0, error-rate=15, num-dialogs=1000 ***
RESULTS:: 02:58:10: root                               EvaluationManager.py <_prstr>179 :  Results for domain: SFRestaurants --evaluated by: objective success evaluator
RESULTS:: 02:58:10: root                               EvaluationManager.py <_prstr>179 :  # of dialogues  = 1000
RESULTS:: 02:58:10: root                               EvaluationManager.py <_prstr>179 :  Average reward  = 1.27 +- 0.83
RESULTS:: 02:58:10: root                               EvaluationManager.py <_prstr>179 :  Average success = 61.40 +- 3.02
RESULTS:: 02:58:10: root                               EvaluationManager.py <_prstr>179 :  Average turns   = 11.01 +- 0.38
RESULTS:: 02:58:10: root                                   pydial.py <setEvalConfig>470 :  *** Evaluating env4-SFR-tau_nodrop_sort_noinco_4020_250100-seed3-15.1: error-rate=15 num-dialogs=500 ***
RESULTS:: 03:06:28: root                               EvaluationManager.py <_prstr>179 :  Results for domain: SFRestaurants --evaluated by: objective success evaluator
RESULTS:: 03:06:28: root                               EvaluationManager.py <_prstr>179 :  # of dialogues  = 500
RESULTS:: 03:06:28: root                               EvaluationManager.py <_prstr>179 :  Average reward  = 9.62 +- 0.74
RESULTS:: 03:06:28: root                               EvaluationManager.py <_prstr>179 :  Average success = 87.20 +- 2.94
RESULTS:: 03:06:28: root                               EvaluationManager.py <_prstr>179 :  Average turns   = 7.82 +- 0.33
RESULTS:: 03:06:28: root                                   pydial.py <train_command>791 :  List of domains: SFRestaurants
RESULTS:: 03:06:28: root                                      pydial.py <trainBatch>409 :  *** Training Iteration env4-SFR-tau_nodrop_sort_noinco_4020_250100-seed3-15.1->env4-SFR-tau_nodrop_sort_noinco_4020_250100-seed3-15.2: iter=1, error-rate=15, num-dialogs=1000 ***
RESULTS:: 03:31:49: root                               EvaluationManager.py <_prstr>179 :  Results for domain: SFRestaurants --evaluated by: objective success evaluator
RESULTS:: 03:31:49: root                               EvaluationManager.py <_prstr>179 :  # of dialogues  = 1000
RESULTS:: 03:31:49: root                               EvaluationManager.py <_prstr>179 :  Average reward  = 5.91 +- 0.70
RESULTS:: 03:31:49: root                               EvaluationManager.py <_prstr>179 :  Average success = 79.60 +- 2.50
RESULTS:: 03:31:49: root                               EvaluationManager.py <_prstr>179 :  Average turns   = 10.01 +- 0.34
RESULTS:: 03:31:49: root                                   pydial.py <setEvalConfig>470 :  *** Evaluating env4-SFR-tau_nodrop_sort_noinco_4020_250100-seed3-15.2: error-rate=15 num-dialogs=500 ***
RESULTS:: 03:40:09: root                               EvaluationManager.py <_prstr>179 :  Results for domain: SFRestaurants --evaluated by: objective success evaluator
RESULTS:: 03:40:09: root                               EvaluationManager.py <_prstr>179 :  # of dialogues  = 500
RESULTS:: 03:40:09: root                               EvaluationManager.py <_prstr>179 :  Average reward  = 9.88 +- 0.80
RESULTS:: 03:40:09: root                               EvaluationManager.py <_prstr>179 :  Average success = 86.00 +- 3.05
RESULTS:: 03:40:09: root                               EvaluationManager.py <_prstr>179 :  Average turns   = 7.32 +- 0.30
RESULTS:: 03:40:09: root                                   pydial.py <train_command>791 :  List of domains: SFRestaurants
RESULTS:: 03:40:09: root                                      pydial.py <trainBatch>409 :  *** Training Iteration env4-SFR-tau_nodrop_sort_noinco_4020_250100-seed3-15.2->env4-SFR-tau_nodrop_sort_noinco_4020_250100-seed3-15.3: iter=2, error-rate=15, num-dialogs=1000 ***
RESULTS:: 04:04:21: root                               EvaluationManager.py <_prstr>179 :  Results for domain: SFRestaurants --evaluated by: objective success evaluator
RESULTS:: 04:04:21: root                               EvaluationManager.py <_prstr>179 :  # of dialogues  = 1000
RESULTS:: 04:04:21: root                               EvaluationManager.py <_prstr>179 :  Average reward  = 6.57 +- 0.65
RESULTS:: 04:04:21: root                               EvaluationManager.py <_prstr>179 :  Average success = 81.40 +- 2.41
RESULTS:: 04:04:21: root                               EvaluationManager.py <_prstr>179 :  Average turns   = 9.71 +- 0.32
RESULTS:: 04:04:21: root                                   pydial.py <setEvalConfig>470 :  *** Evaluating env4-SFR-tau_nodrop_sort_noinco_4020_250100-seed3-15.3: error-rate=15 num-dialogs=500 ***
RESULTS:: 04:14:37: root                               EvaluationManager.py <_prstr>179 :  Results for domain: SFRestaurants --evaluated by: objective success evaluator
RESULTS:: 04:14:37: root                               EvaluationManager.py <_prstr>179 :  # of dialogues  = 500
RESULTS:: 04:14:37: root                               EvaluationManager.py <_prstr>179 :  Average reward  = 8.72 +- 0.86
RESULTS:: 04:14:37: root                               EvaluationManager.py <_prstr>179 :  Average success = 88.40 +- 2.81
RESULTS:: 04:14:37: root                               EvaluationManager.py <_prstr>179 :  Average turns   = 8.96 +- 0.46
RESULTS:: 04:14:37: root                                   pydial.py <train_command>791 :  List of domains: SFRestaurants
RESULTS:: 04:14:37: root                                      pydial.py <trainBatch>409 :  *** Training Iteration env4-SFR-tau_nodrop_sort_noinco_4020_250100-seed3-15.3->env4-SFR-tau_nodrop_sort_noinco_4020_250100-seed3-15.4: iter=3, error-rate=15, num-dialogs=1000 ***
RESULTS:: 04:38:12: root                               EvaluationManager.py <_prstr>179 :  Results for domain: SFRestaurants --evaluated by: objective success evaluator
RESULTS:: 04:38:12: root                               EvaluationManager.py <_prstr>179 :  # of dialogues  = 1000
RESULTS:: 04:38:12: root                               EvaluationManager.py <_prstr>179 :  Average reward  = 7.67 +- 0.61
RESULTS:: 04:38:12: root                               EvaluationManager.py <_prstr>179 :  Average success = 85.90 +- 2.16
RESULTS:: 04:38:12: root                               EvaluationManager.py <_prstr>179 :  Average turns   = 9.51 +- 0.31
RESULTS:: 04:38:12: root                                   pydial.py <setEvalConfig>470 :  *** Evaluating env4-SFR-tau_nodrop_sort_noinco_4020_250100-seed3-15.4: error-rate=15 num-dialogs=500 ***
RESULTS:: 04:46:37: root                               EvaluationManager.py <_prstr>179 :  Results for domain: SFRestaurants --evaluated by: objective success evaluator
RESULTS:: 04:46:37: root                               EvaluationManager.py <_prstr>179 :  # of dialogues  = 500
RESULTS:: 04:46:37: root                               EvaluationManager.py <_prstr>179 :  Average reward  = 8.77 +- 0.80
RESULTS:: 04:46:37: root                               EvaluationManager.py <_prstr>179 :  Average success = 80.40 +- 3.49
RESULTS:: 04:46:37: root                               EvaluationManager.py <_prstr>179 :  Average turns   = 7.31 +- 0.31
RESULTS:: 04:46:37: root                                   pydial.py <train_command>791 :  List of domains: SFRestaurants
RESULTS:: 04:46:37: root                                      pydial.py <trainBatch>409 :  *** Training Iteration env4-SFR-tau_nodrop_sort_noinco_4020_250100-seed3-15.4->env4-SFR-tau_nodrop_sort_noinco_4020_250100-seed3-15.5: iter=4, error-rate=15, num-dialogs=1000 ***
RESULTS:: 05:10:43: root                               EvaluationManager.py <_prstr>179 :  Results for domain: SFRestaurants --evaluated by: objective success evaluator
RESULTS:: 05:10:43: root                               EvaluationManager.py <_prstr>179 :  # of dialogues  = 1000
RESULTS:: 05:10:43: root                               EvaluationManager.py <_prstr>179 :  Average reward  = 6.79 +- 0.65
RESULTS:: 05:10:43: root                               EvaluationManager.py <_prstr>179 :  Average success = 82.80 +- 2.34
RESULTS:: 05:10:43: root                               EvaluationManager.py <_prstr>179 :  Average turns   = 9.77 +- 0.33
RESULTS:: 05:10:43: root                                   pydial.py <setEvalConfig>470 :  *** Evaluating env4-SFR-tau_nodrop_sort_noinco_4020_250100-seed3-15.5: error-rate=15 num-dialogs=500 ***
RESULTS:: 05:19:43: root                               EvaluationManager.py <_prstr>179 :  Results for domain: SFRestaurants --evaluated by: objective success evaluator
RESULTS:: 05:19:43: root                               EvaluationManager.py <_prstr>179 :  # of dialogues  = 500
RESULTS:: 05:19:43: root                               EvaluationManager.py <_prstr>179 :  Average reward  = 9.20 +- 0.77
RESULTS:: 05:19:43: root                               EvaluationManager.py <_prstr>179 :  Average success = 85.80 +- 3.07
RESULTS:: 05:19:43: root                               EvaluationManager.py <_prstr>179 :  Average turns   = 7.96 +- 0.32
RESULTS:: 05:19:43: root                                   pydial.py <train_command>791 :  List of domains: SFRestaurants
RESULTS:: 05:19:43: root                                      pydial.py <trainBatch>409 :  *** Training Iteration env4-SFR-tau_nodrop_sort_noinco_4020_250100-seed3-15.5->env4-SFR-tau_nodrop_sort_noinco_4020_250100-seed3-15.6: iter=5, error-rate=15, num-dialogs=1000 ***
RESULTS:: 05:44:31: root                               EvaluationManager.py <_prstr>179 :  Results for domain: SFRestaurants --evaluated by: objective success evaluator
RESULTS:: 05:44:31: root                               EvaluationManager.py <_prstr>179 :  # of dialogues  = 1000
RESULTS:: 05:44:31: root                               EvaluationManager.py <_prstr>179 :  Average reward  = 6.43 +- 0.65
RESULTS:: 05:44:31: root                               EvaluationManager.py <_prstr>179 :  Average success = 82.30 +- 2.37
RESULTS:: 05:44:31: root                               EvaluationManager.py <_prstr>179 :  Average turns   = 10.03 +- 0.33
RESULTS:: 05:44:31: root                                   pydial.py <setEvalConfig>470 :  *** Evaluating env4-SFR-tau_nodrop_sort_noinco_4020_250100-seed3-15.6: error-rate=15 num-dialogs=500 ***
RESULTS:: 05:53:38: root                               EvaluationManager.py <_prstr>179 :  Results for domain: SFRestaurants --evaluated by: objective success evaluator
RESULTS:: 05:53:38: root                               EvaluationManager.py <_prstr>179 :  # of dialogues  = 500
RESULTS:: 05:53:38: root                               EvaluationManager.py <_prstr>179 :  Average reward  = 8.71 +- 0.76
RESULTS:: 05:53:38: root                               EvaluationManager.py <_prstr>179 :  Average success = 84.00 +- 3.22
RESULTS:: 05:53:38: root                               EvaluationManager.py <_prstr>179 :  Average turns   = 8.09 +- 0.33
RESULTS:: 05:53:38: root                                   pydial.py <train_command>791 :  List of domains: SFRestaurants
RESULTS:: 05:53:38: root                                      pydial.py <trainBatch>409 :  *** Training Iteration env4-SFR-tau_nodrop_sort_noinco_4020_250100-seed3-15.6->env4-SFR-tau_nodrop_sort_noinco_4020_250100-seed3-15.7: iter=6, error-rate=15, num-dialogs=1000 ***
RESULTS:: 06:17:46: root                               EvaluationManager.py <_prstr>179 :  Results for domain: SFRestaurants --evaluated by: objective success evaluator
RESULTS:: 06:17:46: root                               EvaluationManager.py <_prstr>179 :  # of dialogues  = 1000
RESULTS:: 06:17:46: root                               EvaluationManager.py <_prstr>179 :  Average reward  = 7.59 +- 0.61
RESULTS:: 06:17:46: root                               EvaluationManager.py <_prstr>179 :  Average success = 86.70 +- 2.11
RESULTS:: 06:17:46: root                               EvaluationManager.py <_prstr>179 :  Average turns   = 9.75 +- 0.33
RESULTS:: 06:17:46: root                                   pydial.py <setEvalConfig>470 :  *** Evaluating env4-SFR-tau_nodrop_sort_noinco_4020_250100-seed3-15.7: error-rate=15 num-dialogs=500 ***
RESULTS:: 06:25:31: root                               EvaluationManager.py <_prstr>179 :  Results for domain: SFRestaurants --evaluated by: objective success evaluator
RESULTS:: 06:25:31: root                               EvaluationManager.py <_prstr>179 :  # of dialogues  = 500
RESULTS:: 06:25:31: root                               EvaluationManager.py <_prstr>179 :  Average reward  = 11.22 +- 0.63
RESULTS:: 06:25:31: root                               EvaluationManager.py <_prstr>179 :  Average success = 90.40 +- 2.59
RESULTS:: 06:25:31: root                               EvaluationManager.py <_prstr>179 :  Average turns   = 6.86 +- 0.26
RESULTS:: 06:25:31: root                                   pydial.py <train_command>791 :  List of domains: SFRestaurants
RESULTS:: 06:25:31: root                                      pydial.py <trainBatch>409 :  *** Training Iteration env4-SFR-tau_nodrop_sort_noinco_4020_250100-seed3-15.7->env4-SFR-tau_nodrop_sort_noinco_4020_250100-seed3-15.8: iter=7, error-rate=15, num-dialogs=1000 ***
RESULTS:: 06:49:26: root                               EvaluationManager.py <_prstr>179 :  Results for domain: SFRestaurants --evaluated by: objective success evaluator
RESULTS:: 06:49:26: root                               EvaluationManager.py <_prstr>179 :  # of dialogues  = 1000
RESULTS:: 06:49:26: root                               EvaluationManager.py <_prstr>179 :  Average reward  = 6.99 +- 0.65
RESULTS:: 06:49:26: root                               EvaluationManager.py <_prstr>179 :  Average success = 83.20 +- 2.32
RESULTS:: 06:49:26: root                               EvaluationManager.py <_prstr>179 :  Average turns   = 9.65 +- 0.32
RESULTS:: 06:49:26: root                                   pydial.py <setEvalConfig>470 :  *** Evaluating env4-SFR-tau_nodrop_sort_noinco_4020_250100-seed3-15.8: error-rate=15 num-dialogs=500 ***
RESULTS:: 06:57:37: root                               EvaluationManager.py <_prstr>179 :  Results for domain: SFRestaurants --evaluated by: objective success evaluator
RESULTS:: 06:57:37: root                               EvaluationManager.py <_prstr>179 :  # of dialogues  = 500
RESULTS:: 06:57:37: root                               EvaluationManager.py <_prstr>179 :  Average reward  = 10.37 +- 0.69
RESULTS:: 06:57:37: root                               EvaluationManager.py <_prstr>179 :  Average success = 87.40 +- 2.92
RESULTS:: 06:57:37: root                               EvaluationManager.py <_prstr>179 :  Average turns   = 7.11 +- 0.28
RESULTS:: 06:57:37: root                                   pydial.py <train_command>791 :  List of domains: SFRestaurants
RESULTS:: 06:57:37: root                                      pydial.py <trainBatch>409 :  *** Training Iteration env4-SFR-tau_nodrop_sort_noinco_4020_250100-seed3-15.8->env4-SFR-tau_nodrop_sort_noinco_4020_250100-seed3-15.9: iter=8, error-rate=15, num-dialogs=1000 ***
RESULTS:: 07:21:40: root                               EvaluationManager.py <_prstr>179 :  Results for domain: SFRestaurants --evaluated by: objective success evaluator
RESULTS:: 07:21:40: root                               EvaluationManager.py <_prstr>179 :  # of dialogues  = 1000
RESULTS:: 07:21:40: root                               EvaluationManager.py <_prstr>179 :  Average reward  = 7.17 +- 0.65
RESULTS:: 07:21:40: root                               EvaluationManager.py <_prstr>179 :  Average success = 84.30 +- 2.26
RESULTS:: 07:21:40: root                               EvaluationManager.py <_prstr>179 :  Average turns   = 9.70 +- 0.33
RESULTS:: 07:21:40: root                                   pydial.py <setEvalConfig>470 :  *** Evaluating env4-SFR-tau_nodrop_sort_noinco_4020_250100-seed3-15.9: error-rate=15 num-dialogs=500 ***
RESULTS:: 07:31:48: root                               EvaluationManager.py <_prstr>179 :  Results for domain: SFRestaurants --evaluated by: objective success evaluator
RESULTS:: 07:31:48: root                               EvaluationManager.py <_prstr>179 :  # of dialogues  = 500
RESULTS:: 07:31:48: root                               EvaluationManager.py <_prstr>179 :  Average reward  = 8.35 +- 0.89
RESULTS:: 07:31:48: root                               EvaluationManager.py <_prstr>179 :  Average success = 87.00 +- 2.95
RESULTS:: 07:31:48: root                               EvaluationManager.py <_prstr>179 :  Average turns   = 9.05 +- 0.47
RESULTS:: 07:31:48: root                                   pydial.py <train_command>791 :  List of domains: SFRestaurants
RESULTS:: 07:31:48: root                                      pydial.py <trainBatch>409 :  *** Training Iteration env4-SFR-tau_nodrop_sort_noinco_4020_250100-seed3-15.9->env4-SFR-tau_nodrop_sort_noinco_4020_250100-seed3-15.10: iter=9, error-rate=15, num-dialogs=1000 ***
RESULTS:: 07:55:42: root                               EvaluationManager.py <_prstr>179 :  Results for domain: SFRestaurants --evaluated by: objective success evaluator
RESULTS:: 07:55:42: root                               EvaluationManager.py <_prstr>179 :  # of dialogues  = 1000
RESULTS:: 07:55:42: root                               EvaluationManager.py <_prstr>179 :  Average reward  = 7.88 +- 0.58
RESULTS:: 07:55:42: root                               EvaluationManager.py <_prstr>179 :  Average success = 86.60 +- 2.11
RESULTS:: 07:55:42: root                               EvaluationManager.py <_prstr>179 :  Average turns   = 9.44 +- 0.30
RESULTS:: 07:55:42: root                                   pydial.py <setEvalConfig>470 :  *** Evaluating env4-SFR-tau_nodrop_sort_noinco_4020_250100-seed3-15.10: error-rate=15 num-dialogs=500 ***
RESULTS:: 08:05:12: root                               EvaluationManager.py <_prstr>179 :  Results for domain: SFRestaurants --evaluated by: objective success evaluator
RESULTS:: 08:05:12: root                               EvaluationManager.py <_prstr>179 :  # of dialogues  = 500
RESULTS:: 08:05:12: root                               EvaluationManager.py <_prstr>179 :  Average reward  = 9.44 +- 0.77
RESULTS:: 08:05:12: root                               EvaluationManager.py <_prstr>179 :  Average success = 87.00 +- 2.95
RESULTS:: 08:05:12: root                               EvaluationManager.py <_prstr>179 :  Average turns   = 7.96 +- 0.37
RESULTS:: 08:05:12: root                                   pydial.py <train_command>807 :  *** Training complete. log: env4-SFR-tau_nodrop_sort_noinco_4020_250100-seed3-15.1-10.train.log - final policy is env4-SFR-tau_nodrop_sort_noinco_4020_250100-15-10
