RESULTS:: 02:32:10: root                                   pydial.py <train_command>791 :  List of domains: SFRestaurants
RESULTS:: 02:32:10: root                                      pydial.py <trainBatch>409 :  *** Training Iteration env4-SFR-tau_nodrop_sort_noinco_4020_250100-seed2-15.0->env4-SFR-tau_nodrop_sort_noinco_4020_250100-seed2-15.1: iter=0, error-rate=15, num-dialogs=1000 ***
RESULTS:: 02:56:20: root                               EvaluationManager.py <_prstr>179 :  Results for domain: SFRestaurants --evaluated by: objective success evaluator
RESULTS:: 02:56:20: root                               EvaluationManager.py <_prstr>179 :  # of dialogues  = 1000
RESULTS:: 02:56:20: root                               EvaluationManager.py <_prstr>179 :  Average reward  = 3.22 +- 0.79
RESULTS:: 02:56:20: root                               EvaluationManager.py <_prstr>179 :  Average success = 66.20 +- 2.94
RESULTS:: 02:56:20: root                               EvaluationManager.py <_prstr>179 :  Average turns   = 10.02 +- 0.35
RESULTS:: 02:56:20: root                                   pydial.py <setEvalConfig>470 :  *** Evaluating env4-SFR-tau_nodrop_sort_noinco_4020_250100-seed2-15.1: error-rate=15 num-dialogs=500 ***
RESULTS:: 03:04:21: root                               EvaluationManager.py <_prstr>179 :  Results for domain: SFRestaurants --evaluated by: objective success evaluator
RESULTS:: 03:04:21: root                               EvaluationManager.py <_prstr>179 :  # of dialogues  = 500
RESULTS:: 03:04:21: root                               EvaluationManager.py <_prstr>179 :  Average reward  = 8.51 +- 0.84
RESULTS:: 03:04:21: root                               EvaluationManager.py <_prstr>179 :  Average success = 79.20 +- 3.57
RESULTS:: 03:04:21: root                               EvaluationManager.py <_prstr>179 :  Average turns   = 7.33 +- 0.28
RESULTS:: 03:04:21: root                                   pydial.py <train_command>791 :  List of domains: SFRestaurants
RESULTS:: 03:04:21: root                                      pydial.py <trainBatch>409 :  *** Training Iteration env4-SFR-tau_nodrop_sort_noinco_4020_250100-seed2-15.1->env4-SFR-tau_nodrop_sort_noinco_4020_250100-seed2-15.2: iter=1, error-rate=15, num-dialogs=1000 ***
RESULTS:: 03:28:31: root                               EvaluationManager.py <_prstr>179 :  Results for domain: SFRestaurants --evaluated by: objective success evaluator
RESULTS:: 03:28:31: root                               EvaluationManager.py <_prstr>179 :  # of dialogues  = 1000
RESULTS:: 03:28:31: root                               EvaluationManager.py <_prstr>179 :  Average reward  = 6.42 +- 0.68
RESULTS:: 03:28:31: root                               EvaluationManager.py <_prstr>179 :  Average success = 80.10 +- 2.48
RESULTS:: 03:28:31: root                               EvaluationManager.py <_prstr>179 :  Average turns   = 9.60 +- 0.32
RESULTS:: 03:28:31: root                                   pydial.py <setEvalConfig>470 :  *** Evaluating env4-SFR-tau_nodrop_sort_noinco_4020_250100-seed2-15.2: error-rate=15 num-dialogs=500 ***
RESULTS:: 03:37:31: root                               EvaluationManager.py <_prstr>179 :  Results for domain: SFRestaurants --evaluated by: objective success evaluator
RESULTS:: 03:37:31: root                               EvaluationManager.py <_prstr>179 :  # of dialogues  = 500
RESULTS:: 03:37:31: root                               EvaluationManager.py <_prstr>179 :  Average reward  = 10.05 +- 0.71
RESULTS:: 03:37:31: root                               EvaluationManager.py <_prstr>179 :  Average success = 89.00 +- 2.75
RESULTS:: 03:37:31: root                               EvaluationManager.py <_prstr>179 :  Average turns   = 7.75 +- 0.35
RESULTS:: 03:37:31: root                                   pydial.py <train_command>791 :  List of domains: SFRestaurants
RESULTS:: 03:37:31: root                                      pydial.py <trainBatch>409 :  *** Training Iteration env4-SFR-tau_nodrop_sort_noinco_4020_250100-seed2-15.2->env4-SFR-tau_nodrop_sort_noinco_4020_250100-seed2-15.3: iter=2, error-rate=15, num-dialogs=1000 ***
RESULTS:: 04:01:04: root                               EvaluationManager.py <_prstr>179 :  Results for domain: SFRestaurants --evaluated by: objective success evaluator
RESULTS:: 04:01:04: root                               EvaluationManager.py <_prstr>179 :  # of dialogues  = 1000
RESULTS:: 04:01:04: root                               EvaluationManager.py <_prstr>179 :  Average reward  = 6.97 +- 0.67
RESULTS:: 04:01:04: root                               EvaluationManager.py <_prstr>179 :  Average success = 82.20 +- 2.37
RESULTS:: 04:01:04: root                               EvaluationManager.py <_prstr>179 :  Average turns   = 9.47 +- 0.32
RESULTS:: 04:01:04: root                                   pydial.py <setEvalConfig>470 :  *** Evaluating env4-SFR-tau_nodrop_sort_noinco_4020_250100-seed2-15.3: error-rate=15 num-dialogs=500 ***
RESULTS:: 04:10:11: root                               EvaluationManager.py <_prstr>179 :  Results for domain: SFRestaurants --evaluated by: objective success evaluator
RESULTS:: 04:10:11: root                               EvaluationManager.py <_prstr>179 :  # of dialogues  = 500
RESULTS:: 04:10:11: root                               EvaluationManager.py <_prstr>179 :  Average reward  = 7.86 +- 0.91
RESULTS:: 04:10:11: root                               EvaluationManager.py <_prstr>179 :  Average success = 78.60 +- 3.60
RESULTS:: 04:10:11: root                               EvaluationManager.py <_prstr>179 :  Average turns   = 7.86 +- 0.32
RESULTS:: 04:10:11: root                                   pydial.py <train_command>791 :  List of domains: SFRestaurants
RESULTS:: 04:10:11: root                                      pydial.py <trainBatch>409 :  *** Training Iteration env4-SFR-tau_nodrop_sort_noinco_4020_250100-seed2-15.3->env4-SFR-tau_nodrop_sort_noinco_4020_250100-seed2-15.4: iter=3, error-rate=15, num-dialogs=1000 ***
RESULTS:: 04:33:56: root                               EvaluationManager.py <_prstr>179 :  Results for domain: SFRestaurants --evaluated by: objective success evaluator
RESULTS:: 04:33:56: root                               EvaluationManager.py <_prstr>179 :  # of dialogues  = 1000
RESULTS:: 04:33:56: root                               EvaluationManager.py <_prstr>179 :  Average reward  = 6.63 +- 0.66
RESULTS:: 04:33:56: root                               EvaluationManager.py <_prstr>179 :  Average success = 81.90 +- 2.39
RESULTS:: 04:33:56: root                               EvaluationManager.py <_prstr>179 :  Average turns   = 9.75 +- 0.33
RESULTS:: 04:33:56: root                                   pydial.py <setEvalConfig>470 :  *** Evaluating env4-SFR-tau_nodrop_sort_noinco_4020_250100-seed2-15.4: error-rate=15 num-dialogs=500 ***
RESULTS:: 04:43:49: root                               EvaluationManager.py <_prstr>179 :  Results for domain: SFRestaurants --evaluated by: objective success evaluator
RESULTS:: 04:43:49: root                               EvaluationManager.py <_prstr>179 :  # of dialogues  = 500
RESULTS:: 04:43:49: root                               EvaluationManager.py <_prstr>179 :  Average reward  = 7.77 +- 0.92
RESULTS:: 04:43:49: root                               EvaluationManager.py <_prstr>179 :  Average success = 81.40 +- 3.42
RESULTS:: 04:43:49: root                               EvaluationManager.py <_prstr>179 :  Average turns   = 8.51 +- 0.42
RESULTS:: 04:43:49: root                                   pydial.py <train_command>791 :  List of domains: SFRestaurants
RESULTS:: 04:43:49: root                                      pydial.py <trainBatch>409 :  *** Training Iteration env4-SFR-tau_nodrop_sort_noinco_4020_250100-seed2-15.4->env4-SFR-tau_nodrop_sort_noinco_4020_250100-seed2-15.5: iter=4, error-rate=15, num-dialogs=1000 ***
RESULTS:: 05:08:18: root                               EvaluationManager.py <_prstr>179 :  Results for domain: SFRestaurants --evaluated by: objective success evaluator
RESULTS:: 05:08:18: root                               EvaluationManager.py <_prstr>179 :  # of dialogues  = 1000
RESULTS:: 05:08:18: root                               EvaluationManager.py <_prstr>179 :  Average reward  = 7.12 +- 0.65
RESULTS:: 05:08:18: root                               EvaluationManager.py <_prstr>179 :  Average success = 85.10 +- 2.21
RESULTS:: 05:08:18: root                               EvaluationManager.py <_prstr>179 :  Average turns   = 9.90 +- 0.34
RESULTS:: 05:08:18: root                                   pydial.py <setEvalConfig>470 :  *** Evaluating env4-SFR-tau_nodrop_sort_noinco_4020_250100-seed2-15.5: error-rate=15 num-dialogs=500 ***
RESULTS:: 05:17:14: root                               EvaluationManager.py <_prstr>179 :  Results for domain: SFRestaurants --evaluated by: objective success evaluator
RESULTS:: 05:17:14: root                               EvaluationManager.py <_prstr>179 :  # of dialogues  = 500
RESULTS:: 05:17:14: root                               EvaluationManager.py <_prstr>179 :  Average reward  = 8.03 +- 0.87
RESULTS:: 05:17:14: root                               EvaluationManager.py <_prstr>179 :  Average success = 79.40 +- 3.55
RESULTS:: 05:17:14: root                               EvaluationManager.py <_prstr>179 :  Average turns   = 7.85 +- 0.31
RESULTS:: 05:17:14: root                                   pydial.py <train_command>791 :  List of domains: SFRestaurants
RESULTS:: 05:17:14: root                                      pydial.py <trainBatch>409 :  *** Training Iteration env4-SFR-tau_nodrop_sort_noinco_4020_250100-seed2-15.5->env4-SFR-tau_nodrop_sort_noinco_4020_250100-seed2-15.6: iter=5, error-rate=15, num-dialogs=1000 ***
RESULTS:: 05:40:51: root                               EvaluationManager.py <_prstr>179 :  Results for domain: SFRestaurants --evaluated by: objective success evaluator
RESULTS:: 05:40:51: root                               EvaluationManager.py <_prstr>179 :  # of dialogues  = 1000
RESULTS:: 05:40:51: root                               EvaluationManager.py <_prstr>179 :  Average reward  = 6.90 +- 0.63
RESULTS:: 05:40:51: root                               EvaluationManager.py <_prstr>179 :  Average success = 81.70 +- 2.40
RESULTS:: 05:40:51: root                               EvaluationManager.py <_prstr>179 :  Average turns   = 9.44 +- 0.30
RESULTS:: 05:40:51: root                                   pydial.py <setEvalConfig>470 :  *** Evaluating env4-SFR-tau_nodrop_sort_noinco_4020_250100-seed2-15.6: error-rate=15 num-dialogs=500 ***
RESULTS:: 05:50:17: root                               EvaluationManager.py <_prstr>179 :  Results for domain: SFRestaurants --evaluated by: objective success evaluator
RESULTS:: 05:50:17: root                               EvaluationManager.py <_prstr>179 :  # of dialogues  = 500
RESULTS:: 05:50:17: root                               EvaluationManager.py <_prstr>179 :  Average reward  = 5.66 +- 0.98
RESULTS:: 05:50:17: root                               EvaluationManager.py <_prstr>179 :  Average success = 69.80 +- 4.03
RESULTS:: 05:50:17: root                               EvaluationManager.py <_prstr>179 :  Average turns   = 8.30 +- 0.39
RESULTS:: 05:50:17: root                                   pydial.py <train_command>791 :  List of domains: SFRestaurants
RESULTS:: 05:50:17: root                                      pydial.py <trainBatch>409 :  *** Training Iteration env4-SFR-tau_nodrop_sort_noinco_4020_250100-seed2-15.6->env4-SFR-tau_nodrop_sort_noinco_4020_250100-seed2-15.7: iter=6, error-rate=15, num-dialogs=1000 ***
RESULTS:: 06:14:30: root                               EvaluationManager.py <_prstr>179 :  Results for domain: SFRestaurants --evaluated by: objective success evaluator
RESULTS:: 06:14:30: root                               EvaluationManager.py <_prstr>179 :  # of dialogues  = 1000
RESULTS:: 06:14:30: root                               EvaluationManager.py <_prstr>179 :  Average reward  = 6.59 +- 0.66
RESULTS:: 06:14:30: root                               EvaluationManager.py <_prstr>179 :  Average success = 81.60 +- 2.40
RESULTS:: 06:14:30: root                               EvaluationManager.py <_prstr>179 :  Average turns   = 9.73 +- 0.33
RESULTS:: 06:14:30: root                                   pydial.py <setEvalConfig>470 :  *** Evaluating env4-SFR-tau_nodrop_sort_noinco_4020_250100-seed2-15.7: error-rate=15 num-dialogs=500 ***
RESULTS:: 06:22:42: root                               EvaluationManager.py <_prstr>179 :  Results for domain: SFRestaurants --evaluated by: objective success evaluator
RESULTS:: 06:22:42: root                               EvaluationManager.py <_prstr>179 :  # of dialogues  = 500
RESULTS:: 06:22:42: root                               EvaluationManager.py <_prstr>179 :  Average reward  = 11.08 +- 0.60
RESULTS:: 06:22:42: root                               EvaluationManager.py <_prstr>179 :  Average success = 92.20 +- 2.36
RESULTS:: 06:22:42: root                               EvaluationManager.py <_prstr>179 :  Average turns   = 7.36 +- 0.30
RESULTS:: 06:22:42: root                                   pydial.py <train_command>791 :  List of domains: SFRestaurants
RESULTS:: 06:22:42: root                                      pydial.py <trainBatch>409 :  *** Training Iteration env4-SFR-tau_nodrop_sort_noinco_4020_250100-seed2-15.7->env4-SFR-tau_nodrop_sort_noinco_4020_250100-seed2-15.8: iter=7, error-rate=15, num-dialogs=1000 ***
RESULTS:: 06:47:26: root                               EvaluationManager.py <_prstr>179 :  Results for domain: SFRestaurants --evaluated by: objective success evaluator
RESULTS:: 06:47:26: root                               EvaluationManager.py <_prstr>179 :  # of dialogues  = 1000
RESULTS:: 06:47:26: root                               EvaluationManager.py <_prstr>179 :  Average reward  = 6.05 +- 0.70
RESULTS:: 06:47:26: root                               EvaluationManager.py <_prstr>179 :  Average success = 80.40 +- 2.46
RESULTS:: 06:47:26: root                               EvaluationManager.py <_prstr>179 :  Average turns   = 10.03 +- 0.34
RESULTS:: 06:47:26: root                                   pydial.py <setEvalConfig>470 :  *** Evaluating env4-SFR-tau_nodrop_sort_noinco_4020_250100-seed2-15.8: error-rate=15 num-dialogs=500 ***
RESULTS:: 06:56:05: root                               EvaluationManager.py <_prstr>179 :  Results for domain: SFRestaurants --evaluated by: objective success evaluator
RESULTS:: 06:56:05: root                               EvaluationManager.py <_prstr>179 :  # of dialogues  = 500
RESULTS:: 06:56:05: root                               EvaluationManager.py <_prstr>179 :  Average reward  = 10.45 +- 0.68
RESULTS:: 06:56:05: root                               EvaluationManager.py <_prstr>179 :  Average success = 89.80 +- 2.66
RESULTS:: 06:56:05: root                               EvaluationManager.py <_prstr>179 :  Average turns   = 7.51 +- 0.31
RESULTS:: 06:56:05: root                                   pydial.py <train_command>791 :  List of domains: SFRestaurants
RESULTS:: 06:56:05: root                                      pydial.py <trainBatch>409 :  *** Training Iteration env4-SFR-tau_nodrop_sort_noinco_4020_250100-seed2-15.8->env4-SFR-tau_nodrop_sort_noinco_4020_250100-seed2-15.9: iter=8, error-rate=15, num-dialogs=1000 ***
RESULTS:: 07:20:51: root                               EvaluationManager.py <_prstr>179 :  Results for domain: SFRestaurants --evaluated by: objective success evaluator
RESULTS:: 07:20:51: root                               EvaluationManager.py <_prstr>179 :  # of dialogues  = 1000
RESULTS:: 07:20:51: root                               EvaluationManager.py <_prstr>179 :  Average reward  = 6.03 +- 0.71
RESULTS:: 07:20:51: root                               EvaluationManager.py <_prstr>179 :  Average success = 80.80 +- 2.44
RESULTS:: 07:20:51: root                               EvaluationManager.py <_prstr>179 :  Average turns   = 10.13 +- 0.35
RESULTS:: 07:20:51: root                                   pydial.py <setEvalConfig>470 :  *** Evaluating env4-SFR-tau_nodrop_sort_noinco_4020_250100-seed2-15.9: error-rate=15 num-dialogs=500 ***
RESULTS:: 07:30:21: root                               EvaluationManager.py <_prstr>179 :  Results for domain: SFRestaurants --evaluated by: objective success evaluator
RESULTS:: 07:30:21: root                               EvaluationManager.py <_prstr>179 :  # of dialogues  = 500
RESULTS:: 07:30:21: root                               EvaluationManager.py <_prstr>179 :  Average reward  = 9.29 +- 0.80
RESULTS:: 07:30:21: root                               EvaluationManager.py <_prstr>179 :  Average success = 88.20 +- 2.83
RESULTS:: 07:30:21: root                               EvaluationManager.py <_prstr>179 :  Average turns   = 8.35 +- 0.38
RESULTS:: 07:30:21: root                                   pydial.py <train_command>791 :  List of domains: SFRestaurants
RESULTS:: 07:30:21: root                                      pydial.py <trainBatch>409 :  *** Training Iteration env4-SFR-tau_nodrop_sort_noinco_4020_250100-seed2-15.9->env4-SFR-tau_nodrop_sort_noinco_4020_250100-seed2-15.10: iter=9, error-rate=15, num-dialogs=1000 ***
RESULTS:: 07:55:05: root                               EvaluationManager.py <_prstr>179 :  Results for domain: SFRestaurants --evaluated by: objective success evaluator
RESULTS:: 07:55:05: root                               EvaluationManager.py <_prstr>179 :  # of dialogues  = 1000
RESULTS:: 07:55:05: root                               EvaluationManager.py <_prstr>179 :  Average reward  = 7.02 +- 0.64
RESULTS:: 07:55:05: root                               EvaluationManager.py <_prstr>179 :  Average success = 84.20 +- 2.26
RESULTS:: 07:55:05: root                               EvaluationManager.py <_prstr>179 :  Average turns   = 9.82 +- 0.33
RESULTS:: 07:55:05: root                                   pydial.py <setEvalConfig>470 :  *** Evaluating env4-SFR-tau_nodrop_sort_noinco_4020_250100-seed2-15.10: error-rate=15 num-dialogs=500 ***
RESULTS:: 08:04:01: root                               EvaluationManager.py <_prstr>179 :  Results for domain: SFRestaurants --evaluated by: objective success evaluator
RESULTS:: 08:04:01: root                               EvaluationManager.py <_prstr>179 :  # of dialogues  = 500
RESULTS:: 08:04:01: root                               EvaluationManager.py <_prstr>179 :  Average reward  = 7.59 +- 0.82
RESULTS:: 08:04:01: root                               EvaluationManager.py <_prstr>179 :  Average success = 76.80 +- 3.71
RESULTS:: 08:04:01: root                               EvaluationManager.py <_prstr>179 :  Average turns   = 7.77 +- 0.30
RESULTS:: 08:04:01: root                                   pydial.py <train_command>807 :  *** Training complete. log: env4-SFR-tau_nodrop_sort_noinco_4020_250100-seed2-15.1-10.train.log - final policy is env4-SFR-tau_nodrop_sort_noinco_4020_250100-15-10
