RESULTS:: 10:59:50: root                                   pydial.py <train_command>791 :  List of domains: Laptops11
RESULTS:: 10:59:50: root                                      pydial.py <trainBatch>409 :  *** Training Iteration env1-LAP-tau_nodrop_noinco_sort_sharelast_4020_250100_shpr_1716-seed8-00.0->env1-LAP-tau_nodrop_noinco_sort_sharelast_4020_250100_shpr_1716-seed8-00.1: iter=0, error-rate=0, num-dialogs=1000 ***
RESULTS:: 11:29:13: root                               EvaluationManager.py <_prstr>179 :  Results for domain: Laptops11 --evaluated by: objective success evaluator
RESULTS:: 11:29:13: root                               EvaluationManager.py <_prstr>179 :  # of dialogues  = 1000
RESULTS:: 11:29:13: root                               EvaluationManager.py <_prstr>179 :  Average reward  = 7.65 +- 0.59
RESULTS:: 11:29:13: root                               EvaluationManager.py <_prstr>179 :  Average success = 85.20 +- 2.20
RESULTS:: 11:29:13: root                               EvaluationManager.py <_prstr>179 :  Average turns   = 9.39 +- 0.27
RESULTS:: 11:29:13: root                                   pydial.py <setEvalConfig>470 :  *** Evaluating env1-LAP-tau_nodrop_noinco_sort_sharelast_4020_250100_shpr_1716-seed8-00.1: error-rate=0 num-dialogs=500 ***
RESULTS:: 11:39:46: root                               EvaluationManager.py <_prstr>179 :  Results for domain: Laptops11 --evaluated by: objective success evaluator
RESULTS:: 11:39:46: root                               EvaluationManager.py <_prstr>179 :  # of dialogues  = 500
RESULTS:: 11:39:46: root                               EvaluationManager.py <_prstr>179 :  Average reward  = 11.63 +- 0.49
RESULTS:: 11:39:46: root                               EvaluationManager.py <_prstr>179 :  Average success = 94.00 +- 2.09
RESULTS:: 11:39:46: root                               EvaluationManager.py <_prstr>179 :  Average turns   = 7.17 +- 0.22
RESULTS:: 11:39:46: root                                   pydial.py <train_command>791 :  List of domains: Laptops11
RESULTS:: 11:39:46: root                                      pydial.py <trainBatch>409 :  *** Training Iteration env1-LAP-tau_nodrop_noinco_sort_sharelast_4020_250100_shpr_1716-seed8-00.1->env1-LAP-tau_nodrop_noinco_sort_sharelast_4020_250100_shpr_1716-seed8-00.2: iter=1, error-rate=0, num-dialogs=1000 ***
RESULTS:: 12:23:53: root                               EvaluationManager.py <_prstr>179 :  Results for domain: Laptops11 --evaluated by: objective success evaluator
RESULTS:: 12:23:53: root                               EvaluationManager.py <_prstr>179 :  # of dialogues  = 1000
RESULTS:: 12:23:53: root                               EvaluationManager.py <_prstr>179 :  Average reward  = 9.30 +- 0.44
RESULTS:: 12:23:53: root                               EvaluationManager.py <_prstr>179 :  Average success = 91.50 +- 1.73
RESULTS:: 12:23:53: root                               EvaluationManager.py <_prstr>179 :  Average turns   = 9.00 +- 0.24
RESULTS:: 12:23:53: root                                   pydial.py <setEvalConfig>470 :  *** Evaluating env1-LAP-tau_nodrop_noinco_sort_sharelast_4020_250100_shpr_1716-seed8-00.2: error-rate=0 num-dialogs=500 ***
RESULTS:: 12:52:43: root                               EvaluationManager.py <_prstr>179 :  Results for domain: Laptops11 --evaluated by: objective success evaluator
RESULTS:: 12:52:43: root                               EvaluationManager.py <_prstr>179 :  # of dialogues  = 500
RESULTS:: 12:52:43: root                               EvaluationManager.py <_prstr>179 :  Average reward  = 7.57 +- 0.85
RESULTS:: 12:52:43: root                               EvaluationManager.py <_prstr>179 :  Average success = 75.60 +- 3.77
RESULTS:: 12:52:43: root                               EvaluationManager.py <_prstr>179 :  Average turns   = 7.55 +- 0.24
RESULTS:: 12:52:43: root                                   pydial.py <train_command>791 :  List of domains: Laptops11
RESULTS:: 12:52:43: root                                      pydial.py <trainBatch>409 :  *** Training Iteration env1-LAP-tau_nodrop_noinco_sort_sharelast_4020_250100_shpr_1716-seed8-00.2->env1-LAP-tau_nodrop_noinco_sort_sharelast_4020_250100_shpr_1716-seed8-00.3: iter=2, error-rate=0, num-dialogs=1000 ***
RESULTS:: 13:22:11: root                               EvaluationManager.py <_prstr>179 :  Results for domain: Laptops11 --evaluated by: objective success evaluator
RESULTS:: 13:22:11: root                               EvaluationManager.py <_prstr>179 :  # of dialogues  = 1000
RESULTS:: 13:22:11: root                               EvaluationManager.py <_prstr>179 :  Average reward  = 9.73 +- 0.46
RESULTS:: 13:22:11: root                               EvaluationManager.py <_prstr>179 :  Average success = 92.60 +- 1.62
RESULTS:: 13:22:11: root                               EvaluationManager.py <_prstr>179 :  Average turns   = 8.79 +- 0.25
RESULTS:: 13:22:11: root                                   pydial.py <setEvalConfig>470 :  *** Evaluating env1-LAP-tau_nodrop_noinco_sort_sharelast_4020_250100_shpr_1716-seed8-00.3: error-rate=0 num-dialogs=500 ***
RESULTS:: 13:33:23: root                               EvaluationManager.py <_prstr>179 :  Results for domain: Laptops11 --evaluated by: objective success evaluator
RESULTS:: 13:33:23: root                               EvaluationManager.py <_prstr>179 :  # of dialogues  = 500
RESULTS:: 13:33:23: root                               EvaluationManager.py <_prstr>179 :  Average reward  = 10.74 +- 0.62
RESULTS:: 13:33:23: root                               EvaluationManager.py <_prstr>179 :  Average success = 91.80 +- 2.41
RESULTS:: 13:33:23: root                               EvaluationManager.py <_prstr>179 :  Average turns   = 7.62 +- 0.31
RESULTS:: 13:33:23: root                                   pydial.py <train_command>791 :  List of domains: Laptops11
RESULTS:: 13:33:23: root                                      pydial.py <trainBatch>409 :  *** Training Iteration env1-LAP-tau_nodrop_noinco_sort_sharelast_4020_250100_shpr_1716-seed8-00.3->env1-LAP-tau_nodrop_noinco_sort_sharelast_4020_250100_shpr_1716-seed8-00.4: iter=3, error-rate=0, num-dialogs=1000 ***
RESULTS:: 14:01:06: root                               EvaluationManager.py <_prstr>179 :  Results for domain: Laptops11 --evaluated by: objective success evaluator
RESULTS:: 14:01:06: root                               EvaluationManager.py <_prstr>179 :  # of dialogues  = 1000
RESULTS:: 14:01:06: root                               EvaluationManager.py <_prstr>179 :  Average reward  = 8.81 +- 0.49
RESULTS:: 14:01:06: root                               EvaluationManager.py <_prstr>179 :  Average success = 88.40 +- 1.99
RESULTS:: 14:01:06: root                               EvaluationManager.py <_prstr>179 :  Average turns   = 8.87 +- 0.24
RESULTS:: 14:01:06: root                                   pydial.py <setEvalConfig>470 :  *** Evaluating env1-LAP-tau_nodrop_noinco_sort_sharelast_4020_250100_shpr_1716-seed8-00.4: error-rate=0 num-dialogs=500 ***
RESULTS:: 14:12:58: root                               EvaluationManager.py <_prstr>179 :  Results for domain: Laptops11 --evaluated by: objective success evaluator
RESULTS:: 14:12:58: root                               EvaluationManager.py <_prstr>179 :  # of dialogues  = 500
RESULTS:: 14:12:58: root                               EvaluationManager.py <_prstr>179 :  Average reward  = 11.34 +- 0.50
RESULTS:: 14:12:58: root                               EvaluationManager.py <_prstr>179 :  Average success = 96.00 +- 1.72
RESULTS:: 14:12:58: root                               EvaluationManager.py <_prstr>179 :  Average turns   = 7.86 +- 0.29
RESULTS:: 14:12:58: root                                   pydial.py <train_command>791 :  List of domains: Laptops11
RESULTS:: 14:12:58: root                                      pydial.py <trainBatch>409 :  *** Training Iteration env1-LAP-tau_nodrop_noinco_sort_sharelast_4020_250100_shpr_1716-seed8-00.4->env1-LAP-tau_nodrop_noinco_sort_sharelast_4020_250100_shpr_1716-seed8-00.5: iter=4, error-rate=0, num-dialogs=1000 ***
RESULTS:: 14:42:35: root                               EvaluationManager.py <_prstr>179 :  Results for domain: Laptops11 --evaluated by: objective success evaluator
RESULTS:: 14:42:35: root                               EvaluationManager.py <_prstr>179 :  # of dialogues  = 1000
RESULTS:: 14:42:35: root                               EvaluationManager.py <_prstr>179 :  Average reward  = 9.39 +- 0.46
RESULTS:: 14:42:35: root                               EvaluationManager.py <_prstr>179 :  Average success = 90.80 +- 1.79
RESULTS:: 14:42:35: root                               EvaluationManager.py <_prstr>179 :  Average turns   = 8.77 +- 0.24
RESULTS:: 14:42:35: root                                   pydial.py <setEvalConfig>470 :  *** Evaluating env1-LAP-tau_nodrop_noinco_sort_sharelast_4020_250100_shpr_1716-seed8-00.5: error-rate=0 num-dialogs=500 ***
RESULTS:: 14:52:58: root                               EvaluationManager.py <_prstr>179 :  Results for domain: Laptops11 --evaluated by: objective success evaluator
RESULTS:: 14:52:58: root                               EvaluationManager.py <_prstr>179 :  # of dialogues  = 500
RESULTS:: 14:52:58: root                               EvaluationManager.py <_prstr>179 :  Average reward  = 3.95 +- 0.91
RESULTS:: 14:52:58: root                               EvaluationManager.py <_prstr>179 :  Average success = 51.40 +- 4.39
RESULTS:: 14:52:58: root                               EvaluationManager.py <_prstr>179 :  Average turns   = 6.33 +- 0.14
RESULTS:: 14:52:58: root                                   pydial.py <train_command>791 :  List of domains: Laptops11
RESULTS:: 14:52:58: root                                      pydial.py <trainBatch>409 :  *** Training Iteration env1-LAP-tau_nodrop_noinco_sort_sharelast_4020_250100_shpr_1716-seed8-00.5->env1-LAP-tau_nodrop_noinco_sort_sharelast_4020_250100_shpr_1716-seed8-00.6: iter=5, error-rate=0, num-dialogs=1000 ***
RESULTS:: 15:20:42: root                               EvaluationManager.py <_prstr>179 :  Results for domain: Laptops11 --evaluated by: objective success evaluator
RESULTS:: 15:20:42: root                               EvaluationManager.py <_prstr>179 :  # of dialogues  = 1000
RESULTS:: 15:20:42: root                               EvaluationManager.py <_prstr>179 :  Average reward  = 9.50 +- 0.46
RESULTS:: 15:20:42: root                               EvaluationManager.py <_prstr>179 :  Average success = 90.80 +- 1.79
RESULTS:: 15:20:42: root                               EvaluationManager.py <_prstr>179 :  Average turns   = 8.66 +- 0.24
RESULTS:: 15:20:42: root                                   pydial.py <setEvalConfig>470 :  *** Evaluating env1-LAP-tau_nodrop_noinco_sort_sharelast_4020_250100_shpr_1716-seed8-00.6: error-rate=0 num-dialogs=500 ***
RESULTS:: 15:30:52: root                               EvaluationManager.py <_prstr>179 :  Results for domain: Laptops11 --evaluated by: objective success evaluator
RESULTS:: 15:30:52: root                               EvaluationManager.py <_prstr>179 :  # of dialogues  = 500
RESULTS:: 15:30:52: root                               EvaluationManager.py <_prstr>179 :  Average reward  = 3.19 +- 0.90
RESULTS:: 15:30:52: root                               EvaluationManager.py <_prstr>179 :  Average success = 48.80 +- 4.39
RESULTS:: 15:30:52: root                               EvaluationManager.py <_prstr>179 :  Average turns   = 6.57 +- 0.16
RESULTS:: 15:30:52: root                                   pydial.py <train_command>791 :  List of domains: Laptops11
RESULTS:: 15:30:52: root                                      pydial.py <trainBatch>409 :  *** Training Iteration env1-LAP-tau_nodrop_noinco_sort_sharelast_4020_250100_shpr_1716-seed8-00.6->env1-LAP-tau_nodrop_noinco_sort_sharelast_4020_250100_shpr_1716-seed8-00.7: iter=6, error-rate=0, num-dialogs=1000 ***
RESULTS:: 15:59:30: root                               EvaluationManager.py <_prstr>179 :  Results for domain: Laptops11 --evaluated by: objective success evaluator
RESULTS:: 15:59:30: root                               EvaluationManager.py <_prstr>179 :  # of dialogues  = 1000
RESULTS:: 15:59:30: root                               EvaluationManager.py <_prstr>179 :  Average reward  = 8.60 +- 0.51
RESULTS:: 15:59:30: root                               EvaluationManager.py <_prstr>179 :  Average success = 87.30 +- 2.07
RESULTS:: 15:59:30: root                               EvaluationManager.py <_prstr>179 :  Average turns   = 8.86 +- 0.24
RESULTS:: 15:59:30: root                                   pydial.py <setEvalConfig>470 :  *** Evaluating env1-LAP-tau_nodrop_noinco_sort_sharelast_4020_250100_shpr_1716-seed8-00.7: error-rate=0 num-dialogs=500 ***
RESULTS:: 16:11:02: root                               EvaluationManager.py <_prstr>179 :  Results for domain: Laptops11 --evaluated by: objective success evaluator
RESULTS:: 16:11:02: root                               EvaluationManager.py <_prstr>179 :  # of dialogues  = 500
RESULTS:: 16:11:02: root                               EvaluationManager.py <_prstr>179 :  Average reward  = 11.19 +- 0.55
RESULTS:: 16:11:02: root                               EvaluationManager.py <_prstr>179 :  Average success = 94.80 +- 1.95
RESULTS:: 16:11:02: root                               EvaluationManager.py <_prstr>179 :  Average turns   = 7.77 +- 0.28
RESULTS:: 16:11:02: root                                   pydial.py <train_command>791 :  List of domains: Laptops11
RESULTS:: 16:11:02: root                                      pydial.py <trainBatch>409 :  *** Training Iteration env1-LAP-tau_nodrop_noinco_sort_sharelast_4020_250100_shpr_1716-seed8-00.7->env1-LAP-tau_nodrop_noinco_sort_sharelast_4020_250100_shpr_1716-seed8-00.8: iter=7, error-rate=0, num-dialogs=1000 ***
RESULTS:: 16:41:53: root                               EvaluationManager.py <_prstr>179 :  Results for domain: Laptops11 --evaluated by: objective success evaluator
RESULTS:: 16:41:53: root                               EvaluationManager.py <_prstr>179 :  # of dialogues  = 1000
RESULTS:: 16:41:53: root                               EvaluationManager.py <_prstr>179 :  Average reward  = 8.58 +- 0.51
RESULTS:: 16:41:53: root                               EvaluationManager.py <_prstr>179 :  Average success = 86.70 +- 2.11
RESULTS:: 16:41:53: root                               EvaluationManager.py <_prstr>179 :  Average turns   = 8.76 +- 0.24
RESULTS:: 16:41:53: root                                   pydial.py <setEvalConfig>470 :  *** Evaluating env1-LAP-tau_nodrop_noinco_sort_sharelast_4020_250100_shpr_1716-seed8-00.8: error-rate=0 num-dialogs=500 ***
RESULTS:: 16:55:53: root                               EvaluationManager.py <_prstr>179 :  Results for domain: Laptops11 --evaluated by: objective success evaluator
RESULTS:: 16:55:53: root                               EvaluationManager.py <_prstr>179 :  # of dialogues  = 500
RESULTS:: 16:55:53: root                               EvaluationManager.py <_prstr>179 :  Average reward  = 8.71 +- 0.77
RESULTS:: 16:55:53: root                               EvaluationManager.py <_prstr>179 :  Average success = 80.00 +- 3.51
RESULTS:: 16:55:53: root                               EvaluationManager.py <_prstr>179 :  Average turns   = 7.29 +- 0.22
RESULTS:: 16:55:53: root                                   pydial.py <train_command>791 :  List of domains: Laptops11
RESULTS:: 16:55:53: root                                      pydial.py <trainBatch>409 :  *** Training Iteration env1-LAP-tau_nodrop_noinco_sort_sharelast_4020_250100_shpr_1716-seed8-00.8->env1-LAP-tau_nodrop_noinco_sort_sharelast_4020_250100_shpr_1716-seed8-00.9: iter=8, error-rate=0, num-dialogs=1000 ***
RESULTS:: 17:27:28: root                               EvaluationManager.py <_prstr>179 :  Results for domain: Laptops11 --evaluated by: objective success evaluator
RESULTS:: 17:27:28: root                               EvaluationManager.py <_prstr>179 :  # of dialogues  = 1000
RESULTS:: 17:27:28: root                               EvaluationManager.py <_prstr>179 :  Average reward  = 8.69 +- 0.53
RESULTS:: 17:27:28: root                               EvaluationManager.py <_prstr>179 :  Average success = 88.20 +- 2.00
RESULTS:: 17:27:28: root                               EvaluationManager.py <_prstr>179 :  Average turns   = 8.95 +- 0.27
RESULTS:: 17:27:28: root                                   pydial.py <setEvalConfig>470 :  *** Evaluating env1-LAP-tau_nodrop_noinco_sort_sharelast_4020_250100_shpr_1716-seed8-00.9: error-rate=0 num-dialogs=500 ***
RESULTS:: 17:38:50: root                               EvaluationManager.py <_prstr>179 :  Results for domain: Laptops11 --evaluated by: objective success evaluator
RESULTS:: 17:38:50: root                               EvaluationManager.py <_prstr>179 :  # of dialogues  = 500
RESULTS:: 17:38:50: root                               EvaluationManager.py <_prstr>179 :  Average reward  = 10.04 +- 0.66
RESULTS:: 17:38:50: root                               EvaluationManager.py <_prstr>179 :  Average success = 89.60 +- 2.68
RESULTS:: 17:38:50: root                               EvaluationManager.py <_prstr>179 :  Average turns   = 7.88 +- 0.28
RESULTS:: 17:38:50: root                                   pydial.py <train_command>791 :  List of domains: Laptops11
RESULTS:: 17:38:50: root                                      pydial.py <trainBatch>409 :  *** Training Iteration env1-LAP-tau_nodrop_noinco_sort_sharelast_4020_250100_shpr_1716-seed8-00.9->env1-LAP-tau_nodrop_noinco_sort_sharelast_4020_250100_shpr_1716-seed8-00.10: iter=9, error-rate=0, num-dialogs=1000 ***
RESULTS:: 18:07:54: root                               EvaluationManager.py <_prstr>179 :  Results for domain: Laptops11 --evaluated by: objective success evaluator
RESULTS:: 18:07:54: root                               EvaluationManager.py <_prstr>179 :  # of dialogues  = 1000
RESULTS:: 18:07:54: root                               EvaluationManager.py <_prstr>179 :  Average reward  = 8.79 +- 0.49
RESULTS:: 18:07:54: root                               EvaluationManager.py <_prstr>179 :  Average success = 89.40 +- 1.91
RESULTS:: 18:07:54: root                               EvaluationManager.py <_prstr>179 :  Average turns   = 9.09 +- 0.25
RESULTS:: 18:07:54: root                                   pydial.py <setEvalConfig>470 :  *** Evaluating env1-LAP-tau_nodrop_noinco_sort_sharelast_4020_250100_shpr_1716-seed8-00.10: error-rate=0 num-dialogs=500 ***
RESULTS:: 18:19:22: root                               EvaluationManager.py <_prstr>179 :  Results for domain: Laptops11 --evaluated by: objective success evaluator
RESULTS:: 18:19:22: root                               EvaluationManager.py <_prstr>179 :  # of dialogues  = 500
RESULTS:: 18:19:22: root                               EvaluationManager.py <_prstr>179 :  Average reward  = 11.91 +- 0.48
RESULTS:: 18:19:22: root                               EvaluationManager.py <_prstr>179 :  Average success = 95.00 +- 1.91
RESULTS:: 18:19:22: root                               EvaluationManager.py <_prstr>179 :  Average turns   = 7.09 +- 0.23
RESULTS:: 18:19:22: root                                   pydial.py <train_command>807 :  *** Training complete. log: env1-LAP-tau_nodrop_noinco_sort_sharelast_4020_250100_shpr_1716-seed8-00.1-10.train.log - final policy is env1-LAP-tau_nodrop_noinco_sort_sharelast_4020_250100_shpr_1716-00-10
