RESULTS:: 10:59:50: root                                   pydial.py <train_command>791 :  List of domains: Laptops11
RESULTS:: 10:59:50: root                                      pydial.py <trainBatch>409 :  *** Training Iteration env1-LAP-tau_nodrop_noinco_sort_sharelast_4020_250100_shpr_1716-seed5-00.0->env1-LAP-tau_nodrop_noinco_sort_sharelast_4020_250100_shpr_1716-seed5-00.1: iter=0, error-rate=0, num-dialogs=1000 ***
RESULTS:: 11:29:33: root                               EvaluationManager.py <_prstr>179 :  Results for domain: Laptops11 --evaluated by: objective success evaluator
RESULTS:: 11:29:33: root                               EvaluationManager.py <_prstr>179 :  # of dialogues  = 1000
RESULTS:: 11:29:33: root                               EvaluationManager.py <_prstr>179 :  Average reward  = 7.21 +- 0.58
RESULTS:: 11:29:33: root                               EvaluationManager.py <_prstr>179 :  Average success = 83.50 +- 2.30
RESULTS:: 11:29:33: root                               EvaluationManager.py <_prstr>179 :  Average turns   = 9.49 +- 0.27
RESULTS:: 11:29:33: root                                   pydial.py <setEvalConfig>470 :  *** Evaluating env1-LAP-tau_nodrop_noinco_sort_sharelast_4020_250100_shpr_1716-seed5-00.1: error-rate=0 num-dialogs=500 ***
RESULTS:: 11:40:16: root                               EvaluationManager.py <_prstr>179 :  Results for domain: Laptops11 --evaluated by: objective success evaluator
RESULTS:: 11:40:16: root                               EvaluationManager.py <_prstr>179 :  # of dialogues  = 500
RESULTS:: 11:40:16: root                               EvaluationManager.py <_prstr>179 :  Average reward  = 9.00 +- 0.74
RESULTS:: 11:40:16: root                               EvaluationManager.py <_prstr>179 :  Average success = 82.20 +- 3.36
RESULTS:: 11:40:16: root                               EvaluationManager.py <_prstr>179 :  Average turns   = 7.44 +- 0.22
RESULTS:: 11:40:16: root                                   pydial.py <train_command>791 :  List of domains: Laptops11
RESULTS:: 11:40:16: root                                      pydial.py <trainBatch>409 :  *** Training Iteration env1-LAP-tau_nodrop_noinco_sort_sharelast_4020_250100_shpr_1716-seed5-00.1->env1-LAP-tau_nodrop_noinco_sort_sharelast_4020_250100_shpr_1716-seed5-00.2: iter=1, error-rate=0, num-dialogs=1000 ***
RESULTS:: 12:22:31: root                               EvaluationManager.py <_prstr>179 :  Results for domain: Laptops11 --evaluated by: objective success evaluator
RESULTS:: 12:22:31: root                               EvaluationManager.py <_prstr>179 :  # of dialogues  = 1000
RESULTS:: 12:22:31: root                               EvaluationManager.py <_prstr>179 :  Average reward  = 9.13 +- 0.47
RESULTS:: 12:22:31: root                               EvaluationManager.py <_prstr>179 :  Average success = 89.20 +- 1.93
RESULTS:: 12:22:31: root                               EvaluationManager.py <_prstr>179 :  Average turns   = 8.71 +- 0.23
RESULTS:: 12:22:31: root                                   pydial.py <setEvalConfig>470 :  *** Evaluating env1-LAP-tau_nodrop_noinco_sort_sharelast_4020_250100_shpr_1716-seed5-00.2: error-rate=0 num-dialogs=500 ***
RESULTS:: 12:52:18: root                               EvaluationManager.py <_prstr>179 :  Results for domain: Laptops11 --evaluated by: objective success evaluator
RESULTS:: 12:52:18: root                               EvaluationManager.py <_prstr>179 :  # of dialogues  = 500
RESULTS:: 12:52:18: root                               EvaluationManager.py <_prstr>179 :  Average reward  = 11.17 +- 0.59
RESULTS:: 12:52:18: root                               EvaluationManager.py <_prstr>179 :  Average success = 93.20 +- 2.21
RESULTS:: 12:52:18: root                               EvaluationManager.py <_prstr>179 :  Average turns   = 7.47 +- 0.27
RESULTS:: 12:52:18: root                                   pydial.py <train_command>791 :  List of domains: Laptops11
RESULTS:: 12:52:18: root                                      pydial.py <trainBatch>409 :  *** Training Iteration env1-LAP-tau_nodrop_noinco_sort_sharelast_4020_250100_shpr_1716-seed5-00.2->env1-LAP-tau_nodrop_noinco_sort_sharelast_4020_250100_shpr_1716-seed5-00.3: iter=2, error-rate=0, num-dialogs=1000 ***
RESULTS:: 13:21:47: root                               EvaluationManager.py <_prstr>179 :  Results for domain: Laptops11 --evaluated by: objective success evaluator
RESULTS:: 13:21:47: root                               EvaluationManager.py <_prstr>179 :  # of dialogues  = 1000
RESULTS:: 13:21:47: root                               EvaluationManager.py <_prstr>179 :  Average reward  = 9.09 +- 0.48
RESULTS:: 13:21:47: root                               EvaluationManager.py <_prstr>179 :  Average success = 89.50 +- 1.90
RESULTS:: 13:21:47: root                               EvaluationManager.py <_prstr>179 :  Average turns   = 8.81 +- 0.24
RESULTS:: 13:21:47: root                                   pydial.py <setEvalConfig>470 :  *** Evaluating env1-LAP-tau_nodrop_noinco_sort_sharelast_4020_250100_shpr_1716-seed5-00.3: error-rate=0 num-dialogs=500 ***
RESULTS:: 13:33:04: root                               EvaluationManager.py <_prstr>179 :  Results for domain: Laptops11 --evaluated by: objective success evaluator
RESULTS:: 13:33:04: root                               EvaluationManager.py <_prstr>179 :  # of dialogues  = 500
RESULTS:: 13:33:04: root                               EvaluationManager.py <_prstr>179 :  Average reward  = 11.46 +- 0.49
RESULTS:: 13:33:04: root                               EvaluationManager.py <_prstr>179 :  Average success = 95.20 +- 1.88
RESULTS:: 13:33:04: root                               EvaluationManager.py <_prstr>179 :  Average turns   = 7.58 +- 0.27
RESULTS:: 13:33:04: root                                   pydial.py <train_command>791 :  List of domains: Laptops11
RESULTS:: 13:33:04: root                                      pydial.py <trainBatch>409 :  *** Training Iteration env1-LAP-tau_nodrop_noinco_sort_sharelast_4020_250100_shpr_1716-seed5-00.3->env1-LAP-tau_nodrop_noinco_sort_sharelast_4020_250100_shpr_1716-seed5-00.4: iter=3, error-rate=0, num-dialogs=1000 ***
RESULTS:: 14:01:15: root                               EvaluationManager.py <_prstr>179 :  Results for domain: Laptops11 --evaluated by: objective success evaluator
RESULTS:: 14:01:15: root                               EvaluationManager.py <_prstr>179 :  # of dialogues  = 1000
RESULTS:: 14:01:15: root                               EvaluationManager.py <_prstr>179 :  Average reward  = 9.37 +- 0.46
RESULTS:: 14:01:15: root                               EvaluationManager.py <_prstr>179 :  Average success = 91.80 +- 1.70
RESULTS:: 14:01:15: root                               EvaluationManager.py <_prstr>179 :  Average turns   = 8.99 +- 0.25
RESULTS:: 14:01:15: root                                   pydial.py <setEvalConfig>470 :  *** Evaluating env1-LAP-tau_nodrop_noinco_sort_sharelast_4020_250100_shpr_1716-seed5-00.4: error-rate=0 num-dialogs=500 ***
RESULTS:: 14:10:56: root                               EvaluationManager.py <_prstr>179 :  Results for domain: Laptops11 --evaluated by: objective success evaluator
RESULTS:: 14:10:56: root                               EvaluationManager.py <_prstr>179 :  # of dialogues  = 500
RESULTS:: 14:10:56: root                               EvaluationManager.py <_prstr>179 :  Average reward  = 4.23 +- 0.90
RESULTS:: 14:10:56: root                               EvaluationManager.py <_prstr>179 :  Average success = 54.00 +- 4.38
RESULTS:: 14:10:56: root                               EvaluationManager.py <_prstr>179 :  Average turns   = 6.57 +- 0.16
RESULTS:: 14:10:56: root                                   pydial.py <train_command>791 :  List of domains: Laptops11
RESULTS:: 14:10:56: root                                      pydial.py <trainBatch>409 :  *** Training Iteration env1-LAP-tau_nodrop_noinco_sort_sharelast_4020_250100_shpr_1716-seed5-00.4->env1-LAP-tau_nodrop_noinco_sort_sharelast_4020_250100_shpr_1716-seed5-00.5: iter=4, error-rate=0, num-dialogs=1000 ***
RESULTS:: 14:41:07: root                               EvaluationManager.py <_prstr>179 :  Results for domain: Laptops11 --evaluated by: objective success evaluator
RESULTS:: 14:41:07: root                               EvaluationManager.py <_prstr>179 :  # of dialogues  = 1000
RESULTS:: 14:41:07: root                               EvaluationManager.py <_prstr>179 :  Average reward  = 9.52 +- 0.45
RESULTS:: 14:41:07: root                               EvaluationManager.py <_prstr>179 :  Average success = 92.20 +- 1.66
RESULTS:: 14:41:07: root                               EvaluationManager.py <_prstr>179 :  Average turns   = 8.92 +- 0.25
RESULTS:: 14:41:07: root                                   pydial.py <setEvalConfig>470 :  *** Evaluating env1-LAP-tau_nodrop_noinco_sort_sharelast_4020_250100_shpr_1716-seed5-00.5: error-rate=0 num-dialogs=500 ***
RESULTS:: 14:53:38: root                               EvaluationManager.py <_prstr>179 :  Results for domain: Laptops11 --evaluated by: objective success evaluator
RESULTS:: 14:53:38: root                               EvaluationManager.py <_prstr>179 :  # of dialogues  = 500
RESULTS:: 14:53:38: root                               EvaluationManager.py <_prstr>179 :  Average reward  = 11.11 +- 0.55
RESULTS:: 14:53:38: root                               EvaluationManager.py <_prstr>179 :  Average success = 94.20 +- 2.05
RESULTS:: 14:53:38: root                               EvaluationManager.py <_prstr>179 :  Average turns   = 7.73 +- 0.28
RESULTS:: 14:53:38: root                                   pydial.py <train_command>791 :  List of domains: Laptops11
RESULTS:: 14:53:38: root                                      pydial.py <trainBatch>409 :  *** Training Iteration env1-LAP-tau_nodrop_noinco_sort_sharelast_4020_250100_shpr_1716-seed5-00.5->env1-LAP-tau_nodrop_noinco_sort_sharelast_4020_250100_shpr_1716-seed5-00.6: iter=5, error-rate=0, num-dialogs=1000 ***
RESULTS:: 15:23:30: root                               EvaluationManager.py <_prstr>179 :  Results for domain: Laptops11 --evaluated by: objective success evaluator
RESULTS:: 15:23:30: root                               EvaluationManager.py <_prstr>179 :  # of dialogues  = 1000
RESULTS:: 15:23:30: root                               EvaluationManager.py <_prstr>179 :  Average reward  = 8.95 +- 0.53
RESULTS:: 15:23:30: root                               EvaluationManager.py <_prstr>179 :  Average success = 91.90 +- 1.69
RESULTS:: 15:23:30: root                               EvaluationManager.py <_prstr>179 :  Average turns   = 9.43 +- 0.29
RESULTS:: 15:23:30: root                                   pydial.py <setEvalConfig>470 :  *** Evaluating env1-LAP-tau_nodrop_noinco_sort_sharelast_4020_250100_shpr_1716-seed5-00.6: error-rate=0 num-dialogs=500 ***
RESULTS:: 15:35:15: root                               EvaluationManager.py <_prstr>179 :  Results for domain: Laptops11 --evaluated by: objective success evaluator
RESULTS:: 15:35:15: root                               EvaluationManager.py <_prstr>179 :  # of dialogues  = 500
RESULTS:: 15:35:15: root                               EvaluationManager.py <_prstr>179 :  Average reward  = 11.95 +- 0.42
RESULTS:: 15:35:15: root                               EvaluationManager.py <_prstr>179 :  Average success = 97.40 +- 1.40
RESULTS:: 15:35:15: root                               EvaluationManager.py <_prstr>179 :  Average turns   = 7.53 +- 0.27
RESULTS:: 15:35:15: root                                   pydial.py <train_command>791 :  List of domains: Laptops11
RESULTS:: 15:35:15: root                                      pydial.py <trainBatch>409 :  *** Training Iteration env1-LAP-tau_nodrop_noinco_sort_sharelast_4020_250100_shpr_1716-seed5-00.6->env1-LAP-tau_nodrop_noinco_sort_sharelast_4020_250100_shpr_1716-seed5-00.7: iter=6, error-rate=0, num-dialogs=1000 ***
RESULTS:: 16:03:35: root                               EvaluationManager.py <_prstr>179 :  Results for domain: Laptops11 --evaluated by: objective success evaluator
RESULTS:: 16:03:35: root                               EvaluationManager.py <_prstr>179 :  # of dialogues  = 1000
RESULTS:: 16:03:35: root                               EvaluationManager.py <_prstr>179 :  Average reward  = 9.65 +- 0.45
RESULTS:: 16:03:35: root                               EvaluationManager.py <_prstr>179 :  Average success = 92.20 +- 1.66
RESULTS:: 16:03:35: root                               EvaluationManager.py <_prstr>179 :  Average turns   = 8.79 +- 0.24
RESULTS:: 16:03:35: root                                   pydial.py <setEvalConfig>470 :  *** Evaluating env1-LAP-tau_nodrop_noinco_sort_sharelast_4020_250100_shpr_1716-seed5-00.7: error-rate=0 num-dialogs=500 ***
RESULTS:: 16:13:24: root                               EvaluationManager.py <_prstr>179 :  Results for domain: Laptops11 --evaluated by: objective success evaluator
RESULTS:: 16:13:24: root                               EvaluationManager.py <_prstr>179 :  # of dialogues  = 500
RESULTS:: 16:13:24: root                               EvaluationManager.py <_prstr>179 :  Average reward  = 4.44 +- 0.90
RESULTS:: 16:13:24: root                               EvaluationManager.py <_prstr>179 :  Average success = 55.20 +- 4.37
RESULTS:: 16:13:24: root                               EvaluationManager.py <_prstr>179 :  Average turns   = 6.60 +- 0.16
RESULTS:: 16:13:24: root                                   pydial.py <train_command>791 :  List of domains: Laptops11
RESULTS:: 16:13:24: root                                      pydial.py <trainBatch>409 :  *** Training Iteration env1-LAP-tau_nodrop_noinco_sort_sharelast_4020_250100_shpr_1716-seed5-00.7->env1-LAP-tau_nodrop_noinco_sort_sharelast_4020_250100_shpr_1716-seed5-00.8: iter=7, error-rate=0, num-dialogs=1000 ***
RESULTS:: 16:45:28: root                               EvaluationManager.py <_prstr>179 :  Results for domain: Laptops11 --evaluated by: objective success evaluator
RESULTS:: 16:45:28: root                               EvaluationManager.py <_prstr>179 :  # of dialogues  = 1000
RESULTS:: 16:45:28: root                               EvaluationManager.py <_prstr>179 :  Average reward  = 9.24 +- 0.47
RESULTS:: 16:45:28: root                               EvaluationManager.py <_prstr>179 :  Average success = 90.80 +- 1.79
RESULTS:: 16:45:28: root                               EvaluationManager.py <_prstr>179 :  Average turns   = 8.92 +- 0.25
RESULTS:: 16:45:28: root                                   pydial.py <setEvalConfig>470 :  *** Evaluating env1-LAP-tau_nodrop_noinco_sort_sharelast_4020_250100_shpr_1716-seed5-00.8: error-rate=0 num-dialogs=500 ***
RESULTS:: 17:01:57: root                               EvaluationManager.py <_prstr>179 :  Results for domain: Laptops11 --evaluated by: objective success evaluator
RESULTS:: 17:01:57: root                               EvaluationManager.py <_prstr>179 :  # of dialogues  = 500
RESULTS:: 17:01:57: root                               EvaluationManager.py <_prstr>179 :  Average reward  = 8.73 +- 0.77
RESULTS:: 17:01:57: root                               EvaluationManager.py <_prstr>179 :  Average success = 81.20 +- 3.43
RESULTS:: 17:01:57: root                               EvaluationManager.py <_prstr>179 :  Average turns   = 7.51 +- 0.23
RESULTS:: 17:01:57: root                                   pydial.py <train_command>791 :  List of domains: Laptops11
RESULTS:: 17:01:57: root                                      pydial.py <trainBatch>409 :  *** Training Iteration env1-LAP-tau_nodrop_noinco_sort_sharelast_4020_250100_shpr_1716-seed5-00.8->env1-LAP-tau_nodrop_noinco_sort_sharelast_4020_250100_shpr_1716-seed5-00.9: iter=8, error-rate=0, num-dialogs=1000 ***
RESULTS:: 17:30:59: root                               EvaluationManager.py <_prstr>179 :  Results for domain: Laptops11 --evaluated by: objective success evaluator
RESULTS:: 17:30:59: root                               EvaluationManager.py <_prstr>179 :  # of dialogues  = 1000
RESULTS:: 17:30:59: root                               EvaluationManager.py <_prstr>179 :  Average reward  = 8.85 +- 0.53
RESULTS:: 17:30:59: root                               EvaluationManager.py <_prstr>179 :  Average success = 89.50 +- 1.90
RESULTS:: 17:30:59: root                               EvaluationManager.py <_prstr>179 :  Average turns   = 9.05 +- 0.28
RESULTS:: 17:30:59: root                                   pydial.py <setEvalConfig>470 :  *** Evaluating env1-LAP-tau_nodrop_noinco_sort_sharelast_4020_250100_shpr_1716-seed5-00.9: error-rate=0 num-dialogs=500 ***
RESULTS:: 17:41:24: root                               EvaluationManager.py <_prstr>179 :  Results for domain: Laptops11 --evaluated by: objective success evaluator
RESULTS:: 17:41:24: root                               EvaluationManager.py <_prstr>179 :  # of dialogues  = 500
RESULTS:: 17:41:24: root                               EvaluationManager.py <_prstr>179 :  Average reward  = 10.26 +- 0.67
RESULTS:: 17:41:24: root                               EvaluationManager.py <_prstr>179 :  Average success = 87.40 +- 2.92
RESULTS:: 17:41:24: root                               EvaluationManager.py <_prstr>179 :  Average turns   = 7.22 +- 0.26
RESULTS:: 17:41:24: root                                   pydial.py <train_command>791 :  List of domains: Laptops11
RESULTS:: 17:41:24: root                                      pydial.py <trainBatch>409 :  *** Training Iteration env1-LAP-tau_nodrop_noinco_sort_sharelast_4020_250100_shpr_1716-seed5-00.9->env1-LAP-tau_nodrop_noinco_sort_sharelast_4020_250100_shpr_1716-seed5-00.10: iter=9, error-rate=0, num-dialogs=1000 ***
RESULTS:: 18:10:23: root                               EvaluationManager.py <_prstr>179 :  Results for domain: Laptops11 --evaluated by: objective success evaluator
RESULTS:: 18:10:23: root                               EvaluationManager.py <_prstr>179 :  # of dialogues  = 1000
RESULTS:: 18:10:23: root                               EvaluationManager.py <_prstr>179 :  Average reward  = 9.27 +- 0.48
RESULTS:: 18:10:23: root                               EvaluationManager.py <_prstr>179 :  Average success = 91.40 +- 1.74
RESULTS:: 18:10:23: root                               EvaluationManager.py <_prstr>179 :  Average turns   = 9.01 +- 0.27
RESULTS:: 18:10:23: root                                   pydial.py <setEvalConfig>470 :  *** Evaluating env1-LAP-tau_nodrop_noinco_sort_sharelast_4020_250100_shpr_1716-seed5-00.10: error-rate=0 num-dialogs=500 ***
RESULTS:: 18:23:02: root                               EvaluationManager.py <_prstr>179 :  Results for domain: Laptops11 --evaluated by: objective success evaluator
RESULTS:: 18:23:02: root                               EvaluationManager.py <_prstr>179 :  # of dialogues  = 500
RESULTS:: 18:23:02: root                               EvaluationManager.py <_prstr>179 :  Average reward  = 9.05 +- 0.74
RESULTS:: 18:23:02: root                               EvaluationManager.py <_prstr>179 :  Average success = 84.60 +- 3.17
RESULTS:: 18:23:02: root                               EvaluationManager.py <_prstr>179 :  Average turns   = 7.87 +- 0.27
RESULTS:: 18:23:02: root                                   pydial.py <train_command>807 :  *** Training complete. log: env1-LAP-tau_nodrop_noinco_sort_sharelast_4020_250100_shpr_1716-seed5-00.1-10.train.log - final policy is env1-LAP-tau_nodrop_noinco_sort_sharelast_4020_250100_shpr_1716-00-10
