RESULTS:: 10:59:18: root                                   pydial.py <train_command>791 :  List of domains: Laptops11
RESULTS:: 10:59:18: root                                      pydial.py <trainBatch>409 :  *** Training Iteration env1-LAP-tau_nodrop_noinco_sort_sharelast_4020_250100_shpr_1716-seed3-00.0->env1-LAP-tau_nodrop_noinco_sort_sharelast_4020_250100_shpr_1716-seed3-00.1: iter=0, error-rate=0, num-dialogs=1000 ***
RESULTS:: 11:27:07: root                               EvaluationManager.py <_prstr>179 :  Results for domain: Laptops11 --evaluated by: objective success evaluator
RESULTS:: 11:27:07: root                               EvaluationManager.py <_prstr>179 :  # of dialogues  = 1000
RESULTS:: 11:27:07: root                               EvaluationManager.py <_prstr>179 :  Average reward  = 7.22 +- 0.59
RESULTS:: 11:27:07: root                               EvaluationManager.py <_prstr>179 :  Average success = 83.40 +- 2.31
RESULTS:: 11:27:07: root                               EvaluationManager.py <_prstr>179 :  Average turns   = 9.46 +- 0.28
RESULTS:: 11:27:07: root                                   pydial.py <setEvalConfig>470 :  *** Evaluating env1-LAP-tau_nodrop_noinco_sort_sharelast_4020_250100_shpr_1716-seed3-00.1: error-rate=0 num-dialogs=500 ***
RESULTS:: 11:37:05: root                               EvaluationManager.py <_prstr>179 :  Results for domain: Laptops11 --evaluated by: objective success evaluator
RESULTS:: 11:37:05: root                               EvaluationManager.py <_prstr>179 :  # of dialogues  = 500
RESULTS:: 11:37:05: root                               EvaluationManager.py <_prstr>179 :  Average reward  = 8.65 +- 0.79
RESULTS:: 11:37:05: root                               EvaluationManager.py <_prstr>179 :  Average success = 79.40 +- 3.55
RESULTS:: 11:37:05: root                               EvaluationManager.py <_prstr>179 :  Average turns   = 7.23 +- 0.21
RESULTS:: 11:37:05: root                                   pydial.py <train_command>791 :  List of domains: Laptops11
RESULTS:: 11:37:05: root                                      pydial.py <trainBatch>409 :  *** Training Iteration env1-LAP-tau_nodrop_noinco_sort_sharelast_4020_250100_shpr_1716-seed3-00.1->env1-LAP-tau_nodrop_noinco_sort_sharelast_4020_250100_shpr_1716-seed3-00.2: iter=1, error-rate=0, num-dialogs=1000 ***
RESULTS:: 12:03:55: root                               EvaluationManager.py <_prstr>179 :  Results for domain: Laptops11 --evaluated by: objective success evaluator
RESULTS:: 12:03:55: root                               EvaluationManager.py <_prstr>179 :  # of dialogues  = 1000
RESULTS:: 12:03:55: root                               EvaluationManager.py <_prstr>179 :  Average reward  = 9.29 +- 0.48
RESULTS:: 12:03:55: root                               EvaluationManager.py <_prstr>179 :  Average success = 90.10 +- 1.85
RESULTS:: 12:03:55: root                               EvaluationManager.py <_prstr>179 :  Average turns   = 8.73 +- 0.24
RESULTS:: 12:03:55: root                                   pydial.py <setEvalConfig>470 :  *** Evaluating env1-LAP-tau_nodrop_noinco_sort_sharelast_4020_250100_shpr_1716-seed3-00.2: error-rate=0 num-dialogs=500 ***
RESULTS:: 12:14:34: root                               EvaluationManager.py <_prstr>179 :  Results for domain: Laptops11 --evaluated by: objective success evaluator
RESULTS:: 12:14:34: root                               EvaluationManager.py <_prstr>179 :  # of dialogues  = 500
RESULTS:: 12:14:34: root                               EvaluationManager.py <_prstr>179 :  Average reward  = 2.46 +- 0.97
RESULTS:: 12:14:34: root                               EvaluationManager.py <_prstr>179 :  Average success = 52.20 +- 4.39
RESULTS:: 12:14:34: root                               EvaluationManager.py <_prstr>179 :  Average turns   = 7.98 +- 0.26
RESULTS:: 12:14:34: root                                   pydial.py <train_command>791 :  List of domains: Laptops11
RESULTS:: 12:14:34: root                                      pydial.py <trainBatch>409 :  *** Training Iteration env1-LAP-tau_nodrop_noinco_sort_sharelast_4020_250100_shpr_1716-seed3-00.2->env1-LAP-tau_nodrop_noinco_sort_sharelast_4020_250100_shpr_1716-seed3-00.3: iter=2, error-rate=0, num-dialogs=1000 ***
RESULTS:: 12:40:28: root                               EvaluationManager.py <_prstr>179 :  Results for domain: Laptops11 --evaluated by: objective success evaluator
RESULTS:: 12:40:28: root                               EvaluationManager.py <_prstr>179 :  # of dialogues  = 1000
RESULTS:: 12:40:28: root                               EvaluationManager.py <_prstr>179 :  Average reward  = 8.55 +- 0.51
RESULTS:: 12:40:28: root                               EvaluationManager.py <_prstr>179 :  Average success = 87.60 +- 2.05
RESULTS:: 12:40:28: root                               EvaluationManager.py <_prstr>179 :  Average turns   = 8.97 +- 0.25
RESULTS:: 12:40:28: root                                   pydial.py <setEvalConfig>470 :  *** Evaluating env1-LAP-tau_nodrop_noinco_sort_sharelast_4020_250100_shpr_1716-seed3-00.3: error-rate=0 num-dialogs=500 ***
RESULTS:: 12:50:36: root                               EvaluationManager.py <_prstr>179 :  Results for domain: Laptops11 --evaluated by: objective success evaluator
RESULTS:: 12:50:36: root                               EvaluationManager.py <_prstr>179 :  # of dialogues  = 500
RESULTS:: 12:50:36: root                               EvaluationManager.py <_prstr>179 :  Average reward  = 7.87 +- 0.82
RESULTS:: 12:50:36: root                               EvaluationManager.py <_prstr>179 :  Average success = 76.80 +- 3.71
RESULTS:: 12:50:36: root                               EvaluationManager.py <_prstr>179 :  Average turns   = 7.49 +- 0.23
RESULTS:: 12:50:36: root                                   pydial.py <train_command>791 :  List of domains: Laptops11
RESULTS:: 12:50:36: root                                      pydial.py <trainBatch>409 :  *** Training Iteration env1-LAP-tau_nodrop_noinco_sort_sharelast_4020_250100_shpr_1716-seed3-00.3->env1-LAP-tau_nodrop_noinco_sort_sharelast_4020_250100_shpr_1716-seed3-00.4: iter=3, error-rate=0, num-dialogs=1000 ***
RESULTS:: 13:16:07: root                               EvaluationManager.py <_prstr>179 :  Results for domain: Laptops11 --evaluated by: objective success evaluator
RESULTS:: 13:16:07: root                               EvaluationManager.py <_prstr>179 :  # of dialogues  = 1000
RESULTS:: 13:16:07: root                               EvaluationManager.py <_prstr>179 :  Average reward  = 9.76 +- 0.44
RESULTS:: 13:16:07: root                               EvaluationManager.py <_prstr>179 :  Average success = 92.20 +- 1.66
RESULTS:: 13:16:07: root                               EvaluationManager.py <_prstr>179 :  Average turns   = 8.68 +- 0.25
RESULTS:: 13:16:07: root                                   pydial.py <setEvalConfig>470 :  *** Evaluating env1-LAP-tau_nodrop_noinco_sort_sharelast_4020_250100_shpr_1716-seed3-00.4: error-rate=0 num-dialogs=500 ***
RESULTS:: 13:26:36: root                               EvaluationManager.py <_prstr>179 :  Results for domain: Laptops11 --evaluated by: objective success evaluator
RESULTS:: 13:26:36: root                               EvaluationManager.py <_prstr>179 :  # of dialogues  = 500
RESULTS:: 13:26:36: root                               EvaluationManager.py <_prstr>179 :  Average reward  = 4.89 +- 0.95
RESULTS:: 13:26:36: root                               EvaluationManager.py <_prstr>179 :  Average success = 63.20 +- 4.24
RESULTS:: 13:26:36: root                               EvaluationManager.py <_prstr>179 :  Average turns   = 7.75 +- 0.25
RESULTS:: 13:26:36: root                                   pydial.py <train_command>791 :  List of domains: Laptops11
RESULTS:: 13:26:36: root                                      pydial.py <trainBatch>409 :  *** Training Iteration env1-LAP-tau_nodrop_noinco_sort_sharelast_4020_250100_shpr_1716-seed3-00.4->env1-LAP-tau_nodrop_noinco_sort_sharelast_4020_250100_shpr_1716-seed3-00.5: iter=4, error-rate=0, num-dialogs=1000 ***
RESULTS:: 13:51:54: root                               EvaluationManager.py <_prstr>179 :  Results for domain: Laptops11 --evaluated by: objective success evaluator
RESULTS:: 13:51:54: root                               EvaluationManager.py <_prstr>179 :  # of dialogues  = 1000
RESULTS:: 13:51:54: root                               EvaluationManager.py <_prstr>179 :  Average reward  = 9.78 +- 0.42
RESULTS:: 13:51:54: root                               EvaluationManager.py <_prstr>179 :  Average success = 92.60 +- 1.62
RESULTS:: 13:51:54: root                               EvaluationManager.py <_prstr>179 :  Average turns   = 8.74 +- 0.23
RESULTS:: 13:51:54: root                                   pydial.py <setEvalConfig>470 :  *** Evaluating env1-LAP-tau_nodrop_noinco_sort_sharelast_4020_250100_shpr_1716-seed3-00.5: error-rate=0 num-dialogs=500 ***
RESULTS:: 14:02:00: root                               EvaluationManager.py <_prstr>179 :  Results for domain: Laptops11 --evaluated by: objective success evaluator
RESULTS:: 14:02:00: root                               EvaluationManager.py <_prstr>179 :  # of dialogues  = 500
RESULTS:: 14:02:00: root                               EvaluationManager.py <_prstr>179 :  Average reward  = 10.93 +- 0.58
RESULTS:: 14:02:00: root                               EvaluationManager.py <_prstr>179 :  Average success = 90.80 +- 2.54
RESULTS:: 14:02:00: root                               EvaluationManager.py <_prstr>179 :  Average turns   = 7.23 +- 0.22
RESULTS:: 14:02:00: root                                   pydial.py <train_command>791 :  List of domains: Laptops11
RESULTS:: 14:02:00: root                                      pydial.py <trainBatch>409 :  *** Training Iteration env1-LAP-tau_nodrop_noinco_sort_sharelast_4020_250100_shpr_1716-seed3-00.5->env1-LAP-tau_nodrop_noinco_sort_sharelast_4020_250100_shpr_1716-seed3-00.6: iter=5, error-rate=0, num-dialogs=1000 ***
RESULTS:: 14:28:46: root                               EvaluationManager.py <_prstr>179 :  Results for domain: Laptops11 --evaluated by: objective success evaluator
RESULTS:: 14:28:46: root                               EvaluationManager.py <_prstr>179 :  # of dialogues  = 1000
RESULTS:: 14:28:46: root                               EvaluationManager.py <_prstr>179 :  Average reward  = 9.57 +- 0.44
RESULTS:: 14:28:46: root                               EvaluationManager.py <_prstr>179 :  Average success = 91.30 +- 1.75
RESULTS:: 14:28:46: root                               EvaluationManager.py <_prstr>179 :  Average turns   = 8.69 +- 0.23
RESULTS:: 14:28:46: root                                   pydial.py <setEvalConfig>470 :  *** Evaluating env1-LAP-tau_nodrop_noinco_sort_sharelast_4020_250100_shpr_1716-seed3-00.6: error-rate=0 num-dialogs=500 ***
RESULTS:: 14:42:54: root                               EvaluationManager.py <_prstr>179 :  Results for domain: Laptops11 --evaluated by: objective success evaluator
RESULTS:: 14:42:54: root                               EvaluationManager.py <_prstr>179 :  # of dialogues  = 500
RESULTS:: 14:42:54: root                               EvaluationManager.py <_prstr>179 :  Average reward  = 7.47 +- 0.84
RESULTS:: 14:42:54: root                               EvaluationManager.py <_prstr>179 :  Average success = 74.60 +- 3.82
RESULTS:: 14:42:54: root                               EvaluationManager.py <_prstr>179 :  Average turns   = 7.45 +- 0.23
RESULTS:: 14:42:54: root                                   pydial.py <train_command>791 :  List of domains: Laptops11
RESULTS:: 14:42:54: root                                      pydial.py <trainBatch>409 :  *** Training Iteration env1-LAP-tau_nodrop_noinco_sort_sharelast_4020_250100_shpr_1716-seed3-00.6->env1-LAP-tau_nodrop_noinco_sort_sharelast_4020_250100_shpr_1716-seed3-00.7: iter=6, error-rate=0, num-dialogs=1000 ***
RESULTS:: 15:09:12: root                               EvaluationManager.py <_prstr>179 :  Results for domain: Laptops11 --evaluated by: objective success evaluator
RESULTS:: 15:09:12: root                               EvaluationManager.py <_prstr>179 :  # of dialogues  = 1000
RESULTS:: 15:09:12: root                               EvaluationManager.py <_prstr>179 :  Average reward  = 8.97 +- 0.51
RESULTS:: 15:09:12: root                               EvaluationManager.py <_prstr>179 :  Average success = 88.80 +- 1.96
RESULTS:: 15:09:12: root                               EvaluationManager.py <_prstr>179 :  Average turns   = 8.79 +- 0.25
RESULTS:: 15:09:12: root                                   pydial.py <setEvalConfig>470 :  *** Evaluating env1-LAP-tau_nodrop_noinco_sort_sharelast_4020_250100_shpr_1716-seed3-00.7: error-rate=0 num-dialogs=500 ***
RESULTS:: 15:19:35: root                               EvaluationManager.py <_prstr>179 :  Results for domain: Laptops11 --evaluated by: objective success evaluator
RESULTS:: 15:19:35: root                               EvaluationManager.py <_prstr>179 :  # of dialogues  = 500
RESULTS:: 15:19:35: root                               EvaluationManager.py <_prstr>179 :  Average reward  = 8.72 +- 0.76
RESULTS:: 15:19:35: root                               EvaluationManager.py <_prstr>179 :  Average success = 81.00 +- 3.45
RESULTS:: 15:19:35: root                               EvaluationManager.py <_prstr>179 :  Average turns   = 7.48 +- 0.23
RESULTS:: 15:19:35: root                                   pydial.py <train_command>791 :  List of domains: Laptops11
RESULTS:: 15:19:35: root                                      pydial.py <trainBatch>409 :  *** Training Iteration env1-LAP-tau_nodrop_noinco_sort_sharelast_4020_250100_shpr_1716-seed3-00.7->env1-LAP-tau_nodrop_noinco_sort_sharelast_4020_250100_shpr_1716-seed3-00.8: iter=7, error-rate=0, num-dialogs=1000 ***
RESULTS:: 15:45:55: root                               EvaluationManager.py <_prstr>179 :  Results for domain: Laptops11 --evaluated by: objective success evaluator
RESULTS:: 15:45:55: root                               EvaluationManager.py <_prstr>179 :  # of dialogues  = 1000
RESULTS:: 15:45:55: root                               EvaluationManager.py <_prstr>179 :  Average reward  = 8.24 +- 0.51
RESULTS:: 15:45:55: root                               EvaluationManager.py <_prstr>179 :  Average success = 86.10 +- 2.15
RESULTS:: 15:45:55: root                               EvaluationManager.py <_prstr>179 :  Average turns   = 8.98 +- 0.24
RESULTS:: 15:45:55: root                                   pydial.py <setEvalConfig>470 :  *** Evaluating env1-LAP-tau_nodrop_noinco_sort_sharelast_4020_250100_shpr_1716-seed3-00.8: error-rate=0 num-dialogs=500 ***
RESULTS:: 15:56:05: root                               EvaluationManager.py <_prstr>179 :  Results for domain: Laptops11 --evaluated by: objective success evaluator
RESULTS:: 15:56:05: root                               EvaluationManager.py <_prstr>179 :  # of dialogues  = 500
RESULTS:: 15:56:05: root                               EvaluationManager.py <_prstr>179 :  Average reward  = 5.69 +- 0.92
RESULTS:: 15:56:05: root                               EvaluationManager.py <_prstr>179 :  Average success = 65.40 +- 4.18
RESULTS:: 15:56:05: root                               EvaluationManager.py <_prstr>179 :  Average turns   = 7.39 +- 0.22
RESULTS:: 15:56:05: root                                   pydial.py <train_command>791 :  List of domains: Laptops11
RESULTS:: 15:56:05: root                                      pydial.py <trainBatch>409 :  *** Training Iteration env1-LAP-tau_nodrop_noinco_sort_sharelast_4020_250100_shpr_1716-seed3-00.8->env1-LAP-tau_nodrop_noinco_sort_sharelast_4020_250100_shpr_1716-seed3-00.9: iter=8, error-rate=0, num-dialogs=1000 ***
RESULTS:: 16:22:24: root                               EvaluationManager.py <_prstr>179 :  Results for domain: Laptops11 --evaluated by: objective success evaluator
RESULTS:: 16:22:24: root                               EvaluationManager.py <_prstr>179 :  # of dialogues  = 1000
RESULTS:: 16:22:24: root                               EvaluationManager.py <_prstr>179 :  Average reward  = 8.77 +- 0.51
RESULTS:: 16:22:24: root                               EvaluationManager.py <_prstr>179 :  Average success = 89.40 +- 1.91
RESULTS:: 16:22:24: root                               EvaluationManager.py <_prstr>179 :  Average turns   = 9.11 +- 0.27
RESULTS:: 16:22:24: root                                   pydial.py <setEvalConfig>470 :  *** Evaluating env1-LAP-tau_nodrop_noinco_sort_sharelast_4020_250100_shpr_1716-seed3-00.9: error-rate=0 num-dialogs=500 ***
RESULTS:: 16:32:37: root                               EvaluationManager.py <_prstr>179 :  Results for domain: Laptops11 --evaluated by: objective success evaluator
RESULTS:: 16:32:37: root                               EvaluationManager.py <_prstr>179 :  # of dialogues  = 500
RESULTS:: 16:32:37: root                               EvaluationManager.py <_prstr>179 :  Average reward  = 7.58 +- 0.83
RESULTS:: 16:32:37: root                               EvaluationManager.py <_prstr>179 :  Average success = 70.80 +- 4.00
RESULTS:: 16:32:37: root                               EvaluationManager.py <_prstr>179 :  Average turns   = 6.58 +- 0.19
RESULTS:: 16:32:37: root                                   pydial.py <train_command>791 :  List of domains: Laptops11
RESULTS:: 16:32:37: root                                      pydial.py <trainBatch>409 :  *** Training Iteration env1-LAP-tau_nodrop_noinco_sort_sharelast_4020_250100_shpr_1716-seed3-00.9->env1-LAP-tau_nodrop_noinco_sort_sharelast_4020_250100_shpr_1716-seed3-00.10: iter=9, error-rate=0, num-dialogs=1000 ***
RESULTS:: 17:08:40: root                               EvaluationManager.py <_prstr>179 :  Results for domain: Laptops11 --evaluated by: objective success evaluator
RESULTS:: 17:08:40: root                               EvaluationManager.py <_prstr>179 :  # of dialogues  = 1000
RESULTS:: 17:08:40: root                               EvaluationManager.py <_prstr>179 :  Average reward  = 8.91 +- 0.51
RESULTS:: 17:08:40: root                               EvaluationManager.py <_prstr>179 :  Average success = 89.60 +- 1.89
RESULTS:: 17:08:40: root                               EvaluationManager.py <_prstr>179 :  Average turns   = 9.01 +- 0.25
RESULTS:: 17:08:40: root                                   pydial.py <setEvalConfig>470 :  *** Evaluating env1-LAP-tau_nodrop_noinco_sort_sharelast_4020_250100_shpr_1716-seed3-00.10: error-rate=0 num-dialogs=500 ***
RESULTS:: 17:18:46: root                               EvaluationManager.py <_prstr>179 :  Results for domain: Laptops11 --evaluated by: objective success evaluator
RESULTS:: 17:18:46: root                               EvaluationManager.py <_prstr>179 :  # of dialogues  = 500
RESULTS:: 17:18:46: root                               EvaluationManager.py <_prstr>179 :  Average reward  = 11.31 +- 0.51
RESULTS:: 17:18:46: root                               EvaluationManager.py <_prstr>179 :  Average success = 93.60 +- 2.15
RESULTS:: 17:18:46: root                               EvaluationManager.py <_prstr>179 :  Average turns   = 7.41 +- 0.24
RESULTS:: 17:18:46: root                                   pydial.py <train_command>807 :  *** Training complete. log: env1-LAP-tau_nodrop_noinco_sort_sharelast_4020_250100_shpr_1716-seed3-00.1-10.train.log - final policy is env1-LAP-tau_nodrop_noinco_sort_sharelast_4020_250100_shpr_1716-00-10
