RESULTS:: 10:59:21: root                                   pydial.py <train_command>791 :  List of domains: Laptops11
RESULTS:: 10:59:21: root                                      pydial.py <trainBatch>409 :  *** Training Iteration env1-LAP-tau_nodrop_noinco_sort_sharelast_4020_250100_shpr_1716-seed4-00.0->env1-LAP-tau_nodrop_noinco_sort_sharelast_4020_250100_shpr_1716-seed4-00.1: iter=0, error-rate=0, num-dialogs=1000 ***
RESULTS:: 11:27:33: root                               EvaluationManager.py <_prstr>179 :  Results for domain: Laptops11 --evaluated by: objective success evaluator
RESULTS:: 11:27:33: root                               EvaluationManager.py <_prstr>179 :  # of dialogues  = 1000
RESULTS:: 11:27:33: root                               EvaluationManager.py <_prstr>179 :  Average reward  = 6.73 +- 0.63
RESULTS:: 11:27:33: root                               EvaluationManager.py <_prstr>179 :  Average success = 81.00 +- 2.43
RESULTS:: 11:27:33: root                               EvaluationManager.py <_prstr>179 :  Average turns   = 9.47 +- 0.28
RESULTS:: 11:27:33: root                                   pydial.py <setEvalConfig>470 :  *** Evaluating env1-LAP-tau_nodrop_noinco_sort_sharelast_4020_250100_shpr_1716-seed4-00.1: error-rate=0 num-dialogs=500 ***
RESULTS:: 11:38:06: root                               EvaluationManager.py <_prstr>179 :  Results for domain: Laptops11 --evaluated by: objective success evaluator
RESULTS:: 11:38:06: root                               EvaluationManager.py <_prstr>179 :  # of dialogues  = 500
RESULTS:: 11:38:06: root                               EvaluationManager.py <_prstr>179 :  Average reward  = 3.27 +- 0.97
RESULTS:: 11:38:06: root                               EvaluationManager.py <_prstr>179 :  Average success = 56.20 +- 4.36
RESULTS:: 11:38:06: root                               EvaluationManager.py <_prstr>179 :  Average turns   = 7.97 +- 0.25
RESULTS:: 11:38:06: root                                   pydial.py <train_command>791 :  List of domains: Laptops11
RESULTS:: 11:38:06: root                                      pydial.py <trainBatch>409 :  *** Training Iteration env1-LAP-tau_nodrop_noinco_sort_sharelast_4020_250100_shpr_1716-seed4-00.1->env1-LAP-tau_nodrop_noinco_sort_sharelast_4020_250100_shpr_1716-seed4-00.2: iter=1, error-rate=0, num-dialogs=1000 ***
RESULTS:: 12:04:18: root                               EvaluationManager.py <_prstr>179 :  Results for domain: Laptops11 --evaluated by: objective success evaluator
RESULTS:: 12:04:18: root                               EvaluationManager.py <_prstr>179 :  # of dialogues  = 1000
RESULTS:: 12:04:18: root                               EvaluationManager.py <_prstr>179 :  Average reward  = 9.83 +- 0.44
RESULTS:: 12:04:18: root                               EvaluationManager.py <_prstr>179 :  Average success = 92.60 +- 1.62
RESULTS:: 12:04:18: root                               EvaluationManager.py <_prstr>179 :  Average turns   = 8.69 +- 0.24
RESULTS:: 12:04:18: root                                   pydial.py <setEvalConfig>470 :  *** Evaluating env1-LAP-tau_nodrop_noinco_sort_sharelast_4020_250100_shpr_1716-seed4-00.2: error-rate=0 num-dialogs=500 ***
RESULTS:: 12:14:40: root                               EvaluationManager.py <_prstr>179 :  Results for domain: Laptops11 --evaluated by: objective success evaluator
RESULTS:: 12:14:40: root                               EvaluationManager.py <_prstr>179 :  # of dialogues  = 500
RESULTS:: 12:14:40: root                               EvaluationManager.py <_prstr>179 :  Average reward  = 11.60 +- 0.46
RESULTS:: 12:14:40: root                               EvaluationManager.py <_prstr>179 :  Average success = 96.00 +- 1.72
RESULTS:: 12:14:40: root                               EvaluationManager.py <_prstr>179 :  Average turns   = 7.60 +- 0.25
RESULTS:: 12:14:40: root                                   pydial.py <train_command>791 :  List of domains: Laptops11
RESULTS:: 12:14:40: root                                      pydial.py <trainBatch>409 :  *** Training Iteration env1-LAP-tau_nodrop_noinco_sort_sharelast_4020_250100_shpr_1716-seed4-00.2->env1-LAP-tau_nodrop_noinco_sort_sharelast_4020_250100_shpr_1716-seed4-00.3: iter=2, error-rate=0, num-dialogs=1000 ***
RESULTS:: 12:40:06: root                               EvaluationManager.py <_prstr>179 :  Results for domain: Laptops11 --evaluated by: objective success evaluator
RESULTS:: 12:40:06: root                               EvaluationManager.py <_prstr>179 :  # of dialogues  = 1000
RESULTS:: 12:40:06: root                               EvaluationManager.py <_prstr>179 :  Average reward  = 9.83 +- 0.44
RESULTS:: 12:40:06: root                               EvaluationManager.py <_prstr>179 :  Average success = 91.80 +- 1.70
RESULTS:: 12:40:06: root                               EvaluationManager.py <_prstr>179 :  Average turns   = 8.53 +- 0.24
RESULTS:: 12:40:06: root                                   pydial.py <setEvalConfig>470 :  *** Evaluating env1-LAP-tau_nodrop_noinco_sort_sharelast_4020_250100_shpr_1716-seed4-00.3: error-rate=0 num-dialogs=500 ***
RESULTS:: 12:50:43: root                               EvaluationManager.py <_prstr>179 :  Results for domain: Laptops11 --evaluated by: objective success evaluator
RESULTS:: 12:50:43: root                               EvaluationManager.py <_prstr>179 :  # of dialogues  = 500
RESULTS:: 12:50:43: root                               EvaluationManager.py <_prstr>179 :  Average reward  = 8.89 +- 0.74
RESULTS:: 12:50:43: root                               EvaluationManager.py <_prstr>179 :  Average success = 82.20 +- 3.36
RESULTS:: 12:50:43: root                               EvaluationManager.py <_prstr>179 :  Average turns   = 7.55 +- 0.22
RESULTS:: 12:50:43: root                                   pydial.py <train_command>791 :  List of domains: Laptops11
RESULTS:: 12:50:43: root                                      pydial.py <trainBatch>409 :  *** Training Iteration env1-LAP-tau_nodrop_noinco_sort_sharelast_4020_250100_shpr_1716-seed4-00.3->env1-LAP-tau_nodrop_noinco_sort_sharelast_4020_250100_shpr_1716-seed4-00.4: iter=3, error-rate=0, num-dialogs=1000 ***
RESULTS:: 13:16:34: root                               EvaluationManager.py <_prstr>179 :  Results for domain: Laptops11 --evaluated by: objective success evaluator
RESULTS:: 13:16:34: root                               EvaluationManager.py <_prstr>179 :  # of dialogues  = 1000
RESULTS:: 13:16:34: root                               EvaluationManager.py <_prstr>179 :  Average reward  = 8.92 +- 0.48
RESULTS:: 13:16:34: root                               EvaluationManager.py <_prstr>179 :  Average success = 88.20 +- 2.00
RESULTS:: 13:16:34: root                               EvaluationManager.py <_prstr>179 :  Average turns   = 8.72 +- 0.23
RESULTS:: 13:16:34: root                                   pydial.py <setEvalConfig>470 :  *** Evaluating env1-LAP-tau_nodrop_noinco_sort_sharelast_4020_250100_shpr_1716-seed4-00.4: error-rate=0 num-dialogs=500 ***
RESULTS:: 13:25:46: root                               EvaluationManager.py <_prstr>179 :  Results for domain: Laptops11 --evaluated by: objective success evaluator
RESULTS:: 13:25:46: root                               EvaluationManager.py <_prstr>179 :  # of dialogues  = 500
RESULTS:: 13:25:46: root                               EvaluationManager.py <_prstr>179 :  Average reward  = 3.65 +- 0.92
RESULTS:: 13:25:46: root                               EvaluationManager.py <_prstr>179 :  Average success = 51.60 +- 4.39
RESULTS:: 13:25:46: root                               EvaluationManager.py <_prstr>179 :  Average turns   = 6.67 +- 0.21
RESULTS:: 13:25:46: root                                   pydial.py <train_command>791 :  List of domains: Laptops11
RESULTS:: 13:25:46: root                                      pydial.py <trainBatch>409 :  *** Training Iteration env1-LAP-tau_nodrop_noinco_sort_sharelast_4020_250100_shpr_1716-seed4-00.4->env1-LAP-tau_nodrop_noinco_sort_sharelast_4020_250100_shpr_1716-seed4-00.5: iter=4, error-rate=0, num-dialogs=1000 ***
RESULTS:: 13:52:26: root                               EvaluationManager.py <_prstr>179 :  Results for domain: Laptops11 --evaluated by: objective success evaluator
RESULTS:: 13:52:26: root                               EvaluationManager.py <_prstr>179 :  # of dialogues  = 1000
RESULTS:: 13:52:26: root                               EvaluationManager.py <_prstr>179 :  Average reward  = 8.72 +- 0.50
RESULTS:: 13:52:26: root                               EvaluationManager.py <_prstr>179 :  Average success = 89.10 +- 1.93
RESULTS:: 13:52:26: root                               EvaluationManager.py <_prstr>179 :  Average turns   = 9.10 +- 0.26
RESULTS:: 13:52:26: root                                   pydial.py <setEvalConfig>470 :  *** Evaluating env1-LAP-tau_nodrop_noinco_sort_sharelast_4020_250100_shpr_1716-seed4-00.5: error-rate=0 num-dialogs=500 ***
RESULTS:: 14:02:48: root                               EvaluationManager.py <_prstr>179 :  Results for domain: Laptops11 --evaluated by: objective success evaluator
RESULTS:: 14:02:48: root                               EvaluationManager.py <_prstr>179 :  # of dialogues  = 500
RESULTS:: 14:02:48: root                               EvaluationManager.py <_prstr>179 :  Average reward  = 7.28 +- 0.83
RESULTS:: 14:02:48: root                               EvaluationManager.py <_prstr>179 :  Average success = 73.60 +- 3.87
RESULTS:: 14:02:48: root                               EvaluationManager.py <_prstr>179 :  Average turns   = 7.44 +- 0.23
RESULTS:: 14:02:49: root                                   pydial.py <train_command>791 :  List of domains: Laptops11
RESULTS:: 14:02:49: root                                      pydial.py <trainBatch>409 :  *** Training Iteration env1-LAP-tau_nodrop_noinco_sort_sharelast_4020_250100_shpr_1716-seed4-00.5->env1-LAP-tau_nodrop_noinco_sort_sharelast_4020_250100_shpr_1716-seed4-00.6: iter=5, error-rate=0, num-dialogs=1000 ***
RESULTS:: 14:30:30: root                               EvaluationManager.py <_prstr>179 :  Results for domain: Laptops11 --evaluated by: objective success evaluator
RESULTS:: 14:30:30: root                               EvaluationManager.py <_prstr>179 :  # of dialogues  = 1000
RESULTS:: 14:30:30: root                               EvaluationManager.py <_prstr>179 :  Average reward  = 8.72 +- 0.52
RESULTS:: 14:30:30: root                               EvaluationManager.py <_prstr>179 :  Average success = 88.50 +- 1.98
RESULTS:: 14:30:30: root                               EvaluationManager.py <_prstr>179 :  Average turns   = 8.98 +- 0.25
RESULTS:: 14:30:30: root                                   pydial.py <setEvalConfig>470 :  *** Evaluating env1-LAP-tau_nodrop_noinco_sort_sharelast_4020_250100_shpr_1716-seed4-00.6: error-rate=0 num-dialogs=500 ***
RESULTS:: 14:44:38: root                               EvaluationManager.py <_prstr>179 :  Results for domain: Laptops11 --evaluated by: objective success evaluator
RESULTS:: 14:44:38: root                               EvaluationManager.py <_prstr>179 :  # of dialogues  = 500
RESULTS:: 14:44:38: root                               EvaluationManager.py <_prstr>179 :  Average reward  = 7.41 +- 0.82
RESULTS:: 14:44:38: root                               EvaluationManager.py <_prstr>179 :  Average success = 74.40 +- 3.83
RESULTS:: 14:44:38: root                               EvaluationManager.py <_prstr>179 :  Average turns   = 7.47 +- 0.22
RESULTS:: 14:44:38: root                                   pydial.py <train_command>791 :  List of domains: Laptops11
RESULTS:: 14:44:38: root                                      pydial.py <trainBatch>409 :  *** Training Iteration env1-LAP-tau_nodrop_noinco_sort_sharelast_4020_250100_shpr_1716-seed4-00.6->env1-LAP-tau_nodrop_noinco_sort_sharelast_4020_250100_shpr_1716-seed4-00.7: iter=6, error-rate=0, num-dialogs=1000 ***
RESULTS:: 15:11:09: root                               EvaluationManager.py <_prstr>179 :  Results for domain: Laptops11 --evaluated by: objective success evaluator
RESULTS:: 15:11:09: root                               EvaluationManager.py <_prstr>179 :  # of dialogues  = 1000
RESULTS:: 15:11:09: root                               EvaluationManager.py <_prstr>179 :  Average reward  = 9.17 +- 0.49
RESULTS:: 15:11:09: root                               EvaluationManager.py <_prstr>179 :  Average success = 89.90 +- 1.87
RESULTS:: 15:11:09: root                               EvaluationManager.py <_prstr>179 :  Average turns   = 8.81 +- 0.25
RESULTS:: 15:11:09: root                                   pydial.py <setEvalConfig>470 :  *** Evaluating env1-LAP-tau_nodrop_noinco_sort_sharelast_4020_250100_shpr_1716-seed4-00.7: error-rate=0 num-dialogs=500 ***
RESULTS:: 15:21:42: root                               EvaluationManager.py <_prstr>179 :  Results for domain: Laptops11 --evaluated by: objective success evaluator
RESULTS:: 15:21:42: root                               EvaluationManager.py <_prstr>179 :  # of dialogues  = 500
RESULTS:: 15:21:42: root                               EvaluationManager.py <_prstr>179 :  Average reward  = 8.29 +- 0.76
RESULTS:: 15:21:42: root                               EvaluationManager.py <_prstr>179 :  Average success = 79.40 +- 3.55
RESULTS:: 15:21:42: root                               EvaluationManager.py <_prstr>179 :  Average turns   = 7.59 +- 0.26
RESULTS:: 15:21:42: root                                   pydial.py <train_command>791 :  List of domains: Laptops11
RESULTS:: 15:21:42: root                                      pydial.py <trainBatch>409 :  *** Training Iteration env1-LAP-tau_nodrop_noinco_sort_sharelast_4020_250100_shpr_1716-seed4-00.7->env1-LAP-tau_nodrop_noinco_sort_sharelast_4020_250100_shpr_1716-seed4-00.8: iter=7, error-rate=0, num-dialogs=1000 ***
RESULTS:: 15:47:18: root                               EvaluationManager.py <_prstr>179 :  Results for domain: Laptops11 --evaluated by: objective success evaluator
RESULTS:: 15:47:18: root                               EvaluationManager.py <_prstr>179 :  # of dialogues  = 1000
RESULTS:: 15:47:18: root                               EvaluationManager.py <_prstr>179 :  Average reward  = 9.30 +- 0.47
RESULTS:: 15:47:18: root                               EvaluationManager.py <_prstr>179 :  Average success = 89.90 +- 1.87
RESULTS:: 15:47:18: root                               EvaluationManager.py <_prstr>179 :  Average turns   = 8.68 +- 0.24
RESULTS:: 15:47:18: root                                   pydial.py <setEvalConfig>470 :  *** Evaluating env1-LAP-tau_nodrop_noinco_sort_sharelast_4020_250100_shpr_1716-seed4-00.8: error-rate=0 num-dialogs=500 ***
RESULTS:: 15:57:46: root                               EvaluationManager.py <_prstr>179 :  Results for domain: Laptops11 --evaluated by: objective success evaluator
RESULTS:: 15:57:46: root                               EvaluationManager.py <_prstr>179 :  # of dialogues  = 500
RESULTS:: 15:57:46: root                               EvaluationManager.py <_prstr>179 :  Average reward  = 11.56 +- 0.51
RESULTS:: 15:57:46: root                               EvaluationManager.py <_prstr>179 :  Average success = 95.60 +- 1.80
RESULTS:: 15:57:46: root                               EvaluationManager.py <_prstr>179 :  Average turns   = 7.56 +- 0.26
RESULTS:: 15:57:46: root                                   pydial.py <train_command>791 :  List of domains: Laptops11
RESULTS:: 15:57:46: root                                      pydial.py <trainBatch>409 :  *** Training Iteration env1-LAP-tau_nodrop_noinco_sort_sharelast_4020_250100_shpr_1716-seed4-00.8->env1-LAP-tau_nodrop_noinco_sort_sharelast_4020_250100_shpr_1716-seed4-00.9: iter=8, error-rate=0, num-dialogs=1000 ***
RESULTS:: 16:23:31: root                               EvaluationManager.py <_prstr>179 :  Results for domain: Laptops11 --evaluated by: objective success evaluator
RESULTS:: 16:23:31: root                               EvaluationManager.py <_prstr>179 :  # of dialogues  = 1000
RESULTS:: 16:23:31: root                               EvaluationManager.py <_prstr>179 :  Average reward  = 9.37 +- 0.48
RESULTS:: 16:23:31: root                               EvaluationManager.py <_prstr>179 :  Average success = 91.00 +- 1.78
RESULTS:: 16:23:31: root                               EvaluationManager.py <_prstr>179 :  Average turns   = 8.83 +- 0.25
RESULTS:: 16:23:31: root                                   pydial.py <setEvalConfig>470 :  *** Evaluating env1-LAP-tau_nodrop_noinco_sort_sharelast_4020_250100_shpr_1716-seed4-00.9: error-rate=0 num-dialogs=500 ***
RESULTS:: 16:36:10: root                               EvaluationManager.py <_prstr>179 :  Results for domain: Laptops11 --evaluated by: objective success evaluator
RESULTS:: 16:36:10: root                               EvaluationManager.py <_prstr>179 :  # of dialogues  = 500
RESULTS:: 16:36:10: root                               EvaluationManager.py <_prstr>179 :  Average reward  = 10.56 +- 0.65
RESULTS:: 16:36:10: root                               EvaluationManager.py <_prstr>179 :  Average success = 91.60 +- 2.44
RESULTS:: 16:36:10: root                               EvaluationManager.py <_prstr>179 :  Average turns   = 7.76 +- 0.31
RESULTS:: 16:36:10: root                                   pydial.py <train_command>791 :  List of domains: Laptops11
RESULTS:: 16:36:10: root                                      pydial.py <trainBatch>409 :  *** Training Iteration env1-LAP-tau_nodrop_noinco_sort_sharelast_4020_250100_shpr_1716-seed4-00.9->env1-LAP-tau_nodrop_noinco_sort_sharelast_4020_250100_shpr_1716-seed4-00.10: iter=9, error-rate=0, num-dialogs=1000 ***
RESULTS:: 17:11:03: root                               EvaluationManager.py <_prstr>179 :  Results for domain: Laptops11 --evaluated by: objective success evaluator
RESULTS:: 17:11:03: root                               EvaluationManager.py <_prstr>179 :  # of dialogues  = 1000
RESULTS:: 17:11:03: root                               EvaluationManager.py <_prstr>179 :  Average reward  = 8.54 +- 0.52
RESULTS:: 17:11:03: root                               EvaluationManager.py <_prstr>179 :  Average success = 87.00 +- 2.09
RESULTS:: 17:11:03: root                               EvaluationManager.py <_prstr>179 :  Average turns   = 8.86 +- 0.23
RESULTS:: 17:11:03: root                                   pydial.py <setEvalConfig>470 :  *** Evaluating env1-LAP-tau_nodrop_noinco_sort_sharelast_4020_250100_shpr_1716-seed4-00.10: error-rate=0 num-dialogs=500 ***
RESULTS:: 17:20:51: root                               EvaluationManager.py <_prstr>179 :  Results for domain: Laptops11 --evaluated by: objective success evaluator
RESULTS:: 17:20:51: root                               EvaluationManager.py <_prstr>179 :  # of dialogues  = 500
RESULTS:: 17:20:51: root                               EvaluationManager.py <_prstr>179 :  Average reward  = 8.87 +- 0.76
RESULTS:: 17:20:51: root                               EvaluationManager.py <_prstr>179 :  Average success = 80.40 +- 3.49
RESULTS:: 17:20:51: root                               EvaluationManager.py <_prstr>179 :  Average turns   = 7.21 +- 0.21
RESULTS:: 17:20:51: root                                   pydial.py <train_command>807 :  *** Training complete. log: env1-LAP-tau_nodrop_noinco_sort_sharelast_4020_250100_shpr_1716-seed4-00.1-10.train.log - final policy is env1-LAP-tau_nodrop_noinco_sort_sharelast_4020_250100_shpr_1716-00-10
