RESULTS:: 12:12:26: root                                   pydial.py <train_command>791 :  List of domains: Laptops11
RESULTS:: 12:12:26: root                                      pydial.py <trainBatch>409 :  *** Training Iteration env1-hdc-LAP-nature-nodrop-seed2-00.0->env1-hdc-LAP-nature-nodrop-seed2-00.1: iter=0, error-rate=0, num-dialogs=1000 ***
RESULTS:: 12:40:59: root                               EvaluationManager.py <_prstr>179 :  Results for domain: Laptops11 --evaluated by: objective success evaluator
RESULTS:: 12:40:59: root                               EvaluationManager.py <_prstr>179 :  # of dialogues  = 1000
RESULTS:: 12:40:59: root                               EvaluationManager.py <_prstr>179 :  Average reward  = 5.97 +- 0.65
RESULTS:: 12:40:59: root                               EvaluationManager.py <_prstr>179 :  Average success = 76.50 +- 2.63
RESULTS:: 12:40:59: root                               EvaluationManager.py <_prstr>179 :  Average turns   = 9.33 +- 0.27
RESULTS:: 12:40:59: root                                   pydial.py <setEvalConfig>470 :  *** Evaluating env1-hdc-LAP-nature-nodrop-seed2-00.1: error-rate=0 num-dialogs=1000 ***
RESULTS:: 12:49:41: root                               EvaluationManager.py <_prstr>179 :  Results for domain: Laptops11 --evaluated by: objective success evaluator
RESULTS:: 12:49:41: root                               EvaluationManager.py <_prstr>179 :  # of dialogues  = 1000
RESULTS:: 12:49:41: root                               EvaluationManager.py <_prstr>179 :  Average reward  = 8.48 +- 0.57
RESULTS:: 12:49:41: root                               EvaluationManager.py <_prstr>179 :  Average success = 78.40 +- 2.55
RESULTS:: 12:49:41: root                               EvaluationManager.py <_prstr>179 :  Average turns   = 7.20 +- 0.15
RESULTS:: 12:49:41: root                                   pydial.py <train_command>791 :  List of domains: Laptops11
RESULTS:: 12:49:41: root                                      pydial.py <trainBatch>409 :  *** Training Iteration env1-hdc-LAP-nature-nodrop-seed2-00.1->env1-hdc-LAP-nature-nodrop-seed2-00.2: iter=1, error-rate=0, num-dialogs=1000 ***
RESULTS:: 13:19:21: root                               EvaluationManager.py <_prstr>179 :  Results for domain: Laptops11 --evaluated by: objective success evaluator
RESULTS:: 13:19:21: root                               EvaluationManager.py <_prstr>179 :  # of dialogues  = 1000
RESULTS:: 13:19:21: root                               EvaluationManager.py <_prstr>179 :  Average reward  = 6.41 +- 0.63
RESULTS:: 13:19:21: root                               EvaluationManager.py <_prstr>179 :  Average success = 78.90 +- 2.53
RESULTS:: 13:19:21: root                               EvaluationManager.py <_prstr>179 :  Average turns   = 9.37 +- 0.27
RESULTS:: 13:19:21: root                                   pydial.py <setEvalConfig>470 :  *** Evaluating env1-hdc-LAP-nature-nodrop-seed2-00.2: error-rate=0 num-dialogs=1000 ***
RESULTS:: 13:28:59: root                               EvaluationManager.py <_prstr>179 :  Results for domain: Laptops11 --evaluated by: objective success evaluator
RESULTS:: 13:28:59: root                               EvaluationManager.py <_prstr>179 :  # of dialogues  = 1000
RESULTS:: 13:28:59: root                               EvaluationManager.py <_prstr>179 :  Average reward  = 5.17 +- 0.67
RESULTS:: 13:28:59: root                               EvaluationManager.py <_prstr>179 :  Average success = 63.00 +- 3.00
RESULTS:: 13:28:59: root                               EvaluationManager.py <_prstr>179 :  Average turns   = 7.43 +- 0.19
RESULTS:: 13:28:59: root                                   pydial.py <train_command>791 :  List of domains: Laptops11
RESULTS:: 13:28:59: root                                      pydial.py <trainBatch>409 :  *** Training Iteration env1-hdc-LAP-nature-nodrop-seed2-00.2->env1-hdc-LAP-nature-nodrop-seed2-00.3: iter=2, error-rate=0, num-dialogs=1000 ***
RESULTS:: 13:58:19: root                               EvaluationManager.py <_prstr>179 :  Results for domain: Laptops11 --evaluated by: objective success evaluator
RESULTS:: 13:58:19: root                               EvaluationManager.py <_prstr>179 :  # of dialogues  = 1000
RESULTS:: 13:58:19: root                               EvaluationManager.py <_prstr>179 :  Average reward  = 7.26 +- 0.58
RESULTS:: 13:58:19: root                               EvaluationManager.py <_prstr>179 :  Average success = 82.50 +- 2.36
RESULTS:: 13:58:19: root                               EvaluationManager.py <_prstr>179 :  Average turns   = 9.24 +- 0.25
RESULTS:: 13:58:19: root                                   pydial.py <setEvalConfig>470 :  *** Evaluating env1-hdc-LAP-nature-nodrop-seed2-00.3: error-rate=0 num-dialogs=1000 ***
RESULTS:: 14:07:32: root                               EvaluationManager.py <_prstr>179 :  Results for domain: Laptops11 --evaluated by: objective success evaluator
RESULTS:: 14:07:32: root                               EvaluationManager.py <_prstr>179 :  # of dialogues  = 1000
RESULTS:: 14:07:32: root                               EvaluationManager.py <_prstr>179 :  Average reward  = 8.02 +- 0.56
RESULTS:: 14:07:32: root                               EvaluationManager.py <_prstr>179 :  Average success = 76.80 +- 2.62
RESULTS:: 14:07:32: root                               EvaluationManager.py <_prstr>179 :  Average turns   = 7.34 +- 0.15
RESULTS:: 14:07:32: root                                   pydial.py <train_command>791 :  List of domains: Laptops11
RESULTS:: 14:07:32: root                                      pydial.py <trainBatch>409 :  *** Training Iteration env1-hdc-LAP-nature-nodrop-seed2-00.3->env1-hdc-LAP-nature-nodrop-seed2-00.4: iter=3, error-rate=0, num-dialogs=1000 ***
RESULTS:: 14:37:01: root                               EvaluationManager.py <_prstr>179 :  Results for domain: Laptops11 --evaluated by: objective success evaluator
RESULTS:: 14:37:01: root                               EvaluationManager.py <_prstr>179 :  # of dialogues  = 1000
RESULTS:: 14:37:01: root                               EvaluationManager.py <_prstr>179 :  Average reward  = 7.11 +- 0.63
RESULTS:: 14:37:01: root                               EvaluationManager.py <_prstr>179 :  Average success = 81.70 +- 2.40
RESULTS:: 14:37:01: root                               EvaluationManager.py <_prstr>179 :  Average turns   = 9.23 +- 0.28
RESULTS:: 14:37:01: root                                   pydial.py <setEvalConfig>470 :  *** Evaluating env1-hdc-LAP-nature-nodrop-seed2-00.4: error-rate=0 num-dialogs=1000 ***
RESULTS:: 14:46:32: root                               EvaluationManager.py <_prstr>179 :  Results for domain: Laptops11 --evaluated by: objective success evaluator
RESULTS:: 14:46:32: root                               EvaluationManager.py <_prstr>179 :  # of dialogues  = 1000
RESULTS:: 14:46:32: root                               EvaluationManager.py <_prstr>179 :  Average reward  = 6.96 +- 0.63
RESULTS:: 14:46:32: root                               EvaluationManager.py <_prstr>179 :  Average success = 71.10 +- 2.81
RESULTS:: 14:46:32: root                               EvaluationManager.py <_prstr>179 :  Average turns   = 7.26 +- 0.17
RESULTS:: 14:46:32: root                                   pydial.py <train_command>791 :  List of domains: Laptops11
RESULTS:: 14:46:32: root                                      pydial.py <trainBatch>409 :  *** Training Iteration env1-hdc-LAP-nature-nodrop-seed2-00.4->env1-hdc-LAP-nature-nodrop-seed2-00.5: iter=4, error-rate=0, num-dialogs=1000 ***
RESULTS:: 15:16:34: root                               EvaluationManager.py <_prstr>179 :  Results for domain: Laptops11 --evaluated by: objective success evaluator
RESULTS:: 15:16:34: root                               EvaluationManager.py <_prstr>179 :  # of dialogues  = 1000
RESULTS:: 15:16:34: root                               EvaluationManager.py <_prstr>179 :  Average reward  = 6.96 +- 0.63
RESULTS:: 15:16:34: root                               EvaluationManager.py <_prstr>179 :  Average success = 82.90 +- 2.34
RESULTS:: 15:16:34: root                               EvaluationManager.py <_prstr>179 :  Average turns   = 9.62 +- 0.30
RESULTS:: 15:16:34: root                                   pydial.py <setEvalConfig>470 :  *** Evaluating env1-hdc-LAP-nature-nodrop-seed2-00.5: error-rate=0 num-dialogs=1000 ***
RESULTS:: 15:25:49: root                               EvaluationManager.py <_prstr>179 :  Results for domain: Laptops11 --evaluated by: objective success evaluator
RESULTS:: 15:25:49: root                               EvaluationManager.py <_prstr>179 :  # of dialogues  = 1000
RESULTS:: 15:25:49: root                               EvaluationManager.py <_prstr>179 :  Average reward  = 8.48 +- 0.57
RESULTS:: 15:25:49: root                               EvaluationManager.py <_prstr>179 :  Average success = 79.10 +- 2.52
RESULTS:: 15:25:49: root                               EvaluationManager.py <_prstr>179 :  Average turns   = 7.34 +- 0.17
RESULTS:: 15:25:49: root                                   pydial.py <train_command>791 :  List of domains: Laptops11
RESULTS:: 15:25:49: root                                      pydial.py <trainBatch>409 :  *** Training Iteration env1-hdc-LAP-nature-nodrop-seed2-00.5->env1-hdc-LAP-nature-nodrop-seed2-00.6: iter=5, error-rate=0, num-dialogs=1000 ***
RESULTS:: 15:55:58: root                               EvaluationManager.py <_prstr>179 :  Results for domain: Laptops11 --evaluated by: objective success evaluator
RESULTS:: 15:55:58: root                               EvaluationManager.py <_prstr>179 :  # of dialogues  = 1000
RESULTS:: 15:55:58: root                               EvaluationManager.py <_prstr>179 :  Average reward  = 8.54 +- 0.54
RESULTS:: 15:55:58: root                               EvaluationManager.py <_prstr>179 :  Average success = 89.20 +- 1.93
RESULTS:: 15:55:58: root                               EvaluationManager.py <_prstr>179 :  Average turns   = 9.30 +- 0.28
RESULTS:: 15:55:58: root                                   pydial.py <setEvalConfig>470 :  *** Evaluating env1-hdc-LAP-nature-nodrop-seed2-00.6: error-rate=0 num-dialogs=1000 ***
RESULTS:: 16:05:25: root                               EvaluationManager.py <_prstr>179 :  Results for domain: Laptops11 --evaluated by: objective success evaluator
RESULTS:: 16:05:25: root                               EvaluationManager.py <_prstr>179 :  # of dialogues  = 1000
RESULTS:: 16:05:25: root                               EvaluationManager.py <_prstr>179 :  Average reward  = 9.76 +- 0.49
RESULTS:: 16:05:25: root                               EvaluationManager.py <_prstr>179 :  Average success = 85.40 +- 2.19
RESULTS:: 16:05:25: root                               EvaluationManager.py <_prstr>179 :  Average turns   = 7.32 +- 0.17
RESULTS:: 16:05:25: root                                   pydial.py <train_command>791 :  List of domains: Laptops11
RESULTS:: 16:05:25: root                                      pydial.py <trainBatch>409 :  *** Training Iteration env1-hdc-LAP-nature-nodrop-seed2-00.6->env1-hdc-LAP-nature-nodrop-seed2-00.7: iter=6, error-rate=0, num-dialogs=1000 ***
RESULTS:: 16:34:47: root                               EvaluationManager.py <_prstr>179 :  Results for domain: Laptops11 --evaluated by: objective success evaluator
RESULTS:: 16:34:47: root                               EvaluationManager.py <_prstr>179 :  # of dialogues  = 1000
RESULTS:: 16:34:47: root                               EvaluationManager.py <_prstr>179 :  Average reward  = 7.91 +- 0.55
RESULTS:: 16:34:47: root                               EvaluationManager.py <_prstr>179 :  Average success = 85.50 +- 2.18
RESULTS:: 16:34:47: root                               EvaluationManager.py <_prstr>179 :  Average turns   = 9.19 +- 0.26
RESULTS:: 16:34:47: root                                   pydial.py <setEvalConfig>470 :  *** Evaluating env1-hdc-LAP-nature-nodrop-seed2-00.7: error-rate=0 num-dialogs=1000 ***
RESULTS:: 16:43:44: root                               EvaluationManager.py <_prstr>179 :  Results for domain: Laptops11 --evaluated by: objective success evaluator
RESULTS:: 16:43:44: root                               EvaluationManager.py <_prstr>179 :  # of dialogues  = 1000
RESULTS:: 16:43:44: root                               EvaluationManager.py <_prstr>179 :  Average reward  = 6.87 +- 0.60
RESULTS:: 16:43:44: root                               EvaluationManager.py <_prstr>179 :  Average success = 69.80 +- 2.85
RESULTS:: 16:43:44: root                               EvaluationManager.py <_prstr>179 :  Average turns   = 7.09 +- 0.16
RESULTS:: 16:43:44: root                                   pydial.py <train_command>791 :  List of domains: Laptops11
RESULTS:: 16:43:44: root                                      pydial.py <trainBatch>409 :  *** Training Iteration env1-hdc-LAP-nature-nodrop-seed2-00.7->env1-hdc-LAP-nature-nodrop-seed2-00.8: iter=7, error-rate=0, num-dialogs=1000 ***
RESULTS:: 17:14:14: root                               EvaluationManager.py <_prstr>179 :  Results for domain: Laptops11 --evaluated by: objective success evaluator
RESULTS:: 17:14:14: root                               EvaluationManager.py <_prstr>179 :  # of dialogues  = 1000
RESULTS:: 17:14:14: root                               EvaluationManager.py <_prstr>179 :  Average reward  = 7.61 +- 0.59
RESULTS:: 17:14:14: root                               EvaluationManager.py <_prstr>179 :  Average success = 86.10 +- 2.15
RESULTS:: 17:14:14: root                               EvaluationManager.py <_prstr>179 :  Average turns   = 9.61 +- 0.29
RESULTS:: 17:14:14: root                                   pydial.py <setEvalConfig>470 :  *** Evaluating env1-hdc-LAP-nature-nodrop-seed2-00.8: error-rate=0 num-dialogs=1000 ***
RESULTS:: 17:24:12: root                               EvaluationManager.py <_prstr>179 :  Results for domain: Laptops11 --evaluated by: objective success evaluator
RESULTS:: 17:24:12: root                               EvaluationManager.py <_prstr>179 :  # of dialogues  = 1000
RESULTS:: 17:24:12: root                               EvaluationManager.py <_prstr>179 :  Average reward  = 9.32 +- 0.56
RESULTS:: 17:24:12: root                               EvaluationManager.py <_prstr>179 :  Average success = 85.20 +- 2.20
RESULTS:: 17:24:12: root                               EvaluationManager.py <_prstr>179 :  Average turns   = 7.72 +- 0.22
RESULTS:: 17:24:12: root                                   pydial.py <train_command>791 :  List of domains: Laptops11
RESULTS:: 17:24:12: root                                      pydial.py <trainBatch>409 :  *** Training Iteration env1-hdc-LAP-nature-nodrop-seed2-00.8->env1-hdc-LAP-nature-nodrop-seed2-00.9: iter=8, error-rate=0, num-dialogs=1000 ***
RESULTS:: 17:54:22: root                               EvaluationManager.py <_prstr>179 :  Results for domain: Laptops11 --evaluated by: objective success evaluator
RESULTS:: 17:54:22: root                               EvaluationManager.py <_prstr>179 :  # of dialogues  = 1000
RESULTS:: 17:54:22: root                               EvaluationManager.py <_prstr>179 :  Average reward  = 8.31 +- 0.56
RESULTS:: 17:54:22: root                               EvaluationManager.py <_prstr>179 :  Average success = 87.60 +- 2.05
RESULTS:: 17:54:22: root                               EvaluationManager.py <_prstr>179 :  Average turns   = 9.21 +- 0.27
RESULTS:: 17:54:22: root                                   pydial.py <setEvalConfig>470 :  *** Evaluating env1-hdc-LAP-nature-nodrop-seed2-00.9: error-rate=0 num-dialogs=1000 ***
RESULTS:: 18:04:36: root                               EvaluationManager.py <_prstr>179 :  Results for domain: Laptops11 --evaluated by: objective success evaluator
RESULTS:: 18:04:36: root                               EvaluationManager.py <_prstr>179 :  # of dialogues  = 1000
RESULTS:: 18:04:36: root                               EvaluationManager.py <_prstr>179 :  Average reward  = 8.30 +- 0.61
RESULTS:: 18:04:36: root                               EvaluationManager.py <_prstr>179 :  Average success = 81.60 +- 2.40
RESULTS:: 18:04:36: root                               EvaluationManager.py <_prstr>179 :  Average turns   = 8.02 +- 0.24
RESULTS:: 18:04:36: root                                   pydial.py <train_command>791 :  List of domains: Laptops11
RESULTS:: 18:04:36: root                                      pydial.py <trainBatch>409 :  *** Training Iteration env1-hdc-LAP-nature-nodrop-seed2-00.9->env1-hdc-LAP-nature-nodrop-seed2-00.10: iter=9, error-rate=0, num-dialogs=1000 ***
RESULTS:: 18:35:06: root                               EvaluationManager.py <_prstr>179 :  Results for domain: Laptops11 --evaluated by: objective success evaluator
RESULTS:: 18:35:06: root                               EvaluationManager.py <_prstr>179 :  # of dialogues  = 1000
RESULTS:: 18:35:06: root                               EvaluationManager.py <_prstr>179 :  Average reward  = 7.60 +- 0.60
RESULTS:: 18:35:06: root                               EvaluationManager.py <_prstr>179 :  Average success = 85.00 +- 2.22
RESULTS:: 18:35:06: root                               EvaluationManager.py <_prstr>179 :  Average turns   = 9.40 +- 0.29
RESULTS:: 18:35:06: root                                   pydial.py <setEvalConfig>470 :  *** Evaluating env1-hdc-LAP-nature-nodrop-seed2-00.10: error-rate=0 num-dialogs=1000 ***
RESULTS:: 18:44:28: root                               EvaluationManager.py <_prstr>179 :  Results for domain: Laptops11 --evaluated by: objective success evaluator
RESULTS:: 18:44:28: root                               EvaluationManager.py <_prstr>179 :  # of dialogues  = 1000
RESULTS:: 18:44:28: root                               EvaluationManager.py <_prstr>179 :  Average reward  = 8.84 +- 0.56
RESULTS:: 18:44:28: root                               EvaluationManager.py <_prstr>179 :  Average success = 81.20 +- 2.42
RESULTS:: 18:44:28: root                               EvaluationManager.py <_prstr>179 :  Average turns   = 7.40 +- 0.17
RESULTS:: 18:44:28: root                                   pydial.py <train_command>807 :  *** Training complete. log: env1-hdc-LAP-nature-nodrop-seed2-00.1-10.train.log - final policy is env1-hdc-LAP-nature-nodrop-00-10
