RESULTS:: 00:47:27: root                                   pydial.py <train_command>791 :  List of domains: Laptops11
RESULTS:: 00:47:27: root                                      pydial.py <trainBatch>409 :  *** Training Iteration env1-hdc-LAP-nature-nodrop-seed4-00.0->env1-hdc-LAP-nature-nodrop-seed4-00.1: iter=0, error-rate=0, num-dialogs=1000 ***
RESULTS:: 00:56:26: root                               EvaluationManager.py <_prstr>179 :  Results for domain: Laptops11 --evaluated by: objective success evaluator
RESULTS:: 00:56:26: root                               EvaluationManager.py <_prstr>179 :  # of dialogues  = 1000
RESULTS:: 00:56:26: root                               EvaluationManager.py <_prstr>179 :  Average reward  = 6.06 +- 0.63
RESULTS:: 00:56:26: root                               EvaluationManager.py <_prstr>179 :  Average success = 75.30 +- 2.68
RESULTS:: 00:56:26: root                               EvaluationManager.py <_prstr>179 :  Average turns   = 9.00 +- 0.24
RESULTS:: 00:56:26: root                                   pydial.py <setEvalConfig>470 :  *** Evaluating env1-hdc-LAP-nature-nodrop-seed4-00.1: error-rate=0 num-dialogs=1000 ***
RESULTS:: 01:02:33: root                               EvaluationManager.py <_prstr>179 :  Results for domain: Laptops11 --evaluated by: objective success evaluator
RESULTS:: 01:02:33: root                               EvaluationManager.py <_prstr>179 :  # of dialogues  = 1000
RESULTS:: 01:02:33: root                               EvaluationManager.py <_prstr>179 :  Average reward  = 4.62 +- 0.66
RESULTS:: 01:02:33: root                               EvaluationManager.py <_prstr>179 :  Average success = 58.90 +- 3.05
RESULTS:: 01:02:33: root                               EvaluationManager.py <_prstr>179 :  Average turns   = 7.17 +- 0.16
RESULTS:: 01:02:33: root                                   pydial.py <train_command>791 :  List of domains: Laptops11
RESULTS:: 01:02:33: root                                      pydial.py <trainBatch>409 :  *** Training Iteration env1-hdc-LAP-nature-nodrop-seed4-00.1->env1-hdc-LAP-nature-nodrop-seed4-00.2: iter=1, error-rate=0, num-dialogs=1000 ***
RESULTS:: 01:12:14: root                               EvaluationManager.py <_prstr>179 :  Results for domain: Laptops11 --evaluated by: objective success evaluator
RESULTS:: 01:12:14: root                               EvaluationManager.py <_prstr>179 :  # of dialogues  = 1000
RESULTS:: 01:12:14: root                               EvaluationManager.py <_prstr>179 :  Average reward  = 5.79 +- 0.67
RESULTS:: 01:12:14: root                               EvaluationManager.py <_prstr>179 :  Average success = 77.60 +- 2.59
RESULTS:: 01:12:14: root                               EvaluationManager.py <_prstr>179 :  Average turns   = 9.73 +- 0.30
RESULTS:: 01:12:14: root                                   pydial.py <setEvalConfig>470 :  *** Evaluating env1-hdc-LAP-nature-nodrop-seed4-00.2: error-rate=0 num-dialogs=1000 ***
RESULTS:: 01:19:08: root                               EvaluationManager.py <_prstr>179 :  Results for domain: Laptops11 --evaluated by: objective success evaluator
RESULTS:: 01:19:08: root                               EvaluationManager.py <_prstr>179 :  # of dialogues  = 1000
RESULTS:: 01:19:08: root                               EvaluationManager.py <_prstr>179 :  Average reward  = 6.33 +- 0.70
RESULTS:: 01:19:08: root                               EvaluationManager.py <_prstr>179 :  Average success = 71.80 +- 2.79
RESULTS:: 01:19:08: root                               EvaluationManager.py <_prstr>179 :  Average turns   = 8.04 +- 0.27
RESULTS:: 01:19:08: root                                   pydial.py <train_command>791 :  List of domains: Laptops11
RESULTS:: 01:19:08: root                                      pydial.py <trainBatch>409 :  *** Training Iteration env1-hdc-LAP-nature-nodrop-seed4-00.2->env1-hdc-LAP-nature-nodrop-seed4-00.3: iter=2, error-rate=0, num-dialogs=1000 ***
RESULTS:: 01:28:41: root                               EvaluationManager.py <_prstr>179 :  Results for domain: Laptops11 --evaluated by: objective success evaluator
RESULTS:: 01:28:41: root                               EvaluationManager.py <_prstr>179 :  # of dialogues  = 1000
RESULTS:: 01:28:41: root                               EvaluationManager.py <_prstr>179 :  Average reward  = 7.40 +- 0.61
RESULTS:: 01:28:41: root                               EvaluationManager.py <_prstr>179 :  Average success = 83.70 +- 2.29
RESULTS:: 01:28:41: root                               EvaluationManager.py <_prstr>179 :  Average turns   = 9.34 +- 0.28
RESULTS:: 01:28:41: root                                   pydial.py <setEvalConfig>470 :  *** Evaluating env1-hdc-LAP-nature-nodrop-seed4-00.3: error-rate=0 num-dialogs=1000 ***
RESULTS:: 01:35:36: root                               EvaluationManager.py <_prstr>179 :  Results for domain: Laptops11 --evaluated by: objective success evaluator
RESULTS:: 01:35:36: root                               EvaluationManager.py <_prstr>179 :  # of dialogues  = 1000
RESULTS:: 01:35:36: root                               EvaluationManager.py <_prstr>179 :  Average reward  = 5.25 +- 0.67
RESULTS:: 01:35:36: root                               EvaluationManager.py <_prstr>179 :  Average success = 66.60 +- 2.93
RESULTS:: 01:35:36: root                               EvaluationManager.py <_prstr>179 :  Average turns   = 8.07 +- 0.20
RESULTS:: 01:35:36: root                                   pydial.py <train_command>791 :  List of domains: Laptops11
RESULTS:: 01:35:36: root                                      pydial.py <trainBatch>409 :  *** Training Iteration env1-hdc-LAP-nature-nodrop-seed4-00.3->env1-hdc-LAP-nature-nodrop-seed4-00.4: iter=3, error-rate=0, num-dialogs=1000 ***
RESULTS:: 01:44:56: root                               EvaluationManager.py <_prstr>179 :  Results for domain: Laptops11 --evaluated by: objective success evaluator
RESULTS:: 01:44:56: root                               EvaluationManager.py <_prstr>179 :  # of dialogues  = 1000
RESULTS:: 01:44:56: root                               EvaluationManager.py <_prstr>179 :  Average reward  = 7.24 +- 0.61
RESULTS:: 01:44:56: root                               EvaluationManager.py <_prstr>179 :  Average success = 82.60 +- 2.35
RESULTS:: 01:44:56: root                               EvaluationManager.py <_prstr>179 :  Average turns   = 9.29 +- 0.27
RESULTS:: 01:44:56: root                                   pydial.py <setEvalConfig>470 :  *** Evaluating env1-hdc-LAP-nature-nodrop-seed4-00.4: error-rate=0 num-dialogs=1000 ***
RESULTS:: 01:51:30: root                               EvaluationManager.py <_prstr>179 :  Results for domain: Laptops11 --evaluated by: objective success evaluator
RESULTS:: 01:51:30: root                               EvaluationManager.py <_prstr>179 :  # of dialogues  = 1000
RESULTS:: 01:51:30: root                               EvaluationManager.py <_prstr>179 :  Average reward  = 6.04 +- 0.64
RESULTS:: 01:51:30: root                               EvaluationManager.py <_prstr>179 :  Average success = 69.10 +- 2.87
RESULTS:: 01:51:30: root                               EvaluationManager.py <_prstr>179 :  Average turns   = 7.79 +- 0.18
RESULTS:: 01:51:30: root                                   pydial.py <train_command>791 :  List of domains: Laptops11
RESULTS:: 01:51:30: root                                      pydial.py <trainBatch>409 :  *** Training Iteration env1-hdc-LAP-nature-nodrop-seed4-00.4->env1-hdc-LAP-nature-nodrop-seed4-00.5: iter=4, error-rate=0, num-dialogs=1000 ***
RESULTS:: 02:00:59: root                               EvaluationManager.py <_prstr>179 :  Results for domain: Laptops11 --evaluated by: objective success evaluator
RESULTS:: 02:00:59: root                               EvaluationManager.py <_prstr>179 :  # of dialogues  = 1000
RESULTS:: 02:00:59: root                               EvaluationManager.py <_prstr>179 :  Average reward  = 7.49 +- 0.60
RESULTS:: 02:00:59: root                               EvaluationManager.py <_prstr>179 :  Average success = 84.60 +- 2.24
RESULTS:: 02:00:59: root                               EvaluationManager.py <_prstr>179 :  Average turns   = 9.43 +- 0.28
RESULTS:: 02:00:59: root                                   pydial.py <setEvalConfig>470 :  *** Evaluating env1-hdc-LAP-nature-nodrop-seed4-00.5: error-rate=0 num-dialogs=1000 ***
RESULTS:: 02:08:10: root                               EvaluationManager.py <_prstr>179 :  Results for domain: Laptops11 --evaluated by: objective success evaluator
RESULTS:: 02:08:10: root                               EvaluationManager.py <_prstr>179 :  # of dialogues  = 1000
RESULTS:: 02:08:10: root                               EvaluationManager.py <_prstr>179 :  Average reward  = 7.56 +- 0.63
RESULTS:: 02:08:10: root                               EvaluationManager.py <_prstr>179 :  Average success = 78.30 +- 2.56
RESULTS:: 02:08:10: root                               EvaluationManager.py <_prstr>179 :  Average turns   = 8.10 +- 0.25
RESULTS:: 02:08:10: root                                   pydial.py <train_command>791 :  List of domains: Laptops11
RESULTS:: 02:08:10: root                                      pydial.py <trainBatch>409 :  *** Training Iteration env1-hdc-LAP-nature-nodrop-seed4-00.5->env1-hdc-LAP-nature-nodrop-seed4-00.6: iter=5, error-rate=0, num-dialogs=1000 ***
RESULTS:: 02:17:40: root                               EvaluationManager.py <_prstr>179 :  Results for domain: Laptops11 --evaluated by: objective success evaluator
RESULTS:: 02:17:40: root                               EvaluationManager.py <_prstr>179 :  # of dialogues  = 1000
RESULTS:: 02:17:40: root                               EvaluationManager.py <_prstr>179 :  Average reward  = 6.71 +- 0.64
RESULTS:: 02:17:40: root                               EvaluationManager.py <_prstr>179 :  Average success = 81.30 +- 2.42
RESULTS:: 02:17:40: root                               EvaluationManager.py <_prstr>179 :  Average turns   = 9.55 +- 0.30
RESULTS:: 02:17:40: root                                   pydial.py <setEvalConfig>470 :  *** Evaluating env1-hdc-LAP-nature-nodrop-seed4-00.6: error-rate=0 num-dialogs=1000 ***
RESULTS:: 02:24:04: root                               EvaluationManager.py <_prstr>179 :  Results for domain: Laptops11 --evaluated by: objective success evaluator
RESULTS:: 02:24:04: root                               EvaluationManager.py <_prstr>179 :  # of dialogues  = 1000
RESULTS:: 02:24:04: root                               EvaluationManager.py <_prstr>179 :  Average reward  = 8.60 +- 0.56
RESULTS:: 02:24:04: root                               EvaluationManager.py <_prstr>179 :  Average success = 79.30 +- 2.51
RESULTS:: 02:24:04: root                               EvaluationManager.py <_prstr>179 :  Average turns   = 7.26 +- 0.17
RESULTS:: 02:24:04: root                                   pydial.py <train_command>791 :  List of domains: Laptops11
RESULTS:: 02:24:04: root                                      pydial.py <trainBatch>409 :  *** Training Iteration env1-hdc-LAP-nature-nodrop-seed4-00.6->env1-hdc-LAP-nature-nodrop-seed4-00.7: iter=6, error-rate=0, num-dialogs=1000 ***
RESULTS:: 02:33:11: root                               EvaluationManager.py <_prstr>179 :  Results for domain: Laptops11 --evaluated by: objective success evaluator
RESULTS:: 02:33:11: root                               EvaluationManager.py <_prstr>179 :  # of dialogues  = 1000
RESULTS:: 02:33:11: root                               EvaluationManager.py <_prstr>179 :  Average reward  = 7.39 +- 0.59
RESULTS:: 02:33:11: root                               EvaluationManager.py <_prstr>179 :  Average success = 83.10 +- 2.33
RESULTS:: 02:33:11: root                               EvaluationManager.py <_prstr>179 :  Average turns   = 9.23 +- 0.27
RESULTS:: 02:33:11: root                                   pydial.py <setEvalConfig>470 :  *** Evaluating env1-hdc-LAP-nature-nodrop-seed4-00.7: error-rate=0 num-dialogs=1000 ***
RESULTS:: 02:39:45: root                               EvaluationManager.py <_prstr>179 :  Results for domain: Laptops11 --evaluated by: objective success evaluator
RESULTS:: 02:39:45: root                               EvaluationManager.py <_prstr>179 :  # of dialogues  = 1000
RESULTS:: 02:39:45: root                               EvaluationManager.py <_prstr>179 :  Average reward  = 3.52 +- 0.67
RESULTS:: 02:39:45: root                               EvaluationManager.py <_prstr>179 :  Average success = 56.30 +- 3.08
RESULTS:: 02:39:45: root                               EvaluationManager.py <_prstr>179 :  Average turns   = 7.74 +- 0.16
RESULTS:: 02:39:45: root                                   pydial.py <train_command>791 :  List of domains: Laptops11
RESULTS:: 02:39:45: root                                      pydial.py <trainBatch>409 :  *** Training Iteration env1-hdc-LAP-nature-nodrop-seed4-00.7->env1-hdc-LAP-nature-nodrop-seed4-00.8: iter=7, error-rate=0, num-dialogs=1000 ***
RESULTS:: 02:49:05: root                               EvaluationManager.py <_prstr>179 :  Results for domain: Laptops11 --evaluated by: objective success evaluator
RESULTS:: 02:49:05: root                               EvaluationManager.py <_prstr>179 :  # of dialogues  = 1000
RESULTS:: 02:49:05: root                               EvaluationManager.py <_prstr>179 :  Average reward  = 7.55 +- 0.62
RESULTS:: 02:49:05: root                               EvaluationManager.py <_prstr>179 :  Average success = 84.10 +- 2.27
RESULTS:: 02:49:05: root                               EvaluationManager.py <_prstr>179 :  Average turns   = 9.27 +- 0.28
RESULTS:: 02:49:05: root                                   pydial.py <setEvalConfig>470 :  *** Evaluating env1-hdc-LAP-nature-nodrop-seed4-00.8: error-rate=0 num-dialogs=1000 ***
RESULTS:: 02:55:30: root                               EvaluationManager.py <_prstr>179 :  Results for domain: Laptops11 --evaluated by: objective success evaluator
RESULTS:: 02:55:30: root                               EvaluationManager.py <_prstr>179 :  # of dialogues  = 1000
RESULTS:: 02:55:30: root                               EvaluationManager.py <_prstr>179 :  Average reward  = 8.57 +- 0.56
RESULTS:: 02:55:30: root                               EvaluationManager.py <_prstr>179 :  Average success = 79.40 +- 2.51
RESULTS:: 02:55:30: root                               EvaluationManager.py <_prstr>179 :  Average turns   = 7.31 +- 0.17
RESULTS:: 02:55:30: root                                   pydial.py <train_command>791 :  List of domains: Laptops11
RESULTS:: 02:55:30: root                                      pydial.py <trainBatch>409 :  *** Training Iteration env1-hdc-LAP-nature-nodrop-seed4-00.8->env1-hdc-LAP-nature-nodrop-seed4-00.9: iter=8, error-rate=0, num-dialogs=1000 ***
RESULTS:: 03:04:50: root                               EvaluationManager.py <_prstr>179 :  Results for domain: Laptops11 --evaluated by: objective success evaluator
RESULTS:: 03:04:50: root                               EvaluationManager.py <_prstr>179 :  # of dialogues  = 1000
RESULTS:: 03:04:50: root                               EvaluationManager.py <_prstr>179 :  Average reward  = 8.10 +- 0.55
RESULTS:: 03:04:50: root                               EvaluationManager.py <_prstr>179 :  Average success = 86.40 +- 2.13
RESULTS:: 03:04:50: root                               EvaluationManager.py <_prstr>179 :  Average turns   = 9.18 +- 0.26
RESULTS:: 03:04:50: root                                   pydial.py <setEvalConfig>470 :  *** Evaluating env1-hdc-LAP-nature-nodrop-seed4-00.9: error-rate=0 num-dialogs=1000 ***
RESULTS:: 03:11:39: root                               EvaluationManager.py <_prstr>179 :  Results for domain: Laptops11 --evaluated by: objective success evaluator
RESULTS:: 03:11:39: root                               EvaluationManager.py <_prstr>179 :  # of dialogues  = 1000
RESULTS:: 03:11:39: root                               EvaluationManager.py <_prstr>179 :  Average reward  = 7.65 +- 0.59
RESULTS:: 03:11:39: root                               EvaluationManager.py <_prstr>179 :  Average success = 77.20 +- 2.60
RESULTS:: 03:11:39: root                               EvaluationManager.py <_prstr>179 :  Average turns   = 7.79 +- 0.18
RESULTS:: 03:11:39: root                                   pydial.py <train_command>791 :  List of domains: Laptops11
RESULTS:: 03:11:39: root                                      pydial.py <trainBatch>409 :  *** Training Iteration env1-hdc-LAP-nature-nodrop-seed4-00.9->env1-hdc-LAP-nature-nodrop-seed4-00.10: iter=9, error-rate=0, num-dialogs=1000 ***
RESULTS:: 03:20:50: root                               EvaluationManager.py <_prstr>179 :  Results for domain: Laptops11 --evaluated by: objective success evaluator
RESULTS:: 03:20:50: root                               EvaluationManager.py <_prstr>179 :  # of dialogues  = 1000
RESULTS:: 03:20:50: root                               EvaluationManager.py <_prstr>179 :  Average reward  = 8.20 +- 0.58
RESULTS:: 03:20:50: root                               EvaluationManager.py <_prstr>179 :  Average success = 86.30 +- 2.13
RESULTS:: 03:20:50: root                               EvaluationManager.py <_prstr>179 :  Average turns   = 9.06 +- 0.27
RESULTS:: 03:20:50: root                                   pydial.py <setEvalConfig>470 :  *** Evaluating env1-hdc-LAP-nature-nodrop-seed4-00.10: error-rate=0 num-dialogs=1000 ***
RESULTS:: 03:28:07: root                               EvaluationManager.py <_prstr>179 :  Results for domain: Laptops11 --evaluated by: objective success evaluator
RESULTS:: 03:28:07: root                               EvaluationManager.py <_prstr>179 :  # of dialogues  = 1000
RESULTS:: 03:28:07: root                               EvaluationManager.py <_prstr>179 :  Average reward  = 8.30 +- 0.62
RESULTS:: 03:28:07: root                               EvaluationManager.py <_prstr>179 :  Average success = 82.40 +- 2.36
RESULTS:: 03:28:07: root                               EvaluationManager.py <_prstr>179 :  Average turns   = 8.18 +- 0.26
RESULTS:: 03:28:07: root                                   pydial.py <train_command>807 :  *** Training complete. log: env1-hdc-LAP-nature-nodrop-seed4-00.1-10.train.log - final policy is env1-hdc-LAP-nature-nodrop-00-10
