RESULTS:: 06:08:19: root                                   pydial.py <train_command>791 :  List of domains: Laptops11
RESULTS:: 06:08:19: root                                      pydial.py <trainBatch>409 :  *** Training Iteration env1-hdc-LAP-nature-nodrop-seed6-00.0->env1-hdc-LAP-nature-nodrop-seed6-00.1: iter=0, error-rate=0, num-dialogs=1000 ***
RESULTS:: 06:17:22: root                               EvaluationManager.py <_prstr>179 :  Results for domain: Laptops11 --evaluated by: objective success evaluator
RESULTS:: 06:17:22: root                               EvaluationManager.py <_prstr>179 :  # of dialogues  = 1000
RESULTS:: 06:17:22: root                               EvaluationManager.py <_prstr>179 :  Average reward  = 5.12 +- 0.67
RESULTS:: 06:17:22: root                               EvaluationManager.py <_prstr>179 :  Average success = 71.80 +- 2.79
RESULTS:: 06:17:22: root                               EvaluationManager.py <_prstr>179 :  Average turns   = 9.24 +- 0.26
RESULTS:: 06:17:22: root                                   pydial.py <setEvalConfig>470 :  *** Evaluating env1-hdc-LAP-nature-nodrop-seed6-00.1: error-rate=0 num-dialogs=1000 ***
RESULTS:: 06:23:11: root                               EvaluationManager.py <_prstr>179 :  Results for domain: Laptops11 --evaluated by: objective success evaluator
RESULTS:: 06:23:11: root                               EvaluationManager.py <_prstr>179 :  # of dialogues  = 1000
RESULTS:: 06:23:11: root                               EvaluationManager.py <_prstr>179 :  Average reward  = 5.18 +- 0.63
RESULTS:: 06:23:11: root                               EvaluationManager.py <_prstr>179 :  Average success = 59.20 +- 3.05
RESULTS:: 06:23:11: root                               EvaluationManager.py <_prstr>179 :  Average turns   = 6.66 +- 0.12
RESULTS:: 06:23:11: root                                   pydial.py <train_command>791 :  List of domains: Laptops11
RESULTS:: 06:23:11: root                                      pydial.py <trainBatch>409 :  *** Training Iteration env1-hdc-LAP-nature-nodrop-seed6-00.1->env1-hdc-LAP-nature-nodrop-seed6-00.2: iter=1, error-rate=0, num-dialogs=1000 ***
RESULTS:: 06:32:30: root                               EvaluationManager.py <_prstr>179 :  Results for domain: Laptops11 --evaluated by: objective success evaluator
RESULTS:: 06:32:30: root                               EvaluationManager.py <_prstr>179 :  # of dialogues  = 1000
RESULTS:: 06:32:30: root                               EvaluationManager.py <_prstr>179 :  Average reward  = 8.90 +- 0.50
RESULTS:: 06:32:30: root                               EvaluationManager.py <_prstr>179 :  Average success = 88.50 +- 1.98
RESULTS:: 06:32:30: root                               EvaluationManager.py <_prstr>179 :  Average turns   = 8.80 +- 0.24
RESULTS:: 06:32:30: root                                   pydial.py <setEvalConfig>470 :  *** Evaluating env1-hdc-LAP-nature-nodrop-seed6-00.2: error-rate=0 num-dialogs=1000 ***
RESULTS:: 06:38:42: root                               EvaluationManager.py <_prstr>179 :  Results for domain: Laptops11 --evaluated by: objective success evaluator
RESULTS:: 06:38:42: root                               EvaluationManager.py <_prstr>179 :  # of dialogues  = 1000
RESULTS:: 06:38:42: root                               EvaluationManager.py <_prstr>179 :  Average reward  = 10.00 +- 0.49
RESULTS:: 06:38:42: root                               EvaluationManager.py <_prstr>179 :  Average success = 85.20 +- 2.20
RESULTS:: 06:38:42: root                               EvaluationManager.py <_prstr>179 :  Average turns   = 7.04 +- 0.15
RESULTS:: 06:38:42: root                                   pydial.py <train_command>791 :  List of domains: Laptops11
RESULTS:: 06:38:42: root                                      pydial.py <trainBatch>409 :  *** Training Iteration env1-hdc-LAP-nature-nodrop-seed6-00.2->env1-hdc-LAP-nature-nodrop-seed6-00.3: iter=2, error-rate=0, num-dialogs=1000 ***
RESULTS:: 06:48:03: root                               EvaluationManager.py <_prstr>179 :  Results for domain: Laptops11 --evaluated by: objective success evaluator
RESULTS:: 06:48:03: root                               EvaluationManager.py <_prstr>179 :  # of dialogues  = 1000
RESULTS:: 06:48:03: root                               EvaluationManager.py <_prstr>179 :  Average reward  = 8.41 +- 0.55
RESULTS:: 06:48:03: root                               EvaluationManager.py <_prstr>179 :  Average success = 87.50 +- 2.05
RESULTS:: 06:48:03: root                               EvaluationManager.py <_prstr>179 :  Average turns   = 9.09 +- 0.26
RESULTS:: 06:48:03: root                                   pydial.py <setEvalConfig>470 :  *** Evaluating env1-hdc-LAP-nature-nodrop-seed6-00.3: error-rate=0 num-dialogs=1000 ***
RESULTS:: 06:54:48: root                               EvaluationManager.py <_prstr>179 :  Results for domain: Laptops11 --evaluated by: objective success evaluator
RESULTS:: 06:54:48: root                               EvaluationManager.py <_prstr>179 :  # of dialogues  = 1000
RESULTS:: 06:54:48: root                               EvaluationManager.py <_prstr>179 :  Average reward  = 8.99 +- 0.54
RESULTS:: 06:54:48: root                               EvaluationManager.py <_prstr>179 :  Average success = 82.60 +- 2.35
RESULTS:: 06:54:48: root                               EvaluationManager.py <_prstr>179 :  Average turns   = 7.53 +- 0.19
RESULTS:: 06:54:48: root                                   pydial.py <train_command>791 :  List of domains: Laptops11
RESULTS:: 06:54:48: root                                      pydial.py <trainBatch>409 :  *** Training Iteration env1-hdc-LAP-nature-nodrop-seed6-00.3->env1-hdc-LAP-nature-nodrop-seed6-00.4: iter=3, error-rate=0, num-dialogs=1000 ***
RESULTS:: 07:03:48: root                               EvaluationManager.py <_prstr>179 :  Results for domain: Laptops11 --evaluated by: objective success evaluator
RESULTS:: 07:03:48: root                               EvaluationManager.py <_prstr>179 :  # of dialogues  = 1000
RESULTS:: 07:03:48: root                               EvaluationManager.py <_prstr>179 :  Average reward  = 9.09 +- 0.49
RESULTS:: 07:03:48: root                               EvaluationManager.py <_prstr>179 :  Average success = 88.70 +- 1.96
RESULTS:: 07:03:48: root                               EvaluationManager.py <_prstr>179 :  Average turns   = 8.65 +- 0.24
RESULTS:: 07:03:48: root                                   pydial.py <setEvalConfig>470 :  *** Evaluating env1-hdc-LAP-nature-nodrop-seed6-00.4: error-rate=0 num-dialogs=1000 ***
RESULTS:: 07:10:18: root                               EvaluationManager.py <_prstr>179 :  Results for domain: Laptops11 --evaluated by: objective success evaluator
RESULTS:: 07:10:18: root                               EvaluationManager.py <_prstr>179 :  # of dialogues  = 1000
RESULTS:: 07:10:18: root                               EvaluationManager.py <_prstr>179 :  Average reward  = 9.95 +- 0.48
RESULTS:: 07:10:18: root                               EvaluationManager.py <_prstr>179 :  Average success = 87.00 +- 2.09
RESULTS:: 07:10:18: root                               EvaluationManager.py <_prstr>179 :  Average turns   = 7.45 +- 0.17
RESULTS:: 07:10:18: root                                   pydial.py <train_command>791 :  List of domains: Laptops11
RESULTS:: 07:10:18: root                                      pydial.py <trainBatch>409 :  *** Training Iteration env1-hdc-LAP-nature-nodrop-seed6-00.4->env1-hdc-LAP-nature-nodrop-seed6-00.5: iter=4, error-rate=0, num-dialogs=1000 ***
RESULTS:: 07:19:34: root                               EvaluationManager.py <_prstr>179 :  Results for domain: Laptops11 --evaluated by: objective success evaluator
RESULTS:: 07:19:34: root                               EvaluationManager.py <_prstr>179 :  # of dialogues  = 1000
RESULTS:: 07:19:34: root                               EvaluationManager.py <_prstr>179 :  Average reward  = 8.66 +- 0.52
RESULTS:: 07:19:34: root                               EvaluationManager.py <_prstr>179 :  Average success = 88.20 +- 2.00
RESULTS:: 07:19:34: root                               EvaluationManager.py <_prstr>179 :  Average turns   = 8.97 +- 0.25
RESULTS:: 07:19:34: root                                   pydial.py <setEvalConfig>470 :  *** Evaluating env1-hdc-LAP-nature-nodrop-seed6-00.5: error-rate=0 num-dialogs=1000 ***
RESULTS:: 07:26:20: root                               EvaluationManager.py <_prstr>179 :  Results for domain: Laptops11 --evaluated by: objective success evaluator
RESULTS:: 07:26:20: root                               EvaluationManager.py <_prstr>179 :  # of dialogues  = 1000
RESULTS:: 07:26:20: root                               EvaluationManager.py <_prstr>179 :  Average reward  = 7.51 +- 0.58
RESULTS:: 07:26:20: root                               EvaluationManager.py <_prstr>179 :  Average success = 76.40 +- 2.63
RESULTS:: 07:26:20: root                               EvaluationManager.py <_prstr>179 :  Average turns   = 7.77 +- 0.15
RESULTS:: 07:26:20: root                                   pydial.py <train_command>791 :  List of domains: Laptops11
RESULTS:: 07:26:20: root                                      pydial.py <trainBatch>409 :  *** Training Iteration env1-hdc-LAP-nature-nodrop-seed6-00.5->env1-hdc-LAP-nature-nodrop-seed6-00.6: iter=5, error-rate=0, num-dialogs=1000 ***
RESULTS:: 07:35:45: root                               EvaluationManager.py <_prstr>179 :  Results for domain: Laptops11 --evaluated by: objective success evaluator
RESULTS:: 07:35:45: root                               EvaluationManager.py <_prstr>179 :  # of dialogues  = 1000
RESULTS:: 07:35:45: root                               EvaluationManager.py <_prstr>179 :  Average reward  = 7.46 +- 0.58
RESULTS:: 07:35:45: root                               EvaluationManager.py <_prstr>179 :  Average success = 84.40 +- 2.25
RESULTS:: 07:35:45: root                               EvaluationManager.py <_prstr>179 :  Average turns   = 9.42 +- 0.27
RESULTS:: 07:35:45: root                                   pydial.py <setEvalConfig>470 :  *** Evaluating env1-hdc-LAP-nature-nodrop-seed6-00.6: error-rate=0 num-dialogs=1000 ***
RESULTS:: 07:42:21: root                               EvaluationManager.py <_prstr>179 :  Results for domain: Laptops11 --evaluated by: objective success evaluator
RESULTS:: 07:42:21: root                               EvaluationManager.py <_prstr>179 :  # of dialogues  = 1000
RESULTS:: 07:42:21: root                               EvaluationManager.py <_prstr>179 :  Average reward  = 8.90 +- 0.54
RESULTS:: 07:42:21: root                               EvaluationManager.py <_prstr>179 :  Average success = 82.20 +- 2.37
RESULTS:: 07:42:21: root                               EvaluationManager.py <_prstr>179 :  Average turns   = 7.54 +- 0.19
RESULTS:: 07:42:21: root                                   pydial.py <train_command>791 :  List of domains: Laptops11
RESULTS:: 07:42:21: root                                      pydial.py <trainBatch>409 :  *** Training Iteration env1-hdc-LAP-nature-nodrop-seed6-00.6->env1-hdc-LAP-nature-nodrop-seed6-00.7: iter=6, error-rate=0, num-dialogs=1000 ***
RESULTS:: 07:51:40: root                               EvaluationManager.py <_prstr>179 :  Results for domain: Laptops11 --evaluated by: objective success evaluator
RESULTS:: 07:51:40: root                               EvaluationManager.py <_prstr>179 :  # of dialogues  = 1000
RESULTS:: 07:51:40: root                               EvaluationManager.py <_prstr>179 :  Average reward  = 8.49 +- 0.52
RESULTS:: 07:51:40: root                               EvaluationManager.py <_prstr>179 :  Average success = 88.40 +- 1.99
RESULTS:: 07:51:40: root                               EvaluationManager.py <_prstr>179 :  Average turns   = 9.19 +- 0.26
RESULTS:: 07:51:40: root                                   pydial.py <setEvalConfig>470 :  *** Evaluating env1-hdc-LAP-nature-nodrop-seed6-00.7: error-rate=0 num-dialogs=1000 ***
RESULTS:: 07:58:12: root                               EvaluationManager.py <_prstr>179 :  Results for domain: Laptops11 --evaluated by: objective success evaluator
RESULTS:: 07:58:12: root                               EvaluationManager.py <_prstr>179 :  # of dialogues  = 1000
RESULTS:: 07:58:12: root                               EvaluationManager.py <_prstr>179 :  Average reward  = 8.34 +- 0.57
RESULTS:: 07:58:12: root                               EvaluationManager.py <_prstr>179 :  Average success = 78.70 +- 2.54
RESULTS:: 07:58:12: root                               EvaluationManager.py <_prstr>179 :  Average turns   = 7.40 +- 0.17
RESULTS:: 07:58:12: root                                   pydial.py <train_command>791 :  List of domains: Laptops11
RESULTS:: 07:58:12: root                                      pydial.py <trainBatch>409 :  *** Training Iteration env1-hdc-LAP-nature-nodrop-seed6-00.7->env1-hdc-LAP-nature-nodrop-seed6-00.8: iter=7, error-rate=0, num-dialogs=1000 ***
RESULTS:: 08:07:44: root                               EvaluationManager.py <_prstr>179 :  Results for domain: Laptops11 --evaluated by: objective success evaluator
RESULTS:: 08:07:44: root                               EvaluationManager.py <_prstr>179 :  # of dialogues  = 1000
RESULTS:: 08:07:44: root                               EvaluationManager.py <_prstr>179 :  Average reward  = 7.52 +- 0.59
RESULTS:: 08:07:44: root                               EvaluationManager.py <_prstr>179 :  Average success = 84.80 +- 2.23
RESULTS:: 08:07:44: root                               EvaluationManager.py <_prstr>179 :  Average turns   = 9.44 +- 0.27
RESULTS:: 08:07:44: root                                   pydial.py <setEvalConfig>470 :  *** Evaluating env1-hdc-LAP-nature-nodrop-seed6-00.8: error-rate=0 num-dialogs=1000 ***
RESULTS:: 08:14:31: root                               EvaluationManager.py <_prstr>179 :  Results for domain: Laptops11 --evaluated by: objective success evaluator
RESULTS:: 08:14:31: root                               EvaluationManager.py <_prstr>179 :  # of dialogues  = 1000
RESULTS:: 08:14:31: root                               EvaluationManager.py <_prstr>179 :  Average reward  = 6.28 +- 0.65
RESULTS:: 08:14:31: root                               EvaluationManager.py <_prstr>179 :  Average success = 70.90 +- 2.82
RESULTS:: 08:14:31: root                               EvaluationManager.py <_prstr>179 :  Average turns   = 7.90 +- 0.20
RESULTS:: 08:14:31: root                                   pydial.py <train_command>791 :  List of domains: Laptops11
RESULTS:: 08:14:31: root                                      pydial.py <trainBatch>409 :  *** Training Iteration env1-hdc-LAP-nature-nodrop-seed6-00.8->env1-hdc-LAP-nature-nodrop-seed6-00.9: iter=8, error-rate=0, num-dialogs=1000 ***
RESULTS:: 08:23:43: root                               EvaluationManager.py <_prstr>179 :  Results for domain: Laptops11 --evaluated by: objective success evaluator
RESULTS:: 08:23:43: root                               EvaluationManager.py <_prstr>179 :  # of dialogues  = 1000
RESULTS:: 08:23:43: root                               EvaluationManager.py <_prstr>179 :  Average reward  = 8.66 +- 0.53
RESULTS:: 08:23:43: root                               EvaluationManager.py <_prstr>179 :  Average success = 88.00 +- 2.02
RESULTS:: 08:23:43: root                               EvaluationManager.py <_prstr>179 :  Average turns   = 8.94 +- 0.26
RESULTS:: 08:23:43: root                                   pydial.py <setEvalConfig>470 :  *** Evaluating env1-hdc-LAP-nature-nodrop-seed6-00.9: error-rate=0 num-dialogs=1000 ***
RESULTS:: 08:29:47: root                               EvaluationManager.py <_prstr>179 :  Results for domain: Laptops11 --evaluated by: objective success evaluator
RESULTS:: 08:29:47: root                               EvaluationManager.py <_prstr>179 :  # of dialogues  = 1000
RESULTS:: 08:29:47: root                               EvaluationManager.py <_prstr>179 :  Average reward  = 6.58 +- 0.60
RESULTS:: 08:29:47: root                               EvaluationManager.py <_prstr>179 :  Average success = 67.70 +- 2.90
RESULTS:: 08:29:47: root                               EvaluationManager.py <_prstr>179 :  Average turns   = 6.96 +- 0.15
RESULTS:: 08:29:47: root                                   pydial.py <train_command>791 :  List of domains: Laptops11
RESULTS:: 08:29:47: root                                      pydial.py <trainBatch>409 :  *** Training Iteration env1-hdc-LAP-nature-nodrop-seed6-00.9->env1-hdc-LAP-nature-nodrop-seed6-00.10: iter=9, error-rate=0, num-dialogs=1000 ***
RESULTS:: 08:39:33: root                               EvaluationManager.py <_prstr>179 :  Results for domain: Laptops11 --evaluated by: objective success evaluator
RESULTS:: 08:39:33: root                               EvaluationManager.py <_prstr>179 :  # of dialogues  = 1000
RESULTS:: 08:39:33: root                               EvaluationManager.py <_prstr>179 :  Average reward  = 6.88 +- 0.64
RESULTS:: 08:39:33: root                               EvaluationManager.py <_prstr>179 :  Average success = 83.00 +- 2.33
RESULTS:: 08:39:33: root                               EvaluationManager.py <_prstr>179 :  Average turns   = 9.72 +- 0.28
RESULTS:: 08:39:33: root                                   pydial.py <setEvalConfig>470 :  *** Evaluating env1-hdc-LAP-nature-nodrop-seed6-00.10: error-rate=0 num-dialogs=1000 ***
RESULTS:: 08:46:14: root                               EvaluationManager.py <_prstr>179 :  Results for domain: Laptops11 --evaluated by: objective success evaluator
RESULTS:: 08:46:14: root                               EvaluationManager.py <_prstr>179 :  # of dialogues  = 1000
RESULTS:: 08:46:14: root                               EvaluationManager.py <_prstr>179 :  Average reward  = 5.00 +- 0.68
RESULTS:: 08:46:14: root                               EvaluationManager.py <_prstr>179 :  Average success = 65.00 +- 2.96
RESULTS:: 08:46:14: root                               EvaluationManager.py <_prstr>179 :  Average turns   = 8.00 +- 0.20
RESULTS:: 08:46:14: root                                   pydial.py <train_command>807 :  *** Training complete. log: env1-hdc-LAP-nature-nodrop-seed6-00.1-10.train.log - final policy is env1-hdc-LAP-nature-nodrop-00-10
