RESULTS:: 05:37:40: root                                   pydial.py <train_command>791 :  List of domains: Laptops11
RESULTS:: 05:37:40: root                                      pydial.py <trainBatch>409 :  *** Training Iteration env1-hdc-LAP-nature-nodrop-seed1-00.0->env1-hdc-LAP-nature-nodrop-seed1-00.1: iter=0, error-rate=0, num-dialogs=1000 ***
RESULTS:: 06:06:31: root                               EvaluationManager.py <_prstr>179 :  Results for domain: Laptops11 --evaluated by: objective success evaluator
RESULTS:: 06:06:31: root                               EvaluationManager.py <_prstr>179 :  # of dialogues  = 1000
RESULTS:: 06:06:31: root                               EvaluationManager.py <_prstr>179 :  Average reward  = 5.47 +- 0.69
RESULTS:: 06:06:31: root                               EvaluationManager.py <_prstr>179 :  Average success = 75.10 +- 2.68
RESULTS:: 06:06:31: root                               EvaluationManager.py <_prstr>179 :  Average turns   = 9.55 +- 0.29
RESULTS:: 06:06:31: root                                   pydial.py <setEvalConfig>470 :  *** Evaluating env1-hdc-LAP-nature-nodrop-seed1-00.1: error-rate=0 num-dialogs=1000 ***
RESULTS:: 06:16:09: root                               EvaluationManager.py <_prstr>179 :  Results for domain: Laptops11 --evaluated by: objective success evaluator
RESULTS:: 06:16:09: root                               EvaluationManager.py <_prstr>179 :  # of dialogues  = 1000
RESULTS:: 06:16:09: root                               EvaluationManager.py <_prstr>179 :  Average reward  = 8.23 +- 0.59
RESULTS:: 06:16:09: root                               EvaluationManager.py <_prstr>179 :  Average success = 77.90 +- 2.57
RESULTS:: 06:16:09: root                               EvaluationManager.py <_prstr>179 :  Average turns   = 7.35 +- 0.19
RESULTS:: 06:16:09: root                                   pydial.py <train_command>791 :  List of domains: Laptops11
RESULTS:: 06:16:09: root                                      pydial.py <trainBatch>409 :  *** Training Iteration env1-hdc-LAP-nature-nodrop-seed1-00.1->env1-hdc-LAP-nature-nodrop-seed1-00.2: iter=1, error-rate=0, num-dialogs=1000 ***
RESULTS:: 06:46:11: root                               EvaluationManager.py <_prstr>179 :  Results for domain: Laptops11 --evaluated by: objective success evaluator
RESULTS:: 06:46:11: root                               EvaluationManager.py <_prstr>179 :  # of dialogues  = 1000
RESULTS:: 06:46:11: root                               EvaluationManager.py <_prstr>179 :  Average reward  = 7.36 +- 0.62
RESULTS:: 06:46:11: root                               EvaluationManager.py <_prstr>179 :  Average success = 84.90 +- 2.22
RESULTS:: 06:46:11: root                               EvaluationManager.py <_prstr>179 :  Average turns   = 9.62 +- 0.30
RESULTS:: 06:46:11: root                                   pydial.py <setEvalConfig>470 :  *** Evaluating env1-hdc-LAP-nature-nodrop-seed1-00.2: error-rate=0 num-dialogs=1000 ***
RESULTS:: 06:55:56: root                               EvaluationManager.py <_prstr>179 :  Results for domain: Laptops11 --evaluated by: objective success evaluator
RESULTS:: 06:55:56: root                               EvaluationManager.py <_prstr>179 :  # of dialogues  = 1000
RESULTS:: 06:55:56: root                               EvaluationManager.py <_prstr>179 :  Average reward  = 8.22 +- 0.58
RESULTS:: 06:55:56: root                               EvaluationManager.py <_prstr>179 :  Average success = 77.10 +- 2.61
RESULTS:: 06:55:56: root                               EvaluationManager.py <_prstr>179 :  Average turns   = 7.20 +- 0.18
RESULTS:: 06:55:56: root                                   pydial.py <train_command>791 :  List of domains: Laptops11
RESULTS:: 06:55:56: root                                      pydial.py <trainBatch>409 :  *** Training Iteration env1-hdc-LAP-nature-nodrop-seed1-00.2->env1-hdc-LAP-nature-nodrop-seed1-00.3: iter=2, error-rate=0, num-dialogs=1000 ***
RESULTS:: 07:25:29: root                               EvaluationManager.py <_prstr>179 :  Results for domain: Laptops11 --evaluated by: objective success evaluator
RESULTS:: 07:25:29: root                               EvaluationManager.py <_prstr>179 :  # of dialogues  = 1000
RESULTS:: 07:25:29: root                               EvaluationManager.py <_prstr>179 :  Average reward  = 8.35 +- 0.57
RESULTS:: 07:25:29: root                               EvaluationManager.py <_prstr>179 :  Average success = 88.20 +- 2.00
RESULTS:: 07:25:29: root                               EvaluationManager.py <_prstr>179 :  Average turns   = 9.29 +- 0.29
RESULTS:: 07:25:29: root                                   pydial.py <setEvalConfig>470 :  *** Evaluating env1-hdc-LAP-nature-nodrop-seed1-00.3: error-rate=0 num-dialogs=1000 ***
RESULTS:: 07:35:28: root                               EvaluationManager.py <_prstr>179 :  Results for domain: Laptops11 --evaluated by: objective success evaluator
RESULTS:: 07:35:28: root                               EvaluationManager.py <_prstr>179 :  # of dialogues  = 1000
RESULTS:: 07:35:28: root                               EvaluationManager.py <_prstr>179 :  Average reward  = 9.30 +- 0.53
RESULTS:: 07:35:28: root                               EvaluationManager.py <_prstr>179 :  Average success = 84.00 +- 2.27
RESULTS:: 07:35:28: root                               EvaluationManager.py <_prstr>179 :  Average turns   = 7.50 +- 0.17
RESULTS:: 07:35:28: root                                   pydial.py <train_command>791 :  List of domains: Laptops11
RESULTS:: 07:35:28: root                                      pydial.py <trainBatch>409 :  *** Training Iteration env1-hdc-LAP-nature-nodrop-seed1-00.3->env1-hdc-LAP-nature-nodrop-seed1-00.4: iter=3, error-rate=0, num-dialogs=1000 ***
RESULTS:: 08:04:53: root                               EvaluationManager.py <_prstr>179 :  Results for domain: Laptops11 --evaluated by: objective success evaluator
RESULTS:: 08:04:53: root                               EvaluationManager.py <_prstr>179 :  # of dialogues  = 1000
RESULTS:: 08:04:53: root                               EvaluationManager.py <_prstr>179 :  Average reward  = 8.51 +- 0.55
RESULTS:: 08:04:53: root                               EvaluationManager.py <_prstr>179 :  Average success = 88.80 +- 1.96
RESULTS:: 08:04:53: root                               EvaluationManager.py <_prstr>179 :  Average turns   = 9.25 +- 0.28
RESULTS:: 08:04:53: root                                   pydial.py <setEvalConfig>470 :  *** Evaluating env1-hdc-LAP-nature-nodrop-seed1-00.4: error-rate=0 num-dialogs=1000 ***
RESULTS:: 08:14:24: root                               EvaluationManager.py <_prstr>179 :  Results for domain: Laptops11 --evaluated by: objective success evaluator
RESULTS:: 08:14:24: root                               EvaluationManager.py <_prstr>179 :  # of dialogues  = 1000
RESULTS:: 08:14:24: root                               EvaluationManager.py <_prstr>179 :  Average reward  = 7.73 +- 0.59
RESULTS:: 08:14:24: root                               EvaluationManager.py <_prstr>179 :  Average success = 75.20 +- 2.68
RESULTS:: 08:14:24: root                               EvaluationManager.py <_prstr>179 :  Average turns   = 7.31 +- 0.18
RESULTS:: 08:14:24: root                                   pydial.py <train_command>791 :  List of domains: Laptops11
RESULTS:: 08:14:24: root                                      pydial.py <trainBatch>409 :  *** Training Iteration env1-hdc-LAP-nature-nodrop-seed1-00.4->env1-hdc-LAP-nature-nodrop-seed1-00.5: iter=4, error-rate=0, num-dialogs=1000 ***
RESULTS:: 08:43:13: root                               EvaluationManager.py <_prstr>179 :  Results for domain: Laptops11 --evaluated by: objective success evaluator
RESULTS:: 08:43:13: root                               EvaluationManager.py <_prstr>179 :  # of dialogues  = 1000
RESULTS:: 08:43:13: root                               EvaluationManager.py <_prstr>179 :  Average reward  = 8.48 +- 0.55
RESULTS:: 08:43:13: root                               EvaluationManager.py <_prstr>179 :  Average success = 87.30 +- 2.07
RESULTS:: 08:43:13: root                               EvaluationManager.py <_prstr>179 :  Average turns   = 8.98 +- 0.26
RESULTS:: 08:43:13: root                                   pydial.py <setEvalConfig>470 :  *** Evaluating env1-hdc-LAP-nature-nodrop-seed1-00.5: error-rate=0 num-dialogs=1000 ***
RESULTS:: 08:53:00: root                               EvaluationManager.py <_prstr>179 :  Results for domain: Laptops11 --evaluated by: objective success evaluator
RESULTS:: 08:53:00: root                               EvaluationManager.py <_prstr>179 :  # of dialogues  = 1000
RESULTS:: 08:53:00: root                               EvaluationManager.py <_prstr>179 :  Average reward  = 10.04 +- 0.49
RESULTS:: 08:53:00: root                               EvaluationManager.py <_prstr>179 :  Average success = 87.40 +- 2.06
RESULTS:: 08:53:00: root                               EvaluationManager.py <_prstr>179 :  Average turns   = 7.44 +- 0.18
RESULTS:: 08:53:01: root                                   pydial.py <train_command>791 :  List of domains: Laptops11
RESULTS:: 08:53:01: root                                      pydial.py <trainBatch>409 :  *** Training Iteration env1-hdc-LAP-nature-nodrop-seed1-00.5->env1-hdc-LAP-nature-nodrop-seed1-00.6: iter=5, error-rate=0, num-dialogs=1000 ***
RESULTS:: 09:23:15: root                               EvaluationManager.py <_prstr>179 :  Results for domain: Laptops11 --evaluated by: objective success evaluator
RESULTS:: 09:23:15: root                               EvaluationManager.py <_prstr>179 :  # of dialogues  = 1000
RESULTS:: 09:23:15: root                               EvaluationManager.py <_prstr>179 :  Average reward  = 7.78 +- 0.58
RESULTS:: 09:23:15: root                               EvaluationManager.py <_prstr>179 :  Average success = 85.00 +- 2.22
RESULTS:: 09:23:15: root                               EvaluationManager.py <_prstr>179 :  Average turns   = 9.22 +- 0.26
RESULTS:: 09:23:15: root                                   pydial.py <setEvalConfig>470 :  *** Evaluating env1-hdc-LAP-nature-nodrop-seed1-00.6: error-rate=0 num-dialogs=1000 ***
RESULTS:: 09:34:27: root                               EvaluationManager.py <_prstr>179 :  Results for domain: Laptops11 --evaluated by: objective success evaluator
RESULTS:: 09:34:27: root                               EvaluationManager.py <_prstr>179 :  # of dialogues  = 1000
RESULTS:: 09:34:27: root                               EvaluationManager.py <_prstr>179 :  Average reward  = 3.92 +- 0.72
RESULTS:: 09:34:27: root                               EvaluationManager.py <_prstr>179 :  Average success = 62.80 +- 3.00
RESULTS:: 09:34:27: root                               EvaluationManager.py <_prstr>179 :  Average turns   = 8.64 +- 0.25
RESULTS:: 09:34:27: root                                   pydial.py <train_command>791 :  List of domains: Laptops11
RESULTS:: 09:34:27: root                                      pydial.py <trainBatch>409 :  *** Training Iteration env1-hdc-LAP-nature-nodrop-seed1-00.6->env1-hdc-LAP-nature-nodrop-seed1-00.7: iter=6, error-rate=0, num-dialogs=1000 ***
RESULTS:: 10:04:10: root                               EvaluationManager.py <_prstr>179 :  Results for domain: Laptops11 --evaluated by: objective success evaluator
RESULTS:: 10:04:10: root                               EvaluationManager.py <_prstr>179 :  # of dialogues  = 1000
RESULTS:: 10:04:10: root                               EvaluationManager.py <_prstr>179 :  Average reward  = 7.79 +- 0.58
RESULTS:: 10:04:10: root                               EvaluationManager.py <_prstr>179 :  Average success = 86.00 +- 2.15
RESULTS:: 10:04:10: root                               EvaluationManager.py <_prstr>179 :  Average turns   = 9.41 +- 0.28
RESULTS:: 10:04:10: root                                   pydial.py <setEvalConfig>470 :  *** Evaluating env1-hdc-LAP-nature-nodrop-seed1-00.7: error-rate=0 num-dialogs=1000 ***
RESULTS:: 10:14:01: root                               EvaluationManager.py <_prstr>179 :  Results for domain: Laptops11 --evaluated by: objective success evaluator
RESULTS:: 10:14:01: root                               EvaluationManager.py <_prstr>179 :  # of dialogues  = 1000
RESULTS:: 10:14:01: root                               EvaluationManager.py <_prstr>179 :  Average reward  = 7.83 +- 0.61
RESULTS:: 10:14:01: root                               EvaluationManager.py <_prstr>179 :  Average success = 77.00 +- 2.61
RESULTS:: 10:14:01: root                               EvaluationManager.py <_prstr>179 :  Average turns   = 7.57 +- 0.19
RESULTS:: 10:14:01: root                                   pydial.py <train_command>791 :  List of domains: Laptops11
RESULTS:: 10:14:01: root                                      pydial.py <trainBatch>409 :  *** Training Iteration env1-hdc-LAP-nature-nodrop-seed1-00.7->env1-hdc-LAP-nature-nodrop-seed1-00.8: iter=7, error-rate=0, num-dialogs=1000 ***
RESULTS:: 10:44:32: root                               EvaluationManager.py <_prstr>179 :  Results for domain: Laptops11 --evaluated by: objective success evaluator
RESULTS:: 10:44:32: root                               EvaluationManager.py <_prstr>179 :  # of dialogues  = 1000
RESULTS:: 10:44:32: root                               EvaluationManager.py <_prstr>179 :  Average reward  = 6.58 +- 0.65
RESULTS:: 10:44:32: root                               EvaluationManager.py <_prstr>179 :  Average success = 81.80 +- 2.39
RESULTS:: 10:44:32: root                               EvaluationManager.py <_prstr>179 :  Average turns   = 9.79 +- 0.31
RESULTS:: 10:44:32: root                                   pydial.py <setEvalConfig>470 :  *** Evaluating env1-hdc-LAP-nature-nodrop-seed1-00.8: error-rate=0 num-dialogs=1000 ***
RESULTS:: 10:53:52: root                               EvaluationManager.py <_prstr>179 :  Results for domain: Laptops11 --evaluated by: objective success evaluator
RESULTS:: 10:53:52: root                               EvaluationManager.py <_prstr>179 :  # of dialogues  = 1000
RESULTS:: 10:53:52: root                               EvaluationManager.py <_prstr>179 :  Average reward  = 7.06 +- 0.60
RESULTS:: 10:53:52: root                               EvaluationManager.py <_prstr>179 :  Average success = 71.90 +- 2.79
RESULTS:: 10:53:52: root                               EvaluationManager.py <_prstr>179 :  Average turns   = 7.32 +- 0.14
RESULTS:: 10:53:52: root                                   pydial.py <train_command>791 :  List of domains: Laptops11
RESULTS:: 10:53:52: root                                      pydial.py <trainBatch>409 :  *** Training Iteration env1-hdc-LAP-nature-nodrop-seed1-00.8->env1-hdc-LAP-nature-nodrop-seed1-00.9: iter=8, error-rate=0, num-dialogs=1000 ***
RESULTS:: 11:23:37: root                               EvaluationManager.py <_prstr>179 :  Results for domain: Laptops11 --evaluated by: objective success evaluator
RESULTS:: 11:23:37: root                               EvaluationManager.py <_prstr>179 :  # of dialogues  = 1000
RESULTS:: 11:23:37: root                               EvaluationManager.py <_prstr>179 :  Average reward  = 8.82 +- 0.50
RESULTS:: 11:23:37: root                               EvaluationManager.py <_prstr>179 :  Average success = 90.30 +- 1.84
RESULTS:: 11:23:37: root                               EvaluationManager.py <_prstr>179 :  Average turns   = 9.24 +- 0.27
RESULTS:: 11:23:37: root                                   pydial.py <setEvalConfig>470 :  *** Evaluating env1-hdc-LAP-nature-nodrop-seed1-00.9: error-rate=0 num-dialogs=1000 ***
RESULTS:: 11:34:11: root                               EvaluationManager.py <_prstr>179 :  Results for domain: Laptops11 --evaluated by: objective success evaluator
RESULTS:: 11:34:11: root                               EvaluationManager.py <_prstr>179 :  # of dialogues  = 1000
RESULTS:: 11:34:11: root                               EvaluationManager.py <_prstr>179 :  Average reward  = 8.62 +- 0.60
RESULTS:: 11:34:11: root                               EvaluationManager.py <_prstr>179 :  Average success = 83.60 +- 2.30
RESULTS:: 11:34:11: root                               EvaluationManager.py <_prstr>179 :  Average turns   = 8.10 +- 0.24
RESULTS:: 11:34:11: root                                   pydial.py <train_command>791 :  List of domains: Laptops11
RESULTS:: 11:34:11: root                                      pydial.py <trainBatch>409 :  *** Training Iteration env1-hdc-LAP-nature-nodrop-seed1-00.9->env1-hdc-LAP-nature-nodrop-seed1-00.10: iter=9, error-rate=0, num-dialogs=1000 ***
RESULTS:: 12:03:29: root                               EvaluationManager.py <_prstr>179 :  Results for domain: Laptops11 --evaluated by: objective success evaluator
RESULTS:: 12:03:29: root                               EvaluationManager.py <_prstr>179 :  # of dialogues  = 1000
RESULTS:: 12:03:29: root                               EvaluationManager.py <_prstr>179 :  Average reward  = 7.35 +- 0.61
RESULTS:: 12:03:29: root                               EvaluationManager.py <_prstr>179 :  Average success = 84.40 +- 2.25
RESULTS:: 12:03:29: root                               EvaluationManager.py <_prstr>179 :  Average turns   = 9.53 +- 0.30
RESULTS:: 12:03:29: root                                   pydial.py <setEvalConfig>470 :  *** Evaluating env1-hdc-LAP-nature-nodrop-seed1-00.10: error-rate=0 num-dialogs=1000 ***
RESULTS:: 12:12:26: root                               EvaluationManager.py <_prstr>179 :  Results for domain: Laptops11 --evaluated by: objective success evaluator
RESULTS:: 12:12:26: root                               EvaluationManager.py <_prstr>179 :  # of dialogues  = 1000
RESULTS:: 12:12:26: root                               EvaluationManager.py <_prstr>179 :  Average reward  = 6.30 +- 0.63
RESULTS:: 12:12:26: root                               EvaluationManager.py <_prstr>179 :  Average success = 66.30 +- 2.93
RESULTS:: 12:12:26: root                               EvaluationManager.py <_prstr>179 :  Average turns   = 6.96 +- 0.16
RESULTS:: 12:12:26: root                                   pydial.py <train_command>807 :  *** Training complete. log: env1-hdc-LAP-nature-nodrop-seed1-00.1-10.train.log - final policy is env1-hdc-LAP-nature-nodrop-00-10
