RESULTS:: 01:58:05: root                                   pydial.py <train_command>791 :  List of domains: Laptops11
RESULTS:: 01:58:05: root                                      pydial.py <trainBatch>409 :  *** Training Iteration env2-LAP-tau_nodrop_sort_noinco_4020_250100-seed7-00.0->env2-LAP-tau_nodrop_sort_noinco_4020_250100-seed7-00.1: iter=0, error-rate=0, num-dialogs=1000 ***
RESULTS:: 02:18:36: root                               EvaluationManager.py <_prstr>179 :  Results for domain: Laptops11 --evaluated by: objective success evaluator
RESULTS:: 02:18:36: root                               EvaluationManager.py <_prstr>179 :  # of dialogues  = 1000
RESULTS:: 02:18:36: root                               EvaluationManager.py <_prstr>179 :  Average reward  = 2.98 +- 0.82
RESULTS:: 02:18:36: root                               EvaluationManager.py <_prstr>179 :  Average success = 67.10 +- 2.92
RESULTS:: 02:18:36: root                               EvaluationManager.py <_prstr>179 :  Average turns   = 10.44 +- 0.38
RESULTS:: 02:18:36: root                                   pydial.py <setEvalConfig>470 :  *** Evaluating env2-LAP-tau_nodrop_sort_noinco_4020_250100-seed7-00.1: error-rate=0 num-dialogs=500 ***
RESULTS:: 02:25:29: root                               EvaluationManager.py <_prstr>179 :  Results for domain: Laptops11 --evaluated by: objective success evaluator
RESULTS:: 02:25:29: root                               EvaluationManager.py <_prstr>179 :  # of dialogues  = 500
RESULTS:: 02:25:29: root                               EvaluationManager.py <_prstr>179 :  Average reward  = 12.04 +- 0.54
RESULTS:: 02:25:29: root                               EvaluationManager.py <_prstr>179 :  Average success = 94.60 +- 1.99
RESULTS:: 02:25:29: root                               EvaluationManager.py <_prstr>179 :  Average turns   = 6.88 +- 0.28
RESULTS:: 02:25:29: root                                   pydial.py <train_command>791 :  List of domains: Laptops11
RESULTS:: 02:25:29: root                                      pydial.py <trainBatch>409 :  *** Training Iteration env2-LAP-tau_nodrop_sort_noinco_4020_250100-seed7-00.1->env2-LAP-tau_nodrop_sort_noinco_4020_250100-seed7-00.2: iter=1, error-rate=0, num-dialogs=1000 ***
RESULTS:: 02:48:17: root                               EvaluationManager.py <_prstr>179 :  Results for domain: Laptops11 --evaluated by: objective success evaluator
RESULTS:: 02:48:17: root                               EvaluationManager.py <_prstr>179 :  # of dialogues  = 1000
RESULTS:: 02:48:17: root                               EvaluationManager.py <_prstr>179 :  Average reward  = 7.28 +- 0.69
RESULTS:: 02:48:17: root                               EvaluationManager.py <_prstr>179 :  Average success = 83.50 +- 2.30
RESULTS:: 02:48:17: root                               EvaluationManager.py <_prstr>179 :  Average turns   = 9.42 +- 0.33
RESULTS:: 02:48:17: root                                   pydial.py <setEvalConfig>470 :  *** Evaluating env2-LAP-tau_nodrop_sort_noinco_4020_250100-seed7-00.2: error-rate=0 num-dialogs=500 ***
RESULTS:: 02:56:49: root                               EvaluationManager.py <_prstr>179 :  Results for domain: Laptops11 --evaluated by: objective success evaluator
RESULTS:: 02:56:49: root                               EvaluationManager.py <_prstr>179 :  # of dialogues  = 500
RESULTS:: 02:56:49: root                               EvaluationManager.py <_prstr>179 :  Average reward  = 11.59 +- 0.58
RESULTS:: 02:56:49: root                               EvaluationManager.py <_prstr>179 :  Average success = 93.20 +- 2.21
RESULTS:: 02:56:49: root                               EvaluationManager.py <_prstr>179 :  Average turns   = 7.05 +- 0.26
RESULTS:: 02:56:49: root                                   pydial.py <train_command>791 :  List of domains: Laptops11
RESULTS:: 02:56:49: root                                      pydial.py <trainBatch>409 :  *** Training Iteration env2-LAP-tau_nodrop_sort_noinco_4020_250100-seed7-00.2->env2-LAP-tau_nodrop_sort_noinco_4020_250100-seed7-00.3: iter=2, error-rate=0, num-dialogs=1000 ***
RESULTS:: 03:21:00: root                               EvaluationManager.py <_prstr>179 :  Results for domain: Laptops11 --evaluated by: objective success evaluator
RESULTS:: 03:21:00: root                               EvaluationManager.py <_prstr>179 :  # of dialogues  = 1000
RESULTS:: 03:21:00: root                               EvaluationManager.py <_prstr>179 :  Average reward  = 8.01 +- 0.60
RESULTS:: 03:21:00: root                               EvaluationManager.py <_prstr>179 :  Average success = 88.10 +- 2.01
RESULTS:: 03:21:00: root                               EvaluationManager.py <_prstr>179 :  Average turns   = 9.61 +- 0.31
RESULTS:: 03:21:00: root                                   pydial.py <setEvalConfig>470 :  *** Evaluating env2-LAP-tau_nodrop_sort_noinco_4020_250100-seed7-00.3: error-rate=0 num-dialogs=500 ***
RESULTS:: 03:30:13: root                               EvaluationManager.py <_prstr>179 :  Results for domain: Laptops11 --evaluated by: objective success evaluator
RESULTS:: 03:30:13: root                               EvaluationManager.py <_prstr>179 :  # of dialogues  = 500
RESULTS:: 03:30:13: root                               EvaluationManager.py <_prstr>179 :  Average reward  = 11.07 +- 0.66
RESULTS:: 03:30:13: root                               EvaluationManager.py <_prstr>179 :  Average success = 92.80 +- 2.27
RESULTS:: 03:30:13: root                               EvaluationManager.py <_prstr>179 :  Average turns   = 7.49 +- 0.32
RESULTS:: 03:30:13: root                                   pydial.py <train_command>791 :  List of domains: Laptops11
RESULTS:: 03:30:13: root                                      pydial.py <trainBatch>409 :  *** Training Iteration env2-LAP-tau_nodrop_sort_noinco_4020_250100-seed7-00.3->env2-LAP-tau_nodrop_sort_noinco_4020_250100-seed7-00.4: iter=3, error-rate=0, num-dialogs=1000 ***
RESULTS:: 03:53:25: root                               EvaluationManager.py <_prstr>179 :  Results for domain: Laptops11 --evaluated by: objective success evaluator
RESULTS:: 03:53:25: root                               EvaluationManager.py <_prstr>179 :  # of dialogues  = 1000
RESULTS:: 03:53:25: root                               EvaluationManager.py <_prstr>179 :  Average reward  = 9.10 +- 0.55
RESULTS:: 03:53:25: root                               EvaluationManager.py <_prstr>179 :  Average success = 91.30 +- 1.75
RESULTS:: 03:53:25: root                               EvaluationManager.py <_prstr>179 :  Average turns   = 9.16 +- 0.30
RESULTS:: 03:53:25: root                                   pydial.py <setEvalConfig>470 :  *** Evaluating env2-LAP-tau_nodrop_sort_noinco_4020_250100-seed7-00.4: error-rate=0 num-dialogs=500 ***
RESULTS:: 04:02:34: root                               EvaluationManager.py <_prstr>179 :  Results for domain: Laptops11 --evaluated by: objective success evaluator
RESULTS:: 04:02:34: root                               EvaluationManager.py <_prstr>179 :  # of dialogues  = 500
RESULTS:: 04:02:34: root                               EvaluationManager.py <_prstr>179 :  Average reward  = 10.60 +- 0.66
RESULTS:: 04:02:34: root                               EvaluationManager.py <_prstr>179 :  Average success = 90.80 +- 2.54
RESULTS:: 04:02:34: root                               EvaluationManager.py <_prstr>179 :  Average turns   = 7.56 +- 0.28
RESULTS:: 04:02:34: root                                   pydial.py <train_command>791 :  List of domains: Laptops11
RESULTS:: 04:02:34: root                                      pydial.py <trainBatch>409 :  *** Training Iteration env2-LAP-tau_nodrop_sort_noinco_4020_250100-seed7-00.4->env2-LAP-tau_nodrop_sort_noinco_4020_250100-seed7-00.5: iter=4, error-rate=0, num-dialogs=1000 ***
RESULTS:: 04:25:41: root                               EvaluationManager.py <_prstr>179 :  Results for domain: Laptops11 --evaluated by: objective success evaluator
RESULTS:: 04:25:41: root                               EvaluationManager.py <_prstr>179 :  # of dialogues  = 1000
RESULTS:: 04:25:41: root                               EvaluationManager.py <_prstr>179 :  Average reward  = 8.40 +- 0.60
RESULTS:: 04:25:41: root                               EvaluationManager.py <_prstr>179 :  Average success = 87.40 +- 2.06
RESULTS:: 04:25:41: root                               EvaluationManager.py <_prstr>179 :  Average turns   = 9.08 +- 0.31
RESULTS:: 04:25:41: root                                   pydial.py <setEvalConfig>470 :  *** Evaluating env2-LAP-tau_nodrop_sort_noinco_4020_250100-seed7-00.5: error-rate=0 num-dialogs=500 ***
RESULTS:: 04:34:52: root                               EvaluationManager.py <_prstr>179 :  Results for domain: Laptops11 --evaluated by: objective success evaluator
RESULTS:: 04:34:52: root                               EvaluationManager.py <_prstr>179 :  # of dialogues  = 500
RESULTS:: 04:34:52: root                               EvaluationManager.py <_prstr>179 :  Average reward  = 11.92 +- 0.43
RESULTS:: 04:34:52: root                               EvaluationManager.py <_prstr>179 :  Average success = 97.20 +- 1.45
RESULTS:: 04:34:52: root                               EvaluationManager.py <_prstr>179 :  Average turns   = 7.52 +- 0.27
RESULTS:: 04:34:52: root                                   pydial.py <train_command>791 :  List of domains: Laptops11
RESULTS:: 04:34:52: root                                      pydial.py <trainBatch>409 :  *** Training Iteration env2-LAP-tau_nodrop_sort_noinco_4020_250100-seed7-00.5->env2-LAP-tau_nodrop_sort_noinco_4020_250100-seed7-00.6: iter=5, error-rate=0, num-dialogs=1000 ***
RESULTS:: 04:57:31: root                               EvaluationManager.py <_prstr>179 :  Results for domain: Laptops11 --evaluated by: objective success evaluator
RESULTS:: 04:57:31: root                               EvaluationManager.py <_prstr>179 :  # of dialogues  = 1000
RESULTS:: 04:57:31: root                               EvaluationManager.py <_prstr>179 :  Average reward  = 9.47 +- 0.52
RESULTS:: 04:57:31: root                               EvaluationManager.py <_prstr>179 :  Average success = 90.70 +- 1.80
RESULTS:: 04:57:31: root                               EvaluationManager.py <_prstr>179 :  Average turns   = 8.67 +- 0.28
RESULTS:: 04:57:31: root                                   pydial.py <setEvalConfig>470 :  *** Evaluating env2-LAP-tau_nodrop_sort_noinco_4020_250100-seed7-00.6: error-rate=0 num-dialogs=500 ***
RESULTS:: 05:07:19: root                               EvaluationManager.py <_prstr>179 :  Results for domain: Laptops11 --evaluated by: objective success evaluator
RESULTS:: 05:07:19: root                               EvaluationManager.py <_prstr>179 :  # of dialogues  = 500
RESULTS:: 05:07:19: root                               EvaluationManager.py <_prstr>179 :  Average reward  = 9.74 +- 0.76
RESULTS:: 05:07:19: root                               EvaluationManager.py <_prstr>179 :  Average success = 88.80 +- 2.77
RESULTS:: 05:07:19: root                               EvaluationManager.py <_prstr>179 :  Average turns   = 8.02 +- 0.37
RESULTS:: 05:07:19: root                                   pydial.py <train_command>791 :  List of domains: Laptops11
RESULTS:: 05:07:19: root                                      pydial.py <trainBatch>409 :  *** Training Iteration env2-LAP-tau_nodrop_sort_noinco_4020_250100-seed7-00.6->env2-LAP-tau_nodrop_sort_noinco_4020_250100-seed7-00.7: iter=6, error-rate=0, num-dialogs=1000 ***
RESULTS:: 05:31:07: root                               EvaluationManager.py <_prstr>179 :  Results for domain: Laptops11 --evaluated by: objective success evaluator
RESULTS:: 05:31:07: root                               EvaluationManager.py <_prstr>179 :  # of dialogues  = 1000
RESULTS:: 05:31:07: root                               EvaluationManager.py <_prstr>179 :  Average reward  = 8.91 +- 0.56
RESULTS:: 05:31:07: root                               EvaluationManager.py <_prstr>179 :  Average success = 90.40 +- 1.83
RESULTS:: 05:31:07: root                               EvaluationManager.py <_prstr>179 :  Average turns   = 9.17 +- 0.30
RESULTS:: 05:31:07: root                                   pydial.py <setEvalConfig>470 :  *** Evaluating env2-LAP-tau_nodrop_sort_noinco_4020_250100-seed7-00.7: error-rate=0 num-dialogs=500 ***
RESULTS:: 05:40:52: root                               EvaluationManager.py <_prstr>179 :  Results for domain: Laptops11 --evaluated by: objective success evaluator
RESULTS:: 05:40:52: root                               EvaluationManager.py <_prstr>179 :  # of dialogues  = 500
RESULTS:: 05:40:52: root                               EvaluationManager.py <_prstr>179 :  Average reward  = 9.21 +- 0.81
RESULTS:: 05:40:52: root                               EvaluationManager.py <_prstr>179 :  Average success = 85.60 +- 3.08
RESULTS:: 05:40:52: root                               EvaluationManager.py <_prstr>179 :  Average turns   = 7.91 +- 0.35
RESULTS:: 05:40:52: root                                   pydial.py <train_command>791 :  List of domains: Laptops11
RESULTS:: 05:40:52: root                                      pydial.py <trainBatch>409 :  *** Training Iteration env2-LAP-tau_nodrop_sort_noinco_4020_250100-seed7-00.7->env2-LAP-tau_nodrop_sort_noinco_4020_250100-seed7-00.8: iter=7, error-rate=0, num-dialogs=1000 ***
RESULTS:: 06:04:18: root                               EvaluationManager.py <_prstr>179 :  Results for domain: Laptops11 --evaluated by: objective success evaluator
RESULTS:: 06:04:18: root                               EvaluationManager.py <_prstr>179 :  # of dialogues  = 1000
RESULTS:: 06:04:18: root                               EvaluationManager.py <_prstr>179 :  Average reward  = 8.98 +- 0.53
RESULTS:: 06:04:18: root                               EvaluationManager.py <_prstr>179 :  Average success = 90.60 +- 1.81
RESULTS:: 06:04:18: root                               EvaluationManager.py <_prstr>179 :  Average turns   = 9.13 +- 0.30
RESULTS:: 06:04:18: root                                   pydial.py <setEvalConfig>470 :  *** Evaluating env2-LAP-tau_nodrop_sort_noinco_4020_250100-seed7-00.8: error-rate=0 num-dialogs=500 ***
RESULTS:: 06:14:45: root                               EvaluationManager.py <_prstr>179 :  Results for domain: Laptops11 --evaluated by: objective success evaluator
RESULTS:: 06:14:45: root                               EvaluationManager.py <_prstr>179 :  # of dialogues  = 500
RESULTS:: 06:14:45: root                               EvaluationManager.py <_prstr>179 :  Average reward  = 9.97 +- 0.73
RESULTS:: 06:14:45: root                               EvaluationManager.py <_prstr>179 :  Average success = 92.40 +- 2.33
RESULTS:: 06:14:45: root                               EvaluationManager.py <_prstr>179 :  Average turns   = 8.51 +- 0.40
RESULTS:: 06:14:45: root                                   pydial.py <train_command>791 :  List of domains: Laptops11
RESULTS:: 06:14:45: root                                      pydial.py <trainBatch>409 :  *** Training Iteration env2-LAP-tau_nodrop_sort_noinco_4020_250100-seed7-00.8->env2-LAP-tau_nodrop_sort_noinco_4020_250100-seed7-00.9: iter=8, error-rate=0, num-dialogs=1000 ***
RESULTS:: 06:37:38: root                               EvaluationManager.py <_prstr>179 :  Results for domain: Laptops11 --evaluated by: objective success evaluator
RESULTS:: 06:37:38: root                               EvaluationManager.py <_prstr>179 :  # of dialogues  = 1000
RESULTS:: 06:37:38: root                               EvaluationManager.py <_prstr>179 :  Average reward  = 9.71 +- 0.46
RESULTS:: 06:37:38: root                               EvaluationManager.py <_prstr>179 :  Average success = 93.20 +- 1.56
RESULTS:: 06:37:38: root                               EvaluationManager.py <_prstr>179 :  Average turns   = 8.93 +- 0.28
RESULTS:: 06:37:38: root                                   pydial.py <setEvalConfig>470 :  *** Evaluating env2-LAP-tau_nodrop_sort_noinco_4020_250100-seed7-00.9: error-rate=0 num-dialogs=500 ***
RESULTS:: 06:46:21: root                               EvaluationManager.py <_prstr>179 :  Results for domain: Laptops11 --evaluated by: objective success evaluator
RESULTS:: 06:46:21: root                               EvaluationManager.py <_prstr>179 :  # of dialogues  = 500
RESULTS:: 06:46:21: root                               EvaluationManager.py <_prstr>179 :  Average reward  = 12.37 +- 0.50
RESULTS:: 06:46:21: root                               EvaluationManager.py <_prstr>179 :  Average success = 97.20 +- 1.45
RESULTS:: 06:46:21: root                               EvaluationManager.py <_prstr>179 :  Average turns   = 7.07 +- 0.31
RESULTS:: 06:46:21: root                                   pydial.py <train_command>791 :  List of domains: Laptops11
RESULTS:: 06:46:21: root                                      pydial.py <trainBatch>409 :  *** Training Iteration env2-LAP-tau_nodrop_sort_noinco_4020_250100-seed7-00.9->env2-LAP-tau_nodrop_sort_noinco_4020_250100-seed7-00.10: iter=9, error-rate=0, num-dialogs=1000 ***
RESULTS:: 07:09:09: root                               EvaluationManager.py <_prstr>179 :  Results for domain: Laptops11 --evaluated by: objective success evaluator
RESULTS:: 07:09:09: root                               EvaluationManager.py <_prstr>179 :  # of dialogues  = 1000
RESULTS:: 07:09:09: root                               EvaluationManager.py <_prstr>179 :  Average reward  = 9.37 +- 0.52
RESULTS:: 07:09:09: root                               EvaluationManager.py <_prstr>179 :  Average success = 91.60 +- 1.72
RESULTS:: 07:09:09: root                               EvaluationManager.py <_prstr>179 :  Average turns   = 8.95 +- 0.28
RESULTS:: 07:09:09: root                                   pydial.py <setEvalConfig>470 :  *** Evaluating env2-LAP-tau_nodrop_sort_noinco_4020_250100-seed7-00.10: error-rate=0 num-dialogs=500 ***
RESULTS:: 07:17:58: root                               EvaluationManager.py <_prstr>179 :  Results for domain: Laptops11 --evaluated by: objective success evaluator
RESULTS:: 07:17:58: root                               EvaluationManager.py <_prstr>179 :  # of dialogues  = 500
RESULTS:: 07:17:58: root                               EvaluationManager.py <_prstr>179 :  Average reward  = 11.87 +- 0.48
RESULTS:: 07:17:58: root                               EvaluationManager.py <_prstr>179 :  Average success = 95.20 +- 1.88
RESULTS:: 07:17:58: root                               EvaluationManager.py <_prstr>179 :  Average turns   = 7.17 +- 0.24
RESULTS:: 07:17:58: root                                   pydial.py <train_command>807 :  *** Training complete. log: env2-LAP-tau_nodrop_sort_noinco_4020_250100-seed7-00.1-10.train.log - final policy is env2-LAP-tau_nodrop_sort_noinco_4020_250100-00-10
