RESULTS:: 01:57:57: root                                   pydial.py <train_command>791 :  List of domains: Laptops11
RESULTS:: 01:57:57: root                                      pydial.py <trainBatch>409 :  *** Training Iteration env2-LAP-tau_nodrop_sort_noinco_4020_250100-seed4-00.0->env2-LAP-tau_nodrop_sort_noinco_4020_250100-seed4-00.1: iter=0, error-rate=0, num-dialogs=1000 ***
RESULTS:: 02:18:01: root                               EvaluationManager.py <_prstr>179 :  Results for domain: Laptops11 --evaluated by: objective success evaluator
RESULTS:: 02:18:01: root                               EvaluationManager.py <_prstr>179 :  # of dialogues  = 1000
RESULTS:: 02:18:01: root                               EvaluationManager.py <_prstr>179 :  Average reward  = 4.32 +- 0.78
RESULTS:: 02:18:01: root                               EvaluationManager.py <_prstr>179 :  Average success = 72.30 +- 2.78
RESULTS:: 02:18:01: root                               EvaluationManager.py <_prstr>179 :  Average turns   = 10.14 +- 0.36
RESULTS:: 02:18:01: root                                   pydial.py <setEvalConfig>470 :  *** Evaluating env2-LAP-tau_nodrop_sort_noinco_4020_250100-seed4-00.1: error-rate=0 num-dialogs=500 ***
RESULTS:: 02:25:22: root                               EvaluationManager.py <_prstr>179 :  Results for domain: Laptops11 --evaluated by: objective success evaluator
RESULTS:: 02:25:22: root                               EvaluationManager.py <_prstr>179 :  # of dialogues  = 500
RESULTS:: 02:25:22: root                               EvaluationManager.py <_prstr>179 :  Average reward  = 6.74 +- 0.95
RESULTS:: 02:25:22: root                               EvaluationManager.py <_prstr>179 :  Average success = 70.60 +- 4.00
RESULTS:: 02:25:22: root                               EvaluationManager.py <_prstr>179 :  Average turns   = 7.38 +- 0.29
RESULTS:: 02:25:22: root                                   pydial.py <train_command>791 :  List of domains: Laptops11
RESULTS:: 02:25:22: root                                      pydial.py <trainBatch>409 :  *** Training Iteration env2-LAP-tau_nodrop_sort_noinco_4020_250100-seed4-00.1->env2-LAP-tau_nodrop_sort_noinco_4020_250100-seed4-00.2: iter=1, error-rate=0, num-dialogs=1000 ***
RESULTS:: 02:48:15: root                               EvaluationManager.py <_prstr>179 :  Results for domain: Laptops11 --evaluated by: objective success evaluator
RESULTS:: 02:48:15: root                               EvaluationManager.py <_prstr>179 :  # of dialogues  = 1000
RESULTS:: 02:48:15: root                               EvaluationManager.py <_prstr>179 :  Average reward  = 6.61 +- 0.66
RESULTS:: 02:48:15: root                               EvaluationManager.py <_prstr>179 :  Average success = 80.40 +- 2.46
RESULTS:: 02:48:15: root                               EvaluationManager.py <_prstr>179 :  Average turns   = 9.47 +- 0.31
RESULTS:: 02:48:15: root                                   pydial.py <setEvalConfig>470 :  *** Evaluating env2-LAP-tau_nodrop_sort_noinco_4020_250100-seed4-00.2: error-rate=0 num-dialogs=500 ***
RESULTS:: 02:56:38: root                               EvaluationManager.py <_prstr>179 :  Results for domain: Laptops11 --evaluated by: objective success evaluator
RESULTS:: 02:56:38: root                               EvaluationManager.py <_prstr>179 :  # of dialogues  = 500
RESULTS:: 02:56:38: root                               EvaluationManager.py <_prstr>179 :  Average reward  = 11.56 +- 0.63
RESULTS:: 02:56:38: root                               EvaluationManager.py <_prstr>179 :  Average success = 91.40 +- 2.46
RESULTS:: 02:56:38: root                               EvaluationManager.py <_prstr>179 :  Average turns   = 6.72 +- 0.23
RESULTS:: 02:56:38: root                                   pydial.py <train_command>791 :  List of domains: Laptops11
RESULTS:: 02:56:38: root                                      pydial.py <trainBatch>409 :  *** Training Iteration env2-LAP-tau_nodrop_sort_noinco_4020_250100-seed4-00.2->env2-LAP-tau_nodrop_sort_noinco_4020_250100-seed4-00.3: iter=2, error-rate=0, num-dialogs=1000 ***
RESULTS:: 03:20:05: root                               EvaluationManager.py <_prstr>179 :  Results for domain: Laptops11 --evaluated by: objective success evaluator
RESULTS:: 03:20:05: root                               EvaluationManager.py <_prstr>179 :  # of dialogues  = 1000
RESULTS:: 03:20:05: root                               EvaluationManager.py <_prstr>179 :  Average reward  = 8.53 +- 0.55
RESULTS:: 03:20:05: root                               EvaluationManager.py <_prstr>179 :  Average success = 88.90 +- 1.95
RESULTS:: 03:20:05: root                               EvaluationManager.py <_prstr>179 :  Average turns   = 9.25 +- 0.29
RESULTS:: 03:20:05: root                                   pydial.py <setEvalConfig>470 :  *** Evaluating env2-LAP-tau_nodrop_sort_noinco_4020_250100-seed4-00.3: error-rate=0 num-dialogs=500 ***
RESULTS:: 03:29:13: root                               EvaluationManager.py <_prstr>179 :  Results for domain: Laptops11 --evaluated by: objective success evaluator
RESULTS:: 03:29:13: root                               EvaluationManager.py <_prstr>179 :  # of dialogues  = 500
RESULTS:: 03:29:13: root                               EvaluationManager.py <_prstr>179 :  Average reward  = 11.66 +- 0.51
RESULTS:: 03:29:13: root                               EvaluationManager.py <_prstr>179 :  Average success = 96.40 +- 1.64
RESULTS:: 03:29:13: root                               EvaluationManager.py <_prstr>179 :  Average turns   = 7.62 +- 0.30
RESULTS:: 03:29:13: root                                   pydial.py <train_command>791 :  List of domains: Laptops11
RESULTS:: 03:29:13: root                                      pydial.py <trainBatch>409 :  *** Training Iteration env2-LAP-tau_nodrop_sort_noinco_4020_250100-seed4-00.3->env2-LAP-tau_nodrop_sort_noinco_4020_250100-seed4-00.4: iter=3, error-rate=0, num-dialogs=1000 ***
RESULTS:: 03:54:16: root                               EvaluationManager.py <_prstr>179 :  Results for domain: Laptops11 --evaluated by: objective success evaluator
RESULTS:: 03:54:16: root                               EvaluationManager.py <_prstr>179 :  # of dialogues  = 1000
RESULTS:: 03:54:16: root                               EvaluationManager.py <_prstr>179 :  Average reward  = 7.04 +- 0.65
RESULTS:: 03:54:16: root                               EvaluationManager.py <_prstr>179 :  Average success = 85.00 +- 2.22
RESULTS:: 03:54:16: root                               EvaluationManager.py <_prstr>179 :  Average turns   = 9.96 +- 0.33
RESULTS:: 03:54:16: root                                   pydial.py <setEvalConfig>470 :  *** Evaluating env2-LAP-tau_nodrop_sort_noinco_4020_250100-seed4-00.4: error-rate=0 num-dialogs=500 ***
RESULTS:: 04:04:07: root                               EvaluationManager.py <_prstr>179 :  Results for domain: Laptops11 --evaluated by: objective success evaluator
RESULTS:: 04:04:07: root                               EvaluationManager.py <_prstr>179 :  # of dialogues  = 500
RESULTS:: 04:04:07: root                               EvaluationManager.py <_prstr>179 :  Average reward  = 6.65 +- 0.88
RESULTS:: 04:04:07: root                               EvaluationManager.py <_prstr>179 :  Average success = 73.60 +- 3.87
RESULTS:: 04:04:07: root                               EvaluationManager.py <_prstr>179 :  Average turns   = 8.07 +- 0.30
RESULTS:: 04:04:07: root                                   pydial.py <train_command>791 :  List of domains: Laptops11
RESULTS:: 04:04:07: root                                      pydial.py <trainBatch>409 :  *** Training Iteration env2-LAP-tau_nodrop_sort_noinco_4020_250100-seed4-00.4->env2-LAP-tau_nodrop_sort_noinco_4020_250100-seed4-00.5: iter=4, error-rate=0, num-dialogs=1000 ***
RESULTS:: 04:27:33: root                               EvaluationManager.py <_prstr>179 :  Results for domain: Laptops11 --evaluated by: objective success evaluator
RESULTS:: 04:27:33: root                               EvaluationManager.py <_prstr>179 :  # of dialogues  = 1000
RESULTS:: 04:27:33: root                               EvaluationManager.py <_prstr>179 :  Average reward  = 8.97 +- 0.51
RESULTS:: 04:27:33: root                               EvaluationManager.py <_prstr>179 :  Average success = 90.70 +- 1.80
RESULTS:: 04:27:33: root                               EvaluationManager.py <_prstr>179 :  Average turns   = 9.17 +- 0.28
RESULTS:: 04:27:33: root                                   pydial.py <setEvalConfig>470 :  *** Evaluating env2-LAP-tau_nodrop_sort_noinco_4020_250100-seed4-00.5: error-rate=0 num-dialogs=500 ***
RESULTS:: 04:36:25: root                               EvaluationManager.py <_prstr>179 :  Results for domain: Laptops11 --evaluated by: objective success evaluator
RESULTS:: 04:36:25: root                               EvaluationManager.py <_prstr>179 :  # of dialogues  = 500
RESULTS:: 04:36:25: root                               EvaluationManager.py <_prstr>179 :  Average reward  = 11.13 +- 0.65
RESULTS:: 04:36:25: root                               EvaluationManager.py <_prstr>179 :  Average success = 91.60 +- 2.44
RESULTS:: 04:36:25: root                               EvaluationManager.py <_prstr>179 :  Average turns   = 7.19 +- 0.30
RESULTS:: 04:36:25: root                                   pydial.py <train_command>791 :  List of domains: Laptops11
RESULTS:: 04:36:25: root                                      pydial.py <trainBatch>409 :  *** Training Iteration env2-LAP-tau_nodrop_sort_noinco_4020_250100-seed4-00.5->env2-LAP-tau_nodrop_sort_noinco_4020_250100-seed4-00.6: iter=5, error-rate=0, num-dialogs=1000 ***
RESULTS:: 05:00:54: root                               EvaluationManager.py <_prstr>179 :  Results for domain: Laptops11 --evaluated by: objective success evaluator
RESULTS:: 05:00:54: root                               EvaluationManager.py <_prstr>179 :  # of dialogues  = 1000
RESULTS:: 05:00:54: root                               EvaluationManager.py <_prstr>179 :  Average reward  = 8.40 +- 0.56
RESULTS:: 05:00:54: root                               EvaluationManager.py <_prstr>179 :  Average success = 89.80 +- 1.88
RESULTS:: 05:00:54: root                               EvaluationManager.py <_prstr>179 :  Average turns   = 9.56 +- 0.31
RESULTS:: 05:00:54: root                                   pydial.py <setEvalConfig>470 :  *** Evaluating env2-LAP-tau_nodrop_sort_noinco_4020_250100-seed4-00.6: error-rate=0 num-dialogs=500 ***
RESULTS:: 05:10:46: root                               EvaluationManager.py <_prstr>179 :  Results for domain: Laptops11 --evaluated by: objective success evaluator
RESULTS:: 05:10:46: root                               EvaluationManager.py <_prstr>179 :  # of dialogues  = 500
RESULTS:: 05:10:46: root                               EvaluationManager.py <_prstr>179 :  Average reward  = 8.63 +- 0.70
RESULTS:: 05:10:46: root                               EvaluationManager.py <_prstr>179 :  Average success = 84.00 +- 3.22
RESULTS:: 05:10:46: root                               EvaluationManager.py <_prstr>179 :  Average turns   = 8.17 +- 0.25
RESULTS:: 05:10:46: root                                   pydial.py <train_command>791 :  List of domains: Laptops11
RESULTS:: 05:10:46: root                                      pydial.py <trainBatch>409 :  *** Training Iteration env2-LAP-tau_nodrop_sort_noinco_4020_250100-seed4-00.6->env2-LAP-tau_nodrop_sort_noinco_4020_250100-seed4-00.7: iter=6, error-rate=0, num-dialogs=1000 ***
RESULTS:: 05:34:57: root                               EvaluationManager.py <_prstr>179 :  Results for domain: Laptops11 --evaluated by: objective success evaluator
RESULTS:: 05:34:57: root                               EvaluationManager.py <_prstr>179 :  # of dialogues  = 1000
RESULTS:: 05:34:57: root                               EvaluationManager.py <_prstr>179 :  Average reward  = 8.25 +- 0.57
RESULTS:: 05:34:57: root                               EvaluationManager.py <_prstr>179 :  Average success = 88.10 +- 2.01
RESULTS:: 05:34:57: root                               EvaluationManager.py <_prstr>179 :  Average turns   = 9.37 +- 0.30
RESULTS:: 05:34:57: root                                   pydial.py <setEvalConfig>470 :  *** Evaluating env2-LAP-tau_nodrop_sort_noinco_4020_250100-seed4-00.7: error-rate=0 num-dialogs=500 ***
RESULTS:: 05:44:51: root                               EvaluationManager.py <_prstr>179 :  Results for domain: Laptops11 --evaluated by: objective success evaluator
RESULTS:: 05:44:51: root                               EvaluationManager.py <_prstr>179 :  # of dialogues  = 500
RESULTS:: 05:44:51: root                               EvaluationManager.py <_prstr>179 :  Average reward  = 8.64 +- 0.80
RESULTS:: 05:44:51: root                               EvaluationManager.py <_prstr>179 :  Average success = 84.20 +- 3.20
RESULTS:: 05:44:51: root                               EvaluationManager.py <_prstr>179 :  Average turns   = 8.20 +- 0.36
RESULTS:: 05:44:51: root                                   pydial.py <train_command>791 :  List of domains: Laptops11
RESULTS:: 05:44:51: root                                      pydial.py <trainBatch>409 :  *** Training Iteration env2-LAP-tau_nodrop_sort_noinco_4020_250100-seed4-00.7->env2-LAP-tau_nodrop_sort_noinco_4020_250100-seed4-00.8: iter=7, error-rate=0, num-dialogs=1000 ***
RESULTS:: 06:09:09: root                               EvaluationManager.py <_prstr>179 :  Results for domain: Laptops11 --evaluated by: objective success evaluator
RESULTS:: 06:09:09: root                               EvaluationManager.py <_prstr>179 :  # of dialogues  = 1000
RESULTS:: 06:09:09: root                               EvaluationManager.py <_prstr>179 :  Average reward  = 8.89 +- 0.52
RESULTS:: 06:09:09: root                               EvaluationManager.py <_prstr>179 :  Average success = 91.40 +- 1.74
RESULTS:: 06:09:09: root                               EvaluationManager.py <_prstr>179 :  Average turns   = 9.39 +- 0.30
RESULTS:: 06:09:09: root                                   pydial.py <setEvalConfig>470 :  *** Evaluating env2-LAP-tau_nodrop_sort_noinco_4020_250100-seed4-00.8: error-rate=0 num-dialogs=500 ***
RESULTS:: 06:19:04: root                               EvaluationManager.py <_prstr>179 :  Results for domain: Laptops11 --evaluated by: objective success evaluator
RESULTS:: 06:19:04: root                               EvaluationManager.py <_prstr>179 :  # of dialogues  = 500
RESULTS:: 06:19:04: root                               EvaluationManager.py <_prstr>179 :  Average reward  = 10.90 +- 0.59
RESULTS:: 06:19:04: root                               EvaluationManager.py <_prstr>179 :  Average success = 95.20 +- 1.88
RESULTS:: 06:19:04: root                               EvaluationManager.py <_prstr>179 :  Average turns   = 8.14 +- 0.35
RESULTS:: 06:19:04: root                                   pydial.py <train_command>791 :  List of domains: Laptops11
RESULTS:: 06:19:04: root                                      pydial.py <trainBatch>409 :  *** Training Iteration env2-LAP-tau_nodrop_sort_noinco_4020_250100-seed4-00.8->env2-LAP-tau_nodrop_sort_noinco_4020_250100-seed4-00.9: iter=8, error-rate=0, num-dialogs=1000 ***
RESULTS:: 06:42:59: root                               EvaluationManager.py <_prstr>179 :  Results for domain: Laptops11 --evaluated by: objective success evaluator
RESULTS:: 06:42:59: root                               EvaluationManager.py <_prstr>179 :  # of dialogues  = 1000
RESULTS:: 06:42:59: root                               EvaluationManager.py <_prstr>179 :  Average reward  = 8.79 +- 0.54
RESULTS:: 06:42:59: root                               EvaluationManager.py <_prstr>179 :  Average success = 90.40 +- 1.83
RESULTS:: 06:42:59: root                               EvaluationManager.py <_prstr>179 :  Average turns   = 9.29 +- 0.30
RESULTS:: 06:42:59: root                                   pydial.py <setEvalConfig>470 :  *** Evaluating env2-LAP-tau_nodrop_sort_noinco_4020_250100-seed4-00.9: error-rate=0 num-dialogs=500 ***
RESULTS:: 06:53:22: root                               EvaluationManager.py <_prstr>179 :  Results for domain: Laptops11 --evaluated by: objective success evaluator
RESULTS:: 06:53:22: root                               EvaluationManager.py <_prstr>179 :  # of dialogues  = 500
RESULTS:: 06:53:22: root                               EvaluationManager.py <_prstr>179 :  Average reward  = 7.60 +- 0.87
RESULTS:: 06:53:22: root                               EvaluationManager.py <_prstr>179 :  Average success = 82.20 +- 3.36
RESULTS:: 06:53:22: root                               EvaluationManager.py <_prstr>179 :  Average turns   = 8.84 +- 0.35
RESULTS:: 06:53:22: root                                   pydial.py <train_command>791 :  List of domains: Laptops11
RESULTS:: 06:53:22: root                                      pydial.py <trainBatch>409 :  *** Training Iteration env2-LAP-tau_nodrop_sort_noinco_4020_250100-seed4-00.9->env2-LAP-tau_nodrop_sort_noinco_4020_250100-seed4-00.10: iter=9, error-rate=0, num-dialogs=1000 ***
RESULTS:: 07:16:58: root                               EvaluationManager.py <_prstr>179 :  Results for domain: Laptops11 --evaluated by: objective success evaluator
RESULTS:: 07:16:58: root                               EvaluationManager.py <_prstr>179 :  # of dialogues  = 1000
RESULTS:: 07:16:58: root                               EvaluationManager.py <_prstr>179 :  Average reward  = 8.61 +- 0.58
RESULTS:: 07:16:58: root                               EvaluationManager.py <_prstr>179 :  Average success = 89.50 +- 1.90
RESULTS:: 07:16:58: root                               EvaluationManager.py <_prstr>179 :  Average turns   = 9.29 +- 0.31
RESULTS:: 07:16:58: root                                   pydial.py <setEvalConfig>470 :  *** Evaluating env2-LAP-tau_nodrop_sort_noinco_4020_250100-seed4-00.10: error-rate=0 num-dialogs=500 ***
RESULTS:: 07:25:13: root                               EvaluationManager.py <_prstr>179 :  Results for domain: Laptops11 --evaluated by: objective success evaluator
RESULTS:: 07:25:13: root                               EvaluationManager.py <_prstr>179 :  # of dialogues  = 500
RESULTS:: 07:25:13: root                               EvaluationManager.py <_prstr>179 :  Average reward  = 13.12 +- 0.31
RESULTS:: 07:25:13: root                               EvaluationManager.py <_prstr>179 :  Average success = 98.60 +- 1.03
RESULTS:: 07:25:13: root                               EvaluationManager.py <_prstr>179 :  Average turns   = 6.60 +- 0.21
RESULTS:: 07:25:13: root                                   pydial.py <train_command>807 :  *** Training complete. log: env2-LAP-tau_nodrop_sort_noinco_4020_250100-seed4-00.1-10.train.log - final policy is env2-LAP-tau_nodrop_sort_noinco_4020_250100-00-10
