RESULTS:: 01:58:08: root                                   pydial.py <train_command>791 :  List of domains: Laptops11
RESULTS:: 01:58:08: root                                      pydial.py <trainBatch>409 :  *** Training Iteration env2-LAP-tau_nodrop_sort_noinco_4020_250100-seed8-00.0->env2-LAP-tau_nodrop_sort_noinco_4020_250100-seed8-00.1: iter=0, error-rate=0, num-dialogs=1000 ***
RESULTS:: 02:18:10: root                               EvaluationManager.py <_prstr>179 :  Results for domain: Laptops11 --evaluated by: objective success evaluator
RESULTS:: 02:18:10: root                               EvaluationManager.py <_prstr>179 :  # of dialogues  = 1000
RESULTS:: 02:18:10: root                               EvaluationManager.py <_prstr>179 :  Average reward  = 4.69 +- 0.78
RESULTS:: 02:18:10: root                               EvaluationManager.py <_prstr>179 :  Average success = 74.80 +- 2.69
RESULTS:: 02:18:10: root                               EvaluationManager.py <_prstr>179 :  Average turns   = 10.27 +- 0.37
RESULTS:: 02:18:10: root                                   pydial.py <setEvalConfig>470 :  *** Evaluating env2-LAP-tau_nodrop_sort_noinco_4020_250100-seed8-00.1: error-rate=0 num-dialogs=500 ***
RESULTS:: 02:25:26: root                               EvaluationManager.py <_prstr>179 :  Results for domain: Laptops11 --evaluated by: objective success evaluator
RESULTS:: 02:25:26: root                               EvaluationManager.py <_prstr>179 :  # of dialogues  = 500
RESULTS:: 02:25:26: root                               EvaluationManager.py <_prstr>179 :  Average reward  = 9.89 +- 0.89
RESULTS:: 02:25:26: root                               EvaluationManager.py <_prstr>179 :  Average success = 85.60 +- 3.08
RESULTS:: 02:25:26: root                               EvaluationManager.py <_prstr>179 :  Average turns   = 7.23 +- 0.37
RESULTS:: 02:25:26: root                                   pydial.py <train_command>791 :  List of domains: Laptops11
RESULTS:: 02:25:26: root                                      pydial.py <trainBatch>409 :  *** Training Iteration env2-LAP-tau_nodrop_sort_noinco_4020_250100-seed8-00.1->env2-LAP-tau_nodrop_sort_noinco_4020_250100-seed8-00.2: iter=1, error-rate=0, num-dialogs=1000 ***
RESULTS:: 02:48:41: root                               EvaluationManager.py <_prstr>179 :  Results for domain: Laptops11 --evaluated by: objective success evaluator
RESULTS:: 02:48:41: root                               EvaluationManager.py <_prstr>179 :  # of dialogues  = 1000
RESULTS:: 02:48:41: root                               EvaluationManager.py <_prstr>179 :  Average reward  = 7.08 +- 0.65
RESULTS:: 02:48:41: root                               EvaluationManager.py <_prstr>179 :  Average success = 83.30 +- 2.31
RESULTS:: 02:48:41: root                               EvaluationManager.py <_prstr>179 :  Average turns   = 9.58 +- 0.31
RESULTS:: 02:48:41: root                                   pydial.py <setEvalConfig>470 :  *** Evaluating env2-LAP-tau_nodrop_sort_noinco_4020_250100-seed8-00.2: error-rate=0 num-dialogs=500 ***
RESULTS:: 02:58:07: root                               EvaluationManager.py <_prstr>179 :  Results for domain: Laptops11 --evaluated by: objective success evaluator
RESULTS:: 02:58:07: root                               EvaluationManager.py <_prstr>179 :  # of dialogues  = 500
RESULTS:: 02:58:07: root                               EvaluationManager.py <_prstr>179 :  Average reward  = 10.22 +- 0.70
RESULTS:: 02:58:07: root                               EvaluationManager.py <_prstr>179 :  Average success = 90.60 +- 2.56
RESULTS:: 02:58:07: root                               EvaluationManager.py <_prstr>179 :  Average turns   = 7.90 +- 0.33
RESULTS:: 02:58:07: root                                   pydial.py <train_command>791 :  List of domains: Laptops11
RESULTS:: 02:58:07: root                                      pydial.py <trainBatch>409 :  *** Training Iteration env2-LAP-tau_nodrop_sort_noinco_4020_250100-seed8-00.2->env2-LAP-tau_nodrop_sort_noinco_4020_250100-seed8-00.3: iter=2, error-rate=0, num-dialogs=1000 ***
RESULTS:: 03:22:19: root                               EvaluationManager.py <_prstr>179 :  Results for domain: Laptops11 --evaluated by: objective success evaluator
RESULTS:: 03:22:19: root                               EvaluationManager.py <_prstr>179 :  # of dialogues  = 1000
RESULTS:: 03:22:19: root                               EvaluationManager.py <_prstr>179 :  Average reward  = 8.03 +- 0.59
RESULTS:: 03:22:19: root                               EvaluationManager.py <_prstr>179 :  Average success = 87.90 +- 2.02
RESULTS:: 03:22:19: root                               EvaluationManager.py <_prstr>179 :  Average turns   = 9.55 +- 0.31
RESULTS:: 03:22:19: root                                   pydial.py <setEvalConfig>470 :  *** Evaluating env2-LAP-tau_nodrop_sort_noinco_4020_250100-seed8-00.3: error-rate=0 num-dialogs=500 ***
RESULTS:: 03:32:57: root                               EvaluationManager.py <_prstr>179 :  Results for domain: Laptops11 --evaluated by: objective success evaluator
RESULTS:: 03:32:57: root                               EvaluationManager.py <_prstr>179 :  # of dialogues  = 500
RESULTS:: 03:32:57: root                               EvaluationManager.py <_prstr>179 :  Average reward  = 6.12 +- 1.02
RESULTS:: 03:32:57: root                               EvaluationManager.py <_prstr>179 :  Average success = 74.60 +- 3.82
RESULTS:: 03:32:57: root                               EvaluationManager.py <_prstr>179 :  Average turns   = 8.80 +- 0.43
RESULTS:: 03:32:57: root                                   pydial.py <train_command>791 :  List of domains: Laptops11
RESULTS:: 03:32:57: root                                      pydial.py <trainBatch>409 :  *** Training Iteration env2-LAP-tau_nodrop_sort_noinco_4020_250100-seed8-00.3->env2-LAP-tau_nodrop_sort_noinco_4020_250100-seed8-00.4: iter=3, error-rate=0, num-dialogs=1000 ***
RESULTS:: 03:56:56: root                               EvaluationManager.py <_prstr>179 :  Results for domain: Laptops11 --evaluated by: objective success evaluator
RESULTS:: 03:56:56: root                               EvaluationManager.py <_prstr>179 :  # of dialogues  = 1000
RESULTS:: 03:56:56: root                               EvaluationManager.py <_prstr>179 :  Average reward  = 8.18 +- 0.59
RESULTS:: 03:56:56: root                               EvaluationManager.py <_prstr>179 :  Average success = 87.80 +- 2.03
RESULTS:: 03:56:56: root                               EvaluationManager.py <_prstr>179 :  Average turns   = 9.38 +- 0.31
RESULTS:: 03:56:56: root                                   pydial.py <setEvalConfig>470 :  *** Evaluating env2-LAP-tau_nodrop_sort_noinco_4020_250100-seed8-00.4: error-rate=0 num-dialogs=500 ***
RESULTS:: 04:06:10: root                               EvaluationManager.py <_prstr>179 :  Results for domain: Laptops11 --evaluated by: objective success evaluator
RESULTS:: 04:06:10: root                               EvaluationManager.py <_prstr>179 :  # of dialogues  = 500
RESULTS:: 04:06:10: root                               EvaluationManager.py <_prstr>179 :  Average reward  = 10.50 +- 0.65
RESULTS:: 04:06:10: root                               EvaluationManager.py <_prstr>179 :  Average success = 90.40 +- 2.59
RESULTS:: 04:06:10: root                               EvaluationManager.py <_prstr>179 :  Average turns   = 7.58 +- 0.29
RESULTS:: 04:06:10: root                                   pydial.py <train_command>791 :  List of domains: Laptops11
RESULTS:: 04:06:10: root                                      pydial.py <trainBatch>409 :  *** Training Iteration env2-LAP-tau_nodrop_sort_noinco_4020_250100-seed8-00.4->env2-LAP-tau_nodrop_sort_noinco_4020_250100-seed8-00.5: iter=4, error-rate=0, num-dialogs=1000 ***
RESULTS:: 04:30:37: root                               EvaluationManager.py <_prstr>179 :  Results for domain: Laptops11 --evaluated by: objective success evaluator
RESULTS:: 04:30:37: root                               EvaluationManager.py <_prstr>179 :  # of dialogues  = 1000
RESULTS:: 04:30:37: root                               EvaluationManager.py <_prstr>179 :  Average reward  = 7.82 +- 0.61
RESULTS:: 04:30:37: root                               EvaluationManager.py <_prstr>179 :  Average success = 87.50 +- 2.05
RESULTS:: 04:30:37: root                               EvaluationManager.py <_prstr>179 :  Average turns   = 9.68 +- 0.32
RESULTS:: 04:30:37: root                                   pydial.py <setEvalConfig>470 :  *** Evaluating env2-LAP-tau_nodrop_sort_noinco_4020_250100-seed8-00.5: error-rate=0 num-dialogs=500 ***
RESULTS:: 04:39:46: root                               EvaluationManager.py <_prstr>179 :  Results for domain: Laptops11 --evaluated by: objective success evaluator
RESULTS:: 04:39:46: root                               EvaluationManager.py <_prstr>179 :  # of dialogues  = 500
RESULTS:: 04:39:46: root                               EvaluationManager.py <_prstr>179 :  Average reward  = 9.83 +- 0.79
RESULTS:: 04:39:46: root                               EvaluationManager.py <_prstr>179 :  Average success = 87.00 +- 2.95
RESULTS:: 04:39:46: root                               EvaluationManager.py <_prstr>179 :  Average turns   = 7.57 +- 0.31
RESULTS:: 04:39:46: root                                   pydial.py <train_command>791 :  List of domains: Laptops11
RESULTS:: 04:39:46: root                                      pydial.py <trainBatch>409 :  *** Training Iteration env2-LAP-tau_nodrop_sort_noinco_4020_250100-seed8-00.5->env2-LAP-tau_nodrop_sort_noinco_4020_250100-seed8-00.6: iter=5, error-rate=0, num-dialogs=1000 ***
RESULTS:: 05:05:21: root                               EvaluationManager.py <_prstr>179 :  Results for domain: Laptops11 --evaluated by: objective success evaluator
RESULTS:: 05:05:21: root                               EvaluationManager.py <_prstr>179 :  # of dialogues  = 1000
RESULTS:: 05:05:21: root                               EvaluationManager.py <_prstr>179 :  Average reward  = 6.39 +- 0.67
RESULTS:: 05:05:21: root                               EvaluationManager.py <_prstr>179 :  Average success = 82.40 +- 2.36
RESULTS:: 05:05:21: root                               EvaluationManager.py <_prstr>179 :  Average turns   = 10.09 +- 0.33
RESULTS:: 05:05:21: root                                   pydial.py <setEvalConfig>470 :  *** Evaluating env2-LAP-tau_nodrop_sort_noinco_4020_250100-seed8-00.6: error-rate=0 num-dialogs=500 ***
RESULTS:: 05:15:34: root                               EvaluationManager.py <_prstr>179 :  Results for domain: Laptops11 --evaluated by: objective success evaluator
RESULTS:: 05:15:34: root                               EvaluationManager.py <_prstr>179 :  # of dialogues  = 500
RESULTS:: 05:15:34: root                               EvaluationManager.py <_prstr>179 :  Average reward  = 6.07 +- 1.01
RESULTS:: 05:15:34: root                               EvaluationManager.py <_prstr>179 :  Average success = 73.40 +- 3.88
RESULTS:: 05:15:34: root                               EvaluationManager.py <_prstr>179 :  Average turns   = 8.61 +- 0.43
RESULTS:: 05:15:34: root                                   pydial.py <train_command>791 :  List of domains: Laptops11
RESULTS:: 05:15:34: root                                      pydial.py <trainBatch>409 :  *** Training Iteration env2-LAP-tau_nodrop_sort_noinco_4020_250100-seed8-00.6->env2-LAP-tau_nodrop_sort_noinco_4020_250100-seed8-00.7: iter=6, error-rate=0, num-dialogs=1000 ***
RESULTS:: 05:39:16: root                               EvaluationManager.py <_prstr>179 :  Results for domain: Laptops11 --evaluated by: objective success evaluator
RESULTS:: 05:39:16: root                               EvaluationManager.py <_prstr>179 :  # of dialogues  = 1000
RESULTS:: 05:39:16: root                               EvaluationManager.py <_prstr>179 :  Average reward  = 8.99 +- 0.55
RESULTS:: 05:39:16: root                               EvaluationManager.py <_prstr>179 :  Average success = 90.30 +- 1.84
RESULTS:: 05:39:16: root                               EvaluationManager.py <_prstr>179 :  Average turns   = 9.07 +- 0.30
RESULTS:: 05:39:16: root                                   pydial.py <setEvalConfig>470 :  *** Evaluating env2-LAP-tau_nodrop_sort_noinco_4020_250100-seed8-00.7: error-rate=0 num-dialogs=500 ***
RESULTS:: 05:47:10: root                               EvaluationManager.py <_prstr>179 :  Results for domain: Laptops11 --evaluated by: objective success evaluator
RESULTS:: 05:47:10: root                               EvaluationManager.py <_prstr>179 :  # of dialogues  = 500
RESULTS:: 05:47:10: root                               EvaluationManager.py <_prstr>179 :  Average reward  = 12.33 +- 0.52
RESULTS:: 05:47:10: root                               EvaluationManager.py <_prstr>179 :  Average success = 95.20 +- 1.88
RESULTS:: 05:47:10: root                               EvaluationManager.py <_prstr>179 :  Average turns   = 6.71 +- 0.24
RESULTS:: 05:47:10: root                                   pydial.py <train_command>791 :  List of domains: Laptops11
RESULTS:: 05:47:10: root                                      pydial.py <trainBatch>409 :  *** Training Iteration env2-LAP-tau_nodrop_sort_noinco_4020_250100-seed8-00.7->env2-LAP-tau_nodrop_sort_noinco_4020_250100-seed8-00.8: iter=7, error-rate=0, num-dialogs=1000 ***
RESULTS:: 06:10:38: root                               EvaluationManager.py <_prstr>179 :  Results for domain: Laptops11 --evaluated by: objective success evaluator
RESULTS:: 06:10:38: root                               EvaluationManager.py <_prstr>179 :  # of dialogues  = 1000
RESULTS:: 06:10:38: root                               EvaluationManager.py <_prstr>179 :  Average reward  = 8.97 +- 0.54
RESULTS:: 06:10:38: root                               EvaluationManager.py <_prstr>179 :  Average success = 90.10 +- 1.85
RESULTS:: 06:10:38: root                               EvaluationManager.py <_prstr>179 :  Average turns   = 9.05 +- 0.29
RESULTS:: 06:10:38: root                                   pydial.py <setEvalConfig>470 :  *** Evaluating env2-LAP-tau_nodrop_sort_noinco_4020_250100-seed8-00.8: error-rate=0 num-dialogs=500 ***
RESULTS:: 06:19:56: root                               EvaluationManager.py <_prstr>179 :  Results for domain: Laptops11 --evaluated by: objective success evaluator
RESULTS:: 06:19:56: root                               EvaluationManager.py <_prstr>179 :  # of dialogues  = 500
RESULTS:: 06:19:56: root                               EvaluationManager.py <_prstr>179 :  Average reward  = 11.17 +- 0.60
RESULTS:: 06:19:56: root                               EvaluationManager.py <_prstr>179 :  Average success = 94.80 +- 1.95
RESULTS:: 06:19:56: root                               EvaluationManager.py <_prstr>179 :  Average turns   = 7.79 +- 0.34
RESULTS:: 06:19:56: root                                   pydial.py <train_command>791 :  List of domains: Laptops11
RESULTS:: 06:19:56: root                                      pydial.py <trainBatch>409 :  *** Training Iteration env2-LAP-tau_nodrop_sort_noinco_4020_250100-seed8-00.8->env2-LAP-tau_nodrop_sort_noinco_4020_250100-seed8-00.9: iter=8, error-rate=0, num-dialogs=1000 ***
RESULTS:: 06:43:39: root                               EvaluationManager.py <_prstr>179 :  Results for domain: Laptops11 --evaluated by: objective success evaluator
RESULTS:: 06:43:39: root                               EvaluationManager.py <_prstr>179 :  # of dialogues  = 1000
RESULTS:: 06:43:39: root                               EvaluationManager.py <_prstr>179 :  Average reward  = 8.76 +- 0.54
RESULTS:: 06:43:39: root                               EvaluationManager.py <_prstr>179 :  Average success = 89.70 +- 1.89
RESULTS:: 06:43:39: root                               EvaluationManager.py <_prstr>179 :  Average turns   = 9.19 +- 0.29
RESULTS:: 06:43:39: root                                   pydial.py <setEvalConfig>470 :  *** Evaluating env2-LAP-tau_nodrop_sort_noinco_4020_250100-seed8-00.9: error-rate=0 num-dialogs=500 ***
RESULTS:: 06:52:18: root                               EvaluationManager.py <_prstr>179 :  Results for domain: Laptops11 --evaluated by: objective success evaluator
RESULTS:: 06:52:18: root                               EvaluationManager.py <_prstr>179 :  # of dialogues  = 500
RESULTS:: 06:52:18: root                               EvaluationManager.py <_prstr>179 :  Average reward  = 10.61 +- 0.70
RESULTS:: 06:52:18: root                               EvaluationManager.py <_prstr>179 :  Average success = 88.60 +- 2.79
RESULTS:: 06:52:18: root                               EvaluationManager.py <_prstr>179 :  Average turns   = 7.11 +- 0.30
RESULTS:: 06:52:18: root                                   pydial.py <train_command>791 :  List of domains: Laptops11
RESULTS:: 06:52:18: root                                      pydial.py <trainBatch>409 :  *** Training Iteration env2-LAP-tau_nodrop_sort_noinco_4020_250100-seed8-00.9->env2-LAP-tau_nodrop_sort_noinco_4020_250100-seed8-00.10: iter=9, error-rate=0, num-dialogs=1000 ***
RESULTS:: 07:15:46: root                               EvaluationManager.py <_prstr>179 :  Results for domain: Laptops11 --evaluated by: objective success evaluator
RESULTS:: 07:15:46: root                               EvaluationManager.py <_prstr>179 :  # of dialogues  = 1000
RESULTS:: 07:15:46: root                               EvaluationManager.py <_prstr>179 :  Average reward  = 8.97 +- 0.52
RESULTS:: 07:15:46: root                               EvaluationManager.py <_prstr>179 :  Average success = 90.40 +- 1.83
RESULTS:: 07:15:46: root                               EvaluationManager.py <_prstr>179 :  Average turns   = 9.11 +- 0.28
RESULTS:: 07:15:46: root                                   pydial.py <setEvalConfig>470 :  *** Evaluating env2-LAP-tau_nodrop_sort_noinco_4020_250100-seed8-00.10: error-rate=0 num-dialogs=500 ***
RESULTS:: 07:23:58: root                               EvaluationManager.py <_prstr>179 :  Results for domain: Laptops11 --evaluated by: objective success evaluator
RESULTS:: 07:23:58: root                               EvaluationManager.py <_prstr>179 :  # of dialogues  = 500
RESULTS:: 07:23:58: root                               EvaluationManager.py <_prstr>179 :  Average reward  = 4.08 +- 0.91
RESULTS:: 07:23:58: root                               EvaluationManager.py <_prstr>179 :  Average success = 53.40 +- 4.38
RESULTS:: 07:23:58: root                               EvaluationManager.py <_prstr>179 :  Average turns   = 6.60 +- 0.17
RESULTS:: 07:23:58: root                                   pydial.py <train_command>807 :  *** Training complete. log: env2-LAP-tau_nodrop_sort_noinco_4020_250100-seed8-00.1-10.train.log - final policy is env2-LAP-tau_nodrop_sort_noinco_4020_250100-00-10
