RESULTS:: 08:22:30: root                                   pydial.py <train_command>791 :  List of domains: SFRestaurants
RESULTS:: 08:22:30: root                                      pydial.py <trainBatch>409 :  *** Training Iteration env2-SFR-tau_nodrop_sort_noinco_4020_250100-seed8-00.0->env2-SFR-tau_nodrop_sort_noinco_4020_250100-seed8-00.1: iter=0, error-rate=0, num-dialogs=1000 ***
RESULTS:: 08:45:08: root                               EvaluationManager.py <_prstr>179 :  Results for domain: SFRestaurants --evaluated by: objective success evaluator
RESULTS:: 08:45:08: root                               EvaluationManager.py <_prstr>179 :  # of dialogues  = 1000
RESULTS:: 08:45:08: root                               EvaluationManager.py <_prstr>179 :  Average reward  = 5.72 +- 0.72
RESULTS:: 08:45:08: root                               EvaluationManager.py <_prstr>179 :  Average success = 73.90 +- 2.73
RESULTS:: 08:45:08: root                               EvaluationManager.py <_prstr>179 :  Average turns   = 9.06 +- 0.31
RESULTS:: 08:45:08: root                                   pydial.py <setEvalConfig>470 :  *** Evaluating env2-SFR-tau_nodrop_sort_noinco_4020_250100-seed8-00.1: error-rate=0 num-dialogs=500 ***
RESULTS:: 08:52:51: root                               EvaluationManager.py <_prstr>179 :  Results for domain: SFRestaurants --evaluated by: objective success evaluator
RESULTS:: 08:52:51: root                               EvaluationManager.py <_prstr>179 :  # of dialogues  = 500
RESULTS:: 08:52:51: root                               EvaluationManager.py <_prstr>179 :  Average reward  = 12.36 +- 0.53
RESULTS:: 08:52:51: root                               EvaluationManager.py <_prstr>179 :  Average success = 95.60 +- 1.80
RESULTS:: 08:52:51: root                               EvaluationManager.py <_prstr>179 :  Average turns   = 6.76 +- 0.29
RESULTS:: 08:52:51: root                                   pydial.py <train_command>791 :  List of domains: SFRestaurants
RESULTS:: 08:52:51: root                                      pydial.py <trainBatch>409 :  *** Training Iteration env2-SFR-tau_nodrop_sort_noinco_4020_250100-seed8-00.1->env2-SFR-tau_nodrop_sort_noinco_4020_250100-seed8-00.2: iter=1, error-rate=0, num-dialogs=1000 ***
RESULTS:: 09:12:28: root                               EvaluationManager.py <_prstr>179 :  Results for domain: SFRestaurants --evaluated by: objective success evaluator
RESULTS:: 09:12:28: root                               EvaluationManager.py <_prstr>179 :  # of dialogues  = 1000
RESULTS:: 09:12:28: root                               EvaluationManager.py <_prstr>179 :  Average reward  = 8.61 +- 0.58
RESULTS:: 09:12:28: root                               EvaluationManager.py <_prstr>179 :  Average success = 88.00 +- 2.02
RESULTS:: 09:12:28: root                               EvaluationManager.py <_prstr>179 :  Average turns   = 8.99 +- 0.31
RESULTS:: 09:12:28: root                                   pydial.py <setEvalConfig>470 :  *** Evaluating env2-SFR-tau_nodrop_sort_noinco_4020_250100-seed8-00.2: error-rate=0 num-dialogs=500 ***
RESULTS:: 09:18:43: root                               EvaluationManager.py <_prstr>179 :  Results for domain: SFRestaurants --evaluated by: objective success evaluator
RESULTS:: 09:18:43: root                               EvaluationManager.py <_prstr>179 :  # of dialogues  = 500
RESULTS:: 09:18:43: root                               EvaluationManager.py <_prstr>179 :  Average reward  = 11.89 +- 0.61
RESULTS:: 09:18:43: root                               EvaluationManager.py <_prstr>179 :  Average success = 93.40 +- 2.18
RESULTS:: 09:18:43: root                               EvaluationManager.py <_prstr>179 :  Average turns   = 6.79 +- 0.29
RESULTS:: 09:18:43: root                                   pydial.py <train_command>791 :  List of domains: SFRestaurants
RESULTS:: 09:18:43: root                                      pydial.py <trainBatch>409 :  *** Training Iteration env2-SFR-tau_nodrop_sort_noinco_4020_250100-seed8-00.2->env2-SFR-tau_nodrop_sort_noinco_4020_250100-seed8-00.3: iter=2, error-rate=0, num-dialogs=1000 ***
RESULTS:: 09:36:00: root                               EvaluationManager.py <_prstr>179 :  Results for domain: SFRestaurants --evaluated by: objective success evaluator
RESULTS:: 09:36:00: root                               EvaluationManager.py <_prstr>179 :  # of dialogues  = 1000
RESULTS:: 09:36:00: root                               EvaluationManager.py <_prstr>179 :  Average reward  = 9.86 +- 0.52
RESULTS:: 09:36:00: root                               EvaluationManager.py <_prstr>179 :  Average success = 90.90 +- 1.78
RESULTS:: 09:36:00: root                               EvaluationManager.py <_prstr>179 :  Average turns   = 8.32 +- 0.27
RESULTS:: 09:36:00: root                                   pydial.py <setEvalConfig>470 :  *** Evaluating env2-SFR-tau_nodrop_sort_noinco_4020_250100-seed8-00.3: error-rate=0 num-dialogs=500 ***
RESULTS:: 09:43:07: root                               EvaluationManager.py <_prstr>179 :  Results for domain: SFRestaurants --evaluated by: objective success evaluator
RESULTS:: 09:43:07: root                               EvaluationManager.py <_prstr>179 :  # of dialogues  = 500
RESULTS:: 09:43:07: root                               EvaluationManager.py <_prstr>179 :  Average reward  = 9.43 +- 0.89
RESULTS:: 09:43:07: root                               EvaluationManager.py <_prstr>179 :  Average success = 85.80 +- 3.07
RESULTS:: 09:43:07: root                               EvaluationManager.py <_prstr>179 :  Average turns   = 7.73 +- 0.41
RESULTS:: 09:43:07: root                                   pydial.py <train_command>791 :  List of domains: SFRestaurants
RESULTS:: 09:43:07: root                                      pydial.py <trainBatch>409 :  *** Training Iteration env2-SFR-tau_nodrop_sort_noinco_4020_250100-seed8-00.3->env2-SFR-tau_nodrop_sort_noinco_4020_250100-seed8-00.4: iter=3, error-rate=0, num-dialogs=1000 ***
RESULTS:: 10:02:28: root                               EvaluationManager.py <_prstr>179 :  Results for domain: SFRestaurants --evaluated by: objective success evaluator
RESULTS:: 10:02:28: root                               EvaluationManager.py <_prstr>179 :  # of dialogues  = 1000
RESULTS:: 10:02:28: root                               EvaluationManager.py <_prstr>179 :  Average reward  = 9.45 +- 0.52
RESULTS:: 10:02:28: root                               EvaluationManager.py <_prstr>179 :  Average success = 91.30 +- 1.75
RESULTS:: 10:02:28: root                               EvaluationManager.py <_prstr>179 :  Average turns   = 8.81 +- 0.30
RESULTS:: 10:02:28: root                                   pydial.py <setEvalConfig>470 :  *** Evaluating env2-SFR-tau_nodrop_sort_noinco_4020_250100-seed8-00.4: error-rate=0 num-dialogs=500 ***
RESULTS:: 10:09:43: root                               EvaluationManager.py <_prstr>179 :  Results for domain: SFRestaurants --evaluated by: objective success evaluator
RESULTS:: 10:09:43: root                               EvaluationManager.py <_prstr>179 :  # of dialogues  = 500
RESULTS:: 10:09:43: root                               EvaluationManager.py <_prstr>179 :  Average reward  = 10.18 +- 0.74
RESULTS:: 10:09:43: root                               EvaluationManager.py <_prstr>179 :  Average success = 91.20 +- 2.49
RESULTS:: 10:09:43: root                               EvaluationManager.py <_prstr>179 :  Average turns   = 8.06 +- 0.38
RESULTS:: 10:09:43: root                                   pydial.py <train_command>791 :  List of domains: SFRestaurants
RESULTS:: 10:09:43: root                                      pydial.py <trainBatch>409 :  *** Training Iteration env2-SFR-tau_nodrop_sort_noinco_4020_250100-seed8-00.4->env2-SFR-tau_nodrop_sort_noinco_4020_250100-seed8-00.5: iter=4, error-rate=0, num-dialogs=1000 ***
RESULTS:: 10:26:20: root                               EvaluationManager.py <_prstr>179 :  Results for domain: SFRestaurants --evaluated by: objective success evaluator
RESULTS:: 10:26:20: root                               EvaluationManager.py <_prstr>179 :  # of dialogues  = 1000
RESULTS:: 10:26:20: root                               EvaluationManager.py <_prstr>179 :  Average reward  = 10.32 +- 0.48
RESULTS:: 10:26:20: root                               EvaluationManager.py <_prstr>179 :  Average success = 92.30 +- 1.65
RESULTS:: 10:26:20: root                               EvaluationManager.py <_prstr>179 :  Average turns   = 8.14 +- 0.26
RESULTS:: 10:26:20: root                                   pydial.py <setEvalConfig>470 :  *** Evaluating env2-SFR-tau_nodrop_sort_noinco_4020_250100-seed8-00.5: error-rate=0 num-dialogs=500 ***
RESULTS:: 10:32:45: root                               EvaluationManager.py <_prstr>179 :  Results for domain: SFRestaurants --evaluated by: objective success evaluator
RESULTS:: 10:32:45: root                               EvaluationManager.py <_prstr>179 :  # of dialogues  = 500
RESULTS:: 10:32:45: root                               EvaluationManager.py <_prstr>179 :  Average reward  = 12.80 +- 0.42
RESULTS:: 10:32:45: root                               EvaluationManager.py <_prstr>179 :  Average success = 98.00 +- 1.23
RESULTS:: 10:32:45: root                               EvaluationManager.py <_prstr>179 :  Average turns   = 6.80 +- 0.27
RESULTS:: 10:32:45: root                                   pydial.py <train_command>791 :  List of domains: SFRestaurants
RESULTS:: 10:32:45: root                                      pydial.py <trainBatch>409 :  *** Training Iteration env2-SFR-tau_nodrop_sort_noinco_4020_250100-seed8-00.5->env2-SFR-tau_nodrop_sort_noinco_4020_250100-seed8-00.6: iter=5, error-rate=0, num-dialogs=1000 ***
RESULTS:: 10:50:36: root                               EvaluationManager.py <_prstr>179 :  Results for domain: SFRestaurants --evaluated by: objective success evaluator
RESULTS:: 10:50:36: root                               EvaluationManager.py <_prstr>179 :  # of dialogues  = 1000
RESULTS:: 10:50:36: root                               EvaluationManager.py <_prstr>179 :  Average reward  = 9.79 +- 0.52
RESULTS:: 10:50:36: root                               EvaluationManager.py <_prstr>179 :  Average success = 91.30 +- 1.75
RESULTS:: 10:50:36: root                               EvaluationManager.py <_prstr>179 :  Average turns   = 8.46 +- 0.28
RESULTS:: 10:50:36: root                                   pydial.py <setEvalConfig>470 :  *** Evaluating env2-SFR-tau_nodrop_sort_noinco_4020_250100-seed8-00.6: error-rate=0 num-dialogs=500 ***
RESULTS:: 10:57:11: root                               EvaluationManager.py <_prstr>179 :  Results for domain: SFRestaurants --evaluated by: objective success evaluator
RESULTS:: 10:57:11: root                               EvaluationManager.py <_prstr>179 :  # of dialogues  = 500
RESULTS:: 10:57:11: root                               EvaluationManager.py <_prstr>179 :  Average reward  = 11.27 +- 0.66
RESULTS:: 10:57:11: root                               EvaluationManager.py <_prstr>179 :  Average success = 91.80 +- 2.41
RESULTS:: 10:57:11: root                               EvaluationManager.py <_prstr>179 :  Average turns   = 7.09 +- 0.31
RESULTS:: 10:57:11: root                                   pydial.py <train_command>791 :  List of domains: SFRestaurants
RESULTS:: 10:57:11: root                                      pydial.py <trainBatch>409 :  *** Training Iteration env2-SFR-tau_nodrop_sort_noinco_4020_250100-seed8-00.6->env2-SFR-tau_nodrop_sort_noinco_4020_250100-seed8-00.7: iter=6, error-rate=0, num-dialogs=1000 ***
RESULTS:: 11:14:37: root                               EvaluationManager.py <_prstr>179 :  Results for domain: SFRestaurants --evaluated by: objective success evaluator
RESULTS:: 11:14:37: root                               EvaluationManager.py <_prstr>179 :  # of dialogues  = 1000
RESULTS:: 11:14:37: root                               EvaluationManager.py <_prstr>179 :  Average reward  = 10.08 +- 0.49
RESULTS:: 11:14:37: root                               EvaluationManager.py <_prstr>179 :  Average success = 92.70 +- 1.61
RESULTS:: 11:14:37: root                               EvaluationManager.py <_prstr>179 :  Average turns   = 8.46 +- 0.28
RESULTS:: 11:14:37: root                                   pydial.py <setEvalConfig>470 :  *** Evaluating env2-SFR-tau_nodrop_sort_noinco_4020_250100-seed8-00.7: error-rate=0 num-dialogs=500 ***
RESULTS:: 11:21:16: root                               EvaluationManager.py <_prstr>179 :  Results for domain: SFRestaurants --evaluated by: objective success evaluator
RESULTS:: 11:21:16: root                               EvaluationManager.py <_prstr>179 :  # of dialogues  = 500
RESULTS:: 11:21:16: root                               EvaluationManager.py <_prstr>179 :  Average reward  = 8.47 +- 0.82
RESULTS:: 11:21:16: root                               EvaluationManager.py <_prstr>179 :  Average success = 78.40 +- 3.62
RESULTS:: 11:21:16: root                               EvaluationManager.py <_prstr>179 :  Average turns   = 7.21 +- 0.28
RESULTS:: 11:21:16: root                                   pydial.py <train_command>791 :  List of domains: SFRestaurants
RESULTS:: 11:21:16: root                                      pydial.py <trainBatch>409 :  *** Training Iteration env2-SFR-tau_nodrop_sort_noinco_4020_250100-seed8-00.7->env2-SFR-tau_nodrop_sort_noinco_4020_250100-seed8-00.8: iter=7, error-rate=0, num-dialogs=1000 ***
RESULTS:: 11:38:38: root                               EvaluationManager.py <_prstr>179 :  Results for domain: SFRestaurants --evaluated by: objective success evaluator
RESULTS:: 11:38:38: root                               EvaluationManager.py <_prstr>179 :  # of dialogues  = 1000
RESULTS:: 11:38:38: root                               EvaluationManager.py <_prstr>179 :  Average reward  = 9.78 +- 0.51
RESULTS:: 11:38:38: root                               EvaluationManager.py <_prstr>179 :  Average success = 91.30 +- 1.75
RESULTS:: 11:38:38: root                               EvaluationManager.py <_prstr>179 :  Average turns   = 8.48 +- 0.27
RESULTS:: 11:38:38: root                                   pydial.py <setEvalConfig>470 :  *** Evaluating env2-SFR-tau_nodrop_sort_noinco_4020_250100-seed8-00.8: error-rate=0 num-dialogs=500 ***
RESULTS:: 11:44:27: root                               EvaluationManager.py <_prstr>179 :  Results for domain: SFRestaurants --evaluated by: objective success evaluator
RESULTS:: 11:44:27: root                               EvaluationManager.py <_prstr>179 :  # of dialogues  = 500
RESULTS:: 11:44:27: root                               EvaluationManager.py <_prstr>179 :  Average reward  = 12.92 +- 0.47
RESULTS:: 11:44:27: root                               EvaluationManager.py <_prstr>179 :  Average success = 96.40 +- 1.64
RESULTS:: 11:44:27: root                               EvaluationManager.py <_prstr>179 :  Average turns   = 6.36 +- 0.26
RESULTS:: 11:44:27: root                                   pydial.py <train_command>791 :  List of domains: SFRestaurants
RESULTS:: 11:44:27: root                                      pydial.py <trainBatch>409 :  *** Training Iteration env2-SFR-tau_nodrop_sort_noinco_4020_250100-seed8-00.8->env2-SFR-tau_nodrop_sort_noinco_4020_250100-seed8-00.9: iter=8, error-rate=0, num-dialogs=1000 ***
RESULTS:: 12:02:14: root                               EvaluationManager.py <_prstr>179 :  Results for domain: SFRestaurants --evaluated by: objective success evaluator
RESULTS:: 12:02:14: root                               EvaluationManager.py <_prstr>179 :  # of dialogues  = 1000
RESULTS:: 12:02:14: root                               EvaluationManager.py <_prstr>179 :  Average reward  = 9.62 +- 0.52
RESULTS:: 12:02:14: root                               EvaluationManager.py <_prstr>179 :  Average success = 91.70 +- 1.71
RESULTS:: 12:02:14: root                               EvaluationManager.py <_prstr>179 :  Average turns   = 8.72 +- 0.29
RESULTS:: 12:02:14: root                                   pydial.py <setEvalConfig>470 :  *** Evaluating env2-SFR-tau_nodrop_sort_noinco_4020_250100-seed8-00.9: error-rate=0 num-dialogs=500 ***
RESULTS:: 12:09:56: root                               EvaluationManager.py <_prstr>179 :  Results for domain: SFRestaurants --evaluated by: objective success evaluator
RESULTS:: 12:09:56: root                               EvaluationManager.py <_prstr>179 :  # of dialogues  = 500
RESULTS:: 12:09:56: root                               EvaluationManager.py <_prstr>179 :  Average reward  = 7.92 +- 0.95
RESULTS:: 12:09:56: root                               EvaluationManager.py <_prstr>179 :  Average success = 80.20 +- 3.50
RESULTS:: 12:09:56: root                               EvaluationManager.py <_prstr>179 :  Average turns   = 8.12 +- 0.40
RESULTS:: 12:09:56: root                                   pydial.py <train_command>791 :  List of domains: SFRestaurants
RESULTS:: 12:09:56: root                                      pydial.py <trainBatch>409 :  *** Training Iteration env2-SFR-tau_nodrop_sort_noinco_4020_250100-seed8-00.9->env2-SFR-tau_nodrop_sort_noinco_4020_250100-seed8-00.10: iter=9, error-rate=0, num-dialogs=1000 ***
RESULTS:: 12:28:16: root                               EvaluationManager.py <_prstr>179 :  Results for domain: SFRestaurants --evaluated by: objective success evaluator
RESULTS:: 12:28:16: root                               EvaluationManager.py <_prstr>179 :  # of dialogues  = 1000
RESULTS:: 12:28:16: root                               EvaluationManager.py <_prstr>179 :  Average reward  = 9.89 +- 0.50
RESULTS:: 12:28:16: root                               EvaluationManager.py <_prstr>179 :  Average success = 92.40 +- 1.64
RESULTS:: 12:28:16: root                               EvaluationManager.py <_prstr>179 :  Average turns   = 8.59 +- 0.29
RESULTS:: 12:28:16: root                                   pydial.py <setEvalConfig>470 :  *** Evaluating env2-SFR-tau_nodrop_sort_noinco_4020_250100-seed8-00.10: error-rate=0 num-dialogs=500 ***
RESULTS:: 12:34:59: root                               EvaluationManager.py <_prstr>179 :  Results for domain: SFRestaurants --evaluated by: objective success evaluator
RESULTS:: 12:34:59: root                               EvaluationManager.py <_prstr>179 :  # of dialogues  = 500
RESULTS:: 12:34:59: root                               EvaluationManager.py <_prstr>179 :  Average reward  = 12.08 +- 0.56
RESULTS:: 12:34:59: root                               EvaluationManager.py <_prstr>179 :  Average success = 94.40 +- 2.02
RESULTS:: 12:34:59: root                               EvaluationManager.py <_prstr>179 :  Average turns   = 6.80 +- 0.27
RESULTS:: 12:34:59: root                                   pydial.py <train_command>807 :  *** Training complete. log: env2-SFR-tau_nodrop_sort_noinco_4020_250100-seed8-00.1-10.train.log - final policy is env2-SFR-tau_nodrop_sort_noinco_4020_250100-00-10
