RESULTS:: 08:05:55: root                                   pydial.py <train_command>791 :  List of domains: SFRestaurants
RESULTS:: 08:05:55: root                                      pydial.py <trainBatch>409 :  *** Training Iteration env2-SFR-tau_nodrop_sort_noinco_4020_250100-seed2-00.0->env2-SFR-tau_nodrop_sort_noinco_4020_250100-seed2-00.1: iter=0, error-rate=0, num-dialogs=1000 ***
RESULTS:: 08:28:27: root                               EvaluationManager.py <_prstr>179 :  Results for domain: SFRestaurants --evaluated by: objective success evaluator
RESULTS:: 08:28:27: root                               EvaluationManager.py <_prstr>179 :  # of dialogues  = 1000
RESULTS:: 08:28:27: root                               EvaluationManager.py <_prstr>179 :  Average reward  = 5.05 +- 0.74
RESULTS:: 08:28:27: root                               EvaluationManager.py <_prstr>179 :  Average success = 71.00 +- 2.82
RESULTS:: 08:28:27: root                               EvaluationManager.py <_prstr>179 :  Average turns   = 9.15 +- 0.32
RESULTS:: 08:28:27: root                                   pydial.py <setEvalConfig>470 :  *** Evaluating env2-SFR-tau_nodrop_sort_noinco_4020_250100-seed2-00.1: error-rate=0 num-dialogs=500 ***
RESULTS:: 08:37:02: root                               EvaluationManager.py <_prstr>179 :  Results for domain: SFRestaurants --evaluated by: objective success evaluator
RESULTS:: 08:37:02: root                               EvaluationManager.py <_prstr>179 :  # of dialogues  = 500
RESULTS:: 08:37:02: root                               EvaluationManager.py <_prstr>179 :  Average reward  = 9.51 +- 0.79
RESULTS:: 08:37:02: root                               EvaluationManager.py <_prstr>179 :  Average success = 84.40 +- 3.19
RESULTS:: 08:37:02: root                               EvaluationManager.py <_prstr>179 :  Average turns   = 7.37 +- 0.32
RESULTS:: 08:37:02: root                                   pydial.py <train_command>791 :  List of domains: SFRestaurants
RESULTS:: 08:37:02: root                                      pydial.py <trainBatch>409 :  *** Training Iteration env2-SFR-tau_nodrop_sort_noinco_4020_250100-seed2-00.1->env2-SFR-tau_nodrop_sort_noinco_4020_250100-seed2-00.2: iter=1, error-rate=0, num-dialogs=1000 ***
RESULTS:: 08:59:51: root                               EvaluationManager.py <_prstr>179 :  Results for domain: SFRestaurants --evaluated by: objective success evaluator
RESULTS:: 08:59:51: root                               EvaluationManager.py <_prstr>179 :  # of dialogues  = 1000
RESULTS:: 08:59:51: root                               EvaluationManager.py <_prstr>179 :  Average reward  = 8.81 +- 0.58
RESULTS:: 08:59:51: root                               EvaluationManager.py <_prstr>179 :  Average success = 88.90 +- 1.95
RESULTS:: 08:59:51: root                               EvaluationManager.py <_prstr>179 :  Average turns   = 8.97 +- 0.30
RESULTS:: 08:59:51: root                                   pydial.py <setEvalConfig>470 :  *** Evaluating env2-SFR-tau_nodrop_sort_noinco_4020_250100-seed2-00.2: error-rate=0 num-dialogs=500 ***
RESULTS:: 09:07:39: root                               EvaluationManager.py <_prstr>179 :  Results for domain: SFRestaurants --evaluated by: objective success evaluator
RESULTS:: 09:07:39: root                               EvaluationManager.py <_prstr>179 :  # of dialogues  = 500
RESULTS:: 09:07:39: root                               EvaluationManager.py <_prstr>179 :  Average reward  = 10.36 +- 0.75
RESULTS:: 09:07:39: root                               EvaluationManager.py <_prstr>179 :  Average success = 89.00 +- 2.75
RESULTS:: 09:07:39: root                               EvaluationManager.py <_prstr>179 :  Average turns   = 7.44 +- 0.32
RESULTS:: 09:07:39: root                                   pydial.py <train_command>791 :  List of domains: SFRestaurants
RESULTS:: 09:07:39: root                                      pydial.py <trainBatch>409 :  *** Training Iteration env2-SFR-tau_nodrop_sort_noinco_4020_250100-seed2-00.2->env2-SFR-tau_nodrop_sort_noinco_4020_250100-seed2-00.3: iter=2, error-rate=0, num-dialogs=1000 ***
RESULTS:: 09:27:07: root                               EvaluationManager.py <_prstr>179 :  Results for domain: SFRestaurants --evaluated by: objective success evaluator
RESULTS:: 09:27:07: root                               EvaluationManager.py <_prstr>179 :  # of dialogues  = 1000
RESULTS:: 09:27:07: root                               EvaluationManager.py <_prstr>179 :  Average reward  = 9.92 +- 0.46
RESULTS:: 09:27:07: root                               EvaluationManager.py <_prstr>179 :  Average success = 92.90 +- 1.59
RESULTS:: 09:27:07: root                               EvaluationManager.py <_prstr>179 :  Average turns   = 8.66 +- 0.27
RESULTS:: 09:27:07: root                                   pydial.py <setEvalConfig>470 :  *** Evaluating env2-SFR-tau_nodrop_sort_noinco_4020_250100-seed2-00.3: error-rate=0 num-dialogs=500 ***
RESULTS:: 09:34:14: root                               EvaluationManager.py <_prstr>179 :  Results for domain: SFRestaurants --evaluated by: objective success evaluator
RESULTS:: 09:34:14: root                               EvaluationManager.py <_prstr>179 :  # of dialogues  = 500
RESULTS:: 09:34:14: root                               EvaluationManager.py <_prstr>179 :  Average reward  = 10.42 +- 0.73
RESULTS:: 09:34:14: root                               EvaluationManager.py <_prstr>179 :  Average success = 87.20 +- 2.94
RESULTS:: 09:34:14: root                               EvaluationManager.py <_prstr>179 :  Average turns   = 7.02 +- 0.25
RESULTS:: 09:34:14: root                                   pydial.py <train_command>791 :  List of domains: SFRestaurants
RESULTS:: 09:34:14: root                                      pydial.py <trainBatch>409 :  *** Training Iteration env2-SFR-tau_nodrop_sort_noinco_4020_250100-seed2-00.3->env2-SFR-tau_nodrop_sort_noinco_4020_250100-seed2-00.4: iter=3, error-rate=0, num-dialogs=1000 ***
RESULTS:: 09:53:01: root                               EvaluationManager.py <_prstr>179 :  Results for domain: SFRestaurants --evaluated by: objective success evaluator
RESULTS:: 09:53:01: root                               EvaluationManager.py <_prstr>179 :  # of dialogues  = 1000
RESULTS:: 09:53:01: root                               EvaluationManager.py <_prstr>179 :  Average reward  = 10.11 +- 0.46
RESULTS:: 09:53:01: root                               EvaluationManager.py <_prstr>179 :  Average success = 93.10 +- 1.57
RESULTS:: 09:53:01: root                               EvaluationManager.py <_prstr>179 :  Average turns   = 8.51 +- 0.26
RESULTS:: 09:53:01: root                                   pydial.py <setEvalConfig>470 :  *** Evaluating env2-SFR-tau_nodrop_sort_noinco_4020_250100-seed2-00.4: error-rate=0 num-dialogs=500 ***
RESULTS:: 10:02:21: root                               EvaluationManager.py <_prstr>179 :  Results for domain: SFRestaurants --evaluated by: objective success evaluator
RESULTS:: 10:02:21: root                               EvaluationManager.py <_prstr>179 :  # of dialogues  = 500
RESULTS:: 10:02:21: root                               EvaluationManager.py <_prstr>179 :  Average reward  = 10.97 +- 0.71
RESULTS:: 10:02:21: root                               EvaluationManager.py <_prstr>179 :  Average success = 93.60 +- 2.15
RESULTS:: 10:02:21: root                               EvaluationManager.py <_prstr>179 :  Average turns   = 7.75 +- 0.36
RESULTS:: 10:02:21: root                                   pydial.py <train_command>791 :  List of domains: SFRestaurants
RESULTS:: 10:02:21: root                                      pydial.py <trainBatch>409 :  *** Training Iteration env2-SFR-tau_nodrop_sort_noinco_4020_250100-seed2-00.4->env2-SFR-tau_nodrop_sort_noinco_4020_250100-seed2-00.5: iter=4, error-rate=0, num-dialogs=1000 ***
RESULTS:: 10:20:35: root                               EvaluationManager.py <_prstr>179 :  Results for domain: SFRestaurants --evaluated by: objective success evaluator
RESULTS:: 10:20:35: root                               EvaluationManager.py <_prstr>179 :  # of dialogues  = 1000
RESULTS:: 10:20:35: root                               EvaluationManager.py <_prstr>179 :  Average reward  = 10.72 +- 0.43
RESULTS:: 10:20:35: root                               EvaluationManager.py <_prstr>179 :  Average success = 95.20 +- 1.33
RESULTS:: 10:20:35: root                               EvaluationManager.py <_prstr>179 :  Average turns   = 8.32 +- 0.26
RESULTS:: 10:20:35: root                                   pydial.py <setEvalConfig>470 :  *** Evaluating env2-SFR-tau_nodrop_sort_noinco_4020_250100-seed2-00.5: error-rate=0 num-dialogs=500 ***
RESULTS:: 10:27:38: root                               EvaluationManager.py <_prstr>179 :  Results for domain: SFRestaurants --evaluated by: objective success evaluator
RESULTS:: 10:27:38: root                               EvaluationManager.py <_prstr>179 :  # of dialogues  = 500
RESULTS:: 10:27:38: root                               EvaluationManager.py <_prstr>179 :  Average reward  = 12.32 +- 0.46
RESULTS:: 10:27:38: root                               EvaluationManager.py <_prstr>179 :  Average success = 96.20 +- 1.68
RESULTS:: 10:27:38: root                               EvaluationManager.py <_prstr>179 :  Average turns   = 6.92 +- 0.23
RESULTS:: 10:27:38: root                                   pydial.py <train_command>791 :  List of domains: SFRestaurants
RESULTS:: 10:27:38: root                                      pydial.py <trainBatch>409 :  *** Training Iteration env2-SFR-tau_nodrop_sort_noinco_4020_250100-seed2-00.5->env2-SFR-tau_nodrop_sort_noinco_4020_250100-seed2-00.6: iter=5, error-rate=0, num-dialogs=1000 ***
RESULTS:: 10:48:27: root                               EvaluationManager.py <_prstr>179 :  Results for domain: SFRestaurants --evaluated by: objective success evaluator
RESULTS:: 10:48:27: root                               EvaluationManager.py <_prstr>179 :  # of dialogues  = 1000
RESULTS:: 10:48:27: root                               EvaluationManager.py <_prstr>179 :  Average reward  = 8.79 +- 0.57
RESULTS:: 10:48:27: root                               EvaluationManager.py <_prstr>179 :  Average success = 88.80 +- 1.96
RESULTS:: 10:48:27: root                               EvaluationManager.py <_prstr>179 :  Average turns   = 8.97 +- 0.28
RESULTS:: 10:48:27: root                                   pydial.py <setEvalConfig>470 :  *** Evaluating env2-SFR-tau_nodrop_sort_noinco_4020_250100-seed2-00.6: error-rate=0 num-dialogs=500 ***
RESULTS:: 10:56:11: root                               EvaluationManager.py <_prstr>179 :  Results for domain: SFRestaurants --evaluated by: objective success evaluator
RESULTS:: 10:56:11: root                               EvaluationManager.py <_prstr>179 :  # of dialogues  = 500
RESULTS:: 10:56:11: root                               EvaluationManager.py <_prstr>179 :  Average reward  = 11.73 +- 0.55
RESULTS:: 10:56:11: root                               EvaluationManager.py <_prstr>179 :  Average success = 96.40 +- 1.64
RESULTS:: 10:56:11: root                               EvaluationManager.py <_prstr>179 :  Average turns   = 7.55 +- 0.34
RESULTS:: 10:56:11: root                                   pydial.py <train_command>791 :  List of domains: SFRestaurants
RESULTS:: 10:56:11: root                                      pydial.py <trainBatch>409 :  *** Training Iteration env2-SFR-tau_nodrop_sort_noinco_4020_250100-seed2-00.6->env2-SFR-tau_nodrop_sort_noinco_4020_250100-seed2-00.7: iter=6, error-rate=0, num-dialogs=1000 ***
RESULTS:: 11:14:50: root                               EvaluationManager.py <_prstr>179 :  Results for domain: SFRestaurants --evaluated by: objective success evaluator
RESULTS:: 11:14:50: root                               EvaluationManager.py <_prstr>179 :  # of dialogues  = 1000
RESULTS:: 11:14:50: root                               EvaluationManager.py <_prstr>179 :  Average reward  = 10.60 +- 0.44
RESULTS:: 11:14:50: root                               EvaluationManager.py <_prstr>179 :  Average success = 94.60 +- 1.40
RESULTS:: 11:14:50: root                               EvaluationManager.py <_prstr>179 :  Average turns   = 8.32 +- 0.27
RESULTS:: 11:14:50: root                                   pydial.py <setEvalConfig>470 :  *** Evaluating env2-SFR-tau_nodrop_sort_noinco_4020_250100-seed2-00.7: error-rate=0 num-dialogs=500 ***
RESULTS:: 11:22:23: root                               EvaluationManager.py <_prstr>179 :  Results for domain: SFRestaurants --evaluated by: objective success evaluator
RESULTS:: 11:22:23: root                               EvaluationManager.py <_prstr>179 :  # of dialogues  = 500
RESULTS:: 11:22:23: root                               EvaluationManager.py <_prstr>179 :  Average reward  = 11.10 +- 0.63
RESULTS:: 11:22:23: root                               EvaluationManager.py <_prstr>179 :  Average success = 93.00 +- 2.24
RESULTS:: 11:22:23: root                               EvaluationManager.py <_prstr>179 :  Average turns   = 7.50 +- 0.33
RESULTS:: 11:22:23: root                                   pydial.py <train_command>791 :  List of domains: SFRestaurants
RESULTS:: 11:22:23: root                                      pydial.py <trainBatch>409 :  *** Training Iteration env2-SFR-tau_nodrop_sort_noinco_4020_250100-seed2-00.7->env2-SFR-tau_nodrop_sort_noinco_4020_250100-seed2-00.8: iter=7, error-rate=0, num-dialogs=1000 ***
RESULTS:: 11:41:23: root                               EvaluationManager.py <_prstr>179 :  Results for domain: SFRestaurants --evaluated by: objective success evaluator
RESULTS:: 11:41:23: root                               EvaluationManager.py <_prstr>179 :  # of dialogues  = 1000
RESULTS:: 11:41:23: root                               EvaluationManager.py <_prstr>179 :  Average reward  = 9.85 +- 0.48
RESULTS:: 11:41:23: root                               EvaluationManager.py <_prstr>179 :  Average success = 92.40 +- 1.64
RESULTS:: 11:41:23: root                               EvaluationManager.py <_prstr>179 :  Average turns   = 8.63 +- 0.27
RESULTS:: 11:41:23: root                                   pydial.py <setEvalConfig>470 :  *** Evaluating env2-SFR-tau_nodrop_sort_noinco_4020_250100-seed2-00.8: error-rate=0 num-dialogs=500 ***
RESULTS:: 11:48:35: root                               EvaluationManager.py <_prstr>179 :  Results for domain: SFRestaurants --evaluated by: objective success evaluator
RESULTS:: 11:48:35: root                               EvaluationManager.py <_prstr>179 :  # of dialogues  = 500
RESULTS:: 11:48:35: root                               EvaluationManager.py <_prstr>179 :  Average reward  = 12.50 +- 0.35
RESULTS:: 11:48:35: root                               EvaluationManager.py <_prstr>179 :  Average success = 98.80 +- 0.96
RESULTS:: 11:48:35: root                               EvaluationManager.py <_prstr>179 :  Average turns   = 7.26 +- 0.27
RESULTS:: 11:48:35: root                                   pydial.py <train_command>791 :  List of domains: SFRestaurants
RESULTS:: 11:48:35: root                                      pydial.py <trainBatch>409 :  *** Training Iteration env2-SFR-tau_nodrop_sort_noinco_4020_250100-seed2-00.8->env2-SFR-tau_nodrop_sort_noinco_4020_250100-seed2-00.9: iter=8, error-rate=0, num-dialogs=1000 ***
RESULTS:: 12:06:23: root                               EvaluationManager.py <_prstr>179 :  Results for domain: SFRestaurants --evaluated by: objective success evaluator
RESULTS:: 12:06:23: root                               EvaluationManager.py <_prstr>179 :  # of dialogues  = 1000
RESULTS:: 12:06:23: root                               EvaluationManager.py <_prstr>179 :  Average reward  = 11.09 +- 0.36
RESULTS:: 12:06:23: root                               EvaluationManager.py <_prstr>179 :  Average success = 96.60 +- 1.12
RESULTS:: 12:06:23: root                               EvaluationManager.py <_prstr>179 :  Average turns   = 8.23 +- 0.25
RESULTS:: 12:06:23: root                                   pydial.py <setEvalConfig>470 :  *** Evaluating env2-SFR-tau_nodrop_sort_noinco_4020_250100-seed2-00.9: error-rate=0 num-dialogs=500 ***
RESULTS:: 12:12:47: root                               EvaluationManager.py <_prstr>179 :  Results for domain: SFRestaurants --evaluated by: objective success evaluator
RESULTS:: 12:12:47: root                               EvaluationManager.py <_prstr>179 :  # of dialogues  = 500
RESULTS:: 12:12:47: root                               EvaluationManager.py <_prstr>179 :  Average reward  = 13.47 +- 0.31
RESULTS:: 12:12:47: root                               EvaluationManager.py <_prstr>179 :  Average success = 98.80 +- 0.96
RESULTS:: 12:12:47: root                               EvaluationManager.py <_prstr>179 :  Average turns   = 6.29 +- 0.21
RESULTS:: 12:12:47: root                                   pydial.py <train_command>791 :  List of domains: SFRestaurants
RESULTS:: 12:12:47: root                                      pydial.py <trainBatch>409 :  *** Training Iteration env2-SFR-tau_nodrop_sort_noinco_4020_250100-seed2-00.9->env2-SFR-tau_nodrop_sort_noinco_4020_250100-seed2-00.10: iter=9, error-rate=0, num-dialogs=1000 ***
RESULTS:: 12:30:26: root                               EvaluationManager.py <_prstr>179 :  Results for domain: SFRestaurants --evaluated by: objective success evaluator
RESULTS:: 12:30:26: root                               EvaluationManager.py <_prstr>179 :  # of dialogues  = 1000
RESULTS:: 12:30:26: root                               EvaluationManager.py <_prstr>179 :  Average reward  = 10.36 +- 0.47
RESULTS:: 12:30:26: root                               EvaluationManager.py <_prstr>179 :  Average success = 92.70 +- 1.61
RESULTS:: 12:30:26: root                               EvaluationManager.py <_prstr>179 :  Average turns   = 8.18 +- 0.27
RESULTS:: 12:30:26: root                                   pydial.py <setEvalConfig>470 :  *** Evaluating env2-SFR-tau_nodrop_sort_noinco_4020_250100-seed2-00.10: error-rate=0 num-dialogs=500 ***
RESULTS:: 12:36:40: root                               EvaluationManager.py <_prstr>179 :  Results for domain: SFRestaurants --evaluated by: objective success evaluator
RESULTS:: 12:36:40: root                               EvaluationManager.py <_prstr>179 :  # of dialogues  = 500
RESULTS:: 12:36:40: root                               EvaluationManager.py <_prstr>179 :  Average reward  = 13.07 +- 0.38
RESULTS:: 12:36:40: root                               EvaluationManager.py <_prstr>179 :  Average success = 98.20 +- 1.17
RESULTS:: 12:36:40: root                               EvaluationManager.py <_prstr>179 :  Average turns   = 6.57 +- 0.25
RESULTS:: 12:36:40: root                                   pydial.py <train_command>807 :  *** Training complete. log: env2-SFR-tau_nodrop_sort_noinco_4020_250100-seed2-00.1-10.train.log - final policy is env2-SFR-tau_nodrop_sort_noinco_4020_250100-00-10
