RESULTS:: 08:22:33: root                                   pydial.py <train_command>791 :  List of domains: SFRestaurants
RESULTS:: 08:22:33: root                                      pydial.py <trainBatch>409 :  *** Training Iteration env2-SFR-tau_nodrop_sort_noinco_4020_250100-seed9-00.0->env2-SFR-tau_nodrop_sort_noinco_4020_250100-seed9-00.1: iter=0, error-rate=0, num-dialogs=1000 ***
RESULTS:: 08:45:51: root                               EvaluationManager.py <_prstr>179 :  Results for domain: SFRestaurants --evaluated by: objective success evaluator
RESULTS:: 08:45:51: root                               EvaluationManager.py <_prstr>179 :  # of dialogues  = 1000
RESULTS:: 08:45:51: root                               EvaluationManager.py <_prstr>179 :  Average reward  = 5.61 +- 0.73
RESULTS:: 08:45:51: root                               EvaluationManager.py <_prstr>179 :  Average success = 75.20 +- 2.68
RESULTS:: 08:45:51: root                               EvaluationManager.py <_prstr>179 :  Average turns   = 9.44 +- 0.33
RESULTS:: 08:45:51: root                                   pydial.py <setEvalConfig>470 :  *** Evaluating env2-SFR-tau_nodrop_sort_noinco_4020_250100-seed9-00.1: error-rate=0 num-dialogs=500 ***
RESULTS:: 08:54:22: root                               EvaluationManager.py <_prstr>179 :  Results for domain: SFRestaurants --evaluated by: objective success evaluator
RESULTS:: 08:54:22: root                               EvaluationManager.py <_prstr>179 :  # of dialogues  = 500
RESULTS:: 08:54:22: root                               EvaluationManager.py <_prstr>179 :  Average reward  = 5.86 +- 1.09
RESULTS:: 08:54:22: root                               EvaluationManager.py <_prstr>179 :  Average success = 69.20 +- 4.06
RESULTS:: 08:54:22: root                               EvaluationManager.py <_prstr>179 :  Average turns   = 7.98 +- 0.38
RESULTS:: 08:54:22: root                                   pydial.py <train_command>791 :  List of domains: SFRestaurants
RESULTS:: 08:54:22: root                                      pydial.py <trainBatch>409 :  *** Training Iteration env2-SFR-tau_nodrop_sort_noinco_4020_250100-seed9-00.1->env2-SFR-tau_nodrop_sort_noinco_4020_250100-seed9-00.2: iter=1, error-rate=0, num-dialogs=1000 ***
RESULTS:: 09:13:29: root                               EvaluationManager.py <_prstr>179 :  Results for domain: SFRestaurants --evaluated by: objective success evaluator
RESULTS:: 09:13:29: root                               EvaluationManager.py <_prstr>179 :  # of dialogues  = 1000
RESULTS:: 09:13:29: root                               EvaluationManager.py <_prstr>179 :  Average reward  = 8.45 +- 0.61
RESULTS:: 09:13:29: root                               EvaluationManager.py <_prstr>179 :  Average success = 86.30 +- 2.13
RESULTS:: 09:13:29: root                               EvaluationManager.py <_prstr>179 :  Average turns   = 8.81 +- 0.30
RESULTS:: 09:13:29: root                                   pydial.py <setEvalConfig>470 :  *** Evaluating env2-SFR-tau_nodrop_sort_noinco_4020_250100-seed9-00.2: error-rate=0 num-dialogs=500 ***
RESULTS:: 09:19:42: root                               EvaluationManager.py <_prstr>179 :  Results for domain: SFRestaurants --evaluated by: objective success evaluator
RESULTS:: 09:19:42: root                               EvaluationManager.py <_prstr>179 :  # of dialogues  = 500
RESULTS:: 09:19:42: root                               EvaluationManager.py <_prstr>179 :  Average reward  = 8.21 +- 0.85
RESULTS:: 09:19:42: root                               EvaluationManager.py <_prstr>179 :  Average success = 75.80 +- 3.76
RESULTS:: 09:19:42: root                               EvaluationManager.py <_prstr>179 :  Average turns   = 6.95 +- 0.25
RESULTS:: 09:19:42: root                                   pydial.py <train_command>791 :  List of domains: SFRestaurants
RESULTS:: 09:19:42: root                                      pydial.py <trainBatch>409 :  *** Training Iteration env2-SFR-tau_nodrop_sort_noinco_4020_250100-seed9-00.2->env2-SFR-tau_nodrop_sort_noinco_4020_250100-seed9-00.3: iter=2, error-rate=0, num-dialogs=1000 ***
RESULTS:: 09:37:35: root                               EvaluationManager.py <_prstr>179 :  Results for domain: SFRestaurants --evaluated by: objective success evaluator
RESULTS:: 09:37:35: root                               EvaluationManager.py <_prstr>179 :  # of dialogues  = 1000
RESULTS:: 09:37:35: root                               EvaluationManager.py <_prstr>179 :  Average reward  = 8.94 +- 0.58
RESULTS:: 09:37:35: root                               EvaluationManager.py <_prstr>179 :  Average success = 88.10 +- 2.01
RESULTS:: 09:37:35: root                               EvaluationManager.py <_prstr>179 :  Average turns   = 8.68 +- 0.29
RESULTS:: 09:37:35: root                                   pydial.py <setEvalConfig>470 :  *** Evaluating env2-SFR-tau_nodrop_sort_noinco_4020_250100-seed9-00.3: error-rate=0 num-dialogs=500 ***
RESULTS:: 09:43:24: root                               EvaluationManager.py <_prstr>179 :  Results for domain: SFRestaurants --evaluated by: objective success evaluator
RESULTS:: 09:43:24: root                               EvaluationManager.py <_prstr>179 :  # of dialogues  = 500
RESULTS:: 09:43:24: root                               EvaluationManager.py <_prstr>179 :  Average reward  = 12.87 +- 0.47
RESULTS:: 09:43:24: root                               EvaluationManager.py <_prstr>179 :  Average success = 96.80 +- 1.55
RESULTS:: 09:43:24: root                               EvaluationManager.py <_prstr>179 :  Average turns   = 6.49 +- 0.25
RESULTS:: 09:43:24: root                                   pydial.py <train_command>791 :  List of domains: SFRestaurants
RESULTS:: 09:43:24: root                                      pydial.py <trainBatch>409 :  *** Training Iteration env2-SFR-tau_nodrop_sort_noinco_4020_250100-seed9-00.3->env2-SFR-tau_nodrop_sort_noinco_4020_250100-seed9-00.4: iter=3, error-rate=0, num-dialogs=1000 ***
RESULTS:: 10:02:16: root                               EvaluationManager.py <_prstr>179 :  Results for domain: SFRestaurants --evaluated by: objective success evaluator
RESULTS:: 10:02:16: root                               EvaluationManager.py <_prstr>179 :  # of dialogues  = 1000
RESULTS:: 10:02:16: root                               EvaluationManager.py <_prstr>179 :  Average reward  = 9.42 +- 0.53
RESULTS:: 10:02:16: root                               EvaluationManager.py <_prstr>179 :  Average success = 89.60 +- 1.89
RESULTS:: 10:02:16: root                               EvaluationManager.py <_prstr>179 :  Average turns   = 8.50 +- 0.27
RESULTS:: 10:02:16: root                                   pydial.py <setEvalConfig>470 :  *** Evaluating env2-SFR-tau_nodrop_sort_noinco_4020_250100-seed9-00.4: error-rate=0 num-dialogs=500 ***
RESULTS:: 10:08:55: root                               EvaluationManager.py <_prstr>179 :  Results for domain: SFRestaurants --evaluated by: objective success evaluator
RESULTS:: 10:08:55: root                               EvaluationManager.py <_prstr>179 :  # of dialogues  = 500
RESULTS:: 10:08:55: root                               EvaluationManager.py <_prstr>179 :  Average reward  = 11.15 +- 0.70
RESULTS:: 10:08:55: root                               EvaluationManager.py <_prstr>179 :  Average success = 92.00 +- 2.38
RESULTS:: 10:08:55: root                               EvaluationManager.py <_prstr>179 :  Average turns   = 7.25 +- 0.36
RESULTS:: 10:08:55: root                                   pydial.py <train_command>791 :  List of domains: SFRestaurants
RESULTS:: 10:08:55: root                                      pydial.py <trainBatch>409 :  *** Training Iteration env2-SFR-tau_nodrop_sort_noinco_4020_250100-seed9-00.4->env2-SFR-tau_nodrop_sort_noinco_4020_250100-seed9-00.5: iter=4, error-rate=0, num-dialogs=1000 ***
RESULTS:: 10:26:21: root                               EvaluationManager.py <_prstr>179 :  Results for domain: SFRestaurants --evaluated by: objective success evaluator
RESULTS:: 10:26:21: root                               EvaluationManager.py <_prstr>179 :  # of dialogues  = 1000
RESULTS:: 10:26:21: root                               EvaluationManager.py <_prstr>179 :  Average reward  = 9.34 +- 0.51
RESULTS:: 10:26:21: root                               EvaluationManager.py <_prstr>179 :  Average success = 90.30 +- 1.84
RESULTS:: 10:26:21: root                               EvaluationManager.py <_prstr>179 :  Average turns   = 8.72 +- 0.28
RESULTS:: 10:26:21: root                                   pydial.py <setEvalConfig>470 :  *** Evaluating env2-SFR-tau_nodrop_sort_noinco_4020_250100-seed9-00.5: error-rate=0 num-dialogs=500 ***
RESULTS:: 10:33:03: root                               EvaluationManager.py <_prstr>179 :  Results for domain: SFRestaurants --evaluated by: objective success evaluator
RESULTS:: 10:33:03: root                               EvaluationManager.py <_prstr>179 :  # of dialogues  = 500
RESULTS:: 10:33:03: root                               EvaluationManager.py <_prstr>179 :  Average reward  = 11.34 +- 0.64
RESULTS:: 10:33:03: root                               EvaluationManager.py <_prstr>179 :  Average success = 92.40 +- 2.33
RESULTS:: 10:33:03: root                               EvaluationManager.py <_prstr>179 :  Average turns   = 7.14 +- 0.30
RESULTS:: 10:33:03: root                                   pydial.py <train_command>791 :  List of domains: SFRestaurants
RESULTS:: 10:33:03: root                                      pydial.py <trainBatch>409 :  *** Training Iteration env2-SFR-tau_nodrop_sort_noinco_4020_250100-seed9-00.5->env2-SFR-tau_nodrop_sort_noinco_4020_250100-seed9-00.6: iter=5, error-rate=0, num-dialogs=1000 ***
RESULTS:: 10:50:55: root                               EvaluationManager.py <_prstr>179 :  Results for domain: SFRestaurants --evaluated by: objective success evaluator
RESULTS:: 10:50:55: root                               EvaluationManager.py <_prstr>179 :  # of dialogues  = 1000
RESULTS:: 10:50:55: root                               EvaluationManager.py <_prstr>179 :  Average reward  = 9.81 +- 0.52
RESULTS:: 10:50:55: root                               EvaluationManager.py <_prstr>179 :  Average success = 91.30 +- 1.75
RESULTS:: 10:50:55: root                               EvaluationManager.py <_prstr>179 :  Average turns   = 8.45 +- 0.29
RESULTS:: 10:50:55: root                                   pydial.py <setEvalConfig>470 :  *** Evaluating env2-SFR-tau_nodrop_sort_noinco_4020_250100-seed9-00.6: error-rate=0 num-dialogs=500 ***
RESULTS:: 10:58:14: root                               EvaluationManager.py <_prstr>179 :  Results for domain: SFRestaurants --evaluated by: objective success evaluator
RESULTS:: 10:58:14: root                               EvaluationManager.py <_prstr>179 :  # of dialogues  = 500
RESULTS:: 10:58:14: root                               EvaluationManager.py <_prstr>179 :  Average reward  = 9.02 +- 1.00
RESULTS:: 10:58:14: root                               EvaluationManager.py <_prstr>179 :  Average success = 85.60 +- 3.08
RESULTS:: 10:58:14: root                               EvaluationManager.py <_prstr>179 :  Average turns   = 8.10 +- 0.46
RESULTS:: 10:58:14: root                                   pydial.py <train_command>791 :  List of domains: SFRestaurants
RESULTS:: 10:58:14: root                                      pydial.py <trainBatch>409 :  *** Training Iteration env2-SFR-tau_nodrop_sort_noinco_4020_250100-seed9-00.6->env2-SFR-tau_nodrop_sort_noinco_4020_250100-seed9-00.7: iter=6, error-rate=0, num-dialogs=1000 ***
RESULTS:: 11:15:27: root                               EvaluationManager.py <_prstr>179 :  Results for domain: SFRestaurants --evaluated by: objective success evaluator
RESULTS:: 11:15:27: root                               EvaluationManager.py <_prstr>179 :  # of dialogues  = 1000
RESULTS:: 11:15:27: root                               EvaluationManager.py <_prstr>179 :  Average reward  = 10.13 +- 0.49
RESULTS:: 11:15:27: root                               EvaluationManager.py <_prstr>179 :  Average success = 92.30 +- 1.65
RESULTS:: 11:15:27: root                               EvaluationManager.py <_prstr>179 :  Average turns   = 8.33 +- 0.27
RESULTS:: 11:15:27: root                                   pydial.py <setEvalConfig>470 :  *** Evaluating env2-SFR-tau_nodrop_sort_noinco_4020_250100-seed9-00.7: error-rate=0 num-dialogs=500 ***
RESULTS:: 11:21:57: root                               EvaluationManager.py <_prstr>179 :  Results for domain: SFRestaurants --evaluated by: objective success evaluator
RESULTS:: 11:21:57: root                               EvaluationManager.py <_prstr>179 :  # of dialogues  = 500
RESULTS:: 11:21:57: root                               EvaluationManager.py <_prstr>179 :  Average reward  = 12.75 +- 0.41
RESULTS:: 11:21:57: root                               EvaluationManager.py <_prstr>179 :  Average success = 98.00 +- 1.23
RESULTS:: 11:21:57: root                               EvaluationManager.py <_prstr>179 :  Average turns   = 6.85 +- 0.27
RESULTS:: 11:21:57: root                                   pydial.py <train_command>791 :  List of domains: SFRestaurants
RESULTS:: 11:21:57: root                                      pydial.py <trainBatch>409 :  *** Training Iteration env2-SFR-tau_nodrop_sort_noinco_4020_250100-seed9-00.7->env2-SFR-tau_nodrop_sort_noinco_4020_250100-seed9-00.8: iter=7, error-rate=0, num-dialogs=1000 ***
RESULTS:: 11:39:25: root                               EvaluationManager.py <_prstr>179 :  Results for domain: SFRestaurants --evaluated by: objective success evaluator
RESULTS:: 11:39:25: root                               EvaluationManager.py <_prstr>179 :  # of dialogues  = 1000
RESULTS:: 11:39:25: root                               EvaluationManager.py <_prstr>179 :  Average reward  = 9.43 +- 0.56
RESULTS:: 11:39:25: root                               EvaluationManager.py <_prstr>179 :  Average success = 90.10 +- 1.85
RESULTS:: 11:39:25: root                               EvaluationManager.py <_prstr>179 :  Average turns   = 8.59 +- 0.29
RESULTS:: 11:39:25: root                                   pydial.py <setEvalConfig>470 :  *** Evaluating env2-SFR-tau_nodrop_sort_noinco_4020_250100-seed9-00.8: error-rate=0 num-dialogs=500 ***
RESULTS:: 11:45:32: root                               EvaluationManager.py <_prstr>179 :  Results for domain: SFRestaurants --evaluated by: objective success evaluator
RESULTS:: 11:45:32: root                               EvaluationManager.py <_prstr>179 :  # of dialogues  = 500
RESULTS:: 11:45:32: root                               EvaluationManager.py <_prstr>179 :  Average reward  = 7.76 +- 0.88
RESULTS:: 11:45:32: root                               EvaluationManager.py <_prstr>179 :  Average success = 73.20 +- 3.89
RESULTS:: 11:45:32: root                               EvaluationManager.py <_prstr>179 :  Average turns   = 6.88 +- 0.22
RESULTS:: 11:45:32: root                                   pydial.py <train_command>791 :  List of domains: SFRestaurants
RESULTS:: 11:45:32: root                                      pydial.py <trainBatch>409 :  *** Training Iteration env2-SFR-tau_nodrop_sort_noinco_4020_250100-seed9-00.8->env2-SFR-tau_nodrop_sort_noinco_4020_250100-seed9-00.9: iter=8, error-rate=0, num-dialogs=1000 ***
RESULTS:: 12:02:54: root                               EvaluationManager.py <_prstr>179 :  Results for domain: SFRestaurants --evaluated by: objective success evaluator
RESULTS:: 12:02:54: root                               EvaluationManager.py <_prstr>179 :  # of dialogues  = 1000
RESULTS:: 12:02:54: root                               EvaluationManager.py <_prstr>179 :  Average reward  = 10.28 +- 0.49
RESULTS:: 12:02:54: root                               EvaluationManager.py <_prstr>179 :  Average success = 93.60 +- 1.52
RESULTS:: 12:02:54: root                               EvaluationManager.py <_prstr>179 :  Average turns   = 8.44 +- 0.27
RESULTS:: 12:02:54: root                                   pydial.py <setEvalConfig>470 :  *** Evaluating env2-SFR-tau_nodrop_sort_noinco_4020_250100-seed9-00.9: error-rate=0 num-dialogs=500 ***
RESULTS:: 12:09:09: root                               EvaluationManager.py <_prstr>179 :  Results for domain: SFRestaurants --evaluated by: objective success evaluator
RESULTS:: 12:09:09: root                               EvaluationManager.py <_prstr>179 :  # of dialogues  = 500
RESULTS:: 12:09:09: root                               EvaluationManager.py <_prstr>179 :  Average reward  = 13.28 +- 0.40
RESULTS:: 12:09:09: root                               EvaluationManager.py <_prstr>179 :  Average success = 98.20 +- 1.17
RESULTS:: 12:09:09: root                               EvaluationManager.py <_prstr>179 :  Average turns   = 6.36 +- 0.24
RESULTS:: 12:09:09: root                                   pydial.py <train_command>791 :  List of domains: SFRestaurants
RESULTS:: 12:09:09: root                                      pydial.py <trainBatch>409 :  *** Training Iteration env2-SFR-tau_nodrop_sort_noinco_4020_250100-seed9-00.9->env2-SFR-tau_nodrop_sort_noinco_4020_250100-seed9-00.10: iter=9, error-rate=0, num-dialogs=1000 ***
RESULTS:: 12:26:50: root                               EvaluationManager.py <_prstr>179 :  Results for domain: SFRestaurants --evaluated by: objective success evaluator
RESULTS:: 12:26:50: root                               EvaluationManager.py <_prstr>179 :  # of dialogues  = 1000
RESULTS:: 12:26:50: root                               EvaluationManager.py <_prstr>179 :  Average reward  = 10.35 +- 0.48
RESULTS:: 12:26:50: root                               EvaluationManager.py <_prstr>179 :  Average success = 92.80 +- 1.60
RESULTS:: 12:26:50: root                               EvaluationManager.py <_prstr>179 :  Average turns   = 8.21 +- 0.27
RESULTS:: 12:26:50: root                                   pydial.py <setEvalConfig>470 :  *** Evaluating env2-SFR-tau_nodrop_sort_noinco_4020_250100-seed9-00.10: error-rate=0 num-dialogs=500 ***
RESULTS:: 12:33:30: root                               EvaluationManager.py <_prstr>179 :  Results for domain: SFRestaurants --evaluated by: objective success evaluator
RESULTS:: 12:33:30: root                               EvaluationManager.py <_prstr>179 :  # of dialogues  = 500
RESULTS:: 12:33:30: root                               EvaluationManager.py <_prstr>179 :  Average reward  = 12.74 +- 0.49
RESULTS:: 12:33:30: root                               EvaluationManager.py <_prstr>179 :  Average success = 96.20 +- 1.68
RESULTS:: 12:33:30: root                               EvaluationManager.py <_prstr>179 :  Average turns   = 6.50 +- 0.25
RESULTS:: 12:33:30: root                                   pydial.py <train_command>807 :  *** Training complete. log: env2-SFR-tau_nodrop_sort_noinco_4020_250100-seed9-00.1-10.train.log - final policy is env2-SFR-tau_nodrop_sort_noinco_4020_250100-00-10
