RESULTS:: 08:21:49: root                                   pydial.py <train_command>791 :  List of domains: SFRestaurants
RESULTS:: 08:21:49: root                                      pydial.py <trainBatch>409 :  *** Training Iteration env2-SFR-tau_nodrop_sort_noinco_4020_250100-seed7-00.0->env2-SFR-tau_nodrop_sort_noinco_4020_250100-seed7-00.1: iter=0, error-rate=0, num-dialogs=1000 ***
RESULTS:: 08:44:16: root                               EvaluationManager.py <_prstr>179 :  Results for domain: SFRestaurants --evaluated by: objective success evaluator
RESULTS:: 08:44:16: root                               EvaluationManager.py <_prstr>179 :  # of dialogues  = 1000
RESULTS:: 08:44:16: root                               EvaluationManager.py <_prstr>179 :  Average reward  = 5.34 +- 0.72
RESULTS:: 08:44:16: root                               EvaluationManager.py <_prstr>179 :  Average success = 72.20 +- 2.78
RESULTS:: 08:44:16: root                               EvaluationManager.py <_prstr>179 :  Average turns   = 9.10 +- 0.31
RESULTS:: 08:44:16: root                                   pydial.py <setEvalConfig>470 :  *** Evaluating env2-SFR-tau_nodrop_sort_noinco_4020_250100-seed7-00.1: error-rate=0 num-dialogs=500 ***
RESULTS:: 08:52:48: root                               EvaluationManager.py <_prstr>179 :  Results for domain: SFRestaurants --evaluated by: objective success evaluator
RESULTS:: 08:52:48: root                               EvaluationManager.py <_prstr>179 :  # of dialogues  = 500
RESULTS:: 08:52:48: root                               EvaluationManager.py <_prstr>179 :  Average reward  = 8.43 +- 0.81
RESULTS:: 08:52:48: root                               EvaluationManager.py <_prstr>179 :  Average success = 79.80 +- 3.53
RESULTS:: 08:52:48: root                               EvaluationManager.py <_prstr>179 :  Average turns   = 7.53 +- 0.30
RESULTS:: 08:52:48: root                                   pydial.py <train_command>791 :  List of domains: SFRestaurants
RESULTS:: 08:52:48: root                                      pydial.py <trainBatch>409 :  *** Training Iteration env2-SFR-tau_nodrop_sort_noinco_4020_250100-seed7-00.1->env2-SFR-tau_nodrop_sort_noinco_4020_250100-seed7-00.2: iter=1, error-rate=0, num-dialogs=1000 ***
RESULTS:: 09:14:00: root                               EvaluationManager.py <_prstr>179 :  Results for domain: SFRestaurants --evaluated by: objective success evaluator
RESULTS:: 09:14:00: root                               EvaluationManager.py <_prstr>179 :  # of dialogues  = 1000
RESULTS:: 09:14:00: root                               EvaluationManager.py <_prstr>179 :  Average reward  = 8.83 +- 0.57
RESULTS:: 09:14:00: root                               EvaluationManager.py <_prstr>179 :  Average success = 89.00 +- 1.94
RESULTS:: 09:14:00: root                               EvaluationManager.py <_prstr>179 :  Average turns   = 8.97 +- 0.30
RESULTS:: 09:14:00: root                                   pydial.py <setEvalConfig>470 :  *** Evaluating env2-SFR-tau_nodrop_sort_noinco_4020_250100-seed7-00.2: error-rate=0 num-dialogs=500 ***
RESULTS:: 09:21:01: root                               EvaluationManager.py <_prstr>179 :  Results for domain: SFRestaurants --evaluated by: objective success evaluator
RESULTS:: 09:21:01: root                               EvaluationManager.py <_prstr>179 :  # of dialogues  = 500
RESULTS:: 09:21:01: root                               EvaluationManager.py <_prstr>179 :  Average reward  = 10.55 +- 0.67
RESULTS:: 09:21:01: root                               EvaluationManager.py <_prstr>179 :  Average success = 87.20 +- 2.94
RESULTS:: 09:21:01: root                               EvaluationManager.py <_prstr>179 :  Average turns   = 6.89 +- 0.25
RESULTS:: 09:21:01: root                                   pydial.py <train_command>791 :  List of domains: SFRestaurants
RESULTS:: 09:21:01: root                                      pydial.py <trainBatch>409 :  *** Training Iteration env2-SFR-tau_nodrop_sort_noinco_4020_250100-seed7-00.2->env2-SFR-tau_nodrop_sort_noinco_4020_250100-seed7-00.3: iter=2, error-rate=0, num-dialogs=1000 ***
RESULTS:: 09:41:15: root                               EvaluationManager.py <_prstr>179 :  Results for domain: SFRestaurants --evaluated by: objective success evaluator
RESULTS:: 09:41:15: root                               EvaluationManager.py <_prstr>179 :  # of dialogues  = 1000
RESULTS:: 09:41:15: root                               EvaluationManager.py <_prstr>179 :  Average reward  = 8.99 +- 0.55
RESULTS:: 09:41:15: root                               EvaluationManager.py <_prstr>179 :  Average success = 90.50 +- 1.82
RESULTS:: 09:41:15: root                               EvaluationManager.py <_prstr>179 :  Average turns   = 9.11 +- 0.30
RESULTS:: 09:41:15: root                                   pydial.py <setEvalConfig>470 :  *** Evaluating env2-SFR-tau_nodrop_sort_noinco_4020_250100-seed7-00.3: error-rate=0 num-dialogs=500 ***
RESULTS:: 09:48:21: root                               EvaluationManager.py <_prstr>179 :  Results for domain: SFRestaurants --evaluated by: objective success evaluator
RESULTS:: 09:48:21: root                               EvaluationManager.py <_prstr>179 :  # of dialogues  = 500
RESULTS:: 09:48:21: root                               EvaluationManager.py <_prstr>179 :  Average reward  = 11.91 +- 0.51
RESULTS:: 09:48:21: root                               EvaluationManager.py <_prstr>179 :  Average success = 95.20 +- 1.88
RESULTS:: 09:48:21: root                               EvaluationManager.py <_prstr>179 :  Average turns   = 7.13 +- 0.26
RESULTS:: 09:48:21: root                                   pydial.py <train_command>791 :  List of domains: SFRestaurants
RESULTS:: 09:48:21: root                                      pydial.py <trainBatch>409 :  *** Training Iteration env2-SFR-tau_nodrop_sort_noinco_4020_250100-seed7-00.3->env2-SFR-tau_nodrop_sort_noinco_4020_250100-seed7-00.4: iter=3, error-rate=0, num-dialogs=1000 ***
RESULTS:: 10:09:02: root                               EvaluationManager.py <_prstr>179 :  Results for domain: SFRestaurants --evaluated by: objective success evaluator
RESULTS:: 10:09:02: root                               EvaluationManager.py <_prstr>179 :  # of dialogues  = 1000
RESULTS:: 10:09:02: root                               EvaluationManager.py <_prstr>179 :  Average reward  = 9.96 +- 0.47
RESULTS:: 10:09:02: root                               EvaluationManager.py <_prstr>179 :  Average success = 93.50 +- 1.53
RESULTS:: 10:09:02: root                               EvaluationManager.py <_prstr>179 :  Average turns   = 8.73 +- 0.28
RESULTS:: 10:09:02: root                                   pydial.py <setEvalConfig>470 :  *** Evaluating env2-SFR-tau_nodrop_sort_noinco_4020_250100-seed7-00.4: error-rate=0 num-dialogs=500 ***
RESULTS:: 10:16:08: root                               EvaluationManager.py <_prstr>179 :  Results for domain: SFRestaurants --evaluated by: objective success evaluator
RESULTS:: 10:16:08: root                               EvaluationManager.py <_prstr>179 :  # of dialogues  = 500
RESULTS:: 10:16:08: root                               EvaluationManager.py <_prstr>179 :  Average reward  = 11.14 +- 0.63
RESULTS:: 10:16:08: root                               EvaluationManager.py <_prstr>179 :  Average success = 92.20 +- 2.36
RESULTS:: 10:16:08: root                               EvaluationManager.py <_prstr>179 :  Average turns   = 7.30 +- 0.28
RESULTS:: 10:16:08: root                                   pydial.py <train_command>791 :  List of domains: SFRestaurants
RESULTS:: 10:16:08: root                                      pydial.py <trainBatch>409 :  *** Training Iteration env2-SFR-tau_nodrop_sort_noinco_4020_250100-seed7-00.4->env2-SFR-tau_nodrop_sort_noinco_4020_250100-seed7-00.5: iter=4, error-rate=0, num-dialogs=1000 ***
RESULTS:: 10:35:14: root                               EvaluationManager.py <_prstr>179 :  Results for domain: SFRestaurants --evaluated by: objective success evaluator
RESULTS:: 10:35:14: root                               EvaluationManager.py <_prstr>179 :  # of dialogues  = 1000
RESULTS:: 10:35:14: root                               EvaluationManager.py <_prstr>179 :  Average reward  = 9.46 +- 0.54
RESULTS:: 10:35:14: root                               EvaluationManager.py <_prstr>179 :  Average success = 90.50 +- 1.82
RESULTS:: 10:35:14: root                               EvaluationManager.py <_prstr>179 :  Average turns   = 8.64 +- 0.29
RESULTS:: 10:35:14: root                                   pydial.py <setEvalConfig>470 :  *** Evaluating env2-SFR-tau_nodrop_sort_noinco_4020_250100-seed7-00.5: error-rate=0 num-dialogs=500 ***
RESULTS:: 10:43:10: root                               EvaluationManager.py <_prstr>179 :  Results for domain: SFRestaurants --evaluated by: objective success evaluator
RESULTS:: 10:43:10: root                               EvaluationManager.py <_prstr>179 :  # of dialogues  = 500
RESULTS:: 10:43:10: root                               EvaluationManager.py <_prstr>179 :  Average reward  = 11.79 +- 0.54
RESULTS:: 10:43:10: root                               EvaluationManager.py <_prstr>179 :  Average success = 94.80 +- 1.95
RESULTS:: 10:43:10: root                               EvaluationManager.py <_prstr>179 :  Average turns   = 7.17 +- 0.28
RESULTS:: 10:43:10: root                                   pydial.py <train_command>791 :  List of domains: SFRestaurants
RESULTS:: 10:43:10: root                                      pydial.py <trainBatch>409 :  *** Training Iteration env2-SFR-tau_nodrop_sort_noinco_4020_250100-seed7-00.5->env2-SFR-tau_nodrop_sort_noinco_4020_250100-seed7-00.6: iter=5, error-rate=0, num-dialogs=1000 ***
RESULTS:: 11:02:41: root                               EvaluationManager.py <_prstr>179 :  Results for domain: SFRestaurants --evaluated by: objective success evaluator
RESULTS:: 11:02:41: root                               EvaluationManager.py <_prstr>179 :  # of dialogues  = 1000
RESULTS:: 11:02:41: root                               EvaluationManager.py <_prstr>179 :  Average reward  = 10.05 +- 0.49
RESULTS:: 11:02:41: root                               EvaluationManager.py <_prstr>179 :  Average success = 93.30 +- 1.55
RESULTS:: 11:02:41: root                               EvaluationManager.py <_prstr>179 :  Average turns   = 8.61 +- 0.28
RESULTS:: 11:02:41: root                                   pydial.py <setEvalConfig>470 :  *** Evaluating env2-SFR-tau_nodrop_sort_noinco_4020_250100-seed7-00.6: error-rate=0 num-dialogs=500 ***
RESULTS:: 11:09:25: root                               EvaluationManager.py <_prstr>179 :  Results for domain: SFRestaurants --evaluated by: objective success evaluator
RESULTS:: 11:09:25: root                               EvaluationManager.py <_prstr>179 :  # of dialogues  = 500
RESULTS:: 11:09:25: root                               EvaluationManager.py <_prstr>179 :  Average reward  = 13.09 +- 0.42
RESULTS:: 11:09:25: root                               EvaluationManager.py <_prstr>179 :  Average success = 97.80 +- 1.29
RESULTS:: 11:09:25: root                               EvaluationManager.py <_prstr>179 :  Average turns   = 6.47 +- 0.25
RESULTS:: 11:09:25: root                                   pydial.py <train_command>791 :  List of domains: SFRestaurants
RESULTS:: 11:09:25: root                                      pydial.py <trainBatch>409 :  *** Training Iteration env2-SFR-tau_nodrop_sort_noinco_4020_250100-seed7-00.6->env2-SFR-tau_nodrop_sort_noinco_4020_250100-seed7-00.7: iter=6, error-rate=0, num-dialogs=1000 ***
RESULTS:: 11:27:56: root                               EvaluationManager.py <_prstr>179 :  Results for domain: SFRestaurants --evaluated by: objective success evaluator
RESULTS:: 11:27:56: root                               EvaluationManager.py <_prstr>179 :  # of dialogues  = 1000
RESULTS:: 11:27:56: root                               EvaluationManager.py <_prstr>179 :  Average reward  = 10.38 +- 0.49
RESULTS:: 11:27:56: root                               EvaluationManager.py <_prstr>179 :  Average success = 93.40 +- 1.54
RESULTS:: 11:27:56: root                               EvaluationManager.py <_prstr>179 :  Average turns   = 8.29 +- 0.28
RESULTS:: 11:27:56: root                                   pydial.py <setEvalConfig>470 :  *** Evaluating env2-SFR-tau_nodrop_sort_noinco_4020_250100-seed7-00.7: error-rate=0 num-dialogs=500 ***
RESULTS:: 11:35:22: root                               EvaluationManager.py <_prstr>179 :  Results for domain: SFRestaurants --evaluated by: objective success evaluator
RESULTS:: 11:35:22: root                               EvaluationManager.py <_prstr>179 :  # of dialogues  = 500
RESULTS:: 11:35:22: root                               EvaluationManager.py <_prstr>179 :  Average reward  = 12.15 +- 0.47
RESULTS:: 11:35:22: root                               EvaluationManager.py <_prstr>179 :  Average success = 97.40 +- 1.40
RESULTS:: 11:35:22: root                               EvaluationManager.py <_prstr>179 :  Average turns   = 7.33 +- 0.30
RESULTS:: 11:35:22: root                                   pydial.py <train_command>791 :  List of domains: SFRestaurants
RESULTS:: 11:35:22: root                                      pydial.py <trainBatch>409 :  *** Training Iteration env2-SFR-tau_nodrop_sort_noinco_4020_250100-seed7-00.7->env2-SFR-tau_nodrop_sort_noinco_4020_250100-seed7-00.8: iter=7, error-rate=0, num-dialogs=1000 ***
RESULTS:: 11:53:44: root                               EvaluationManager.py <_prstr>179 :  Results for domain: SFRestaurants --evaluated by: objective success evaluator
RESULTS:: 11:53:44: root                               EvaluationManager.py <_prstr>179 :  # of dialogues  = 1000
RESULTS:: 11:53:44: root                               EvaluationManager.py <_prstr>179 :  Average reward  = 10.59 +- 0.44
RESULTS:: 11:53:44: root                               EvaluationManager.py <_prstr>179 :  Average success = 94.90 +- 1.37
RESULTS:: 11:53:44: root                               EvaluationManager.py <_prstr>179 :  Average turns   = 8.39 +- 0.27
RESULTS:: 11:53:44: root                                   pydial.py <setEvalConfig>470 :  *** Evaluating env2-SFR-tau_nodrop_sort_noinco_4020_250100-seed7-00.8: error-rate=0 num-dialogs=500 ***
RESULTS:: 12:00:58: root                               EvaluationManager.py <_prstr>179 :  Results for domain: SFRestaurants --evaluated by: objective success evaluator
RESULTS:: 12:00:58: root                               EvaluationManager.py <_prstr>179 :  # of dialogues  = 500
RESULTS:: 12:00:58: root                               EvaluationManager.py <_prstr>179 :  Average reward  = 11.13 +- 0.59
RESULTS:: 12:00:58: root                               EvaluationManager.py <_prstr>179 :  Average success = 92.60 +- 2.30
RESULTS:: 12:00:58: root                               EvaluationManager.py <_prstr>179 :  Average turns   = 7.39 +- 0.32
RESULTS:: 12:00:58: root                                   pydial.py <train_command>791 :  List of domains: SFRestaurants
RESULTS:: 12:00:58: root                                      pydial.py <trainBatch>409 :  *** Training Iteration env2-SFR-tau_nodrop_sort_noinco_4020_250100-seed7-00.8->env2-SFR-tau_nodrop_sort_noinco_4020_250100-seed7-00.9: iter=8, error-rate=0, num-dialogs=1000 ***
RESULTS:: 12:19:00: root                               EvaluationManager.py <_prstr>179 :  Results for domain: SFRestaurants --evaluated by: objective success evaluator
RESULTS:: 12:19:00: root                               EvaluationManager.py <_prstr>179 :  # of dialogues  = 1000
RESULTS:: 12:19:00: root                               EvaluationManager.py <_prstr>179 :  Average reward  = 10.08 +- 0.47
RESULTS:: 12:19:00: root                               EvaluationManager.py <_prstr>179 :  Average success = 91.90 +- 1.69
RESULTS:: 12:19:00: root                               EvaluationManager.py <_prstr>179 :  Average turns   = 8.30 +- 0.26
RESULTS:: 12:19:00: root                                   pydial.py <setEvalConfig>470 :  *** Evaluating env2-SFR-tau_nodrop_sort_noinco_4020_250100-seed7-00.9: error-rate=0 num-dialogs=500 ***
RESULTS:: 12:25:43: root                               EvaluationManager.py <_prstr>179 :  Results for domain: SFRestaurants --evaluated by: objective success evaluator
RESULTS:: 12:25:43: root                               EvaluationManager.py <_prstr>179 :  # of dialogues  = 500
RESULTS:: 12:25:43: root                               EvaluationManager.py <_prstr>179 :  Average reward  = 11.45 +- 0.58
RESULTS:: 12:25:43: root                               EvaluationManager.py <_prstr>179 :  Average success = 93.00 +- 2.24
RESULTS:: 12:25:43: root                               EvaluationManager.py <_prstr>179 :  Average turns   = 7.15 +- 0.26
RESULTS:: 12:25:43: root                                   pydial.py <train_command>791 :  List of domains: SFRestaurants
RESULTS:: 12:25:43: root                                      pydial.py <trainBatch>409 :  *** Training Iteration env2-SFR-tau_nodrop_sort_noinco_4020_250100-seed7-00.9->env2-SFR-tau_nodrop_sort_noinco_4020_250100-seed7-00.10: iter=9, error-rate=0, num-dialogs=1000 ***
RESULTS:: 12:43:01: root                               EvaluationManager.py <_prstr>179 :  Results for domain: SFRestaurants --evaluated by: objective success evaluator
RESULTS:: 12:43:01: root                               EvaluationManager.py <_prstr>179 :  # of dialogues  = 1000
RESULTS:: 12:43:01: root                               EvaluationManager.py <_prstr>179 :  Average reward  = 10.17 +- 0.49
RESULTS:: 12:43:01: root                               EvaluationManager.py <_prstr>179 :  Average success = 92.60 +- 1.62
RESULTS:: 12:43:01: root                               EvaluationManager.py <_prstr>179 :  Average turns   = 8.35 +- 0.27
RESULTS:: 12:43:01: root                                   pydial.py <setEvalConfig>470 :  *** Evaluating env2-SFR-tau_nodrop_sort_noinco_4020_250100-seed7-00.10: error-rate=0 num-dialogs=500 ***
RESULTS:: 12:48:45: root                               EvaluationManager.py <_prstr>179 :  Results for domain: SFRestaurants --evaluated by: objective success evaluator
RESULTS:: 12:48:45: root                               EvaluationManager.py <_prstr>179 :  # of dialogues  = 500
RESULTS:: 12:48:45: root                               EvaluationManager.py <_prstr>179 :  Average reward  = 12.04 +- 0.59
RESULTS:: 12:48:45: root                               EvaluationManager.py <_prstr>179 :  Average success = 93.40 +- 2.18
RESULTS:: 12:48:45: root                               EvaluationManager.py <_prstr>179 :  Average turns   = 6.64 +- 0.27
RESULTS:: 12:48:45: root                                   pydial.py <train_command>807 :  *** Training complete. log: env2-SFR-tau_nodrop_sort_noinco_4020_250100-seed7-00.1-10.train.log - final policy is env2-SFR-tau_nodrop_sort_noinco_4020_250100-00-10
