RESULTS:: 12:02:49: root                                   pydial.py <train_command>791 :  List of domains: Laptops11
RESULTS:: 12:02:49: root                                      pydial.py <trainBatch>409 :  *** Training Iteration env1-hdc-LAP-madqn_tau_4020_0101_15050_0201-seed5-00.0->env1-hdc-LAP-madqn_tau_4020_0101_15050_0201-seed5-00.1: iter=0, error-rate=0, num-dialogs=1000 ***
RESULTS:: 12:41:19: root                               EvaluationManager.py <_prstr>179 :  Results for domain: Laptops11 --evaluated by: objective success evaluator
RESULTS:: 12:41:19: root                               EvaluationManager.py <_prstr>179 :  # of dialogues  = 1000
RESULTS:: 12:41:19: root                               EvaluationManager.py <_prstr>179 :  Average reward  = -3.69 +- 0.81
RESULTS:: 12:41:19: root                               EvaluationManager.py <_prstr>179 :  Average success = 40.90 +- 3.05
RESULTS:: 12:41:19: root                               EvaluationManager.py <_prstr>179 :  Average turns   = 11.87 +- 0.34
RESULTS:: 12:41:19: root                                   pydial.py <setEvalConfig>470 :  *** Evaluating env1-hdc-LAP-madqn_tau_4020_0101_15050_0201-seed5-00.1: error-rate=0 num-dialogs=500 ***
RESULTS:: 12:56:47: root                               EvaluationManager.py <_prstr>179 :  Results for domain: Laptops11 --evaluated by: objective success evaluator
RESULTS:: 12:56:47: root                               EvaluationManager.py <_prstr>179 :  # of dialogues  = 500
RESULTS:: 12:56:47: root                               EvaluationManager.py <_prstr>179 :  Average reward  = 4.83 +- 1.11
RESULTS:: 12:56:47: root                               EvaluationManager.py <_prstr>179 :  Average success = 71.40 +- 3.97
RESULTS:: 12:56:47: root                               EvaluationManager.py <_prstr>179 :  Average turns   = 9.45 +- 0.47
RESULTS:: 12:56:47: root                                   pydial.py <train_command>791 :  List of domains: Laptops11
RESULTS:: 12:56:47: root                                      pydial.py <trainBatch>409 :  *** Training Iteration env1-hdc-LAP-madqn_tau_4020_0101_15050_0201-seed5-00.1->env1-hdc-LAP-madqn_tau_4020_0101_15050_0201-seed5-00.2: iter=1, error-rate=0, num-dialogs=1000 ***
RESULTS:: 13:29:24: root                               EvaluationManager.py <_prstr>179 :  Results for domain: Laptops11 --evaluated by: objective success evaluator
RESULTS:: 13:29:24: root                               EvaluationManager.py <_prstr>179 :  # of dialogues  = 1000
RESULTS:: 13:29:24: root                               EvaluationManager.py <_prstr>179 :  Average reward  = 6.61 +- 0.64
RESULTS:: 13:29:24: root                               EvaluationManager.py <_prstr>179 :  Average success = 81.50 +- 2.41
RESULTS:: 13:29:24: root                               EvaluationManager.py <_prstr>179 :  Average turns   = 9.69 +- 0.29
RESULTS:: 13:29:24: root                                   pydial.py <setEvalConfig>470 :  *** Evaluating env1-hdc-LAP-madqn_tau_4020_0101_15050_0201-seed5-00.2: error-rate=0 num-dialogs=500 ***
RESULTS:: 13:41:07: root                               EvaluationManager.py <_prstr>179 :  Results for domain: Laptops11 --evaluated by: objective success evaluator
RESULTS:: 13:41:07: root                               EvaluationManager.py <_prstr>179 :  # of dialogues  = 500
RESULTS:: 13:41:07: root                               EvaluationManager.py <_prstr>179 :  Average reward  = 7.30 +- 0.83
RESULTS:: 13:41:07: root                               EvaluationManager.py <_prstr>179 :  Average success = 72.60 +- 3.92
RESULTS:: 13:41:07: root                               EvaluationManager.py <_prstr>179 :  Average turns   = 7.22 +- 0.21
RESULTS:: 13:41:07: root                                   pydial.py <train_command>791 :  List of domains: Laptops11
RESULTS:: 13:41:07: root                                      pydial.py <trainBatch>409 :  *** Training Iteration env1-hdc-LAP-madqn_tau_4020_0101_15050_0201-seed5-00.2->env1-hdc-LAP-madqn_tau_4020_0101_15050_0201-seed5-00.3: iter=2, error-rate=0, num-dialogs=1000 ***
RESULTS:: 14:11:08: root                               EvaluationManager.py <_prstr>179 :  Results for domain: Laptops11 --evaluated by: objective success evaluator
RESULTS:: 14:11:08: root                               EvaluationManager.py <_prstr>179 :  # of dialogues  = 1000
RESULTS:: 14:11:08: root                               EvaluationManager.py <_prstr>179 :  Average reward  = 7.68 +- 0.54
RESULTS:: 14:11:08: root                               EvaluationManager.py <_prstr>179 :  Average success = 82.50 +- 2.36
RESULTS:: 14:11:08: root                               EvaluationManager.py <_prstr>179 :  Average turns   = 8.82 +- 0.23
RESULTS:: 14:11:08: root                                   pydial.py <setEvalConfig>470 :  *** Evaluating env1-hdc-LAP-madqn_tau_4020_0101_15050_0201-seed5-00.3: error-rate=0 num-dialogs=500 ***
RESULTS:: 14:22:06: root                               EvaluationManager.py <_prstr>179 :  Results for domain: Laptops11 --evaluated by: objective success evaluator
RESULTS:: 14:22:06: root                               EvaluationManager.py <_prstr>179 :  # of dialogues  = 500
RESULTS:: 14:22:06: root                               EvaluationManager.py <_prstr>179 :  Average reward  = 3.42 +- 0.92
RESULTS:: 14:22:06: root                               EvaluationManager.py <_prstr>179 :  Average success = 51.20 +- 4.39
RESULTS:: 14:22:06: root                               EvaluationManager.py <_prstr>179 :  Average turns   = 6.82 +- 0.18
RESULTS:: 14:22:06: root                                   pydial.py <train_command>791 :  List of domains: Laptops11
RESULTS:: 14:22:06: root                                      pydial.py <trainBatch>409 :  *** Training Iteration env1-hdc-LAP-madqn_tau_4020_0101_15050_0201-seed5-00.3->env1-hdc-LAP-madqn_tau_4020_0101_15050_0201-seed5-00.4: iter=3, error-rate=0, num-dialogs=1000 ***
RESULTS:: 14:51:16: root                               EvaluationManager.py <_prstr>179 :  Results for domain: Laptops11 --evaluated by: objective success evaluator
RESULTS:: 14:51:16: root                               EvaluationManager.py <_prstr>179 :  # of dialogues  = 1000
RESULTS:: 14:51:16: root                               EvaluationManager.py <_prstr>179 :  Average reward  = 7.72 +- 0.54
RESULTS:: 14:51:16: root                               EvaluationManager.py <_prstr>179 :  Average success = 81.20 +- 2.42
RESULTS:: 14:51:16: root                               EvaluationManager.py <_prstr>179 :  Average turns   = 8.52 +- 0.21
RESULTS:: 14:51:16: root                                   pydial.py <setEvalConfig>470 :  *** Evaluating env1-hdc-LAP-madqn_tau_4020_0101_15050_0201-seed5-00.4: error-rate=0 num-dialogs=500 ***
RESULTS:: 15:02:05: root                               EvaluationManager.py <_prstr>179 :  Results for domain: Laptops11 --evaluated by: objective success evaluator
RESULTS:: 15:02:05: root                               EvaluationManager.py <_prstr>179 :  # of dialogues  = 500
RESULTS:: 15:02:05: root                               EvaluationManager.py <_prstr>179 :  Average reward  = 6.43 +- 0.87
RESULTS:: 15:02:05: root                               EvaluationManager.py <_prstr>179 :  Average success = 65.40 +- 4.18
RESULTS:: 15:02:05: root                               EvaluationManager.py <_prstr>179 :  Average turns   = 6.65 +- 0.16
RESULTS:: 15:02:05: root                                   pydial.py <train_command>791 :  List of domains: Laptops11
RESULTS:: 15:02:05: root                                      pydial.py <trainBatch>409 :  *** Training Iteration env1-hdc-LAP-madqn_tau_4020_0101_15050_0201-seed5-00.4->env1-hdc-LAP-madqn_tau_4020_0101_15050_0201-seed5-00.5: iter=4, error-rate=0, num-dialogs=1000 ***
RESULTS:: 15:33:01: root                               EvaluationManager.py <_prstr>179 :  Results for domain: Laptops11 --evaluated by: objective success evaluator
RESULTS:: 15:33:01: root                               EvaluationManager.py <_prstr>179 :  # of dialogues  = 1000
RESULTS:: 15:33:01: root                               EvaluationManager.py <_prstr>179 :  Average reward  = 8.09 +- 0.58
RESULTS:: 15:33:01: root                               EvaluationManager.py <_prstr>179 :  Average success = 85.80 +- 2.17
RESULTS:: 15:33:01: root                               EvaluationManager.py <_prstr>179 :  Average turns   = 9.07 +- 0.27
RESULTS:: 15:33:01: root                                   pydial.py <setEvalConfig>470 :  *** Evaluating env1-hdc-LAP-madqn_tau_4020_0101_15050_0201-seed5-00.5: error-rate=0 num-dialogs=500 ***
RESULTS:: 15:43:35: root                               EvaluationManager.py <_prstr>179 :  Results for domain: Laptops11 --evaluated by: objective success evaluator
RESULTS:: 15:43:35: root                               EvaluationManager.py <_prstr>179 :  # of dialogues  = 500
RESULTS:: 15:43:35: root                               EvaluationManager.py <_prstr>179 :  Average reward  = 5.25 +- 0.90
RESULTS:: 15:43:35: root                               EvaluationManager.py <_prstr>179 :  Average success = 58.60 +- 4.33
RESULTS:: 15:43:35: root                               EvaluationManager.py <_prstr>179 :  Average turns   = 6.47 +- 0.16
RESULTS:: 15:43:35: root                                   pydial.py <train_command>791 :  List of domains: Laptops11
RESULTS:: 15:43:35: root                                      pydial.py <trainBatch>409 :  *** Training Iteration env1-hdc-LAP-madqn_tau_4020_0101_15050_0201-seed5-00.5->env1-hdc-LAP-madqn_tau_4020_0101_15050_0201-seed5-00.6: iter=5, error-rate=0, num-dialogs=1000 ***
RESULTS:: 16:14:02: root                               EvaluationManager.py <_prstr>179 :  Results for domain: Laptops11 --evaluated by: objective success evaluator
RESULTS:: 16:14:02: root                               EvaluationManager.py <_prstr>179 :  # of dialogues  = 1000
RESULTS:: 16:14:02: root                               EvaluationManager.py <_prstr>179 :  Average reward  = 8.29 +- 0.54
RESULTS:: 16:14:02: root                               EvaluationManager.py <_prstr>179 :  Average success = 86.00 +- 2.15
RESULTS:: 16:14:02: root                               EvaluationManager.py <_prstr>179 :  Average turns   = 8.91 +- 0.25
RESULTS:: 16:14:02: root                                   pydial.py <setEvalConfig>470 :  *** Evaluating env1-hdc-LAP-madqn_tau_4020_0101_15050_0201-seed5-00.6: error-rate=0 num-dialogs=500 ***
RESULTS:: 16:26:25: root                               EvaluationManager.py <_prstr>179 :  Results for domain: Laptops11 --evaluated by: objective success evaluator
RESULTS:: 16:26:25: root                               EvaluationManager.py <_prstr>179 :  # of dialogues  = 500
RESULTS:: 16:26:25: root                               EvaluationManager.py <_prstr>179 :  Average reward  = 8.36 +- 0.77
RESULTS:: 16:26:25: root                               EvaluationManager.py <_prstr>179 :  Average success = 79.40 +- 3.55
RESULTS:: 16:26:25: root                               EvaluationManager.py <_prstr>179 :  Average turns   = 7.52 +- 0.25
RESULTS:: 16:26:25: root                                   pydial.py <train_command>791 :  List of domains: Laptops11
RESULTS:: 16:26:25: root                                      pydial.py <trainBatch>409 :  *** Training Iteration env1-hdc-LAP-madqn_tau_4020_0101_15050_0201-seed5-00.6->env1-hdc-LAP-madqn_tau_4020_0101_15050_0201-seed5-00.7: iter=6, error-rate=0, num-dialogs=1000 ***
RESULTS:: 16:55:40: root                               EvaluationManager.py <_prstr>179 :  Results for domain: Laptops11 --evaluated by: objective success evaluator
RESULTS:: 16:55:40: root                               EvaluationManager.py <_prstr>179 :  # of dialogues  = 1000
RESULTS:: 16:55:40: root                               EvaluationManager.py <_prstr>179 :  Average reward  = 7.81 +- 0.55
RESULTS:: 16:55:40: root                               EvaluationManager.py <_prstr>179 :  Average success = 81.70 +- 2.40
RESULTS:: 16:55:40: root                               EvaluationManager.py <_prstr>179 :  Average turns   = 8.53 +- 0.23
RESULTS:: 16:55:40: root                                   pydial.py <setEvalConfig>470 :  *** Evaluating env1-hdc-LAP-madqn_tau_4020_0101_15050_0201-seed5-00.7: error-rate=0 num-dialogs=500 ***
RESULTS:: 17:06:20: root                               EvaluationManager.py <_prstr>179 :  Results for domain: Laptops11 --evaluated by: objective success evaluator
RESULTS:: 17:06:20: root                               EvaluationManager.py <_prstr>179 :  # of dialogues  = 500
RESULTS:: 17:06:20: root                               EvaluationManager.py <_prstr>179 :  Average reward  = 3.73 +- 0.91
RESULTS:: 17:06:20: root                               EvaluationManager.py <_prstr>179 :  Average success = 51.60 +- 4.39
RESULTS:: 17:06:20: root                               EvaluationManager.py <_prstr>179 :  Average turns   = 6.59 +- 0.15
RESULTS:: 17:06:20: root                                   pydial.py <train_command>791 :  List of domains: Laptops11
RESULTS:: 17:06:20: root                                      pydial.py <trainBatch>409 :  *** Training Iteration env1-hdc-LAP-madqn_tau_4020_0101_15050_0201-seed5-00.7->env1-hdc-LAP-madqn_tau_4020_0101_15050_0201-seed5-00.8: iter=7, error-rate=0, num-dialogs=1000 ***
RESULTS:: 17:35:40: root                               EvaluationManager.py <_prstr>179 :  Results for domain: Laptops11 --evaluated by: objective success evaluator
RESULTS:: 17:35:40: root                               EvaluationManager.py <_prstr>179 :  # of dialogues  = 1000
RESULTS:: 17:35:40: root                               EvaluationManager.py <_prstr>179 :  Average reward  = 7.58 +- 0.55
RESULTS:: 17:35:40: root                               EvaluationManager.py <_prstr>179 :  Average success = 80.60 +- 2.45
RESULTS:: 17:35:40: root                               EvaluationManager.py <_prstr>179 :  Average turns   = 8.54 +- 0.22
RESULTS:: 17:35:40: root                                   pydial.py <setEvalConfig>470 :  *** Evaluating env1-hdc-LAP-madqn_tau_4020_0101_15050_0201-seed5-00.8: error-rate=0 num-dialogs=500 ***
RESULTS:: 17:47:20: root                               EvaluationManager.py <_prstr>179 :  Results for domain: Laptops11 --evaluated by: objective success evaluator
RESULTS:: 17:47:20: root                               EvaluationManager.py <_prstr>179 :  # of dialogues  = 500
RESULTS:: 17:47:20: root                               EvaluationManager.py <_prstr>179 :  Average reward  = 5.12 +- 0.88
RESULTS:: 17:47:20: root                               EvaluationManager.py <_prstr>179 :  Average success = 61.40 +- 4.28
RESULTS:: 17:47:20: root                               EvaluationManager.py <_prstr>179 :  Average turns   = 7.16 +- 0.19
RESULTS:: 17:47:20: root                                   pydial.py <train_command>791 :  List of domains: Laptops11
RESULTS:: 17:47:20: root                                      pydial.py <trainBatch>409 :  *** Training Iteration env1-hdc-LAP-madqn_tau_4020_0101_15050_0201-seed5-00.8->env1-hdc-LAP-madqn_tau_4020_0101_15050_0201-seed5-00.9: iter=8, error-rate=0, num-dialogs=1000 ***
RESULTS:: 18:17:12: root                               EvaluationManager.py <_prstr>179 :  Results for domain: Laptops11 --evaluated by: objective success evaluator
RESULTS:: 18:17:12: root                               EvaluationManager.py <_prstr>179 :  # of dialogues  = 1000
RESULTS:: 18:17:12: root                               EvaluationManager.py <_prstr>179 :  Average reward  = 8.23 +- 0.57
RESULTS:: 18:17:12: root                               EvaluationManager.py <_prstr>179 :  Average success = 84.90 +- 2.22
RESULTS:: 18:17:12: root                               EvaluationManager.py <_prstr>179 :  Average turns   = 8.75 +- 0.25
RESULTS:: 18:17:12: root                                   pydial.py <setEvalConfig>470 :  *** Evaluating env1-hdc-LAP-madqn_tau_4020_0101_15050_0201-seed5-00.9: error-rate=0 num-dialogs=500 ***
RESULTS:: 18:29:13: root                               EvaluationManager.py <_prstr>179 :  Results for domain: Laptops11 --evaluated by: objective success evaluator
RESULTS:: 18:29:13: root                               EvaluationManager.py <_prstr>179 :  # of dialogues  = 500
RESULTS:: 18:29:13: root                               EvaluationManager.py <_prstr>179 :  Average reward  = 8.95 +- 0.80
RESULTS:: 18:29:13: root                               EvaluationManager.py <_prstr>179 :  Average success = 81.80 +- 3.39
RESULTS:: 18:29:13: root                               EvaluationManager.py <_prstr>179 :  Average turns   = 7.41 +- 0.27
RESULTS:: 18:29:13: root                                   pydial.py <train_command>791 :  List of domains: Laptops11
RESULTS:: 18:29:13: root                                      pydial.py <trainBatch>409 :  *** Training Iteration env1-hdc-LAP-madqn_tau_4020_0101_15050_0201-seed5-00.9->env1-hdc-LAP-madqn_tau_4020_0101_15050_0201-seed5-00.10: iter=9, error-rate=0, num-dialogs=1000 ***
RESULTS:: 18:59:42: root                               EvaluationManager.py <_prstr>179 :  Results for domain: Laptops11 --evaluated by: objective success evaluator
RESULTS:: 18:59:42: root                               EvaluationManager.py <_prstr>179 :  # of dialogues  = 1000
RESULTS:: 18:59:42: root                               EvaluationManager.py <_prstr>179 :  Average reward  = 8.86 +- 0.53
RESULTS:: 18:59:42: root                               EvaluationManager.py <_prstr>179 :  Average success = 88.90 +- 1.95
RESULTS:: 18:59:42: root                               EvaluationManager.py <_prstr>179 :  Average turns   = 8.92 +- 0.26
RESULTS:: 18:59:42: root                                   pydial.py <setEvalConfig>470 :  *** Evaluating env1-hdc-LAP-madqn_tau_4020_0101_15050_0201-seed5-00.10: error-rate=0 num-dialogs=500 ***
RESULTS:: 19:12:03: root                               EvaluationManager.py <_prstr>179 :  Results for domain: Laptops11 --evaluated by: objective success evaluator
RESULTS:: 19:12:03: root                               EvaluationManager.py <_prstr>179 :  # of dialogues  = 500
RESULTS:: 19:12:03: root                               EvaluationManager.py <_prstr>179 :  Average reward  = 9.41 +- 0.75
RESULTS:: 19:12:03: root                               EvaluationManager.py <_prstr>179 :  Average success = 84.60 +- 3.17
RESULTS:: 19:12:03: root                               EvaluationManager.py <_prstr>179 :  Average turns   = 7.51 +- 0.28
RESULTS:: 19:12:03: root                                   pydial.py <train_command>807 :  *** Training complete. log: env1-hdc-LAP-madqn_tau_4020_0101_15050_0201-seed5-00.1-10.train.log - final policy is env1-hdc-LAP-madqn_tau_4020_0101_15050_0201-00-10
