RESULTS:: 17:20:52: root                                   pydial.py <train_command>791 :  List of domains: Laptops11
RESULTS:: 17:20:52: root                                      pydial.py <trainBatch>409 :  *** Training Iteration env1-LAP-tau_nodrop_sort_recurrent_323232_128128128-seed5-00.0->env1-LAP-tau_nodrop_sort_recurrent_323232_128128128-seed5-00.1: iter=0, error-rate=0, num-dialogs=1000 ***
RESULTS:: 18:30:22: root                               EvaluationManager.py <_prstr>179 :  Results for domain: Laptops11 --evaluated by: objective success evaluator
RESULTS:: 18:30:22: root                               EvaluationManager.py <_prstr>179 :  # of dialogues  = 1000
RESULTS:: 18:30:22: root                               EvaluationManager.py <_prstr>179 :  Average reward  = 5.47 +- 0.65
RESULTS:: 18:30:22: root                               EvaluationManager.py <_prstr>179 :  Average success = 73.00 +- 2.75
RESULTS:: 18:30:22: root                               EvaluationManager.py <_prstr>179 :  Average turns   = 9.13 +- 0.26
RESULTS:: 18:30:22: root                                   pydial.py <setEvalConfig>470 :  *** Evaluating env1-LAP-tau_nodrop_sort_recurrent_323232_128128128-seed5-00.1: error-rate=0 num-dialogs=500 ***
RESULTS:: 18:54:41: root                               EvaluationManager.py <_prstr>179 :  Results for domain: Laptops11 --evaluated by: objective success evaluator
RESULTS:: 18:54:41: root                               EvaluationManager.py <_prstr>179 :  # of dialogues  = 500
RESULTS:: 18:54:41: root                               EvaluationManager.py <_prstr>179 :  Average reward  = 6.12 +- 0.88
RESULTS:: 18:54:41: root                               EvaluationManager.py <_prstr>179 :  Average success = 66.00 +- 4.16
RESULTS:: 18:54:41: root                               EvaluationManager.py <_prstr>179 :  Average turns   = 7.08 +- 0.17
RESULTS:: 18:54:41: root                                   pydial.py <train_command>791 :  List of domains: Laptops11
RESULTS:: 18:54:41: root                                      pydial.py <trainBatch>409 :  *** Training Iteration env1-LAP-tau_nodrop_sort_recurrent_323232_128128128-seed5-00.1->env1-LAP-tau_nodrop_sort_recurrent_323232_128128128-seed5-00.2: iter=1, error-rate=0, num-dialogs=1000 ***
RESULTS:: 20:05:12: root                               EvaluationManager.py <_prstr>179 :  Results for domain: Laptops11 --evaluated by: objective success evaluator
RESULTS:: 20:05:12: root                               EvaluationManager.py <_prstr>179 :  # of dialogues  = 1000
RESULTS:: 20:05:12: root                               EvaluationManager.py <_prstr>179 :  Average reward  = 7.77 +- 0.55
RESULTS:: 20:05:12: root                               EvaluationManager.py <_prstr>179 :  Average success = 82.20 +- 2.37
RESULTS:: 20:05:12: root                               EvaluationManager.py <_prstr>179 :  Average turns   = 8.67 +- 0.23
RESULTS:: 20:05:12: root                                   pydial.py <setEvalConfig>470 :  *** Evaluating env1-LAP-tau_nodrop_sort_recurrent_323232_128128128-seed5-00.2: error-rate=0 num-dialogs=500 ***
RESULTS:: 20:30:15: root                               EvaluationManager.py <_prstr>179 :  Results for domain: Laptops11 --evaluated by: objective success evaluator
RESULTS:: 20:30:15: root                               EvaluationManager.py <_prstr>179 :  # of dialogues  = 500
RESULTS:: 20:30:15: root                               EvaluationManager.py <_prstr>179 :  Average reward  = 3.95 +- 0.91
RESULTS:: 20:30:15: root                               EvaluationManager.py <_prstr>179 :  Average success = 51.20 +- 4.39
RESULTS:: 20:30:15: root                               EvaluationManager.py <_prstr>179 :  Average turns   = 6.29 +- 0.13
RESULTS:: 20:30:15: root                                   pydial.py <train_command>791 :  List of domains: Laptops11
RESULTS:: 20:30:15: root                                      pydial.py <trainBatch>409 :  *** Training Iteration env1-LAP-tau_nodrop_sort_recurrent_323232_128128128-seed5-00.2->env1-LAP-tau_nodrop_sort_recurrent_323232_128128128-seed5-00.3: iter=2, error-rate=0, num-dialogs=1000 ***
RESULTS:: 21:41:49: root                               EvaluationManager.py <_prstr>179 :  Results for domain: Laptops11 --evaluated by: objective success evaluator
RESULTS:: 21:41:49: root                               EvaluationManager.py <_prstr>179 :  # of dialogues  = 1000
RESULTS:: 21:41:49: root                               EvaluationManager.py <_prstr>179 :  Average reward  = 7.38 +- 0.56
RESULTS:: 21:41:49: root                               EvaluationManager.py <_prstr>179 :  Average success = 79.70 +- 2.50
RESULTS:: 21:41:49: root                               EvaluationManager.py <_prstr>179 :  Average turns   = 8.55 +- 0.23
RESULTS:: 21:41:49: root                                   pydial.py <setEvalConfig>470 :  *** Evaluating env1-LAP-tau_nodrop_sort_recurrent_323232_128128128-seed5-00.3: error-rate=0 num-dialogs=500 ***
RESULTS:: 22:09:26: root                               EvaluationManager.py <_prstr>179 :  Results for domain: Laptops11 --evaluated by: objective success evaluator
RESULTS:: 22:09:26: root                               EvaluationManager.py <_prstr>179 :  # of dialogues  = 500
RESULTS:: 22:09:26: root                               EvaluationManager.py <_prstr>179 :  Average reward  = 4.83 +- 0.90
RESULTS:: 22:09:26: root                               EvaluationManager.py <_prstr>179 :  Average success = 57.20 +- 4.35
RESULTS:: 22:09:26: root                               EvaluationManager.py <_prstr>179 :  Average turns   = 6.61 +- 0.16
RESULTS:: 22:09:26: root                                   pydial.py <train_command>791 :  List of domains: Laptops11
RESULTS:: 22:09:26: root                                      pydial.py <trainBatch>409 :  *** Training Iteration env1-LAP-tau_nodrop_sort_recurrent_323232_128128128-seed5-00.3->env1-LAP-tau_nodrop_sort_recurrent_323232_128128128-seed5-00.4: iter=3, error-rate=0, num-dialogs=1000 ***
RESULTS:: 23:24:14: root                               EvaluationManager.py <_prstr>179 :  Results for domain: Laptops11 --evaluated by: objective success evaluator
RESULTS:: 23:24:14: root                               EvaluationManager.py <_prstr>179 :  # of dialogues  = 1000
RESULTS:: 23:24:14: root                               EvaluationManager.py <_prstr>179 :  Average reward  = 7.53 +- 0.54
RESULTS:: 23:24:14: root                               EvaluationManager.py <_prstr>179 :  Average success = 81.50 +- 2.41
RESULTS:: 23:24:14: root                               EvaluationManager.py <_prstr>179 :  Average turns   = 8.77 +- 0.23
RESULTS:: 23:24:14: root                                   pydial.py <setEvalConfig>470 :  *** Evaluating env1-LAP-tau_nodrop_sort_recurrent_323232_128128128-seed5-00.4: error-rate=0 num-dialogs=500 ***
RESULTS:: 23:56:15: root                               EvaluationManager.py <_prstr>179 :  Results for domain: Laptops11 --evaluated by: objective success evaluator
RESULTS:: 23:56:15: root                               EvaluationManager.py <_prstr>179 :  # of dialogues  = 500
RESULTS:: 23:56:15: root                               EvaluationManager.py <_prstr>179 :  Average reward  = 8.63 +- 0.80
RESULTS:: 23:56:15: root                               EvaluationManager.py <_prstr>179 :  Average success = 78.20 +- 3.63
RESULTS:: 23:56:15: root                               EvaluationManager.py <_prstr>179 :  Average turns   = 7.01 +- 0.19
RESULTS:: 23:56:15: root                                   pydial.py <train_command>791 :  List of domains: Laptops11
RESULTS:: 23:56:15: root                                      pydial.py <trainBatch>409 :  *** Training Iteration env1-LAP-tau_nodrop_sort_recurrent_323232_128128128-seed5-00.4->env1-LAP-tau_nodrop_sort_recurrent_323232_128128128-seed5-00.5: iter=4, error-rate=0, num-dialogs=1000 ***
RESULTS:: 01:07:27: root                               EvaluationManager.py <_prstr>179 :  Results for domain: Laptops11 --evaluated by: objective success evaluator
RESULTS:: 01:07:27: root                               EvaluationManager.py <_prstr>179 :  # of dialogues  = 1000
RESULTS:: 01:07:27: root                               EvaluationManager.py <_prstr>179 :  Average reward  = 8.33 +- 0.53
RESULTS:: 01:07:27: root                               EvaluationManager.py <_prstr>179 :  Average success = 84.20 +- 2.26
RESULTS:: 01:07:27: root                               EvaluationManager.py <_prstr>179 :  Average turns   = 8.51 +- 0.23
RESULTS:: 01:07:27: root                                   pydial.py <setEvalConfig>470 :  *** Evaluating env1-LAP-tau_nodrop_sort_recurrent_323232_128128128-seed5-00.5: error-rate=0 num-dialogs=500 ***
RESULTS:: 01:36:46: root                               EvaluationManager.py <_prstr>179 :  Results for domain: Laptops11 --evaluated by: objective success evaluator
RESULTS:: 01:36:46: root                               EvaluationManager.py <_prstr>179 :  # of dialogues  = 500
RESULTS:: 01:36:46: root                               EvaluationManager.py <_prstr>179 :  Average reward  = 6.33 +- 0.87
RESULTS:: 01:36:46: root                               EvaluationManager.py <_prstr>179 :  Average success = 67.60 +- 4.11
RESULTS:: 01:36:46: root                               EvaluationManager.py <_prstr>179 :  Average turns   = 7.19 +- 0.20
RESULTS:: 01:36:46: root                                   pydial.py <train_command>791 :  List of domains: Laptops11
RESULTS:: 01:36:46: root                                      pydial.py <trainBatch>409 :  *** Training Iteration env1-LAP-tau_nodrop_sort_recurrent_323232_128128128-seed5-00.5->env1-LAP-tau_nodrop_sort_recurrent_323232_128128128-seed5-00.6: iter=5, error-rate=0, num-dialogs=1000 ***
RESULTS:: 02:41:23: root                               EvaluationManager.py <_prstr>179 :  Results for domain: Laptops11 --evaluated by: objective success evaluator
RESULTS:: 02:41:23: root                               EvaluationManager.py <_prstr>179 :  # of dialogues  = 1000
RESULTS:: 02:41:23: root                               EvaluationManager.py <_prstr>179 :  Average reward  = 8.56 +- 0.51
RESULTS:: 02:41:23: root                               EvaluationManager.py <_prstr>179 :  Average success = 85.40 +- 2.19
RESULTS:: 02:41:23: root                               EvaluationManager.py <_prstr>179 :  Average turns   = 8.52 +- 0.23
RESULTS:: 02:41:23: root                                   pydial.py <setEvalConfig>470 :  *** Evaluating env1-LAP-tau_nodrop_sort_recurrent_323232_128128128-seed5-00.6: error-rate=0 num-dialogs=500 ***
RESULTS:: 03:04:42: root                               EvaluationManager.py <_prstr>179 :  Results for domain: Laptops11 --evaluated by: objective success evaluator
RESULTS:: 03:04:42: root                               EvaluationManager.py <_prstr>179 :  # of dialogues  = 500
RESULTS:: 03:04:42: root                               EvaluationManager.py <_prstr>179 :  Average reward  = 6.93 +- 0.84
RESULTS:: 03:04:42: root                               EvaluationManager.py <_prstr>179 :  Average success = 68.80 +- 4.07
RESULTS:: 03:04:42: root                               EvaluationManager.py <_prstr>179 :  Average turns   = 6.83 +- 0.19
RESULTS:: 03:04:42: root                                   pydial.py <train_command>791 :  List of domains: Laptops11
RESULTS:: 03:04:42: root                                      pydial.py <trainBatch>409 :  *** Training Iteration env1-LAP-tau_nodrop_sort_recurrent_323232_128128128-seed5-00.6->env1-LAP-tau_nodrop_sort_recurrent_323232_128128128-seed5-00.7: iter=6, error-rate=0, num-dialogs=1000 ***
RESULTS:: 04:06:04: root                               EvaluationManager.py <_prstr>179 :  Results for domain: Laptops11 --evaluated by: objective success evaluator
RESULTS:: 04:06:04: root                               EvaluationManager.py <_prstr>179 :  # of dialogues  = 1000
RESULTS:: 04:06:04: root                               EvaluationManager.py <_prstr>179 :  Average reward  = 7.67 +- 0.58
RESULTS:: 04:06:04: root                               EvaluationManager.py <_prstr>179 :  Average success = 81.40 +- 2.41
RESULTS:: 04:06:04: root                               EvaluationManager.py <_prstr>179 :  Average turns   = 8.61 +- 0.25
RESULTS:: 04:06:04: root                                   pydial.py <setEvalConfig>470 :  *** Evaluating env1-LAP-tau_nodrop_sort_recurrent_323232_128128128-seed5-00.7: error-rate=0 num-dialogs=500 ***
RESULTS:: 04:30:48: root                               EvaluationManager.py <_prstr>179 :  Results for domain: Laptops11 --evaluated by: objective success evaluator
RESULTS:: 04:30:48: root                               EvaluationManager.py <_prstr>179 :  # of dialogues  = 500
RESULTS:: 04:30:48: root                               EvaluationManager.py <_prstr>179 :  Average reward  = 8.45 +- 0.81
RESULTS:: 04:30:48: root                               EvaluationManager.py <_prstr>179 :  Average success = 77.00 +- 3.70
RESULTS:: 04:30:48: root                               EvaluationManager.py <_prstr>179 :  Average turns   = 6.95 +- 0.20
RESULTS:: 04:30:48: root                                   pydial.py <train_command>791 :  List of domains: Laptops11
RESULTS:: 04:30:48: root                                      pydial.py <trainBatch>409 :  *** Training Iteration env1-LAP-tau_nodrop_sort_recurrent_323232_128128128-seed5-00.7->env1-LAP-tau_nodrop_sort_recurrent_323232_128128128-seed5-00.8: iter=7, error-rate=0, num-dialogs=1000 ***
RESULTS:: 05:33:33: root                               EvaluationManager.py <_prstr>179 :  Results for domain: Laptops11 --evaluated by: objective success evaluator
RESULTS:: 05:33:33: root                               EvaluationManager.py <_prstr>179 :  # of dialogues  = 1000
RESULTS:: 05:33:33: root                               EvaluationManager.py <_prstr>179 :  Average reward  = 7.56 +- 0.57
RESULTS:: 05:33:33: root                               EvaluationManager.py <_prstr>179 :  Average success = 82.30 +- 2.37
RESULTS:: 05:33:33: root                               EvaluationManager.py <_prstr>179 :  Average turns   = 8.90 +- 0.26
RESULTS:: 05:33:33: root                                   pydial.py <setEvalConfig>470 :  *** Evaluating env1-LAP-tau_nodrop_sort_recurrent_323232_128128128-seed5-00.8: error-rate=0 num-dialogs=500 ***
RESULTS:: 05:57:55: root                               EvaluationManager.py <_prstr>179 :  Results for domain: Laptops11 --evaluated by: objective success evaluator
RESULTS:: 05:57:55: root                               EvaluationManager.py <_prstr>179 :  # of dialogues  = 500
RESULTS:: 05:57:55: root                               EvaluationManager.py <_prstr>179 :  Average reward  = 8.63 +- 0.77
RESULTS:: 05:57:55: root                               EvaluationManager.py <_prstr>179 :  Average success = 78.00 +- 3.64
RESULTS:: 05:57:55: root                               EvaluationManager.py <_prstr>179 :  Average turns   = 6.97 +- 0.18
RESULTS:: 05:57:55: root                                   pydial.py <train_command>791 :  List of domains: Laptops11
RESULTS:: 05:57:55: root                                      pydial.py <trainBatch>409 :  *** Training Iteration env1-LAP-tau_nodrop_sort_recurrent_323232_128128128-seed5-00.8->env1-LAP-tau_nodrop_sort_recurrent_323232_128128128-seed5-00.9: iter=8, error-rate=0, num-dialogs=1000 ***
RESULTS:: 06:59:25: root                               EvaluationManager.py <_prstr>179 :  Results for domain: Laptops11 --evaluated by: objective success evaluator
RESULTS:: 06:59:25: root                               EvaluationManager.py <_prstr>179 :  # of dialogues  = 1000
RESULTS:: 06:59:25: root                               EvaluationManager.py <_prstr>179 :  Average reward  = 7.58 +- 0.57
RESULTS:: 06:59:25: root                               EvaluationManager.py <_prstr>179 :  Average success = 81.90 +- 2.39
RESULTS:: 06:59:25: root                               EvaluationManager.py <_prstr>179 :  Average turns   = 8.80 +- 0.25
RESULTS:: 06:59:25: root                                   pydial.py <setEvalConfig>470 :  *** Evaluating env1-LAP-tau_nodrop_sort_recurrent_323232_128128128-seed5-00.9: error-rate=0 num-dialogs=500 ***
RESULTS:: 07:22:26: root                               EvaluationManager.py <_prstr>179 :  Results for domain: Laptops11 --evaluated by: objective success evaluator
RESULTS:: 07:22:26: root                               EvaluationManager.py <_prstr>179 :  # of dialogues  = 500
RESULTS:: 07:22:26: root                               EvaluationManager.py <_prstr>179 :  Average reward  = 5.44 +- 0.88
RESULTS:: 07:22:26: root                               EvaluationManager.py <_prstr>179 :  Average success = 60.60 +- 4.29
RESULTS:: 07:22:26: root                               EvaluationManager.py <_prstr>179 :  Average turns   = 6.68 +- 0.16
RESULTS:: 07:22:26: root                                   pydial.py <train_command>791 :  List of domains: Laptops11
RESULTS:: 07:22:26: root                                      pydial.py <trainBatch>409 :  *** Training Iteration env1-LAP-tau_nodrop_sort_recurrent_323232_128128128-seed5-00.9->env1-LAP-tau_nodrop_sort_recurrent_323232_128128128-seed5-00.10: iter=9, error-rate=0, num-dialogs=1000 ***
RESULTS:: 08:23:59: root                               EvaluationManager.py <_prstr>179 :  Results for domain: Laptops11 --evaluated by: objective success evaluator
RESULTS:: 08:23:59: root                               EvaluationManager.py <_prstr>179 :  # of dialogues  = 1000
RESULTS:: 08:23:59: root                               EvaluationManager.py <_prstr>179 :  Average reward  = 7.97 +- 0.52
RESULTS:: 08:23:59: root                               EvaluationManager.py <_prstr>179 :  Average success = 83.00 +- 2.33
RESULTS:: 08:23:59: root                               EvaluationManager.py <_prstr>179 :  Average turns   = 8.63 +- 0.22
RESULTS:: 08:23:59: root                                   pydial.py <setEvalConfig>470 :  *** Evaluating env1-LAP-tau_nodrop_sort_recurrent_323232_128128128-seed5-00.10: error-rate=0 num-dialogs=500 ***
RESULTS:: 08:52:42: root                               EvaluationManager.py <_prstr>179 :  Results for domain: Laptops11 --evaluated by: objective success evaluator
RESULTS:: 08:52:42: root                               EvaluationManager.py <_prstr>179 :  # of dialogues  = 500
RESULTS:: 08:52:42: root                               EvaluationManager.py <_prstr>179 :  Average reward  = 3.85 +- 0.90
RESULTS:: 08:52:42: root                               EvaluationManager.py <_prstr>179 :  Average success = 53.00 +- 4.39
RESULTS:: 08:52:42: root                               EvaluationManager.py <_prstr>179 :  Average turns   = 6.75 +- 0.16
RESULTS:: 08:52:42: root                                   pydial.py <train_command>807 :  *** Training complete. log: env1-LAP-tau_nodrop_sort_recurrent_323232_128128128-seed5-00.1-10.train.log - final policy is env1-LAP-tau_nodrop_sort_recurrent_323232_128128128-00-10
