RESULTS:: 15:17:19: root                                   pydial.py <train_command>791 :  List of domains: Laptops11
RESULTS:: 15:17:19: root                                      pydial.py <trainBatch>409 :  *** Training Iteration env1-LAP-tau_nodrop_sort_recurrent_323232_128128128-seed1-00.0->env1-LAP-tau_nodrop_sort_recurrent_323232_128128128-seed1-00.1: iter=0, error-rate=0, num-dialogs=1000 ***
RESULTS:: 16:05:54: root                               EvaluationManager.py <_prstr>179 :  Results for domain: Laptops11 --evaluated by: objective success evaluator
RESULTS:: 16:05:54: root                               EvaluationManager.py <_prstr>179 :  # of dialogues  = 1000
RESULTS:: 16:05:54: root                               EvaluationManager.py <_prstr>179 :  Average reward  = 4.71 +- 0.65
RESULTS:: 16:05:54: root                               EvaluationManager.py <_prstr>179 :  Average success = 68.70 +- 2.88
RESULTS:: 16:05:54: root                               EvaluationManager.py <_prstr>179 :  Average turns   = 9.03 +- 0.24
RESULTS:: 16:05:54: root                                   pydial.py <setEvalConfig>470 :  *** Evaluating env1-LAP-tau_nodrop_sort_recurrent_323232_128128128-seed1-00.1: error-rate=0 num-dialogs=500 ***
RESULTS:: 16:25:04: root                               EvaluationManager.py <_prstr>179 :  Results for domain: Laptops11 --evaluated by: objective success evaluator
RESULTS:: 16:25:04: root                               EvaluationManager.py <_prstr>179 :  # of dialogues  = 500
RESULTS:: 16:25:04: root                               EvaluationManager.py <_prstr>179 :  Average reward  = 5.15 +- 0.89
RESULTS:: 16:25:04: root                               EvaluationManager.py <_prstr>179 :  Average success = 60.60 +- 4.29
RESULTS:: 16:25:04: root                               EvaluationManager.py <_prstr>179 :  Average turns   = 6.97 +- 0.17
RESULTS:: 16:25:04: root                                   pydial.py <train_command>791 :  List of domains: Laptops11
RESULTS:: 16:25:04: root                                      pydial.py <trainBatch>409 :  *** Training Iteration env1-LAP-tau_nodrop_sort_recurrent_323232_128128128-seed1-00.1->env1-LAP-tau_nodrop_sort_recurrent_323232_128128128-seed1-00.2: iter=1, error-rate=0, num-dialogs=1000 ***
RESULTS:: 17:12:31: root                               EvaluationManager.py <_prstr>179 :  Results for domain: Laptops11 --evaluated by: objective success evaluator
RESULTS:: 17:12:31: root                               EvaluationManager.py <_prstr>179 :  # of dialogues  = 1000
RESULTS:: 17:12:31: root                               EvaluationManager.py <_prstr>179 :  Average reward  = 8.09 +- 0.53
RESULTS:: 17:12:31: root                               EvaluationManager.py <_prstr>179 :  Average success = 83.00 +- 2.33
RESULTS:: 17:12:31: root                               EvaluationManager.py <_prstr>179 :  Average turns   = 8.51 +- 0.22
RESULTS:: 17:12:31: root                                   pydial.py <setEvalConfig>470 :  *** Evaluating env1-LAP-tau_nodrop_sort_recurrent_323232_128128128-seed1-00.2: error-rate=0 num-dialogs=500 ***
RESULTS:: 17:30:45: root                               EvaluationManager.py <_prstr>179 :  Results for domain: Laptops11 --evaluated by: objective success evaluator
RESULTS:: 17:30:45: root                               EvaluationManager.py <_prstr>179 :  # of dialogues  = 500
RESULTS:: 17:30:45: root                               EvaluationManager.py <_prstr>179 :  Average reward  = 4.93 +- 0.90
RESULTS:: 17:30:45: root                               EvaluationManager.py <_prstr>179 :  Average success = 58.60 +- 4.33
RESULTS:: 17:30:45: root                               EvaluationManager.py <_prstr>179 :  Average turns   = 6.79 +- 0.16
RESULTS:: 17:30:45: root                                   pydial.py <train_command>791 :  List of domains: Laptops11
RESULTS:: 17:30:45: root                                      pydial.py <trainBatch>409 :  *** Training Iteration env1-LAP-tau_nodrop_sort_recurrent_323232_128128128-seed1-00.2->env1-LAP-tau_nodrop_sort_recurrent_323232_128128128-seed1-00.3: iter=2, error-rate=0, num-dialogs=1000 ***
RESULTS:: 18:19:59: root                               EvaluationManager.py <_prstr>179 :  Results for domain: Laptops11 --evaluated by: objective success evaluator
RESULTS:: 18:19:59: root                               EvaluationManager.py <_prstr>179 :  # of dialogues  = 1000
RESULTS:: 18:19:59: root                               EvaluationManager.py <_prstr>179 :  Average reward  = 8.11 +- 0.52
RESULTS:: 18:19:59: root                               EvaluationManager.py <_prstr>179 :  Average success = 84.10 +- 2.27
RESULTS:: 18:19:59: root                               EvaluationManager.py <_prstr>179 :  Average turns   = 8.71 +- 0.24
RESULTS:: 18:19:59: root                                   pydial.py <setEvalConfig>470 :  *** Evaluating env1-LAP-tau_nodrop_sort_recurrent_323232_128128128-seed1-00.3: error-rate=0 num-dialogs=500 ***
RESULTS:: 18:38:15: root                               EvaluationManager.py <_prstr>179 :  Results for domain: Laptops11 --evaluated by: objective success evaluator
RESULTS:: 18:38:15: root                               EvaluationManager.py <_prstr>179 :  # of dialogues  = 500
RESULTS:: 18:38:15: root                               EvaluationManager.py <_prstr>179 :  Average reward  = 3.91 +- 0.91
RESULTS:: 18:38:15: root                               EvaluationManager.py <_prstr>179 :  Average success = 53.20 +- 4.38
RESULTS:: 18:38:15: root                               EvaluationManager.py <_prstr>179 :  Average turns   = 6.73 +- 0.17
RESULTS:: 18:38:15: root                                   pydial.py <train_command>791 :  List of domains: Laptops11
RESULTS:: 18:38:15: root                                      pydial.py <trainBatch>409 :  *** Training Iteration env1-LAP-tau_nodrop_sort_recurrent_323232_128128128-seed1-00.3->env1-LAP-tau_nodrop_sort_recurrent_323232_128128128-seed1-00.4: iter=3, error-rate=0, num-dialogs=1000 ***
RESULTS:: 19:26:19: root                               EvaluationManager.py <_prstr>179 :  Results for domain: Laptops11 --evaluated by: objective success evaluator
RESULTS:: 19:26:19: root                               EvaluationManager.py <_prstr>179 :  # of dialogues  = 1000
RESULTS:: 19:26:19: root                               EvaluationManager.py <_prstr>179 :  Average reward  = 7.77 +- 0.55
RESULTS:: 19:26:19: root                               EvaluationManager.py <_prstr>179 :  Average success = 81.20 +- 2.42
RESULTS:: 19:26:19: root                               EvaluationManager.py <_prstr>179 :  Average turns   = 8.47 +- 0.23
RESULTS:: 19:26:19: root                                   pydial.py <setEvalConfig>470 :  *** Evaluating env1-LAP-tau_nodrop_sort_recurrent_323232_128128128-seed1-00.4: error-rate=0 num-dialogs=500 ***
RESULTS:: 19:45:30: root                               EvaluationManager.py <_prstr>179 :  Results for domain: Laptops11 --evaluated by: objective success evaluator
RESULTS:: 19:45:30: root                               EvaluationManager.py <_prstr>179 :  # of dialogues  = 500
RESULTS:: 19:45:30: root                               EvaluationManager.py <_prstr>179 :  Average reward  = 5.48 +- 0.91
RESULTS:: 19:45:30: root                               EvaluationManager.py <_prstr>179 :  Average success = 62.80 +- 4.25
RESULTS:: 19:45:30: root                               EvaluationManager.py <_prstr>179 :  Average turns   = 7.08 +- 0.17
RESULTS:: 19:45:30: root                                   pydial.py <train_command>791 :  List of domains: Laptops11
RESULTS:: 19:45:30: root                                      pydial.py <trainBatch>409 :  *** Training Iteration env1-LAP-tau_nodrop_sort_recurrent_323232_128128128-seed1-00.4->env1-LAP-tau_nodrop_sort_recurrent_323232_128128128-seed1-00.5: iter=4, error-rate=0, num-dialogs=1000 ***
RESULTS:: 20:34:50: root                               EvaluationManager.py <_prstr>179 :  Results for domain: Laptops11 --evaluated by: objective success evaluator
RESULTS:: 20:34:50: root                               EvaluationManager.py <_prstr>179 :  # of dialogues  = 1000
RESULTS:: 20:34:50: root                               EvaluationManager.py <_prstr>179 :  Average reward  = 7.96 +- 0.53
RESULTS:: 20:34:50: root                               EvaluationManager.py <_prstr>179 :  Average success = 83.50 +- 2.30
RESULTS:: 20:34:50: root                               EvaluationManager.py <_prstr>179 :  Average turns   = 8.74 +- 0.24
RESULTS:: 20:34:50: root                                   pydial.py <setEvalConfig>470 :  *** Evaluating env1-LAP-tau_nodrop_sort_recurrent_323232_128128128-seed1-00.5: error-rate=0 num-dialogs=500 ***
RESULTS:: 20:54:07: root                               EvaluationManager.py <_prstr>179 :  Results for domain: Laptops11 --evaluated by: objective success evaluator
RESULTS:: 20:54:07: root                               EvaluationManager.py <_prstr>179 :  # of dialogues  = 500
RESULTS:: 20:54:07: root                               EvaluationManager.py <_prstr>179 :  Average reward  = 6.51 +- 0.87
RESULTS:: 20:54:07: root                               EvaluationManager.py <_prstr>179 :  Average success = 68.40 +- 4.08
RESULTS:: 20:54:07: root                               EvaluationManager.py <_prstr>179 :  Average turns   = 7.17 +- 0.19
RESULTS:: 20:54:07: root                                   pydial.py <train_command>791 :  List of domains: Laptops11
RESULTS:: 20:54:07: root                                      pydial.py <trainBatch>409 :  *** Training Iteration env1-LAP-tau_nodrop_sort_recurrent_323232_128128128-seed1-00.5->env1-LAP-tau_nodrop_sort_recurrent_323232_128128128-seed1-00.6: iter=5, error-rate=0, num-dialogs=1000 ***
RESULTS:: 21:42:50: root                               EvaluationManager.py <_prstr>179 :  Results for domain: Laptops11 --evaluated by: objective success evaluator
RESULTS:: 21:42:50: root                               EvaluationManager.py <_prstr>179 :  # of dialogues  = 1000
RESULTS:: 21:42:50: root                               EvaluationManager.py <_prstr>179 :  Average reward  = 8.67 +- 0.48
RESULTS:: 21:42:50: root                               EvaluationManager.py <_prstr>179 :  Average success = 86.50 +- 2.12
RESULTS:: 21:42:50: root                               EvaluationManager.py <_prstr>179 :  Average turns   = 8.63 +- 0.21
RESULTS:: 21:42:50: root                                   pydial.py <setEvalConfig>470 :  *** Evaluating env1-LAP-tau_nodrop_sort_recurrent_323232_128128128-seed1-00.6: error-rate=0 num-dialogs=500 ***
RESULTS:: 22:01:50: root                               EvaluationManager.py <_prstr>179 :  Results for domain: Laptops11 --evaluated by: objective success evaluator
RESULTS:: 22:01:50: root                               EvaluationManager.py <_prstr>179 :  # of dialogues  = 500
RESULTS:: 22:01:50: root                               EvaluationManager.py <_prstr>179 :  Average reward  = 4.97 +- 0.91
RESULTS:: 22:01:50: root                               EvaluationManager.py <_prstr>179 :  Average success = 58.00 +- 4.34
RESULTS:: 22:01:50: root                               EvaluationManager.py <_prstr>179 :  Average turns   = 6.63 +- 0.15
RESULTS:: 22:01:50: root                                   pydial.py <train_command>791 :  List of domains: Laptops11
RESULTS:: 22:01:50: root                                      pydial.py <trainBatch>409 :  *** Training Iteration env1-LAP-tau_nodrop_sort_recurrent_323232_128128128-seed1-00.6->env1-LAP-tau_nodrop_sort_recurrent_323232_128128128-seed1-00.7: iter=6, error-rate=0, num-dialogs=1000 ***
RESULTS:: 22:50:17: root                               EvaluationManager.py <_prstr>179 :  Results for domain: Laptops11 --evaluated by: objective success evaluator
RESULTS:: 22:50:17: root                               EvaluationManager.py <_prstr>179 :  # of dialogues  = 1000
RESULTS:: 22:50:17: root                               EvaluationManager.py <_prstr>179 :  Average reward  = 7.96 +- 0.54
RESULTS:: 22:50:17: root                               EvaluationManager.py <_prstr>179 :  Average success = 83.40 +- 2.31
RESULTS:: 22:50:17: root                               EvaluationManager.py <_prstr>179 :  Average turns   = 8.72 +- 0.24
RESULTS:: 22:50:17: root                                   pydial.py <setEvalConfig>470 :  *** Evaluating env1-LAP-tau_nodrop_sort_recurrent_323232_128128128-seed1-00.7: error-rate=0 num-dialogs=500 ***
RESULTS:: 23:10:11: root                               EvaluationManager.py <_prstr>179 :  Results for domain: Laptops11 --evaluated by: objective success evaluator
RESULTS:: 23:10:11: root                               EvaluationManager.py <_prstr>179 :  # of dialogues  = 500
RESULTS:: 23:10:11: root                               EvaluationManager.py <_prstr>179 :  Average reward  = 6.81 +- 0.85
RESULTS:: 23:10:11: root                               EvaluationManager.py <_prstr>179 :  Average success = 69.80 +- 4.03
RESULTS:: 23:10:11: root                               EvaluationManager.py <_prstr>179 :  Average turns   = 7.15 +- 0.20
RESULTS:: 23:10:11: root                                   pydial.py <train_command>791 :  List of domains: Laptops11
RESULTS:: 23:10:11: root                                      pydial.py <trainBatch>409 :  *** Training Iteration env1-LAP-tau_nodrop_sort_recurrent_323232_128128128-seed1-00.7->env1-LAP-tau_nodrop_sort_recurrent_323232_128128128-seed1-00.8: iter=7, error-rate=0, num-dialogs=1000 ***
RESULTS:: 23:59:11: root                               EvaluationManager.py <_prstr>179 :  Results for domain: Laptops11 --evaluated by: objective success evaluator
RESULTS:: 23:59:11: root                               EvaluationManager.py <_prstr>179 :  # of dialogues  = 1000
RESULTS:: 23:59:11: root                               EvaluationManager.py <_prstr>179 :  Average reward  = 8.50 +- 0.50
RESULTS:: 23:59:11: root                               EvaluationManager.py <_prstr>179 :  Average success = 85.00 +- 2.22
RESULTS:: 23:59:11: root                               EvaluationManager.py <_prstr>179 :  Average turns   = 8.50 +- 0.21
RESULTS:: 23:59:11: root                                   pydial.py <setEvalConfig>470 :  *** Evaluating env1-LAP-tau_nodrop_sort_recurrent_323232_128128128-seed1-00.8: error-rate=0 num-dialogs=500 ***
RESULTS:: 00:17:43: root                               EvaluationManager.py <_prstr>179 :  Results for domain: Laptops11 --evaluated by: objective success evaluator
RESULTS:: 00:17:43: root                               EvaluationManager.py <_prstr>179 :  # of dialogues  = 500
RESULTS:: 00:17:43: root                               EvaluationManager.py <_prstr>179 :  Average reward  = 6.41 +- 0.88
RESULTS:: 00:17:43: root                               EvaluationManager.py <_prstr>179 :  Average success = 66.40 +- 4.15
RESULTS:: 00:17:43: root                               EvaluationManager.py <_prstr>179 :  Average turns   = 6.87 +- 0.18
RESULTS:: 00:17:43: root                                   pydial.py <train_command>791 :  List of domains: Laptops11
RESULTS:: 00:17:43: root                                      pydial.py <trainBatch>409 :  *** Training Iteration env1-LAP-tau_nodrop_sort_recurrent_323232_128128128-seed1-00.8->env1-LAP-tau_nodrop_sort_recurrent_323232_128128128-seed1-00.9: iter=8, error-rate=0, num-dialogs=1000 ***
RESULTS:: 01:05:04: root                               EvaluationManager.py <_prstr>179 :  Results for domain: Laptops11 --evaluated by: objective success evaluator
RESULTS:: 01:05:04: root                               EvaluationManager.py <_prstr>179 :  # of dialogues  = 1000
RESULTS:: 01:05:04: root                               EvaluationManager.py <_prstr>179 :  Average reward  = 7.81 +- 0.53
RESULTS:: 01:05:04: root                               EvaluationManager.py <_prstr>179 :  Average success = 81.70 +- 2.40
RESULTS:: 01:05:04: root                               EvaluationManager.py <_prstr>179 :  Average turns   = 8.53 +- 0.21
RESULTS:: 01:05:04: root                                   pydial.py <setEvalConfig>470 :  *** Evaluating env1-LAP-tau_nodrop_sort_recurrent_323232_128128128-seed1-00.9: error-rate=0 num-dialogs=500 ***
RESULTS:: 01:24:52: root                               EvaluationManager.py <_prstr>179 :  Results for domain: Laptops11 --evaluated by: objective success evaluator
RESULTS:: 01:24:52: root                               EvaluationManager.py <_prstr>179 :  # of dialogues  = 500
RESULTS:: 01:24:52: root                               EvaluationManager.py <_prstr>179 :  Average reward  = 9.68 +- 0.71
RESULTS:: 01:24:52: root                               EvaluationManager.py <_prstr>179 :  Average success = 84.40 +- 3.19
RESULTS:: 01:24:52: root                               EvaluationManager.py <_prstr>179 :  Average turns   = 7.20 +- 0.23
RESULTS:: 01:24:52: root                                   pydial.py <train_command>791 :  List of domains: Laptops11
RESULTS:: 01:24:52: root                                      pydial.py <trainBatch>409 :  *** Training Iteration env1-LAP-tau_nodrop_sort_recurrent_323232_128128128-seed1-00.9->env1-LAP-tau_nodrop_sort_recurrent_323232_128128128-seed1-00.10: iter=9, error-rate=0, num-dialogs=1000 ***
RESULTS:: 02:12:06: root                               EvaluationManager.py <_prstr>179 :  Results for domain: Laptops11 --evaluated by: objective success evaluator
RESULTS:: 02:12:06: root                               EvaluationManager.py <_prstr>179 :  # of dialogues  = 1000
RESULTS:: 02:12:06: root                               EvaluationManager.py <_prstr>179 :  Average reward  = 8.24 +- 0.53
RESULTS:: 02:12:06: root                               EvaluationManager.py <_prstr>179 :  Average success = 83.60 +- 2.30
RESULTS:: 02:12:06: root                               EvaluationManager.py <_prstr>179 :  Average turns   = 8.48 +- 0.23
RESULTS:: 02:12:06: root                                   pydial.py <setEvalConfig>470 :  *** Evaluating env1-LAP-tau_nodrop_sort_recurrent_323232_128128128-seed1-00.10: error-rate=0 num-dialogs=500 ***
RESULTS:: 02:30:27: root                               EvaluationManager.py <_prstr>179 :  Results for domain: Laptops11 --evaluated by: objective success evaluator
RESULTS:: 02:30:27: root                               EvaluationManager.py <_prstr>179 :  # of dialogues  = 500
RESULTS:: 02:30:27: root                               EvaluationManager.py <_prstr>179 :  Average reward  = 8.19 +- 0.81
RESULTS:: 02:30:27: root                               EvaluationManager.py <_prstr>179 :  Average success = 75.80 +- 3.76
RESULTS:: 02:30:27: root                               EvaluationManager.py <_prstr>179 :  Average turns   = 6.97 +- 0.20
RESULTS:: 02:30:27: root                                   pydial.py <train_command>807 :  *** Training complete. log: env1-LAP-tau_nodrop_sort_recurrent_323232_128128128-seed1-00.1-10.train.log - final policy is env1-LAP-tau_nodrop_sort_recurrent_323232_128128128-00-10
