RESULTS:: 00:11:27: root                                   pydial.py <train_command>791 :  List of domains: Laptops11
RESULTS:: 00:11:27: root                                      pydial.py <trainBatch>409 :  *** Training Iteration env1-LAP-tau_nodrop_noinco_sort_sharelast_4020_250100_shpr_1616-seed2-00.0->env1-LAP-tau_nodrop_noinco_sort_sharelast_4020_250100_shpr_1616-seed2-00.1: iter=0, error-rate=0, num-dialogs=1000 ***
RESULTS:: 00:38:25: root                               EvaluationManager.py <_prstr>179 :  Results for domain: Laptops11 --evaluated by: objective success evaluator
RESULTS:: 00:38:25: root                               EvaluationManager.py <_prstr>179 :  # of dialogues  = 1000
RESULTS:: 00:38:25: root                               EvaluationManager.py <_prstr>179 :  Average reward  = 7.64 +- 0.61
RESULTS:: 00:38:25: root                               EvaluationManager.py <_prstr>179 :  Average success = 86.00 +- 2.15
RESULTS:: 00:38:25: root                               EvaluationManager.py <_prstr>179 :  Average turns   = 9.56 +- 0.30
RESULTS:: 00:38:25: root                                   pydial.py <setEvalConfig>470 :  *** Evaluating env1-LAP-tau_nodrop_noinco_sort_sharelast_4020_250100_shpr_1616-seed2-00.1: error-rate=0 num-dialogs=500 ***
RESULTS:: 00:49:07: root                               EvaluationManager.py <_prstr>179 :  Results for domain: Laptops11 --evaluated by: objective success evaluator
RESULTS:: 00:49:07: root                               EvaluationManager.py <_prstr>179 :  # of dialogues  = 500
RESULTS:: 00:49:07: root                               EvaluationManager.py <_prstr>179 :  Average reward  = 9.85 +- 0.67
RESULTS:: 00:49:07: root                               EvaluationManager.py <_prstr>179 :  Average success = 88.80 +- 2.77
RESULTS:: 00:49:07: root                               EvaluationManager.py <_prstr>179 :  Average turns   = 7.91 +- 0.29
RESULTS:: 00:49:07: root                                   pydial.py <train_command>791 :  List of domains: Laptops11
RESULTS:: 00:49:07: root                                      pydial.py <trainBatch>409 :  *** Training Iteration env1-LAP-tau_nodrop_noinco_sort_sharelast_4020_250100_shpr_1616-seed2-00.1->env1-LAP-tau_nodrop_noinco_sort_sharelast_4020_250100_shpr_1616-seed2-00.2: iter=1, error-rate=0, num-dialogs=1000 ***
RESULTS:: 01:14:35: root                               EvaluationManager.py <_prstr>179 :  Results for domain: Laptops11 --evaluated by: objective success evaluator
RESULTS:: 01:14:35: root                               EvaluationManager.py <_prstr>179 :  # of dialogues  = 1000
RESULTS:: 01:14:35: root                               EvaluationManager.py <_prstr>179 :  Average reward  = 9.47 +- 0.42
RESULTS:: 01:14:35: root                               EvaluationManager.py <_prstr>179 :  Average success = 91.10 +- 1.77
RESULTS:: 01:14:35: root                               EvaluationManager.py <_prstr>179 :  Average turns   = 8.75 +- 0.23
RESULTS:: 01:14:35: root                                   pydial.py <setEvalConfig>470 :  *** Evaluating env1-LAP-tau_nodrop_noinco_sort_sharelast_4020_250100_shpr_1616-seed2-00.2: error-rate=0 num-dialogs=500 ***
RESULTS:: 01:25:41: root                               EvaluationManager.py <_prstr>179 :  Results for domain: Laptops11 --evaluated by: objective success evaluator
RESULTS:: 01:25:41: root                               EvaluationManager.py <_prstr>179 :  # of dialogues  = 500
RESULTS:: 01:25:41: root                               EvaluationManager.py <_prstr>179 :  Average reward  = 7.52 +- 0.86
RESULTS:: 01:25:41: root                               EvaluationManager.py <_prstr>179 :  Average success = 78.20 +- 3.63
RESULTS:: 01:25:41: root                               EvaluationManager.py <_prstr>179 :  Average turns   = 8.12 +- 0.32
RESULTS:: 01:25:41: root                                   pydial.py <train_command>791 :  List of domains: Laptops11
RESULTS:: 01:25:41: root                                      pydial.py <trainBatch>409 :  *** Training Iteration env1-LAP-tau_nodrop_noinco_sort_sharelast_4020_250100_shpr_1616-seed2-00.2->env1-LAP-tau_nodrop_noinco_sort_sharelast_4020_250100_shpr_1616-seed2-00.3: iter=2, error-rate=0, num-dialogs=1000 ***
RESULTS:: 01:51:17: root                               EvaluationManager.py <_prstr>179 :  Results for domain: Laptops11 --evaluated by: objective success evaluator
RESULTS:: 01:51:17: root                               EvaluationManager.py <_prstr>179 :  # of dialogues  = 1000
RESULTS:: 01:51:17: root                               EvaluationManager.py <_prstr>179 :  Average reward  = 8.70 +- 0.50
RESULTS:: 01:51:17: root                               EvaluationManager.py <_prstr>179 :  Average success = 87.80 +- 2.03
RESULTS:: 01:51:17: root                               EvaluationManager.py <_prstr>179 :  Average turns   = 8.86 +- 0.24
RESULTS:: 01:51:17: root                                   pydial.py <setEvalConfig>470 :  *** Evaluating env1-LAP-tau_nodrop_noinco_sort_sharelast_4020_250100_shpr_1616-seed2-00.3: error-rate=0 num-dialogs=500 ***
RESULTS:: 02:01:43: root                               EvaluationManager.py <_prstr>179 :  Results for domain: Laptops11 --evaluated by: objective success evaluator
RESULTS:: 02:01:43: root                               EvaluationManager.py <_prstr>179 :  # of dialogues  = 500
RESULTS:: 02:01:43: root                               EvaluationManager.py <_prstr>179 :  Average reward  = 4.35 +- 0.97
RESULTS:: 02:01:43: root                               EvaluationManager.py <_prstr>179 :  Average success = 60.40 +- 4.30
RESULTS:: 02:01:43: root                               EvaluationManager.py <_prstr>179 :  Average turns   = 7.73 +- 0.25
RESULTS:: 02:01:43: root                                   pydial.py <train_command>791 :  List of domains: Laptops11
RESULTS:: 02:01:43: root                                      pydial.py <trainBatch>409 :  *** Training Iteration env1-LAP-tau_nodrop_noinco_sort_sharelast_4020_250100_shpr_1616-seed2-00.3->env1-LAP-tau_nodrop_noinco_sort_sharelast_4020_250100_shpr_1616-seed2-00.4: iter=3, error-rate=0, num-dialogs=1000 ***
RESULTS:: 02:26:59: root                               EvaluationManager.py <_prstr>179 :  Results for domain: Laptops11 --evaluated by: objective success evaluator
RESULTS:: 02:26:59: root                               EvaluationManager.py <_prstr>179 :  # of dialogues  = 1000
RESULTS:: 02:26:59: root                               EvaluationManager.py <_prstr>179 :  Average reward  = 8.17 +- 0.53
RESULTS:: 02:26:59: root                               EvaluationManager.py <_prstr>179 :  Average success = 86.00 +- 2.15
RESULTS:: 02:26:59: root                               EvaluationManager.py <_prstr>179 :  Average turns   = 9.03 +- 0.26
RESULTS:: 02:26:59: root                                   pydial.py <setEvalConfig>470 :  *** Evaluating env1-LAP-tau_nodrop_noinco_sort_sharelast_4020_250100_shpr_1616-seed2-00.4: error-rate=0 num-dialogs=500 ***
RESULTS:: 02:37:14: root                               EvaluationManager.py <_prstr>179 :  Results for domain: Laptops11 --evaluated by: objective success evaluator
RESULTS:: 02:37:14: root                               EvaluationManager.py <_prstr>179 :  # of dialogues  = 500
RESULTS:: 02:37:14: root                               EvaluationManager.py <_prstr>179 :  Average reward  = 5.97 +- 0.91
RESULTS:: 02:37:14: root                               EvaluationManager.py <_prstr>179 :  Average success = 69.80 +- 4.03
RESULTS:: 02:37:14: root                               EvaluationManager.py <_prstr>179 :  Average turns   = 7.99 +- 0.27
RESULTS:: 02:37:14: root                                   pydial.py <train_command>791 :  List of domains: Laptops11
RESULTS:: 02:37:14: root                                      pydial.py <trainBatch>409 :  *** Training Iteration env1-LAP-tau_nodrop_noinco_sort_sharelast_4020_250100_shpr_1616-seed2-00.4->env1-LAP-tau_nodrop_noinco_sort_sharelast_4020_250100_shpr_1616-seed2-00.5: iter=4, error-rate=0, num-dialogs=1000 ***
RESULTS:: 03:01:20: root                               EvaluationManager.py <_prstr>179 :  Results for domain: Laptops11 --evaluated by: objective success evaluator
RESULTS:: 03:01:20: root                               EvaluationManager.py <_prstr>179 :  # of dialogues  = 1000
RESULTS:: 03:01:20: root                               EvaluationManager.py <_prstr>179 :  Average reward  = 7.67 +- 0.56
RESULTS:: 03:01:20: root                               EvaluationManager.py <_prstr>179 :  Average success = 81.70 +- 2.40
RESULTS:: 03:01:20: root                               EvaluationManager.py <_prstr>179 :  Average turns   = 8.67 +- 0.23
RESULTS:: 03:01:20: root                                   pydial.py <setEvalConfig>470 :  *** Evaluating env1-LAP-tau_nodrop_noinco_sort_sharelast_4020_250100_shpr_1616-seed2-00.5: error-rate=0 num-dialogs=500 ***
RESULTS:: 03:09:53: root                               EvaluationManager.py <_prstr>179 :  Results for domain: Laptops11 --evaluated by: objective success evaluator
RESULTS:: 03:09:53: root                               EvaluationManager.py <_prstr>179 :  # of dialogues  = 500
RESULTS:: 03:09:53: root                               EvaluationManager.py <_prstr>179 :  Average reward  = 3.71 +- 0.90
RESULTS:: 03:09:53: root                               EvaluationManager.py <_prstr>179 :  Average success = 51.20 +- 4.39
RESULTS:: 03:09:53: root                               EvaluationManager.py <_prstr>179 :  Average turns   = 6.53 +- 0.16
RESULTS:: 03:09:53: root                                   pydial.py <train_command>791 :  List of domains: Laptops11
RESULTS:: 03:09:53: root                                      pydial.py <trainBatch>409 :  *** Training Iteration env1-LAP-tau_nodrop_noinco_sort_sharelast_4020_250100_shpr_1616-seed2-00.5->env1-LAP-tau_nodrop_noinco_sort_sharelast_4020_250100_shpr_1616-seed2-00.6: iter=5, error-rate=0, num-dialogs=1000 ***
RESULTS:: 03:35:05: root                               EvaluationManager.py <_prstr>179 :  Results for domain: Laptops11 --evaluated by: objective success evaluator
RESULTS:: 03:35:05: root                               EvaluationManager.py <_prstr>179 :  # of dialogues  = 1000
RESULTS:: 03:35:05: root                               EvaluationManager.py <_prstr>179 :  Average reward  = 7.99 +- 0.56
RESULTS:: 03:35:05: root                               EvaluationManager.py <_prstr>179 :  Average success = 85.50 +- 2.18
RESULTS:: 03:35:05: root                               EvaluationManager.py <_prstr>179 :  Average turns   = 9.12 +- 0.27
RESULTS:: 03:35:05: root                                   pydial.py <setEvalConfig>470 :  *** Evaluating env1-LAP-tau_nodrop_noinco_sort_sharelast_4020_250100_shpr_1616-seed2-00.6: error-rate=0 num-dialogs=500 ***
RESULTS:: 03:44:25: root                               EvaluationManager.py <_prstr>179 :  Results for domain: Laptops11 --evaluated by: objective success evaluator
RESULTS:: 03:44:25: root                               EvaluationManager.py <_prstr>179 :  # of dialogues  = 500
RESULTS:: 03:44:25: root                               EvaluationManager.py <_prstr>179 :  Average reward  = 5.51 +- 0.92
RESULTS:: 03:44:25: root                               EvaluationManager.py <_prstr>179 :  Average success = 63.60 +- 4.23
RESULTS:: 03:44:25: root                               EvaluationManager.py <_prstr>179 :  Average turns   = 7.21 +- 0.19
RESULTS:: 03:44:25: root                                   pydial.py <train_command>791 :  List of domains: Laptops11
RESULTS:: 03:44:25: root                                      pydial.py <trainBatch>409 :  *** Training Iteration env1-LAP-tau_nodrop_noinco_sort_sharelast_4020_250100_shpr_1616-seed2-00.6->env1-LAP-tau_nodrop_noinco_sort_sharelast_4020_250100_shpr_1616-seed2-00.7: iter=6, error-rate=0, num-dialogs=1000 ***
RESULTS:: 04:09:09: root                               EvaluationManager.py <_prstr>179 :  Results for domain: Laptops11 --evaluated by: objective success evaluator
RESULTS:: 04:09:09: root                               EvaluationManager.py <_prstr>179 :  # of dialogues  = 1000
RESULTS:: 04:09:09: root                               EvaluationManager.py <_prstr>179 :  Average reward  = 8.16 +- 0.55
RESULTS:: 04:09:09: root                               EvaluationManager.py <_prstr>179 :  Average success = 86.30 +- 2.13
RESULTS:: 04:09:09: root                               EvaluationManager.py <_prstr>179 :  Average turns   = 9.10 +- 0.27
RESULTS:: 04:09:09: root                                   pydial.py <setEvalConfig>470 :  *** Evaluating env1-LAP-tau_nodrop_noinco_sort_sharelast_4020_250100_shpr_1616-seed2-00.7: error-rate=0 num-dialogs=500 ***
RESULTS:: 04:18:41: root                               EvaluationManager.py <_prstr>179 :  Results for domain: Laptops11 --evaluated by: objective success evaluator
RESULTS:: 04:18:41: root                               EvaluationManager.py <_prstr>179 :  # of dialogues  = 500
RESULTS:: 04:18:41: root                               EvaluationManager.py <_prstr>179 :  Average reward  = 4.38 +- 0.92
RESULTS:: 04:18:41: root                               EvaluationManager.py <_prstr>179 :  Average success = 59.20 +- 4.32
RESULTS:: 04:18:41: root                               EvaluationManager.py <_prstr>179 :  Average turns   = 7.46 +- 0.24
RESULTS:: 04:18:41: root                                   pydial.py <train_command>791 :  List of domains: Laptops11
RESULTS:: 04:18:41: root                                      pydial.py <trainBatch>409 :  *** Training Iteration env1-LAP-tau_nodrop_noinco_sort_sharelast_4020_250100_shpr_1616-seed2-00.7->env1-LAP-tau_nodrop_noinco_sort_sharelast_4020_250100_shpr_1616-seed2-00.8: iter=7, error-rate=0, num-dialogs=1000 ***
RESULTS:: 04:42:59: root                               EvaluationManager.py <_prstr>179 :  Results for domain: Laptops11 --evaluated by: objective success evaluator
RESULTS:: 04:42:59: root                               EvaluationManager.py <_prstr>179 :  # of dialogues  = 1000
RESULTS:: 04:42:59: root                               EvaluationManager.py <_prstr>179 :  Average reward  = 9.20 +- 0.50
RESULTS:: 04:42:59: root                               EvaluationManager.py <_prstr>179 :  Average success = 90.70 +- 1.80
RESULTS:: 04:42:59: root                               EvaluationManager.py <_prstr>179 :  Average turns   = 8.94 +- 0.27
RESULTS:: 04:42:59: root                                   pydial.py <setEvalConfig>470 :  *** Evaluating env1-LAP-tau_nodrop_noinco_sort_sharelast_4020_250100_shpr_1616-seed2-00.8: error-rate=0 num-dialogs=500 ***
RESULTS:: 04:53:03: root                               EvaluationManager.py <_prstr>179 :  Results for domain: Laptops11 --evaluated by: objective success evaluator
RESULTS:: 04:53:03: root                               EvaluationManager.py <_prstr>179 :  # of dialogues  = 500
RESULTS:: 04:53:03: root                               EvaluationManager.py <_prstr>179 :  Average reward  = 10.37 +- 0.62
RESULTS:: 04:53:03: root                               EvaluationManager.py <_prstr>179 :  Average success = 90.80 +- 2.54
RESULTS:: 04:53:03: root                               EvaluationManager.py <_prstr>179 :  Average turns   = 7.79 +- 0.27
RESULTS:: 04:53:03: root                                   pydial.py <train_command>791 :  List of domains: Laptops11
RESULTS:: 04:53:04: root                                      pydial.py <trainBatch>409 :  *** Training Iteration env1-LAP-tau_nodrop_noinco_sort_sharelast_4020_250100_shpr_1616-seed2-00.8->env1-LAP-tau_nodrop_noinco_sort_sharelast_4020_250100_shpr_1616-seed2-00.9: iter=8, error-rate=0, num-dialogs=1000 ***
RESULTS:: 05:18:28: root                               EvaluationManager.py <_prstr>179 :  Results for domain: Laptops11 --evaluated by: objective success evaluator
RESULTS:: 05:18:28: root                               EvaluationManager.py <_prstr>179 :  # of dialogues  = 1000
RESULTS:: 05:18:28: root                               EvaluationManager.py <_prstr>179 :  Average reward  = 8.44 +- 0.52
RESULTS:: 05:18:28: root                               EvaluationManager.py <_prstr>179 :  Average success = 89.00 +- 1.94
RESULTS:: 05:18:28: root                               EvaluationManager.py <_prstr>179 :  Average turns   = 9.37 +- 0.27
RESULTS:: 05:18:28: root                                   pydial.py <setEvalConfig>470 :  *** Evaluating env1-LAP-tau_nodrop_noinco_sort_sharelast_4020_250100_shpr_1616-seed2-00.9: error-rate=0 num-dialogs=500 ***
RESULTS:: 05:28:50: root                               EvaluationManager.py <_prstr>179 :  Results for domain: Laptops11 --evaluated by: objective success evaluator
RESULTS:: 05:28:50: root                               EvaluationManager.py <_prstr>179 :  # of dialogues  = 500
RESULTS:: 05:28:50: root                               EvaluationManager.py <_prstr>179 :  Average reward  = 10.31 +- 0.62
RESULTS:: 05:28:50: root                               EvaluationManager.py <_prstr>179 :  Average success = 90.40 +- 2.59
RESULTS:: 05:28:50: root                               EvaluationManager.py <_prstr>179 :  Average turns   = 7.77 +- 0.27
RESULTS:: 05:28:50: root                                   pydial.py <train_command>791 :  List of domains: Laptops11
RESULTS:: 05:28:50: root                                      pydial.py <trainBatch>409 :  *** Training Iteration env1-LAP-tau_nodrop_noinco_sort_sharelast_4020_250100_shpr_1616-seed2-00.9->env1-LAP-tau_nodrop_noinco_sort_sharelast_4020_250100_shpr_1616-seed2-00.10: iter=9, error-rate=0, num-dialogs=1000 ***
RESULTS:: 05:52:41: root                               EvaluationManager.py <_prstr>179 :  Results for domain: Laptops11 --evaluated by: objective success evaluator
RESULTS:: 05:52:41: root                               EvaluationManager.py <_prstr>179 :  # of dialogues  = 1000
RESULTS:: 05:52:41: root                               EvaluationManager.py <_prstr>179 :  Average reward  = 9.17 +- 0.50
RESULTS:: 05:52:41: root                               EvaluationManager.py <_prstr>179 :  Average success = 89.50 +- 1.90
RESULTS:: 05:52:41: root                               EvaluationManager.py <_prstr>179 :  Average turns   = 8.73 +- 0.26
RESULTS:: 05:52:41: root                                   pydial.py <setEvalConfig>470 :  *** Evaluating env1-LAP-tau_nodrop_noinco_sort_sharelast_4020_250100_shpr_1616-seed2-00.10: error-rate=0 num-dialogs=500 ***
RESULTS:: 06:02:11: root                               EvaluationManager.py <_prstr>179 :  Results for domain: Laptops11 --evaluated by: objective success evaluator
RESULTS:: 06:02:11: root                               EvaluationManager.py <_prstr>179 :  # of dialogues  = 500
RESULTS:: 06:02:11: root                               EvaluationManager.py <_prstr>179 :  Average reward  = 10.49 +- 0.62
RESULTS:: 06:02:11: root                               EvaluationManager.py <_prstr>179 :  Average success = 89.80 +- 2.66
RESULTS:: 06:02:11: root                               EvaluationManager.py <_prstr>179 :  Average turns   = 7.47 +- 0.22
RESULTS:: 06:02:11: root                                   pydial.py <train_command>807 :  *** Training complete. log: env1-LAP-tau_nodrop_noinco_sort_sharelast_4020_250100_shpr_1616-seed2-00.1-10.train.log - final policy is env1-LAP-tau_nodrop_noinco_sort_sharelast_4020_250100_shpr_1616-00-10
