RESULTS:: 00:11:27: root                                   pydial.py <train_command>791 :  List of domains: Laptops11
RESULTS:: 00:11:27: root                                      pydial.py <trainBatch>409 :  *** Training Iteration env1-LAP-tau_nodrop_noinco_sort_sharelast_4020_250100_shpr_1616-seed3-00.0->env1-LAP-tau_nodrop_noinco_sort_sharelast_4020_250100_shpr_1616-seed3-00.1: iter=0, error-rate=0, num-dialogs=1000 ***
RESULTS:: 00:38:20: root                               EvaluationManager.py <_prstr>179 :  Results for domain: Laptops11 --evaluated by: objective success evaluator
RESULTS:: 00:38:20: root                               EvaluationManager.py <_prstr>179 :  # of dialogues  = 1000
RESULTS:: 00:38:20: root                               EvaluationManager.py <_prstr>179 :  Average reward  = 7.61 +- 0.59
RESULTS:: 00:38:20: root                               EvaluationManager.py <_prstr>179 :  Average success = 85.20 +- 2.20
RESULTS:: 00:38:20: root                               EvaluationManager.py <_prstr>179 :  Average turns   = 9.43 +- 0.28
RESULTS:: 00:38:20: root                                   pydial.py <setEvalConfig>470 :  *** Evaluating env1-LAP-tau_nodrop_noinco_sort_sharelast_4020_250100_shpr_1616-seed3-00.1: error-rate=0 num-dialogs=500 ***
RESULTS:: 00:48:31: root                               EvaluationManager.py <_prstr>179 :  Results for domain: Laptops11 --evaluated by: objective success evaluator
RESULTS:: 00:48:31: root                               EvaluationManager.py <_prstr>179 :  # of dialogues  = 500
RESULTS:: 00:48:31: root                               EvaluationManager.py <_prstr>179 :  Average reward  = 11.43 +- 0.52
RESULTS:: 00:48:31: root                               EvaluationManager.py <_prstr>179 :  Average success = 94.40 +- 2.02
RESULTS:: 00:48:31: root                               EvaluationManager.py <_prstr>179 :  Average turns   = 7.45 +- 0.24
RESULTS:: 00:48:31: root                                   pydial.py <train_command>791 :  List of domains: Laptops11
RESULTS:: 00:48:31: root                                      pydial.py <trainBatch>409 :  *** Training Iteration env1-LAP-tau_nodrop_noinco_sort_sharelast_4020_250100_shpr_1616-seed3-00.1->env1-LAP-tau_nodrop_noinco_sort_sharelast_4020_250100_shpr_1616-seed3-00.2: iter=1, error-rate=0, num-dialogs=1000 ***
RESULTS:: 01:14:30: root                               EvaluationManager.py <_prstr>179 :  Results for domain: Laptops11 --evaluated by: objective success evaluator
RESULTS:: 01:14:30: root                               EvaluationManager.py <_prstr>179 :  # of dialogues  = 1000
RESULTS:: 01:14:30: root                               EvaluationManager.py <_prstr>179 :  Average reward  = 9.20 +- 0.46
RESULTS:: 01:14:30: root                               EvaluationManager.py <_prstr>179 :  Average success = 90.50 +- 1.82
RESULTS:: 01:14:30: root                               EvaluationManager.py <_prstr>179 :  Average turns   = 8.90 +- 0.24
RESULTS:: 01:14:30: root                                   pydial.py <setEvalConfig>470 :  *** Evaluating env1-LAP-tau_nodrop_noinco_sort_sharelast_4020_250100_shpr_1616-seed3-00.2: error-rate=0 num-dialogs=500 ***
RESULTS:: 01:24:49: root                               EvaluationManager.py <_prstr>179 :  Results for domain: Laptops11 --evaluated by: objective success evaluator
RESULTS:: 01:24:49: root                               EvaluationManager.py <_prstr>179 :  # of dialogues  = 500
RESULTS:: 01:24:49: root                               EvaluationManager.py <_prstr>179 :  Average reward  = 11.00 +- 0.57
RESULTS:: 01:24:49: root                               EvaluationManager.py <_prstr>179 :  Average success = 92.20 +- 2.36
RESULTS:: 01:24:49: root                               EvaluationManager.py <_prstr>179 :  Average turns   = 7.44 +- 0.26
RESULTS:: 01:24:49: root                                   pydial.py <train_command>791 :  List of domains: Laptops11
RESULTS:: 01:24:49: root                                      pydial.py <trainBatch>409 :  *** Training Iteration env1-LAP-tau_nodrop_noinco_sort_sharelast_4020_250100_shpr_1616-seed3-00.2->env1-LAP-tau_nodrop_noinco_sort_sharelast_4020_250100_shpr_1616-seed3-00.3: iter=2, error-rate=0, num-dialogs=1000 ***
RESULTS:: 01:50:45: root                               EvaluationManager.py <_prstr>179 :  Results for domain: Laptops11 --evaluated by: objective success evaluator
RESULTS:: 01:50:45: root                               EvaluationManager.py <_prstr>179 :  # of dialogues  = 1000
RESULTS:: 01:50:45: root                               EvaluationManager.py <_prstr>179 :  Average reward  = 9.47 +- 0.47
RESULTS:: 01:50:45: root                               EvaluationManager.py <_prstr>179 :  Average success = 91.60 +- 1.72
RESULTS:: 01:50:45: root                               EvaluationManager.py <_prstr>179 :  Average turns   = 8.85 +- 0.26
RESULTS:: 01:50:45: root                                   pydial.py <setEvalConfig>470 :  *** Evaluating env1-LAP-tau_nodrop_noinco_sort_sharelast_4020_250100_shpr_1616-seed3-00.3: error-rate=0 num-dialogs=500 ***
RESULTS:: 02:00:41: root                               EvaluationManager.py <_prstr>179 :  Results for domain: Laptops11 --evaluated by: objective success evaluator
RESULTS:: 02:00:41: root                               EvaluationManager.py <_prstr>179 :  # of dialogues  = 500
RESULTS:: 02:00:41: root                               EvaluationManager.py <_prstr>179 :  Average reward  = 7.31 +- 0.86
RESULTS:: 02:00:41: root                               EvaluationManager.py <_prstr>179 :  Average success = 72.80 +- 3.91
RESULTS:: 02:00:41: root                               EvaluationManager.py <_prstr>179 :  Average turns   = 7.25 +- 0.22
RESULTS:: 02:00:41: root                                   pydial.py <train_command>791 :  List of domains: Laptops11
RESULTS:: 02:00:41: root                                      pydial.py <trainBatch>409 :  *** Training Iteration env1-LAP-tau_nodrop_noinco_sort_sharelast_4020_250100_shpr_1616-seed3-00.3->env1-LAP-tau_nodrop_noinco_sort_sharelast_4020_250100_shpr_1616-seed3-00.4: iter=3, error-rate=0, num-dialogs=1000 ***
RESULTS:: 02:26:00: root                               EvaluationManager.py <_prstr>179 :  Results for domain: Laptops11 --evaluated by: objective success evaluator
RESULTS:: 02:26:00: root                               EvaluationManager.py <_prstr>179 :  # of dialogues  = 1000
RESULTS:: 02:26:00: root                               EvaluationManager.py <_prstr>179 :  Average reward  = 8.97 +- 0.51
RESULTS:: 02:26:00: root                               EvaluationManager.py <_prstr>179 :  Average success = 89.40 +- 1.91
RESULTS:: 02:26:00: root                               EvaluationManager.py <_prstr>179 :  Average turns   = 8.91 +- 0.25
RESULTS:: 02:26:00: root                                   pydial.py <setEvalConfig>470 :  *** Evaluating env1-LAP-tau_nodrop_noinco_sort_sharelast_4020_250100_shpr_1616-seed3-00.4: error-rate=0 num-dialogs=500 ***
RESULTS:: 02:35:06: root                               EvaluationManager.py <_prstr>179 :  Results for domain: Laptops11 --evaluated by: objective success evaluator
RESULTS:: 02:35:06: root                               EvaluationManager.py <_prstr>179 :  # of dialogues  = 500
RESULTS:: 02:35:06: root                               EvaluationManager.py <_prstr>179 :  Average reward  = 7.39 +- 0.83
RESULTS:: 02:35:06: root                               EvaluationManager.py <_prstr>179 :  Average success = 71.40 +- 3.97
RESULTS:: 02:35:06: root                               EvaluationManager.py <_prstr>179 :  Average turns   = 6.89 +- 0.18
RESULTS:: 02:35:06: root                                   pydial.py <train_command>791 :  List of domains: Laptops11
RESULTS:: 02:35:06: root                                      pydial.py <trainBatch>409 :  *** Training Iteration env1-LAP-tau_nodrop_noinco_sort_sharelast_4020_250100_shpr_1616-seed3-00.4->env1-LAP-tau_nodrop_noinco_sort_sharelast_4020_250100_shpr_1616-seed3-00.5: iter=4, error-rate=0, num-dialogs=1000 ***
RESULTS:: 03:00:17: root                               EvaluationManager.py <_prstr>179 :  Results for domain: Laptops11 --evaluated by: objective success evaluator
RESULTS:: 03:00:17: root                               EvaluationManager.py <_prstr>179 :  # of dialogues  = 1000
RESULTS:: 03:00:17: root                               EvaluationManager.py <_prstr>179 :  Average reward  = 9.04 +- 0.49
RESULTS:: 03:00:17: root                               EvaluationManager.py <_prstr>179 :  Average success = 90.10 +- 1.85
RESULTS:: 03:00:17: root                               EvaluationManager.py <_prstr>179 :  Average turns   = 8.97 +- 0.25
RESULTS:: 03:00:17: root                                   pydial.py <setEvalConfig>470 :  *** Evaluating env1-LAP-tau_nodrop_noinco_sort_sharelast_4020_250100_shpr_1616-seed3-00.5: error-rate=0 num-dialogs=500 ***
RESULTS:: 03:10:36: root                               EvaluationManager.py <_prstr>179 :  Results for domain: Laptops11 --evaluated by: objective success evaluator
RESULTS:: 03:10:36: root                               EvaluationManager.py <_prstr>179 :  # of dialogues  = 500
RESULTS:: 03:10:36: root                               EvaluationManager.py <_prstr>179 :  Average reward  = 8.39 +- 0.79
RESULTS:: 03:10:36: root                               EvaluationManager.py <_prstr>179 :  Average success = 81.60 +- 3.40
RESULTS:: 03:10:36: root                               EvaluationManager.py <_prstr>179 :  Average turns   = 7.93 +- 0.26
RESULTS:: 03:10:36: root                                   pydial.py <train_command>791 :  List of domains: Laptops11
RESULTS:: 03:10:36: root                                      pydial.py <trainBatch>409 :  *** Training Iteration env1-LAP-tau_nodrop_noinco_sort_sharelast_4020_250100_shpr_1616-seed3-00.5->env1-LAP-tau_nodrop_noinco_sort_sharelast_4020_250100_shpr_1616-seed3-00.6: iter=5, error-rate=0, num-dialogs=1000 ***
RESULTS:: 03:36:07: root                               EvaluationManager.py <_prstr>179 :  Results for domain: Laptops11 --evaluated by: objective success evaluator
RESULTS:: 03:36:07: root                               EvaluationManager.py <_prstr>179 :  # of dialogues  = 1000
RESULTS:: 03:36:07: root                               EvaluationManager.py <_prstr>179 :  Average reward  = 8.69 +- 0.51
RESULTS:: 03:36:07: root                               EvaluationManager.py <_prstr>179 :  Average success = 89.40 +- 1.91
RESULTS:: 03:36:07: root                               EvaluationManager.py <_prstr>179 :  Average turns   = 9.19 +- 0.27
RESULTS:: 03:36:07: root                                   pydial.py <setEvalConfig>470 :  *** Evaluating env1-LAP-tau_nodrop_noinco_sort_sharelast_4020_250100_shpr_1616-seed3-00.6: error-rate=0 num-dialogs=500 ***
RESULTS:: 03:45:54: root                               EvaluationManager.py <_prstr>179 :  Results for domain: Laptops11 --evaluated by: objective success evaluator
RESULTS:: 03:45:54: root                               EvaluationManager.py <_prstr>179 :  # of dialogues  = 500
RESULTS:: 03:45:54: root                               EvaluationManager.py <_prstr>179 :  Average reward  = 11.60 +- 0.51
RESULTS:: 03:45:54: root                               EvaluationManager.py <_prstr>179 :  Average success = 94.60 +- 1.99
RESULTS:: 03:45:54: root                               EvaluationManager.py <_prstr>179 :  Average turns   = 7.32 +- 0.24
RESULTS:: 03:45:54: root                                   pydial.py <train_command>791 :  List of domains: Laptops11
RESULTS:: 03:45:54: root                                      pydial.py <trainBatch>409 :  *** Training Iteration env1-LAP-tau_nodrop_noinco_sort_sharelast_4020_250100_shpr_1616-seed3-00.6->env1-LAP-tau_nodrop_noinco_sort_sharelast_4020_250100_shpr_1616-seed3-00.7: iter=6, error-rate=0, num-dialogs=1000 ***
RESULTS:: 04:10:11: root                               EvaluationManager.py <_prstr>179 :  Results for domain: Laptops11 --evaluated by: objective success evaluator
RESULTS:: 04:10:11: root                               EvaluationManager.py <_prstr>179 :  # of dialogues  = 1000
RESULTS:: 04:10:11: root                               EvaluationManager.py <_prstr>179 :  Average reward  = 10.11 +- 0.45
RESULTS:: 04:10:11: root                               EvaluationManager.py <_prstr>179 :  Average success = 93.50 +- 1.53
RESULTS:: 04:10:11: root                               EvaluationManager.py <_prstr>179 :  Average turns   = 8.59 +- 0.25
RESULTS:: 04:10:11: root                                   pydial.py <setEvalConfig>470 :  *** Evaluating env1-LAP-tau_nodrop_noinco_sort_sharelast_4020_250100_shpr_1616-seed3-00.7: error-rate=0 num-dialogs=500 ***
RESULTS:: 04:20:13: root                               EvaluationManager.py <_prstr>179 :  Results for domain: Laptops11 --evaluated by: objective success evaluator
RESULTS:: 04:20:13: root                               EvaluationManager.py <_prstr>179 :  # of dialogues  = 500
RESULTS:: 04:20:13: root                               EvaluationManager.py <_prstr>179 :  Average reward  = 9.85 +- 0.70
RESULTS:: 04:20:13: root                               EvaluationManager.py <_prstr>179 :  Average success = 87.60 +- 2.90
RESULTS:: 04:20:13: root                               EvaluationManager.py <_prstr>179 :  Average turns   = 7.67 +- 0.25
RESULTS:: 04:20:13: root                                   pydial.py <train_command>791 :  List of domains: Laptops11
RESULTS:: 04:20:13: root                                      pydial.py <trainBatch>409 :  *** Training Iteration env1-LAP-tau_nodrop_noinco_sort_sharelast_4020_250100_shpr_1616-seed3-00.7->env1-LAP-tau_nodrop_noinco_sort_sharelast_4020_250100_shpr_1616-seed3-00.8: iter=7, error-rate=0, num-dialogs=1000 ***
RESULTS:: 04:45:13: root                               EvaluationManager.py <_prstr>179 :  Results for domain: Laptops11 --evaluated by: objective success evaluator
RESULTS:: 04:45:13: root                               EvaluationManager.py <_prstr>179 :  # of dialogues  = 1000
RESULTS:: 04:45:13: root                               EvaluationManager.py <_prstr>179 :  Average reward  = 9.40 +- 0.46
RESULTS:: 04:45:13: root                               EvaluationManager.py <_prstr>179 :  Average success = 91.60 +- 1.72
RESULTS:: 04:45:13: root                               EvaluationManager.py <_prstr>179 :  Average turns   = 8.91 +- 0.24
RESULTS:: 04:45:13: root                                   pydial.py <setEvalConfig>470 :  *** Evaluating env1-LAP-tau_nodrop_noinco_sort_sharelast_4020_250100_shpr_1616-seed3-00.8: error-rate=0 num-dialogs=500 ***
RESULTS:: 04:55:23: root                               EvaluationManager.py <_prstr>179 :  Results for domain: Laptops11 --evaluated by: objective success evaluator
RESULTS:: 04:55:23: root                               EvaluationManager.py <_prstr>179 :  # of dialogues  = 500
RESULTS:: 04:55:23: root                               EvaluationManager.py <_prstr>179 :  Average reward  = 10.49 +- 0.60
RESULTS:: 04:55:23: root                               EvaluationManager.py <_prstr>179 :  Average success = 90.60 +- 2.56
RESULTS:: 04:55:23: root                               EvaluationManager.py <_prstr>179 :  Average turns   = 7.63 +- 0.23
RESULTS:: 04:55:23: root                                   pydial.py <train_command>791 :  List of domains: Laptops11
RESULTS:: 04:55:23: root                                      pydial.py <trainBatch>409 :  *** Training Iteration env1-LAP-tau_nodrop_noinco_sort_sharelast_4020_250100_shpr_1616-seed3-00.8->env1-LAP-tau_nodrop_noinco_sort_sharelast_4020_250100_shpr_1616-seed3-00.9: iter=8, error-rate=0, num-dialogs=1000 ***
RESULTS:: 05:19:11: root                               EvaluationManager.py <_prstr>179 :  Results for domain: Laptops11 --evaluated by: objective success evaluator
RESULTS:: 05:19:11: root                               EvaluationManager.py <_prstr>179 :  # of dialogues  = 1000
RESULTS:: 05:19:11: root                               EvaluationManager.py <_prstr>179 :  Average reward  = 10.28 +- 0.41
RESULTS:: 05:19:11: root                               EvaluationManager.py <_prstr>179 :  Average success = 93.80 +- 1.50
RESULTS:: 05:19:11: root                               EvaluationManager.py <_prstr>179 :  Average turns   = 8.48 +- 0.23
RESULTS:: 05:19:11: root                                   pydial.py <setEvalConfig>470 :  *** Evaluating env1-LAP-tau_nodrop_noinco_sort_sharelast_4020_250100_shpr_1616-seed3-00.9: error-rate=0 num-dialogs=500 ***
RESULTS:: 05:30:01: root                               EvaluationManager.py <_prstr>179 :  Results for domain: Laptops11 --evaluated by: objective success evaluator
RESULTS:: 05:30:01: root                               EvaluationManager.py <_prstr>179 :  # of dialogues  = 500
RESULTS:: 05:30:01: root                               EvaluationManager.py <_prstr>179 :  Average reward  = 4.30 +- 0.97
RESULTS:: 05:30:01: root                               EvaluationManager.py <_prstr>179 :  Average success = 62.00 +- 4.26
RESULTS:: 05:30:01: root                               EvaluationManager.py <_prstr>179 :  Average turns   = 8.10 +- 0.29
RESULTS:: 05:30:01: root                                   pydial.py <train_command>791 :  List of domains: Laptops11
RESULTS:: 05:30:01: root                                      pydial.py <trainBatch>409 :  *** Training Iteration env1-LAP-tau_nodrop_noinco_sort_sharelast_4020_250100_shpr_1616-seed3-00.9->env1-LAP-tau_nodrop_noinco_sort_sharelast_4020_250100_shpr_1616-seed3-00.10: iter=9, error-rate=0, num-dialogs=1000 ***
RESULTS:: 05:54:48: root                               EvaluationManager.py <_prstr>179 :  Results for domain: Laptops11 --evaluated by: objective success evaluator
RESULTS:: 05:54:48: root                               EvaluationManager.py <_prstr>179 :  # of dialogues  = 1000
RESULTS:: 05:54:48: root                               EvaluationManager.py <_prstr>179 :  Average reward  = 8.60 +- 0.53
RESULTS:: 05:54:48: root                               EvaluationManager.py <_prstr>179 :  Average success = 87.60 +- 2.05
RESULTS:: 05:54:48: root                               EvaluationManager.py <_prstr>179 :  Average turns   = 8.92 +- 0.26
RESULTS:: 05:54:48: root                                   pydial.py <setEvalConfig>470 :  *** Evaluating env1-LAP-tau_nodrop_noinco_sort_sharelast_4020_250100_shpr_1616-seed3-00.10: error-rate=0 num-dialogs=500 ***
RESULTS:: 06:04:13: root                               EvaluationManager.py <_prstr>179 :  Results for domain: Laptops11 --evaluated by: objective success evaluator
RESULTS:: 06:04:13: root                               EvaluationManager.py <_prstr>179 :  # of dialogues  = 500
RESULTS:: 06:04:13: root                               EvaluationManager.py <_prstr>179 :  Average reward  = 7.11 +- 0.89
RESULTS:: 06:04:13: root                               EvaluationManager.py <_prstr>179 :  Average success = 71.40 +- 3.97
RESULTS:: 06:04:13: root                               EvaluationManager.py <_prstr>179 :  Average turns   = 7.17 +- 0.21
RESULTS:: 06:04:13: root                                   pydial.py <train_command>807 :  *** Training complete. log: env1-LAP-tau_nodrop_noinco_sort_sharelast_4020_250100_shpr_1616-seed3-00.1-10.train.log - final policy is env1-LAP-tau_nodrop_noinco_sort_sharelast_4020_250100_shpr_1616-00-10
