RESULTS:: 00:11:58: root                                   pydial.py <train_command>791 :  List of domains: Laptops11
RESULTS:: 00:11:58: root                                      pydial.py <trainBatch>409 :  *** Training Iteration env1-LAP-tau_nodrop_noinco_sort_sharelast_4020_250100_shpr_1616-seed9-00.0->env1-LAP-tau_nodrop_noinco_sort_sharelast_4020_250100_shpr_1616-seed9-00.1: iter=0, error-rate=0, num-dialogs=1000 ***
RESULTS:: 00:39:38: root                               EvaluationManager.py <_prstr>179 :  Results for domain: Laptops11 --evaluated by: objective success evaluator
RESULTS:: 00:39:38: root                               EvaluationManager.py <_prstr>179 :  # of dialogues  = 1000
RESULTS:: 00:39:38: root                               EvaluationManager.py <_prstr>179 :  Average reward  = 6.82 +- 0.64
RESULTS:: 00:39:38: root                               EvaluationManager.py <_prstr>179 :  Average success = 83.40 +- 2.31
RESULTS:: 00:39:38: root                               EvaluationManager.py <_prstr>179 :  Average turns   = 9.86 +- 0.31
RESULTS:: 00:39:38: root                                   pydial.py <setEvalConfig>470 :  *** Evaluating env1-LAP-tau_nodrop_noinco_sort_sharelast_4020_250100_shpr_1616-seed9-00.1: error-rate=0 num-dialogs=500 ***
RESULTS:: 00:49:53: root                               EvaluationManager.py <_prstr>179 :  Results for domain: Laptops11 --evaluated by: objective success evaluator
RESULTS:: 00:49:53: root                               EvaluationManager.py <_prstr>179 :  # of dialogues  = 500
RESULTS:: 00:49:53: root                               EvaluationManager.py <_prstr>179 :  Average reward  = 9.80 +- 0.71
RESULTS:: 00:49:53: root                               EvaluationManager.py <_prstr>179 :  Average success = 87.00 +- 2.95
RESULTS:: 00:49:53: root                               EvaluationManager.py <_prstr>179 :  Average turns   = 7.60 +- 0.25
RESULTS:: 00:49:53: root                                   pydial.py <train_command>791 :  List of domains: Laptops11
RESULTS:: 00:49:53: root                                      pydial.py <trainBatch>409 :  *** Training Iteration env1-LAP-tau_nodrop_noinco_sort_sharelast_4020_250100_shpr_1616-seed9-00.1->env1-LAP-tau_nodrop_noinco_sort_sharelast_4020_250100_shpr_1616-seed9-00.2: iter=1, error-rate=0, num-dialogs=1000 ***
RESULTS:: 01:15:46: root                               EvaluationManager.py <_prstr>179 :  Results for domain: Laptops11 --evaluated by: objective success evaluator
RESULTS:: 01:15:46: root                               EvaluationManager.py <_prstr>179 :  # of dialogues  = 1000
RESULTS:: 01:15:46: root                               EvaluationManager.py <_prstr>179 :  Average reward  = 8.75 +- 0.48
RESULTS:: 01:15:46: root                               EvaluationManager.py <_prstr>179 :  Average success = 87.90 +- 2.02
RESULTS:: 01:15:46: root                               EvaluationManager.py <_prstr>179 :  Average turns   = 8.83 +- 0.24
RESULTS:: 01:15:46: root                                   pydial.py <setEvalConfig>470 :  *** Evaluating env1-LAP-tau_nodrop_noinco_sort_sharelast_4020_250100_shpr_1616-seed9-00.2: error-rate=0 num-dialogs=500 ***
RESULTS:: 01:26:40: root                               EvaluationManager.py <_prstr>179 :  Results for domain: Laptops11 --evaluated by: objective success evaluator
RESULTS:: 01:26:40: root                               EvaluationManager.py <_prstr>179 :  # of dialogues  = 500
RESULTS:: 01:26:40: root                               EvaluationManager.py <_prstr>179 :  Average reward  = 10.98 +- 0.57
RESULTS:: 01:26:40: root                               EvaluationManager.py <_prstr>179 :  Average success = 94.00 +- 2.09
RESULTS:: 01:26:40: root                               EvaluationManager.py <_prstr>179 :  Average turns   = 7.82 +- 0.31
RESULTS:: 01:26:40: root                                   pydial.py <train_command>791 :  List of domains: Laptops11
RESULTS:: 01:26:40: root                                      pydial.py <trainBatch>409 :  *** Training Iteration env1-LAP-tau_nodrop_noinco_sort_sharelast_4020_250100_shpr_1616-seed9-00.2->env1-LAP-tau_nodrop_noinco_sort_sharelast_4020_250100_shpr_1616-seed9-00.3: iter=2, error-rate=0, num-dialogs=1000 ***
RESULTS:: 01:52:59: root                               EvaluationManager.py <_prstr>179 :  Results for domain: Laptops11 --evaluated by: objective success evaluator
RESULTS:: 01:52:59: root                               EvaluationManager.py <_prstr>179 :  # of dialogues  = 1000
RESULTS:: 01:52:59: root                               EvaluationManager.py <_prstr>179 :  Average reward  = 9.36 +- 0.46
RESULTS:: 01:52:59: root                               EvaluationManager.py <_prstr>179 :  Average success = 91.70 +- 1.71
RESULTS:: 01:52:59: root                               EvaluationManager.py <_prstr>179 :  Average turns   = 8.98 +- 0.26
RESULTS:: 01:52:59: root                                   pydial.py <setEvalConfig>470 :  *** Evaluating env1-LAP-tau_nodrop_noinco_sort_sharelast_4020_250100_shpr_1616-seed9-00.3: error-rate=0 num-dialogs=500 ***
RESULTS:: 02:02:35: root                               EvaluationManager.py <_prstr>179 :  Results for domain: Laptops11 --evaluated by: objective success evaluator
RESULTS:: 02:02:35: root                               EvaluationManager.py <_prstr>179 :  # of dialogues  = 500
RESULTS:: 02:02:35: root                               EvaluationManager.py <_prstr>179 :  Average reward  = 7.72 +- 0.82
RESULTS:: 02:02:35: root                               EvaluationManager.py <_prstr>179 :  Average success = 73.80 +- 3.86
RESULTS:: 02:02:35: root                               EvaluationManager.py <_prstr>179 :  Average turns   = 7.04 +- 0.21
RESULTS:: 02:02:35: root                                   pydial.py <train_command>791 :  List of domains: Laptops11
RESULTS:: 02:02:35: root                                      pydial.py <trainBatch>409 :  *** Training Iteration env1-LAP-tau_nodrop_noinco_sort_sharelast_4020_250100_shpr_1616-seed9-00.3->env1-LAP-tau_nodrop_noinco_sort_sharelast_4020_250100_shpr_1616-seed9-00.4: iter=3, error-rate=0, num-dialogs=1000 ***
RESULTS:: 02:27:07: root                               EvaluationManager.py <_prstr>179 :  Results for domain: Laptops11 --evaluated by: objective success evaluator
RESULTS:: 02:27:07: root                               EvaluationManager.py <_prstr>179 :  # of dialogues  = 1000
RESULTS:: 02:27:07: root                               EvaluationManager.py <_prstr>179 :  Average reward  = 9.78 +- 0.42
RESULTS:: 02:27:07: root                               EvaluationManager.py <_prstr>179 :  Average success = 92.90 +- 1.59
RESULTS:: 02:27:07: root                               EvaluationManager.py <_prstr>179 :  Average turns   = 8.80 +- 0.23
RESULTS:: 02:27:07: root                                   pydial.py <setEvalConfig>470 :  *** Evaluating env1-LAP-tau_nodrop_noinco_sort_sharelast_4020_250100_shpr_1616-seed9-00.4: error-rate=0 num-dialogs=500 ***
RESULTS:: 02:37:12: root                               EvaluationManager.py <_prstr>179 :  Results for domain: Laptops11 --evaluated by: objective success evaluator
RESULTS:: 02:37:12: root                               EvaluationManager.py <_prstr>179 :  # of dialogues  = 500
RESULTS:: 02:37:12: root                               EvaluationManager.py <_prstr>179 :  Average reward  = 11.70 +- 0.44
RESULTS:: 02:37:12: root                               EvaluationManager.py <_prstr>179 :  Average success = 96.80 +- 1.55
RESULTS:: 02:37:12: root                               EvaluationManager.py <_prstr>179 :  Average turns   = 7.66 +- 0.25
RESULTS:: 02:37:12: root                                   pydial.py <train_command>791 :  List of domains: Laptops11
RESULTS:: 02:37:12: root                                      pydial.py <trainBatch>409 :  *** Training Iteration env1-LAP-tau_nodrop_noinco_sort_sharelast_4020_250100_shpr_1616-seed9-00.4->env1-LAP-tau_nodrop_noinco_sort_sharelast_4020_250100_shpr_1616-seed9-00.5: iter=4, error-rate=0, num-dialogs=1000 ***
RESULTS:: 03:01:11: root                               EvaluationManager.py <_prstr>179 :  Results for domain: Laptops11 --evaluated by: objective success evaluator
RESULTS:: 03:01:11: root                               EvaluationManager.py <_prstr>179 :  # of dialogues  = 1000
RESULTS:: 03:01:11: root                               EvaluationManager.py <_prstr>179 :  Average reward  = 9.10 +- 0.50
RESULTS:: 03:01:11: root                               EvaluationManager.py <_prstr>179 :  Average success = 88.40 +- 1.99
RESULTS:: 03:01:11: root                               EvaluationManager.py <_prstr>179 :  Average turns   = 8.58 +- 0.25
RESULTS:: 03:01:11: root                                   pydial.py <setEvalConfig>470 :  *** Evaluating env1-LAP-tau_nodrop_noinco_sort_sharelast_4020_250100_shpr_1616-seed9-00.5: error-rate=0 num-dialogs=500 ***
RESULTS:: 03:09:54: root                               EvaluationManager.py <_prstr>179 :  Results for domain: Laptops11 --evaluated by: objective success evaluator
RESULTS:: 03:09:54: root                               EvaluationManager.py <_prstr>179 :  # of dialogues  = 500
RESULTS:: 03:09:54: root                               EvaluationManager.py <_prstr>179 :  Average reward  = 5.25 +- 0.89
RESULTS:: 03:09:54: root                               EvaluationManager.py <_prstr>179 :  Average success = 59.40 +- 4.31
RESULTS:: 03:09:54: root                               EvaluationManager.py <_prstr>179 :  Average turns   = 6.63 +- 0.17
RESULTS:: 03:09:54: root                                   pydial.py <train_command>791 :  List of domains: Laptops11
RESULTS:: 03:09:54: root                                      pydial.py <trainBatch>409 :  *** Training Iteration env1-LAP-tau_nodrop_noinco_sort_sharelast_4020_250100_shpr_1616-seed9-00.5->env1-LAP-tau_nodrop_noinco_sort_sharelast_4020_250100_shpr_1616-seed9-00.6: iter=5, error-rate=0, num-dialogs=1000 ***
RESULTS:: 03:34:27: root                               EvaluationManager.py <_prstr>179 :  Results for domain: Laptops11 --evaluated by: objective success evaluator
RESULTS:: 03:34:27: root                               EvaluationManager.py <_prstr>179 :  # of dialogues  = 1000
RESULTS:: 03:34:27: root                               EvaluationManager.py <_prstr>179 :  Average reward  = 8.82 +- 0.49
RESULTS:: 03:34:27: root                               EvaluationManager.py <_prstr>179 :  Average success = 88.50 +- 1.98
RESULTS:: 03:34:27: root                               EvaluationManager.py <_prstr>179 :  Average turns   = 8.88 +- 0.23
RESULTS:: 03:34:27: root                                   pydial.py <setEvalConfig>470 :  *** Evaluating env1-LAP-tau_nodrop_noinco_sort_sharelast_4020_250100_shpr_1616-seed9-00.6: error-rate=0 num-dialogs=500 ***
RESULTS:: 03:43:06: root                               EvaluationManager.py <_prstr>179 :  Results for domain: Laptops11 --evaluated by: objective success evaluator
RESULTS:: 03:43:06: root                               EvaluationManager.py <_prstr>179 :  # of dialogues  = 500
RESULTS:: 03:43:06: root                               EvaluationManager.py <_prstr>179 :  Average reward  = 3.98 +- 0.92
RESULTS:: 03:43:06: root                               EvaluationManager.py <_prstr>179 :  Average success = 53.00 +- 4.39
RESULTS:: 03:43:06: root                               EvaluationManager.py <_prstr>179 :  Average turns   = 6.62 +- 0.17
RESULTS:: 03:43:06: root                                   pydial.py <train_command>791 :  List of domains: Laptops11
RESULTS:: 03:43:06: root                                      pydial.py <trainBatch>409 :  *** Training Iteration env1-LAP-tau_nodrop_noinco_sort_sharelast_4020_250100_shpr_1616-seed9-00.6->env1-LAP-tau_nodrop_noinco_sort_sharelast_4020_250100_shpr_1616-seed9-00.7: iter=6, error-rate=0, num-dialogs=1000 ***
RESULTS:: 04:07:49: root                               EvaluationManager.py <_prstr>179 :  Results for domain: Laptops11 --evaluated by: objective success evaluator
RESULTS:: 04:07:49: root                               EvaluationManager.py <_prstr>179 :  # of dialogues  = 1000
RESULTS:: 04:07:49: root                               EvaluationManager.py <_prstr>179 :  Average reward  = 8.21 +- 0.57
RESULTS:: 04:07:49: root                               EvaluationManager.py <_prstr>179 :  Average success = 85.90 +- 2.16
RESULTS:: 04:07:49: root                               EvaluationManager.py <_prstr>179 :  Average turns   = 8.97 +- 0.27
RESULTS:: 04:07:49: root                                   pydial.py <setEvalConfig>470 :  *** Evaluating env1-LAP-tau_nodrop_noinco_sort_sharelast_4020_250100_shpr_1616-seed9-00.7: error-rate=0 num-dialogs=500 ***
RESULTS:: 04:17:50: root                               EvaluationManager.py <_prstr>179 :  Results for domain: Laptops11 --evaluated by: objective success evaluator
RESULTS:: 04:17:50: root                               EvaluationManager.py <_prstr>179 :  # of dialogues  = 500
RESULTS:: 04:17:50: root                               EvaluationManager.py <_prstr>179 :  Average reward  = 10.70 +- 0.59
RESULTS:: 04:17:50: root                               EvaluationManager.py <_prstr>179 :  Average success = 91.80 +- 2.41
RESULTS:: 04:17:50: root                               EvaluationManager.py <_prstr>179 :  Average turns   = 7.66 +- 0.26
RESULTS:: 04:17:50: root                                   pydial.py <train_command>791 :  List of domains: Laptops11
RESULTS:: 04:17:50: root                                      pydial.py <trainBatch>409 :  *** Training Iteration env1-LAP-tau_nodrop_noinco_sort_sharelast_4020_250100_shpr_1616-seed9-00.7->env1-LAP-tau_nodrop_noinco_sort_sharelast_4020_250100_shpr_1616-seed9-00.8: iter=7, error-rate=0, num-dialogs=1000 ***
RESULTS:: 04:42:29: root                               EvaluationManager.py <_prstr>179 :  Results for domain: Laptops11 --evaluated by: objective success evaluator
RESULTS:: 04:42:29: root                               EvaluationManager.py <_prstr>179 :  # of dialogues  = 1000
RESULTS:: 04:42:29: root                               EvaluationManager.py <_prstr>179 :  Average reward  = 8.67 +- 0.53
RESULTS:: 04:42:29: root                               EvaluationManager.py <_prstr>179 :  Average success = 88.00 +- 2.02
RESULTS:: 04:42:29: root                               EvaluationManager.py <_prstr>179 :  Average turns   = 8.93 +- 0.27
RESULTS:: 04:42:29: root                                   pydial.py <setEvalConfig>470 :  *** Evaluating env1-LAP-tau_nodrop_noinco_sort_sharelast_4020_250100_shpr_1616-seed9-00.8: error-rate=0 num-dialogs=500 ***
RESULTS:: 04:51:55: root                               EvaluationManager.py <_prstr>179 :  Results for domain: Laptops11 --evaluated by: objective success evaluator
RESULTS:: 04:51:55: root                               EvaluationManager.py <_prstr>179 :  # of dialogues  = 500
RESULTS:: 04:51:55: root                               EvaluationManager.py <_prstr>179 :  Average reward  = 10.63 +- 0.64
RESULTS:: 04:51:55: root                               EvaluationManager.py <_prstr>179 :  Average success = 88.80 +- 2.77
RESULTS:: 04:51:55: root                               EvaluationManager.py <_prstr>179 :  Average turns   = 7.13 +- 0.22
RESULTS:: 04:51:55: root                                   pydial.py <train_command>791 :  List of domains: Laptops11
RESULTS:: 04:51:55: root                                      pydial.py <trainBatch>409 :  *** Training Iteration env1-LAP-tau_nodrop_noinco_sort_sharelast_4020_250100_shpr_1616-seed9-00.8->env1-LAP-tau_nodrop_noinco_sort_sharelast_4020_250100_shpr_1616-seed9-00.9: iter=8, error-rate=0, num-dialogs=1000 ***
RESULTS:: 05:16:22: root                               EvaluationManager.py <_prstr>179 :  Results for domain: Laptops11 --evaluated by: objective success evaluator
RESULTS:: 05:16:22: root                               EvaluationManager.py <_prstr>179 :  # of dialogues  = 1000
RESULTS:: 05:16:22: root                               EvaluationManager.py <_prstr>179 :  Average reward  = 9.48 +- 0.49
RESULTS:: 05:16:22: root                               EvaluationManager.py <_prstr>179 :  Average success = 91.30 +- 1.75
RESULTS:: 05:16:22: root                               EvaluationManager.py <_prstr>179 :  Average turns   = 8.78 +- 0.26
RESULTS:: 05:16:22: root                                   pydial.py <setEvalConfig>470 :  *** Evaluating env1-LAP-tau_nodrop_noinco_sort_sharelast_4020_250100_shpr_1616-seed9-00.9: error-rate=0 num-dialogs=500 ***
RESULTS:: 05:25:36: root                               EvaluationManager.py <_prstr>179 :  Results for domain: Laptops11 --evaluated by: objective success evaluator
RESULTS:: 05:25:36: root                               EvaluationManager.py <_prstr>179 :  # of dialogues  = 500
RESULTS:: 05:25:36: root                               EvaluationManager.py <_prstr>179 :  Average reward  = 6.07 +- 0.88
RESULTS:: 05:25:36: root                               EvaluationManager.py <_prstr>179 :  Average success = 64.20 +- 4.21
RESULTS:: 05:25:36: root                               EvaluationManager.py <_prstr>179 :  Average turns   = 6.77 +- 0.20
RESULTS:: 05:25:36: root                                   pydial.py <train_command>791 :  List of domains: Laptops11
RESULTS:: 05:25:36: root                                      pydial.py <trainBatch>409 :  *** Training Iteration env1-LAP-tau_nodrop_noinco_sort_sharelast_4020_250100_shpr_1616-seed9-00.9->env1-LAP-tau_nodrop_noinco_sort_sharelast_4020_250100_shpr_1616-seed9-00.10: iter=9, error-rate=0, num-dialogs=1000 ***
RESULTS:: 05:49:42: root                               EvaluationManager.py <_prstr>179 :  Results for domain: Laptops11 --evaluated by: objective success evaluator
RESULTS:: 05:49:42: root                               EvaluationManager.py <_prstr>179 :  # of dialogues  = 1000
RESULTS:: 05:49:42: root                               EvaluationManager.py <_prstr>179 :  Average reward  = 10.24 +- 0.41
RESULTS:: 05:49:42: root                               EvaluationManager.py <_prstr>179 :  Average success = 94.40 +- 1.43
RESULTS:: 05:49:42: root                               EvaluationManager.py <_prstr>179 :  Average turns   = 8.64 +- 0.24
RESULTS:: 05:49:42: root                                   pydial.py <setEvalConfig>470 :  *** Evaluating env1-LAP-tau_nodrop_noinco_sort_sharelast_4020_250100_shpr_1616-seed9-00.10: error-rate=0 num-dialogs=500 ***
RESULTS:: 05:59:19: root                               EvaluationManager.py <_prstr>179 :  Results for domain: Laptops11 --evaluated by: objective success evaluator
RESULTS:: 05:59:19: root                               EvaluationManager.py <_prstr>179 :  # of dialogues  = 500
RESULTS:: 05:59:19: root                               EvaluationManager.py <_prstr>179 :  Average reward  = 11.13 +- 0.58
RESULTS:: 05:59:19: root                               EvaluationManager.py <_prstr>179 :  Average success = 92.20 +- 2.36
RESULTS:: 05:59:19: root                               EvaluationManager.py <_prstr>179 :  Average turns   = 7.31 +- 0.25
RESULTS:: 05:59:19: root                                   pydial.py <train_command>807 :  *** Training complete. log: env1-LAP-tau_nodrop_noinco_sort_sharelast_4020_250100_shpr_1616-seed9-00.1-10.train.log - final policy is env1-LAP-tau_nodrop_noinco_sort_sharelast_4020_250100_shpr_1616-00-10
