RESULTS:: 00:11:58: root                                   pydial.py <train_command>791 :  List of domains: Laptops11
RESULTS:: 00:11:58: root                                      pydial.py <trainBatch>409 :  *** Training Iteration env1-LAP-tau_nodrop_noinco_sort_sharelast_4020_250100_shpr_1616-seed6-00.0->env1-LAP-tau_nodrop_noinco_sort_sharelast_4020_250100_shpr_1616-seed6-00.1: iter=0, error-rate=0, num-dialogs=1000 ***
RESULTS:: 00:39:22: root                               EvaluationManager.py <_prstr>179 :  Results for domain: Laptops11 --evaluated by: objective success evaluator
RESULTS:: 00:39:22: root                               EvaluationManager.py <_prstr>179 :  # of dialogues  = 1000
RESULTS:: 00:39:22: root                               EvaluationManager.py <_prstr>179 :  Average reward  = 7.27 +- 0.61
RESULTS:: 00:39:22: root                               EvaluationManager.py <_prstr>179 :  Average success = 84.80 +- 2.23
RESULTS:: 00:39:22: root                               EvaluationManager.py <_prstr>179 :  Average turns   = 9.69 +- 0.29
RESULTS:: 00:39:22: root                                   pydial.py <setEvalConfig>470 :  *** Evaluating env1-LAP-tau_nodrop_noinco_sort_sharelast_4020_250100_shpr_1616-seed6-00.1: error-rate=0 num-dialogs=500 ***
RESULTS:: 00:49:45: root                               EvaluationManager.py <_prstr>179 :  Results for domain: Laptops11 --evaluated by: objective success evaluator
RESULTS:: 00:49:45: root                               EvaluationManager.py <_prstr>179 :  # of dialogues  = 500
RESULTS:: 00:49:45: root                               EvaluationManager.py <_prstr>179 :  Average reward  = 10.69 +- 0.59
RESULTS:: 00:49:45: root                               EvaluationManager.py <_prstr>179 :  Average success = 92.00 +- 2.38
RESULTS:: 00:49:45: root                               EvaluationManager.py <_prstr>179 :  Average turns   = 7.71 +- 0.26
RESULTS:: 00:49:45: root                                   pydial.py <train_command>791 :  List of domains: Laptops11
RESULTS:: 00:49:45: root                                      pydial.py <trainBatch>409 :  *** Training Iteration env1-LAP-tau_nodrop_noinco_sort_sharelast_4020_250100_shpr_1616-seed6-00.1->env1-LAP-tau_nodrop_noinco_sort_sharelast_4020_250100_shpr_1616-seed6-00.2: iter=1, error-rate=0, num-dialogs=1000 ***
RESULTS:: 01:15:26: root                               EvaluationManager.py <_prstr>179 :  Results for domain: Laptops11 --evaluated by: objective success evaluator
RESULTS:: 01:15:26: root                               EvaluationManager.py <_prstr>179 :  # of dialogues  = 1000
RESULTS:: 01:15:26: root                               EvaluationManager.py <_prstr>179 :  Average reward  = 9.25 +- 0.45
RESULTS:: 01:15:26: root                               EvaluationManager.py <_prstr>179 :  Average success = 90.40 +- 1.83
RESULTS:: 01:15:26: root                               EvaluationManager.py <_prstr>179 :  Average turns   = 8.83 +- 0.23
RESULTS:: 01:15:26: root                                   pydial.py <setEvalConfig>470 :  *** Evaluating env1-LAP-tau_nodrop_noinco_sort_sharelast_4020_250100_shpr_1616-seed6-00.2: error-rate=0 num-dialogs=500 ***
RESULTS:: 01:25:53: root                               EvaluationManager.py <_prstr>179 :  Results for domain: Laptops11 --evaluated by: objective success evaluator
RESULTS:: 01:25:53: root                               EvaluationManager.py <_prstr>179 :  # of dialogues  = 500
RESULTS:: 01:25:53: root                               EvaluationManager.py <_prstr>179 :  Average reward  = 11.77 +- 0.45
RESULTS:: 01:25:53: root                               EvaluationManager.py <_prstr>179 :  Average success = 96.60 +- 1.59
RESULTS:: 01:25:53: root                               EvaluationManager.py <_prstr>179 :  Average turns   = 7.55 +- 0.27
RESULTS:: 01:25:53: root                                   pydial.py <train_command>791 :  List of domains: Laptops11
RESULTS:: 01:25:53: root                                      pydial.py <trainBatch>409 :  *** Training Iteration env1-LAP-tau_nodrop_noinco_sort_sharelast_4020_250100_shpr_1616-seed6-00.2->env1-LAP-tau_nodrop_noinco_sort_sharelast_4020_250100_shpr_1616-seed6-00.3: iter=2, error-rate=0, num-dialogs=1000 ***
RESULTS:: 01:51:57: root                               EvaluationManager.py <_prstr>179 :  Results for domain: Laptops11 --evaluated by: objective success evaluator
RESULTS:: 01:51:57: root                               EvaluationManager.py <_prstr>179 :  # of dialogues  = 1000
RESULTS:: 01:51:57: root                               EvaluationManager.py <_prstr>179 :  Average reward  = 9.44 +- 0.46
RESULTS:: 01:51:57: root                               EvaluationManager.py <_prstr>179 :  Average success = 92.00 +- 1.68
RESULTS:: 01:51:57: root                               EvaluationManager.py <_prstr>179 :  Average turns   = 8.96 +- 0.24
RESULTS:: 01:51:57: root                                   pydial.py <setEvalConfig>470 :  *** Evaluating env1-LAP-tau_nodrop_noinco_sort_sharelast_4020_250100_shpr_1616-seed6-00.3: error-rate=0 num-dialogs=500 ***
RESULTS:: 02:02:15: root                               EvaluationManager.py <_prstr>179 :  Results for domain: Laptops11 --evaluated by: objective success evaluator
RESULTS:: 02:02:15: root                               EvaluationManager.py <_prstr>179 :  # of dialogues  = 500
RESULTS:: 02:02:15: root                               EvaluationManager.py <_prstr>179 :  Average reward  = 9.40 +- 0.72
RESULTS:: 02:02:15: root                               EvaluationManager.py <_prstr>179 :  Average success = 84.80 +- 3.15
RESULTS:: 02:02:15: root                               EvaluationManager.py <_prstr>179 :  Average turns   = 7.56 +- 0.25
RESULTS:: 02:02:15: root                                   pydial.py <train_command>791 :  List of domains: Laptops11
RESULTS:: 02:02:15: root                                      pydial.py <trainBatch>409 :  *** Training Iteration env1-LAP-tau_nodrop_noinco_sort_sharelast_4020_250100_shpr_1616-seed6-00.3->env1-LAP-tau_nodrop_noinco_sort_sharelast_4020_250100_shpr_1616-seed6-00.4: iter=3, error-rate=0, num-dialogs=1000 ***
RESULTS:: 02:27:31: root                               EvaluationManager.py <_prstr>179 :  Results for domain: Laptops11 --evaluated by: objective success evaluator
RESULTS:: 02:27:31: root                               EvaluationManager.py <_prstr>179 :  # of dialogues  = 1000
RESULTS:: 02:27:31: root                               EvaluationManager.py <_prstr>179 :  Average reward  = 8.76 +- 0.50
RESULTS:: 02:27:31: root                               EvaluationManager.py <_prstr>179 :  Average success = 88.90 +- 1.95
RESULTS:: 02:27:31: root                               EvaluationManager.py <_prstr>179 :  Average turns   = 9.02 +- 0.24
RESULTS:: 02:27:31: root                                   pydial.py <setEvalConfig>470 :  *** Evaluating env1-LAP-tau_nodrop_noinco_sort_sharelast_4020_250100_shpr_1616-seed6-00.4: error-rate=0 num-dialogs=500 ***
RESULTS:: 02:37:36: root                               EvaluationManager.py <_prstr>179 :  Results for domain: Laptops11 --evaluated by: objective success evaluator
RESULTS:: 02:37:36: root                               EvaluationManager.py <_prstr>179 :  # of dialogues  = 500
RESULTS:: 02:37:36: root                               EvaluationManager.py <_prstr>179 :  Average reward  = 8.38 +- 0.81
RESULTS:: 02:37:36: root                               EvaluationManager.py <_prstr>179 :  Average success = 80.20 +- 3.50
RESULTS:: 02:37:36: root                               EvaluationManager.py <_prstr>179 :  Average turns   = 7.66 +- 0.26
RESULTS:: 02:37:36: root                                   pydial.py <train_command>791 :  List of domains: Laptops11
RESULTS:: 02:37:36: root                                      pydial.py <trainBatch>409 :  *** Training Iteration env1-LAP-tau_nodrop_noinco_sort_sharelast_4020_250100_shpr_1616-seed6-00.4->env1-LAP-tau_nodrop_noinco_sort_sharelast_4020_250100_shpr_1616-seed6-00.5: iter=4, error-rate=0, num-dialogs=1000 ***
RESULTS:: 03:02:20: root                               EvaluationManager.py <_prstr>179 :  Results for domain: Laptops11 --evaluated by: objective success evaluator
RESULTS:: 03:02:20: root                               EvaluationManager.py <_prstr>179 :  # of dialogues  = 1000
RESULTS:: 03:02:20: root                               EvaluationManager.py <_prstr>179 :  Average reward  = 8.72 +- 0.50
RESULTS:: 03:02:20: root                               EvaluationManager.py <_prstr>179 :  Average success = 88.10 +- 2.01
RESULTS:: 03:02:20: root                               EvaluationManager.py <_prstr>179 :  Average turns   = 8.90 +- 0.25
RESULTS:: 03:02:20: root                                   pydial.py <setEvalConfig>470 :  *** Evaluating env1-LAP-tau_nodrop_noinco_sort_sharelast_4020_250100_shpr_1616-seed6-00.5: error-rate=0 num-dialogs=500 ***
RESULTS:: 03:12:25: root                               EvaluationManager.py <_prstr>179 :  Results for domain: Laptops11 --evaluated by: objective success evaluator
RESULTS:: 03:12:25: root                               EvaluationManager.py <_prstr>179 :  # of dialogues  = 500
RESULTS:: 03:12:25: root                               EvaluationManager.py <_prstr>179 :  Average reward  = 8.55 +- 0.79
RESULTS:: 03:12:25: root                               EvaluationManager.py <_prstr>179 :  Average success = 81.40 +- 3.42
RESULTS:: 03:12:25: root                               EvaluationManager.py <_prstr>179 :  Average turns   = 7.73 +- 0.26
RESULTS:: 03:12:25: root                                   pydial.py <train_command>791 :  List of domains: Laptops11
RESULTS:: 03:12:25: root                                      pydial.py <trainBatch>409 :  *** Training Iteration env1-LAP-tau_nodrop_noinco_sort_sharelast_4020_250100_shpr_1616-seed6-00.5->env1-LAP-tau_nodrop_noinco_sort_sharelast_4020_250100_shpr_1616-seed6-00.6: iter=5, error-rate=0, num-dialogs=1000 ***
RESULTS:: 03:37:31: root                               EvaluationManager.py <_prstr>179 :  Results for domain: Laptops11 --evaluated by: objective success evaluator
RESULTS:: 03:37:31: root                               EvaluationManager.py <_prstr>179 :  # of dialogues  = 1000
RESULTS:: 03:37:31: root                               EvaluationManager.py <_prstr>179 :  Average reward  = 8.57 +- 0.53
RESULTS:: 03:37:31: root                               EvaluationManager.py <_prstr>179 :  Average success = 88.00 +- 2.02
RESULTS:: 03:37:31: root                               EvaluationManager.py <_prstr>179 :  Average turns   = 9.03 +- 0.27
RESULTS:: 03:37:31: root                                   pydial.py <setEvalConfig>470 :  *** Evaluating env1-LAP-tau_nodrop_noinco_sort_sharelast_4020_250100_shpr_1616-seed6-00.6: error-rate=0 num-dialogs=500 ***
RESULTS:: 03:47:12: root                               EvaluationManager.py <_prstr>179 :  Results for domain: Laptops11 --evaluated by: objective success evaluator
RESULTS:: 03:47:12: root                               EvaluationManager.py <_prstr>179 :  # of dialogues  = 500
RESULTS:: 03:47:12: root                               EvaluationManager.py <_prstr>179 :  Average reward  = 11.90 +- 0.49
RESULTS:: 03:47:12: root                               EvaluationManager.py <_prstr>179 :  Average success = 96.20 +- 1.68
RESULTS:: 03:47:12: root                               EvaluationManager.py <_prstr>179 :  Average turns   = 7.34 +- 0.28
RESULTS:: 03:47:12: root                                   pydial.py <train_command>791 :  List of domains: Laptops11
RESULTS:: 03:47:12: root                                      pydial.py <trainBatch>409 :  *** Training Iteration env1-LAP-tau_nodrop_noinco_sort_sharelast_4020_250100_shpr_1616-seed6-00.6->env1-LAP-tau_nodrop_noinco_sort_sharelast_4020_250100_shpr_1616-seed6-00.7: iter=6, error-rate=0, num-dialogs=1000 ***
RESULTS:: 04:11:45: root                               EvaluationManager.py <_prstr>179 :  Results for domain: Laptops11 --evaluated by: objective success evaluator
RESULTS:: 04:11:45: root                               EvaluationManager.py <_prstr>179 :  # of dialogues  = 1000
RESULTS:: 04:11:45: root                               EvaluationManager.py <_prstr>179 :  Average reward  = 9.71 +- 0.47
RESULTS:: 04:11:45: root                               EvaluationManager.py <_prstr>179 :  Average success = 92.80 +- 1.60
RESULTS:: 04:11:45: root                               EvaluationManager.py <_prstr>179 :  Average turns   = 8.85 +- 0.26
RESULTS:: 04:11:45: root                                   pydial.py <setEvalConfig>470 :  *** Evaluating env1-LAP-tau_nodrop_noinco_sort_sharelast_4020_250100_shpr_1616-seed6-00.7: error-rate=0 num-dialogs=500 ***
RESULTS:: 04:21:51: root                               EvaluationManager.py <_prstr>179 :  Results for domain: Laptops11 --evaluated by: objective success evaluator
RESULTS:: 04:21:51: root                               EvaluationManager.py <_prstr>179 :  # of dialogues  = 500
RESULTS:: 04:21:51: root                               EvaluationManager.py <_prstr>179 :  Average reward  = 10.22 +- 0.62
RESULTS:: 04:21:51: root                               EvaluationManager.py <_prstr>179 :  Average success = 88.80 +- 2.77
RESULTS:: 04:21:51: root                               EvaluationManager.py <_prstr>179 :  Average turns   = 7.54 +- 0.23
RESULTS:: 04:21:51: root                                   pydial.py <train_command>791 :  List of domains: Laptops11
RESULTS:: 04:21:51: root                                      pydial.py <trainBatch>409 :  *** Training Iteration env1-LAP-tau_nodrop_noinco_sort_sharelast_4020_250100_shpr_1616-seed6-00.7->env1-LAP-tau_nodrop_noinco_sort_sharelast_4020_250100_shpr_1616-seed6-00.8: iter=7, error-rate=0, num-dialogs=1000 ***
RESULTS:: 04:47:07: root                               EvaluationManager.py <_prstr>179 :  Results for domain: Laptops11 --evaluated by: objective success evaluator
RESULTS:: 04:47:07: root                               EvaluationManager.py <_prstr>179 :  # of dialogues  = 1000
RESULTS:: 04:47:07: root                               EvaluationManager.py <_prstr>179 :  Average reward  = 9.20 +- 0.46
RESULTS:: 04:47:07: root                               EvaluationManager.py <_prstr>179 :  Average success = 90.10 +- 1.85
RESULTS:: 04:47:07: root                               EvaluationManager.py <_prstr>179 :  Average turns   = 8.82 +- 0.24
RESULTS:: 04:47:07: root                                   pydial.py <setEvalConfig>470 :  *** Evaluating env1-LAP-tau_nodrop_noinco_sort_sharelast_4020_250100_shpr_1616-seed6-00.8: error-rate=0 num-dialogs=500 ***
RESULTS:: 04:56:19: root                               EvaluationManager.py <_prstr>179 :  Results for domain: Laptops11 --evaluated by: objective success evaluator
RESULTS:: 04:56:19: root                               EvaluationManager.py <_prstr>179 :  # of dialogues  = 500
RESULTS:: 04:56:19: root                               EvaluationManager.py <_prstr>179 :  Average reward  = 8.18 +- 0.80
RESULTS:: 04:56:19: root                               EvaluationManager.py <_prstr>179 :  Average success = 75.80 +- 3.76
RESULTS:: 04:56:19: root                               EvaluationManager.py <_prstr>179 :  Average turns   = 6.98 +- 0.22
RESULTS:: 04:56:19: root                                   pydial.py <train_command>791 :  List of domains: Laptops11
RESULTS:: 04:56:19: root                                      pydial.py <trainBatch>409 :  *** Training Iteration env1-LAP-tau_nodrop_noinco_sort_sharelast_4020_250100_shpr_1616-seed6-00.8->env1-LAP-tau_nodrop_noinco_sort_sharelast_4020_250100_shpr_1616-seed6-00.9: iter=8, error-rate=0, num-dialogs=1000 ***
RESULTS:: 05:20:58: root                               EvaluationManager.py <_prstr>179 :  Results for domain: Laptops11 --evaluated by: objective success evaluator
RESULTS:: 05:20:58: root                               EvaluationManager.py <_prstr>179 :  # of dialogues  = 1000
RESULTS:: 05:20:58: root                               EvaluationManager.py <_prstr>179 :  Average reward  = 9.72 +- 0.44
RESULTS:: 05:20:58: root                               EvaluationManager.py <_prstr>179 :  Average success = 92.70 +- 1.61
RESULTS:: 05:20:58: root                               EvaluationManager.py <_prstr>179 :  Average turns   = 8.82 +- 0.26
RESULTS:: 05:20:58: root                                   pydial.py <setEvalConfig>470 :  *** Evaluating env1-LAP-tau_nodrop_noinco_sort_sharelast_4020_250100_shpr_1616-seed6-00.9: error-rate=0 num-dialogs=500 ***
RESULTS:: 05:30:05: root                               EvaluationManager.py <_prstr>179 :  Results for domain: Laptops11 --evaluated by: objective success evaluator
RESULTS:: 05:30:05: root                               EvaluationManager.py <_prstr>179 :  # of dialogues  = 500
RESULTS:: 05:30:05: root                               EvaluationManager.py <_prstr>179 :  Average reward  = 6.91 +- 0.85
RESULTS:: 05:30:05: root                               EvaluationManager.py <_prstr>179 :  Average success = 67.60 +- 4.11
RESULTS:: 05:30:05: root                               EvaluationManager.py <_prstr>179 :  Average turns   = 6.61 +- 0.18
RESULTS:: 05:30:05: root                                   pydial.py <train_command>791 :  List of domains: Laptops11
RESULTS:: 05:30:05: root                                      pydial.py <trainBatch>409 :  *** Training Iteration env1-LAP-tau_nodrop_noinco_sort_sharelast_4020_250100_shpr_1616-seed6-00.9->env1-LAP-tau_nodrop_noinco_sort_sharelast_4020_250100_shpr_1616-seed6-00.10: iter=9, error-rate=0, num-dialogs=1000 ***
RESULTS:: 05:55:41: root                               EvaluationManager.py <_prstr>179 :  Results for domain: Laptops11 --evaluated by: objective success evaluator
RESULTS:: 05:55:41: root                               EvaluationManager.py <_prstr>179 :  # of dialogues  = 1000
RESULTS:: 05:55:41: root                               EvaluationManager.py <_prstr>179 :  Average reward  = 8.74 +- 0.52
RESULTS:: 05:55:41: root                               EvaluationManager.py <_prstr>179 :  Average success = 90.00 +- 1.86
RESULTS:: 05:55:41: root                               EvaluationManager.py <_prstr>179 :  Average turns   = 9.26 +- 0.28
RESULTS:: 05:55:41: root                                   pydial.py <setEvalConfig>470 :  *** Evaluating env1-LAP-tau_nodrop_noinco_sort_sharelast_4020_250100_shpr_1616-seed6-00.10: error-rate=0 num-dialogs=500 ***
RESULTS:: 06:05:19: root                               EvaluationManager.py <_prstr>179 :  Results for domain: Laptops11 --evaluated by: objective success evaluator
RESULTS:: 06:05:19: root                               EvaluationManager.py <_prstr>179 :  # of dialogues  = 500
RESULTS:: 06:05:19: root                               EvaluationManager.py <_prstr>179 :  Average reward  = 8.96 +- 0.77
RESULTS:: 06:05:19: root                               EvaluationManager.py <_prstr>179 :  Average success = 81.20 +- 3.43
RESULTS:: 06:05:19: root                               EvaluationManager.py <_prstr>179 :  Average turns   = 7.28 +- 0.25
RESULTS:: 06:05:19: root                                   pydial.py <train_command>807 :  *** Training complete. log: env1-LAP-tau_nodrop_noinco_sort_sharelast_4020_250100_shpr_1616-seed6-00.1-10.train.log - final policy is env1-LAP-tau_nodrop_noinco_sort_sharelast_4020_250100_shpr_1616-00-10
