RESULTS:: 22:24:02: root                                   pydial.py <train_command>791 :  List of domains: Laptops11
RESULTS:: 22:24:02: root                                      pydial.py <trainBatch>409 :  *** Training Iteration env1-LAP-tau_nodrop_4020_0101_250100_0101-seed9-00.0->env1-LAP-tau_nodrop_4020_0101_250100_0101-seed9-00.1: iter=0, error-rate=0, num-dialogs=1000 ***
RESULTS:: 22:44:58: root                               EvaluationManager.py <_prstr>179 :  Results for domain: Laptops11 --evaluated by: objective success evaluator
RESULTS:: 22:44:58: root                               EvaluationManager.py <_prstr>179 :  # of dialogues  = 1000
RESULTS:: 22:44:58: root                               EvaluationManager.py <_prstr>179 :  Average reward  = 5.87 +- 0.67
RESULTS:: 22:44:58: root                               EvaluationManager.py <_prstr>179 :  Average success = 76.80 +- 2.62
RESULTS:: 22:44:58: root                               EvaluationManager.py <_prstr>179 :  Average turns   = 9.49 +- 0.30
RESULTS:: 22:44:58: root                                   pydial.py <setEvalConfig>470 :  *** Evaluating env1-LAP-tau_nodrop_4020_0101_250100_0101-seed9-00.1: error-rate=0 num-dialogs=500 ***
RESULTS:: 22:52:10: root                               EvaluationManager.py <_prstr>179 :  Results for domain: Laptops11 --evaluated by: objective success evaluator
RESULTS:: 22:52:10: root                               EvaluationManager.py <_prstr>179 :  # of dialogues  = 500
RESULTS:: 22:52:10: root                               EvaluationManager.py <_prstr>179 :  Average reward  = 7.25 +- 0.84
RESULTS:: 22:52:10: root                               EvaluationManager.py <_prstr>179 :  Average success = 70.20 +- 4.02
RESULTS:: 22:52:10: root                               EvaluationManager.py <_prstr>179 :  Average turns   = 6.79 +- 0.20
RESULTS:: 22:52:10: root                                   pydial.py <train_command>791 :  List of domains: Laptops11
RESULTS:: 22:52:10: root                                      pydial.py <trainBatch>409 :  *** Training Iteration env1-LAP-tau_nodrop_4020_0101_250100_0101-seed9-00.1->env1-LAP-tau_nodrop_4020_0101_250100_0101-seed9-00.2: iter=1, error-rate=0, num-dialogs=1000 ***
RESULTS:: 23:12:46: root                               EvaluationManager.py <_prstr>179 :  Results for domain: Laptops11 --evaluated by: objective success evaluator
RESULTS:: 23:12:48: root                               EvaluationManager.py <_prstr>179 :  # of dialogues  = 1000
RESULTS:: 23:12:48: root                               EvaluationManager.py <_prstr>179 :  Average reward  = 9.63 +- 0.48
RESULTS:: 23:12:48: root                               EvaluationManager.py <_prstr>179 :  Average success = 91.50 +- 1.73
RESULTS:: 23:12:48: root                               EvaluationManager.py <_prstr>179 :  Average turns   = 8.67 +- 0.26
RESULTS:: 23:12:48: root                                   pydial.py <setEvalConfig>470 :  *** Evaluating env1-LAP-tau_nodrop_4020_0101_250100_0101-seed9-00.2: error-rate=0 num-dialogs=500 ***
RESULTS:: 23:21:34: root                               EvaluationManager.py <_prstr>179 :  Results for domain: Laptops11 --evaluated by: objective success evaluator
RESULTS:: 23:21:34: root                               EvaluationManager.py <_prstr>179 :  # of dialogues  = 500
RESULTS:: 23:21:34: root                               EvaluationManager.py <_prstr>179 :  Average reward  = 11.02 +- 0.59
RESULTS:: 23:21:34: root                               EvaluationManager.py <_prstr>179 :  Average success = 93.60 +- 2.15
RESULTS:: 23:21:34: root                               EvaluationManager.py <_prstr>179 :  Average turns   = 7.70 +- 0.30
RESULTS:: 23:21:34: root                                   pydial.py <train_command>791 :  List of domains: Laptops11
RESULTS:: 23:21:34: root                                      pydial.py <trainBatch>409 :  *** Training Iteration env1-LAP-tau_nodrop_4020_0101_250100_0101-seed9-00.2->env1-LAP-tau_nodrop_4020_0101_250100_0101-seed9-00.3: iter=2, error-rate=0, num-dialogs=1000 ***
RESULTS:: 23:41:34: root                               EvaluationManager.py <_prstr>179 :  Results for domain: Laptops11 --evaluated by: objective success evaluator
RESULTS:: 23:41:35: root                               EvaluationManager.py <_prstr>179 :  # of dialogues  = 1000
RESULTS:: 23:41:35: root                               EvaluationManager.py <_prstr>179 :  Average reward  = 8.52 +- 0.52
RESULTS:: 23:41:35: root                               EvaluationManager.py <_prstr>179 :  Average success = 84.40 +- 2.25
RESULTS:: 23:41:35: root                               EvaluationManager.py <_prstr>179 :  Average turns   = 8.36 +- 0.22
RESULTS:: 23:41:35: root                                   pydial.py <setEvalConfig>470 :  *** Evaluating env1-LAP-tau_nodrop_4020_0101_250100_0101-seed9-00.3: error-rate=0 num-dialogs=500 ***
RESULTS:: 23:49:05: root                               EvaluationManager.py <_prstr>179 :  Results for domain: Laptops11 --evaluated by: objective success evaluator
RESULTS:: 23:49:07: root                               EvaluationManager.py <_prstr>179 :  # of dialogues  = 500
RESULTS:: 23:49:07: root                               EvaluationManager.py <_prstr>179 :  Average reward  = 2.85 +- 0.90
RESULTS:: 23:49:07: root                               EvaluationManager.py <_prstr>179 :  Average success = 47.00 +- 4.39
RESULTS:: 23:49:07: root                               EvaluationManager.py <_prstr>179 :  Average turns   = 6.55 +- 0.14
RESULTS:: 23:49:07: root                                   pydial.py <train_command>791 :  List of domains: Laptops11
RESULTS:: 23:49:07: root                                      pydial.py <trainBatch>409 :  *** Training Iteration env1-LAP-tau_nodrop_4020_0101_250100_0101-seed9-00.3->env1-LAP-tau_nodrop_4020_0101_250100_0101-seed9-00.4: iter=3, error-rate=0, num-dialogs=1000 ***
RESULTS:: 00:09:47: root                               EvaluationManager.py <_prstr>179 :  Results for domain: Laptops11 --evaluated by: objective success evaluator
RESULTS:: 00:09:48: root                               EvaluationManager.py <_prstr>179 :  # of dialogues  = 1000
RESULTS:: 00:09:48: root                               EvaluationManager.py <_prstr>179 :  Average reward  = 8.09 +- 0.53
RESULTS:: 00:09:48: root                               EvaluationManager.py <_prstr>179 :  Average success = 83.20 +- 2.32
RESULTS:: 00:09:48: root                               EvaluationManager.py <_prstr>179 :  Average turns   = 8.55 +- 0.22
RESULTS:: 00:09:48: root                                   pydial.py <setEvalConfig>470 :  *** Evaluating env1-LAP-tau_nodrop_4020_0101_250100_0101-seed9-00.4: error-rate=0 num-dialogs=500 ***
RESULTS:: 00:17:33: root                               EvaluationManager.py <_prstr>179 :  Results for domain: Laptops11 --evaluated by: objective success evaluator
RESULTS:: 00:17:34: root                               EvaluationManager.py <_prstr>179 :  # of dialogues  = 500
RESULTS:: 00:17:34: root                               EvaluationManager.py <_prstr>179 :  Average reward  = 5.27 +- 0.88
RESULTS:: 00:17:34: root                               EvaluationManager.py <_prstr>179 :  Average success = 60.20 +- 4.30
RESULTS:: 00:17:34: root                               EvaluationManager.py <_prstr>179 :  Average turns   = 6.77 +- 0.16
RESULTS:: 00:17:34: root                                   pydial.py <train_command>791 :  List of domains: Laptops11
RESULTS:: 00:17:34: root                                      pydial.py <trainBatch>409 :  *** Training Iteration env1-LAP-tau_nodrop_4020_0101_250100_0101-seed9-00.4->env1-LAP-tau_nodrop_4020_0101_250100_0101-seed9-00.5: iter=4, error-rate=0, num-dialogs=1000 ***
RESULTS:: 00:38:21: root                               EvaluationManager.py <_prstr>179 :  Results for domain: Laptops11 --evaluated by: objective success evaluator
RESULTS:: 00:38:24: root                               EvaluationManager.py <_prstr>179 :  # of dialogues  = 1000
RESULTS:: 00:38:24: root                               EvaluationManager.py <_prstr>179 :  Average reward  = 8.03 +- 0.53
RESULTS:: 00:38:24: root                               EvaluationManager.py <_prstr>179 :  Average success = 83.00 +- 2.33
RESULTS:: 00:38:24: root                               EvaluationManager.py <_prstr>179 :  Average turns   = 8.57 +- 0.22
RESULTS:: 00:38:24: root                                   pydial.py <setEvalConfig>470 :  *** Evaluating env1-LAP-tau_nodrop_4020_0101_250100_0101-seed9-00.5: error-rate=0 num-dialogs=500 ***
RESULTS:: 00:46:40: root                               EvaluationManager.py <_prstr>179 :  Results for domain: Laptops11 --evaluated by: objective success evaluator
RESULTS:: 00:46:40: root                               EvaluationManager.py <_prstr>179 :  # of dialogues  = 500
RESULTS:: 00:46:40: root                               EvaluationManager.py <_prstr>179 :  Average reward  = 8.07 +- 0.81
RESULTS:: 00:46:40: root                               EvaluationManager.py <_prstr>179 :  Average success = 76.00 +- 3.75
RESULTS:: 00:46:40: root                               EvaluationManager.py <_prstr>179 :  Average turns   = 7.13 +- 0.21
RESULTS:: 00:46:40: root                                   pydial.py <train_command>791 :  List of domains: Laptops11
RESULTS:: 00:46:40: root                                      pydial.py <trainBatch>409 :  *** Training Iteration env1-LAP-tau_nodrop_4020_0101_250100_0101-seed9-00.5->env1-LAP-tau_nodrop_4020_0101_250100_0101-seed9-00.6: iter=5, error-rate=0, num-dialogs=1000 ***
RESULTS:: 01:08:31: root                               EvaluationManager.py <_prstr>179 :  Results for domain: Laptops11 --evaluated by: objective success evaluator
RESULTS:: 01:08:34: root                               EvaluationManager.py <_prstr>179 :  # of dialogues  = 1000
RESULTS:: 01:08:34: root                               EvaluationManager.py <_prstr>179 :  Average reward  = 8.54 +- 0.52
RESULTS:: 01:08:34: root                               EvaluationManager.py <_prstr>179 :  Average success = 86.10 +- 2.15
RESULTS:: 01:08:34: root                               EvaluationManager.py <_prstr>179 :  Average turns   = 8.68 +- 0.23
RESULTS:: 01:08:34: root                                   pydial.py <setEvalConfig>470 :  *** Evaluating env1-LAP-tau_nodrop_4020_0101_250100_0101-seed9-00.6: error-rate=0 num-dialogs=500 ***
RESULTS:: 01:16:37: root                               EvaluationManager.py <_prstr>179 :  Results for domain: Laptops11 --evaluated by: objective success evaluator
RESULTS:: 01:16:42: root                               EvaluationManager.py <_prstr>179 :  # of dialogues  = 500
RESULTS:: 01:16:42: root                               EvaluationManager.py <_prstr>179 :  Average reward  = 6.11 +- 0.88
RESULTS:: 01:16:42: root                               EvaluationManager.py <_prstr>179 :  Average success = 65.00 +- 4.19
RESULTS:: 01:16:42: root                               EvaluationManager.py <_prstr>179 :  Average turns   = 6.89 +- 0.19
RESULTS:: 01:16:42: root                                   pydial.py <train_command>791 :  List of domains: Laptops11
RESULTS:: 01:16:42: root                                      pydial.py <trainBatch>409 :  *** Training Iteration env1-LAP-tau_nodrop_4020_0101_250100_0101-seed9-00.6->env1-LAP-tau_nodrop_4020_0101_250100_0101-seed9-00.7: iter=6, error-rate=0, num-dialogs=1000 ***
RESULTS:: 01:40:36: root                               EvaluationManager.py <_prstr>179 :  Results for domain: Laptops11 --evaluated by: objective success evaluator
RESULTS:: 01:40:36: root                               EvaluationManager.py <_prstr>179 :  # of dialogues  = 1000
RESULTS:: 01:40:36: root                               EvaluationManager.py <_prstr>179 :  Average reward  = 8.38 +- 0.54
RESULTS:: 01:40:36: root                               EvaluationManager.py <_prstr>179 :  Average success = 85.50 +- 2.18
RESULTS:: 01:40:36: root                               EvaluationManager.py <_prstr>179 :  Average turns   = 8.72 +- 0.26
RESULTS:: 01:40:36: root                                   pydial.py <setEvalConfig>470 :  *** Evaluating env1-LAP-tau_nodrop_4020_0101_250100_0101-seed9-00.7: error-rate=0 num-dialogs=500 ***
RESULTS:: 01:48:10: root                               EvaluationManager.py <_prstr>179 :  Results for domain: Laptops11 --evaluated by: objective success evaluator
RESULTS:: 01:48:11: root                               EvaluationManager.py <_prstr>179 :  # of dialogues  = 500
RESULTS:: 01:48:11: root                               EvaluationManager.py <_prstr>179 :  Average reward  = 4.84 +- 0.90
RESULTS:: 01:48:11: root                               EvaluationManager.py <_prstr>179 :  Average success = 57.00 +- 4.35
RESULTS:: 01:48:11: root                               EvaluationManager.py <_prstr>179 :  Average turns   = 6.56 +- 0.14
RESULTS:: 01:48:11: root                                   pydial.py <train_command>791 :  List of domains: Laptops11
RESULTS:: 01:48:11: root                                      pydial.py <trainBatch>409 :  *** Training Iteration env1-LAP-tau_nodrop_4020_0101_250100_0101-seed9-00.7->env1-LAP-tau_nodrop_4020_0101_250100_0101-seed9-00.8: iter=7, error-rate=0, num-dialogs=1000 ***
RESULTS:: 02:12:55: root                               EvaluationManager.py <_prstr>179 :  Results for domain: Laptops11 --evaluated by: objective success evaluator
RESULTS:: 02:12:55: root                               EvaluationManager.py <_prstr>179 :  # of dialogues  = 1000
RESULTS:: 02:12:55: root                               EvaluationManager.py <_prstr>179 :  Average reward  = 8.64 +- 0.52
RESULTS:: 02:12:55: root                               EvaluationManager.py <_prstr>179 :  Average success = 86.60 +- 2.11
RESULTS:: 02:12:55: root                               EvaluationManager.py <_prstr>179 :  Average turns   = 8.68 +- 0.24
RESULTS:: 02:12:55: root                                   pydial.py <setEvalConfig>470 :  *** Evaluating env1-LAP-tau_nodrop_4020_0101_250100_0101-seed9-00.8: error-rate=0 num-dialogs=500 ***
RESULTS:: 02:20:24: root                               EvaluationManager.py <_prstr>179 :  Results for domain: Laptops11 --evaluated by: objective success evaluator
RESULTS:: 02:20:24: root                               EvaluationManager.py <_prstr>179 :  # of dialogues  = 500
RESULTS:: 02:20:24: root                               EvaluationManager.py <_prstr>179 :  Average reward  = 4.75 +- 0.91
RESULTS:: 02:20:24: root                               EvaluationManager.py <_prstr>179 :  Average success = 56.00 +- 4.36
RESULTS:: 02:20:24: root                               EvaluationManager.py <_prstr>179 :  Average turns   = 6.45 +- 0.16
RESULTS:: 02:20:24: root                                   pydial.py <train_command>791 :  List of domains: Laptops11
RESULTS:: 02:20:24: root                                      pydial.py <trainBatch>409 :  *** Training Iteration env1-LAP-tau_nodrop_4020_0101_250100_0101-seed9-00.8->env1-LAP-tau_nodrop_4020_0101_250100_0101-seed9-00.9: iter=8, error-rate=0, num-dialogs=1000 ***
RESULTS:: 02:42:43: root                               EvaluationManager.py <_prstr>179 :  Results for domain: Laptops11 --evaluated by: objective success evaluator
RESULTS:: 02:42:45: root                               EvaluationManager.py <_prstr>179 :  # of dialogues  = 1000
RESULTS:: 02:42:45: root                               EvaluationManager.py <_prstr>179 :  Average reward  = 8.19 +- 0.55
RESULTS:: 02:42:45: root                               EvaluationManager.py <_prstr>179 :  Average success = 84.10 +- 2.27
RESULTS:: 02:42:45: root                               EvaluationManager.py <_prstr>179 :  Average turns   = 8.63 +- 0.24
RESULTS:: 02:42:45: root                                   pydial.py <setEvalConfig>470 :  *** Evaluating env1-LAP-tau_nodrop_4020_0101_250100_0101-seed9-00.9: error-rate=0 num-dialogs=500 ***
RESULTS:: 02:51:40: root                               EvaluationManager.py <_prstr>179 :  Results for domain: Laptops11 --evaluated by: objective success evaluator
RESULTS:: 02:51:40: root                               EvaluationManager.py <_prstr>179 :  # of dialogues  = 500
RESULTS:: 02:51:40: root                               EvaluationManager.py <_prstr>179 :  Average reward  = 2.30 +- 0.92
RESULTS:: 02:51:40: root                               EvaluationManager.py <_prstr>179 :  Average success = 45.00 +- 4.37
RESULTS:: 02:51:40: root                               EvaluationManager.py <_prstr>179 :  Average turns   = 6.70 +- 0.17
RESULTS:: 02:51:40: root                                   pydial.py <train_command>791 :  List of domains: Laptops11
RESULTS:: 02:51:40: root                                      pydial.py <trainBatch>409 :  *** Training Iteration env1-LAP-tau_nodrop_4020_0101_250100_0101-seed9-00.9->env1-LAP-tau_nodrop_4020_0101_250100_0101-seed9-00.10: iter=9, error-rate=0, num-dialogs=1000 ***
RESULTS:: 03:15:42: root                               EvaluationManager.py <_prstr>179 :  Results for domain: Laptops11 --evaluated by: objective success evaluator
RESULTS:: 03:15:42: root                               EvaluationManager.py <_prstr>179 :  # of dialogues  = 1000
RESULTS:: 03:15:42: root                               EvaluationManager.py <_prstr>179 :  Average reward  = 8.31 +- 0.55
RESULTS:: 03:15:42: root                               EvaluationManager.py <_prstr>179 :  Average success = 86.10 +- 2.15
RESULTS:: 03:15:42: root                               EvaluationManager.py <_prstr>179 :  Average turns   = 8.91 +- 0.26
RESULTS:: 03:15:42: root                                   pydial.py <setEvalConfig>470 :  *** Evaluating env1-LAP-tau_nodrop_4020_0101_250100_0101-seed9-00.10: error-rate=0 num-dialogs=500 ***
RESULTS:: 03:25:35: root                               EvaluationManager.py <_prstr>179 :  Results for domain: Laptops11 --evaluated by: objective success evaluator
RESULTS:: 03:25:35: root                               EvaluationManager.py <_prstr>179 :  # of dialogues  = 500
RESULTS:: 03:25:35: root                               EvaluationManager.py <_prstr>179 :  Average reward  = 9.95 +- 0.71
RESULTS:: 03:25:35: root                               EvaluationManager.py <_prstr>179 :  Average success = 85.80 +- 3.07
RESULTS:: 03:25:35: root                               EvaluationManager.py <_prstr>179 :  Average turns   = 7.21 +- 0.24
RESULTS:: 03:25:35: root                                   pydial.py <train_command>807 :  *** Training complete. log: env1-LAP-tau_nodrop_4020_0101_250100_0101-seed9-00.1-10.train.log - final policy is env1-LAP-tau_nodrop_4020_0101_250100_0101-00-10
