RESULTS:: 17:19:36: root                                   pydial.py <train_command>791 :  List of domains: Laptops11
RESULTS:: 17:19:36: root                                      pydial.py <trainBatch>409 :  *** Training Iteration env1-LAP-tau_nodrop_4020_0101_250100_0101-seed8-00.0->env1-LAP-tau_nodrop_4020_0101_250100_0101-seed8-00.1: iter=0, error-rate=0, num-dialogs=1000 ***
RESULTS:: 17:40:31: root                               EvaluationManager.py <_prstr>179 :  Results for domain: Laptops11 --evaluated by: objective success evaluator
RESULTS:: 17:40:32: root                               EvaluationManager.py <_prstr>179 :  # of dialogues  = 1000
RESULTS:: 17:40:32: root                               EvaluationManager.py <_prstr>179 :  Average reward  = 6.57 +- 0.65
RESULTS:: 17:40:32: root                               EvaluationManager.py <_prstr>179 :  Average success = 79.10 +- 2.52
RESULTS:: 17:40:32: root                               EvaluationManager.py <_prstr>179 :  Average turns   = 9.25 +- 0.29
RESULTS:: 17:40:32: root                                   pydial.py <setEvalConfig>470 :  *** Evaluating env1-LAP-tau_nodrop_4020_0101_250100_0101-seed8-00.1: error-rate=0 num-dialogs=500 ***
RESULTS:: 17:49:00: root                               EvaluationManager.py <_prstr>179 :  Results for domain: Laptops11 --evaluated by: objective success evaluator
RESULTS:: 17:49:00: root                               EvaluationManager.py <_prstr>179 :  # of dialogues  = 500
RESULTS:: 17:49:00: root                               EvaluationManager.py <_prstr>179 :  Average reward  = 6.53 +- 0.87
RESULTS:: 17:49:00: root                               EvaluationManager.py <_prstr>179 :  Average success = 68.80 +- 4.07
RESULTS:: 17:49:00: root                               EvaluationManager.py <_prstr>179 :  Average turns   = 7.23 +- 0.20
RESULTS:: 17:49:00: root                                   pydial.py <train_command>791 :  List of domains: Laptops11
RESULTS:: 17:49:00: root                                      pydial.py <trainBatch>409 :  *** Training Iteration env1-LAP-tau_nodrop_4020_0101_250100_0101-seed8-00.1->env1-LAP-tau_nodrop_4020_0101_250100_0101-seed8-00.2: iter=1, error-rate=0, num-dialogs=1000 ***
RESULTS:: 18:10:18: root                               EvaluationManager.py <_prstr>179 :  Results for domain: Laptops11 --evaluated by: objective success evaluator
RESULTS:: 18:10:24: root                               EvaluationManager.py <_prstr>179 :  # of dialogues  = 1000
RESULTS:: 18:10:24: root                               EvaluationManager.py <_prstr>179 :  Average reward  = 9.64 +- 0.47
RESULTS:: 18:10:24: root                               EvaluationManager.py <_prstr>179 :  Average success = 92.10 +- 1.67
RESULTS:: 18:10:24: root                               EvaluationManager.py <_prstr>179 :  Average turns   = 8.78 +- 0.25
RESULTS:: 18:10:24: root                                   pydial.py <setEvalConfig>470 :  *** Evaluating env1-LAP-tau_nodrop_4020_0101_250100_0101-seed8-00.2: error-rate=0 num-dialogs=500 ***
RESULTS:: 18:19:14: root                               EvaluationManager.py <_prstr>179 :  Results for domain: Laptops11 --evaluated by: objective success evaluator
RESULTS:: 18:19:14: root                               EvaluationManager.py <_prstr>179 :  # of dialogues  = 500
RESULTS:: 18:19:14: root                               EvaluationManager.py <_prstr>179 :  Average reward  = 10.89 +- 0.62
RESULTS:: 18:19:14: root                               EvaluationManager.py <_prstr>179 :  Average success = 90.20 +- 2.61
RESULTS:: 18:19:14: root                               EvaluationManager.py <_prstr>179 :  Average turns   = 7.15 +- 0.23
RESULTS:: 18:19:14: root                                   pydial.py <train_command>791 :  List of domains: Laptops11
RESULTS:: 18:19:14: root                                      pydial.py <trainBatch>409 :  *** Training Iteration env1-LAP-tau_nodrop_4020_0101_250100_0101-seed8-00.2->env1-LAP-tau_nodrop_4020_0101_250100_0101-seed8-00.3: iter=2, error-rate=0, num-dialogs=1000 ***
RESULTS:: 18:41:07: root                               EvaluationManager.py <_prstr>179 :  Results for domain: Laptops11 --evaluated by: objective success evaluator
RESULTS:: 18:41:07: root                               EvaluationManager.py <_prstr>179 :  # of dialogues  = 1000
RESULTS:: 18:41:07: root                               EvaluationManager.py <_prstr>179 :  Average reward  = 9.70 +- 0.47
RESULTS:: 18:41:07: root                               EvaluationManager.py <_prstr>179 :  Average success = 91.70 +- 1.71
RESULTS:: 18:41:07: root                               EvaluationManager.py <_prstr>179 :  Average turns   = 8.64 +- 0.25
RESULTS:: 18:41:07: root                                   pydial.py <setEvalConfig>470 :  *** Evaluating env1-LAP-tau_nodrop_4020_0101_250100_0101-seed8-00.3: error-rate=0 num-dialogs=500 ***
RESULTS:: 18:49:53: root                               EvaluationManager.py <_prstr>179 :  Results for domain: Laptops11 --evaluated by: objective success evaluator
RESULTS:: 18:49:53: root                               EvaluationManager.py <_prstr>179 :  # of dialogues  = 500
RESULTS:: 18:49:53: root                               EvaluationManager.py <_prstr>179 :  Average reward  = 9.09 +- 0.78
RESULTS:: 18:49:53: root                               EvaluationManager.py <_prstr>179 :  Average success = 81.00 +- 3.45
RESULTS:: 18:49:53: root                               EvaluationManager.py <_prstr>179 :  Average turns   = 7.11 +- 0.23
RESULTS:: 18:49:53: root                                   pydial.py <train_command>791 :  List of domains: Laptops11
RESULTS:: 18:49:53: root                                      pydial.py <trainBatch>409 :  *** Training Iteration env1-LAP-tau_nodrop_4020_0101_250100_0101-seed8-00.3->env1-LAP-tau_nodrop_4020_0101_250100_0101-seed8-00.4: iter=3, error-rate=0, num-dialogs=1000 ***
RESULTS:: 19:13:49: root                               EvaluationManager.py <_prstr>179 :  Results for domain: Laptops11 --evaluated by: objective success evaluator
RESULTS:: 19:13:50: root                               EvaluationManager.py <_prstr>179 :  # of dialogues  = 1000
RESULTS:: 19:13:50: root                               EvaluationManager.py <_prstr>179 :  Average reward  = 9.70 +- 0.49
RESULTS:: 19:13:50: root                               EvaluationManager.py <_prstr>179 :  Average success = 92.70 +- 1.61
RESULTS:: 19:13:50: root                               EvaluationManager.py <_prstr>179 :  Average turns   = 8.84 +- 0.27
RESULTS:: 19:13:50: root                                   pydial.py <setEvalConfig>470 :  *** Evaluating env1-LAP-tau_nodrop_4020_0101_250100_0101-seed8-00.4: error-rate=0 num-dialogs=500 ***
RESULTS:: 19:23:48: root                               EvaluationManager.py <_prstr>179 :  Results for domain: Laptops11 --evaluated by: objective success evaluator
RESULTS:: 19:23:48: root                               EvaluationManager.py <_prstr>179 :  # of dialogues  = 500
RESULTS:: 19:23:48: root                               EvaluationManager.py <_prstr>179 :  Average reward  = 10.79 +- 0.59
RESULTS:: 19:23:48: root                               EvaluationManager.py <_prstr>179 :  Average success = 92.80 +- 2.27
RESULTS:: 19:23:48: root                               EvaluationManager.py <_prstr>179 :  Average turns   = 7.77 +- 0.26
RESULTS:: 19:23:48: root                                   pydial.py <train_command>791 :  List of domains: Laptops11
RESULTS:: 19:23:48: root                                      pydial.py <trainBatch>409 :  *** Training Iteration env1-LAP-tau_nodrop_4020_0101_250100_0101-seed8-00.4->env1-LAP-tau_nodrop_4020_0101_250100_0101-seed8-00.5: iter=4, error-rate=0, num-dialogs=1000 ***
RESULTS:: 19:45:05: root                               EvaluationManager.py <_prstr>179 :  Results for domain: Laptops11 --evaluated by: objective success evaluator
RESULTS:: 19:45:05: root                               EvaluationManager.py <_prstr>179 :  # of dialogues  = 1000
RESULTS:: 19:45:05: root                               EvaluationManager.py <_prstr>179 :  Average reward  = 9.15 +- 0.50
RESULTS:: 19:45:05: root                               EvaluationManager.py <_prstr>179 :  Average success = 90.60 +- 1.81
RESULTS:: 19:45:05: root                               EvaluationManager.py <_prstr>179 :  Average turns   = 8.97 +- 0.25
RESULTS:: 19:45:05: root                                   pydial.py <setEvalConfig>470 :  *** Evaluating env1-LAP-tau_nodrop_4020_0101_250100_0101-seed8-00.5: error-rate=0 num-dialogs=500 ***
RESULTS:: 19:52:25: root                               EvaluationManager.py <_prstr>179 :  Results for domain: Laptops11 --evaluated by: objective success evaluator
RESULTS:: 19:52:25: root                               EvaluationManager.py <_prstr>179 :  # of dialogues  = 500
RESULTS:: 19:52:25: root                               EvaluationManager.py <_prstr>179 :  Average reward  = 4.02 +- 0.91
RESULTS:: 19:52:25: root                               EvaluationManager.py <_prstr>179 :  Average success = 52.80 +- 4.39
RESULTS:: 19:52:25: root                               EvaluationManager.py <_prstr>179 :  Average turns   = 6.54 +- 0.15
RESULTS:: 19:52:25: root                                   pydial.py <train_command>791 :  List of domains: Laptops11
RESULTS:: 19:52:25: root                                      pydial.py <trainBatch>409 :  *** Training Iteration env1-LAP-tau_nodrop_4020_0101_250100_0101-seed8-00.5->env1-LAP-tau_nodrop_4020_0101_250100_0101-seed8-00.6: iter=5, error-rate=0, num-dialogs=1000 ***
RESULTS:: 20:12:53: root                               EvaluationManager.py <_prstr>179 :  Results for domain: Laptops11 --evaluated by: objective success evaluator
RESULTS:: 20:12:53: root                               EvaluationManager.py <_prstr>179 :  # of dialogues  = 1000
RESULTS:: 20:12:53: root                               EvaluationManager.py <_prstr>179 :  Average reward  = 8.87 +- 0.49
RESULTS:: 20:12:53: root                               EvaluationManager.py <_prstr>179 :  Average success = 88.00 +- 2.02
RESULTS:: 20:12:53: root                               EvaluationManager.py <_prstr>179 :  Average turns   = 8.73 +- 0.24
RESULTS:: 20:12:53: root                                   pydial.py <setEvalConfig>470 :  *** Evaluating env1-LAP-tau_nodrop_4020_0101_250100_0101-seed8-00.6: error-rate=0 num-dialogs=500 ***
RESULTS:: 20:23:03: root                               EvaluationManager.py <_prstr>179 :  Results for domain: Laptops11 --evaluated by: objective success evaluator
RESULTS:: 20:23:03: root                               EvaluationManager.py <_prstr>179 :  # of dialogues  = 500
RESULTS:: 20:23:03: root                               EvaluationManager.py <_prstr>179 :  Average reward  = 9.78 +- 0.71
RESULTS:: 20:23:03: root                               EvaluationManager.py <_prstr>179 :  Average success = 86.80 +- 2.97
RESULTS:: 20:23:03: root                               EvaluationManager.py <_prstr>179 :  Average turns   = 7.58 +- 0.27
RESULTS:: 20:23:03: root                                   pydial.py <train_command>791 :  List of domains: Laptops11
RESULTS:: 20:23:03: root                                      pydial.py <trainBatch>409 :  *** Training Iteration env1-LAP-tau_nodrop_4020_0101_250100_0101-seed8-00.6->env1-LAP-tau_nodrop_4020_0101_250100_0101-seed8-00.7: iter=6, error-rate=0, num-dialogs=1000 ***
RESULTS:: 20:44:11: root                               EvaluationManager.py <_prstr>179 :  Results for domain: Laptops11 --evaluated by: objective success evaluator
RESULTS:: 20:44:11: root                               EvaluationManager.py <_prstr>179 :  # of dialogues  = 1000
RESULTS:: 20:44:11: root                               EvaluationManager.py <_prstr>179 :  Average reward  = 9.45 +- 0.49
RESULTS:: 20:44:11: root                               EvaluationManager.py <_prstr>179 :  Average success = 90.60 +- 1.81
RESULTS:: 20:44:11: root                               EvaluationManager.py <_prstr>179 :  Average turns   = 8.67 +- 0.26
RESULTS:: 20:44:11: root                                   pydial.py <setEvalConfig>470 :  *** Evaluating env1-LAP-tau_nodrop_4020_0101_250100_0101-seed8-00.7: error-rate=0 num-dialogs=500 ***
RESULTS:: 20:53:28: root                               EvaluationManager.py <_prstr>179 :  Results for domain: Laptops11 --evaluated by: objective success evaluator
RESULTS:: 20:53:28: root                               EvaluationManager.py <_prstr>179 :  # of dialogues  = 500
RESULTS:: 20:53:28: root                               EvaluationManager.py <_prstr>179 :  Average reward  = 11.31 +- 0.58
RESULTS:: 20:53:28: root                               EvaluationManager.py <_prstr>179 :  Average success = 93.00 +- 2.24
RESULTS:: 20:53:28: root                               EvaluationManager.py <_prstr>179 :  Average turns   = 7.29 +- 0.26
RESULTS:: 20:53:28: root                                   pydial.py <train_command>791 :  List of domains: Laptops11
RESULTS:: 20:53:28: root                                      pydial.py <trainBatch>409 :  *** Training Iteration env1-LAP-tau_nodrop_4020_0101_250100_0101-seed8-00.7->env1-LAP-tau_nodrop_4020_0101_250100_0101-seed8-00.8: iter=7, error-rate=0, num-dialogs=1000 ***
RESULTS:: 21:15:47: root                               EvaluationManager.py <_prstr>179 :  Results for domain: Laptops11 --evaluated by: objective success evaluator
RESULTS:: 21:15:51: root                               EvaluationManager.py <_prstr>179 :  # of dialogues  = 1000
RESULTS:: 21:15:51: root                               EvaluationManager.py <_prstr>179 :  Average reward  = 9.92 +- 0.47
RESULTS:: 21:15:51: root                               EvaluationManager.py <_prstr>179 :  Average success = 92.60 +- 1.62
RESULTS:: 21:15:51: root                               EvaluationManager.py <_prstr>179 :  Average turns   = 8.60 +- 0.26
RESULTS:: 21:15:51: root                                   pydial.py <setEvalConfig>470 :  *** Evaluating env1-LAP-tau_nodrop_4020_0101_250100_0101-seed8-00.8: error-rate=0 num-dialogs=500 ***
RESULTS:: 21:25:07: root                               EvaluationManager.py <_prstr>179 :  Results for domain: Laptops11 --evaluated by: objective success evaluator
RESULTS:: 21:25:07: root                               EvaluationManager.py <_prstr>179 :  # of dialogues  = 500
RESULTS:: 21:25:07: root                               EvaluationManager.py <_prstr>179 :  Average reward  = 10.17 +- 0.68
RESULTS:: 21:25:07: root                               EvaluationManager.py <_prstr>179 :  Average success = 87.60 +- 2.90
RESULTS:: 21:25:07: root                               EvaluationManager.py <_prstr>179 :  Average turns   = 7.35 +- 0.26
RESULTS:: 21:25:07: root                                   pydial.py <train_command>791 :  List of domains: Laptops11
RESULTS:: 21:25:07: root                                      pydial.py <trainBatch>409 :  *** Training Iteration env1-LAP-tau_nodrop_4020_0101_250100_0101-seed8-00.8->env1-LAP-tau_nodrop_4020_0101_250100_0101-seed8-00.9: iter=8, error-rate=0, num-dialogs=1000 ***
RESULTS:: 21:46:10: root                               EvaluationManager.py <_prstr>179 :  Results for domain: Laptops11 --evaluated by: objective success evaluator
RESULTS:: 21:46:10: root                               EvaluationManager.py <_prstr>179 :  # of dialogues  = 1000
RESULTS:: 21:46:10: root                               EvaluationManager.py <_prstr>179 :  Average reward  = 9.77 +- 0.46
RESULTS:: 21:46:10: root                               EvaluationManager.py <_prstr>179 :  Average success = 91.70 +- 1.71
RESULTS:: 21:46:10: root                               EvaluationManager.py <_prstr>179 :  Average turns   = 8.57 +- 0.25
RESULTS:: 21:46:10: root                                   pydial.py <setEvalConfig>470 :  *** Evaluating env1-LAP-tau_nodrop_4020_0101_250100_0101-seed8-00.9: error-rate=0 num-dialogs=500 ***
RESULTS:: 21:53:22: root                               EvaluationManager.py <_prstr>179 :  Results for domain: Laptops11 --evaluated by: objective success evaluator
RESULTS:: 21:53:22: root                               EvaluationManager.py <_prstr>179 :  # of dialogues  = 500
RESULTS:: 21:53:22: root                               EvaluationManager.py <_prstr>179 :  Average reward  = 7.93 +- 0.81
RESULTS:: 21:53:22: root                               EvaluationManager.py <_prstr>179 :  Average success = 73.20 +- 3.89
RESULTS:: 21:53:22: root                               EvaluationManager.py <_prstr>179 :  Average turns   = 6.71 +- 0.19
RESULTS:: 21:53:22: root                                   pydial.py <train_command>791 :  List of domains: Laptops11
RESULTS:: 21:53:22: root                                      pydial.py <trainBatch>409 :  *** Training Iteration env1-LAP-tau_nodrop_4020_0101_250100_0101-seed8-00.9->env1-LAP-tau_nodrop_4020_0101_250100_0101-seed8-00.10: iter=9, error-rate=0, num-dialogs=1000 ***
RESULTS:: 22:14:38: root                               EvaluationManager.py <_prstr>179 :  Results for domain: Laptops11 --evaluated by: objective success evaluator
RESULTS:: 22:14:38: root                               EvaluationManager.py <_prstr>179 :  # of dialogues  = 1000
RESULTS:: 22:14:38: root                               EvaluationManager.py <_prstr>179 :  Average reward  = 9.70 +- 0.48
RESULTS:: 22:14:38: root                               EvaluationManager.py <_prstr>179 :  Average success = 92.50 +- 1.63
RESULTS:: 22:14:38: root                               EvaluationManager.py <_prstr>179 :  Average turns   = 8.80 +- 0.26
RESULTS:: 22:14:38: root                                   pydial.py <setEvalConfig>470 :  *** Evaluating env1-LAP-tau_nodrop_4020_0101_250100_0101-seed8-00.10: error-rate=0 num-dialogs=500 ***
RESULTS:: 22:23:54: root                               EvaluationManager.py <_prstr>179 :  Results for domain: Laptops11 --evaluated by: objective success evaluator
RESULTS:: 22:23:55: root                               EvaluationManager.py <_prstr>179 :  # of dialogues  = 500
RESULTS:: 22:23:55: root                               EvaluationManager.py <_prstr>179 :  Average reward  = 10.83 +- 0.59
RESULTS:: 22:23:55: root                               EvaluationManager.py <_prstr>179 :  Average success = 92.60 +- 2.30
RESULTS:: 22:23:55: root                               EvaluationManager.py <_prstr>179 :  Average turns   = 7.69 +- 0.30
RESULTS:: 22:23:55: root                                   pydial.py <train_command>807 :  *** Training complete. log: env1-LAP-tau_nodrop_4020_0101_250100_0101-seed8-00.1-10.train.log - final policy is env1-LAP-tau_nodrop_4020_0101_250100_0101-00-10
