RESULTS:: 23:35:44: root                                   pydial.py <train_command>791 :  List of domains: Laptops11
RESULTS:: 23:35:44: root                                      pydial.py <trainBatch>409 :  *** Training Iteration env1-LAP-tau_nodrop_4020_250150-seed8-00.0->env1-LAP-tau_nodrop_4020_250150-seed8-00.1: iter=0, error-rate=0, num-dialogs=1000 ***
RESULTS:: 23:58:38: root                               EvaluationManager.py <_prstr>179 :  Results for domain: Laptops11 --evaluated by: objective success evaluator
RESULTS:: 23:58:38: root                               EvaluationManager.py <_prstr>179 :  # of dialogues  = 1000
RESULTS:: 23:58:38: root                               EvaluationManager.py <_prstr>179 :  Average reward  = 6.89 +- 0.60
RESULTS:: 23:58:38: root                               EvaluationManager.py <_prstr>179 :  Average success = 78.70 +- 2.54
RESULTS:: 23:58:38: root                               EvaluationManager.py <_prstr>179 :  Average turns   = 8.85 +- 0.24
RESULTS:: 23:58:38: root                                   pydial.py <setEvalConfig>470 :  *** Evaluating env1-LAP-tau_nodrop_4020_250150-seed8-00.1: error-rate=0 num-dialogs=500 ***
RESULTS:: 00:07:02: root                               EvaluationManager.py <_prstr>179 :  Results for domain: Laptops11 --evaluated by: objective success evaluator
RESULTS:: 00:07:02: root                               EvaluationManager.py <_prstr>179 :  # of dialogues  = 500
RESULTS:: 00:07:02: root                               EvaluationManager.py <_prstr>179 :  Average reward  = 8.30 +- 0.84
RESULTS:: 00:07:02: root                               EvaluationManager.py <_prstr>179 :  Average success = 76.80 +- 3.71
RESULTS:: 00:07:02: root                               EvaluationManager.py <_prstr>179 :  Average turns   = 7.06 +- 0.24
RESULTS:: 00:07:02: root                                   pydial.py <train_command>791 :  List of domains: Laptops11
RESULTS:: 00:07:02: root                                      pydial.py <trainBatch>409 :  *** Training Iteration env1-LAP-tau_nodrop_4020_250150-seed8-00.1->env1-LAP-tau_nodrop_4020_250150-seed8-00.2: iter=1, error-rate=0, num-dialogs=1000 ***
RESULTS:: 00:29:32: root                               EvaluationManager.py <_prstr>179 :  Results for domain: Laptops11 --evaluated by: objective success evaluator
RESULTS:: 00:29:32: root                               EvaluationManager.py <_prstr>179 :  # of dialogues  = 1000
RESULTS:: 00:29:32: root                               EvaluationManager.py <_prstr>179 :  Average reward  = 9.11 +- 0.48
RESULTS:: 00:29:32: root                               EvaluationManager.py <_prstr>179 :  Average success = 89.30 +- 1.92
RESULTS:: 00:29:32: root                               EvaluationManager.py <_prstr>179 :  Average turns   = 8.75 +- 0.23
RESULTS:: 00:29:32: root                                   pydial.py <setEvalConfig>470 :  *** Evaluating env1-LAP-tau_nodrop_4020_250150-seed8-00.2: error-rate=0 num-dialogs=500 ***
RESULTS:: 00:37:57: root                               EvaluationManager.py <_prstr>179 :  Results for domain: Laptops11 --evaluated by: objective success evaluator
RESULTS:: 00:37:57: root                               EvaluationManager.py <_prstr>179 :  # of dialogues  = 500
RESULTS:: 00:37:57: root                               EvaluationManager.py <_prstr>179 :  Average reward  = 7.54 +- 0.84
RESULTS:: 00:37:57: root                               EvaluationManager.py <_prstr>179 :  Average success = 73.20 +- 3.89
RESULTS:: 00:37:57: root                               EvaluationManager.py <_prstr>179 :  Average turns   = 7.10 +- 0.21
RESULTS:: 00:37:57: root                                   pydial.py <train_command>791 :  List of domains: Laptops11
RESULTS:: 00:37:57: root                                      pydial.py <trainBatch>409 :  *** Training Iteration env1-LAP-tau_nodrop_4020_250150-seed8-00.2->env1-LAP-tau_nodrop_4020_250150-seed8-00.3: iter=2, error-rate=0, num-dialogs=1000 ***
RESULTS:: 01:00:44: root                               EvaluationManager.py <_prstr>179 :  Results for domain: Laptops11 --evaluated by: objective success evaluator
RESULTS:: 01:00:44: root                               EvaluationManager.py <_prstr>179 :  # of dialogues  = 1000
RESULTS:: 01:00:44: root                               EvaluationManager.py <_prstr>179 :  Average reward  = 9.55 +- 0.47
RESULTS:: 01:00:44: root                               EvaluationManager.py <_prstr>179 :  Average success = 92.10 +- 1.67
RESULTS:: 01:00:44: root                               EvaluationManager.py <_prstr>179 :  Average turns   = 8.87 +- 0.25
RESULTS:: 01:00:44: root                                   pydial.py <setEvalConfig>470 :  *** Evaluating env1-LAP-tau_nodrop_4020_250150-seed8-00.3: error-rate=0 num-dialogs=500 ***
RESULTS:: 01:09:19: root                               EvaluationManager.py <_prstr>179 :  Results for domain: Laptops11 --evaluated by: objective success evaluator
RESULTS:: 01:09:19: root                               EvaluationManager.py <_prstr>179 :  # of dialogues  = 500
RESULTS:: 01:09:19: root                               EvaluationManager.py <_prstr>179 :  Average reward  = 10.04 +- 0.67
RESULTS:: 01:09:19: root                               EvaluationManager.py <_prstr>179 :  Average success = 86.00 +- 3.05
RESULTS:: 01:09:19: root                               EvaluationManager.py <_prstr>179 :  Average turns   = 7.16 +- 0.21
RESULTS:: 01:09:19: root                                   pydial.py <train_command>791 :  List of domains: Laptops11
RESULTS:: 01:09:19: root                                      pydial.py <trainBatch>409 :  *** Training Iteration env1-LAP-tau_nodrop_4020_250150-seed8-00.3->env1-LAP-tau_nodrop_4020_250150-seed8-00.4: iter=3, error-rate=0, num-dialogs=1000 ***
RESULTS:: 01:31:55: root                               EvaluationManager.py <_prstr>179 :  Results for domain: Laptops11 --evaluated by: objective success evaluator
RESULTS:: 01:31:55: root                               EvaluationManager.py <_prstr>179 :  # of dialogues  = 1000
RESULTS:: 01:31:55: root                               EvaluationManager.py <_prstr>179 :  Average reward  = 9.00 +- 0.54
RESULTS:: 01:31:55: root                               EvaluationManager.py <_prstr>179 :  Average success = 89.70 +- 1.89
RESULTS:: 01:31:55: root                               EvaluationManager.py <_prstr>179 :  Average turns   = 8.94 +- 0.26
RESULTS:: 01:31:55: root                                   pydial.py <setEvalConfig>470 :  *** Evaluating env1-LAP-tau_nodrop_4020_250150-seed8-00.4: error-rate=0 num-dialogs=500 ***
RESULTS:: 01:41:01: root                               EvaluationManager.py <_prstr>179 :  Results for domain: Laptops11 --evaluated by: objective success evaluator
RESULTS:: 01:41:01: root                               EvaluationManager.py <_prstr>179 :  # of dialogues  = 500
RESULTS:: 01:41:01: root                               EvaluationManager.py <_prstr>179 :  Average reward  = 11.45 +- 0.49
RESULTS:: 01:41:01: root                               EvaluationManager.py <_prstr>179 :  Average success = 94.80 +- 1.95
RESULTS:: 01:41:01: root                               EvaluationManager.py <_prstr>179 :  Average turns   = 7.51 +- 0.26
RESULTS:: 01:41:01: root                                   pydial.py <train_command>791 :  List of domains: Laptops11
RESULTS:: 01:41:01: root                                      pydial.py <trainBatch>409 :  *** Training Iteration env1-LAP-tau_nodrop_4020_250150-seed8-00.4->env1-LAP-tau_nodrop_4020_250150-seed8-00.5: iter=4, error-rate=0, num-dialogs=1000 ***
RESULTS:: 02:03:45: root                               EvaluationManager.py <_prstr>179 :  Results for domain: Laptops11 --evaluated by: objective success evaluator
RESULTS:: 02:03:45: root                               EvaluationManager.py <_prstr>179 :  # of dialogues  = 1000
RESULTS:: 02:03:45: root                               EvaluationManager.py <_prstr>179 :  Average reward  = 9.30 +- 0.50
RESULTS:: 02:03:45: root                               EvaluationManager.py <_prstr>179 :  Average success = 91.10 +- 1.77
RESULTS:: 02:03:45: root                               EvaluationManager.py <_prstr>179 :  Average turns   = 8.92 +- 0.26
RESULTS:: 02:03:45: root                                   pydial.py <setEvalConfig>470 :  *** Evaluating env1-LAP-tau_nodrop_4020_250150-seed8-00.5: error-rate=0 num-dialogs=500 ***
RESULTS:: 02:12:41: root                               EvaluationManager.py <_prstr>179 :  Results for domain: Laptops11 --evaluated by: objective success evaluator
RESULTS:: 02:12:41: root                               EvaluationManager.py <_prstr>179 :  # of dialogues  = 500
RESULTS:: 02:12:41: root                               EvaluationManager.py <_prstr>179 :  Average reward  = 10.31 +- 0.66
RESULTS:: 02:12:41: root                               EvaluationManager.py <_prstr>179 :  Average success = 88.80 +- 2.77
RESULTS:: 02:12:41: root                               EvaluationManager.py <_prstr>179 :  Average turns   = 7.45 +- 0.26
RESULTS:: 02:12:41: root                                   pydial.py <train_command>791 :  List of domains: Laptops11
RESULTS:: 02:12:41: root                                      pydial.py <trainBatch>409 :  *** Training Iteration env1-LAP-tau_nodrop_4020_250150-seed8-00.5->env1-LAP-tau_nodrop_4020_250150-seed8-00.6: iter=5, error-rate=0, num-dialogs=1000 ***
RESULTS:: 02:35:37: root                               EvaluationManager.py <_prstr>179 :  Results for domain: Laptops11 --evaluated by: objective success evaluator
RESULTS:: 02:35:37: root                               EvaluationManager.py <_prstr>179 :  # of dialogues  = 1000
RESULTS:: 02:35:37: root                               EvaluationManager.py <_prstr>179 :  Average reward  = 9.88 +- 0.43
RESULTS:: 02:35:37: root                               EvaluationManager.py <_prstr>179 :  Average success = 94.20 +- 1.45
RESULTS:: 02:35:37: root                               EvaluationManager.py <_prstr>179 :  Average turns   = 8.96 +- 0.25
RESULTS:: 02:35:37: root                                   pydial.py <setEvalConfig>470 :  *** Evaluating env1-LAP-tau_nodrop_4020_250150-seed8-00.6: error-rate=0 num-dialogs=500 ***
RESULTS:: 02:44:34: root                               EvaluationManager.py <_prstr>179 :  Results for domain: Laptops11 --evaluated by: objective success evaluator
RESULTS:: 02:44:34: root                               EvaluationManager.py <_prstr>179 :  # of dialogues  = 500
RESULTS:: 02:44:34: root                               EvaluationManager.py <_prstr>179 :  Average reward  = 11.25 +- 0.56
RESULTS:: 02:44:34: root                               EvaluationManager.py <_prstr>179 :  Average success = 93.40 +- 2.18
RESULTS:: 02:44:34: root                               EvaluationManager.py <_prstr>179 :  Average turns   = 7.43 +- 0.27
RESULTS:: 02:44:34: root                                   pydial.py <train_command>791 :  List of domains: Laptops11
RESULTS:: 02:44:34: root                                      pydial.py <trainBatch>409 :  *** Training Iteration env1-LAP-tau_nodrop_4020_250150-seed8-00.6->env1-LAP-tau_nodrop_4020_250150-seed8-00.7: iter=6, error-rate=0, num-dialogs=1000 ***
RESULTS:: 03:07:48: root                               EvaluationManager.py <_prstr>179 :  Results for domain: Laptops11 --evaluated by: objective success evaluator
RESULTS:: 03:07:48: root                               EvaluationManager.py <_prstr>179 :  # of dialogues  = 1000
RESULTS:: 03:07:48: root                               EvaluationManager.py <_prstr>179 :  Average reward  = 8.99 +- 0.53
RESULTS:: 03:07:48: root                               EvaluationManager.py <_prstr>179 :  Average success = 90.60 +- 1.81
RESULTS:: 03:07:48: root                               EvaluationManager.py <_prstr>179 :  Average turns   = 9.13 +- 0.28
RESULTS:: 03:07:48: root                                   pydial.py <setEvalConfig>470 :  *** Evaluating env1-LAP-tau_nodrop_4020_250150-seed8-00.7: error-rate=0 num-dialogs=500 ***
RESULTS:: 03:16:14: root                               EvaluationManager.py <_prstr>179 :  Results for domain: Laptops11 --evaluated by: objective success evaluator
RESULTS:: 03:16:14: root                               EvaluationManager.py <_prstr>179 :  # of dialogues  = 500
RESULTS:: 03:16:14: root                               EvaluationManager.py <_prstr>179 :  Average reward  = 8.63 +- 0.81
RESULTS:: 03:16:14: root                               EvaluationManager.py <_prstr>179 :  Average success = 78.60 +- 3.60
RESULTS:: 03:16:14: root                               EvaluationManager.py <_prstr>179 :  Average turns   = 7.09 +- 0.23
RESULTS:: 03:16:14: root                                   pydial.py <train_command>791 :  List of domains: Laptops11
RESULTS:: 03:16:14: root                                      pydial.py <trainBatch>409 :  *** Training Iteration env1-LAP-tau_nodrop_4020_250150-seed8-00.7->env1-LAP-tau_nodrop_4020_250150-seed8-00.8: iter=7, error-rate=0, num-dialogs=1000 ***
RESULTS:: 03:38:11: root                               EvaluationManager.py <_prstr>179 :  Results for domain: Laptops11 --evaluated by: objective success evaluator
RESULTS:: 03:38:11: root                               EvaluationManager.py <_prstr>179 :  # of dialogues  = 1000
RESULTS:: 03:38:11: root                               EvaluationManager.py <_prstr>179 :  Average reward  = 8.98 +- 0.51
RESULTS:: 03:38:11: root                               EvaluationManager.py <_prstr>179 :  Average success = 89.30 +- 1.92
RESULTS:: 03:38:11: root                               EvaluationManager.py <_prstr>179 :  Average turns   = 8.88 +- 0.25
RESULTS:: 03:38:11: root                                   pydial.py <setEvalConfig>470 :  *** Evaluating env1-LAP-tau_nodrop_4020_250150-seed8-00.8: error-rate=0 num-dialogs=500 ***
RESULTS:: 03:45:38: root                               EvaluationManager.py <_prstr>179 :  Results for domain: Laptops11 --evaluated by: objective success evaluator
RESULTS:: 03:45:38: root                               EvaluationManager.py <_prstr>179 :  # of dialogues  = 500
RESULTS:: 03:45:38: root                               EvaluationManager.py <_prstr>179 :  Average reward  = 9.29 +- 0.75
RESULTS:: 03:45:38: root                               EvaluationManager.py <_prstr>179 :  Average success = 82.60 +- 3.33
RESULTS:: 03:45:38: root                               EvaluationManager.py <_prstr>179 :  Average turns   = 7.23 +- 0.23
RESULTS:: 03:45:38: root                                   pydial.py <train_command>791 :  List of domains: Laptops11
RESULTS:: 03:45:38: root                                      pydial.py <trainBatch>409 :  *** Training Iteration env1-LAP-tau_nodrop_4020_250150-seed8-00.8->env1-LAP-tau_nodrop_4020_250150-seed8-00.9: iter=8, error-rate=0, num-dialogs=1000 ***
RESULTS:: 04:05:17: root                               EvaluationManager.py <_prstr>179 :  Results for domain: Laptops11 --evaluated by: objective success evaluator
RESULTS:: 04:05:17: root                               EvaluationManager.py <_prstr>179 :  # of dialogues  = 1000
RESULTS:: 04:05:17: root                               EvaluationManager.py <_prstr>179 :  Average reward  = 9.71 +- 0.47
RESULTS:: 04:05:17: root                               EvaluationManager.py <_prstr>179 :  Average success = 92.90 +- 1.59
RESULTS:: 04:05:17: root                               EvaluationManager.py <_prstr>179 :  Average turns   = 8.87 +- 0.27
RESULTS:: 04:05:17: root                                   pydial.py <setEvalConfig>470 :  *** Evaluating env1-LAP-tau_nodrop_4020_250150-seed8-00.9: error-rate=0 num-dialogs=500 ***
RESULTS:: 04:12:55: root                               EvaluationManager.py <_prstr>179 :  Results for domain: Laptops11 --evaluated by: objective success evaluator
RESULTS:: 04:12:55: root                               EvaluationManager.py <_prstr>179 :  # of dialogues  = 500
RESULTS:: 04:12:55: root                               EvaluationManager.py <_prstr>179 :  Average reward  = 11.15 +- 0.60
RESULTS:: 04:12:55: root                               EvaluationManager.py <_prstr>179 :  Average success = 92.40 +- 2.33
RESULTS:: 04:12:55: root                               EvaluationManager.py <_prstr>179 :  Average turns   = 7.33 +- 0.28
RESULTS:: 04:12:55: root                                   pydial.py <train_command>791 :  List of domains: Laptops11
RESULTS:: 04:12:55: root                                      pydial.py <trainBatch>409 :  *** Training Iteration env1-LAP-tau_nodrop_4020_250150-seed8-00.9->env1-LAP-tau_nodrop_4020_250150-seed8-00.10: iter=9, error-rate=0, num-dialogs=1000 ***
RESULTS:: 04:32:19: root                               EvaluationManager.py <_prstr>179 :  Results for domain: Laptops11 --evaluated by: objective success evaluator
RESULTS:: 04:32:19: root                               EvaluationManager.py <_prstr>179 :  # of dialogues  = 1000
RESULTS:: 04:32:19: root                               EvaluationManager.py <_prstr>179 :  Average reward  = 9.95 +- 0.45
RESULTS:: 04:32:19: root                               EvaluationManager.py <_prstr>179 :  Average success = 93.40 +- 1.54
RESULTS:: 04:32:19: root                               EvaluationManager.py <_prstr>179 :  Average turns   = 8.73 +- 0.25
RESULTS:: 04:32:19: root                                   pydial.py <setEvalConfig>470 :  *** Evaluating env1-LAP-tau_nodrop_4020_250150-seed8-00.10: error-rate=0 num-dialogs=500 ***
RESULTS:: 04:39:44: root                               EvaluationManager.py <_prstr>179 :  Results for domain: Laptops11 --evaluated by: objective success evaluator
RESULTS:: 04:39:44: root                               EvaluationManager.py <_prstr>179 :  # of dialogues  = 500
RESULTS:: 04:39:44: root                               EvaluationManager.py <_prstr>179 :  Average reward  = 8.46 +- 0.80
RESULTS:: 04:39:44: root                               EvaluationManager.py <_prstr>179 :  Average success = 78.20 +- 3.63
RESULTS:: 04:39:44: root                               EvaluationManager.py <_prstr>179 :  Average turns   = 7.18 +- 0.22
RESULTS:: 04:39:44: root                                   pydial.py <train_command>807 :  *** Training complete. log: env1-LAP-tau_nodrop_4020_250150-seed8-00.1-10.train.log - final policy is env1-LAP-tau_nodrop_4020_250150-00-10
