RESULTS:: 19:19:21: root                                   pydial.py <train_command>791 :  List of domains: Laptops11
RESULTS:: 19:19:21: root                                      pydial.py <trainBatch>409 :  *** Training Iteration env1-LAP-tau_nodrop_4020_250150-seed6-00.0->env1-LAP-tau_nodrop_4020_250150-seed6-00.1: iter=0, error-rate=0, num-dialogs=1000 ***
RESULTS:: 19:38:56: root                               EvaluationManager.py <_prstr>179 :  Results for domain: Laptops11 --evaluated by: objective success evaluator
RESULTS:: 19:38:56: root                               EvaluationManager.py <_prstr>179 :  # of dialogues  = 1000
RESULTS:: 19:38:56: root                               EvaluationManager.py <_prstr>179 :  Average reward  = 7.06 +- 0.58
RESULTS:: 19:38:56: root                               EvaluationManager.py <_prstr>179 :  Average success = 79.10 +- 2.52
RESULTS:: 19:38:56: root                               EvaluationManager.py <_prstr>179 :  Average turns   = 8.76 +- 0.23
RESULTS:: 19:38:56: root                                   pydial.py <setEvalConfig>470 :  *** Evaluating env1-LAP-tau_nodrop_4020_250150-seed6-00.1: error-rate=0 num-dialogs=500 ***
RESULTS:: 19:45:51: root                               EvaluationManager.py <_prstr>179 :  Results for domain: Laptops11 --evaluated by: objective success evaluator
RESULTS:: 19:45:51: root                               EvaluationManager.py <_prstr>179 :  # of dialogues  = 500
RESULTS:: 19:45:51: root                               EvaluationManager.py <_prstr>179 :  Average reward  = 7.64 +- 0.84
RESULTS:: 19:45:51: root                               EvaluationManager.py <_prstr>179 :  Average success = 72.40 +- 3.93
RESULTS:: 19:45:51: root                               EvaluationManager.py <_prstr>179 :  Average turns   = 6.84 +- 0.18
RESULTS:: 19:45:51: root                                   pydial.py <train_command>791 :  List of domains: Laptops11
RESULTS:: 19:45:51: root                                      pydial.py <trainBatch>409 :  *** Training Iteration env1-LAP-tau_nodrop_4020_250150-seed6-00.1->env1-LAP-tau_nodrop_4020_250150-seed6-00.2: iter=1, error-rate=0, num-dialogs=1000 ***
RESULTS:: 20:05:00: root                               EvaluationManager.py <_prstr>179 :  Results for domain: Laptops11 --evaluated by: objective success evaluator
RESULTS:: 20:05:00: root                               EvaluationManager.py <_prstr>179 :  # of dialogues  = 1000
RESULTS:: 20:05:00: root                               EvaluationManager.py <_prstr>179 :  Average reward  = 8.89 +- 0.49
RESULTS:: 20:05:00: root                               EvaluationManager.py <_prstr>179 :  Average success = 87.80 +- 2.03
RESULTS:: 20:05:00: root                               EvaluationManager.py <_prstr>179 :  Average turns   = 8.67 +- 0.23
RESULTS:: 20:05:00: root                                   pydial.py <setEvalConfig>470 :  *** Evaluating env1-LAP-tau_nodrop_4020_250150-seed6-00.2: error-rate=0 num-dialogs=500 ***
RESULTS:: 20:12:26: root                               EvaluationManager.py <_prstr>179 :  Results for domain: Laptops11 --evaluated by: objective success evaluator
RESULTS:: 20:12:26: root                               EvaluationManager.py <_prstr>179 :  # of dialogues  = 500
RESULTS:: 20:12:26: root                               EvaluationManager.py <_prstr>179 :  Average reward  = 7.10 +- 0.86
RESULTS:: 20:12:26: root                               EvaluationManager.py <_prstr>179 :  Average success = 72.20 +- 3.94
RESULTS:: 20:12:26: root                               EvaluationManager.py <_prstr>179 :  Average turns   = 7.34 +- 0.24
RESULTS:: 20:12:26: root                                   pydial.py <train_command>791 :  List of domains: Laptops11
RESULTS:: 20:12:26: root                                      pydial.py <trainBatch>409 :  *** Training Iteration env1-LAP-tau_nodrop_4020_250150-seed6-00.2->env1-LAP-tau_nodrop_4020_250150-seed6-00.3: iter=2, error-rate=0, num-dialogs=1000 ***
RESULTS:: 20:31:19: root                               EvaluationManager.py <_prstr>179 :  Results for domain: Laptops11 --evaluated by: objective success evaluator
RESULTS:: 20:31:19: root                               EvaluationManager.py <_prstr>179 :  # of dialogues  = 1000
RESULTS:: 20:31:19: root                               EvaluationManager.py <_prstr>179 :  Average reward  = 8.61 +- 0.51
RESULTS:: 20:31:19: root                               EvaluationManager.py <_prstr>179 :  Average success = 86.90 +- 2.09
RESULTS:: 20:31:19: root                               EvaluationManager.py <_prstr>179 :  Average turns   = 8.77 +- 0.24
RESULTS:: 20:31:19: root                                   pydial.py <setEvalConfig>470 :  *** Evaluating env1-LAP-tau_nodrop_4020_250150-seed6-00.3: error-rate=0 num-dialogs=500 ***
RESULTS:: 20:38:22: root                               EvaluationManager.py <_prstr>179 :  Results for domain: Laptops11 --evaluated by: objective success evaluator
RESULTS:: 20:38:22: root                               EvaluationManager.py <_prstr>179 :  # of dialogues  = 500
RESULTS:: 20:38:22: root                               EvaluationManager.py <_prstr>179 :  Average reward  = 7.04 +- 0.84
RESULTS:: 20:38:22: root                               EvaluationManager.py <_prstr>179 :  Average success = 69.80 +- 4.03
RESULTS:: 20:38:22: root                               EvaluationManager.py <_prstr>179 :  Average turns   = 6.92 +- 0.18
RESULTS:: 20:38:22: root                                   pydial.py <train_command>791 :  List of domains: Laptops11
RESULTS:: 20:38:22: root                                      pydial.py <trainBatch>409 :  *** Training Iteration env1-LAP-tau_nodrop_4020_250150-seed6-00.3->env1-LAP-tau_nodrop_4020_250150-seed6-00.4: iter=3, error-rate=0, num-dialogs=1000 ***
RESULTS:: 20:57:32: root                               EvaluationManager.py <_prstr>179 :  Results for domain: Laptops11 --evaluated by: objective success evaluator
RESULTS:: 20:57:32: root                               EvaluationManager.py <_prstr>179 :  # of dialogues  = 1000
RESULTS:: 20:57:32: root                               EvaluationManager.py <_prstr>179 :  Average reward  = 9.35 +- 0.48
RESULTS:: 20:57:32: root                               EvaluationManager.py <_prstr>179 :  Average success = 90.50 +- 1.82
RESULTS:: 20:57:32: root                               EvaluationManager.py <_prstr>179 :  Average turns   = 8.75 +- 0.25
RESULTS:: 20:57:32: root                                   pydial.py <setEvalConfig>470 :  *** Evaluating env1-LAP-tau_nodrop_4020_250150-seed6-00.4: error-rate=0 num-dialogs=500 ***
RESULTS:: 21:04:49: root                               EvaluationManager.py <_prstr>179 :  Results for domain: Laptops11 --evaluated by: objective success evaluator
RESULTS:: 21:04:49: root                               EvaluationManager.py <_prstr>179 :  # of dialogues  = 500
RESULTS:: 21:04:49: root                               EvaluationManager.py <_prstr>179 :  Average reward  = 7.84 +- 0.85
RESULTS:: 21:04:49: root                               EvaluationManager.py <_prstr>179 :  Average success = 74.80 +- 3.81
RESULTS:: 21:04:49: root                               EvaluationManager.py <_prstr>179 :  Average turns   = 7.12 +- 0.21
RESULTS:: 21:04:49: root                                   pydial.py <train_command>791 :  List of domains: Laptops11
RESULTS:: 21:04:49: root                                      pydial.py <trainBatch>409 :  *** Training Iteration env1-LAP-tau_nodrop_4020_250150-seed6-00.4->env1-LAP-tau_nodrop_4020_250150-seed6-00.5: iter=4, error-rate=0, num-dialogs=1000 ***
RESULTS:: 21:24:14: root                               EvaluationManager.py <_prstr>179 :  Results for domain: Laptops11 --evaluated by: objective success evaluator
RESULTS:: 21:24:14: root                               EvaluationManager.py <_prstr>179 :  # of dialogues  = 1000
RESULTS:: 21:24:14: root                               EvaluationManager.py <_prstr>179 :  Average reward  = 8.55 +- 0.57
RESULTS:: 21:24:14: root                               EvaluationManager.py <_prstr>179 :  Average success = 87.80 +- 2.03
RESULTS:: 21:24:14: root                               EvaluationManager.py <_prstr>179 :  Average turns   = 9.01 +- 0.27
RESULTS:: 21:24:14: root                                   pydial.py <setEvalConfig>470 :  *** Evaluating env1-LAP-tau_nodrop_4020_250150-seed6-00.5: error-rate=0 num-dialogs=500 ***
RESULTS:: 21:32:37: root                               EvaluationManager.py <_prstr>179 :  Results for domain: Laptops11 --evaluated by: objective success evaluator
RESULTS:: 21:32:37: root                               EvaluationManager.py <_prstr>179 :  # of dialogues  = 500
RESULTS:: 21:32:37: root                               EvaluationManager.py <_prstr>179 :  Average reward  = 5.16 +- 1.05
RESULTS:: 21:32:37: root                               EvaluationManager.py <_prstr>179 :  Average success = 67.60 +- 4.11
RESULTS:: 21:32:37: root                               EvaluationManager.py <_prstr>179 :  Average turns   = 8.36 +- 0.43
RESULTS:: 21:32:37: root                                   pydial.py <train_command>791 :  List of domains: Laptops11
RESULTS:: 21:32:37: root                                      pydial.py <trainBatch>409 :  *** Training Iteration env1-LAP-tau_nodrop_4020_250150-seed6-00.5->env1-LAP-tau_nodrop_4020_250150-seed6-00.6: iter=5, error-rate=0, num-dialogs=1000 ***
RESULTS:: 21:53:47: root                               EvaluationManager.py <_prstr>179 :  Results for domain: Laptops11 --evaluated by: objective success evaluator
RESULTS:: 21:53:47: root                               EvaluationManager.py <_prstr>179 :  # of dialogues  = 1000
RESULTS:: 21:53:47: root                               EvaluationManager.py <_prstr>179 :  Average reward  = 7.34 +- 0.64
RESULTS:: 21:53:47: root                               EvaluationManager.py <_prstr>179 :  Average success = 83.60 +- 2.30
RESULTS:: 21:53:47: root                               EvaluationManager.py <_prstr>179 :  Average turns   = 9.38 +- 0.30
RESULTS:: 21:53:47: root                                   pydial.py <setEvalConfig>470 :  *** Evaluating env1-LAP-tau_nodrop_4020_250150-seed6-00.6: error-rate=0 num-dialogs=500 ***
RESULTS:: 22:01:56: root                               EvaluationManager.py <_prstr>179 :  Results for domain: Laptops11 --evaluated by: objective success evaluator
RESULTS:: 22:01:56: root                               EvaluationManager.py <_prstr>179 :  # of dialogues  = 500
RESULTS:: 22:01:56: root                               EvaluationManager.py <_prstr>179 :  Average reward  = 9.82 +- 0.73
RESULTS:: 22:01:56: root                               EvaluationManager.py <_prstr>179 :  Average success = 86.60 +- 2.99
RESULTS:: 22:01:56: root                               EvaluationManager.py <_prstr>179 :  Average turns   = 7.50 +- 0.27
RESULTS:: 22:01:56: root                                   pydial.py <train_command>791 :  List of domains: Laptops11
RESULTS:: 22:01:56: root                                      pydial.py <trainBatch>409 :  *** Training Iteration env1-LAP-tau_nodrop_4020_250150-seed6-00.6->env1-LAP-tau_nodrop_4020_250150-seed6-00.7: iter=6, error-rate=0, num-dialogs=1000 ***
RESULTS:: 22:24:11: root                               EvaluationManager.py <_prstr>179 :  Results for domain: Laptops11 --evaluated by: objective success evaluator
RESULTS:: 22:24:11: root                               EvaluationManager.py <_prstr>179 :  # of dialogues  = 1000
RESULTS:: 22:24:11: root                               EvaluationManager.py <_prstr>179 :  Average reward  = 7.55 +- 0.65
RESULTS:: 22:24:11: root                               EvaluationManager.py <_prstr>179 :  Average success = 86.20 +- 2.14
RESULTS:: 22:24:11: root                               EvaluationManager.py <_prstr>179 :  Average turns   = 9.69 +- 0.31
RESULTS:: 22:24:11: root                                   pydial.py <setEvalConfig>470 :  *** Evaluating env1-LAP-tau_nodrop_4020_250150-seed6-00.7: error-rate=0 num-dialogs=500 ***
RESULTS:: 22:32:58: root                               EvaluationManager.py <_prstr>179 :  Results for domain: Laptops11 --evaluated by: objective success evaluator
RESULTS:: 22:32:58: root                               EvaluationManager.py <_prstr>179 :  # of dialogues  = 500
RESULTS:: 22:32:58: root                               EvaluationManager.py <_prstr>179 :  Average reward  = 2.60 +- 0.95
RESULTS:: 22:32:58: root                               EvaluationManager.py <_prstr>179 :  Average success = 53.00 +- 4.39
RESULTS:: 22:32:58: root                               EvaluationManager.py <_prstr>179 :  Average turns   = 8.00 +- 0.28
RESULTS:: 22:32:58: root                                   pydial.py <train_command>791 :  List of domains: Laptops11
RESULTS:: 22:32:58: root                                      pydial.py <trainBatch>409 :  *** Training Iteration env1-LAP-tau_nodrop_4020_250150-seed6-00.7->env1-LAP-tau_nodrop_4020_250150-seed6-00.8: iter=7, error-rate=0, num-dialogs=1000 ***
RESULTS:: 22:53:52: root                               EvaluationManager.py <_prstr>179 :  Results for domain: Laptops11 --evaluated by: objective success evaluator
RESULTS:: 22:53:52: root                               EvaluationManager.py <_prstr>179 :  # of dialogues  = 1000
RESULTS:: 22:53:52: root                               EvaluationManager.py <_prstr>179 :  Average reward  = 9.07 +- 0.52
RESULTS:: 22:53:52: root                               EvaluationManager.py <_prstr>179 :  Average success = 90.80 +- 1.79
RESULTS:: 22:53:52: root                               EvaluationManager.py <_prstr>179 :  Average turns   = 9.09 +- 0.28
RESULTS:: 22:53:52: root                                   pydial.py <setEvalConfig>470 :  *** Evaluating env1-LAP-tau_nodrop_4020_250150-seed6-00.8: error-rate=0 num-dialogs=500 ***
RESULTS:: 23:02:00: root                               EvaluationManager.py <_prstr>179 :  Results for domain: Laptops11 --evaluated by: objective success evaluator
RESULTS:: 23:02:00: root                               EvaluationManager.py <_prstr>179 :  # of dialogues  = 500
RESULTS:: 23:02:00: root                               EvaluationManager.py <_prstr>179 :  Average reward  = 9.80 +- 0.71
RESULTS:: 23:02:00: root                               EvaluationManager.py <_prstr>179 :  Average success = 86.00 +- 3.05
RESULTS:: 23:02:00: root                               EvaluationManager.py <_prstr>179 :  Average turns   = 7.40 +- 0.28
RESULTS:: 23:02:00: root                                   pydial.py <train_command>791 :  List of domains: Laptops11
RESULTS:: 23:02:00: root                                      pydial.py <trainBatch>409 :  *** Training Iteration env1-LAP-tau_nodrop_4020_250150-seed6-00.8->env1-LAP-tau_nodrop_4020_250150-seed6-00.9: iter=8, error-rate=0, num-dialogs=1000 ***
RESULTS:: 23:22:54: root                               EvaluationManager.py <_prstr>179 :  Results for domain: Laptops11 --evaluated by: objective success evaluator
RESULTS:: 23:22:54: root                               EvaluationManager.py <_prstr>179 :  # of dialogues  = 1000
RESULTS:: 23:22:54: root                               EvaluationManager.py <_prstr>179 :  Average reward  = 8.98 +- 0.52
RESULTS:: 23:22:54: root                               EvaluationManager.py <_prstr>179 :  Average success = 89.20 +- 1.93
RESULTS:: 23:22:54: root                               EvaluationManager.py <_prstr>179 :  Average turns   = 8.86 +- 0.26
RESULTS:: 23:22:54: root                                   pydial.py <setEvalConfig>470 :  *** Evaluating env1-LAP-tau_nodrop_4020_250150-seed6-00.9: error-rate=0 num-dialogs=500 ***
RESULTS:: 23:31:10: root                               EvaluationManager.py <_prstr>179 :  Results for domain: Laptops11 --evaluated by: objective success evaluator
RESULTS:: 23:31:10: root                               EvaluationManager.py <_prstr>179 :  # of dialogues  = 500
RESULTS:: 23:31:10: root                               EvaluationManager.py <_prstr>179 :  Average reward  = 10.53 +- 0.65
RESULTS:: 23:31:10: root                               EvaluationManager.py <_prstr>179 :  Average success = 90.40 +- 2.59
RESULTS:: 23:31:10: root                               EvaluationManager.py <_prstr>179 :  Average turns   = 7.55 +- 0.27
RESULTS:: 23:31:10: root                                   pydial.py <train_command>791 :  List of domains: Laptops11
RESULTS:: 23:31:10: root                                      pydial.py <trainBatch>409 :  *** Training Iteration env1-LAP-tau_nodrop_4020_250150-seed6-00.9->env1-LAP-tau_nodrop_4020_250150-seed6-00.10: iter=9, error-rate=0, num-dialogs=1000 ***
RESULTS:: 23:52:36: root                               EvaluationManager.py <_prstr>179 :  Results for domain: Laptops11 --evaluated by: objective success evaluator
RESULTS:: 23:52:36: root                               EvaluationManager.py <_prstr>179 :  # of dialogues  = 1000
RESULTS:: 23:52:36: root                               EvaluationManager.py <_prstr>179 :  Average reward  = 8.28 +- 0.59
RESULTS:: 23:52:36: root                               EvaluationManager.py <_prstr>179 :  Average success = 88.20 +- 2.00
RESULTS:: 23:52:36: root                               EvaluationManager.py <_prstr>179 :  Average turns   = 9.36 +- 0.29
RESULTS:: 23:52:36: root                                   pydial.py <setEvalConfig>470 :  *** Evaluating env1-LAP-tau_nodrop_4020_250150-seed6-00.10: error-rate=0 num-dialogs=500 ***
RESULTS:: 00:00:27: root                               EvaluationManager.py <_prstr>179 :  Results for domain: Laptops11 --evaluated by: objective success evaluator
RESULTS:: 00:00:27: root                               EvaluationManager.py <_prstr>179 :  # of dialogues  = 500
RESULTS:: 00:00:27: root                               EvaluationManager.py <_prstr>179 :  Average reward  = 11.65 +- 0.54
RESULTS:: 00:00:27: root                               EvaluationManager.py <_prstr>179 :  Average success = 93.80 +- 2.12
RESULTS:: 00:00:27: root                               EvaluationManager.py <_prstr>179 :  Average turns   = 7.11 +- 0.24
RESULTS:: 00:00:27: root                                   pydial.py <train_command>807 :  *** Training complete. log: env1-LAP-tau_nodrop_4020_250150-seed6-00.1-10.train.log - final policy is env1-LAP-tau_nodrop_4020_250150-00-10
