RESULTS:: 17:50:11: root                                   pydial.py <train_command>791 :  List of domains: Laptops11
RESULTS:: 17:50:11: root                                      pydial.py <trainBatch>409 :  *** Training Iteration env1-LAP-tau_nodrop_4020_250150-seed9-00.0->env1-LAP-tau_nodrop_4020_250150-seed9-00.1: iter=0, error-rate=0, num-dialogs=1000 ***
RESULTS:: 18:22:00: root                               EvaluationManager.py <_prstr>179 :  Results for domain: Laptops11 --evaluated by: objective success evaluator
RESULTS:: 18:22:00: root                               EvaluationManager.py <_prstr>179 :  # of dialogues  = 1000
RESULTS:: 18:22:00: root                               EvaluationManager.py <_prstr>179 :  Average reward  = 6.25 +- 0.62
RESULTS:: 18:22:00: root                               EvaluationManager.py <_prstr>179 :  Average success = 75.50 +- 2.67
RESULTS:: 18:22:00: root                               EvaluationManager.py <_prstr>179 :  Average turns   = 8.85 +- 0.23
RESULTS:: 18:22:00: root                                   pydial.py <setEvalConfig>470 :  *** Evaluating env1-LAP-tau_nodrop_4020_250150-seed9-00.1: error-rate=0 num-dialogs=500 ***
RESULTS:: 18:33:38: root                               EvaluationManager.py <_prstr>179 :  Results for domain: Laptops11 --evaluated by: objective success evaluator
RESULTS:: 18:33:38: root                               EvaluationManager.py <_prstr>179 :  # of dialogues  = 500
RESULTS:: 18:33:38: root                               EvaluationManager.py <_prstr>179 :  Average reward  = 10.39 +- 0.65
RESULTS:: 18:33:38: root                               EvaluationManager.py <_prstr>179 :  Average success = 87.00 +- 2.95
RESULTS:: 18:33:38: root                               EvaluationManager.py <_prstr>179 :  Average turns   = 7.01 +- 0.23
RESULTS:: 18:33:38: root                                   pydial.py <train_command>791 :  List of domains: Laptops11
RESULTS:: 18:33:38: root                                      pydial.py <trainBatch>409 :  *** Training Iteration env1-LAP-tau_nodrop_4020_250150-seed9-00.1->env1-LAP-tau_nodrop_4020_250150-seed9-00.2: iter=1, error-rate=0, num-dialogs=1000 ***
RESULTS:: 19:04:26: root                               EvaluationManager.py <_prstr>179 :  Results for domain: Laptops11 --evaluated by: objective success evaluator
RESULTS:: 19:04:26: root                               EvaluationManager.py <_prstr>179 :  # of dialogues  = 1000
RESULTS:: 19:04:26: root                               EvaluationManager.py <_prstr>179 :  Average reward  = 8.64 +- 0.53
RESULTS:: 19:04:26: root                               EvaluationManager.py <_prstr>179 :  Average success = 87.30 +- 2.07
RESULTS:: 19:04:26: root                               EvaluationManager.py <_prstr>179 :  Average turns   = 8.82 +- 0.25
RESULTS:: 19:04:26: root                                   pydial.py <setEvalConfig>470 :  *** Evaluating env1-LAP-tau_nodrop_4020_250150-seed9-00.2: error-rate=0 num-dialogs=500 ***
RESULTS:: 19:16:57: root                               EvaluationManager.py <_prstr>179 :  Results for domain: Laptops11 --evaluated by: objective success evaluator
RESULTS:: 19:16:57: root                               EvaluationManager.py <_prstr>179 :  # of dialogues  = 500
RESULTS:: 19:16:57: root                               EvaluationManager.py <_prstr>179 :  Average reward  = 9.23 +- 0.76
RESULTS:: 19:16:57: root                               EvaluationManager.py <_prstr>179 :  Average success = 83.60 +- 3.25
RESULTS:: 19:16:57: root                               EvaluationManager.py <_prstr>179 :  Average turns   = 7.49 +- 0.25
RESULTS:: 19:16:57: root                                   pydial.py <train_command>791 :  List of domains: Laptops11
RESULTS:: 19:16:57: root                                      pydial.py <trainBatch>409 :  *** Training Iteration env1-LAP-tau_nodrop_4020_250150-seed9-00.2->env1-LAP-tau_nodrop_4020_250150-seed9-00.3: iter=2, error-rate=0, num-dialogs=1000 ***
RESULTS:: 19:48:50: root                               EvaluationManager.py <_prstr>179 :  Results for domain: Laptops11 --evaluated by: objective success evaluator
RESULTS:: 19:48:50: root                               EvaluationManager.py <_prstr>179 :  # of dialogues  = 1000
RESULTS:: 19:48:50: root                               EvaluationManager.py <_prstr>179 :  Average reward  = 8.62 +- 0.53
RESULTS:: 19:48:50: root                               EvaluationManager.py <_prstr>179 :  Average success = 88.10 +- 2.01
RESULTS:: 19:48:50: root                               EvaluationManager.py <_prstr>179 :  Average turns   = 9.00 +- 0.26
RESULTS:: 19:48:50: root                                   pydial.py <setEvalConfig>470 :  *** Evaluating env1-LAP-tau_nodrop_4020_250150-seed9-00.3: error-rate=0 num-dialogs=500 ***
RESULTS:: 20:00:47: root                               EvaluationManager.py <_prstr>179 :  Results for domain: Laptops11 --evaluated by: objective success evaluator
RESULTS:: 20:00:47: root                               EvaluationManager.py <_prstr>179 :  # of dialogues  = 500
RESULTS:: 20:00:47: root                               EvaluationManager.py <_prstr>179 :  Average reward  = 9.65 +- 0.71
RESULTS:: 20:00:47: root                               EvaluationManager.py <_prstr>179 :  Average success = 84.20 +- 3.20
RESULTS:: 20:00:47: root                               EvaluationManager.py <_prstr>179 :  Average turns   = 7.19 +- 0.22
RESULTS:: 20:00:47: root                                   pydial.py <train_command>791 :  List of domains: Laptops11
RESULTS:: 20:00:47: root                                      pydial.py <trainBatch>409 :  *** Training Iteration env1-LAP-tau_nodrop_4020_250150-seed9-00.3->env1-LAP-tau_nodrop_4020_250150-seed9-00.4: iter=3, error-rate=0, num-dialogs=1000 ***
RESULTS:: 20:32:08: root                               EvaluationManager.py <_prstr>179 :  Results for domain: Laptops11 --evaluated by: objective success evaluator
RESULTS:: 20:32:08: root                               EvaluationManager.py <_prstr>179 :  # of dialogues  = 1000
RESULTS:: 20:32:08: root                               EvaluationManager.py <_prstr>179 :  Average reward  = 8.81 +- 0.53
RESULTS:: 20:32:08: root                               EvaluationManager.py <_prstr>179 :  Average success = 90.20 +- 1.84
RESULTS:: 20:32:08: root                               EvaluationManager.py <_prstr>179 :  Average turns   = 9.23 +- 0.27
RESULTS:: 20:32:08: root                                   pydial.py <setEvalConfig>470 :  *** Evaluating env1-LAP-tau_nodrop_4020_250150-seed9-00.4: error-rate=0 num-dialogs=500 ***
RESULTS:: 20:47:08: root                               EvaluationManager.py <_prstr>179 :  Results for domain: Laptops11 --evaluated by: objective success evaluator
RESULTS:: 20:47:08: root                               EvaluationManager.py <_prstr>179 :  # of dialogues  = 500
RESULTS:: 20:47:08: root                               EvaluationManager.py <_prstr>179 :  Average reward  = 9.99 +- 0.67
RESULTS:: 20:47:08: root                               EvaluationManager.py <_prstr>179 :  Average success = 87.00 +- 2.95
RESULTS:: 20:47:08: root                               EvaluationManager.py <_prstr>179 :  Average turns   = 7.41 +- 0.26
RESULTS:: 20:47:08: root                                   pydial.py <train_command>791 :  List of domains: Laptops11
RESULTS:: 20:47:08: root                                      pydial.py <trainBatch>409 :  *** Training Iteration env1-LAP-tau_nodrop_4020_250150-seed9-00.4->env1-LAP-tau_nodrop_4020_250150-seed9-00.5: iter=4, error-rate=0, num-dialogs=1000 ***
RESULTS:: 21:27:18: root                               EvaluationManager.py <_prstr>179 :  Results for domain: Laptops11 --evaluated by: objective success evaluator
RESULTS:: 21:27:18: root                               EvaluationManager.py <_prstr>179 :  # of dialogues  = 1000
RESULTS:: 21:27:18: root                               EvaluationManager.py <_prstr>179 :  Average reward  = 8.27 +- 0.59
RESULTS:: 21:27:18: root                               EvaluationManager.py <_prstr>179 :  Average success = 87.70 +- 2.04
RESULTS:: 21:27:18: root                               EvaluationManager.py <_prstr>179 :  Average turns   = 9.27 +- 0.29
RESULTS:: 21:27:18: root                                   pydial.py <setEvalConfig>470 :  *** Evaluating env1-LAP-tau_nodrop_4020_250150-seed9-00.5: error-rate=0 num-dialogs=500 ***
RESULTS:: 21:43:16: root                               EvaluationManager.py <_prstr>179 :  Results for domain: Laptops11 --evaluated by: objective success evaluator
RESULTS:: 21:43:16: root                               EvaluationManager.py <_prstr>179 :  # of dialogues  = 500
RESULTS:: 21:43:16: root                               EvaluationManager.py <_prstr>179 :  Average reward  = 9.40 +- 0.73
RESULTS:: 21:43:16: root                               EvaluationManager.py <_prstr>179 :  Average success = 83.80 +- 3.24
RESULTS:: 21:43:16: root                               EvaluationManager.py <_prstr>179 :  Average turns   = 7.36 +- 0.23
RESULTS:: 21:43:16: root                                   pydial.py <train_command>791 :  List of domains: Laptops11
RESULTS:: 21:43:16: root                                      pydial.py <trainBatch>409 :  *** Training Iteration env1-LAP-tau_nodrop_4020_250150-seed9-00.5->env1-LAP-tau_nodrop_4020_250150-seed9-00.6: iter=5, error-rate=0, num-dialogs=1000 ***
RESULTS:: 22:30:37: root                               EvaluationManager.py <_prstr>179 :  Results for domain: Laptops11 --evaluated by: objective success evaluator
RESULTS:: 22:30:37: root                               EvaluationManager.py <_prstr>179 :  # of dialogues  = 1000
RESULTS:: 22:30:37: root                               EvaluationManager.py <_prstr>179 :  Average reward  = 7.15 +- 0.67
RESULTS:: 22:30:37: root                               EvaluationManager.py <_prstr>179 :  Average success = 84.90 +- 2.22
RESULTS:: 22:30:37: root                               EvaluationManager.py <_prstr>179 :  Average turns   = 9.83 +- 0.33
RESULTS:: 22:30:37: root                                   pydial.py <setEvalConfig>470 :  *** Evaluating env1-LAP-tau_nodrop_4020_250150-seed9-00.6: error-rate=0 num-dialogs=500 ***
RESULTS:: 22:47:39: root                               EvaluationManager.py <_prstr>179 :  Results for domain: Laptops11 --evaluated by: objective success evaluator
RESULTS:: 22:47:39: root                               EvaluationManager.py <_prstr>179 :  # of dialogues  = 500
RESULTS:: 22:47:39: root                               EvaluationManager.py <_prstr>179 :  Average reward  = 10.92 +- 0.61
RESULTS:: 22:47:39: root                               EvaluationManager.py <_prstr>179 :  Average success = 91.20 +- 2.49
RESULTS:: 22:47:39: root                               EvaluationManager.py <_prstr>179 :  Average turns   = 7.32 +- 0.25
RESULTS:: 22:47:39: root                                   pydial.py <train_command>791 :  List of domains: Laptops11
RESULTS:: 22:47:39: root                                      pydial.py <trainBatch>409 :  *** Training Iteration env1-LAP-tau_nodrop_4020_250150-seed9-00.6->env1-LAP-tau_nodrop_4020_250150-seed9-00.7: iter=6, error-rate=0, num-dialogs=1000 ***
RESULTS:: 23:33:18: root                               EvaluationManager.py <_prstr>179 :  Results for domain: Laptops11 --evaluated by: objective success evaluator
RESULTS:: 23:33:18: root                               EvaluationManager.py <_prstr>179 :  # of dialogues  = 1000
RESULTS:: 23:33:18: root                               EvaluationManager.py <_prstr>179 :  Average reward  = 8.96 +- 0.52
RESULTS:: 23:33:18: root                               EvaluationManager.py <_prstr>179 :  Average success = 91.50 +- 1.73
RESULTS:: 23:33:18: root                               EvaluationManager.py <_prstr>179 :  Average turns   = 9.34 +- 0.28
RESULTS:: 23:33:18: root                                   pydial.py <setEvalConfig>470 :  *** Evaluating env1-LAP-tau_nodrop_4020_250150-seed9-00.7: error-rate=0 num-dialogs=500 ***
RESULTS:: 23:51:31: root                               EvaluationManager.py <_prstr>179 :  Results for domain: Laptops11 --evaluated by: objective success evaluator
RESULTS:: 23:51:31: root                               EvaluationManager.py <_prstr>179 :  # of dialogues  = 500
RESULTS:: 23:51:31: root                               EvaluationManager.py <_prstr>179 :  Average reward  = 11.09 +- 0.55
RESULTS:: 23:51:31: root                               EvaluationManager.py <_prstr>179 :  Average success = 94.00 +- 2.09
RESULTS:: 23:51:31: root                               EvaluationManager.py <_prstr>179 :  Average turns   = 7.71 +- 0.30
RESULTS:: 23:51:31: root                                   pydial.py <train_command>791 :  List of domains: Laptops11
RESULTS:: 23:51:31: root                                      pydial.py <trainBatch>409 :  *** Training Iteration env1-LAP-tau_nodrop_4020_250150-seed9-00.7->env1-LAP-tau_nodrop_4020_250150-seed9-00.8: iter=7, error-rate=0, num-dialogs=1000 ***
RESULTS:: 00:37:50: root                               EvaluationManager.py <_prstr>179 :  Results for domain: Laptops11 --evaluated by: objective success evaluator
RESULTS:: 00:37:50: root                               EvaluationManager.py <_prstr>179 :  # of dialogues  = 1000
RESULTS:: 00:37:50: root                               EvaluationManager.py <_prstr>179 :  Average reward  = 8.64 +- 0.54
RESULTS:: 00:37:50: root                               EvaluationManager.py <_prstr>179 :  Average success = 90.20 +- 1.84
RESULTS:: 00:37:50: root                               EvaluationManager.py <_prstr>179 :  Average turns   = 9.40 +- 0.29
RESULTS:: 00:37:50: root                                   pydial.py <setEvalConfig>470 :  *** Evaluating env1-LAP-tau_nodrop_4020_250150-seed9-00.8: error-rate=0 num-dialogs=500 ***
RESULTS:: 00:54:13: root                               EvaluationManager.py <_prstr>179 :  Results for domain: Laptops11 --evaluated by: objective success evaluator
RESULTS:: 00:54:13: root                               EvaluationManager.py <_prstr>179 :  # of dialogues  = 500
RESULTS:: 00:54:13: root                               EvaluationManager.py <_prstr>179 :  Average reward  = 10.24 +- 0.68
RESULTS:: 00:54:13: root                               EvaluationManager.py <_prstr>179 :  Average success = 86.60 +- 2.99
RESULTS:: 00:54:13: root                               EvaluationManager.py <_prstr>179 :  Average turns   = 7.08 +- 0.23
RESULTS:: 00:54:13: root                                   pydial.py <train_command>791 :  List of domains: Laptops11
RESULTS:: 00:54:13: root                                      pydial.py <trainBatch>409 :  *** Training Iteration env1-LAP-tau_nodrop_4020_250150-seed9-00.8->env1-LAP-tau_nodrop_4020_250150-seed9-00.9: iter=8, error-rate=0, num-dialogs=1000 ***
RESULTS:: 01:37:47: root                               EvaluationManager.py <_prstr>179 :  Results for domain: Laptops11 --evaluated by: objective success evaluator
RESULTS:: 01:37:47: root                               EvaluationManager.py <_prstr>179 :  # of dialogues  = 1000
RESULTS:: 01:37:47: root                               EvaluationManager.py <_prstr>179 :  Average reward  = 9.49 +- 0.48
RESULTS:: 01:37:47: root                               EvaluationManager.py <_prstr>179 :  Average success = 91.90 +- 1.69
RESULTS:: 01:37:47: root                               EvaluationManager.py <_prstr>179 :  Average turns   = 8.89 +- 0.26
RESULTS:: 01:37:47: root                                   pydial.py <setEvalConfig>470 :  *** Evaluating env1-LAP-tau_nodrop_4020_250150-seed9-00.9: error-rate=0 num-dialogs=500 ***
RESULTS:: 01:55:34: root                               EvaluationManager.py <_prstr>179 :  Results for domain: Laptops11 --evaluated by: objective success evaluator
RESULTS:: 01:55:34: root                               EvaluationManager.py <_prstr>179 :  # of dialogues  = 500
RESULTS:: 01:55:34: root                               EvaluationManager.py <_prstr>179 :  Average reward  = 8.91 +- 0.78
RESULTS:: 01:55:34: root                               EvaluationManager.py <_prstr>179 :  Average success = 82.60 +- 3.33
RESULTS:: 01:55:34: root                               EvaluationManager.py <_prstr>179 :  Average turns   = 7.61 +- 0.29
RESULTS:: 01:55:34: root                                   pydial.py <train_command>791 :  List of domains: Laptops11
RESULTS:: 01:55:34: root                                      pydial.py <trainBatch>409 :  *** Training Iteration env1-LAP-tau_nodrop_4020_250150-seed9-00.9->env1-LAP-tau_nodrop_4020_250150-seed9-00.10: iter=9, error-rate=0, num-dialogs=1000 ***
RESULTS:: 02:39:10: root                               EvaluationManager.py <_prstr>179 :  Results for domain: Laptops11 --evaluated by: objective success evaluator
RESULTS:: 02:39:10: root                               EvaluationManager.py <_prstr>179 :  # of dialogues  = 1000
RESULTS:: 02:39:10: root                               EvaluationManager.py <_prstr>179 :  Average reward  = 8.47 +- 0.53
RESULTS:: 02:39:10: root                               EvaluationManager.py <_prstr>179 :  Average success = 86.30 +- 2.13
RESULTS:: 02:39:10: root                               EvaluationManager.py <_prstr>179 :  Average turns   = 8.79 +- 0.26
RESULTS:: 02:39:10: root                                   pydial.py <setEvalConfig>470 :  *** Evaluating env1-LAP-tau_nodrop_4020_250150-seed9-00.10: error-rate=0 num-dialogs=500 ***
RESULTS:: 02:56:35: root                               EvaluationManager.py <_prstr>179 :  Results for domain: Laptops11 --evaluated by: objective success evaluator
RESULTS:: 02:56:35: root                               EvaluationManager.py <_prstr>179 :  # of dialogues  = 500
RESULTS:: 02:56:35: root                               EvaluationManager.py <_prstr>179 :  Average reward  = 10.17 +- 0.67
RESULTS:: 02:56:35: root                               EvaluationManager.py <_prstr>179 :  Average success = 88.60 +- 2.79
RESULTS:: 02:56:35: root                               EvaluationManager.py <_prstr>179 :  Average turns   = 7.55 +- 0.27
RESULTS:: 02:56:35: root                                   pydial.py <train_command>807 :  *** Training complete. log: env1-LAP-tau_nodrop_4020_250150-seed9-00.1-10.train.log - final policy is env1-LAP-tau_nodrop_4020_250150-00-10
