RESULTS:: 03:25:51: root                                   pydial.py <train_command>791 :  List of domains: Laptops11
RESULTS:: 03:25:51: root                                      pydial.py <trainBatch>409 :  *** Training Iteration env1-LAP-tau_nodrop_3020_200100-seed8-00.0->env1-LAP-tau_nodrop_3020_200100-seed8-00.1: iter=0, error-rate=0, num-dialogs=1000 ***
RESULTS:: 03:47:35: root                               EvaluationManager.py <_prstr>179 :  Results for domain: Laptops11 --evaluated by: objective success evaluator
RESULTS:: 03:47:37: root                               EvaluationManager.py <_prstr>179 :  # of dialogues  = 1000
RESULTS:: 03:47:37: root                               EvaluationManager.py <_prstr>179 :  Average reward  = 6.33 +- 0.65
RESULTS:: 03:47:37: root                               EvaluationManager.py <_prstr>179 :  Average success = 78.10 +- 2.57
RESULTS:: 03:47:37: root                               EvaluationManager.py <_prstr>179 :  Average turns   = 9.29 +- 0.28
RESULTS:: 03:47:37: root                                   pydial.py <setEvalConfig>470 :  *** Evaluating env1-LAP-tau_nodrop_3020_200100-seed8-00.1: error-rate=0 num-dialogs=500 ***
RESULTS:: 03:56:40: root                               EvaluationManager.py <_prstr>179 :  Results for domain: Laptops11 --evaluated by: objective success evaluator
RESULTS:: 03:56:40: root                               EvaluationManager.py <_prstr>179 :  # of dialogues  = 500
RESULTS:: 03:56:40: root                               EvaluationManager.py <_prstr>179 :  Average reward  = 9.50 +- 0.75
RESULTS:: 03:56:40: root                               EvaluationManager.py <_prstr>179 :  Average success = 83.40 +- 3.27
RESULTS:: 03:56:40: root                               EvaluationManager.py <_prstr>179 :  Average turns   = 7.18 +- 0.24
RESULTS:: 03:56:40: root                                   pydial.py <train_command>791 :  List of domains: Laptops11
RESULTS:: 03:56:40: root                                      pydial.py <trainBatch>409 :  *** Training Iteration env1-LAP-tau_nodrop_3020_200100-seed8-00.1->env1-LAP-tau_nodrop_3020_200100-seed8-00.2: iter=1, error-rate=0, num-dialogs=1000 ***
RESULTS:: 04:19:38: root                               EvaluationManager.py <_prstr>179 :  Results for domain: Laptops11 --evaluated by: objective success evaluator
RESULTS:: 04:19:39: root                               EvaluationManager.py <_prstr>179 :  # of dialogues  = 1000
RESULTS:: 04:19:39: root                               EvaluationManager.py <_prstr>179 :  Average reward  = 10.27 +- 0.40
RESULTS:: 04:19:39: root                               EvaluationManager.py <_prstr>179 :  Average success = 94.20 +- 1.45
RESULTS:: 04:19:39: root                               EvaluationManager.py <_prstr>179 :  Average turns   = 8.57 +- 0.24
RESULTS:: 04:19:39: root                                   pydial.py <setEvalConfig>470 :  *** Evaluating env1-LAP-tau_nodrop_3020_200100-seed8-00.2: error-rate=0 num-dialogs=500 ***
RESULTS:: 04:29:32: root                               EvaluationManager.py <_prstr>179 :  Results for domain: Laptops11 --evaluated by: objective success evaluator
RESULTS:: 04:29:36: root                               EvaluationManager.py <_prstr>179 :  # of dialogues  = 500
RESULTS:: 04:29:36: root                               EvaluationManager.py <_prstr>179 :  Average reward  = 12.34 +- 0.39
RESULTS:: 04:29:36: root                               EvaluationManager.py <_prstr>179 :  Average success = 98.00 +- 1.23
RESULTS:: 04:29:36: root                               EvaluationManager.py <_prstr>179 :  Average turns   = 7.26 +- 0.25
RESULTS:: 04:29:36: root                                   pydial.py <train_command>791 :  List of domains: Laptops11
RESULTS:: 04:29:36: root                                      pydial.py <trainBatch>409 :  *** Training Iteration env1-LAP-tau_nodrop_3020_200100-seed8-00.2->env1-LAP-tau_nodrop_3020_200100-seed8-00.3: iter=2, error-rate=0, num-dialogs=1000 ***
RESULTS:: 04:53:44: root                               EvaluationManager.py <_prstr>179 :  Results for domain: Laptops11 --evaluated by: objective success evaluator
RESULTS:: 04:53:44: root                               EvaluationManager.py <_prstr>179 :  # of dialogues  = 1000
RESULTS:: 04:53:44: root                               EvaluationManager.py <_prstr>179 :  Average reward  = 9.37 +- 0.47
RESULTS:: 04:53:44: root                               EvaluationManager.py <_prstr>179 :  Average success = 92.20 +- 1.66
RESULTS:: 04:53:44: root                               EvaluationManager.py <_prstr>179 :  Average turns   = 9.07 +- 0.26
RESULTS:: 04:53:44: root                                   pydial.py <setEvalConfig>470 :  *** Evaluating env1-LAP-tau_nodrop_3020_200100-seed8-00.3: error-rate=0 num-dialogs=500 ***
RESULTS:: 05:02:10: root                               EvaluationManager.py <_prstr>179 :  Results for domain: Laptops11 --evaluated by: objective success evaluator
RESULTS:: 05:02:10: root                               EvaluationManager.py <_prstr>179 :  # of dialogues  = 500
RESULTS:: 05:02:10: root                               EvaluationManager.py <_prstr>179 :  Average reward  = 11.77 +- 0.46
RESULTS:: 05:02:10: root                               EvaluationManager.py <_prstr>179 :  Average success = 95.80 +- 1.76
RESULTS:: 05:02:10: root                               EvaluationManager.py <_prstr>179 :  Average turns   = 7.39 +- 0.26
RESULTS:: 05:02:10: root                                   pydial.py <train_command>791 :  List of domains: Laptops11
RESULTS:: 05:02:10: root                                      pydial.py <trainBatch>409 :  *** Training Iteration env1-LAP-tau_nodrop_3020_200100-seed8-00.3->env1-LAP-tau_nodrop_3020_200100-seed8-00.4: iter=3, error-rate=0, num-dialogs=1000 ***
RESULTS:: 05:26:17: root                               EvaluationManager.py <_prstr>179 :  Results for domain: Laptops11 --evaluated by: objective success evaluator
RESULTS:: 05:26:17: root                               EvaluationManager.py <_prstr>179 :  # of dialogues  = 1000
RESULTS:: 05:26:17: root                               EvaluationManager.py <_prstr>179 :  Average reward  = 8.92 +- 0.53
RESULTS:: 05:26:17: root                               EvaluationManager.py <_prstr>179 :  Average success = 90.10 +- 1.85
RESULTS:: 05:26:17: root                               EvaluationManager.py <_prstr>179 :  Average turns   = 9.10 +- 0.28
RESULTS:: 05:26:17: root                                   pydial.py <setEvalConfig>470 :  *** Evaluating env1-LAP-tau_nodrop_3020_200100-seed8-00.4: error-rate=0 num-dialogs=500 ***
RESULTS:: 05:34:53: root                               EvaluationManager.py <_prstr>179 :  Results for domain: Laptops11 --evaluated by: objective success evaluator
RESULTS:: 05:34:55: root                               EvaluationManager.py <_prstr>179 :  # of dialogues  = 500
RESULTS:: 05:34:55: root                               EvaluationManager.py <_prstr>179 :  Average reward  = 10.47 +- 0.64
RESULTS:: 05:34:55: root                               EvaluationManager.py <_prstr>179 :  Average success = 90.60 +- 2.56
RESULTS:: 05:34:55: root                               EvaluationManager.py <_prstr>179 :  Average turns   = 7.65 +- 0.28
RESULTS:: 05:34:55: root                                   pydial.py <train_command>791 :  List of domains: Laptops11
RESULTS:: 05:34:55: root                                      pydial.py <trainBatch>409 :  *** Training Iteration env1-LAP-tau_nodrop_3020_200100-seed8-00.4->env1-LAP-tau_nodrop_3020_200100-seed8-00.5: iter=4, error-rate=0, num-dialogs=1000 ***
RESULTS:: 05:59:31: root                               EvaluationManager.py <_prstr>179 :  Results for domain: Laptops11 --evaluated by: objective success evaluator
RESULTS:: 05:59:31: root                               EvaluationManager.py <_prstr>179 :  # of dialogues  = 1000
RESULTS:: 05:59:31: root                               EvaluationManager.py <_prstr>179 :  Average reward  = 10.04 +- 0.43
RESULTS:: 05:59:31: root                               EvaluationManager.py <_prstr>179 :  Average success = 95.10 +- 1.34
RESULTS:: 05:59:31: root                               EvaluationManager.py <_prstr>179 :  Average turns   = 8.97 +- 0.26
RESULTS:: 05:59:31: root                                   pydial.py <setEvalConfig>470 :  *** Evaluating env1-LAP-tau_nodrop_3020_200100-seed8-00.5: error-rate=0 num-dialogs=500 ***
RESULTS:: 06:08:11: root                               EvaluationManager.py <_prstr>179 :  Results for domain: Laptops11 --evaluated by: objective success evaluator
RESULTS:: 06:08:11: root                               EvaluationManager.py <_prstr>179 :  # of dialogues  = 500
RESULTS:: 06:08:11: root                               EvaluationManager.py <_prstr>179 :  Average reward  = 10.71 +- 0.59
RESULTS:: 06:08:11: root                               EvaluationManager.py <_prstr>179 :  Average success = 91.40 +- 2.46
RESULTS:: 06:08:11: root                               EvaluationManager.py <_prstr>179 :  Average turns   = 7.57 +- 0.25
RESULTS:: 06:08:11: root                                   pydial.py <train_command>791 :  List of domains: Laptops11
RESULTS:: 06:08:11: root                                      pydial.py <trainBatch>409 :  *** Training Iteration env1-LAP-tau_nodrop_3020_200100-seed8-00.5->env1-LAP-tau_nodrop_3020_200100-seed8-00.6: iter=5, error-rate=0, num-dialogs=1000 ***
RESULTS:: 06:30:10: root                               EvaluationManager.py <_prstr>179 :  Results for domain: Laptops11 --evaluated by: objective success evaluator
RESULTS:: 06:30:10: root                               EvaluationManager.py <_prstr>179 :  # of dialogues  = 1000
RESULTS:: 06:30:10: root                               EvaluationManager.py <_prstr>179 :  Average reward  = 8.87 +- 0.51
RESULTS:: 06:30:10: root                               EvaluationManager.py <_prstr>179 :  Average success = 88.40 +- 1.99
RESULTS:: 06:30:10: root                               EvaluationManager.py <_prstr>179 :  Average turns   = 8.81 +- 0.25
RESULTS:: 06:30:10: root                                   pydial.py <setEvalConfig>470 :  *** Evaluating env1-LAP-tau_nodrop_3020_200100-seed8-00.6: error-rate=0 num-dialogs=500 ***
RESULTS:: 06:38:30: root                               EvaluationManager.py <_prstr>179 :  Results for domain: Laptops11 --evaluated by: objective success evaluator
RESULTS:: 06:38:30: root                               EvaluationManager.py <_prstr>179 :  # of dialogues  = 500
RESULTS:: 06:38:30: root                               EvaluationManager.py <_prstr>179 :  Average reward  = 9.82 +- 0.70
RESULTS:: 06:38:30: root                               EvaluationManager.py <_prstr>179 :  Average success = 85.60 +- 3.08
RESULTS:: 06:38:30: root                               EvaluationManager.py <_prstr>179 :  Average turns   = 7.30 +- 0.22
RESULTS:: 06:38:30: root                                   pydial.py <train_command>791 :  List of domains: Laptops11
RESULTS:: 06:38:30: root                                      pydial.py <trainBatch>409 :  *** Training Iteration env1-LAP-tau_nodrop_3020_200100-seed8-00.6->env1-LAP-tau_nodrop_3020_200100-seed8-00.7: iter=6, error-rate=0, num-dialogs=1000 ***
RESULTS:: 06:57:14: root                               EvaluationManager.py <_prstr>179 :  Results for domain: Laptops11 --evaluated by: objective success evaluator
RESULTS:: 06:57:14: root                               EvaluationManager.py <_prstr>179 :  # of dialogues  = 1000
RESULTS:: 06:57:14: root                               EvaluationManager.py <_prstr>179 :  Average reward  = 9.29 +- 0.48
RESULTS:: 06:57:14: root                               EvaluationManager.py <_prstr>179 :  Average success = 90.30 +- 1.84
RESULTS:: 06:57:14: root                               EvaluationManager.py <_prstr>179 :  Average turns   = 8.77 +- 0.24
RESULTS:: 06:57:14: root                                   pydial.py <setEvalConfig>470 :  *** Evaluating env1-LAP-tau_nodrop_3020_200100-seed8-00.7: error-rate=0 num-dialogs=500 ***
RESULTS:: 07:04:18: root                               EvaluationManager.py <_prstr>179 :  Results for domain: Laptops11 --evaluated by: objective success evaluator
RESULTS:: 07:04:18: root                               EvaluationManager.py <_prstr>179 :  # of dialogues  = 500
RESULTS:: 07:04:18: root                               EvaluationManager.py <_prstr>179 :  Average reward  = 4.28 +- 0.91
RESULTS:: 07:04:18: root                               EvaluationManager.py <_prstr>179 :  Average success = 53.40 +- 4.38
RESULTS:: 07:04:18: root                               EvaluationManager.py <_prstr>179 :  Average turns   = 6.40 +- 0.15
RESULTS:: 07:04:18: root                                   pydial.py <train_command>791 :  List of domains: Laptops11
RESULTS:: 07:04:18: root                                      pydial.py <trainBatch>409 :  *** Training Iteration env1-LAP-tau_nodrop_3020_200100-seed8-00.7->env1-LAP-tau_nodrop_3020_200100-seed8-00.8: iter=7, error-rate=0, num-dialogs=1000 ***
RESULTS:: 07:24:47: root                               EvaluationManager.py <_prstr>179 :  Results for domain: Laptops11 --evaluated by: objective success evaluator
RESULTS:: 07:24:47: root                               EvaluationManager.py <_prstr>179 :  # of dialogues  = 1000
RESULTS:: 07:24:47: root                               EvaluationManager.py <_prstr>179 :  Average reward  = 9.11 +- 0.51
RESULTS:: 07:24:47: root                               EvaluationManager.py <_prstr>179 :  Average success = 89.90 +- 1.87
RESULTS:: 07:24:47: root                               EvaluationManager.py <_prstr>179 :  Average turns   = 8.87 +- 0.25
RESULTS:: 07:24:47: root                                   pydial.py <setEvalConfig>470 :  *** Evaluating env1-LAP-tau_nodrop_3020_200100-seed8-00.8: error-rate=0 num-dialogs=500 ***
RESULTS:: 07:37:18: root                               EvaluationManager.py <_prstr>179 :  Results for domain: Laptops11 --evaluated by: objective success evaluator
RESULTS:: 07:37:19: root                               EvaluationManager.py <_prstr>179 :  # of dialogues  = 500
RESULTS:: 07:37:20: root                               EvaluationManager.py <_prstr>179 :  Average reward  = 11.76 +- 0.49
RESULTS:: 07:37:20: root                               EvaluationManager.py <_prstr>179 :  Average success = 96.00 +- 1.72
RESULTS:: 07:37:20: root                               EvaluationManager.py <_prstr>179 :  Average turns   = 7.44 +- 0.27
RESULTS:: 07:37:20: root                                   pydial.py <train_command>791 :  List of domains: Laptops11
RESULTS:: 07:37:20: root                                      pydial.py <trainBatch>409 :  *** Training Iteration env1-LAP-tau_nodrop_3020_200100-seed8-00.8->env1-LAP-tau_nodrop_3020_200100-seed8-00.9: iter=8, error-rate=0, num-dialogs=1000 ***
RESULTS:: 08:39:00: root                               EvaluationManager.py <_prstr>179 :  Results for domain: Laptops11 --evaluated by: objective success evaluator
RESULTS:: 08:39:01: root                               EvaluationManager.py <_prstr>179 :  # of dialogues  = 1000
RESULTS:: 08:39:01: root                               EvaluationManager.py <_prstr>179 :  Average reward  = 9.88 +- 0.48
RESULTS:: 08:39:01: root                               EvaluationManager.py <_prstr>179 :  Average success = 92.70 +- 1.61
RESULTS:: 08:39:01: root                               EvaluationManager.py <_prstr>179 :  Average turns   = 8.66 +- 0.27
RESULTS:: 08:39:01: root                                   pydial.py <setEvalConfig>470 :  *** Evaluating env1-LAP-tau_nodrop_3020_200100-seed8-00.9: error-rate=0 num-dialogs=500 ***
RESULTS:: 08:59:36: root                               EvaluationManager.py <_prstr>179 :  Results for domain: Laptops11 --evaluated by: objective success evaluator
RESULTS:: 08:59:36: root                               EvaluationManager.py <_prstr>179 :  # of dialogues  = 500
RESULTS:: 08:59:36: root                               EvaluationManager.py <_prstr>179 :  Average reward  = 9.29 +- 0.75
RESULTS:: 08:59:36: root                               EvaluationManager.py <_prstr>179 :  Average success = 84.80 +- 3.15
RESULTS:: 08:59:36: root                               EvaluationManager.py <_prstr>179 :  Average turns   = 7.67 +- 0.29
RESULTS:: 08:59:36: root                                   pydial.py <train_command>791 :  List of domains: Laptops11
RESULTS:: 08:59:36: root                                      pydial.py <trainBatch>409 :  *** Training Iteration env1-LAP-tau_nodrop_3020_200100-seed8-00.9->env1-LAP-tau_nodrop_3020_200100-seed8-00.10: iter=9, error-rate=0, num-dialogs=1000 ***
RESULTS:: 09:46:24: root                               EvaluationManager.py <_prstr>179 :  Results for domain: Laptops11 --evaluated by: objective success evaluator
RESULTS:: 09:46:24: root                               EvaluationManager.py <_prstr>179 :  # of dialogues  = 1000
RESULTS:: 09:46:24: root                               EvaluationManager.py <_prstr>179 :  Average reward  = 9.97 +- 0.45
RESULTS:: 09:46:24: root                               EvaluationManager.py <_prstr>179 :  Average success = 93.00 +- 1.58
RESULTS:: 09:46:24: root                               EvaluationManager.py <_prstr>179 :  Average turns   = 8.63 +- 0.25
RESULTS:: 09:46:24: root                                   pydial.py <setEvalConfig>470 :  *** Evaluating env1-LAP-tau_nodrop_3020_200100-seed8-00.10: error-rate=0 num-dialogs=500 ***
RESULTS:: 10:05:33: root                               EvaluationManager.py <_prstr>179 :  Results for domain: Laptops11 --evaluated by: objective success evaluator
RESULTS:: 10:05:33: root                               EvaluationManager.py <_prstr>179 :  # of dialogues  = 500
RESULTS:: 10:05:33: root                               EvaluationManager.py <_prstr>179 :  Average reward  = 11.28 +- 0.53
RESULTS:: 10:05:33: root                               EvaluationManager.py <_prstr>179 :  Average success = 93.40 +- 2.18
RESULTS:: 10:05:33: root                               EvaluationManager.py <_prstr>179 :  Average turns   = 7.40 +- 0.24
RESULTS:: 10:05:33: root                                   pydial.py <train_command>807 :  *** Training complete. log: env1-LAP-tau_nodrop_3020_200100-seed8-00.1-10.train.log - final policy is env1-LAP-tau_nodrop_3020_200100-00-10
