RESULTS:: 06:17:52: root                                   pydial.py <train_command>791 :  List of domains: Laptops11
RESULTS:: 06:17:52: root                                      pydial.py <trainBatch>409 :  *** Training Iteration env1-LAP-tau_nodrop_3020_200100-seed9-00.0->env1-LAP-tau_nodrop_3020_200100-seed9-00.1: iter=0, error-rate=0, num-dialogs=1000 ***
RESULTS:: 06:37:58: root                               EvaluationManager.py <_prstr>179 :  Results for domain: Laptops11 --evaluated by: objective success evaluator
RESULTS:: 06:37:58: root                               EvaluationManager.py <_prstr>179 :  # of dialogues  = 1000
RESULTS:: 06:37:58: root                               EvaluationManager.py <_prstr>179 :  Average reward  = 6.96 +- 0.62
RESULTS:: 06:37:58: root                               EvaluationManager.py <_prstr>179 :  Average success = 79.60 +- 2.50
RESULTS:: 06:37:58: root                               EvaluationManager.py <_prstr>179 :  Average turns   = 8.96 +- 0.26
RESULTS:: 06:37:58: root                                   pydial.py <setEvalConfig>470 :  *** Evaluating env1-LAP-tau_nodrop_3020_200100-seed9-00.1: error-rate=0 num-dialogs=500 ***
RESULTS:: 06:45:44: root                               EvaluationManager.py <_prstr>179 :  Results for domain: Laptops11 --evaluated by: objective success evaluator
RESULTS:: 06:45:44: root                               EvaluationManager.py <_prstr>179 :  # of dialogues  = 500
RESULTS:: 06:45:44: root                               EvaluationManager.py <_prstr>179 :  Average reward  = 9.66 +- 0.74
RESULTS:: 06:45:44: root                               EvaluationManager.py <_prstr>179 :  Average success = 87.20 +- 2.94
RESULTS:: 06:45:44: root                               EvaluationManager.py <_prstr>179 :  Average turns   = 7.78 +- 0.30
RESULTS:: 06:45:44: root                                   pydial.py <train_command>791 :  List of domains: Laptops11
RESULTS:: 06:45:44: root                                      pydial.py <trainBatch>409 :  *** Training Iteration env1-LAP-tau_nodrop_3020_200100-seed9-00.1->env1-LAP-tau_nodrop_3020_200100-seed9-00.2: iter=1, error-rate=0, num-dialogs=1000 ***
RESULTS:: 07:07:12: root                               EvaluationManager.py <_prstr>179 :  Results for domain: Laptops11 --evaluated by: objective success evaluator
RESULTS:: 07:07:12: root                               EvaluationManager.py <_prstr>179 :  # of dialogues  = 1000
RESULTS:: 07:07:12: root                               EvaluationManager.py <_prstr>179 :  Average reward  = 7.28 +- 0.64
RESULTS:: 07:07:12: root                               EvaluationManager.py <_prstr>179 :  Average success = 84.30 +- 2.26
RESULTS:: 07:07:12: root                               EvaluationManager.py <_prstr>179 :  Average turns   = 9.58 +- 0.30
RESULTS:: 07:07:12: root                                   pydial.py <setEvalConfig>470 :  *** Evaluating env1-LAP-tau_nodrop_3020_200100-seed9-00.2: error-rate=0 num-dialogs=500 ***
RESULTS:: 07:14:31: root                               EvaluationManager.py <_prstr>179 :  Results for domain: Laptops11 --evaluated by: objective success evaluator
RESULTS:: 07:14:31: root                               EvaluationManager.py <_prstr>179 :  # of dialogues  = 500
RESULTS:: 07:14:31: root                               EvaluationManager.py <_prstr>179 :  Average reward  = 3.92 +- 0.91
RESULTS:: 07:14:31: root                               EvaluationManager.py <_prstr>179 :  Average success = 53.40 +- 4.38
RESULTS:: 07:14:31: root                               EvaluationManager.py <_prstr>179 :  Average turns   = 6.76 +- 0.17
RESULTS:: 07:14:31: root                                   pydial.py <train_command>791 :  List of domains: Laptops11
RESULTS:: 07:14:31: root                                      pydial.py <trainBatch>409 :  *** Training Iteration env1-LAP-tau_nodrop_3020_200100-seed9-00.2->env1-LAP-tau_nodrop_3020_200100-seed9-00.3: iter=2, error-rate=0, num-dialogs=1000 ***
RESULTS:: 07:44:59: root                               EvaluationManager.py <_prstr>179 :  Results for domain: Laptops11 --evaluated by: objective success evaluator
RESULTS:: 07:45:01: root                               EvaluationManager.py <_prstr>179 :  # of dialogues  = 1000
RESULTS:: 07:45:01: root                               EvaluationManager.py <_prstr>179 :  Average reward  = 9.66 +- 0.47
RESULTS:: 07:45:01: root                               EvaluationManager.py <_prstr>179 :  Average success = 93.30 +- 1.55
RESULTS:: 07:45:01: root                               EvaluationManager.py <_prstr>179 :  Average turns   = 9.00 +- 0.26
RESULTS:: 07:45:01: root                                   pydial.py <setEvalConfig>470 :  *** Evaluating env1-LAP-tau_nodrop_3020_200100-seed9-00.3: error-rate=0 num-dialogs=500 ***
RESULTS:: 08:10:23: root                               EvaluationManager.py <_prstr>179 :  Results for domain: Laptops11 --evaluated by: objective success evaluator
RESULTS:: 08:10:23: root                               EvaluationManager.py <_prstr>179 :  # of dialogues  = 500
RESULTS:: 08:10:23: root                               EvaluationManager.py <_prstr>179 :  Average reward  = 11.88 +- 0.48
RESULTS:: 08:10:23: root                               EvaluationManager.py <_prstr>179 :  Average success = 96.60 +- 1.59
RESULTS:: 08:10:23: root                               EvaluationManager.py <_prstr>179 :  Average turns   = 7.44 +- 0.27
RESULTS:: 08:10:23: root                                   pydial.py <train_command>791 :  List of domains: Laptops11
RESULTS:: 08:10:23: root                                      pydial.py <trainBatch>409 :  *** Training Iteration env1-LAP-tau_nodrop_3020_200100-seed9-00.3->env1-LAP-tau_nodrop_3020_200100-seed9-00.4: iter=3, error-rate=0, num-dialogs=1000 ***
RESULTS:: 08:59:19: root                               EvaluationManager.py <_prstr>179 :  Results for domain: Laptops11 --evaluated by: objective success evaluator
RESULTS:: 08:59:20: root                               EvaluationManager.py <_prstr>179 :  # of dialogues  = 1000
RESULTS:: 08:59:20: root                               EvaluationManager.py <_prstr>179 :  Average reward  = 9.17 +- 0.51
RESULTS:: 08:59:20: root                               EvaluationManager.py <_prstr>179 :  Average success = 90.90 +- 1.78
RESULTS:: 08:59:20: root                               EvaluationManager.py <_prstr>179 :  Average turns   = 9.01 +- 0.27
RESULTS:: 08:59:20: root                                   pydial.py <setEvalConfig>470 :  *** Evaluating env1-LAP-tau_nodrop_3020_200100-seed9-00.4: error-rate=0 num-dialogs=500 ***
RESULTS:: 09:20:00: root                               EvaluationManager.py <_prstr>179 :  Results for domain: Laptops11 --evaluated by: objective success evaluator
RESULTS:: 09:20:00: root                               EvaluationManager.py <_prstr>179 :  # of dialogues  = 500
RESULTS:: 09:20:01: root                               EvaluationManager.py <_prstr>179 :  Average reward  = 11.31 +- 0.56
RESULTS:: 09:20:01: root                               EvaluationManager.py <_prstr>179 :  Average success = 95.40 +- 1.84
RESULTS:: 09:20:01: root                               EvaluationManager.py <_prstr>179 :  Average turns   = 7.77 +- 0.32
RESULTS:: 09:20:01: root                                   pydial.py <train_command>791 :  List of domains: Laptops11
RESULTS:: 09:20:01: root                                      pydial.py <trainBatch>409 :  *** Training Iteration env1-LAP-tau_nodrop_3020_200100-seed9-00.4->env1-LAP-tau_nodrop_3020_200100-seed9-00.5: iter=4, error-rate=0, num-dialogs=1000 ***
RESULTS:: 10:07:49: root                               EvaluationManager.py <_prstr>179 :  Results for domain: Laptops11 --evaluated by: objective success evaluator
RESULTS:: 10:07:49: root                               EvaluationManager.py <_prstr>179 :  # of dialogues  = 1000
RESULTS:: 10:07:49: root                               EvaluationManager.py <_prstr>179 :  Average reward  = 9.67 +- 0.47
RESULTS:: 10:07:49: root                               EvaluationManager.py <_prstr>179 :  Average success = 93.00 +- 1.58
RESULTS:: 10:07:49: root                               EvaluationManager.py <_prstr>179 :  Average turns   = 8.93 +- 0.26
RESULTS:: 10:07:49: root                                   pydial.py <setEvalConfig>470 :  *** Evaluating env1-LAP-tau_nodrop_3020_200100-seed9-00.5: error-rate=0 num-dialogs=500 ***
RESULTS:: 10:23:11: root                               EvaluationManager.py <_prstr>179 :  Results for domain: Laptops11 --evaluated by: objective success evaluator
RESULTS:: 10:23:11: root                               EvaluationManager.py <_prstr>179 :  # of dialogues  = 500
RESULTS:: 10:23:11: root                               EvaluationManager.py <_prstr>179 :  Average reward  = 8.15 +- 0.81
RESULTS:: 10:23:11: root                               EvaluationManager.py <_prstr>179 :  Average success = 76.20 +- 3.74
RESULTS:: 10:23:11: root                               EvaluationManager.py <_prstr>179 :  Average turns   = 7.09 +- 0.21
RESULTS:: 10:23:11: root                                   pydial.py <train_command>791 :  List of domains: Laptops11
RESULTS:: 10:23:11: root                                      pydial.py <trainBatch>409 :  *** Training Iteration env1-LAP-tau_nodrop_3020_200100-seed9-00.5->env1-LAP-tau_nodrop_3020_200100-seed9-00.6: iter=5, error-rate=0, num-dialogs=1000 ***
RESULTS:: 10:47:13: root                               EvaluationManager.py <_prstr>179 :  Results for domain: Laptops11 --evaluated by: objective success evaluator
RESULTS:: 10:47:13: root                               EvaluationManager.py <_prstr>179 :  # of dialogues  = 1000
RESULTS:: 10:47:13: root                               EvaluationManager.py <_prstr>179 :  Average reward  = 9.75 +- 0.47
RESULTS:: 10:47:13: root                               EvaluationManager.py <_prstr>179 :  Average success = 93.50 +- 1.53
RESULTS:: 10:47:13: root                               EvaluationManager.py <_prstr>179 :  Average turns   = 8.95 +- 0.26
RESULTS:: 10:47:13: root                                   pydial.py <setEvalConfig>470 :  *** Evaluating env1-LAP-tau_nodrop_3020_200100-seed9-00.6: error-rate=0 num-dialogs=500 ***
RESULTS:: 10:55:21: root                               EvaluationManager.py <_prstr>179 :  Results for domain: Laptops11 --evaluated by: objective success evaluator
RESULTS:: 10:55:21: root                               EvaluationManager.py <_prstr>179 :  # of dialogues  = 500
RESULTS:: 10:55:21: root                               EvaluationManager.py <_prstr>179 :  Average reward  = 11.18 +- 0.55
RESULTS:: 10:55:21: root                               EvaluationManager.py <_prstr>179 :  Average success = 94.60 +- 1.99
RESULTS:: 10:55:21: root                               EvaluationManager.py <_prstr>179 :  Average turns   = 7.74 +- 0.30
RESULTS:: 10:55:21: root                                   pydial.py <train_command>791 :  List of domains: Laptops11
RESULTS:: 10:55:21: root                                      pydial.py <trainBatch>409 :  *** Training Iteration env1-LAP-tau_nodrop_3020_200100-seed9-00.6->env1-LAP-tau_nodrop_3020_200100-seed9-00.7: iter=6, error-rate=0, num-dialogs=1000 ***
RESULTS:: 11:15:55: root                               EvaluationManager.py <_prstr>179 :  Results for domain: Laptops11 --evaluated by: objective success evaluator
RESULTS:: 11:15:55: root                               EvaluationManager.py <_prstr>179 :  # of dialogues  = 1000
RESULTS:: 11:15:55: root                               EvaluationManager.py <_prstr>179 :  Average reward  = 8.62 +- 0.56
RESULTS:: 11:15:55: root                               EvaluationManager.py <_prstr>179 :  Average success = 89.00 +- 1.94
RESULTS:: 11:15:55: root                               EvaluationManager.py <_prstr>179 :  Average turns   = 9.18 +- 0.28
RESULTS:: 11:15:55: root                                   pydial.py <setEvalConfig>470 :  *** Evaluating env1-LAP-tau_nodrop_3020_200100-seed9-00.7: error-rate=0 num-dialogs=500 ***
RESULTS:: 11:24:34: root                               EvaluationManager.py <_prstr>179 :  Results for domain: Laptops11 --evaluated by: objective success evaluator
RESULTS:: 11:24:34: root                               EvaluationManager.py <_prstr>179 :  # of dialogues  = 500
RESULTS:: 11:24:34: root                               EvaluationManager.py <_prstr>179 :  Average reward  = 9.45 +- 0.72
RESULTS:: 11:24:34: root                               EvaluationManager.py <_prstr>179 :  Average success = 88.60 +- 2.79
RESULTS:: 11:24:34: root                               EvaluationManager.py <_prstr>179 :  Average turns   = 8.27 +- 0.30
RESULTS:: 11:24:34: root                                   pydial.py <train_command>791 :  List of domains: Laptops11
RESULTS:: 11:24:34: root                                      pydial.py <trainBatch>409 :  *** Training Iteration env1-LAP-tau_nodrop_3020_200100-seed9-00.7->env1-LAP-tau_nodrop_3020_200100-seed9-00.8: iter=7, error-rate=0, num-dialogs=1000 ***
RESULTS:: 11:45:52: root                               EvaluationManager.py <_prstr>179 :  Results for domain: Laptops11 --evaluated by: objective success evaluator
RESULTS:: 11:45:52: root                               EvaluationManager.py <_prstr>179 :  # of dialogues  = 1000
RESULTS:: 11:45:52: root                               EvaluationManager.py <_prstr>179 :  Average reward  = 8.21 +- 0.57
RESULTS:: 11:45:52: root                               EvaluationManager.py <_prstr>179 :  Average success = 89.20 +- 1.93
RESULTS:: 11:45:52: root                               EvaluationManager.py <_prstr>179 :  Average turns   = 9.63 +- 0.29
RESULTS:: 11:45:52: root                                   pydial.py <setEvalConfig>470 :  *** Evaluating env1-LAP-tau_nodrop_3020_200100-seed9-00.8: error-rate=0 num-dialogs=500 ***
RESULTS:: 11:54:24: root                               EvaluationManager.py <_prstr>179 :  Results for domain: Laptops11 --evaluated by: objective success evaluator
RESULTS:: 11:54:24: root                               EvaluationManager.py <_prstr>179 :  # of dialogues  = 500
RESULTS:: 11:54:24: root                               EvaluationManager.py <_prstr>179 :  Average reward  = 10.19 +- 0.66
RESULTS:: 11:54:24: root                               EvaluationManager.py <_prstr>179 :  Average success = 91.20 +- 2.49
RESULTS:: 11:54:24: root                               EvaluationManager.py <_prstr>179 :  Average turns   = 8.05 +- 0.30
RESULTS:: 11:54:24: root                                   pydial.py <train_command>791 :  List of domains: Laptops11
RESULTS:: 11:54:24: root                                      pydial.py <trainBatch>409 :  *** Training Iteration env1-LAP-tau_nodrop_3020_200100-seed9-00.8->env1-LAP-tau_nodrop_3020_200100-seed9-00.9: iter=8, error-rate=0, num-dialogs=1000 ***
RESULTS:: 12:16:34: root                               EvaluationManager.py <_prstr>179 :  Results for domain: Laptops11 --evaluated by: objective success evaluator
RESULTS:: 12:16:34: root                               EvaluationManager.py <_prstr>179 :  # of dialogues  = 1000
RESULTS:: 12:16:34: root                               EvaluationManager.py <_prstr>179 :  Average reward  = 7.11 +- 0.65
RESULTS:: 12:16:34: root                               EvaluationManager.py <_prstr>179 :  Average success = 86.20 +- 2.14
RESULTS:: 12:16:34: root                               EvaluationManager.py <_prstr>179 :  Average turns   = 10.13 +- 0.33
RESULTS:: 12:16:34: root                                   pydial.py <setEvalConfig>470 :  *** Evaluating env1-LAP-tau_nodrop_3020_200100-seed9-00.9: error-rate=0 num-dialogs=500 ***
RESULTS:: 12:24:41: root                               EvaluationManager.py <_prstr>179 :  Results for domain: Laptops11 --evaluated by: objective success evaluator
RESULTS:: 12:24:41: root                               EvaluationManager.py <_prstr>179 :  # of dialogues  = 500
RESULTS:: 12:24:41: root                               EvaluationManager.py <_prstr>179 :  Average reward  = 9.14 +- 0.71
RESULTS:: 12:24:41: root                               EvaluationManager.py <_prstr>179 :  Average success = 84.40 +- 3.19
RESULTS:: 12:24:41: root                               EvaluationManager.py <_prstr>179 :  Average turns   = 7.74 +- 0.27
RESULTS:: 12:24:41: root                                   pydial.py <train_command>791 :  List of domains: Laptops11
RESULTS:: 12:24:41: root                                      pydial.py <trainBatch>409 :  *** Training Iteration env1-LAP-tau_nodrop_3020_200100-seed9-00.9->env1-LAP-tau_nodrop_3020_200100-seed9-00.10: iter=9, error-rate=0, num-dialogs=1000 ***
RESULTS:: 12:45:51: root                               EvaluationManager.py <_prstr>179 :  Results for domain: Laptops11 --evaluated by: objective success evaluator
RESULTS:: 12:45:51: root                               EvaluationManager.py <_prstr>179 :  # of dialogues  = 1000
RESULTS:: 12:45:51: root                               EvaluationManager.py <_prstr>179 :  Average reward  = 8.67 +- 0.55
RESULTS:: 12:45:51: root                               EvaluationManager.py <_prstr>179 :  Average success = 90.50 +- 1.82
RESULTS:: 12:45:51: root                               EvaluationManager.py <_prstr>179 :  Average turns   = 9.43 +- 0.29
RESULTS:: 12:45:51: root                                   pydial.py <setEvalConfig>470 :  *** Evaluating env1-LAP-tau_nodrop_3020_200100-seed9-00.10: error-rate=0 num-dialogs=500 ***
RESULTS:: 12:53:46: root                               EvaluationManager.py <_prstr>179 :  Results for domain: Laptops11 --evaluated by: objective success evaluator
RESULTS:: 12:53:46: root                               EvaluationManager.py <_prstr>179 :  # of dialogues  = 500
RESULTS:: 12:53:46: root                               EvaluationManager.py <_prstr>179 :  Average reward  = 12.01 +- 0.44
RESULTS:: 12:53:46: root                               EvaluationManager.py <_prstr>179 :  Average success = 97.20 +- 1.45
RESULTS:: 12:53:46: root                               EvaluationManager.py <_prstr>179 :  Average turns   = 7.43 +- 0.27
RESULTS:: 12:53:46: root                                   pydial.py <train_command>807 :  *** Training complete. log: env1-LAP-tau_nodrop_3020_200100-seed9-00.1-10.train.log - final policy is env1-LAP-tau_nodrop_3020_200100-00-10
