RESULTS:: 16:36:09: root                                   pydial.py <train_command>791 :  List of domains: Laptops11
RESULTS:: 16:36:09: root                                      pydial.py <trainBatch>409 :  *** Training Iteration env1-LAP-tau_nodrop_4020_250100_lr0002-seed6-00.0->env1-LAP-tau_nodrop_4020_250100_lr0002-seed6-00.1: iter=0, error-rate=0, num-dialogs=1000 ***
RESULTS:: 16:57:28: root                               EvaluationManager.py <_prstr>179 :  Results for domain: Laptops11 --evaluated by: objective success evaluator
RESULTS:: 16:57:28: root                               EvaluationManager.py <_prstr>179 :  # of dialogues  = 1000
RESULTS:: 16:57:28: root                               EvaluationManager.py <_prstr>179 :  Average reward  = 6.55 +- 0.66
RESULTS:: 16:57:28: root                               EvaluationManager.py <_prstr>179 :  Average success = 78.30 +- 2.56
RESULTS:: 16:57:28: root                               EvaluationManager.py <_prstr>179 :  Average turns   = 9.11 +- 0.28
RESULTS:: 16:57:28: root                                   pydial.py <setEvalConfig>470 :  *** Evaluating env1-LAP-tau_nodrop_4020_250100_lr0002-seed6-00.1: error-rate=0 num-dialogs=500 ***
RESULTS:: 17:05:50: root                               EvaluationManager.py <_prstr>179 :  Results for domain: Laptops11 --evaluated by: objective success evaluator
RESULTS:: 17:05:50: root                               EvaluationManager.py <_prstr>179 :  # of dialogues  = 500
RESULTS:: 17:05:50: root                               EvaluationManager.py <_prstr>179 :  Average reward  = 7.98 +- 0.83
RESULTS:: 17:05:50: root                               EvaluationManager.py <_prstr>179 :  Average success = 77.00 +- 3.70
RESULTS:: 17:05:50: root                               EvaluationManager.py <_prstr>179 :  Average turns   = 7.42 +- 0.21
RESULTS:: 17:05:50: root                                   pydial.py <train_command>791 :  List of domains: Laptops11
RESULTS:: 17:05:50: root                                      pydial.py <trainBatch>409 :  *** Training Iteration env1-LAP-tau_nodrop_4020_250100_lr0002-seed6-00.1->env1-LAP-tau_nodrop_4020_250100_lr0002-seed6-00.2: iter=1, error-rate=0, num-dialogs=1000 ***
RESULTS:: 17:27:30: root                               EvaluationManager.py <_prstr>179 :  Results for domain: Laptops11 --evaluated by: objective success evaluator
RESULTS:: 17:27:30: root                               EvaluationManager.py <_prstr>179 :  # of dialogues  = 1000
RESULTS:: 17:27:30: root                               EvaluationManager.py <_prstr>179 :  Average reward  = 8.98 +- 0.51
RESULTS:: 17:27:30: root                               EvaluationManager.py <_prstr>179 :  Average success = 90.30 +- 1.84
RESULTS:: 17:27:30: root                               EvaluationManager.py <_prstr>179 :  Average turns   = 9.08 +- 0.27
RESULTS:: 17:27:30: root                                   pydial.py <setEvalConfig>470 :  *** Evaluating env1-LAP-tau_nodrop_4020_250100_lr0002-seed6-00.2: error-rate=0 num-dialogs=500 ***
RESULTS:: 17:35:49: root                               EvaluationManager.py <_prstr>179 :  Results for domain: Laptops11 --evaluated by: objective success evaluator
RESULTS:: 17:35:49: root                               EvaluationManager.py <_prstr>179 :  # of dialogues  = 500
RESULTS:: 17:35:49: root                               EvaluationManager.py <_prstr>179 :  Average reward  = 11.57 +- 0.53
RESULTS:: 17:35:49: root                               EvaluationManager.py <_prstr>179 :  Average success = 94.20 +- 2.05
RESULTS:: 17:35:49: root                               EvaluationManager.py <_prstr>179 :  Average turns   = 7.27 +- 0.25
RESULTS:: 17:35:49: root                                   pydial.py <train_command>791 :  List of domains: Laptops11
RESULTS:: 17:35:49: root                                      pydial.py <trainBatch>409 :  *** Training Iteration env1-LAP-tau_nodrop_4020_250100_lr0002-seed6-00.2->env1-LAP-tau_nodrop_4020_250100_lr0002-seed6-00.3: iter=2, error-rate=0, num-dialogs=1000 ***
RESULTS:: 17:57:19: root                               EvaluationManager.py <_prstr>179 :  Results for domain: Laptops11 --evaluated by: objective success evaluator
RESULTS:: 17:57:19: root                               EvaluationManager.py <_prstr>179 :  # of dialogues  = 1000
RESULTS:: 17:57:19: root                               EvaluationManager.py <_prstr>179 :  Average reward  = 8.67 +- 0.54
RESULTS:: 17:57:19: root                               EvaluationManager.py <_prstr>179 :  Average success = 88.10 +- 2.01
RESULTS:: 17:57:19: root                               EvaluationManager.py <_prstr>179 :  Average turns   = 8.95 +- 0.26
RESULTS:: 17:57:19: root                                   pydial.py <setEvalConfig>470 :  *** Evaluating env1-LAP-tau_nodrop_4020_250100_lr0002-seed6-00.3: error-rate=0 num-dialogs=500 ***
RESULTS:: 18:04:56: root                               EvaluationManager.py <_prstr>179 :  Results for domain: Laptops11 --evaluated by: objective success evaluator
RESULTS:: 18:04:56: root                               EvaluationManager.py <_prstr>179 :  # of dialogues  = 500
RESULTS:: 18:04:56: root                               EvaluationManager.py <_prstr>179 :  Average reward  = 8.89 +- 0.77
RESULTS:: 18:04:56: root                               EvaluationManager.py <_prstr>179 :  Average success = 78.20 +- 3.63
RESULTS:: 18:04:56: root                               EvaluationManager.py <_prstr>179 :  Average turns   = 6.75 +- 0.21
RESULTS:: 18:04:56: root                                   pydial.py <train_command>791 :  List of domains: Laptops11
RESULTS:: 18:04:56: root                                      pydial.py <trainBatch>409 :  *** Training Iteration env1-LAP-tau_nodrop_4020_250100_lr0002-seed6-00.3->env1-LAP-tau_nodrop_4020_250100_lr0002-seed6-00.4: iter=3, error-rate=0, num-dialogs=1000 ***
RESULTS:: 18:25:44: root                               EvaluationManager.py <_prstr>179 :  Results for domain: Laptops11 --evaluated by: objective success evaluator
RESULTS:: 18:25:45: root                               EvaluationManager.py <_prstr>179 :  # of dialogues  = 1000
RESULTS:: 18:25:45: root                               EvaluationManager.py <_prstr>179 :  Average reward  = 9.32 +- 0.49
RESULTS:: 18:25:45: root                               EvaluationManager.py <_prstr>179 :  Average success = 89.60 +- 1.89
RESULTS:: 18:25:45: root                               EvaluationManager.py <_prstr>179 :  Average turns   = 8.60 +- 0.24
RESULTS:: 18:25:45: root                                   pydial.py <setEvalConfig>470 :  *** Evaluating env1-LAP-tau_nodrop_4020_250100_lr0002-seed6-00.4: error-rate=0 num-dialogs=500 ***
RESULTS:: 18:33:51: root                               EvaluationManager.py <_prstr>179 :  Results for domain: Laptops11 --evaluated by: objective success evaluator
RESULTS:: 18:33:52: root                               EvaluationManager.py <_prstr>179 :  # of dialogues  = 500
RESULTS:: 18:33:52: root                               EvaluationManager.py <_prstr>179 :  Average reward  = 8.60 +- 0.80
RESULTS:: 18:33:52: root                               EvaluationManager.py <_prstr>179 :  Average success = 79.60 +- 3.54
RESULTS:: 18:33:52: root                               EvaluationManager.py <_prstr>179 :  Average turns   = 7.32 +- 0.22
RESULTS:: 18:33:52: root                                   pydial.py <train_command>791 :  List of domains: Laptops11
RESULTS:: 18:33:52: root                                      pydial.py <trainBatch>409 :  *** Training Iteration env1-LAP-tau_nodrop_4020_250100_lr0002-seed6-00.4->env1-LAP-tau_nodrop_4020_250100_lr0002-seed6-00.5: iter=4, error-rate=0, num-dialogs=1000 ***
RESULTS:: 18:54:28: root                               EvaluationManager.py <_prstr>179 :  Results for domain: Laptops11 --evaluated by: objective success evaluator
RESULTS:: 18:54:29: root                               EvaluationManager.py <_prstr>179 :  # of dialogues  = 1000
RESULTS:: 18:54:29: root                               EvaluationManager.py <_prstr>179 :  Average reward  = 9.20 +- 0.49
RESULTS:: 18:54:29: root                               EvaluationManager.py <_prstr>179 :  Average success = 88.80 +- 1.96
RESULTS:: 18:54:29: root                               EvaluationManager.py <_prstr>179 :  Average turns   = 8.56 +- 0.24
RESULTS:: 18:54:29: root                                   pydial.py <setEvalConfig>470 :  *** Evaluating env1-LAP-tau_nodrop_4020_250100_lr0002-seed6-00.5: error-rate=0 num-dialogs=500 ***
RESULTS:: 19:02:16: root                               EvaluationManager.py <_prstr>179 :  Results for domain: Laptops11 --evaluated by: objective success evaluator
RESULTS:: 19:02:16: root                               EvaluationManager.py <_prstr>179 :  # of dialogues  = 500
RESULTS:: 19:02:16: root                               EvaluationManager.py <_prstr>179 :  Average reward  = 7.29 +- 0.85
RESULTS:: 19:02:16: root                               EvaluationManager.py <_prstr>179 :  Average success = 70.80 +- 4.00
RESULTS:: 19:02:16: root                               EvaluationManager.py <_prstr>179 :  Average turns   = 6.87 +- 0.20
RESULTS:: 19:02:16: root                                   pydial.py <train_command>791 :  List of domains: Laptops11
RESULTS:: 19:02:16: root                                      pydial.py <trainBatch>409 :  *** Training Iteration env1-LAP-tau_nodrop_4020_250100_lr0002-seed6-00.5->env1-LAP-tau_nodrop_4020_250100_lr0002-seed6-00.6: iter=5, error-rate=0, num-dialogs=1000 ***
RESULTS:: 19:23:02: root                               EvaluationManager.py <_prstr>179 :  Results for domain: Laptops11 --evaluated by: objective success evaluator
RESULTS:: 19:23:03: root                               EvaluationManager.py <_prstr>179 :  # of dialogues  = 1000
RESULTS:: 19:23:03: root                               EvaluationManager.py <_prstr>179 :  Average reward  = 8.51 +- 0.53
RESULTS:: 19:23:03: root                               EvaluationManager.py <_prstr>179 :  Average success = 85.90 +- 2.16
RESULTS:: 19:23:03: root                               EvaluationManager.py <_prstr>179 :  Average turns   = 8.67 +- 0.24
RESULTS:: 19:23:03: root                                   pydial.py <setEvalConfig>470 :  *** Evaluating env1-LAP-tau_nodrop_4020_250100_lr0002-seed6-00.6: error-rate=0 num-dialogs=500 ***
RESULTS:: 19:31:18: root                               EvaluationManager.py <_prstr>179 :  Results for domain: Laptops11 --evaluated by: objective success evaluator
RESULTS:: 19:31:18: root                               EvaluationManager.py <_prstr>179 :  # of dialogues  = 500
RESULTS:: 19:31:18: root                               EvaluationManager.py <_prstr>179 :  Average reward  = 7.42 +- 0.86
RESULTS:: 19:31:18: root                               EvaluationManager.py <_prstr>179 :  Average success = 74.00 +- 3.85
RESULTS:: 19:31:18: root                               EvaluationManager.py <_prstr>179 :  Average turns   = 7.38 +- 0.23
RESULTS:: 19:31:18: root                                   pydial.py <train_command>791 :  List of domains: Laptops11
RESULTS:: 19:31:18: root                                      pydial.py <trainBatch>409 :  *** Training Iteration env1-LAP-tau_nodrop_4020_250100_lr0002-seed6-00.6->env1-LAP-tau_nodrop_4020_250100_lr0002-seed6-00.7: iter=6, error-rate=0, num-dialogs=1000 ***
RESULTS:: 19:53:12: root                               EvaluationManager.py <_prstr>179 :  Results for domain: Laptops11 --evaluated by: objective success evaluator
RESULTS:: 19:53:13: root                               EvaluationManager.py <_prstr>179 :  # of dialogues  = 1000
RESULTS:: 19:53:13: root                               EvaluationManager.py <_prstr>179 :  Average reward  = 7.77 +- 0.60
RESULTS:: 19:53:13: root                               EvaluationManager.py <_prstr>179 :  Average success = 84.90 +- 2.22
RESULTS:: 19:53:13: root                               EvaluationManager.py <_prstr>179 :  Average turns   = 9.21 +- 0.28
RESULTS:: 19:53:13: root                                   pydial.py <setEvalConfig>470 :  *** Evaluating env1-LAP-tau_nodrop_4020_250100_lr0002-seed6-00.7: error-rate=0 num-dialogs=500 ***
RESULTS:: 20:01:57: root                               EvaluationManager.py <_prstr>179 :  Results for domain: Laptops11 --evaluated by: objective success evaluator
RESULTS:: 20:01:57: root                               EvaluationManager.py <_prstr>179 :  # of dialogues  = 500
RESULTS:: 20:01:57: root                               EvaluationManager.py <_prstr>179 :  Average reward  = 10.01 +- 0.72
RESULTS:: 20:01:57: root                               EvaluationManager.py <_prstr>179 :  Average success = 88.60 +- 2.79
RESULTS:: 20:01:57: root                               EvaluationManager.py <_prstr>179 :  Average turns   = 7.71 +- 0.31
RESULTS:: 20:01:57: root                                   pydial.py <train_command>791 :  List of domains: Laptops11
RESULTS:: 20:01:57: root                                      pydial.py <trainBatch>409 :  *** Training Iteration env1-LAP-tau_nodrop_4020_250100_lr0002-seed6-00.7->env1-LAP-tau_nodrop_4020_250100_lr0002-seed6-00.8: iter=7, error-rate=0, num-dialogs=1000 ***
RESULTS:: 20:23:47: root                               EvaluationManager.py <_prstr>179 :  Results for domain: Laptops11 --evaluated by: objective success evaluator
RESULTS:: 20:23:47: root                               EvaluationManager.py <_prstr>179 :  # of dialogues  = 1000
RESULTS:: 20:23:47: root                               EvaluationManager.py <_prstr>179 :  Average reward  = 8.71 +- 0.53
RESULTS:: 20:23:47: root                               EvaluationManager.py <_prstr>179 :  Average success = 89.40 +- 1.91
RESULTS:: 20:23:47: root                               EvaluationManager.py <_prstr>179 :  Average turns   = 9.17 +- 0.26
RESULTS:: 20:23:47: root                                   pydial.py <setEvalConfig>470 :  *** Evaluating env1-LAP-tau_nodrop_4020_250100_lr0002-seed6-00.8: error-rate=0 num-dialogs=500 ***
RESULTS:: 20:32:08: root                               EvaluationManager.py <_prstr>179 :  Results for domain: Laptops11 --evaluated by: objective success evaluator
RESULTS:: 20:32:08: root                               EvaluationManager.py <_prstr>179 :  # of dialogues  = 500
RESULTS:: 20:32:08: root                               EvaluationManager.py <_prstr>179 :  Average reward  = 8.73 +- 0.77
RESULTS:: 20:32:08: root                               EvaluationManager.py <_prstr>179 :  Average success = 80.80 +- 3.46
RESULTS:: 20:32:08: root                               EvaluationManager.py <_prstr>179 :  Average turns   = 7.43 +- 0.24
RESULTS:: 20:32:08: root                                   pydial.py <train_command>791 :  List of domains: Laptops11
RESULTS:: 20:32:08: root                                      pydial.py <trainBatch>409 :  *** Training Iteration env1-LAP-tau_nodrop_4020_250100_lr0002-seed6-00.8->env1-LAP-tau_nodrop_4020_250100_lr0002-seed6-00.9: iter=8, error-rate=0, num-dialogs=1000 ***
RESULTS:: 20:53:27: root                               EvaluationManager.py <_prstr>179 :  Results for domain: Laptops11 --evaluated by: objective success evaluator
RESULTS:: 20:53:27: root                               EvaluationManager.py <_prstr>179 :  # of dialogues  = 1000
RESULTS:: 20:53:27: root                               EvaluationManager.py <_prstr>179 :  Average reward  = 8.15 +- 0.54
RESULTS:: 20:53:27: root                               EvaluationManager.py <_prstr>179 :  Average success = 85.00 +- 2.22
RESULTS:: 20:53:27: root                               EvaluationManager.py <_prstr>179 :  Average turns   = 8.85 +- 0.25
RESULTS:: 20:53:27: root                                   pydial.py <setEvalConfig>470 :  *** Evaluating env1-LAP-tau_nodrop_4020_250100_lr0002-seed6-00.9: error-rate=0 num-dialogs=500 ***
RESULTS:: 21:00:40: root                               EvaluationManager.py <_prstr>179 :  Results for domain: Laptops11 --evaluated by: objective success evaluator
RESULTS:: 21:00:40: root                               EvaluationManager.py <_prstr>179 :  # of dialogues  = 500
RESULTS:: 21:00:40: root                               EvaluationManager.py <_prstr>179 :  Average reward  = 4.01 +- 0.90
RESULTS:: 21:00:40: root                               EvaluationManager.py <_prstr>179 :  Average success = 52.20 +- 4.39
RESULTS:: 21:00:40: root                               EvaluationManager.py <_prstr>179 :  Average turns   = 6.43 +- 0.14
RESULTS:: 21:00:40: root                                   pydial.py <train_command>791 :  List of domains: Laptops11
RESULTS:: 21:00:40: root                                      pydial.py <trainBatch>409 :  *** Training Iteration env1-LAP-tau_nodrop_4020_250100_lr0002-seed6-00.9->env1-LAP-tau_nodrop_4020_250100_lr0002-seed6-00.10: iter=9, error-rate=0, num-dialogs=1000 ***
RESULTS:: 21:23:37: root                               EvaluationManager.py <_prstr>179 :  Results for domain: Laptops11 --evaluated by: objective success evaluator
RESULTS:: 21:23:38: root                               EvaluationManager.py <_prstr>179 :  # of dialogues  = 1000
RESULTS:: 21:23:38: root                               EvaluationManager.py <_prstr>179 :  Average reward  = 7.64 +- 0.61
RESULTS:: 21:23:38: root                               EvaluationManager.py <_prstr>179 :  Average success = 85.50 +- 2.18
RESULTS:: 21:23:38: root                               EvaluationManager.py <_prstr>179 :  Average turns   = 9.46 +- 0.29
RESULTS:: 21:23:38: root                                   pydial.py <setEvalConfig>470 :  *** Evaluating env1-LAP-tau_nodrop_4020_250100_lr0002-seed6-00.10: error-rate=0 num-dialogs=500 ***
RESULTS:: 21:33:33: root                               EvaluationManager.py <_prstr>179 :  Results for domain: Laptops11 --evaluated by: objective success evaluator
RESULTS:: 21:33:33: root                               EvaluationManager.py <_prstr>179 :  # of dialogues  = 500
RESULTS:: 21:33:33: root                               EvaluationManager.py <_prstr>179 :  Average reward  = 6.61 +- 0.92
RESULTS:: 21:33:33: root                               EvaluationManager.py <_prstr>179 :  Average success = 76.80 +- 3.71
RESULTS:: 21:33:33: root                               EvaluationManager.py <_prstr>179 :  Average turns   = 8.75 +- 0.35
RESULTS:: 21:33:33: root                                   pydial.py <train_command>807 :  *** Training complete. log: env1-LAP-tau_nodrop_4020_250100_lr0002-seed6-00.1-10.train.log - final policy is env1-LAP-tau_nodrop_4020_250100_lr0002-00-10
