RESULTS:: 15:55:49: root                                   pydial.py <train_command>791 :  List of domains: Laptops11
RESULTS:: 15:55:49: root                                      pydial.py <trainBatch>409 :  *** Training Iteration env1-LAP-tau_nodrop_sort_noinco_4020_250100-seed1-00.0->env1-LAP-tau_nodrop_sort_noinco_4020_250100-seed1-00.1: iter=0, error-rate=0, num-dialogs=1000 ***
RESULTS:: 16:19:56: root                               EvaluationManager.py <_prstr>179 :  Results for domain: Laptops11 --evaluated by: objective success evaluator
RESULTS:: 16:19:56: root                               EvaluationManager.py <_prstr>179 :  # of dialogues  = 1000
RESULTS:: 16:19:56: root                               EvaluationManager.py <_prstr>179 :  Average reward  = 7.42 +- 0.61
RESULTS:: 16:19:56: root                               EvaluationManager.py <_prstr>179 :  Average success = 83.70 +- 2.29
RESULTS:: 16:19:56: root                               EvaluationManager.py <_prstr>179 :  Average turns   = 9.31 +- 0.29
RESULTS:: 16:19:56: root                                   pydial.py <setEvalConfig>470 :  *** Evaluating env1-LAP-tau_nodrop_sort_noinco_4020_250100-seed1-00.1: error-rate=0 num-dialogs=500 ***
RESULTS:: 16:29:08: root                               EvaluationManager.py <_prstr>179 :  Results for domain: Laptops11 --evaluated by: objective success evaluator
RESULTS:: 16:29:08: root                               EvaluationManager.py <_prstr>179 :  # of dialogues  = 500
RESULTS:: 16:29:08: root                               EvaluationManager.py <_prstr>179 :  Average reward  = 12.50 +- 0.35
RESULTS:: 16:29:08: root                               EvaluationManager.py <_prstr>179 :  Average success = 98.60 +- 1.03
RESULTS:: 16:29:08: root                               EvaluationManager.py <_prstr>179 :  Average turns   = 7.22 +- 0.25
RESULTS:: 16:29:08: root                                   pydial.py <train_command>791 :  List of domains: Laptops11
RESULTS:: 16:29:08: root                                      pydial.py <trainBatch>409 :  *** Training Iteration env1-LAP-tau_nodrop_sort_noinco_4020_250100-seed1-00.1->env1-LAP-tau_nodrop_sort_noinco_4020_250100-seed1-00.2: iter=1, error-rate=0, num-dialogs=1000 ***
RESULTS:: 17:20:38: root                               EvaluationManager.py <_prstr>179 :  Results for domain: Laptops11 --evaluated by: objective success evaluator
RESULTS:: 17:20:38: root                               EvaluationManager.py <_prstr>179 :  # of dialogues  = 1000
RESULTS:: 17:20:38: root                               EvaluationManager.py <_prstr>179 :  Average reward  = 10.09 +- 0.45
RESULTS:: 17:20:38: root                               EvaluationManager.py <_prstr>179 :  Average success = 94.90 +- 1.37
RESULTS:: 17:20:38: root                               EvaluationManager.py <_prstr>179 :  Average turns   = 8.89 +- 0.26
RESULTS:: 17:20:38: root                                   pydial.py <setEvalConfig>470 :  *** Evaluating env1-LAP-tau_nodrop_sort_noinco_4020_250100-seed1-00.2: error-rate=0 num-dialogs=500 ***
RESULTS:: 17:30:08: root                               EvaluationManager.py <_prstr>179 :  Results for domain: Laptops11 --evaluated by: objective success evaluator
RESULTS:: 17:30:08: root                               EvaluationManager.py <_prstr>179 :  # of dialogues  = 500
RESULTS:: 17:30:08: root                               EvaluationManager.py <_prstr>179 :  Average reward  = 9.63 +- 0.76
RESULTS:: 17:30:08: root                               EvaluationManager.py <_prstr>179 :  Average success = 86.60 +- 2.99
RESULTS:: 17:30:08: root                               EvaluationManager.py <_prstr>179 :  Average turns   = 7.69 +- 0.28
RESULTS:: 17:30:08: root                                   pydial.py <train_command>791 :  List of domains: Laptops11
RESULTS:: 17:30:08: root                                      pydial.py <trainBatch>409 :  *** Training Iteration env1-LAP-tau_nodrop_sort_noinco_4020_250100-seed1-00.2->env1-LAP-tau_nodrop_sort_noinco_4020_250100-seed1-00.3: iter=2, error-rate=0, num-dialogs=1000 ***
RESULTS:: 17:53:46: root                               EvaluationManager.py <_prstr>179 :  Results for domain: Laptops11 --evaluated by: objective success evaluator
RESULTS:: 17:53:46: root                               EvaluationManager.py <_prstr>179 :  # of dialogues  = 1000
RESULTS:: 17:53:46: root                               EvaluationManager.py <_prstr>179 :  Average reward  = 9.59 +- 0.47
RESULTS:: 17:53:46: root                               EvaluationManager.py <_prstr>179 :  Average success = 93.10 +- 1.57
RESULTS:: 17:53:46: root                               EvaluationManager.py <_prstr>179 :  Average turns   = 9.03 +- 0.27
RESULTS:: 17:53:46: root                                   pydial.py <setEvalConfig>470 :  *** Evaluating env1-LAP-tau_nodrop_sort_noinco_4020_250100-seed1-00.3: error-rate=0 num-dialogs=500 ***
RESULTS:: 18:03:06: root                               EvaluationManager.py <_prstr>179 :  Results for domain: Laptops11 --evaluated by: objective success evaluator
RESULTS:: 18:03:06: root                               EvaluationManager.py <_prstr>179 :  # of dialogues  = 500
RESULTS:: 18:03:06: root                               EvaluationManager.py <_prstr>179 :  Average reward  = 11.49 +- 0.52
RESULTS:: 18:03:06: root                               EvaluationManager.py <_prstr>179 :  Average success = 95.00 +- 1.91
RESULTS:: 18:03:06: root                               EvaluationManager.py <_prstr>179 :  Average turns   = 7.51 +- 0.25
RESULTS:: 18:03:06: root                                   pydial.py <train_command>791 :  List of domains: Laptops11
RESULTS:: 18:03:06: root                                      pydial.py <trainBatch>409 :  *** Training Iteration env1-LAP-tau_nodrop_sort_noinco_4020_250100-seed1-00.3->env1-LAP-tau_nodrop_sort_noinco_4020_250100-seed1-00.4: iter=3, error-rate=0, num-dialogs=1000 ***
RESULTS:: 18:26:14: root                               EvaluationManager.py <_prstr>179 :  Results for domain: Laptops11 --evaluated by: objective success evaluator
RESULTS:: 18:26:14: root                               EvaluationManager.py <_prstr>179 :  # of dialogues  = 1000
RESULTS:: 18:26:14: root                               EvaluationManager.py <_prstr>179 :  Average reward  = 9.85 +- 0.48
RESULTS:: 18:26:14: root                               EvaluationManager.py <_prstr>179 :  Average success = 92.80 +- 1.60
RESULTS:: 18:26:14: root                               EvaluationManager.py <_prstr>179 :  Average turns   = 8.71 +- 0.27
RESULTS:: 18:26:14: root                                   pydial.py <setEvalConfig>470 :  *** Evaluating env1-LAP-tau_nodrop_sort_noinco_4020_250100-seed1-00.4: error-rate=0 num-dialogs=500 ***
RESULTS:: 18:34:42: root                               EvaluationManager.py <_prstr>179 :  Results for domain: Laptops11 --evaluated by: objective success evaluator
RESULTS:: 18:34:42: root                               EvaluationManager.py <_prstr>179 :  # of dialogues  = 500
RESULTS:: 18:34:42: root                               EvaluationManager.py <_prstr>179 :  Average reward  = 9.97 +- 0.67
RESULTS:: 18:34:42: root                               EvaluationManager.py <_prstr>179 :  Average success = 86.00 +- 3.05
RESULTS:: 18:34:42: root                               EvaluationManager.py <_prstr>179 :  Average turns   = 7.23 +- 0.22
RESULTS:: 18:34:42: root                                   pydial.py <train_command>791 :  List of domains: Laptops11
RESULTS:: 18:34:42: root                                      pydial.py <trainBatch>409 :  *** Training Iteration env1-LAP-tau_nodrop_sort_noinco_4020_250100-seed1-00.4->env1-LAP-tau_nodrop_sort_noinco_4020_250100-seed1-00.5: iter=4, error-rate=0, num-dialogs=1000 ***
RESULTS:: 18:57:20: root                               EvaluationManager.py <_prstr>179 :  Results for domain: Laptops11 --evaluated by: objective success evaluator
RESULTS:: 18:57:20: root                               EvaluationManager.py <_prstr>179 :  # of dialogues  = 1000
RESULTS:: 18:57:20: root                               EvaluationManager.py <_prstr>179 :  Average reward  = 10.30 +- 0.43
RESULTS:: 18:57:20: root                               EvaluationManager.py <_prstr>179 :  Average success = 95.60 +- 1.27
RESULTS:: 18:57:20: root                               EvaluationManager.py <_prstr>179 :  Average turns   = 8.82 +- 0.26
RESULTS:: 18:57:20: root                                   pydial.py <setEvalConfig>470 :  *** Evaluating env1-LAP-tau_nodrop_sort_noinco_4020_250100-seed1-00.5: error-rate=0 num-dialogs=500 ***
RESULTS:: 19:06:34: root                               EvaluationManager.py <_prstr>179 :  Results for domain: Laptops11 --evaluated by: objective success evaluator
RESULTS:: 19:06:34: root                               EvaluationManager.py <_prstr>179 :  # of dialogues  = 500
RESULTS:: 19:06:34: root                               EvaluationManager.py <_prstr>179 :  Average reward  = 11.15 +- 0.65
RESULTS:: 19:06:34: root                               EvaluationManager.py <_prstr>179 :  Average success = 94.20 +- 2.05
RESULTS:: 19:06:34: root                               EvaluationManager.py <_prstr>179 :  Average turns   = 7.69 +- 0.35
RESULTS:: 19:06:34: root                                   pydial.py <train_command>791 :  List of domains: Laptops11
RESULTS:: 19:06:34: root                                      pydial.py <trainBatch>409 :  *** Training Iteration env1-LAP-tau_nodrop_sort_noinco_4020_250100-seed1-00.5->env1-LAP-tau_nodrop_sort_noinco_4020_250100-seed1-00.6: iter=5, error-rate=0, num-dialogs=1000 ***
RESULTS:: 19:29:59: root                               EvaluationManager.py <_prstr>179 :  Results for domain: Laptops11 --evaluated by: objective success evaluator
RESULTS:: 19:29:59: root                               EvaluationManager.py <_prstr>179 :  # of dialogues  = 1000
RESULTS:: 19:29:59: root                               EvaluationManager.py <_prstr>179 :  Average reward  = 9.38 +- 0.50
RESULTS:: 19:29:59: root                               EvaluationManager.py <_prstr>179 :  Average success = 93.60 +- 1.52
RESULTS:: 19:29:59: root                               EvaluationManager.py <_prstr>179 :  Average turns   = 9.34 +- 0.29
RESULTS:: 19:29:59: root                                   pydial.py <setEvalConfig>470 :  *** Evaluating env1-LAP-tau_nodrop_sort_noinco_4020_250100-seed1-00.6: error-rate=0 num-dialogs=500 ***
RESULTS:: 19:39:17: root                               EvaluationManager.py <_prstr>179 :  Results for domain: Laptops11 --evaluated by: objective success evaluator
RESULTS:: 19:39:17: root                               EvaluationManager.py <_prstr>179 :  # of dialogues  = 500
RESULTS:: 19:39:17: root                               EvaluationManager.py <_prstr>179 :  Average reward  = 11.60 +- 0.46
RESULTS:: 19:39:17: root                               EvaluationManager.py <_prstr>179 :  Average success = 96.80 +- 1.55
RESULTS:: 19:39:17: root                               EvaluationManager.py <_prstr>179 :  Average turns   = 7.76 +- 0.29
RESULTS:: 19:39:17: root                                   pydial.py <train_command>791 :  List of domains: Laptops11
RESULTS:: 19:39:17: root                                      pydial.py <trainBatch>409 :  *** Training Iteration env1-LAP-tau_nodrop_sort_noinco_4020_250100-seed1-00.6->env1-LAP-tau_nodrop_sort_noinco_4020_250100-seed1-00.7: iter=6, error-rate=0, num-dialogs=1000 ***
RESULTS:: 20:02:10: root                               EvaluationManager.py <_prstr>179 :  Results for domain: Laptops11 --evaluated by: objective success evaluator
RESULTS:: 20:02:10: root                               EvaluationManager.py <_prstr>179 :  # of dialogues  = 1000
RESULTS:: 20:02:10: root                               EvaluationManager.py <_prstr>179 :  Average reward  = 9.56 +- 0.49
RESULTS:: 20:02:10: root                               EvaluationManager.py <_prstr>179 :  Average success = 93.40 +- 1.54
RESULTS:: 20:02:10: root                               EvaluationManager.py <_prstr>179 :  Average turns   = 9.12 +- 0.28
RESULTS:: 20:02:10: root                                   pydial.py <setEvalConfig>470 :  *** Evaluating env1-LAP-tau_nodrop_sort_noinco_4020_250100-seed1-00.7: error-rate=0 num-dialogs=500 ***
RESULTS:: 20:11:11: root                               EvaluationManager.py <_prstr>179 :  Results for domain: Laptops11 --evaluated by: objective success evaluator
RESULTS:: 20:11:11: root                               EvaluationManager.py <_prstr>179 :  # of dialogues  = 500
RESULTS:: 20:11:11: root                               EvaluationManager.py <_prstr>179 :  Average reward  = 11.63 +- 0.55
RESULTS:: 20:11:11: root                               EvaluationManager.py <_prstr>179 :  Average success = 95.60 +- 1.80
RESULTS:: 20:11:11: root                               EvaluationManager.py <_prstr>179 :  Average turns   = 7.49 +- 0.29
RESULTS:: 20:11:11: root                                   pydial.py <train_command>791 :  List of domains: Laptops11
RESULTS:: 20:11:11: root                                      pydial.py <trainBatch>409 :  *** Training Iteration env1-LAP-tau_nodrop_sort_noinco_4020_250100-seed1-00.7->env1-LAP-tau_nodrop_sort_noinco_4020_250100-seed1-00.8: iter=7, error-rate=0, num-dialogs=1000 ***
RESULTS:: 20:33:59: root                               EvaluationManager.py <_prstr>179 :  Results for domain: Laptops11 --evaluated by: objective success evaluator
RESULTS:: 20:33:59: root                               EvaluationManager.py <_prstr>179 :  # of dialogues  = 1000
RESULTS:: 20:33:59: root                               EvaluationManager.py <_prstr>179 :  Average reward  = 9.26 +- 0.52
RESULTS:: 20:33:59: root                               EvaluationManager.py <_prstr>179 :  Average success = 91.90 +- 1.69
RESULTS:: 20:33:59: root                               EvaluationManager.py <_prstr>179 :  Average turns   = 9.12 +- 0.29
RESULTS:: 20:33:59: root                                   pydial.py <setEvalConfig>470 :  *** Evaluating env1-LAP-tau_nodrop_sort_noinco_4020_250100-seed1-00.8: error-rate=0 num-dialogs=500 ***
RESULTS:: 20:43:04: root                               EvaluationManager.py <_prstr>179 :  Results for domain: Laptops11 --evaluated by: objective success evaluator
RESULTS:: 20:43:04: root                               EvaluationManager.py <_prstr>179 :  # of dialogues  = 500
RESULTS:: 20:43:04: root                               EvaluationManager.py <_prstr>179 :  Average reward  = 11.88 +- 0.50
RESULTS:: 20:43:04: root                               EvaluationManager.py <_prstr>179 :  Average success = 97.20 +- 1.45
RESULTS:: 20:43:04: root                               EvaluationManager.py <_prstr>179 :  Average turns   = 7.56 +- 0.31
RESULTS:: 20:43:04: root                                   pydial.py <train_command>791 :  List of domains: Laptops11
RESULTS:: 20:43:04: root                                      pydial.py <trainBatch>409 :  *** Training Iteration env1-LAP-tau_nodrop_sort_noinco_4020_250100-seed1-00.8->env1-LAP-tau_nodrop_sort_noinco_4020_250100-seed1-00.9: iter=8, error-rate=0, num-dialogs=1000 ***
RESULTS:: 21:06:40: root                               EvaluationManager.py <_prstr>179 :  Results for domain: Laptops11 --evaluated by: objective success evaluator
RESULTS:: 21:06:40: root                               EvaluationManager.py <_prstr>179 :  # of dialogues  = 1000
RESULTS:: 21:06:40: root                               EvaluationManager.py <_prstr>179 :  Average reward  = 9.79 +- 0.49
RESULTS:: 21:06:40: root                               EvaluationManager.py <_prstr>179 :  Average success = 93.90 +- 1.49
RESULTS:: 21:06:40: root                               EvaluationManager.py <_prstr>179 :  Average turns   = 8.99 +- 0.28
RESULTS:: 21:06:40: root                                   pydial.py <setEvalConfig>470 :  *** Evaluating env1-LAP-tau_nodrop_sort_noinco_4020_250100-seed1-00.9: error-rate=0 num-dialogs=500 ***
RESULTS:: 21:16:01: root                               EvaluationManager.py <_prstr>179 :  Results for domain: Laptops11 --evaluated by: objective success evaluator
RESULTS:: 21:16:01: root                               EvaluationManager.py <_prstr>179 :  # of dialogues  = 500
RESULTS:: 21:16:01: root                               EvaluationManager.py <_prstr>179 :  Average reward  = 11.55 +- 0.55
RESULTS:: 21:16:01: root                               EvaluationManager.py <_prstr>179 :  Average success = 97.00 +- 1.50
RESULTS:: 21:16:01: root                               EvaluationManager.py <_prstr>179 :  Average turns   = 7.85 +- 0.32
RESULTS:: 21:16:01: root                                   pydial.py <train_command>791 :  List of domains: Laptops11
RESULTS:: 21:16:01: root                                      pydial.py <trainBatch>409 :  *** Training Iteration env1-LAP-tau_nodrop_sort_noinco_4020_250100-seed1-00.9->env1-LAP-tau_nodrop_sort_noinco_4020_250100-seed1-00.10: iter=9, error-rate=0, num-dialogs=1000 ***
RESULTS:: 21:37:59: root                               EvaluationManager.py <_prstr>179 :  Results for domain: Laptops11 --evaluated by: objective success evaluator
RESULTS:: 21:37:59: root                               EvaluationManager.py <_prstr>179 :  # of dialogues  = 1000
RESULTS:: 21:37:59: root                               EvaluationManager.py <_prstr>179 :  Average reward  = 10.00 +- 0.45
RESULTS:: 21:37:59: root                               EvaluationManager.py <_prstr>179 :  Average success = 93.40 +- 1.54
RESULTS:: 21:37:59: root                               EvaluationManager.py <_prstr>179 :  Average turns   = 8.68 +- 0.25
RESULTS:: 21:37:59: root                                   pydial.py <setEvalConfig>470 :  *** Evaluating env1-LAP-tau_nodrop_sort_noinco_4020_250100-seed1-00.10: error-rate=0 num-dialogs=500 ***
RESULTS:: 21:46:59: root                               EvaluationManager.py <_prstr>179 :  Results for domain: Laptops11 --evaluated by: objective success evaluator
RESULTS:: 21:46:59: root                               EvaluationManager.py <_prstr>179 :  # of dialogues  = 500
RESULTS:: 21:46:59: root                               EvaluationManager.py <_prstr>179 :  Average reward  = 10.69 +- 0.67
RESULTS:: 21:46:59: root                               EvaluationManager.py <_prstr>179 :  Average success = 93.00 +- 2.24
RESULTS:: 21:46:59: root                               EvaluationManager.py <_prstr>179 :  Average turns   = 7.91 +- 0.33
RESULTS:: 21:46:59: root                                   pydial.py <train_command>807 :  *** Training complete. log: env1-LAP-tau_nodrop_sort_noinco_4020_250100-seed1-00.1-10.train.log - final policy is env1-LAP-tau_nodrop_sort_noinco_4020_250100-00-10
