RESULTS:: 05:48:54: root                                   pydial.py <train_command>791 :  List of domains: Laptops11
RESULTS:: 05:48:54: root                                      pydial.py <trainBatch>409 :  *** Training Iteration env1-hdc-LAP-0.2-0.2-seed1-00.0->env1-hdc-LAP-0.2-0.2-seed1-00.1: iter=0, error-rate=0, num-dialogs=1000 ***
RESULTS:: 06:18:14: root                               EvaluationManager.py <_prstr>179 :  Results for domain: Laptops11 --evaluated by: objective success evaluator
RESULTS:: 06:18:14: root                               EvaluationManager.py <_prstr>179 :  # of dialogues  = 1000
RESULTS:: 06:18:14: root                               EvaluationManager.py <_prstr>179 :  Average reward  = 5.97 +- 0.64
RESULTS:: 06:18:14: root                               EvaluationManager.py <_prstr>179 :  Average success = 75.40 +- 2.67
RESULTS:: 06:18:14: root                               EvaluationManager.py <_prstr>179 :  Average turns   = 9.11 +- 0.25
RESULTS:: 06:18:14: root                                   pydial.py <setEvalConfig>470 :  *** Evaluating env1-hdc-LAP-0.2-0.2-seed1-00.1: error-rate=0 num-dialogs=1000 ***
RESULTS:: 06:26:36: root                               EvaluationManager.py <_prstr>179 :  Results for domain: Laptops11 --evaluated by: objective success evaluator
RESULTS:: 06:26:36: root                               EvaluationManager.py <_prstr>179 :  # of dialogues  = 1000
RESULTS:: 06:26:36: root                               EvaluationManager.py <_prstr>179 :  Average reward  = 6.06 +- 0.63
RESULTS:: 06:26:36: root                               EvaluationManager.py <_prstr>179 :  Average success = 64.50 +- 2.97
RESULTS:: 06:26:36: root                               EvaluationManager.py <_prstr>179 :  Average turns   = 6.84 +- 0.12
RESULTS:: 06:26:36: root                                   pydial.py <train_command>791 :  List of domains: Laptops11
RESULTS:: 06:26:36: root                                      pydial.py <trainBatch>409 :  *** Training Iteration env1-hdc-LAP-0.2-0.2-seed1-00.1->env1-hdc-LAP-0.2-0.2-seed1-00.2: iter=1, error-rate=0, num-dialogs=1000 ***
RESULTS:: 06:57:00: root                               EvaluationManager.py <_prstr>179 :  Results for domain: Laptops11 --evaluated by: objective success evaluator
RESULTS:: 06:57:00: root                               EvaluationManager.py <_prstr>179 :  # of dialogues  = 1000
RESULTS:: 06:57:00: root                               EvaluationManager.py <_prstr>179 :  Average reward  = 7.78 +- 0.57
RESULTS:: 06:57:00: root                               EvaluationManager.py <_prstr>179 :  Average success = 83.80 +- 2.29
RESULTS:: 06:57:00: root                               EvaluationManager.py <_prstr>179 :  Average turns   = 8.98 +- 0.26
RESULTS:: 06:57:00: root                                   pydial.py <setEvalConfig>470 :  *** Evaluating env1-hdc-LAP-0.2-0.2-seed1-00.2: error-rate=0 num-dialogs=1000 ***
RESULTS:: 07:07:15: root                               EvaluationManager.py <_prstr>179 :  Results for domain: Laptops11 --evaluated by: objective success evaluator
RESULTS:: 07:07:15: root                               EvaluationManager.py <_prstr>179 :  # of dialogues  = 1000
RESULTS:: 07:07:15: root                               EvaluationManager.py <_prstr>179 :  Average reward  = 10.01 +- 0.46
RESULTS:: 07:07:15: root                               EvaluationManager.py <_prstr>179 :  Average success = 87.00 +- 2.09
RESULTS:: 07:07:15: root                               EvaluationManager.py <_prstr>179 :  Average turns   = 7.39 +- 0.18
RESULTS:: 07:07:15: root                                   pydial.py <train_command>791 :  List of domains: Laptops11
RESULTS:: 07:07:15: root                                      pydial.py <trainBatch>409 :  *** Training Iteration env1-hdc-LAP-0.2-0.2-seed1-00.2->env1-hdc-LAP-0.2-0.2-seed1-00.3: iter=2, error-rate=0, num-dialogs=1000 ***
RESULTS:: 07:37:31: root                               EvaluationManager.py <_prstr>179 :  Results for domain: Laptops11 --evaluated by: objective success evaluator
RESULTS:: 07:37:31: root                               EvaluationManager.py <_prstr>179 :  # of dialogues  = 1000
RESULTS:: 07:37:31: root                               EvaluationManager.py <_prstr>179 :  Average reward  = 8.53 +- 0.51
RESULTS:: 07:37:31: root                               EvaluationManager.py <_prstr>179 :  Average success = 88.10 +- 2.01
RESULTS:: 07:37:31: root                               EvaluationManager.py <_prstr>179 :  Average turns   = 9.09 +- 0.26
RESULTS:: 07:37:31: root                                   pydial.py <setEvalConfig>470 :  *** Evaluating env1-hdc-LAP-0.2-0.2-seed1-00.3: error-rate=0 num-dialogs=1000 ***
RESULTS:: 07:47:49: root                               EvaluationManager.py <_prstr>179 :  Results for domain: Laptops11 --evaluated by: objective success evaluator
RESULTS:: 07:47:49: root                               EvaluationManager.py <_prstr>179 :  # of dialogues  = 1000
RESULTS:: 07:47:49: root                               EvaluationManager.py <_prstr>179 :  Average reward  = 9.97 +- 0.47
RESULTS:: 07:47:49: root                               EvaluationManager.py <_prstr>179 :  Average success = 88.30 +- 1.99
RESULTS:: 07:47:49: root                               EvaluationManager.py <_prstr>179 :  Average turns   = 7.69 +- 0.20
RESULTS:: 07:47:49: root                                   pydial.py <train_command>791 :  List of domains: Laptops11
RESULTS:: 07:47:49: root                                      pydial.py <trainBatch>409 :  *** Training Iteration env1-hdc-LAP-0.2-0.2-seed1-00.3->env1-hdc-LAP-0.2-0.2-seed1-00.4: iter=3, error-rate=0, num-dialogs=1000 ***
RESULTS:: 08:17:05: root                               EvaluationManager.py <_prstr>179 :  Results for domain: Laptops11 --evaluated by: objective success evaluator
RESULTS:: 08:17:05: root                               EvaluationManager.py <_prstr>179 :  # of dialogues  = 1000
RESULTS:: 08:17:05: root                               EvaluationManager.py <_prstr>179 :  Average reward  = 9.57 +- 0.45
RESULTS:: 08:17:05: root                               EvaluationManager.py <_prstr>179 :  Average success = 89.90 +- 1.87
RESULTS:: 08:17:05: root                               EvaluationManager.py <_prstr>179 :  Average turns   = 8.41 +- 0.23
RESULTS:: 08:17:05: root                                   pydial.py <setEvalConfig>470 :  *** Evaluating env1-hdc-LAP-0.2-0.2-seed1-00.4: error-rate=0 num-dialogs=1000 ***
RESULTS:: 08:26:35: root                               EvaluationManager.py <_prstr>179 :  Results for domain: Laptops11 --evaluated by: objective success evaluator
RESULTS:: 08:26:35: root                               EvaluationManager.py <_prstr>179 :  # of dialogues  = 1000
RESULTS:: 08:26:35: root                               EvaluationManager.py <_prstr>179 :  Average reward  = 8.65 +- 0.54
RESULTS:: 08:26:35: root                               EvaluationManager.py <_prstr>179 :  Average success = 79.70 +- 2.50
RESULTS:: 08:26:35: root                               EvaluationManager.py <_prstr>179 :  Average turns   = 7.29 +- 0.15
RESULTS:: 08:26:35: root                                   pydial.py <train_command>791 :  List of domains: Laptops11
RESULTS:: 08:26:35: root                                      pydial.py <trainBatch>409 :  *** Training Iteration env1-hdc-LAP-0.2-0.2-seed1-00.4->env1-hdc-LAP-0.2-0.2-seed1-00.5: iter=4, error-rate=0, num-dialogs=1000 ***
RESULTS:: 08:56:15: root                               EvaluationManager.py <_prstr>179 :  Results for domain: Laptops11 --evaluated by: objective success evaluator
RESULTS:: 08:56:15: root                               EvaluationManager.py <_prstr>179 :  # of dialogues  = 1000
RESULTS:: 08:56:15: root                               EvaluationManager.py <_prstr>179 :  Average reward  = 8.99 +- 0.49
RESULTS:: 08:56:15: root                               EvaluationManager.py <_prstr>179 :  Average success = 88.10 +- 2.01
RESULTS:: 08:56:15: root                               EvaluationManager.py <_prstr>179 :  Average turns   = 8.63 +- 0.24
RESULTS:: 08:56:15: root                                   pydial.py <setEvalConfig>470 :  *** Evaluating env1-hdc-LAP-0.2-0.2-seed1-00.5: error-rate=0 num-dialogs=1000 ***
RESULTS:: 09:05:54: root                               EvaluationManager.py <_prstr>179 :  Results for domain: Laptops11 --evaluated by: objective success evaluator
RESULTS:: 09:05:54: root                               EvaluationManager.py <_prstr>179 :  # of dialogues  = 1000
RESULTS:: 09:05:54: root                               EvaluationManager.py <_prstr>179 :  Average reward  = 8.00 +- 0.60
RESULTS:: 09:05:54: root                               EvaluationManager.py <_prstr>179 :  Average success = 78.00 +- 2.57
RESULTS:: 09:05:54: root                               EvaluationManager.py <_prstr>179 :  Average turns   = 7.60 +- 0.19
RESULTS:: 09:05:54: root                                   pydial.py <train_command>791 :  List of domains: Laptops11
RESULTS:: 09:05:54: root                                      pydial.py <trainBatch>409 :  *** Training Iteration env1-hdc-LAP-0.2-0.2-seed1-00.5->env1-hdc-LAP-0.2-0.2-seed1-00.6: iter=5, error-rate=0, num-dialogs=1000 ***
RESULTS:: 09:35:37: root                               EvaluationManager.py <_prstr>179 :  Results for domain: Laptops11 --evaluated by: objective success evaluator
RESULTS:: 09:35:37: root                               EvaluationManager.py <_prstr>179 :  # of dialogues  = 1000
RESULTS:: 09:35:37: root                               EvaluationManager.py <_prstr>179 :  Average reward  = 7.64 +- 0.58
RESULTS:: 09:35:37: root                               EvaluationManager.py <_prstr>179 :  Average success = 82.60 +- 2.35
RESULTS:: 09:35:37: root                               EvaluationManager.py <_prstr>179 :  Average turns   = 8.88 +- 0.25
RESULTS:: 09:35:37: root                                   pydial.py <setEvalConfig>470 :  *** Evaluating env1-hdc-LAP-0.2-0.2-seed1-00.6: error-rate=0 num-dialogs=1000 ***
RESULTS:: 09:45:15: root                               EvaluationManager.py <_prstr>179 :  Results for domain: Laptops11 --evaluated by: objective success evaluator
RESULTS:: 09:45:15: root                               EvaluationManager.py <_prstr>179 :  # of dialogues  = 1000
RESULTS:: 09:45:15: root                               EvaluationManager.py <_prstr>179 :  Average reward  = 9.33 +- 0.53
RESULTS:: 09:45:15: root                               EvaluationManager.py <_prstr>179 :  Average success = 84.50 +- 2.25
RESULTS:: 09:45:15: root                               EvaluationManager.py <_prstr>179 :  Average turns   = 7.57 +- 0.19
RESULTS:: 09:45:15: root                                   pydial.py <train_command>791 :  List of domains: Laptops11
RESULTS:: 09:45:15: root                                      pydial.py <trainBatch>409 :  *** Training Iteration env1-hdc-LAP-0.2-0.2-seed1-00.6->env1-hdc-LAP-0.2-0.2-seed1-00.7: iter=6, error-rate=0, num-dialogs=1000 ***
RESULTS:: 10:14:34: root                               EvaluationManager.py <_prstr>179 :  Results for domain: Laptops11 --evaluated by: objective success evaluator
RESULTS:: 10:14:34: root                               EvaluationManager.py <_prstr>179 :  # of dialogues  = 1000
RESULTS:: 10:14:34: root                               EvaluationManager.py <_prstr>179 :  Average reward  = 8.72 +- 0.51
RESULTS:: 10:14:34: root                               EvaluationManager.py <_prstr>179 :  Average success = 87.60 +- 2.05
RESULTS:: 10:14:34: root                               EvaluationManager.py <_prstr>179 :  Average turns   = 8.80 +- 0.25
RESULTS:: 10:14:34: root                                   pydial.py <setEvalConfig>470 :  *** Evaluating env1-hdc-LAP-0.2-0.2-seed1-00.7: error-rate=0 num-dialogs=1000 ***
RESULTS:: 10:23:38: root                               EvaluationManager.py <_prstr>179 :  Results for domain: Laptops11 --evaluated by: objective success evaluator
RESULTS:: 10:23:38: root                               EvaluationManager.py <_prstr>179 :  # of dialogues  = 1000
RESULTS:: 10:23:38: root                               EvaluationManager.py <_prstr>179 :  Average reward  = 9.11 +- 0.53
RESULTS:: 10:23:38: root                               EvaluationManager.py <_prstr>179 :  Average success = 81.00 +- 2.43
RESULTS:: 10:23:38: root                               EvaluationManager.py <_prstr>179 :  Average turns   = 7.09 +- 0.14
RESULTS:: 10:23:38: root                                   pydial.py <train_command>791 :  List of domains: Laptops11
RESULTS:: 10:23:38: root                                      pydial.py <trainBatch>409 :  *** Training Iteration env1-hdc-LAP-0.2-0.2-seed1-00.7->env1-hdc-LAP-0.2-0.2-seed1-00.8: iter=7, error-rate=0, num-dialogs=1000 ***
RESULTS:: 10:53:26: root                               EvaluationManager.py <_prstr>179 :  Results for domain: Laptops11 --evaluated by: objective success evaluator
RESULTS:: 10:53:26: root                               EvaluationManager.py <_prstr>179 :  # of dialogues  = 1000
RESULTS:: 10:53:26: root                               EvaluationManager.py <_prstr>179 :  Average reward  = 8.67 +- 0.51
RESULTS:: 10:53:26: root                               EvaluationManager.py <_prstr>179 :  Average success = 86.70 +- 2.11
RESULTS:: 10:53:26: root                               EvaluationManager.py <_prstr>179 :  Average turns   = 8.67 +- 0.24
RESULTS:: 10:53:26: root                                   pydial.py <setEvalConfig>470 :  *** Evaluating env1-hdc-LAP-0.2-0.2-seed1-00.8: error-rate=0 num-dialogs=1000 ***
RESULTS:: 11:02:34: root                               EvaluationManager.py <_prstr>179 :  Results for domain: Laptops11 --evaluated by: objective success evaluator
RESULTS:: 11:02:34: root                               EvaluationManager.py <_prstr>179 :  # of dialogues  = 1000
RESULTS:: 11:02:34: root                               EvaluationManager.py <_prstr>179 :  Average reward  = 7.98 +- 0.58
RESULTS:: 11:02:34: root                               EvaluationManager.py <_prstr>179 :  Average success = 75.40 +- 2.67
RESULTS:: 11:02:34: root                               EvaluationManager.py <_prstr>179 :  Average turns   = 7.10 +- 0.14
RESULTS:: 11:02:34: root                                   pydial.py <train_command>791 :  List of domains: Laptops11
RESULTS:: 11:02:34: root                                      pydial.py <trainBatch>409 :  *** Training Iteration env1-hdc-LAP-0.2-0.2-seed1-00.8->env1-hdc-LAP-0.2-0.2-seed1-00.9: iter=8, error-rate=0, num-dialogs=1000 ***
RESULTS:: 11:31:38: root                               EvaluationManager.py <_prstr>179 :  Results for domain: Laptops11 --evaluated by: objective success evaluator
RESULTS:: 11:31:38: root                               EvaluationManager.py <_prstr>179 :  # of dialogues  = 1000
RESULTS:: 11:31:38: root                               EvaluationManager.py <_prstr>179 :  Average reward  = 9.36 +- 0.47
RESULTS:: 11:31:38: root                               EvaluationManager.py <_prstr>179 :  Average success = 88.70 +- 1.96
RESULTS:: 11:31:38: root                               EvaluationManager.py <_prstr>179 :  Average turns   = 8.38 +- 0.22
RESULTS:: 11:31:38: root                                   pydial.py <setEvalConfig>470 :  *** Evaluating env1-hdc-LAP-0.2-0.2-seed1-00.9: error-rate=0 num-dialogs=1000 ***
RESULTS:: 11:41:12: root                               EvaluationManager.py <_prstr>179 :  Results for domain: Laptops11 --evaluated by: objective success evaluator
RESULTS:: 11:41:12: root                               EvaluationManager.py <_prstr>179 :  # of dialogues  = 1000
RESULTS:: 11:41:12: root                               EvaluationManager.py <_prstr>179 :  Average reward  = 9.49 +- 0.51
RESULTS:: 11:41:12: root                               EvaluationManager.py <_prstr>179 :  Average success = 83.50 +- 2.30
RESULTS:: 11:41:12: root                               EvaluationManager.py <_prstr>179 :  Average turns   = 7.21 +- 0.15
RESULTS:: 11:41:12: root                                   pydial.py <train_command>791 :  List of domains: Laptops11
RESULTS:: 11:41:12: root                                      pydial.py <trainBatch>409 :  *** Training Iteration env1-hdc-LAP-0.2-0.2-seed1-00.9->env1-hdc-LAP-0.2-0.2-seed1-00.10: iter=9, error-rate=0, num-dialogs=1000 ***
RESULTS:: 12:10:51: root                               EvaluationManager.py <_prstr>179 :  Results for domain: Laptops11 --evaluated by: objective success evaluator
RESULTS:: 12:10:51: root                               EvaluationManager.py <_prstr>179 :  # of dialogues  = 1000
RESULTS:: 12:10:51: root                               EvaluationManager.py <_prstr>179 :  Average reward  = 9.57 +- 0.46
RESULTS:: 12:10:51: root                               EvaluationManager.py <_prstr>179 :  Average success = 91.70 +- 1.71
RESULTS:: 12:10:51: root                               EvaluationManager.py <_prstr>179 :  Average turns   = 8.77 +- 0.24
RESULTS:: 12:10:51: root                                   pydial.py <setEvalConfig>470 :  *** Evaluating env1-hdc-LAP-0.2-0.2-seed1-00.10: error-rate=0 num-dialogs=1000 ***
RESULTS:: 12:20:03: root                               EvaluationManager.py <_prstr>179 :  Results for domain: Laptops11 --evaluated by: objective success evaluator
RESULTS:: 12:20:03: root                               EvaluationManager.py <_prstr>179 :  # of dialogues  = 1000
RESULTS:: 12:20:03: root                               EvaluationManager.py <_prstr>179 :  Average reward  = 10.23 +- 0.47
RESULTS:: 12:20:03: root                               EvaluationManager.py <_prstr>179 :  Average success = 87.00 +- 2.09
RESULTS:: 12:20:03: root                               EvaluationManager.py <_prstr>179 :  Average turns   = 7.17 +- 0.16
RESULTS:: 12:20:03: root                                   pydial.py <train_command>807 :  *** Training complete. log: env1-hdc-LAP-0.2-0.2-seed1-00.1-10.train.log - final policy is env1-hdc-LAP-0.2-0.2-00-10
