RESULTS:: 18:50:34: root                                   pydial.py <train_command>791 :  List of domains: Laptops11
RESULTS:: 18:50:34: root                                      pydial.py <trainBatch>409 :  *** Training Iteration env1-hdc-LAP-0.2-0.2-seed3-00.0->env1-hdc-LAP-0.2-0.2-seed3-00.1: iter=0, error-rate=0, num-dialogs=1000 ***
RESULTS:: 19:18:22: root                               EvaluationManager.py <_prstr>179 :  Results for domain: Laptops11 --evaluated by: objective success evaluator
RESULTS:: 19:18:22: root                               EvaluationManager.py <_prstr>179 :  # of dialogues  = 1000
RESULTS:: 19:18:22: root                               EvaluationManager.py <_prstr>179 :  Average reward  = 6.95 +- 0.59
RESULTS:: 19:18:22: root                               EvaluationManager.py <_prstr>179 :  Average success = 79.50 +- 2.51
RESULTS:: 19:18:22: root                               EvaluationManager.py <_prstr>179 :  Average turns   = 8.95 +- 0.24
RESULTS:: 19:18:22: root                                   pydial.py <setEvalConfig>470 :  *** Evaluating env1-hdc-LAP-0.2-0.2-seed3-00.1: error-rate=0 num-dialogs=1000 ***
RESULTS:: 19:27:16: root                               EvaluationManager.py <_prstr>179 :  Results for domain: Laptops11 --evaluated by: objective success evaluator
RESULTS:: 19:27:16: root                               EvaluationManager.py <_prstr>179 :  # of dialogues  = 1000
RESULTS:: 19:27:16: root                               EvaluationManager.py <_prstr>179 :  Average reward  = 5.54 +- 0.63
RESULTS:: 19:27:16: root                               EvaluationManager.py <_prstr>179 :  Average success = 62.90 +- 3.00
RESULTS:: 19:27:16: root                               EvaluationManager.py <_prstr>179 :  Average turns   = 7.04 +- 0.12
RESULTS:: 19:27:16: root                                   pydial.py <train_command>791 :  List of domains: Laptops11
RESULTS:: 19:27:16: root                                      pydial.py <trainBatch>409 :  *** Training Iteration env1-hdc-LAP-0.2-0.2-seed3-00.1->env1-hdc-LAP-0.2-0.2-seed3-00.2: iter=1, error-rate=0, num-dialogs=1000 ***
RESULTS:: 19:56:50: root                               EvaluationManager.py <_prstr>179 :  Results for domain: Laptops11 --evaluated by: objective success evaluator
RESULTS:: 19:56:50: root                               EvaluationManager.py <_prstr>179 :  # of dialogues  = 1000
RESULTS:: 19:56:50: root                               EvaluationManager.py <_prstr>179 :  Average reward  = 8.27 +- 0.51
RESULTS:: 19:56:50: root                               EvaluationManager.py <_prstr>179 :  Average success = 84.40 +- 2.25
RESULTS:: 19:56:50: root                               EvaluationManager.py <_prstr>179 :  Average turns   = 8.61 +- 0.22
RESULTS:: 19:56:50: root                                   pydial.py <setEvalConfig>470 :  *** Evaluating env1-hdc-LAP-0.2-0.2-seed3-00.2: error-rate=0 num-dialogs=1000 ***
RESULTS:: 20:05:50: root                               EvaluationManager.py <_prstr>179 :  Results for domain: Laptops11 --evaluated by: objective success evaluator
RESULTS:: 20:05:50: root                               EvaluationManager.py <_prstr>179 :  # of dialogues  = 1000
RESULTS:: 20:05:50: root                               EvaluationManager.py <_prstr>179 :  Average reward  = 7.34 +- 0.59
RESULTS:: 20:05:50: root                               EvaluationManager.py <_prstr>179 :  Average success = 71.10 +- 2.81
RESULTS:: 20:05:50: root                               EvaluationManager.py <_prstr>179 :  Average turns   = 6.88 +- 0.14
RESULTS:: 20:05:50: root                                   pydial.py <train_command>791 :  List of domains: Laptops11
RESULTS:: 20:05:50: root                                      pydial.py <trainBatch>409 :  *** Training Iteration env1-hdc-LAP-0.2-0.2-seed3-00.2->env1-hdc-LAP-0.2-0.2-seed3-00.3: iter=2, error-rate=0, num-dialogs=1000 ***
RESULTS:: 20:35:32: root                               EvaluationManager.py <_prstr>179 :  Results for domain: Laptops11 --evaluated by: objective success evaluator
RESULTS:: 20:35:32: root                               EvaluationManager.py <_prstr>179 :  # of dialogues  = 1000
RESULTS:: 20:35:32: root                               EvaluationManager.py <_prstr>179 :  Average reward  = 8.99 +- 0.48
RESULTS:: 20:35:32: root                               EvaluationManager.py <_prstr>179 :  Average success = 89.40 +- 1.91
RESULTS:: 20:35:32: root                               EvaluationManager.py <_prstr>179 :  Average turns   = 8.89 +- 0.25
RESULTS:: 20:35:32: root                                   pydial.py <setEvalConfig>470 :  *** Evaluating env1-hdc-LAP-0.2-0.2-seed3-00.3: error-rate=0 num-dialogs=1000 ***
RESULTS:: 20:45:17: root                               EvaluationManager.py <_prstr>179 :  Results for domain: Laptops11 --evaluated by: objective success evaluator
RESULTS:: 20:45:17: root                               EvaluationManager.py <_prstr>179 :  # of dialogues  = 1000
RESULTS:: 20:45:17: root                               EvaluationManager.py <_prstr>179 :  Average reward  = 9.64 +- 0.50
RESULTS:: 20:45:17: root                               EvaluationManager.py <_prstr>179 :  Average success = 86.60 +- 2.11
RESULTS:: 20:45:17: root                               EvaluationManager.py <_prstr>179 :  Average turns   = 7.68 +- 0.21
RESULTS:: 20:45:17: root                                   pydial.py <train_command>791 :  List of domains: Laptops11
RESULTS:: 20:45:17: root                                      pydial.py <trainBatch>409 :  *** Training Iteration env1-hdc-LAP-0.2-0.2-seed3-00.3->env1-hdc-LAP-0.2-0.2-seed3-00.4: iter=3, error-rate=0, num-dialogs=1000 ***
RESULTS:: 21:14:16: root                               EvaluationManager.py <_prstr>179 :  Results for domain: Laptops11 --evaluated by: objective success evaluator
RESULTS:: 21:14:16: root                               EvaluationManager.py <_prstr>179 :  # of dialogues  = 1000
RESULTS:: 21:14:16: root                               EvaluationManager.py <_prstr>179 :  Average reward  = 8.73 +- 0.50
RESULTS:: 21:14:16: root                               EvaluationManager.py <_prstr>179 :  Average success = 87.10 +- 2.08
RESULTS:: 21:14:16: root                               EvaluationManager.py <_prstr>179 :  Average turns   = 8.69 +- 0.22
RESULTS:: 21:14:16: root                                   pydial.py <setEvalConfig>470 :  *** Evaluating env1-hdc-LAP-0.2-0.2-seed3-00.4: error-rate=0 num-dialogs=1000 ***
RESULTS:: 21:23:12: root                               EvaluationManager.py <_prstr>179 :  Results for domain: Laptops11 --evaluated by: objective success evaluator
RESULTS:: 21:23:12: root                               EvaluationManager.py <_prstr>179 :  # of dialogues  = 1000
RESULTS:: 21:23:12: root                               EvaluationManager.py <_prstr>179 :  Average reward  = 6.75 +- 0.62
RESULTS:: 21:23:12: root                               EvaluationManager.py <_prstr>179 :  Average success = 67.50 +- 2.91
RESULTS:: 21:23:12: root                               EvaluationManager.py <_prstr>179 :  Average turns   = 6.75 +- 0.13
RESULTS:: 21:23:12: root                                   pydial.py <train_command>791 :  List of domains: Laptops11
RESULTS:: 21:23:12: root                                      pydial.py <trainBatch>409 :  *** Training Iteration env1-hdc-LAP-0.2-0.2-seed3-00.4->env1-hdc-LAP-0.2-0.2-seed3-00.5: iter=4, error-rate=0, num-dialogs=1000 ***
RESULTS:: 21:52:49: root                               EvaluationManager.py <_prstr>179 :  Results for domain: Laptops11 --evaluated by: objective success evaluator
RESULTS:: 21:52:49: root                               EvaluationManager.py <_prstr>179 :  # of dialogues  = 1000
RESULTS:: 21:52:49: root                               EvaluationManager.py <_prstr>179 :  Average reward  = 9.08 +- 0.47
RESULTS:: 21:52:49: root                               EvaluationManager.py <_prstr>179 :  Average success = 88.80 +- 1.96
RESULTS:: 21:52:49: root                               EvaluationManager.py <_prstr>179 :  Average turns   = 8.68 +- 0.23
RESULTS:: 21:52:49: root                                   pydial.py <setEvalConfig>470 :  *** Evaluating env1-hdc-LAP-0.2-0.2-seed3-00.5: error-rate=0 num-dialogs=1000 ***
RESULTS:: 22:01:49: root                               EvaluationManager.py <_prstr>179 :  Results for domain: Laptops11 --evaluated by: objective success evaluator
RESULTS:: 22:01:49: root                               EvaluationManager.py <_prstr>179 :  # of dialogues  = 1000
RESULTS:: 22:01:49: root                               EvaluationManager.py <_prstr>179 :  Average reward  = 7.80 +- 0.57
RESULTS:: 22:01:49: root                               EvaluationManager.py <_prstr>179 :  Average success = 73.30 +- 2.75
RESULTS:: 22:01:49: root                               EvaluationManager.py <_prstr>179 :  Average turns   = 6.86 +- 0.13
RESULTS:: 22:01:49: root                                   pydial.py <train_command>791 :  List of domains: Laptops11
RESULTS:: 22:01:49: root                                      pydial.py <trainBatch>409 :  *** Training Iteration env1-hdc-LAP-0.2-0.2-seed3-00.5->env1-hdc-LAP-0.2-0.2-seed3-00.6: iter=5, error-rate=0, num-dialogs=1000 ***
RESULTS:: 22:31:12: root                               EvaluationManager.py <_prstr>179 :  Results for domain: Laptops11 --evaluated by: objective success evaluator
RESULTS:: 22:31:12: root                               EvaluationManager.py <_prstr>179 :  # of dialogues  = 1000
RESULTS:: 22:31:12: root                               EvaluationManager.py <_prstr>179 :  Average reward  = 9.13 +- 0.50
RESULTS:: 22:31:12: root                               EvaluationManager.py <_prstr>179 :  Average success = 89.00 +- 1.94
RESULTS:: 22:31:12: root                               EvaluationManager.py <_prstr>179 :  Average turns   = 8.67 +- 0.25
RESULTS:: 22:31:12: root                                   pydial.py <setEvalConfig>470 :  *** Evaluating env1-hdc-LAP-0.2-0.2-seed3-00.6: error-rate=0 num-dialogs=1000 ***
RESULTS:: 22:40:41: root                               EvaluationManager.py <_prstr>179 :  Results for domain: Laptops11 --evaluated by: objective success evaluator
RESULTS:: 22:40:41: root                               EvaluationManager.py <_prstr>179 :  # of dialogues  = 1000
RESULTS:: 22:40:41: root                               EvaluationManager.py <_prstr>179 :  Average reward  = 9.99 +- 0.49
RESULTS:: 22:40:41: root                               EvaluationManager.py <_prstr>179 :  Average success = 86.80 +- 2.10
RESULTS:: 22:40:41: root                               EvaluationManager.py <_prstr>179 :  Average turns   = 7.37 +- 0.18
RESULTS:: 22:40:41: root                                   pydial.py <train_command>791 :  List of domains: Laptops11
RESULTS:: 22:40:41: root                                      pydial.py <trainBatch>409 :  *** Training Iteration env1-hdc-LAP-0.2-0.2-seed3-00.6->env1-hdc-LAP-0.2-0.2-seed3-00.7: iter=6, error-rate=0, num-dialogs=1000 ***
RESULTS:: 23:10:17: root                               EvaluationManager.py <_prstr>179 :  Results for domain: Laptops11 --evaluated by: objective success evaluator
RESULTS:: 23:10:17: root                               EvaluationManager.py <_prstr>179 :  # of dialogues  = 1000
RESULTS:: 23:10:17: root                               EvaluationManager.py <_prstr>179 :  Average reward  = 8.78 +- 0.51
RESULTS:: 23:10:17: root                               EvaluationManager.py <_prstr>179 :  Average success = 89.00 +- 1.94
RESULTS:: 23:10:17: root                               EvaluationManager.py <_prstr>179 :  Average turns   = 9.02 +- 0.26
RESULTS:: 23:10:17: root                                   pydial.py <setEvalConfig>470 :  *** Evaluating env1-hdc-LAP-0.2-0.2-seed3-00.7: error-rate=0 num-dialogs=1000 ***
RESULTS:: 23:19:02: root                               EvaluationManager.py <_prstr>179 :  Results for domain: Laptops11 --evaluated by: objective success evaluator
RESULTS:: 23:19:02: root                               EvaluationManager.py <_prstr>179 :  # of dialogues  = 1000
RESULTS:: 23:19:02: root                               EvaluationManager.py <_prstr>179 :  Average reward  = 7.56 +- 0.57
RESULTS:: 23:19:02: root                               EvaluationManager.py <_prstr>179 :  Average success = 72.60 +- 2.77
RESULTS:: 23:19:02: root                               EvaluationManager.py <_prstr>179 :  Average turns   = 6.96 +- 0.13
RESULTS:: 23:19:02: root                                   pydial.py <train_command>791 :  List of domains: Laptops11
RESULTS:: 23:19:02: root                                      pydial.py <trainBatch>409 :  *** Training Iteration env1-hdc-LAP-0.2-0.2-seed3-00.7->env1-hdc-LAP-0.2-0.2-seed3-00.8: iter=7, error-rate=0, num-dialogs=1000 ***
RESULTS:: 23:48:02: root                               EvaluationManager.py <_prstr>179 :  Results for domain: Laptops11 --evaluated by: objective success evaluator
RESULTS:: 23:48:02: root                               EvaluationManager.py <_prstr>179 :  # of dialogues  = 1000
RESULTS:: 23:48:02: root                               EvaluationManager.py <_prstr>179 :  Average reward  = 9.10 +- 0.50
RESULTS:: 23:48:02: root                               EvaluationManager.py <_prstr>179 :  Average success = 88.70 +- 1.96
RESULTS:: 23:48:02: root                               EvaluationManager.py <_prstr>179 :  Average turns   = 8.64 +- 0.24
RESULTS:: 23:48:02: root                                   pydial.py <setEvalConfig>470 :  *** Evaluating env1-hdc-LAP-0.2-0.2-seed3-00.8: error-rate=0 num-dialogs=1000 ***
RESULTS:: 23:57:40: root                               EvaluationManager.py <_prstr>179 :  Results for domain: Laptops11 --evaluated by: objective success evaluator
RESULTS:: 23:57:40: root                               EvaluationManager.py <_prstr>179 :  # of dialogues  = 1000
RESULTS:: 23:57:40: root                               EvaluationManager.py <_prstr>179 :  Average reward  = 8.54 +- 0.54
RESULTS:: 23:57:40: root                               EvaluationManager.py <_prstr>179 :  Average success = 79.30 +- 2.51
RESULTS:: 23:57:40: root                               EvaluationManager.py <_prstr>179 :  Average turns   = 7.33 +- 0.15
RESULTS:: 23:57:40: root                                   pydial.py <train_command>791 :  List of domains: Laptops11
RESULTS:: 23:57:40: root                                      pydial.py <trainBatch>409 :  *** Training Iteration env1-hdc-LAP-0.2-0.2-seed3-00.8->env1-hdc-LAP-0.2-0.2-seed3-00.9: iter=8, error-rate=0, num-dialogs=1000 ***
RESULTS:: 00:24:37: root                               EvaluationManager.py <_prstr>179 :  Results for domain: Laptops11 --evaluated by: objective success evaluator
RESULTS:: 00:24:37: root                               EvaluationManager.py <_prstr>179 :  # of dialogues  = 1000
RESULTS:: 00:24:37: root                               EvaluationManager.py <_prstr>179 :  Average reward  = 8.79 +- 0.52
RESULTS:: 00:24:37: root                               EvaluationManager.py <_prstr>179 :  Average success = 88.20 +- 2.00
RESULTS:: 00:24:37: root                               EvaluationManager.py <_prstr>179 :  Average turns   = 8.85 +- 0.26
RESULTS:: 00:24:37: root                                   pydial.py <setEvalConfig>470 :  *** Evaluating env1-hdc-LAP-0.2-0.2-seed3-00.9: error-rate=0 num-dialogs=1000 ***
RESULTS:: 00:30:33: root                               EvaluationManager.py <_prstr>179 :  Results for domain: Laptops11 --evaluated by: objective success evaluator
RESULTS:: 00:30:33: root                               EvaluationManager.py <_prstr>179 :  # of dialogues  = 1000
RESULTS:: 00:30:33: root                               EvaluationManager.py <_prstr>179 :  Average reward  = 4.93 +- 0.64
RESULTS:: 00:30:33: root                               EvaluationManager.py <_prstr>179 :  Average success = 58.00 +- 3.06
RESULTS:: 00:30:33: root                               EvaluationManager.py <_prstr>179 :  Average turns   = 6.67 +- 0.12
RESULTS:: 00:30:33: root                                   pydial.py <train_command>791 :  List of domains: Laptops11
RESULTS:: 00:30:33: root                                      pydial.py <trainBatch>409 :  *** Training Iteration env1-hdc-LAP-0.2-0.2-seed3-00.9->env1-hdc-LAP-0.2-0.2-seed3-00.10: iter=9, error-rate=0, num-dialogs=1000 ***
RESULTS:: 00:39:42: root                               EvaluationManager.py <_prstr>179 :  Results for domain: Laptops11 --evaluated by: objective success evaluator
RESULTS:: 00:39:42: root                               EvaluationManager.py <_prstr>179 :  # of dialogues  = 1000
RESULTS:: 00:39:42: root                               EvaluationManager.py <_prstr>179 :  Average reward  = 8.95 +- 0.52
RESULTS:: 00:39:42: root                               EvaluationManager.py <_prstr>179 :  Average success = 87.80 +- 2.03
RESULTS:: 00:39:42: root                               EvaluationManager.py <_prstr>179 :  Average turns   = 8.61 +- 0.23
RESULTS:: 00:39:42: root                                   pydial.py <setEvalConfig>470 :  *** Evaluating env1-hdc-LAP-0.2-0.2-seed3-00.10: error-rate=0 num-dialogs=1000 ***
RESULTS:: 00:46:08: root                               EvaluationManager.py <_prstr>179 :  Results for domain: Laptops11 --evaluated by: objective success evaluator
RESULTS:: 00:46:08: root                               EvaluationManager.py <_prstr>179 :  # of dialogues  = 1000
RESULTS:: 00:46:08: root                               EvaluationManager.py <_prstr>179 :  Average reward  = 8.36 +- 0.56
RESULTS:: 00:46:08: root                               EvaluationManager.py <_prstr>179 :  Average success = 77.90 +- 2.57
RESULTS:: 00:46:08: root                               EvaluationManager.py <_prstr>179 :  Average turns   = 7.22 +- 0.15
RESULTS:: 00:46:08: root                                   pydial.py <train_command>807 :  *** Training complete. log: env1-hdc-LAP-0.2-0.2-seed3-00.1-10.train.log - final policy is env1-hdc-LAP-0.2-0.2-00-10
