RESULTS:: 21:01:20: root                                   pydial.py <train_command>791 :  List of domains: Laptops11
RESULTS:: 21:01:20: root                                      pydial.py <trainBatch>409 :  *** Training Iteration env1-LAP-tau_nodrop_sort_noinco_nlb_3232_128128-seed1-00.0->env1-LAP-tau_nodrop_sort_noinco_nlb_3232_128128-seed1-00.1: iter=0, error-rate=0, num-dialogs=1000 ***
RESULTS:: 21:57:50: root                               EvaluationManager.py <_prstr>179 :  Results for domain: Laptops11 --evaluated by: objective success evaluator
RESULTS:: 21:57:50: root                               EvaluationManager.py <_prstr>179 :  # of dialogues  = 1000
RESULTS:: 21:57:50: root                               EvaluationManager.py <_prstr>179 :  Average reward  = 6.34 +- 0.64
RESULTS:: 21:57:50: root                               EvaluationManager.py <_prstr>179 :  Average success = 77.60 +- 2.59
RESULTS:: 21:57:50: root                               EvaluationManager.py <_prstr>179 :  Average turns   = 9.18 +- 0.27
RESULTS:: 21:57:50: root                                   pydial.py <setEvalConfig>470 :  *** Evaluating env1-LAP-tau_nodrop_sort_noinco_nlb_3232_128128-seed1-00.1: error-rate=0 num-dialogs=500 ***
RESULTS:: 22:19:50: root                               EvaluationManager.py <_prstr>179 :  Results for domain: Laptops11 --evaluated by: objective success evaluator
RESULTS:: 22:19:50: root                               EvaluationManager.py <_prstr>179 :  # of dialogues  = 500
RESULTS:: 22:19:50: root                               EvaluationManager.py <_prstr>179 :  Average reward  = 11.89 +- 0.49
RESULTS:: 22:19:50: root                               EvaluationManager.py <_prstr>179 :  Average success = 96.00 +- 1.72
RESULTS:: 22:19:50: root                               EvaluationManager.py <_prstr>179 :  Average turns   = 7.31 +- 0.28
RESULTS:: 22:19:50: root                                   pydial.py <train_command>791 :  List of domains: Laptops11
RESULTS:: 22:19:50: root                                      pydial.py <trainBatch>409 :  *** Training Iteration env1-LAP-tau_nodrop_sort_noinco_nlb_3232_128128-seed1-00.1->env1-LAP-tau_nodrop_sort_noinco_nlb_3232_128128-seed1-00.2: iter=1, error-rate=0, num-dialogs=1000 ***
RESULTS:: 22:58:03: root                               EvaluationManager.py <_prstr>179 :  Results for domain: Laptops11 --evaluated by: objective success evaluator
RESULTS:: 22:58:03: root                               EvaluationManager.py <_prstr>179 :  # of dialogues  = 1000
RESULTS:: 22:58:03: root                               EvaluationManager.py <_prstr>179 :  Average reward  = 8.99 +- 0.48
RESULTS:: 22:58:03: root                               EvaluationManager.py <_prstr>179 :  Average success = 89.40 +- 1.91
RESULTS:: 22:58:03: root                               EvaluationManager.py <_prstr>179 :  Average turns   = 8.89 +- 0.24
RESULTS:: 22:58:03: root                                   pydial.py <setEvalConfig>470 :  *** Evaluating env1-LAP-tau_nodrop_sort_noinco_nlb_3232_128128-seed1-00.2: error-rate=0 num-dialogs=500 ***
RESULTS:: 23:13:13: root                               EvaluationManager.py <_prstr>179 :  Results for domain: Laptops11 --evaluated by: objective success evaluator
RESULTS:: 23:13:13: root                               EvaluationManager.py <_prstr>179 :  # of dialogues  = 500
RESULTS:: 23:13:13: root                               EvaluationManager.py <_prstr>179 :  Average reward  = 9.99 +- 0.66
RESULTS:: 23:13:13: root                               EvaluationManager.py <_prstr>179 :  Average success = 86.60 +- 2.99
RESULTS:: 23:13:13: root                               EvaluationManager.py <_prstr>179 :  Average turns   = 7.33 +- 0.24
RESULTS:: 23:13:13: root                                   pydial.py <train_command>791 :  List of domains: Laptops11
RESULTS:: 23:13:13: root                                      pydial.py <trainBatch>409 :  *** Training Iteration env1-LAP-tau_nodrop_sort_noinco_nlb_3232_128128-seed1-00.2->env1-LAP-tau_nodrop_sort_noinco_nlb_3232_128128-seed1-00.3: iter=2, error-rate=0, num-dialogs=1000 ***
RESULTS:: 23:52:37: root                               EvaluationManager.py <_prstr>179 :  Results for domain: Laptops11 --evaluated by: objective success evaluator
RESULTS:: 23:52:37: root                               EvaluationManager.py <_prstr>179 :  # of dialogues  = 1000
RESULTS:: 23:52:37: root                               EvaluationManager.py <_prstr>179 :  Average reward  = 9.56 +- 0.46
RESULTS:: 23:52:37: root                               EvaluationManager.py <_prstr>179 :  Average success = 91.40 +- 1.74
RESULTS:: 23:52:37: root                               EvaluationManager.py <_prstr>179 :  Average turns   = 8.72 +- 0.24
RESULTS:: 23:52:37: root                                   pydial.py <setEvalConfig>470 :  *** Evaluating env1-LAP-tau_nodrop_sort_noinco_nlb_3232_128128-seed1-00.3: error-rate=0 num-dialogs=500 ***
RESULTS:: 00:07:17: root                               EvaluationManager.py <_prstr>179 :  Results for domain: Laptops11 --evaluated by: objective success evaluator
RESULTS:: 00:07:17: root                               EvaluationManager.py <_prstr>179 :  # of dialogues  = 500
RESULTS:: 00:07:17: root                               EvaluationManager.py <_prstr>179 :  Average reward  = 12.01 +- 0.45
RESULTS:: 00:07:17: root                               EvaluationManager.py <_prstr>179 :  Average success = 95.60 +- 1.80
RESULTS:: 00:07:17: root                               EvaluationManager.py <_prstr>179 :  Average turns   = 7.11 +- 0.23
RESULTS:: 00:07:17: root                                   pydial.py <train_command>791 :  List of domains: Laptops11
RESULTS:: 00:07:17: root                                      pydial.py <trainBatch>409 :  *** Training Iteration env1-LAP-tau_nodrop_sort_noinco_nlb_3232_128128-seed1-00.3->env1-LAP-tau_nodrop_sort_noinco_nlb_3232_128128-seed1-00.4: iter=3, error-rate=0, num-dialogs=1000 ***
RESULTS:: 00:43:54: root                               EvaluationManager.py <_prstr>179 :  Results for domain: Laptops11 --evaluated by: objective success evaluator
RESULTS:: 00:43:54: root                               EvaluationManager.py <_prstr>179 :  # of dialogues  = 1000
RESULTS:: 00:43:54: root                               EvaluationManager.py <_prstr>179 :  Average reward  = 9.82 +- 0.43
RESULTS:: 00:43:54: root                               EvaluationManager.py <_prstr>179 :  Average success = 92.60 +- 1.62
RESULTS:: 00:43:54: root                               EvaluationManager.py <_prstr>179 :  Average turns   = 8.70 +- 0.24
RESULTS:: 00:43:54: root                                   pydial.py <setEvalConfig>470 :  *** Evaluating env1-LAP-tau_nodrop_sort_noinco_nlb_3232_128128-seed1-00.4: error-rate=0 num-dialogs=500 ***
RESULTS:: 00:59:11: root                               EvaluationManager.py <_prstr>179 :  Results for domain: Laptops11 --evaluated by: objective success evaluator
RESULTS:: 00:59:11: root                               EvaluationManager.py <_prstr>179 :  # of dialogues  = 500
RESULTS:: 00:59:11: root                               EvaluationManager.py <_prstr>179 :  Average reward  = 8.87 +- 0.74
RESULTS:: 00:59:11: root                               EvaluationManager.py <_prstr>179 :  Average success = 81.80 +- 3.39
RESULTS:: 00:59:11: root                               EvaluationManager.py <_prstr>179 :  Average turns   = 7.49 +- 0.23
RESULTS:: 00:59:11: root                                   pydial.py <train_command>791 :  List of domains: Laptops11
RESULTS:: 00:59:11: root                                      pydial.py <trainBatch>409 :  *** Training Iteration env1-LAP-tau_nodrop_sort_noinco_nlb_3232_128128-seed1-00.4->env1-LAP-tau_nodrop_sort_noinco_nlb_3232_128128-seed1-00.5: iter=4, error-rate=0, num-dialogs=1000 ***
RESULTS:: 01:35:46: root                               EvaluationManager.py <_prstr>179 :  Results for domain: Laptops11 --evaluated by: objective success evaluator
RESULTS:: 01:35:46: root                               EvaluationManager.py <_prstr>179 :  # of dialogues  = 1000
RESULTS:: 01:35:46: root                               EvaluationManager.py <_prstr>179 :  Average reward  = 8.86 +- 0.53
RESULTS:: 01:35:46: root                               EvaluationManager.py <_prstr>179 :  Average success = 87.80 +- 2.03
RESULTS:: 01:35:46: root                               EvaluationManager.py <_prstr>179 :  Average turns   = 8.70 +- 0.26
RESULTS:: 01:35:46: root                                   pydial.py <setEvalConfig>470 :  *** Evaluating env1-LAP-tau_nodrop_sort_noinco_nlb_3232_128128-seed1-00.5: error-rate=0 num-dialogs=500 ***
RESULTS:: 01:51:11: root                               EvaluationManager.py <_prstr>179 :  Results for domain: Laptops11 --evaluated by: objective success evaluator
RESULTS:: 01:51:11: root                               EvaluationManager.py <_prstr>179 :  # of dialogues  = 500
RESULTS:: 01:51:11: root                               EvaluationManager.py <_prstr>179 :  Average reward  = 10.05 +- 0.70
RESULTS:: 01:51:11: root                               EvaluationManager.py <_prstr>179 :  Average success = 88.20 +- 2.83
RESULTS:: 01:51:11: root                               EvaluationManager.py <_prstr>179 :  Average turns   = 7.59 +- 0.28
RESULTS:: 01:51:11: root                                   pydial.py <train_command>791 :  List of domains: Laptops11
RESULTS:: 01:51:11: root                                      pydial.py <trainBatch>409 :  *** Training Iteration env1-LAP-tau_nodrop_sort_noinco_nlb_3232_128128-seed1-00.5->env1-LAP-tau_nodrop_sort_noinco_nlb_3232_128128-seed1-00.6: iter=5, error-rate=0, num-dialogs=1000 ***
RESULTS:: 02:27:48: root                               EvaluationManager.py <_prstr>179 :  Results for domain: Laptops11 --evaluated by: objective success evaluator
RESULTS:: 02:27:48: root                               EvaluationManager.py <_prstr>179 :  # of dialogues  = 1000
RESULTS:: 02:27:48: root                               EvaluationManager.py <_prstr>179 :  Average reward  = 10.05 +- 0.45
RESULTS:: 02:27:48: root                               EvaluationManager.py <_prstr>179 :  Average success = 93.80 +- 1.50
RESULTS:: 02:27:48: root                               EvaluationManager.py <_prstr>179 :  Average turns   = 8.71 +- 0.25
RESULTS:: 02:27:48: root                                   pydial.py <setEvalConfig>470 :  *** Evaluating env1-LAP-tau_nodrop_sort_noinco_nlb_3232_128128-seed1-00.6: error-rate=0 num-dialogs=500 ***
RESULTS:: 02:43:04: root                               EvaluationManager.py <_prstr>179 :  Results for domain: Laptops11 --evaluated by: objective success evaluator
RESULTS:: 02:43:04: root                               EvaluationManager.py <_prstr>179 :  # of dialogues  = 500
RESULTS:: 02:43:04: root                               EvaluationManager.py <_prstr>179 :  Average reward  = 10.66 +- 0.63
RESULTS:: 02:43:04: root                               EvaluationManager.py <_prstr>179 :  Average success = 90.80 +- 2.54
RESULTS:: 02:43:04: root                               EvaluationManager.py <_prstr>179 :  Average turns   = 7.50 +- 0.24
RESULTS:: 02:43:04: root                                   pydial.py <train_command>791 :  List of domains: Laptops11
RESULTS:: 02:43:04: root                                      pydial.py <trainBatch>409 :  *** Training Iteration env1-LAP-tau_nodrop_sort_noinco_nlb_3232_128128-seed1-00.6->env1-LAP-tau_nodrop_sort_noinco_nlb_3232_128128-seed1-00.7: iter=6, error-rate=0, num-dialogs=1000 ***
RESULTS:: 03:19:32: root                               EvaluationManager.py <_prstr>179 :  Results for domain: Laptops11 --evaluated by: objective success evaluator
RESULTS:: 03:19:32: root                               EvaluationManager.py <_prstr>179 :  # of dialogues  = 1000
RESULTS:: 03:19:32: root                               EvaluationManager.py <_prstr>179 :  Average reward  = 9.75 +- 0.47
RESULTS:: 03:19:32: root                               EvaluationManager.py <_prstr>179 :  Average success = 92.10 +- 1.67
RESULTS:: 03:19:32: root                               EvaluationManager.py <_prstr>179 :  Average turns   = 8.67 +- 0.26
RESULTS:: 03:19:32: root                                   pydial.py <setEvalConfig>470 :  *** Evaluating env1-LAP-tau_nodrop_sort_noinco_nlb_3232_128128-seed1-00.7: error-rate=0 num-dialogs=500 ***
RESULTS:: 03:35:33: root                               EvaluationManager.py <_prstr>179 :  Results for domain: Laptops11 --evaluated by: objective success evaluator
RESULTS:: 03:35:33: root                               EvaluationManager.py <_prstr>179 :  # of dialogues  = 500
RESULTS:: 03:35:33: root                               EvaluationManager.py <_prstr>179 :  Average reward  = 10.90 +- 0.59
RESULTS:: 03:35:33: root                               EvaluationManager.py <_prstr>179 :  Average success = 93.60 +- 2.15
RESULTS:: 03:35:33: root                               EvaluationManager.py <_prstr>179 :  Average turns   = 7.82 +- 0.30
RESULTS:: 03:35:33: root                                   pydial.py <train_command>791 :  List of domains: Laptops11
RESULTS:: 03:35:33: root                                      pydial.py <trainBatch>409 :  *** Training Iteration env1-LAP-tau_nodrop_sort_noinco_nlb_3232_128128-seed1-00.7->env1-LAP-tau_nodrop_sort_noinco_nlb_3232_128128-seed1-00.8: iter=7, error-rate=0, num-dialogs=1000 ***
RESULTS:: 04:12:54: root                               EvaluationManager.py <_prstr>179 :  Results for domain: Laptops11 --evaluated by: objective success evaluator
RESULTS:: 04:12:54: root                               EvaluationManager.py <_prstr>179 :  # of dialogues  = 1000
RESULTS:: 04:12:54: root                               EvaluationManager.py <_prstr>179 :  Average reward  = 9.53 +- 0.48
RESULTS:: 04:12:54: root                               EvaluationManager.py <_prstr>179 :  Average success = 92.00 +- 1.68
RESULTS:: 04:12:54: root                               EvaluationManager.py <_prstr>179 :  Average turns   = 8.87 +- 0.25
RESULTS:: 04:12:54: root                                   pydial.py <setEvalConfig>470 :  *** Evaluating env1-LAP-tau_nodrop_sort_noinco_nlb_3232_128128-seed1-00.8: error-rate=0 num-dialogs=500 ***
RESULTS:: 04:28:16: root                               EvaluationManager.py <_prstr>179 :  Results for domain: Laptops11 --evaluated by: objective success evaluator
RESULTS:: 04:28:16: root                               EvaluationManager.py <_prstr>179 :  # of dialogues  = 500
RESULTS:: 04:28:16: root                               EvaluationManager.py <_prstr>179 :  Average reward  = 9.87 +- 0.66
RESULTS:: 04:28:16: root                               EvaluationManager.py <_prstr>179 :  Average success = 86.60 +- 2.99
RESULTS:: 04:28:16: root                               EvaluationManager.py <_prstr>179 :  Average turns   = 7.45 +- 0.24
RESULTS:: 04:28:16: root                                   pydial.py <train_command>791 :  List of domains: Laptops11
RESULTS:: 04:28:16: root                                      pydial.py <trainBatch>409 :  *** Training Iteration env1-LAP-tau_nodrop_sort_noinco_nlb_3232_128128-seed1-00.8->env1-LAP-tau_nodrop_sort_noinco_nlb_3232_128128-seed1-00.9: iter=8, error-rate=0, num-dialogs=1000 ***
RESULTS:: 05:05:57: root                               EvaluationManager.py <_prstr>179 :  Results for domain: Laptops11 --evaluated by: objective success evaluator
RESULTS:: 05:05:57: root                               EvaluationManager.py <_prstr>179 :  # of dialogues  = 1000
RESULTS:: 05:05:57: root                               EvaluationManager.py <_prstr>179 :  Average reward  = 9.46 +- 0.51
RESULTS:: 05:05:57: root                               EvaluationManager.py <_prstr>179 :  Average success = 92.20 +- 1.66
RESULTS:: 05:05:57: root                               EvaluationManager.py <_prstr>179 :  Average turns   = 8.98 +- 0.27
RESULTS:: 05:05:57: root                                   pydial.py <setEvalConfig>470 :  *** Evaluating env1-LAP-tau_nodrop_sort_noinco_nlb_3232_128128-seed1-00.9: error-rate=0 num-dialogs=500 ***
RESULTS:: 05:21:26: root                               EvaluationManager.py <_prstr>179 :  Results for domain: Laptops11 --evaluated by: objective success evaluator
RESULTS:: 05:21:26: root                               EvaluationManager.py <_prstr>179 :  # of dialogues  = 500
RESULTS:: 05:21:26: root                               EvaluationManager.py <_prstr>179 :  Average reward  = 10.68 +- 0.62
RESULTS:: 05:21:26: root                               EvaluationManager.py <_prstr>179 :  Average success = 91.20 +- 2.49
RESULTS:: 05:21:26: root                               EvaluationManager.py <_prstr>179 :  Average turns   = 7.56 +- 0.27
RESULTS:: 05:21:26: root                                   pydial.py <train_command>791 :  List of domains: Laptops11
RESULTS:: 05:21:26: root                                      pydial.py <trainBatch>409 :  *** Training Iteration env1-LAP-tau_nodrop_sort_noinco_nlb_3232_128128-seed1-00.9->env1-LAP-tau_nodrop_sort_noinco_nlb_3232_128128-seed1-00.10: iter=9, error-rate=0, num-dialogs=1000 ***
RESULTS:: 05:59:06: root                               EvaluationManager.py <_prstr>179 :  Results for domain: Laptops11 --evaluated by: objective success evaluator
RESULTS:: 05:59:06: root                               EvaluationManager.py <_prstr>179 :  # of dialogues  = 1000
RESULTS:: 05:59:06: root                               EvaluationManager.py <_prstr>179 :  Average reward  = 9.46 +- 0.48
RESULTS:: 05:59:06: root                               EvaluationManager.py <_prstr>179 :  Average success = 92.30 +- 1.65
RESULTS:: 05:59:06: root                               EvaluationManager.py <_prstr>179 :  Average turns   = 8.99 +- 0.26
RESULTS:: 05:59:06: root                                   pydial.py <setEvalConfig>470 :  *** Evaluating env1-LAP-tau_nodrop_sort_noinco_nlb_3232_128128-seed1-00.10: error-rate=0 num-dialogs=500 ***
RESULTS:: 06:14:15: root                               EvaluationManager.py <_prstr>179 :  Results for domain: Laptops11 --evaluated by: objective success evaluator
RESULTS:: 06:14:15: root                               EvaluationManager.py <_prstr>179 :  # of dialogues  = 500
RESULTS:: 06:14:15: root                               EvaluationManager.py <_prstr>179 :  Average reward  = 11.44 +- 0.54
RESULTS:: 06:14:15: root                               EvaluationManager.py <_prstr>179 :  Average success = 94.20 +- 2.05
RESULTS:: 06:14:15: root                               EvaluationManager.py <_prstr>179 :  Average turns   = 7.40 +- 0.26
RESULTS:: 06:14:15: root                                   pydial.py <train_command>807 :  *** Training complete. log: env1-LAP-tau_nodrop_sort_noinco_nlb_3232_128128-seed1-00.1-10.train.log - final policy is env1-LAP-tau_nodrop_sort_noinco_nlb_3232_128128-00-10
