RESULTS:: 21:01:15: root                                   pydial.py <train_command>791 :  List of domains: Laptops11
RESULTS:: 21:01:15: root                                      pydial.py <trainBatch>409 :  *** Training Iteration env1-LAP-tau_nodrop_sort_noinco_nlb_3232_128128-seed0-00.0->env1-LAP-tau_nodrop_sort_noinco_nlb_3232_128128-seed0-00.1: iter=0, error-rate=0, num-dialogs=1000 ***
RESULTS:: 22:01:48: root                               EvaluationManager.py <_prstr>179 :  Results for domain: Laptops11 --evaluated by: objective success evaluator
RESULTS:: 22:01:48: root                               EvaluationManager.py <_prstr>179 :  # of dialogues  = 1000
RESULTS:: 22:01:48: root                               EvaluationManager.py <_prstr>179 :  Average reward  = 5.19 +- 0.71
RESULTS:: 22:01:48: root                               EvaluationManager.py <_prstr>179 :  Average success = 74.50 +- 2.70
RESULTS:: 22:01:48: root                               EvaluationManager.py <_prstr>179 :  Average turns   = 9.71 +- 0.31
RESULTS:: 22:01:48: root                                   pydial.py <setEvalConfig>470 :  *** Evaluating env1-LAP-tau_nodrop_sort_noinco_nlb_3232_128128-seed0-00.1: error-rate=0 num-dialogs=500 ***
RESULTS:: 22:23:21: root                               EvaluationManager.py <_prstr>179 :  Results for domain: Laptops11 --evaluated by: objective success evaluator
RESULTS:: 22:23:21: root                               EvaluationManager.py <_prstr>179 :  # of dialogues  = 500
RESULTS:: 22:23:21: root                               EvaluationManager.py <_prstr>179 :  Average reward  = 8.18 +- 0.83
RESULTS:: 22:23:21: root                               EvaluationManager.py <_prstr>179 :  Average success = 77.80 +- 3.65
RESULTS:: 22:23:21: root                               EvaluationManager.py <_prstr>179 :  Average turns   = 7.38 +- 0.27
RESULTS:: 22:23:21: root                                   pydial.py <train_command>791 :  List of domains: Laptops11
RESULTS:: 22:23:21: root                                      pydial.py <trainBatch>409 :  *** Training Iteration env1-LAP-tau_nodrop_sort_noinco_nlb_3232_128128-seed0-00.1->env1-LAP-tau_nodrop_sort_noinco_nlb_3232_128128-seed0-00.2: iter=1, error-rate=0, num-dialogs=1000 ***
RESULTS:: 23:05:41: root                               EvaluationManager.py <_prstr>179 :  Results for domain: Laptops11 --evaluated by: objective success evaluator
RESULTS:: 23:05:41: root                               EvaluationManager.py <_prstr>179 :  # of dialogues  = 1000
RESULTS:: 23:05:41: root                               EvaluationManager.py <_prstr>179 :  Average reward  = 7.19 +- 0.66
RESULTS:: 23:05:41: root                               EvaluationManager.py <_prstr>179 :  Average success = 85.40 +- 2.19
RESULTS:: 23:05:41: root                               EvaluationManager.py <_prstr>179 :  Average turns   = 9.89 +- 0.33
RESULTS:: 23:05:41: root                                   pydial.py <setEvalConfig>470 :  *** Evaluating env1-LAP-tau_nodrop_sort_noinco_nlb_3232_128128-seed0-00.2: error-rate=0 num-dialogs=500 ***
RESULTS:: 23:23:16: root                               EvaluationManager.py <_prstr>179 :  Results for domain: Laptops11 --evaluated by: objective success evaluator
RESULTS:: 23:23:16: root                               EvaluationManager.py <_prstr>179 :  # of dialogues  = 500
RESULTS:: 23:23:16: root                               EvaluationManager.py <_prstr>179 :  Average reward  = 11.50 +- 0.56
RESULTS:: 23:23:16: root                               EvaluationManager.py <_prstr>179 :  Average success = 95.40 +- 1.84
RESULTS:: 23:23:16: root                               EvaluationManager.py <_prstr>179 :  Average turns   = 7.58 +- 0.31
RESULTS:: 23:23:16: root                                   pydial.py <train_command>791 :  List of domains: Laptops11
RESULTS:: 23:23:16: root                                      pydial.py <trainBatch>409 :  *** Training Iteration env1-LAP-tau_nodrop_sort_noinco_nlb_3232_128128-seed0-00.2->env1-LAP-tau_nodrop_sort_noinco_nlb_3232_128128-seed0-00.3: iter=2, error-rate=0, num-dialogs=1000 ***
RESULTS:: 00:04:42: root                               EvaluationManager.py <_prstr>179 :  Results for domain: Laptops11 --evaluated by: objective success evaluator
RESULTS:: 00:04:42: root                               EvaluationManager.py <_prstr>179 :  # of dialogues  = 1000
RESULTS:: 00:04:42: root                               EvaluationManager.py <_prstr>179 :  Average reward  = 8.56 +- 0.55
RESULTS:: 00:04:42: root                               EvaluationManager.py <_prstr>179 :  Average success = 90.10 +- 1.85
RESULTS:: 00:04:42: root                               EvaluationManager.py <_prstr>179 :  Average turns   = 9.46 +- 0.30
RESULTS:: 00:04:42: root                                   pydial.py <setEvalConfig>470 :  *** Evaluating env1-LAP-tau_nodrop_sort_noinco_nlb_3232_128128-seed0-00.3: error-rate=0 num-dialogs=500 ***
RESULTS:: 00:21:08: root                               EvaluationManager.py <_prstr>179 :  Results for domain: Laptops11 --evaluated by: objective success evaluator
RESULTS:: 00:21:08: root                               EvaluationManager.py <_prstr>179 :  # of dialogues  = 500
RESULTS:: 00:21:08: root                               EvaluationManager.py <_prstr>179 :  Average reward  = 10.52 +- 0.70
RESULTS:: 00:21:08: root                               EvaluationManager.py <_prstr>179 :  Average success = 91.80 +- 2.41
RESULTS:: 00:21:08: root                               EvaluationManager.py <_prstr>179 :  Average turns   = 7.84 +- 0.33
RESULTS:: 00:21:08: root                                   pydial.py <train_command>791 :  List of domains: Laptops11
RESULTS:: 00:21:08: root                                      pydial.py <trainBatch>409 :  *** Training Iteration env1-LAP-tau_nodrop_sort_noinco_nlb_3232_128128-seed0-00.3->env1-LAP-tau_nodrop_sort_noinco_nlb_3232_128128-seed0-00.4: iter=3, error-rate=0, num-dialogs=1000 ***
RESULTS:: 00:59:33: root                               EvaluationManager.py <_prstr>179 :  Results for domain: Laptops11 --evaluated by: objective success evaluator
RESULTS:: 00:59:33: root                               EvaluationManager.py <_prstr>179 :  # of dialogues  = 1000
RESULTS:: 00:59:33: root                               EvaluationManager.py <_prstr>179 :  Average reward  = 9.62 +- 0.48
RESULTS:: 00:59:33: root                               EvaluationManager.py <_prstr>179 :  Average success = 92.70 +- 1.61
RESULTS:: 00:59:33: root                               EvaluationManager.py <_prstr>179 :  Average turns   = 8.93 +- 0.27
RESULTS:: 00:59:33: root                                   pydial.py <setEvalConfig>470 :  *** Evaluating env1-LAP-tau_nodrop_sort_noinco_nlb_3232_128128-seed0-00.4: error-rate=0 num-dialogs=500 ***
RESULTS:: 01:14:09: root                               EvaluationManager.py <_prstr>179 :  Results for domain: Laptops11 --evaluated by: objective success evaluator
RESULTS:: 01:14:09: root                               EvaluationManager.py <_prstr>179 :  # of dialogues  = 500
RESULTS:: 01:14:09: root                               EvaluationManager.py <_prstr>179 :  Average reward  = 10.39 +- 0.65
RESULTS:: 01:14:09: root                               EvaluationManager.py <_prstr>179 :  Average success = 86.60 +- 2.99
RESULTS:: 01:14:09: root                               EvaluationManager.py <_prstr>179 :  Average turns   = 6.93 +- 0.19
RESULTS:: 01:14:09: root                                   pydial.py <train_command>791 :  List of domains: Laptops11
RESULTS:: 01:14:09: root                                      pydial.py <trainBatch>409 :  *** Training Iteration env1-LAP-tau_nodrop_sort_noinco_nlb_3232_128128-seed0-00.4->env1-LAP-tau_nodrop_sort_noinco_nlb_3232_128128-seed0-00.5: iter=4, error-rate=0, num-dialogs=1000 ***
RESULTS:: 01:51:46: root                               EvaluationManager.py <_prstr>179 :  Results for domain: Laptops11 --evaluated by: objective success evaluator
RESULTS:: 01:51:46: root                               EvaluationManager.py <_prstr>179 :  # of dialogues  = 1000
RESULTS:: 01:51:46: root                               EvaluationManager.py <_prstr>179 :  Average reward  = 10.01 +- 0.44
RESULTS:: 01:51:46: root                               EvaluationManager.py <_prstr>179 :  Average success = 93.70 +- 1.51
RESULTS:: 01:51:46: root                               EvaluationManager.py <_prstr>179 :  Average turns   = 8.73 +- 0.25
RESULTS:: 01:51:46: root                                   pydial.py <setEvalConfig>470 :  *** Evaluating env1-LAP-tau_nodrop_sort_noinco_nlb_3232_128128-seed0-00.5: error-rate=0 num-dialogs=500 ***
RESULTS:: 02:08:02: root                               EvaluationManager.py <_prstr>179 :  Results for domain: Laptops11 --evaluated by: objective success evaluator
RESULTS:: 02:08:02: root                               EvaluationManager.py <_prstr>179 :  # of dialogues  = 500
RESULTS:: 02:08:02: root                               EvaluationManager.py <_prstr>179 :  Average reward  = 8.84 +- 0.77
RESULTS:: 02:08:02: root                               EvaluationManager.py <_prstr>179 :  Average success = 83.00 +- 3.30
RESULTS:: 02:08:02: root                               EvaluationManager.py <_prstr>179 :  Average turns   = 7.76 +- 0.29
RESULTS:: 02:08:02: root                                   pydial.py <train_command>791 :  List of domains: Laptops11
RESULTS:: 02:08:02: root                                      pydial.py <trainBatch>409 :  *** Training Iteration env1-LAP-tau_nodrop_sort_noinco_nlb_3232_128128-seed0-00.5->env1-LAP-tau_nodrop_sort_noinco_nlb_3232_128128-seed0-00.6: iter=5, error-rate=0, num-dialogs=1000 ***
RESULTS:: 02:46:19: root                               EvaluationManager.py <_prstr>179 :  Results for domain: Laptops11 --evaluated by: objective success evaluator
RESULTS:: 02:46:19: root                               EvaluationManager.py <_prstr>179 :  # of dialogues  = 1000
RESULTS:: 02:46:19: root                               EvaluationManager.py <_prstr>179 :  Average reward  = 8.80 +- 0.49
RESULTS:: 02:46:19: root                               EvaluationManager.py <_prstr>179 :  Average success = 88.50 +- 1.98
RESULTS:: 02:46:19: root                               EvaluationManager.py <_prstr>179 :  Average turns   = 8.90 +- 0.25
RESULTS:: 02:46:19: root                                   pydial.py <setEvalConfig>470 :  *** Evaluating env1-LAP-tau_nodrop_sort_noinco_nlb_3232_128128-seed0-00.6: error-rate=0 num-dialogs=500 ***
RESULTS:: 03:01:20: root                               EvaluationManager.py <_prstr>179 :  Results for domain: Laptops11 --evaluated by: objective success evaluator
RESULTS:: 03:01:20: root                               EvaluationManager.py <_prstr>179 :  # of dialogues  = 500
RESULTS:: 03:01:20: root                               EvaluationManager.py <_prstr>179 :  Average reward  = 8.67 +- 0.79
RESULTS:: 03:01:20: root                               EvaluationManager.py <_prstr>179 :  Average success = 79.00 +- 3.58
RESULTS:: 03:01:20: root                               EvaluationManager.py <_prstr>179 :  Average turns   = 7.13 +- 0.22
RESULTS:: 03:01:20: root                                   pydial.py <train_command>791 :  List of domains: Laptops11
RESULTS:: 03:01:20: root                                      pydial.py <trainBatch>409 :  *** Training Iteration env1-LAP-tau_nodrop_sort_noinco_nlb_3232_128128-seed0-00.6->env1-LAP-tau_nodrop_sort_noinco_nlb_3232_128128-seed0-00.7: iter=6, error-rate=0, num-dialogs=1000 ***
RESULTS:: 03:38:31: root                               EvaluationManager.py <_prstr>179 :  Results for domain: Laptops11 --evaluated by: objective success evaluator
RESULTS:: 03:38:31: root                               EvaluationManager.py <_prstr>179 :  # of dialogues  = 1000
RESULTS:: 03:38:31: root                               EvaluationManager.py <_prstr>179 :  Average reward  = 9.45 +- 0.49
RESULTS:: 03:38:31: root                               EvaluationManager.py <_prstr>179 :  Average success = 90.40 +- 1.83
RESULTS:: 03:38:31: root                               EvaluationManager.py <_prstr>179 :  Average turns   = 8.63 +- 0.25
RESULTS:: 03:38:31: root                                   pydial.py <setEvalConfig>470 :  *** Evaluating env1-LAP-tau_nodrop_sort_noinco_nlb_3232_128128-seed0-00.7: error-rate=0 num-dialogs=500 ***
RESULTS:: 03:53:55: root                               EvaluationManager.py <_prstr>179 :  Results for domain: Laptops11 --evaluated by: objective success evaluator
RESULTS:: 03:53:55: root                               EvaluationManager.py <_prstr>179 :  # of dialogues  = 500
RESULTS:: 03:53:55: root                               EvaluationManager.py <_prstr>179 :  Average reward  = 7.75 +- 0.86
RESULTS:: 03:53:55: root                               EvaluationManager.py <_prstr>179 :  Average success = 75.40 +- 3.78
RESULTS:: 03:53:55: root                               EvaluationManager.py <_prstr>179 :  Average turns   = 7.33 +- 0.26
RESULTS:: 03:53:55: root                                   pydial.py <train_command>791 :  List of domains: Laptops11
RESULTS:: 03:53:55: root                                      pydial.py <trainBatch>409 :  *** Training Iteration env1-LAP-tau_nodrop_sort_noinco_nlb_3232_128128-seed0-00.7->env1-LAP-tau_nodrop_sort_noinco_nlb_3232_128128-seed0-00.8: iter=7, error-rate=0, num-dialogs=1000 ***
RESULTS:: 04:32:38: root                               EvaluationManager.py <_prstr>179 :  Results for domain: Laptops11 --evaluated by: objective success evaluator
RESULTS:: 04:32:38: root                               EvaluationManager.py <_prstr>179 :  # of dialogues  = 1000
RESULTS:: 04:32:38: root                               EvaluationManager.py <_prstr>179 :  Average reward  = 8.39 +- 0.55
RESULTS:: 04:32:38: root                               EvaluationManager.py <_prstr>179 :  Average success = 87.20 +- 2.07
RESULTS:: 04:32:38: root                               EvaluationManager.py <_prstr>179 :  Average turns   = 9.05 +- 0.27
RESULTS:: 04:32:38: root                                   pydial.py <setEvalConfig>470 :  *** Evaluating env1-LAP-tau_nodrop_sort_noinco_nlb_3232_128128-seed0-00.8: error-rate=0 num-dialogs=500 ***
RESULTS:: 04:47:48: root                               EvaluationManager.py <_prstr>179 :  Results for domain: Laptops11 --evaluated by: objective success evaluator
RESULTS:: 04:47:48: root                               EvaluationManager.py <_prstr>179 :  # of dialogues  = 500
RESULTS:: 04:47:48: root                               EvaluationManager.py <_prstr>179 :  Average reward  = 11.20 +- 0.57
RESULTS:: 04:47:48: root                               EvaluationManager.py <_prstr>179 :  Average success = 92.40 +- 2.33
RESULTS:: 04:47:48: root                               EvaluationManager.py <_prstr>179 :  Average turns   = 7.28 +- 0.24
RESULTS:: 04:47:48: root                                   pydial.py <train_command>791 :  List of domains: Laptops11
RESULTS:: 04:47:48: root                                      pydial.py <trainBatch>409 :  *** Training Iteration env1-LAP-tau_nodrop_sort_noinco_nlb_3232_128128-seed0-00.8->env1-LAP-tau_nodrop_sort_noinco_nlb_3232_128128-seed0-00.9: iter=8, error-rate=0, num-dialogs=1000 ***
RESULTS:: 05:25:38: root                               EvaluationManager.py <_prstr>179 :  Results for domain: Laptops11 --evaluated by: objective success evaluator
RESULTS:: 05:25:38: root                               EvaluationManager.py <_prstr>179 :  # of dialogues  = 1000
RESULTS:: 05:25:38: root                               EvaluationManager.py <_prstr>179 :  Average reward  = 9.46 +- 0.47
RESULTS:: 05:25:38: root                               EvaluationManager.py <_prstr>179 :  Average success = 91.50 +- 1.73
RESULTS:: 05:25:38: root                               EvaluationManager.py <_prstr>179 :  Average turns   = 8.84 +- 0.25
RESULTS:: 05:25:38: root                                   pydial.py <setEvalConfig>470 :  *** Evaluating env1-LAP-tau_nodrop_sort_noinco_nlb_3232_128128-seed0-00.9: error-rate=0 num-dialogs=500 ***
RESULTS:: 05:41:32: root                               EvaluationManager.py <_prstr>179 :  Results for domain: Laptops11 --evaluated by: objective success evaluator
RESULTS:: 05:41:32: root                               EvaluationManager.py <_prstr>179 :  # of dialogues  = 500
RESULTS:: 05:41:32: root                               EvaluationManager.py <_prstr>179 :  Average reward  = 11.61 +- 0.51
RESULTS:: 05:41:32: root                               EvaluationManager.py <_prstr>179 :  Average success = 95.60 +- 1.80
RESULTS:: 05:41:32: root                               EvaluationManager.py <_prstr>179 :  Average turns   = 7.51 +- 0.28
RESULTS:: 05:41:32: root                                   pydial.py <train_command>791 :  List of domains: Laptops11
RESULTS:: 05:41:32: root                                      pydial.py <trainBatch>409 :  *** Training Iteration env1-LAP-tau_nodrop_sort_noinco_nlb_3232_128128-seed0-00.9->env1-LAP-tau_nodrop_sort_noinco_nlb_3232_128128-seed0-00.10: iter=9, error-rate=0, num-dialogs=1000 ***
RESULTS:: 06:19:13: root                               EvaluationManager.py <_prstr>179 :  Results for domain: Laptops11 --evaluated by: objective success evaluator
RESULTS:: 06:19:13: root                               EvaluationManager.py <_prstr>179 :  # of dialogues  = 1000
RESULTS:: 06:19:13: root                               EvaluationManager.py <_prstr>179 :  Average reward  = 9.06 +- 0.51
RESULTS:: 06:19:13: root                               EvaluationManager.py <_prstr>179 :  Average success = 89.40 +- 1.91
RESULTS:: 06:19:13: root                               EvaluationManager.py <_prstr>179 :  Average turns   = 8.82 +- 0.26
RESULTS:: 06:19:13: root                                   pydial.py <setEvalConfig>470 :  *** Evaluating env1-LAP-tau_nodrop_sort_noinco_nlb_3232_128128-seed0-00.10: error-rate=0 num-dialogs=500 ***
RESULTS:: 06:34:15: root                               EvaluationManager.py <_prstr>179 :  Results for domain: Laptops11 --evaluated by: objective success evaluator
RESULTS:: 06:34:15: root                               EvaluationManager.py <_prstr>179 :  # of dialogues  = 500
RESULTS:: 06:34:15: root                               EvaluationManager.py <_prstr>179 :  Average reward  = 9.92 +- 0.69
RESULTS:: 06:34:15: root                               EvaluationManager.py <_prstr>179 :  Average success = 88.20 +- 2.83
RESULTS:: 06:34:15: root                               EvaluationManager.py <_prstr>179 :  Average turns   = 7.72 +- 0.28
RESULTS:: 06:34:15: root                                   pydial.py <train_command>807 :  *** Training complete. log: env1-LAP-tau_nodrop_sort_noinco_nlb_3232_128128-seed0-00.1-10.train.log - final policy is env1-LAP-tau_nodrop_sort_noinco_nlb_3232_128128-00-10
