RESULTS:: 21:04:42: root                                   pydial.py <train_command>791 :  List of domains: Laptops11
RESULTS:: 21:04:42: root                                      pydial.py <trainBatch>409 :  *** Training Iteration env1-LAP-tau_nodrop_sort_noinco_nlb_3232_128128-seed9-00.0->env1-LAP-tau_nodrop_sort_noinco_nlb_3232_128128-seed9-00.1: iter=0, error-rate=0, num-dialogs=1000 ***
RESULTS:: 22:02:51: root                               EvaluationManager.py <_prstr>179 :  Results for domain: Laptops11 --evaluated by: objective success evaluator
RESULTS:: 22:02:51: root                               EvaluationManager.py <_prstr>179 :  # of dialogues  = 1000
RESULTS:: 22:02:51: root                               EvaluationManager.py <_prstr>179 :  Average reward  = 6.18 +- 0.67
RESULTS:: 22:02:51: root                               EvaluationManager.py <_prstr>179 :  Average success = 78.00 +- 2.57
RESULTS:: 22:02:51: root                               EvaluationManager.py <_prstr>179 :  Average turns   = 9.42 +- 0.29
RESULTS:: 22:02:51: root                                   pydial.py <setEvalConfig>470 :  *** Evaluating env1-LAP-tau_nodrop_sort_noinco_nlb_3232_128128-seed9-00.1: error-rate=0 num-dialogs=500 ***
RESULTS:: 22:24:20: root                               EvaluationManager.py <_prstr>179 :  Results for domain: Laptops11 --evaluated by: objective success evaluator
RESULTS:: 22:24:20: root                               EvaluationManager.py <_prstr>179 :  # of dialogues  = 500
RESULTS:: 22:24:20: root                               EvaluationManager.py <_prstr>179 :  Average reward  = 11.36 +- 0.54
RESULTS:: 22:24:20: root                               EvaluationManager.py <_prstr>179 :  Average success = 95.00 +- 1.91
RESULTS:: 22:24:20: root                               EvaluationManager.py <_prstr>179 :  Average turns   = 7.64 +- 0.29
RESULTS:: 22:24:20: root                                   pydial.py <train_command>791 :  List of domains: Laptops11
RESULTS:: 22:24:20: root                                      pydial.py <trainBatch>409 :  *** Training Iteration env1-LAP-tau_nodrop_sort_noinco_nlb_3232_128128-seed9-00.1->env1-LAP-tau_nodrop_sort_noinco_nlb_3232_128128-seed9-00.2: iter=1, error-rate=0, num-dialogs=1000 ***
RESULTS:: 23:01:18: root                               EvaluationManager.py <_prstr>179 :  Results for domain: Laptops11 --evaluated by: objective success evaluator
RESULTS:: 23:01:18: root                               EvaluationManager.py <_prstr>179 :  # of dialogues  = 1000
RESULTS:: 23:01:18: root                               EvaluationManager.py <_prstr>179 :  Average reward  = 9.89 +- 0.47
RESULTS:: 23:01:18: root                               EvaluationManager.py <_prstr>179 :  Average success = 92.20 +- 1.66
RESULTS:: 23:01:18: root                               EvaluationManager.py <_prstr>179 :  Average turns   = 8.55 +- 0.26
RESULTS:: 23:01:18: root                                   pydial.py <setEvalConfig>470 :  *** Evaluating env1-LAP-tau_nodrop_sort_noinco_nlb_3232_128128-seed9-00.2: error-rate=0 num-dialogs=500 ***
RESULTS:: 23:16:14: root                               EvaluationManager.py <_prstr>179 :  Results for domain: Laptops11 --evaluated by: objective success evaluator
RESULTS:: 23:16:14: root                               EvaluationManager.py <_prstr>179 :  # of dialogues  = 500
RESULTS:: 23:16:14: root                               EvaluationManager.py <_prstr>179 :  Average reward  = 7.18 +- 0.86
RESULTS:: 23:16:14: root                               EvaluationManager.py <_prstr>179 :  Average success = 71.20 +- 3.98
RESULTS:: 23:16:14: root                               EvaluationManager.py <_prstr>179 :  Average turns   = 7.06 +- 0.22
RESULTS:: 23:16:14: root                                   pydial.py <train_command>791 :  List of domains: Laptops11
RESULTS:: 23:16:14: root                                      pydial.py <trainBatch>409 :  *** Training Iteration env1-LAP-tau_nodrop_sort_noinco_nlb_3232_128128-seed9-00.2->env1-LAP-tau_nodrop_sort_noinco_nlb_3232_128128-seed9-00.3: iter=2, error-rate=0, num-dialogs=1000 ***
RESULTS:: 23:56:01: root                               EvaluationManager.py <_prstr>179 :  Results for domain: Laptops11 --evaluated by: objective success evaluator
RESULTS:: 23:56:01: root                               EvaluationManager.py <_prstr>179 :  # of dialogues  = 1000
RESULTS:: 23:56:01: root                               EvaluationManager.py <_prstr>179 :  Average reward  = 9.43 +- 0.48
RESULTS:: 23:56:01: root                               EvaluationManager.py <_prstr>179 :  Average success = 91.90 +- 1.69
RESULTS:: 23:56:01: root                               EvaluationManager.py <_prstr>179 :  Average turns   = 8.95 +- 0.27
RESULTS:: 23:56:01: root                                   pydial.py <setEvalConfig>470 :  *** Evaluating env1-LAP-tau_nodrop_sort_noinco_nlb_3232_128128-seed9-00.3: error-rate=0 num-dialogs=500 ***
RESULTS:: 00:11:19: root                               EvaluationManager.py <_prstr>179 :  Results for domain: Laptops11 --evaluated by: objective success evaluator
RESULTS:: 00:11:19: root                               EvaluationManager.py <_prstr>179 :  # of dialogues  = 500
RESULTS:: 00:11:19: root                               EvaluationManager.py <_prstr>179 :  Average reward  = 11.97 +- 0.43
RESULTS:: 00:11:19: root                               EvaluationManager.py <_prstr>179 :  Average success = 96.80 +- 1.55
RESULTS:: 00:11:19: root                               EvaluationManager.py <_prstr>179 :  Average turns   = 7.39 +- 0.27
RESULTS:: 00:11:19: root                                   pydial.py <train_command>791 :  List of domains: Laptops11
RESULTS:: 00:11:19: root                                      pydial.py <trainBatch>409 :  *** Training Iteration env1-LAP-tau_nodrop_sort_noinco_nlb_3232_128128-seed9-00.3->env1-LAP-tau_nodrop_sort_noinco_nlb_3232_128128-seed9-00.4: iter=3, error-rate=0, num-dialogs=1000 ***
RESULTS:: 00:48:09: root                               EvaluationManager.py <_prstr>179 :  Results for domain: Laptops11 --evaluated by: objective success evaluator
RESULTS:: 00:48:09: root                               EvaluationManager.py <_prstr>179 :  # of dialogues  = 1000
RESULTS:: 00:48:09: root                               EvaluationManager.py <_prstr>179 :  Average reward  = 9.85 +- 0.45
RESULTS:: 00:48:09: root                               EvaluationManager.py <_prstr>179 :  Average success = 92.90 +- 1.59
RESULTS:: 00:48:09: root                               EvaluationManager.py <_prstr>179 :  Average turns   = 8.73 +- 0.26
RESULTS:: 00:48:09: root                                   pydial.py <setEvalConfig>470 :  *** Evaluating env1-LAP-tau_nodrop_sort_noinco_nlb_3232_128128-seed9-00.4: error-rate=0 num-dialogs=500 ***
RESULTS:: 01:04:25: root                               EvaluationManager.py <_prstr>179 :  Results for domain: Laptops11 --evaluated by: objective success evaluator
RESULTS:: 01:04:25: root                               EvaluationManager.py <_prstr>179 :  # of dialogues  = 500
RESULTS:: 01:04:25: root                               EvaluationManager.py <_prstr>179 :  Average reward  = 7.84 +- 0.92
RESULTS:: 01:04:25: root                               EvaluationManager.py <_prstr>179 :  Average success = 78.80 +- 3.59
RESULTS:: 01:04:25: root                               EvaluationManager.py <_prstr>179 :  Average turns   = 7.92 +- 0.36
RESULTS:: 01:04:25: root                                   pydial.py <train_command>791 :  List of domains: Laptops11
RESULTS:: 01:04:25: root                                      pydial.py <trainBatch>409 :  *** Training Iteration env1-LAP-tau_nodrop_sort_noinco_nlb_3232_128128-seed9-00.4->env1-LAP-tau_nodrop_sort_noinco_nlb_3232_128128-seed9-00.5: iter=4, error-rate=0, num-dialogs=1000 ***
RESULTS:: 01:41:46: root                               EvaluationManager.py <_prstr>179 :  Results for domain: Laptops11 --evaluated by: objective success evaluator
RESULTS:: 01:41:46: root                               EvaluationManager.py <_prstr>179 :  # of dialogues  = 1000
RESULTS:: 01:41:46: root                               EvaluationManager.py <_prstr>179 :  Average reward  = 9.81 +- 0.46
RESULTS:: 01:41:46: root                               EvaluationManager.py <_prstr>179 :  Average success = 93.50 +- 1.53
RESULTS:: 01:41:46: root                               EvaluationManager.py <_prstr>179 :  Average turns   = 8.89 +- 0.26
RESULTS:: 01:41:46: root                                   pydial.py <setEvalConfig>470 :  *** Evaluating env1-LAP-tau_nodrop_sort_noinco_nlb_3232_128128-seed9-00.5: error-rate=0 num-dialogs=500 ***
RESULTS:: 01:57:07: root                               EvaluationManager.py <_prstr>179 :  Results for domain: Laptops11 --evaluated by: objective success evaluator
RESULTS:: 01:57:07: root                               EvaluationManager.py <_prstr>179 :  # of dialogues  = 500
RESULTS:: 01:57:07: root                               EvaluationManager.py <_prstr>179 :  Average reward  = 10.86 +- 0.61
RESULTS:: 01:57:07: root                               EvaluationManager.py <_prstr>179 :  Average success = 92.20 +- 2.36
RESULTS:: 01:57:07: root                               EvaluationManager.py <_prstr>179 :  Average turns   = 7.58 +- 0.27
RESULTS:: 01:57:07: root                                   pydial.py <train_command>791 :  List of domains: Laptops11
RESULTS:: 01:57:07: root                                      pydial.py <trainBatch>409 :  *** Training Iteration env1-LAP-tau_nodrop_sort_noinco_nlb_3232_128128-seed9-00.5->env1-LAP-tau_nodrop_sort_noinco_nlb_3232_128128-seed9-00.6: iter=5, error-rate=0, num-dialogs=1000 ***
RESULTS:: 02:34:30: root                               EvaluationManager.py <_prstr>179 :  Results for domain: Laptops11 --evaluated by: objective success evaluator
RESULTS:: 02:34:30: root                               EvaluationManager.py <_prstr>179 :  # of dialogues  = 1000
RESULTS:: 02:34:30: root                               EvaluationManager.py <_prstr>179 :  Average reward  = 9.91 +- 0.42
RESULTS:: 02:34:30: root                               EvaluationManager.py <_prstr>179 :  Average success = 94.10 +- 1.46
RESULTS:: 02:34:30: root                               EvaluationManager.py <_prstr>179 :  Average turns   = 8.91 +- 0.25
RESULTS:: 02:34:30: root                                   pydial.py <setEvalConfig>470 :  *** Evaluating env1-LAP-tau_nodrop_sort_noinco_nlb_3232_128128-seed9-00.6: error-rate=0 num-dialogs=500 ***
RESULTS:: 02:49:21: root                               EvaluationManager.py <_prstr>179 :  Results for domain: Laptops11 --evaluated by: objective success evaluator
RESULTS:: 02:49:21: root                               EvaluationManager.py <_prstr>179 :  # of dialogues  = 500
RESULTS:: 02:49:21: root                               EvaluationManager.py <_prstr>179 :  Average reward  = 11.46 +- 0.55
RESULTS:: 02:49:21: root                               EvaluationManager.py <_prstr>179 :  Average success = 93.60 +- 2.15
RESULTS:: 02:49:21: root                               EvaluationManager.py <_prstr>179 :  Average turns   = 7.26 +- 0.24
RESULTS:: 02:49:21: root                                   pydial.py <train_command>791 :  List of domains: Laptops11
RESULTS:: 02:49:21: root                                      pydial.py <trainBatch>409 :  *** Training Iteration env1-LAP-tau_nodrop_sort_noinco_nlb_3232_128128-seed9-00.6->env1-LAP-tau_nodrop_sort_noinco_nlb_3232_128128-seed9-00.7: iter=6, error-rate=0, num-dialogs=1000 ***
RESULTS:: 03:25:30: root                               EvaluationManager.py <_prstr>179 :  Results for domain: Laptops11 --evaluated by: objective success evaluator
RESULTS:: 03:25:30: root                               EvaluationManager.py <_prstr>179 :  # of dialogues  = 1000
RESULTS:: 03:25:30: root                               EvaluationManager.py <_prstr>179 :  Average reward  = 9.47 +- 0.47
RESULTS:: 03:25:30: root                               EvaluationManager.py <_prstr>179 :  Average success = 90.30 +- 1.84
RESULTS:: 03:25:30: root                               EvaluationManager.py <_prstr>179 :  Average turns   = 8.59 +- 0.23
RESULTS:: 03:25:30: root                                   pydial.py <setEvalConfig>470 :  *** Evaluating env1-LAP-tau_nodrop_sort_noinco_nlb_3232_128128-seed9-00.7: error-rate=0 num-dialogs=500 ***
RESULTS:: 03:39:46: root                               EvaluationManager.py <_prstr>179 :  Results for domain: Laptops11 --evaluated by: objective success evaluator
RESULTS:: 03:39:46: root                               EvaluationManager.py <_prstr>179 :  # of dialogues  = 500
RESULTS:: 03:39:46: root                               EvaluationManager.py <_prstr>179 :  Average reward  = 9.26 +- 0.74
RESULTS:: 03:39:46: root                               EvaluationManager.py <_prstr>179 :  Average success = 81.00 +- 3.45
RESULTS:: 03:39:46: root                               EvaluationManager.py <_prstr>179 :  Average turns   = 6.94 +- 0.21
RESULTS:: 03:39:46: root                                   pydial.py <train_command>791 :  List of domains: Laptops11
RESULTS:: 03:39:46: root                                      pydial.py <trainBatch>409 :  *** Training Iteration env1-LAP-tau_nodrop_sort_noinco_nlb_3232_128128-seed9-00.7->env1-LAP-tau_nodrop_sort_noinco_nlb_3232_128128-seed9-00.8: iter=7, error-rate=0, num-dialogs=1000 ***
RESULTS:: 04:16:42: root                               EvaluationManager.py <_prstr>179 :  Results for domain: Laptops11 --evaluated by: objective success evaluator
RESULTS:: 04:16:42: root                               EvaluationManager.py <_prstr>179 :  # of dialogues  = 1000
RESULTS:: 04:16:42: root                               EvaluationManager.py <_prstr>179 :  Average reward  = 8.88 +- 0.52
RESULTS:: 04:16:42: root                               EvaluationManager.py <_prstr>179 :  Average success = 88.50 +- 1.98
RESULTS:: 04:16:42: root                               EvaluationManager.py <_prstr>179 :  Average turns   = 8.82 +- 0.26
RESULTS:: 04:16:42: root                                   pydial.py <setEvalConfig>470 :  *** Evaluating env1-LAP-tau_nodrop_sort_noinco_nlb_3232_128128-seed9-00.8: error-rate=0 num-dialogs=500 ***
RESULTS:: 04:31:53: root                               EvaluationManager.py <_prstr>179 :  Results for domain: Laptops11 --evaluated by: objective success evaluator
RESULTS:: 04:31:53: root                               EvaluationManager.py <_prstr>179 :  # of dialogues  = 500
RESULTS:: 04:31:53: root                               EvaluationManager.py <_prstr>179 :  Average reward  = 10.34 +- 0.63
RESULTS:: 04:31:53: root                               EvaluationManager.py <_prstr>179 :  Average success = 88.60 +- 2.79
RESULTS:: 04:31:53: root                               EvaluationManager.py <_prstr>179 :  Average turns   = 7.38 +- 0.24
RESULTS:: 04:31:53: root                                   pydial.py <train_command>791 :  List of domains: Laptops11
RESULTS:: 04:31:53: root                                      pydial.py <trainBatch>409 :  *** Training Iteration env1-LAP-tau_nodrop_sort_noinco_nlb_3232_128128-seed9-00.8->env1-LAP-tau_nodrop_sort_noinco_nlb_3232_128128-seed9-00.9: iter=8, error-rate=0, num-dialogs=1000 ***
RESULTS:: 05:07:59: root                               EvaluationManager.py <_prstr>179 :  Results for domain: Laptops11 --evaluated by: objective success evaluator
RESULTS:: 05:07:59: root                               EvaluationManager.py <_prstr>179 :  # of dialogues  = 1000
RESULTS:: 05:07:59: root                               EvaluationManager.py <_prstr>179 :  Average reward  = 9.96 +- 0.45
RESULTS:: 05:07:59: root                               EvaluationManager.py <_prstr>179 :  Average success = 92.70 +- 1.61
RESULTS:: 05:07:59: root                               EvaluationManager.py <_prstr>179 :  Average turns   = 8.58 +- 0.24
RESULTS:: 05:07:59: root                                   pydial.py <setEvalConfig>470 :  *** Evaluating env1-LAP-tau_nodrop_sort_noinco_nlb_3232_128128-seed9-00.9: error-rate=0 num-dialogs=500 ***
RESULTS:: 05:22:22: root                               EvaluationManager.py <_prstr>179 :  Results for domain: Laptops11 --evaluated by: objective success evaluator
RESULTS:: 05:22:22: root                               EvaluationManager.py <_prstr>179 :  # of dialogues  = 500
RESULTS:: 05:22:22: root                               EvaluationManager.py <_prstr>179 :  Average reward  = 9.86 +- 0.69
RESULTS:: 05:22:22: root                               EvaluationManager.py <_prstr>179 :  Average success = 84.60 +- 3.17
RESULTS:: 05:22:22: root                               EvaluationManager.py <_prstr>179 :  Average turns   = 7.06 +- 0.19
RESULTS:: 05:22:22: root                                   pydial.py <train_command>791 :  List of domains: Laptops11
RESULTS:: 05:22:22: root                                      pydial.py <trainBatch>409 :  *** Training Iteration env1-LAP-tau_nodrop_sort_noinco_nlb_3232_128128-seed9-00.9->env1-LAP-tau_nodrop_sort_noinco_nlb_3232_128128-seed9-00.10: iter=9, error-rate=0, num-dialogs=1000 ***
RESULTS:: 05:59:11: root                               EvaluationManager.py <_prstr>179 :  Results for domain: Laptops11 --evaluated by: objective success evaluator
RESULTS:: 05:59:11: root                               EvaluationManager.py <_prstr>179 :  # of dialogues  = 1000
RESULTS:: 05:59:11: root                               EvaluationManager.py <_prstr>179 :  Average reward  = 9.06 +- 0.51
RESULTS:: 05:59:11: root                               EvaluationManager.py <_prstr>179 :  Average success = 89.10 +- 1.93
RESULTS:: 05:59:11: root                               EvaluationManager.py <_prstr>179 :  Average turns   = 8.76 +- 0.24
RESULTS:: 05:59:11: root                                   pydial.py <setEvalConfig>470 :  *** Evaluating env1-LAP-tau_nodrop_sort_noinco_nlb_3232_128128-seed9-00.10: error-rate=0 num-dialogs=500 ***
RESULTS:: 06:13:58: root                               EvaluationManager.py <_prstr>179 :  Results for domain: Laptops11 --evaluated by: objective success evaluator
RESULTS:: 06:13:58: root                               EvaluationManager.py <_prstr>179 :  # of dialogues  = 500
RESULTS:: 06:13:58: root                               EvaluationManager.py <_prstr>179 :  Average reward  = 8.67 +- 0.78
RESULTS:: 06:13:58: root                               EvaluationManager.py <_prstr>179 :  Average success = 79.60 +- 3.54
RESULTS:: 06:13:58: root                               EvaluationManager.py <_prstr>179 :  Average turns   = 7.25 +- 0.21
RESULTS:: 06:13:58: root                                   pydial.py <train_command>807 :  *** Training complete. log: env1-LAP-tau_nodrop_sort_noinco_nlb_3232_128128-seed9-00.1-10.train.log - final policy is env1-LAP-tau_nodrop_sort_noinco_nlb_3232_128128-00-10
