RESULTS:: 17:21:13: root                                   pydial.py <train_command>791 :  List of domains: Laptops11
RESULTS:: 17:21:13: root                                      pydial.py <trainBatch>409 :  *** Training Iteration env1-LAP-tau_nodrop_sort_noinco_nl_4020_250100-seed5-00.0->env1-LAP-tau_nodrop_sort_noinco_nl_4020_250100-seed5-00.1: iter=0, error-rate=0, num-dialogs=1000 ***
RESULTS:: 18:31:13: root                               EvaluationManager.py <_prstr>179 :  Results for domain: Laptops11 --evaluated by: objective success evaluator
RESULTS:: 18:31:13: root                               EvaluationManager.py <_prstr>179 :  # of dialogues  = 1000
RESULTS:: 18:31:13: root                               EvaluationManager.py <_prstr>179 :  Average reward  = 6.42 +- 0.63
RESULTS:: 18:31:13: root                               EvaluationManager.py <_prstr>179 :  Average success = 77.10 +- 2.61
RESULTS:: 18:31:13: root                               EvaluationManager.py <_prstr>179 :  Average turns   = 9.00 +- 0.26
RESULTS:: 18:31:13: root                                   pydial.py <setEvalConfig>470 :  *** Evaluating env1-LAP-tau_nodrop_sort_noinco_nl_4020_250100-seed5-00.1: error-rate=0 num-dialogs=500 ***
RESULTS:: 18:46:53: root                               EvaluationManager.py <_prstr>179 :  Results for domain: Laptops11 --evaluated by: objective success evaluator
RESULTS:: 18:46:53: root                               EvaluationManager.py <_prstr>179 :  # of dialogues  = 500
RESULTS:: 18:46:53: root                               EvaluationManager.py <_prstr>179 :  Average reward  = 5.72 +- 0.88
RESULTS:: 18:46:53: root                               EvaluationManager.py <_prstr>179 :  Average success = 66.40 +- 4.15
RESULTS:: 18:46:53: root                               EvaluationManager.py <_prstr>179 :  Average turns   = 7.56 +- 0.23
RESULTS:: 18:46:53: root                                   pydial.py <train_command>791 :  List of domains: Laptops11
RESULTS:: 18:46:53: root                                      pydial.py <trainBatch>409 :  *** Training Iteration env1-LAP-tau_nodrop_sort_noinco_nl_4020_250100-seed5-00.1->env1-LAP-tau_nodrop_sort_noinco_nl_4020_250100-seed5-00.2: iter=1, error-rate=0, num-dialogs=1000 ***
RESULTS:: 19:24:47: root                               EvaluationManager.py <_prstr>179 :  Results for domain: Laptops11 --evaluated by: objective success evaluator
RESULTS:: 19:24:47: root                               EvaluationManager.py <_prstr>179 :  # of dialogues  = 1000
RESULTS:: 19:24:47: root                               EvaluationManager.py <_prstr>179 :  Average reward  = 9.08 +- 0.49
RESULTS:: 19:24:47: root                               EvaluationManager.py <_prstr>179 :  Average success = 88.40 +- 1.99
RESULTS:: 19:24:47: root                               EvaluationManager.py <_prstr>179 :  Average turns   = 8.60 +- 0.23
RESULTS:: 19:24:47: root                                   pydial.py <setEvalConfig>470 :  *** Evaluating env1-LAP-tau_nodrop_sort_noinco_nl_4020_250100-seed5-00.2: error-rate=0 num-dialogs=500 ***
RESULTS:: 19:40:16: root                               EvaluationManager.py <_prstr>179 :  Results for domain: Laptops11 --evaluated by: objective success evaluator
RESULTS:: 19:40:16: root                               EvaluationManager.py <_prstr>179 :  # of dialogues  = 500
RESULTS:: 19:40:16: root                               EvaluationManager.py <_prstr>179 :  Average reward  = 10.78 +- 0.61
RESULTS:: 19:40:16: root                               EvaluationManager.py <_prstr>179 :  Average success = 90.40 +- 2.59
RESULTS:: 19:40:16: root                               EvaluationManager.py <_prstr>179 :  Average turns   = 7.30 +- 0.24
RESULTS:: 19:40:16: root                                   pydial.py <train_command>791 :  List of domains: Laptops11
RESULTS:: 19:40:16: root                                      pydial.py <trainBatch>409 :  *** Training Iteration env1-LAP-tau_nodrop_sort_noinco_nl_4020_250100-seed5-00.2->env1-LAP-tau_nodrop_sort_noinco_nl_4020_250100-seed5-00.3: iter=2, error-rate=0, num-dialogs=1000 ***
RESULTS:: 20:19:26: root                               EvaluationManager.py <_prstr>179 :  Results for domain: Laptops11 --evaluated by: objective success evaluator
RESULTS:: 20:19:26: root                               EvaluationManager.py <_prstr>179 :  # of dialogues  = 1000
RESULTS:: 20:19:26: root                               EvaluationManager.py <_prstr>179 :  Average reward  = 9.54 +- 0.48
RESULTS:: 20:19:26: root                               EvaluationManager.py <_prstr>179 :  Average success = 91.70 +- 1.71
RESULTS:: 20:19:26: root                               EvaluationManager.py <_prstr>179 :  Average turns   = 8.79 +- 0.25
RESULTS:: 20:19:26: root                                   pydial.py <setEvalConfig>470 :  *** Evaluating env1-LAP-tau_nodrop_sort_noinco_nl_4020_250100-seed5-00.3: error-rate=0 num-dialogs=500 ***
RESULTS:: 20:35:53: root                               EvaluationManager.py <_prstr>179 :  Results for domain: Laptops11 --evaluated by: objective success evaluator
RESULTS:: 20:35:53: root                               EvaluationManager.py <_prstr>179 :  # of dialogues  = 500
RESULTS:: 20:35:53: root                               EvaluationManager.py <_prstr>179 :  Average reward  = 10.63 +- 0.60
RESULTS:: 20:35:53: root                               EvaluationManager.py <_prstr>179 :  Average success = 90.80 +- 2.54
RESULTS:: 20:35:53: root                               EvaluationManager.py <_prstr>179 :  Average turns   = 7.53 +- 0.26
RESULTS:: 20:35:53: root                                   pydial.py <train_command>791 :  List of domains: Laptops11
RESULTS:: 20:35:53: root                                      pydial.py <trainBatch>409 :  *** Training Iteration env1-LAP-tau_nodrop_sort_noinco_nl_4020_250100-seed5-00.3->env1-LAP-tau_nodrop_sort_noinco_nl_4020_250100-seed5-00.4: iter=3, error-rate=0, num-dialogs=1000 ***
RESULTS:: 21:14:03: root                               EvaluationManager.py <_prstr>179 :  Results for domain: Laptops11 --evaluated by: objective success evaluator
RESULTS:: 21:14:03: root                               EvaluationManager.py <_prstr>179 :  # of dialogues  = 1000
RESULTS:: 21:14:03: root                               EvaluationManager.py <_prstr>179 :  Average reward  = 9.29 +- 0.50
RESULTS:: 21:14:03: root                               EvaluationManager.py <_prstr>179 :  Average success = 91.20 +- 1.76
RESULTS:: 21:14:03: root                               EvaluationManager.py <_prstr>179 :  Average turns   = 8.95 +- 0.26
RESULTS:: 21:14:03: root                                   pydial.py <setEvalConfig>470 :  *** Evaluating env1-LAP-tau_nodrop_sort_noinco_nl_4020_250100-seed5-00.4: error-rate=0 num-dialogs=500 ***
RESULTS:: 21:27:31: root                               EvaluationManager.py <_prstr>179 :  Results for domain: Laptops11 --evaluated by: objective success evaluator
RESULTS:: 21:27:31: root                               EvaluationManager.py <_prstr>179 :  # of dialogues  = 500
RESULTS:: 21:27:31: root                               EvaluationManager.py <_prstr>179 :  Average reward  = 5.25 +- 0.89
RESULTS:: 21:27:31: root                               EvaluationManager.py <_prstr>179 :  Average success = 59.60 +- 4.31
RESULTS:: 21:27:31: root                               EvaluationManager.py <_prstr>179 :  Average turns   = 6.67 +- 0.16
RESULTS:: 21:27:31: root                                   pydial.py <train_command>791 :  List of domains: Laptops11
RESULTS:: 21:27:31: root                                      pydial.py <trainBatch>409 :  *** Training Iteration env1-LAP-tau_nodrop_sort_noinco_nl_4020_250100-seed5-00.4->env1-LAP-tau_nodrop_sort_noinco_nl_4020_250100-seed5-00.5: iter=4, error-rate=0, num-dialogs=1000 ***
RESULTS:: 22:05:50: root                               EvaluationManager.py <_prstr>179 :  Results for domain: Laptops11 --evaluated by: objective success evaluator
RESULTS:: 22:05:50: root                               EvaluationManager.py <_prstr>179 :  # of dialogues  = 1000
RESULTS:: 22:05:50: root                               EvaluationManager.py <_prstr>179 :  Average reward  = 8.61 +- 0.56
RESULTS:: 22:05:50: root                               EvaluationManager.py <_prstr>179 :  Average success = 89.40 +- 1.91
RESULTS:: 22:05:50: root                               EvaluationManager.py <_prstr>179 :  Average turns   = 9.27 +- 0.29
RESULTS:: 22:05:50: root                                   pydial.py <setEvalConfig>470 :  *** Evaluating env1-LAP-tau_nodrop_sort_noinco_nl_4020_250100-seed5-00.5: error-rate=0 num-dialogs=500 ***
RESULTS:: 22:21:09: root                               EvaluationManager.py <_prstr>179 :  Results for domain: Laptops11 --evaluated by: objective success evaluator
RESULTS:: 22:21:09: root                               EvaluationManager.py <_prstr>179 :  # of dialogues  = 500
RESULTS:: 22:21:09: root                               EvaluationManager.py <_prstr>179 :  Average reward  = 8.97 +- 0.80
RESULTS:: 22:21:09: root                               EvaluationManager.py <_prstr>179 :  Average success = 81.60 +- 3.40
RESULTS:: 22:21:09: root                               EvaluationManager.py <_prstr>179 :  Average turns   = 7.35 +- 0.27
RESULTS:: 22:21:09: root                                   pydial.py <train_command>791 :  List of domains: Laptops11
RESULTS:: 22:21:09: root                                      pydial.py <trainBatch>409 :  *** Training Iteration env1-LAP-tau_nodrop_sort_noinco_nl_4020_250100-seed5-00.5->env1-LAP-tau_nodrop_sort_noinco_nl_4020_250100-seed5-00.6: iter=5, error-rate=0, num-dialogs=1000 ***
RESULTS:: 23:00:26: root                               EvaluationManager.py <_prstr>179 :  Results for domain: Laptops11 --evaluated by: objective success evaluator
RESULTS:: 23:00:26: root                               EvaluationManager.py <_prstr>179 :  # of dialogues  = 1000
RESULTS:: 23:00:26: root                               EvaluationManager.py <_prstr>179 :  Average reward  = 9.74 +- 0.48
RESULTS:: 23:00:26: root                               EvaluationManager.py <_prstr>179 :  Average success = 93.30 +- 1.55
RESULTS:: 23:00:26: root                               EvaluationManager.py <_prstr>179 :  Average turns   = 8.91 +- 0.27
RESULTS:: 23:00:26: root                                   pydial.py <setEvalConfig>470 :  *** Evaluating env1-LAP-tau_nodrop_sort_noinco_nl_4020_250100-seed5-00.6: error-rate=0 num-dialogs=500 ***
RESULTS:: 23:16:02: root                               EvaluationManager.py <_prstr>179 :  Results for domain: Laptops11 --evaluated by: objective success evaluator
RESULTS:: 23:16:02: root                               EvaluationManager.py <_prstr>179 :  # of dialogues  = 500
RESULTS:: 23:16:02: root                               EvaluationManager.py <_prstr>179 :  Average reward  = 9.76 +- 0.70
RESULTS:: 23:16:02: root                               EvaluationManager.py <_prstr>179 :  Average success = 85.20 +- 3.12
RESULTS:: 23:16:02: root                               EvaluationManager.py <_prstr>179 :  Average turns   = 7.28 +- 0.22
RESULTS:: 23:16:02: root                                   pydial.py <train_command>791 :  List of domains: Laptops11
RESULTS:: 23:16:02: root                                      pydial.py <trainBatch>409 :  *** Training Iteration env1-LAP-tau_nodrop_sort_noinco_nl_4020_250100-seed5-00.6->env1-LAP-tau_nodrop_sort_noinco_nl_4020_250100-seed5-00.7: iter=6, error-rate=0, num-dialogs=1000 ***
RESULTS:: 23:54:14: root                               EvaluationManager.py <_prstr>179 :  Results for domain: Laptops11 --evaluated by: objective success evaluator
RESULTS:: 23:54:14: root                               EvaluationManager.py <_prstr>179 :  # of dialogues  = 1000
RESULTS:: 23:54:14: root                               EvaluationManager.py <_prstr>179 :  Average reward  = 10.43 +- 0.42
RESULTS:: 23:54:14: root                               EvaluationManager.py <_prstr>179 :  Average success = 95.10 +- 1.34
RESULTS:: 23:54:14: root                               EvaluationManager.py <_prstr>179 :  Average turns   = 8.59 +- 0.25
RESULTS:: 23:54:14: root                                   pydial.py <setEvalConfig>470 :  *** Evaluating env1-LAP-tau_nodrop_sort_noinco_nl_4020_250100-seed5-00.7: error-rate=0 num-dialogs=500 ***
RESULTS:: 00:10:44: root                               EvaluationManager.py <_prstr>179 :  Results for domain: Laptops11 --evaluated by: objective success evaluator
RESULTS:: 00:10:44: root                               EvaluationManager.py <_prstr>179 :  # of dialogues  = 500
RESULTS:: 00:10:44: root                               EvaluationManager.py <_prstr>179 :  Average reward  = 11.14 +- 0.62
RESULTS:: 00:10:44: root                               EvaluationManager.py <_prstr>179 :  Average success = 94.60 +- 1.99
RESULTS:: 00:10:44: root                               EvaluationManager.py <_prstr>179 :  Average turns   = 7.78 +- 0.32
RESULTS:: 00:10:44: root                                   pydial.py <train_command>791 :  List of domains: Laptops11
RESULTS:: 00:10:44: root                                      pydial.py <trainBatch>409 :  *** Training Iteration env1-LAP-tau_nodrop_sort_noinco_nl_4020_250100-seed5-00.7->env1-LAP-tau_nodrop_sort_noinco_nl_4020_250100-seed5-00.8: iter=7, error-rate=0, num-dialogs=1000 ***
RESULTS:: 00:49:01: root                               EvaluationManager.py <_prstr>179 :  Results for domain: Laptops11 --evaluated by: objective success evaluator
RESULTS:: 00:49:01: root                               EvaluationManager.py <_prstr>179 :  # of dialogues  = 1000
RESULTS:: 00:49:01: root                               EvaluationManager.py <_prstr>179 :  Average reward  = 10.36 +- 0.43
RESULTS:: 00:49:01: root                               EvaluationManager.py <_prstr>179 :  Average success = 95.20 +- 1.33
RESULTS:: 00:49:01: root                               EvaluationManager.py <_prstr>179 :  Average turns   = 8.69 +- 0.26
RESULTS:: 00:49:01: root                                   pydial.py <setEvalConfig>470 :  *** Evaluating env1-LAP-tau_nodrop_sort_noinco_nl_4020_250100-seed5-00.8: error-rate=0 num-dialogs=500 ***
RESULTS:: 01:03:54: root                               EvaluationManager.py <_prstr>179 :  Results for domain: Laptops11 --evaluated by: objective success evaluator
RESULTS:: 01:03:54: root                               EvaluationManager.py <_prstr>179 :  # of dialogues  = 500
RESULTS:: 01:03:54: root                               EvaluationManager.py <_prstr>179 :  Average reward  = 11.27 +- 0.55
RESULTS:: 01:03:54: root                               EvaluationManager.py <_prstr>179 :  Average success = 93.20 +- 2.21
RESULTS:: 01:03:54: root                               EvaluationManager.py <_prstr>179 :  Average turns   = 7.37 +- 0.26
RESULTS:: 01:03:54: root                                   pydial.py <train_command>791 :  List of domains: Laptops11
RESULTS:: 01:03:54: root                                      pydial.py <trainBatch>409 :  *** Training Iteration env1-LAP-tau_nodrop_sort_noinco_nl_4020_250100-seed5-00.8->env1-LAP-tau_nodrop_sort_noinco_nl_4020_250100-seed5-00.9: iter=8, error-rate=0, num-dialogs=1000 ***
RESULTS:: 01:40:07: root                               EvaluationManager.py <_prstr>179 :  Results for domain: Laptops11 --evaluated by: objective success evaluator
RESULTS:: 01:40:07: root                               EvaluationManager.py <_prstr>179 :  # of dialogues  = 1000
RESULTS:: 01:40:07: root                               EvaluationManager.py <_prstr>179 :  Average reward  = 9.86 +- 0.45
RESULTS:: 01:40:07: root                               EvaluationManager.py <_prstr>179 :  Average success = 93.40 +- 1.54
RESULTS:: 01:40:07: root                               EvaluationManager.py <_prstr>179 :  Average turns   = 8.82 +- 0.25
RESULTS:: 01:40:07: root                                   pydial.py <setEvalConfig>470 :  *** Evaluating env1-LAP-tau_nodrop_sort_noinco_nl_4020_250100-seed5-00.9: error-rate=0 num-dialogs=500 ***
RESULTS:: 01:54:53: root                               EvaluationManager.py <_prstr>179 :  Results for domain: Laptops11 --evaluated by: objective success evaluator
RESULTS:: 01:54:53: root                               EvaluationManager.py <_prstr>179 :  # of dialogues  = 500
RESULTS:: 01:54:53: root                               EvaluationManager.py <_prstr>179 :  Average reward  = 11.24 +- 0.57
RESULTS:: 01:54:53: root                               EvaluationManager.py <_prstr>179 :  Average success = 93.40 +- 2.18
RESULTS:: 01:54:53: root                               EvaluationManager.py <_prstr>179 :  Average turns   = 7.44 +- 0.26
RESULTS:: 01:54:53: root                                   pydial.py <train_command>791 :  List of domains: Laptops11
RESULTS:: 01:54:53: root                                      pydial.py <trainBatch>409 :  *** Training Iteration env1-LAP-tau_nodrop_sort_noinco_nl_4020_250100-seed5-00.9->env1-LAP-tau_nodrop_sort_noinco_nl_4020_250100-seed5-00.10: iter=9, error-rate=0, num-dialogs=1000 ***
RESULTS:: 02:30:13: root                               EvaluationManager.py <_prstr>179 :  Results for domain: Laptops11 --evaluated by: objective success evaluator
RESULTS:: 02:30:13: root                               EvaluationManager.py <_prstr>179 :  # of dialogues  = 1000
RESULTS:: 02:30:14: root                               EvaluationManager.py <_prstr>179 :  Average reward  = 9.88 +- 0.46
RESULTS:: 02:30:14: root                               EvaluationManager.py <_prstr>179 :  Average success = 92.20 +- 1.66
RESULTS:: 02:30:14: root                               EvaluationManager.py <_prstr>179 :  Average turns   = 8.56 +- 0.24
RESULTS:: 02:30:14: root                                   pydial.py <setEvalConfig>470 :  *** Evaluating env1-LAP-tau_nodrop_sort_noinco_nl_4020_250100-seed5-00.10: error-rate=0 num-dialogs=500 ***
RESULTS:: 02:43:19: root                               EvaluationManager.py <_prstr>179 :  Results for domain: Laptops11 --evaluated by: objective success evaluator
RESULTS:: 02:43:19: root                               EvaluationManager.py <_prstr>179 :  # of dialogues  = 500
RESULTS:: 02:43:19: root                               EvaluationManager.py <_prstr>179 :  Average reward  = 6.79 +- 0.85
RESULTS:: 02:43:19: root                               EvaluationManager.py <_prstr>179 :  Average success = 66.80 +- 4.14
RESULTS:: 02:43:19: root                               EvaluationManager.py <_prstr>179 :  Average turns   = 6.57 +- 0.16
RESULTS:: 02:43:19: root                                   pydial.py <train_command>807 :  *** Training complete. log: env1-LAP-tau_nodrop_sort_noinco_nl_4020_250100-seed5-00.1-10.train.log - final policy is env1-LAP-tau_nodrop_sort_noinco_nl_4020_250100-00-10
