RESULTS:: 08:26:56: root                                   pydial.py <train_command>791 :  List of domains: Laptops11
RESULTS:: 08:26:56: root                                      pydial.py <trainBatch>409 :  *** Training Iteration env1-LAP-tau_nodrop_sort_noinco_nl_4020_250100-seed3-00.0->env1-LAP-tau_nodrop_sort_noinco_nl_4020_250100-seed3-00.1: iter=0, error-rate=0, num-dialogs=1000 ***
RESULTS:: 09:08:08: root                               EvaluationManager.py <_prstr>179 :  Results for domain: Laptops11 --evaluated by: objective success evaluator
RESULTS:: 09:08:08: root                               EvaluationManager.py <_prstr>179 :  # of dialogues  = 1000
RESULTS:: 09:08:08: root                               EvaluationManager.py <_prstr>179 :  Average reward  = 6.53 +- 0.63
RESULTS:: 09:08:08: root                               EvaluationManager.py <_prstr>179 :  Average success = 76.70 +- 2.62
RESULTS:: 09:08:08: root                               EvaluationManager.py <_prstr>179 :  Average turns   = 8.81 +- 0.25
RESULTS:: 09:08:08: root                                   pydial.py <setEvalConfig>470 :  *** Evaluating env1-LAP-tau_nodrop_sort_noinco_nl_4020_250100-seed3-00.1: error-rate=0 num-dialogs=500 ***
RESULTS:: 09:23:20: root                               EvaluationManager.py <_prstr>179 :  Results for domain: Laptops11 --evaluated by: objective success evaluator
RESULTS:: 09:23:20: root                               EvaluationManager.py <_prstr>179 :  # of dialogues  = 500
RESULTS:: 09:23:20: root                               EvaluationManager.py <_prstr>179 :  Average reward  = 5.82 +- 0.93
RESULTS:: 09:23:20: root                               EvaluationManager.py <_prstr>179 :  Average success = 65.20 +- 4.19
RESULTS:: 09:23:20: root                               EvaluationManager.py <_prstr>179 :  Average turns   = 7.22 +- 0.22
RESULTS:: 09:23:20: root                                   pydial.py <train_command>791 :  List of domains: Laptops11
RESULTS:: 09:23:20: root                                      pydial.py <trainBatch>409 :  *** Training Iteration env1-LAP-tau_nodrop_sort_noinco_nl_4020_250100-seed3-00.1->env1-LAP-tau_nodrop_sort_noinco_nl_4020_250100-seed3-00.2: iter=1, error-rate=0, num-dialogs=1000 ***
RESULTS:: 10:01:15: root                               EvaluationManager.py <_prstr>179 :  Results for domain: Laptops11 --evaluated by: objective success evaluator
RESULTS:: 10:01:15: root                               EvaluationManager.py <_prstr>179 :  # of dialogues  = 1000
RESULTS:: 10:01:15: root                               EvaluationManager.py <_prstr>179 :  Average reward  = 8.53 +- 0.51
RESULTS:: 10:01:15: root                               EvaluationManager.py <_prstr>179 :  Average success = 84.90 +- 2.22
RESULTS:: 10:01:15: root                               EvaluationManager.py <_prstr>179 :  Average turns   = 8.45 +- 0.22
RESULTS:: 10:01:15: root                                   pydial.py <setEvalConfig>470 :  *** Evaluating env1-LAP-tau_nodrop_sort_noinco_nl_4020_250100-seed3-00.2: error-rate=0 num-dialogs=500 ***
RESULTS:: 10:15:08: root                               EvaluationManager.py <_prstr>179 :  Results for domain: Laptops11 --evaluated by: objective success evaluator
RESULTS:: 10:15:08: root                               EvaluationManager.py <_prstr>179 :  # of dialogues  = 500
RESULTS:: 10:15:08: root                               EvaluationManager.py <_prstr>179 :  Average reward  = 5.58 +- 0.87
RESULTS:: 10:15:08: root                               EvaluationManager.py <_prstr>179 :  Average success = 61.00 +- 4.29
RESULTS:: 10:15:08: root                               EvaluationManager.py <_prstr>179 :  Average turns   = 6.62 +- 0.16
RESULTS:: 10:15:08: root                                   pydial.py <train_command>791 :  List of domains: Laptops11
RESULTS:: 10:15:08: root                                      pydial.py <trainBatch>409 :  *** Training Iteration env1-LAP-tau_nodrop_sort_noinco_nl_4020_250100-seed3-00.2->env1-LAP-tau_nodrop_sort_noinco_nl_4020_250100-seed3-00.3: iter=2, error-rate=0, num-dialogs=1000 ***
RESULTS:: 10:53:51: root                               EvaluationManager.py <_prstr>179 :  Results for domain: Laptops11 --evaluated by: objective success evaluator
RESULTS:: 10:53:51: root                               EvaluationManager.py <_prstr>179 :  # of dialogues  = 1000
RESULTS:: 10:53:51: root                               EvaluationManager.py <_prstr>179 :  Average reward  = 9.50 +- 0.49
RESULTS:: 10:53:51: root                               EvaluationManager.py <_prstr>179 :  Average success = 91.00 +- 1.78
RESULTS:: 10:53:51: root                               EvaluationManager.py <_prstr>179 :  Average turns   = 8.70 +- 0.25
RESULTS:: 10:53:51: root                                   pydial.py <setEvalConfig>470 :  *** Evaluating env1-LAP-tau_nodrop_sort_noinco_nl_4020_250100-seed3-00.3: error-rate=0 num-dialogs=500 ***
RESULTS:: 11:09:34: root                               EvaluationManager.py <_prstr>179 :  Results for domain: Laptops11 --evaluated by: objective success evaluator
RESULTS:: 11:09:34: root                               EvaluationManager.py <_prstr>179 :  # of dialogues  = 500
RESULTS:: 11:09:34: root                               EvaluationManager.py <_prstr>179 :  Average reward  = 10.85 +- 0.63
RESULTS:: 11:09:34: root                               EvaluationManager.py <_prstr>179 :  Average success = 90.40 +- 2.59
RESULTS:: 11:09:34: root                               EvaluationManager.py <_prstr>179 :  Average turns   = 7.23 +- 0.26
RESULTS:: 11:09:34: root                                   pydial.py <train_command>791 :  List of domains: Laptops11
RESULTS:: 11:09:34: root                                      pydial.py <trainBatch>409 :  *** Training Iteration env1-LAP-tau_nodrop_sort_noinco_nl_4020_250100-seed3-00.3->env1-LAP-tau_nodrop_sort_noinco_nl_4020_250100-seed3-00.4: iter=3, error-rate=0, num-dialogs=1000 ***
RESULTS:: 11:49:07: root                               EvaluationManager.py <_prstr>179 :  Results for domain: Laptops11 --evaluated by: objective success evaluator
RESULTS:: 11:49:07: root                               EvaluationManager.py <_prstr>179 :  # of dialogues  = 1000
RESULTS:: 11:49:07: root                               EvaluationManager.py <_prstr>179 :  Average reward  = 8.87 +- 0.54
RESULTS:: 11:49:07: root                               EvaluationManager.py <_prstr>179 :  Average success = 89.50 +- 1.90
RESULTS:: 11:49:07: root                               EvaluationManager.py <_prstr>179 :  Average turns   = 9.03 +- 0.27
RESULTS:: 11:49:07: root                                   pydial.py <setEvalConfig>470 :  *** Evaluating env1-LAP-tau_nodrop_sort_noinco_nl_4020_250100-seed3-00.4: error-rate=0 num-dialogs=500 ***
RESULTS:: 12:05:21: root                               EvaluationManager.py <_prstr>179 :  Results for domain: Laptops11 --evaluated by: objective success evaluator
RESULTS:: 12:05:21: root                               EvaluationManager.py <_prstr>179 :  # of dialogues  = 500
RESULTS:: 12:05:21: root                               EvaluationManager.py <_prstr>179 :  Average reward  = 9.70 +- 0.72
RESULTS:: 12:05:21: root                               EvaluationManager.py <_prstr>179 :  Average success = 85.60 +- 3.08
RESULTS:: 12:05:21: root                               EvaluationManager.py <_prstr>179 :  Average turns   = 7.42 +- 0.26
RESULTS:: 12:05:21: root                                   pydial.py <train_command>791 :  List of domains: Laptops11
RESULTS:: 12:05:21: root                                      pydial.py <trainBatch>409 :  *** Training Iteration env1-LAP-tau_nodrop_sort_noinco_nl_4020_250100-seed3-00.4->env1-LAP-tau_nodrop_sort_noinco_nl_4020_250100-seed3-00.5: iter=4, error-rate=0, num-dialogs=1000 ***
RESULTS:: 12:45:50: root                               EvaluationManager.py <_prstr>179 :  Results for domain: Laptops11 --evaluated by: objective success evaluator
RESULTS:: 12:45:50: root                               EvaluationManager.py <_prstr>179 :  # of dialogues  = 1000
RESULTS:: 12:45:50: root                               EvaluationManager.py <_prstr>179 :  Average reward  = 8.31 +- 0.57
RESULTS:: 12:45:50: root                               EvaluationManager.py <_prstr>179 :  Average success = 87.30 +- 2.07
RESULTS:: 12:45:50: root                               EvaluationManager.py <_prstr>179 :  Average turns   = 9.15 +- 0.27
RESULTS:: 12:45:50: root                                   pydial.py <setEvalConfig>470 :  *** Evaluating env1-LAP-tau_nodrop_sort_noinco_nl_4020_250100-seed3-00.5: error-rate=0 num-dialogs=500 ***
RESULTS:: 12:59:34: root                               EvaluationManager.py <_prstr>179 :  Results for domain: Laptops11 --evaluated by: objective success evaluator
RESULTS:: 12:59:34: root                               EvaluationManager.py <_prstr>179 :  # of dialogues  = 500
RESULTS:: 12:59:34: root                               EvaluationManager.py <_prstr>179 :  Average reward  = 6.91 +- 0.87
RESULTS:: 12:59:34: root                               EvaluationManager.py <_prstr>179 :  Average success = 69.00 +- 4.06
RESULTS:: 12:59:34: root                               EvaluationManager.py <_prstr>179 :  Average turns   = 6.89 +- 0.23
RESULTS:: 12:59:34: root                                   pydial.py <train_command>791 :  List of domains: Laptops11
RESULTS:: 12:59:34: root                                      pydial.py <trainBatch>409 :  *** Training Iteration env1-LAP-tau_nodrop_sort_noinco_nl_4020_250100-seed3-00.5->env1-LAP-tau_nodrop_sort_noinco_nl_4020_250100-seed3-00.6: iter=5, error-rate=0, num-dialogs=1000 ***
RESULTS:: 13:35:25: root                               EvaluationManager.py <_prstr>179 :  Results for domain: Laptops11 --evaluated by: objective success evaluator
RESULTS:: 13:35:25: root                               EvaluationManager.py <_prstr>179 :  # of dialogues  = 1000
RESULTS:: 13:35:25: root                               EvaluationManager.py <_prstr>179 :  Average reward  = 9.69 +- 0.48
RESULTS:: 13:35:25: root                               EvaluationManager.py <_prstr>179 :  Average success = 92.40 +- 1.64
RESULTS:: 13:35:25: root                               EvaluationManager.py <_prstr>179 :  Average turns   = 8.79 +- 0.26
RESULTS:: 13:35:25: root                                   pydial.py <setEvalConfig>470 :  *** Evaluating env1-LAP-tau_nodrop_sort_noinco_nl_4020_250100-seed3-00.6: error-rate=0 num-dialogs=500 ***
RESULTS:: 13:50:22: root                               EvaluationManager.py <_prstr>179 :  Results for domain: Laptops11 --evaluated by: objective success evaluator
RESULTS:: 13:50:22: root                               EvaluationManager.py <_prstr>179 :  # of dialogues  = 500
RESULTS:: 13:50:22: root                               EvaluationManager.py <_prstr>179 :  Average reward  = 11.88 +- 0.43
RESULTS:: 13:50:22: root                               EvaluationManager.py <_prstr>179 :  Average success = 96.80 +- 1.55
RESULTS:: 13:50:22: root                               EvaluationManager.py <_prstr>179 :  Average turns   = 7.48 +- 0.27
RESULTS:: 13:50:22: root                                   pydial.py <train_command>791 :  List of domains: Laptops11
RESULTS:: 13:50:22: root                                      pydial.py <trainBatch>409 :  *** Training Iteration env1-LAP-tau_nodrop_sort_noinco_nl_4020_250100-seed3-00.6->env1-LAP-tau_nodrop_sort_noinco_nl_4020_250100-seed3-00.7: iter=6, error-rate=0, num-dialogs=1000 ***
RESULTS:: 14:28:46: root                               EvaluationManager.py <_prstr>179 :  Results for domain: Laptops11 --evaluated by: objective success evaluator
RESULTS:: 14:28:46: root                               EvaluationManager.py <_prstr>179 :  # of dialogues  = 1000
RESULTS:: 14:28:46: root                               EvaluationManager.py <_prstr>179 :  Average reward  = 9.10 +- 0.50
RESULTS:: 14:28:46: root                               EvaluationManager.py <_prstr>179 :  Average success = 92.00 +- 1.68
RESULTS:: 14:28:46: root                               EvaluationManager.py <_prstr>179 :  Average turns   = 9.30 +- 0.29
RESULTS:: 14:28:46: root                                   pydial.py <setEvalConfig>470 :  *** Evaluating env1-LAP-tau_nodrop_sort_noinco_nl_4020_250100-seed3-00.7: error-rate=0 num-dialogs=500 ***
RESULTS:: 14:46:37: root                               EvaluationManager.py <_prstr>179 :  Results for domain: Laptops11 --evaluated by: objective success evaluator
RESULTS:: 14:46:37: root                               EvaluationManager.py <_prstr>179 :  # of dialogues  = 500
RESULTS:: 14:46:37: root                               EvaluationManager.py <_prstr>179 :  Average reward  = 10.08 +- 0.73
RESULTS:: 14:46:37: root                               EvaluationManager.py <_prstr>179 :  Average success = 91.80 +- 2.41
RESULTS:: 14:46:37: root                               EvaluationManager.py <_prstr>179 :  Average turns   = 8.28 +- 0.39
RESULTS:: 14:46:37: root                                   pydial.py <train_command>791 :  List of domains: Laptops11
RESULTS:: 14:46:37: root                                      pydial.py <trainBatch>409 :  *** Training Iteration env1-LAP-tau_nodrop_sort_noinco_nl_4020_250100-seed3-00.7->env1-LAP-tau_nodrop_sort_noinco_nl_4020_250100-seed3-00.8: iter=7, error-rate=0, num-dialogs=1000 ***
RESULTS:: 15:27:02: root                               EvaluationManager.py <_prstr>179 :  Results for domain: Laptops11 --evaluated by: objective success evaluator
RESULTS:: 15:27:02: root                               EvaluationManager.py <_prstr>179 :  # of dialogues  = 1000
RESULTS:: 15:27:02: root                               EvaluationManager.py <_prstr>179 :  Average reward  = 8.85 +- 0.55
RESULTS:: 15:27:02: root                               EvaluationManager.py <_prstr>179 :  Average success = 90.80 +- 1.79
RESULTS:: 15:27:02: root                               EvaluationManager.py <_prstr>179 :  Average turns   = 9.31 +- 0.30
RESULTS:: 15:27:02: root                                   pydial.py <setEvalConfig>470 :  *** Evaluating env1-LAP-tau_nodrop_sort_noinco_nl_4020_250100-seed3-00.8: error-rate=0 num-dialogs=500 ***
RESULTS:: 15:45:44: root                               EvaluationManager.py <_prstr>179 :  Results for domain: Laptops11 --evaluated by: objective success evaluator
RESULTS:: 15:45:44: root                               EvaluationManager.py <_prstr>179 :  # of dialogues  = 500
RESULTS:: 15:45:44: root                               EvaluationManager.py <_prstr>179 :  Average reward  = 10.70 +- 0.64
RESULTS:: 15:45:44: root                               EvaluationManager.py <_prstr>179 :  Average success = 89.20 +- 2.73
RESULTS:: 15:45:44: root                               EvaluationManager.py <_prstr>179 :  Average turns   = 7.14 +- 0.21
RESULTS:: 15:45:44: root                                   pydial.py <train_command>791 :  List of domains: Laptops11
RESULTS:: 15:45:44: root                                      pydial.py <trainBatch>409 :  *** Training Iteration env1-LAP-tau_nodrop_sort_noinco_nl_4020_250100-seed3-00.8->env1-LAP-tau_nodrop_sort_noinco_nl_4020_250100-seed3-00.9: iter=8, error-rate=0, num-dialogs=1000 ***
RESULTS:: 16:47:16: root                               EvaluationManager.py <_prstr>179 :  Results for domain: Laptops11 --evaluated by: objective success evaluator
RESULTS:: 16:47:16: root                               EvaluationManager.py <_prstr>179 :  # of dialogues  = 1000
RESULTS:: 16:47:16: root                               EvaluationManager.py <_prstr>179 :  Average reward  = 9.35 +- 0.50
RESULTS:: 16:47:16: root                               EvaluationManager.py <_prstr>179 :  Average success = 91.90 +- 1.69
RESULTS:: 16:47:16: root                               EvaluationManager.py <_prstr>179 :  Average turns   = 9.03 +- 0.26
RESULTS:: 16:47:16: root                                   pydial.py <setEvalConfig>470 :  *** Evaluating env1-LAP-tau_nodrop_sort_noinco_nl_4020_250100-seed3-00.9: error-rate=0 num-dialogs=500 ***
RESULTS:: 17:02:19: root                               EvaluationManager.py <_prstr>179 :  Results for domain: Laptops11 --evaluated by: objective success evaluator
RESULTS:: 17:02:19: root                               EvaluationManager.py <_prstr>179 :  # of dialogues  = 500
RESULTS:: 17:02:19: root                               EvaluationManager.py <_prstr>179 :  Average reward  = 10.56 +- 0.67
RESULTS:: 17:02:19: root                               EvaluationManager.py <_prstr>179 :  Average success = 90.00 +- 2.64
RESULTS:: 17:02:19: root                               EvaluationManager.py <_prstr>179 :  Average turns   = 7.44 +- 0.25
RESULTS:: 17:02:19: root                                   pydial.py <train_command>791 :  List of domains: Laptops11
RESULTS:: 17:02:19: root                                      pydial.py <trainBatch>409 :  *** Training Iteration env1-LAP-tau_nodrop_sort_noinco_nl_4020_250100-seed3-00.9->env1-LAP-tau_nodrop_sort_noinco_nl_4020_250100-seed3-00.10: iter=9, error-rate=0, num-dialogs=1000 ***
RESULTS:: 17:41:12: root                               EvaluationManager.py <_prstr>179 :  Results for domain: Laptops11 --evaluated by: objective success evaluator
RESULTS:: 17:41:12: root                               EvaluationManager.py <_prstr>179 :  # of dialogues  = 1000
RESULTS:: 17:41:12: root                               EvaluationManager.py <_prstr>179 :  Average reward  = 8.96 +- 0.52
RESULTS:: 17:41:12: root                               EvaluationManager.py <_prstr>179 :  Average success = 91.10 +- 1.77
RESULTS:: 17:41:12: root                               EvaluationManager.py <_prstr>179 :  Average turns   = 9.26 +- 0.28
RESULTS:: 17:41:12: root                                   pydial.py <setEvalConfig>470 :  *** Evaluating env1-LAP-tau_nodrop_sort_noinco_nl_4020_250100-seed3-00.10: error-rate=0 num-dialogs=500 ***
RESULTS:: 17:55:30: root                               EvaluationManager.py <_prstr>179 :  Results for domain: Laptops11 --evaluated by: objective success evaluator
RESULTS:: 17:55:30: root                               EvaluationManager.py <_prstr>179 :  # of dialogues  = 500
RESULTS:: 17:55:30: root                               EvaluationManager.py <_prstr>179 :  Average reward  = 10.38 +- 0.62
RESULTS:: 17:55:30: root                               EvaluationManager.py <_prstr>179 :  Average success = 89.20 +- 2.73
RESULTS:: 17:55:30: root                               EvaluationManager.py <_prstr>179 :  Average turns   = 7.46 +- 0.25
RESULTS:: 17:55:30: root                                   pydial.py <train_command>807 :  *** Training complete. log: env1-LAP-tau_nodrop_sort_noinco_nl_4020_250100-seed3-00.1-10.train.log - final policy is env1-LAP-tau_nodrop_sort_noinco_nl_4020_250100-00-10
