RESULTS:: 17:21:01: root                                   pydial.py <train_command>791 :  List of domains: Laptops11
RESULTS:: 17:21:01: root                                      pydial.py <trainBatch>409 :  *** Training Iteration env1-LAP-tau_nodrop_sort_noinco_nl_4020_250100-seed1-00.0->env1-LAP-tau_nodrop_sort_noinco_nl_4020_250100-seed1-00.1: iter=0, error-rate=0, num-dialogs=1000 ***
RESULTS:: 18:34:37: root                               EvaluationManager.py <_prstr>179 :  Results for domain: Laptops11 --evaluated by: objective success evaluator
RESULTS:: 18:34:37: root                               EvaluationManager.py <_prstr>179 :  # of dialogues  = 1000
RESULTS:: 18:34:37: root                               EvaluationManager.py <_prstr>179 :  Average reward  = 4.53 +- 0.70
RESULTS:: 18:34:37: root                               EvaluationManager.py <_prstr>179 :  Average success = 71.10 +- 2.81
RESULTS:: 18:34:37: root                               EvaluationManager.py <_prstr>179 :  Average turns   = 9.69 +- 0.29
RESULTS:: 18:34:37: root                                   pydial.py <setEvalConfig>470 :  *** Evaluating env1-LAP-tau_nodrop_sort_noinco_nl_4020_250100-seed1-00.1: error-rate=0 num-dialogs=500 ***
RESULTS:: 18:49:26: root                               EvaluationManager.py <_prstr>179 :  Results for domain: Laptops11 --evaluated by: objective success evaluator
RESULTS:: 18:49:26: root                               EvaluationManager.py <_prstr>179 :  # of dialogues  = 500
RESULTS:: 18:49:26: root                               EvaluationManager.py <_prstr>179 :  Average reward  = 6.34 +- 0.87
RESULTS:: 18:49:26: root                               EvaluationManager.py <_prstr>179 :  Average success = 66.40 +- 4.15
RESULTS:: 18:49:26: root                               EvaluationManager.py <_prstr>179 :  Average turns   = 6.94 +- 0.17
RESULTS:: 18:49:26: root                                   pydial.py <train_command>791 :  List of domains: Laptops11
RESULTS:: 18:49:26: root                                      pydial.py <trainBatch>409 :  *** Training Iteration env1-LAP-tau_nodrop_sort_noinco_nl_4020_250100-seed1-00.1->env1-LAP-tau_nodrop_sort_noinco_nl_4020_250100-seed1-00.2: iter=1, error-rate=0, num-dialogs=1000 ***
RESULTS:: 19:29:42: root                               EvaluationManager.py <_prstr>179 :  Results for domain: Laptops11 --evaluated by: objective success evaluator
RESULTS:: 19:29:42: root                               EvaluationManager.py <_prstr>179 :  # of dialogues  = 1000
RESULTS:: 19:29:42: root                               EvaluationManager.py <_prstr>179 :  Average reward  = 8.71 +- 0.51
RESULTS:: 19:29:42: root                               EvaluationManager.py <_prstr>179 :  Average success = 87.90 +- 2.02
RESULTS:: 19:29:42: root                               EvaluationManager.py <_prstr>179 :  Average turns   = 8.87 +- 0.25
RESULTS:: 19:29:42: root                                   pydial.py <setEvalConfig>470 :  *** Evaluating env1-LAP-tau_nodrop_sort_noinco_nl_4020_250100-seed1-00.2: error-rate=0 num-dialogs=500 ***
RESULTS:: 19:46:05: root                               EvaluationManager.py <_prstr>179 :  Results for domain: Laptops11 --evaluated by: objective success evaluator
RESULTS:: 19:46:05: root                               EvaluationManager.py <_prstr>179 :  # of dialogues  = 500
RESULTS:: 19:46:05: root                               EvaluationManager.py <_prstr>179 :  Average reward  = 8.43 +- 0.78
RESULTS:: 19:46:05: root                               EvaluationManager.py <_prstr>179 :  Average success = 79.20 +- 3.57
RESULTS:: 19:46:05: root                               EvaluationManager.py <_prstr>179 :  Average turns   = 7.41 +- 0.23
RESULTS:: 19:46:05: root                                   pydial.py <train_command>791 :  List of domains: Laptops11
RESULTS:: 19:46:05: root                                      pydial.py <trainBatch>409 :  *** Training Iteration env1-LAP-tau_nodrop_sort_noinco_nl_4020_250100-seed1-00.2->env1-LAP-tau_nodrop_sort_noinco_nl_4020_250100-seed1-00.3: iter=2, error-rate=0, num-dialogs=1000 ***
RESULTS:: 20:27:34: root                               EvaluationManager.py <_prstr>179 :  Results for domain: Laptops11 --evaluated by: objective success evaluator
RESULTS:: 20:27:34: root                               EvaluationManager.py <_prstr>179 :  # of dialogues  = 1000
RESULTS:: 20:27:34: root                               EvaluationManager.py <_prstr>179 :  Average reward  = 9.06 +- 0.50
RESULTS:: 20:27:34: root                               EvaluationManager.py <_prstr>179 :  Average success = 90.40 +- 1.83
RESULTS:: 20:27:34: root                               EvaluationManager.py <_prstr>179 :  Average turns   = 9.02 +- 0.27
RESULTS:: 20:27:34: root                                   pydial.py <setEvalConfig>470 :  *** Evaluating env1-LAP-tau_nodrop_sort_noinco_nl_4020_250100-seed1-00.3: error-rate=0 num-dialogs=500 ***
RESULTS:: 20:44:10: root                               EvaluationManager.py <_prstr>179 :  Results for domain: Laptops11 --evaluated by: objective success evaluator
RESULTS:: 20:44:10: root                               EvaluationManager.py <_prstr>179 :  # of dialogues  = 500
RESULTS:: 20:44:10: root                               EvaluationManager.py <_prstr>179 :  Average reward  = 12.19 +- 0.42
RESULTS:: 20:44:10: root                               EvaluationManager.py <_prstr>179 :  Average success = 98.00 +- 1.23
RESULTS:: 20:44:10: root                               EvaluationManager.py <_prstr>179 :  Average turns   = 7.41 +- 0.28
RESULTS:: 20:44:10: root                                   pydial.py <train_command>791 :  List of domains: Laptops11
RESULTS:: 20:44:10: root                                      pydial.py <trainBatch>409 :  *** Training Iteration env1-LAP-tau_nodrop_sort_noinco_nl_4020_250100-seed1-00.3->env1-LAP-tau_nodrop_sort_noinco_nl_4020_250100-seed1-00.4: iter=3, error-rate=0, num-dialogs=1000 ***
RESULTS:: 21:23:33: root                               EvaluationManager.py <_prstr>179 :  Results for domain: Laptops11 --evaluated by: objective success evaluator
RESULTS:: 21:23:33: root                               EvaluationManager.py <_prstr>179 :  # of dialogues  = 1000
RESULTS:: 21:23:33: root                               EvaluationManager.py <_prstr>179 :  Average reward  = 9.65 +- 0.50
RESULTS:: 21:23:33: root                               EvaluationManager.py <_prstr>179 :  Average success = 93.00 +- 1.58
RESULTS:: 21:23:33: root                               EvaluationManager.py <_prstr>179 :  Average turns   = 8.95 +- 0.28
RESULTS:: 21:23:33: root                                   pydial.py <setEvalConfig>470 :  *** Evaluating env1-LAP-tau_nodrop_sort_noinco_nl_4020_250100-seed1-00.4: error-rate=0 num-dialogs=500 ***
RESULTS:: 21:38:50: root                               EvaluationManager.py <_prstr>179 :  Results for domain: Laptops11 --evaluated by: objective success evaluator
RESULTS:: 21:38:50: root                               EvaluationManager.py <_prstr>179 :  # of dialogues  = 500
RESULTS:: 21:38:50: root                               EvaluationManager.py <_prstr>179 :  Average reward  = 10.94 +- 0.63
RESULTS:: 21:38:50: root                               EvaluationManager.py <_prstr>179 :  Average success = 91.00 +- 2.51
RESULTS:: 21:38:50: root                               EvaluationManager.py <_prstr>179 :  Average turns   = 7.26 +- 0.25
RESULTS:: 21:38:50: root                                   pydial.py <train_command>791 :  List of domains: Laptops11
RESULTS:: 21:38:50: root                                      pydial.py <trainBatch>409 :  *** Training Iteration env1-LAP-tau_nodrop_sort_noinco_nl_4020_250100-seed1-00.4->env1-LAP-tau_nodrop_sort_noinco_nl_4020_250100-seed1-00.5: iter=4, error-rate=0, num-dialogs=1000 ***
RESULTS:: 22:16:54: root                               EvaluationManager.py <_prstr>179 :  Results for domain: Laptops11 --evaluated by: objective success evaluator
RESULTS:: 22:16:54: root                               EvaluationManager.py <_prstr>179 :  # of dialogues  = 1000
RESULTS:: 22:16:54: root                               EvaluationManager.py <_prstr>179 :  Average reward  = 9.57 +- 0.50
RESULTS:: 22:16:54: root                               EvaluationManager.py <_prstr>179 :  Average success = 92.30 +- 1.65
RESULTS:: 22:16:54: root                               EvaluationManager.py <_prstr>179 :  Average turns   = 8.89 +- 0.27
RESULTS:: 22:16:54: root                                   pydial.py <setEvalConfig>470 :  *** Evaluating env1-LAP-tau_nodrop_sort_noinco_nl_4020_250100-seed1-00.5: error-rate=0 num-dialogs=500 ***
RESULTS:: 22:33:40: root                               EvaluationManager.py <_prstr>179 :  Results for domain: Laptops11 --evaluated by: objective success evaluator
RESULTS:: 22:33:40: root                               EvaluationManager.py <_prstr>179 :  # of dialogues  = 500
RESULTS:: 22:33:40: root                               EvaluationManager.py <_prstr>179 :  Average reward  = 10.69 +- 0.61
RESULTS:: 22:33:40: root                               EvaluationManager.py <_prstr>179 :  Average success = 90.20 +- 2.61
RESULTS:: 22:33:40: root                               EvaluationManager.py <_prstr>179 :  Average turns   = 7.35 +- 0.23
RESULTS:: 22:33:40: root                                   pydial.py <train_command>791 :  List of domains: Laptops11
RESULTS:: 22:33:40: root                                      pydial.py <trainBatch>409 :  *** Training Iteration env1-LAP-tau_nodrop_sort_noinco_nl_4020_250100-seed1-00.5->env1-LAP-tau_nodrop_sort_noinco_nl_4020_250100-seed1-00.6: iter=5, error-rate=0, num-dialogs=1000 ***
RESULTS:: 23:14:03: root                               EvaluationManager.py <_prstr>179 :  Results for domain: Laptops11 --evaluated by: objective success evaluator
RESULTS:: 23:14:03: root                               EvaluationManager.py <_prstr>179 :  # of dialogues  = 1000
RESULTS:: 23:14:03: root                               EvaluationManager.py <_prstr>179 :  Average reward  = 9.90 +- 0.46
RESULTS:: 23:14:03: root                               EvaluationManager.py <_prstr>179 :  Average success = 93.30 +- 1.55
RESULTS:: 23:14:03: root                               EvaluationManager.py <_prstr>179 :  Average turns   = 8.76 +- 0.26
RESULTS:: 23:14:03: root                                   pydial.py <setEvalConfig>470 :  *** Evaluating env1-LAP-tau_nodrop_sort_noinco_nl_4020_250100-seed1-00.6: error-rate=0 num-dialogs=500 ***
RESULTS:: 23:30:51: root                               EvaluationManager.py <_prstr>179 :  Results for domain: Laptops11 --evaluated by: objective success evaluator
RESULTS:: 23:30:51: root                               EvaluationManager.py <_prstr>179 :  # of dialogues  = 500
RESULTS:: 23:30:51: root                               EvaluationManager.py <_prstr>179 :  Average reward  = 10.80 +- 0.56
RESULTS:: 23:30:51: root                               EvaluationManager.py <_prstr>179 :  Average success = 91.60 +- 2.44
RESULTS:: 23:30:51: root                               EvaluationManager.py <_prstr>179 :  Average turns   = 7.52 +- 0.22
RESULTS:: 23:30:51: root                                   pydial.py <train_command>791 :  List of domains: Laptops11
RESULTS:: 23:30:51: root                                      pydial.py <trainBatch>409 :  *** Training Iteration env1-LAP-tau_nodrop_sort_noinco_nl_4020_250100-seed1-00.6->env1-LAP-tau_nodrop_sort_noinco_nl_4020_250100-seed1-00.7: iter=6, error-rate=0, num-dialogs=1000 ***
RESULTS:: 00:10:43: root                               EvaluationManager.py <_prstr>179 :  Results for domain: Laptops11 --evaluated by: objective success evaluator
RESULTS:: 00:10:43: root                               EvaluationManager.py <_prstr>179 :  # of dialogues  = 1000
RESULTS:: 00:10:43: root                               EvaluationManager.py <_prstr>179 :  Average reward  = 9.68 +- 0.48
RESULTS:: 00:10:43: root                               EvaluationManager.py <_prstr>179 :  Average success = 92.20 +- 1.66
RESULTS:: 00:10:43: root                               EvaluationManager.py <_prstr>179 :  Average turns   = 8.76 +- 0.25
RESULTS:: 00:10:43: root                                   pydial.py <setEvalConfig>470 :  *** Evaluating env1-LAP-tau_nodrop_sort_noinco_nl_4020_250100-seed1-00.7: error-rate=0 num-dialogs=500 ***
RESULTS:: 00:27:07: root                               EvaluationManager.py <_prstr>179 :  Results for domain: Laptops11 --evaluated by: objective success evaluator
RESULTS:: 00:27:07: root                               EvaluationManager.py <_prstr>179 :  # of dialogues  = 500
RESULTS:: 00:27:07: root                               EvaluationManager.py <_prstr>179 :  Average reward  = 8.38 +- 0.80
RESULTS:: 00:27:07: root                               EvaluationManager.py <_prstr>179 :  Average success = 79.40 +- 3.55
RESULTS:: 00:27:07: root                               EvaluationManager.py <_prstr>179 :  Average turns   = 7.50 +- 0.24
RESULTS:: 00:27:07: root                                   pydial.py <train_command>791 :  List of domains: Laptops11
RESULTS:: 00:27:07: root                                      pydial.py <trainBatch>409 :  *** Training Iteration env1-LAP-tau_nodrop_sort_noinco_nl_4020_250100-seed1-00.7->env1-LAP-tau_nodrop_sort_noinco_nl_4020_250100-seed1-00.8: iter=7, error-rate=0, num-dialogs=1000 ***
RESULTS:: 01:07:08: root                               EvaluationManager.py <_prstr>179 :  Results for domain: Laptops11 --evaluated by: objective success evaluator
RESULTS:: 01:07:08: root                               EvaluationManager.py <_prstr>179 :  # of dialogues  = 1000
RESULTS:: 01:07:08: root                               EvaluationManager.py <_prstr>179 :  Average reward  = 9.23 +- 0.49
RESULTS:: 01:07:08: root                               EvaluationManager.py <_prstr>179 :  Average success = 91.30 +- 1.75
RESULTS:: 01:07:08: root                               EvaluationManager.py <_prstr>179 :  Average turns   = 9.03 +- 0.26
RESULTS:: 01:07:08: root                                   pydial.py <setEvalConfig>470 :  *** Evaluating env1-LAP-tau_nodrop_sort_noinco_nl_4020_250100-seed1-00.8: error-rate=0 num-dialogs=500 ***
RESULTS:: 01:22:32: root                               EvaluationManager.py <_prstr>179 :  Results for domain: Laptops11 --evaluated by: objective success evaluator
RESULTS:: 01:22:32: root                               EvaluationManager.py <_prstr>179 :  # of dialogues  = 500
RESULTS:: 01:22:32: root                               EvaluationManager.py <_prstr>179 :  Average reward  = 11.36 +- 0.53
RESULTS:: 01:22:32: root                               EvaluationManager.py <_prstr>179 :  Average success = 93.80 +- 2.12
RESULTS:: 01:22:32: root                               EvaluationManager.py <_prstr>179 :  Average turns   = 7.40 +- 0.26
RESULTS:: 01:22:32: root                                   pydial.py <train_command>791 :  List of domains: Laptops11
RESULTS:: 01:22:32: root                                      pydial.py <trainBatch>409 :  *** Training Iteration env1-LAP-tau_nodrop_sort_noinco_nl_4020_250100-seed1-00.8->env1-LAP-tau_nodrop_sort_noinco_nl_4020_250100-seed1-00.9: iter=8, error-rate=0, num-dialogs=1000 ***
RESULTS:: 02:00:00: root                               EvaluationManager.py <_prstr>179 :  Results for domain: Laptops11 --evaluated by: objective success evaluator
RESULTS:: 02:00:00: root                               EvaluationManager.py <_prstr>179 :  # of dialogues  = 1000
RESULTS:: 02:00:00: root                               EvaluationManager.py <_prstr>179 :  Average reward  = 9.91 +- 0.45
RESULTS:: 02:00:00: root                               EvaluationManager.py <_prstr>179 :  Average success = 94.40 +- 1.43
RESULTS:: 02:00:00: root                               EvaluationManager.py <_prstr>179 :  Average turns   = 8.97 +- 0.27
RESULTS:: 02:00:00: root                                   pydial.py <setEvalConfig>470 :  *** Evaluating env1-LAP-tau_nodrop_sort_noinco_nl_4020_250100-seed1-00.9: error-rate=0 num-dialogs=500 ***
RESULTS:: 02:15:52: root                               EvaluationManager.py <_prstr>179 :  Results for domain: Laptops11 --evaluated by: objective success evaluator
RESULTS:: 02:15:52: root                               EvaluationManager.py <_prstr>179 :  # of dialogues  = 500
RESULTS:: 02:15:52: root                               EvaluationManager.py <_prstr>179 :  Average reward  = 10.67 +- 0.62
RESULTS:: 02:15:52: root                               EvaluationManager.py <_prstr>179 :  Average success = 92.00 +- 2.38
RESULTS:: 02:15:52: root                               EvaluationManager.py <_prstr>179 :  Average turns   = 7.73 +- 0.31
RESULTS:: 02:15:52: root                                   pydial.py <train_command>791 :  List of domains: Laptops11
RESULTS:: 02:15:52: root                                      pydial.py <trainBatch>409 :  *** Training Iteration env1-LAP-tau_nodrop_sort_noinco_nl_4020_250100-seed1-00.9->env1-LAP-tau_nodrop_sort_noinco_nl_4020_250100-seed1-00.10: iter=9, error-rate=0, num-dialogs=1000 ***
RESULTS:: 02:52:54: root                               EvaluationManager.py <_prstr>179 :  Results for domain: Laptops11 --evaluated by: objective success evaluator
RESULTS:: 02:52:54: root                               EvaluationManager.py <_prstr>179 :  # of dialogues  = 1000
RESULTS:: 02:52:54: root                               EvaluationManager.py <_prstr>179 :  Average reward  = 9.86 +- 0.44
RESULTS:: 02:52:54: root                               EvaluationManager.py <_prstr>179 :  Average success = 93.90 +- 1.49
RESULTS:: 02:52:54: root                               EvaluationManager.py <_prstr>179 :  Average turns   = 8.92 +- 0.25
RESULTS:: 02:52:54: root                                   pydial.py <setEvalConfig>470 :  *** Evaluating env1-LAP-tau_nodrop_sort_noinco_nl_4020_250100-seed1-00.10: error-rate=0 num-dialogs=500 ***
RESULTS:: 03:07:01: root                               EvaluationManager.py <_prstr>179 :  Results for domain: Laptops11 --evaluated by: objective success evaluator
RESULTS:: 03:07:01: root                               EvaluationManager.py <_prstr>179 :  # of dialogues  = 500
RESULTS:: 03:07:01: root                               EvaluationManager.py <_prstr>179 :  Average reward  = 10.60 +- 0.63
RESULTS:: 03:07:01: root                               EvaluationManager.py <_prstr>179 :  Average success = 89.40 +- 2.70
RESULTS:: 03:07:01: root                               EvaluationManager.py <_prstr>179 :  Average turns   = 7.28 +- 0.26
RESULTS:: 03:07:01: root                                   pydial.py <train_command>807 :  *** Training complete. log: env1-LAP-tau_nodrop_sort_noinco_nl_4020_250100-seed1-00.1-10.train.log - final policy is env1-LAP-tau_nodrop_sort_noinco_nl_4020_250100-00-10
