RESULTS:: 17:21:24: root                                   pydial.py <train_command>791 :  List of domains: Laptops11
RESULTS:: 17:21:24: root                                      pydial.py <trainBatch>409 :  *** Training Iteration env1-LAP-tau_nodrop_sort_noinco_nl_4020_250100-seed8-00.0->env1-LAP-tau_nodrop_sort_noinco_nl_4020_250100-seed8-00.1: iter=0, error-rate=0, num-dialogs=1000 ***
RESULTS:: 18:32:28: root                               EvaluationManager.py <_prstr>179 :  Results for domain: Laptops11 --evaluated by: objective success evaluator
RESULTS:: 18:32:28: root                               EvaluationManager.py <_prstr>179 :  # of dialogues  = 1000
RESULTS:: 18:32:28: root                               EvaluationManager.py <_prstr>179 :  Average reward  = 6.04 +- 0.65
RESULTS:: 18:32:28: root                               EvaluationManager.py <_prstr>179 :  Average success = 76.20 +- 2.64
RESULTS:: 18:32:28: root                               EvaluationManager.py <_prstr>179 :  Average turns   = 9.20 +- 0.27
RESULTS:: 18:32:28: root                                   pydial.py <setEvalConfig>470 :  *** Evaluating env1-LAP-tau_nodrop_sort_noinco_nl_4020_250100-seed8-00.1: error-rate=0 num-dialogs=500 ***
RESULTS:: 18:48:35: root                               EvaluationManager.py <_prstr>179 :  Results for domain: Laptops11 --evaluated by: objective success evaluator
RESULTS:: 18:48:35: root                               EvaluationManager.py <_prstr>179 :  # of dialogues  = 500
RESULTS:: 18:48:35: root                               EvaluationManager.py <_prstr>179 :  Average reward  = 10.57 +- 0.63
RESULTS:: 18:48:35: root                               EvaluationManager.py <_prstr>179 :  Average success = 91.60 +- 2.44
RESULTS:: 18:48:35: root                               EvaluationManager.py <_prstr>179 :  Average turns   = 7.75 +- 0.29
RESULTS:: 18:48:35: root                                   pydial.py <train_command>791 :  List of domains: Laptops11
RESULTS:: 18:48:35: root                                      pydial.py <trainBatch>409 :  *** Training Iteration env1-LAP-tau_nodrop_sort_noinco_nl_4020_250100-seed8-00.1->env1-LAP-tau_nodrop_sort_noinco_nl_4020_250100-seed8-00.2: iter=1, error-rate=0, num-dialogs=1000 ***
RESULTS:: 19:28:23: root                               EvaluationManager.py <_prstr>179 :  Results for domain: Laptops11 --evaluated by: objective success evaluator
RESULTS:: 19:28:23: root                               EvaluationManager.py <_prstr>179 :  # of dialogues  = 1000
RESULTS:: 19:28:23: root                               EvaluationManager.py <_prstr>179 :  Average reward  = 9.54 +- 0.46
RESULTS:: 19:28:23: root                               EvaluationManager.py <_prstr>179 :  Average success = 92.60 +- 1.62
RESULTS:: 19:28:23: root                               EvaluationManager.py <_prstr>179 :  Average turns   = 8.98 +- 0.26
RESULTS:: 19:28:23: root                                   pydial.py <setEvalConfig>470 :  *** Evaluating env1-LAP-tau_nodrop_sort_noinco_nl_4020_250100-seed8-00.2: error-rate=0 num-dialogs=500 ***
RESULTS:: 19:44:05: root                               EvaluationManager.py <_prstr>179 :  Results for domain: Laptops11 --evaluated by: objective success evaluator
RESULTS:: 19:44:05: root                               EvaluationManager.py <_prstr>179 :  # of dialogues  = 500
RESULTS:: 19:44:05: root                               EvaluationManager.py <_prstr>179 :  Average reward  = 12.00 +- 0.46
RESULTS:: 19:44:05: root                               EvaluationManager.py <_prstr>179 :  Average success = 97.00 +- 1.50
RESULTS:: 19:44:05: root                               EvaluationManager.py <_prstr>179 :  Average turns   = 7.40 +- 0.27
RESULTS:: 19:44:05: root                                   pydial.py <train_command>791 :  List of domains: Laptops11
RESULTS:: 19:44:05: root                                      pydial.py <trainBatch>409 :  *** Training Iteration env1-LAP-tau_nodrop_sort_noinco_nl_4020_250100-seed8-00.2->env1-LAP-tau_nodrop_sort_noinco_nl_4020_250100-seed8-00.3: iter=2, error-rate=0, num-dialogs=1000 ***
RESULTS:: 20:22:36: root                               EvaluationManager.py <_prstr>179 :  Results for domain: Laptops11 --evaluated by: objective success evaluator
RESULTS:: 20:22:36: root                               EvaluationManager.py <_prstr>179 :  # of dialogues  = 1000
RESULTS:: 20:22:36: root                               EvaluationManager.py <_prstr>179 :  Average reward  = 10.05 +- 0.42
RESULTS:: 20:22:36: root                               EvaluationManager.py <_prstr>179 :  Average success = 93.20 +- 1.56
RESULTS:: 20:22:36: root                               EvaluationManager.py <_prstr>179 :  Average turns   = 8.59 +- 0.23
RESULTS:: 20:22:36: root                                   pydial.py <setEvalConfig>470 :  *** Evaluating env1-LAP-tau_nodrop_sort_noinco_nl_4020_250100-seed8-00.3: error-rate=0 num-dialogs=500 ***
RESULTS:: 20:37:24: root                               EvaluationManager.py <_prstr>179 :  Results for domain: Laptops11 --evaluated by: objective success evaluator
RESULTS:: 20:37:24: root                               EvaluationManager.py <_prstr>179 :  # of dialogues  = 500
RESULTS:: 20:37:24: root                               EvaluationManager.py <_prstr>179 :  Average reward  = 11.47 +- 0.54
RESULTS:: 20:37:24: root                               EvaluationManager.py <_prstr>179 :  Average success = 92.00 +- 2.38
RESULTS:: 20:37:24: root                               EvaluationManager.py <_prstr>179 :  Average turns   = 6.93 +- 0.20
RESULTS:: 20:37:24: root                                   pydial.py <train_command>791 :  List of domains: Laptops11
RESULTS:: 20:37:24: root                                      pydial.py <trainBatch>409 :  *** Training Iteration env1-LAP-tau_nodrop_sort_noinco_nl_4020_250100-seed8-00.3->env1-LAP-tau_nodrop_sort_noinco_nl_4020_250100-seed8-00.4: iter=3, error-rate=0, num-dialogs=1000 ***
RESULTS:: 21:15:06: root                               EvaluationManager.py <_prstr>179 :  Results for domain: Laptops11 --evaluated by: objective success evaluator
RESULTS:: 21:15:06: root                               EvaluationManager.py <_prstr>179 :  # of dialogues  = 1000
RESULTS:: 21:15:06: root                               EvaluationManager.py <_prstr>179 :  Average reward  = 9.68 +- 0.45
RESULTS:: 21:15:06: root                               EvaluationManager.py <_prstr>179 :  Average success = 92.50 +- 1.63
RESULTS:: 21:15:06: root                               EvaluationManager.py <_prstr>179 :  Average turns   = 8.82 +- 0.24
RESULTS:: 21:15:06: root                                   pydial.py <setEvalConfig>470 :  *** Evaluating env1-LAP-tau_nodrop_sort_noinco_nl_4020_250100-seed8-00.4: error-rate=0 num-dialogs=500 ***
RESULTS:: 21:30:09: root                               EvaluationManager.py <_prstr>179 :  Results for domain: Laptops11 --evaluated by: objective success evaluator
RESULTS:: 21:30:09: root                               EvaluationManager.py <_prstr>179 :  # of dialogues  = 500
RESULTS:: 21:30:09: root                               EvaluationManager.py <_prstr>179 :  Average reward  = 11.04 +- 0.58
RESULTS:: 21:30:09: root                               EvaluationManager.py <_prstr>179 :  Average success = 92.00 +- 2.38
RESULTS:: 21:30:09: root                               EvaluationManager.py <_prstr>179 :  Average turns   = 7.36 +- 0.23
RESULTS:: 21:30:09: root                                   pydial.py <train_command>791 :  List of domains: Laptops11
RESULTS:: 21:30:09: root                                      pydial.py <trainBatch>409 :  *** Training Iteration env1-LAP-tau_nodrop_sort_noinco_nl_4020_250100-seed8-00.4->env1-LAP-tau_nodrop_sort_noinco_nl_4020_250100-seed8-00.5: iter=4, error-rate=0, num-dialogs=1000 ***
RESULTS:: 22:05:47: root                               EvaluationManager.py <_prstr>179 :  Results for domain: Laptops11 --evaluated by: objective success evaluator
RESULTS:: 22:05:47: root                               EvaluationManager.py <_prstr>179 :  # of dialogues  = 1000
RESULTS:: 22:05:47: root                               EvaluationManager.py <_prstr>179 :  Average reward  = 10.52 +- 0.43
RESULTS:: 22:05:47: root                               EvaluationManager.py <_prstr>179 :  Average success = 95.40 +- 1.30
RESULTS:: 22:05:47: root                               EvaluationManager.py <_prstr>179 :  Average turns   = 8.56 +- 0.26
RESULTS:: 22:05:47: root                                   pydial.py <setEvalConfig>470 :  *** Evaluating env1-LAP-tau_nodrop_sort_noinco_nl_4020_250100-seed8-00.5: error-rate=0 num-dialogs=500 ***
RESULTS:: 22:21:43: root                               EvaluationManager.py <_prstr>179 :  Results for domain: Laptops11 --evaluated by: objective success evaluator
RESULTS:: 22:21:43: root                               EvaluationManager.py <_prstr>179 :  # of dialogues  = 500
RESULTS:: 22:21:43: root                               EvaluationManager.py <_prstr>179 :  Average reward  = 12.04 +- 0.39
RESULTS:: 22:21:43: root                               EvaluationManager.py <_prstr>179 :  Average success = 98.20 +- 1.17
RESULTS:: 22:21:43: root                               EvaluationManager.py <_prstr>179 :  Average turns   = 7.60 +- 0.27
RESULTS:: 22:21:43: root                                   pydial.py <train_command>791 :  List of domains: Laptops11
RESULTS:: 22:21:43: root                                      pydial.py <trainBatch>409 :  *** Training Iteration env1-LAP-tau_nodrop_sort_noinco_nl_4020_250100-seed8-00.5->env1-LAP-tau_nodrop_sort_noinco_nl_4020_250100-seed8-00.6: iter=5, error-rate=0, num-dialogs=1000 ***
RESULTS:: 23:01:26: root                               EvaluationManager.py <_prstr>179 :  Results for domain: Laptops11 --evaluated by: objective success evaluator
RESULTS:: 23:01:26: root                               EvaluationManager.py <_prstr>179 :  # of dialogues  = 1000
RESULTS:: 23:01:26: root                               EvaluationManager.py <_prstr>179 :  Average reward  = 8.76 +- 0.54
RESULTS:: 23:01:26: root                               EvaluationManager.py <_prstr>179 :  Average success = 89.40 +- 1.91
RESULTS:: 23:01:26: root                               EvaluationManager.py <_prstr>179 :  Average turns   = 9.12 +- 0.27
RESULTS:: 23:01:26: root                                   pydial.py <setEvalConfig>470 :  *** Evaluating env1-LAP-tau_nodrop_sort_noinco_nl_4020_250100-seed8-00.6: error-rate=0 num-dialogs=500 ***
RESULTS:: 23:18:06: root                               EvaluationManager.py <_prstr>179 :  Results for domain: Laptops11 --evaluated by: objective success evaluator
RESULTS:: 23:18:06: root                               EvaluationManager.py <_prstr>179 :  # of dialogues  = 500
RESULTS:: 23:18:06: root                               EvaluationManager.py <_prstr>179 :  Average reward  = 9.56 +- 0.70
RESULTS:: 23:18:06: root                               EvaluationManager.py <_prstr>179 :  Average success = 86.80 +- 2.97
RESULTS:: 23:18:06: root                               EvaluationManager.py <_prstr>179 :  Average turns   = 7.80 +- 0.29
RESULTS:: 23:18:06: root                                   pydial.py <train_command>791 :  List of domains: Laptops11
RESULTS:: 23:18:06: root                                      pydial.py <trainBatch>409 :  *** Training Iteration env1-LAP-tau_nodrop_sort_noinco_nl_4020_250100-seed8-00.6->env1-LAP-tau_nodrop_sort_noinco_nl_4020_250100-seed8-00.7: iter=6, error-rate=0, num-dialogs=1000 ***
RESULTS:: 23:58:18: root                               EvaluationManager.py <_prstr>179 :  Results for domain: Laptops11 --evaluated by: objective success evaluator
RESULTS:: 23:58:18: root                               EvaluationManager.py <_prstr>179 :  # of dialogues  = 1000
RESULTS:: 23:58:18: root                               EvaluationManager.py <_prstr>179 :  Average reward  = 9.26 +- 0.50
RESULTS:: 23:58:18: root                               EvaluationManager.py <_prstr>179 :  Average success = 92.00 +- 1.68
RESULTS:: 23:58:18: root                               EvaluationManager.py <_prstr>179 :  Average turns   = 9.14 +- 0.27
RESULTS:: 23:58:18: root                                   pydial.py <setEvalConfig>470 :  *** Evaluating env1-LAP-tau_nodrop_sort_noinco_nl_4020_250100-seed8-00.7: error-rate=0 num-dialogs=500 ***
RESULTS:: 00:14:52: root                               EvaluationManager.py <_prstr>179 :  Results for domain: Laptops11 --evaluated by: objective success evaluator
RESULTS:: 00:14:52: root                               EvaluationManager.py <_prstr>179 :  # of dialogues  = 500
RESULTS:: 00:14:52: root                               EvaluationManager.py <_prstr>179 :  Average reward  = 11.00 +- 0.58
RESULTS:: 00:14:52: root                               EvaluationManager.py <_prstr>179 :  Average success = 94.20 +- 2.05
RESULTS:: 00:14:52: root                               EvaluationManager.py <_prstr>179 :  Average turns   = 7.84 +- 0.29
RESULTS:: 00:14:52: root                                   pydial.py <train_command>791 :  List of domains: Laptops11
RESULTS:: 00:14:52: root                                      pydial.py <trainBatch>409 :  *** Training Iteration env1-LAP-tau_nodrop_sort_noinco_nl_4020_250100-seed8-00.7->env1-LAP-tau_nodrop_sort_noinco_nl_4020_250100-seed8-00.8: iter=7, error-rate=0, num-dialogs=1000 ***
RESULTS:: 00:54:49: root                               EvaluationManager.py <_prstr>179 :  Results for domain: Laptops11 --evaluated by: objective success evaluator
RESULTS:: 00:54:49: root                               EvaluationManager.py <_prstr>179 :  # of dialogues  = 1000
RESULTS:: 00:54:49: root                               EvaluationManager.py <_prstr>179 :  Average reward  = 9.35 +- 0.50
RESULTS:: 00:54:49: root                               EvaluationManager.py <_prstr>179 :  Average success = 92.80 +- 1.60
RESULTS:: 00:54:49: root                               EvaluationManager.py <_prstr>179 :  Average turns   = 9.21 +- 0.27
RESULTS:: 00:54:49: root                                   pydial.py <setEvalConfig>470 :  *** Evaluating env1-LAP-tau_nodrop_sort_noinco_nl_4020_250100-seed8-00.8: error-rate=0 num-dialogs=500 ***
RESULTS:: 01:10:12: root                               EvaluationManager.py <_prstr>179 :  Results for domain: Laptops11 --evaluated by: objective success evaluator
RESULTS:: 01:10:12: root                               EvaluationManager.py <_prstr>179 :  # of dialogues  = 500
RESULTS:: 01:10:12: root                               EvaluationManager.py <_prstr>179 :  Average reward  = 9.46 +- 0.73
RESULTS:: 01:10:12: root                               EvaluationManager.py <_prstr>179 :  Average success = 85.60 +- 3.08
RESULTS:: 01:10:12: root                               EvaluationManager.py <_prstr>179 :  Average turns   = 7.66 +- 0.27
RESULTS:: 01:10:12: root                                   pydial.py <train_command>791 :  List of domains: Laptops11
RESULTS:: 01:10:12: root                                      pydial.py <trainBatch>409 :  *** Training Iteration env1-LAP-tau_nodrop_sort_noinco_nl_4020_250100-seed8-00.8->env1-LAP-tau_nodrop_sort_noinco_nl_4020_250100-seed8-00.9: iter=8, error-rate=0, num-dialogs=1000 ***
RESULTS:: 01:49:26: root                               EvaluationManager.py <_prstr>179 :  Results for domain: Laptops11 --evaluated by: objective success evaluator
RESULTS:: 01:49:26: root                               EvaluationManager.py <_prstr>179 :  # of dialogues  = 1000
RESULTS:: 01:49:26: root                               EvaluationManager.py <_prstr>179 :  Average reward  = 8.26 +- 0.60
RESULTS:: 01:49:26: root                               EvaluationManager.py <_prstr>179 :  Average success = 89.60 +- 1.89
RESULTS:: 01:49:26: root                               EvaluationManager.py <_prstr>179 :  Average turns   = 9.66 +- 0.32
RESULTS:: 01:49:26: root                                   pydial.py <setEvalConfig>470 :  *** Evaluating env1-LAP-tau_nodrop_sort_noinco_nl_4020_250100-seed8-00.9: error-rate=0 num-dialogs=500 ***
RESULTS:: 02:03:42: root                               EvaluationManager.py <_prstr>179 :  Results for domain: Laptops11 --evaluated by: objective success evaluator
RESULTS:: 02:03:42: root                               EvaluationManager.py <_prstr>179 :  # of dialogues  = 500
RESULTS:: 02:03:42: root                               EvaluationManager.py <_prstr>179 :  Average reward  = 9.92 +- 0.69
RESULTS:: 02:03:42: root                               EvaluationManager.py <_prstr>179 :  Average success = 85.20 +- 3.12
RESULTS:: 02:03:42: root                               EvaluationManager.py <_prstr>179 :  Average turns   = 7.12 +- 0.21
RESULTS:: 02:03:42: root                                   pydial.py <train_command>791 :  List of domains: Laptops11
RESULTS:: 02:03:42: root                                      pydial.py <trainBatch>409 :  *** Training Iteration env1-LAP-tau_nodrop_sort_noinco_nl_4020_250100-seed8-00.9->env1-LAP-tau_nodrop_sort_noinco_nl_4020_250100-seed8-00.10: iter=9, error-rate=0, num-dialogs=1000 ***
RESULTS:: 02:42:26: root                               EvaluationManager.py <_prstr>179 :  Results for domain: Laptops11 --evaluated by: objective success evaluator
RESULTS:: 02:42:26: root                               EvaluationManager.py <_prstr>179 :  # of dialogues  = 1000
RESULTS:: 02:42:26: root                               EvaluationManager.py <_prstr>179 :  Average reward  = 8.26 +- 0.61
RESULTS:: 02:42:26: root                               EvaluationManager.py <_prstr>179 :  Average success = 89.00 +- 1.94
RESULTS:: 02:42:26: root                               EvaluationManager.py <_prstr>179 :  Average turns   = 9.54 +- 0.31
RESULTS:: 02:42:26: root                                   pydial.py <setEvalConfig>470 :  *** Evaluating env1-LAP-tau_nodrop_sort_noinco_nl_4020_250100-seed8-00.10: error-rate=0 num-dialogs=500 ***
RESULTS:: 02:59:14: root                               EvaluationManager.py <_prstr>179 :  Results for domain: Laptops11 --evaluated by: objective success evaluator
RESULTS:: 02:59:14: root                               EvaluationManager.py <_prstr>179 :  # of dialogues  = 500
RESULTS:: 02:59:14: root                               EvaluationManager.py <_prstr>179 :  Average reward  = 6.83 +- 0.88
RESULTS:: 02:59:14: root                               EvaluationManager.py <_prstr>179 :  Average success = 77.40 +- 3.67
RESULTS:: 02:59:14: root                               EvaluationManager.py <_prstr>179 :  Average turns   = 8.65 +- 0.28
RESULTS:: 02:59:14: root                                   pydial.py <train_command>807 :  *** Training complete. log: env1-LAP-tau_nodrop_sort_noinco_nl_4020_250100-seed8-00.1-10.train.log - final policy is env1-LAP-tau_nodrop_sort_noinco_nl_4020_250100-00-10
