RESULTS:: 17:21:04: root                                   pydial.py <train_command>791 :  List of domains: Laptops11
RESULTS:: 17:21:04: root                                      pydial.py <trainBatch>409 :  *** Training Iteration env1-LAP-tau_nodrop_sort_noinco_nl_4020_250100-seed2-00.0->env1-LAP-tau_nodrop_sort_noinco_nl_4020_250100-seed2-00.1: iter=0, error-rate=0, num-dialogs=1000 ***
RESULTS:: 18:30:49: root                               EvaluationManager.py <_prstr>179 :  Results for domain: Laptops11 --evaluated by: objective success evaluator
RESULTS:: 18:30:50: root                               EvaluationManager.py <_prstr>179 :  # of dialogues  = 1000
RESULTS:: 18:30:50: root                               EvaluationManager.py <_prstr>179 :  Average reward  = 6.19 +- 0.63
RESULTS:: 18:30:50: root                               EvaluationManager.py <_prstr>179 :  Average success = 75.10 +- 2.68
RESULTS:: 18:30:50: root                               EvaluationManager.py <_prstr>179 :  Average turns   = 8.83 +- 0.23
RESULTS:: 18:30:50: root                                   pydial.py <setEvalConfig>470 :  *** Evaluating env1-LAP-tau_nodrop_sort_noinco_nl_4020_250100-seed2-00.1: error-rate=0 num-dialogs=500 ***
RESULTS:: 18:46:35: root                               EvaluationManager.py <_prstr>179 :  Results for domain: Laptops11 --evaluated by: objective success evaluator
RESULTS:: 18:46:35: root                               EvaluationManager.py <_prstr>179 :  # of dialogues  = 500
RESULTS:: 18:46:35: root                               EvaluationManager.py <_prstr>179 :  Average reward  = 9.66 +- 0.70
RESULTS:: 18:46:35: root                               EvaluationManager.py <_prstr>179 :  Average success = 86.00 +- 3.05
RESULTS:: 18:46:35: root                               EvaluationManager.py <_prstr>179 :  Average turns   = 7.54 +- 0.25
RESULTS:: 18:46:35: root                                   pydial.py <train_command>791 :  List of domains: Laptops11
RESULTS:: 18:46:35: root                                      pydial.py <trainBatch>409 :  *** Training Iteration env1-LAP-tau_nodrop_sort_noinco_nl_4020_250100-seed2-00.1->env1-LAP-tau_nodrop_sort_noinco_nl_4020_250100-seed2-00.2: iter=1, error-rate=0, num-dialogs=1000 ***
RESULTS:: 19:25:53: root                               EvaluationManager.py <_prstr>179 :  Results for domain: Laptops11 --evaluated by: objective success evaluator
RESULTS:: 19:25:53: root                               EvaluationManager.py <_prstr>179 :  # of dialogues  = 1000
RESULTS:: 19:25:53: root                               EvaluationManager.py <_prstr>179 :  Average reward  = 9.47 +- 0.47
RESULTS:: 19:25:53: root                               EvaluationManager.py <_prstr>179 :  Average success = 91.80 +- 1.70
RESULTS:: 19:25:53: root                               EvaluationManager.py <_prstr>179 :  Average turns   = 8.89 +- 0.26
RESULTS:: 19:25:53: root                                   pydial.py <setEvalConfig>470 :  *** Evaluating env1-LAP-tau_nodrop_sort_noinco_nl_4020_250100-seed2-00.2: error-rate=0 num-dialogs=500 ***
RESULTS:: 19:41:34: root                               EvaluationManager.py <_prstr>179 :  Results for domain: Laptops11 --evaluated by: objective success evaluator
RESULTS:: 19:41:34: root                               EvaluationManager.py <_prstr>179 :  # of dialogues  = 500
RESULTS:: 19:41:34: root                               EvaluationManager.py <_prstr>179 :  Average reward  = 11.91 +- 0.46
RESULTS:: 19:41:34: root                               EvaluationManager.py <_prstr>179 :  Average success = 96.40 +- 1.64
RESULTS:: 19:41:34: root                               EvaluationManager.py <_prstr>179 :  Average turns   = 7.37 +- 0.25
RESULTS:: 19:41:34: root                                   pydial.py <train_command>791 :  List of domains: Laptops11
RESULTS:: 19:41:34: root                                      pydial.py <trainBatch>409 :  *** Training Iteration env1-LAP-tau_nodrop_sort_noinco_nl_4020_250100-seed2-00.2->env1-LAP-tau_nodrop_sort_noinco_nl_4020_250100-seed2-00.3: iter=2, error-rate=0, num-dialogs=1000 ***
RESULTS:: 20:20:58: root                               EvaluationManager.py <_prstr>179 :  Results for domain: Laptops11 --evaluated by: objective success evaluator
RESULTS:: 20:20:58: root                               EvaluationManager.py <_prstr>179 :  # of dialogues  = 1000
RESULTS:: 20:20:58: root                               EvaluationManager.py <_prstr>179 :  Average reward  = 9.03 +- 0.51
RESULTS:: 20:20:58: root                               EvaluationManager.py <_prstr>179 :  Average success = 89.50 +- 1.90
RESULTS:: 20:20:58: root                               EvaluationManager.py <_prstr>179 :  Average turns   = 8.87 +- 0.26
RESULTS:: 20:20:58: root                                   pydial.py <setEvalConfig>470 :  *** Evaluating env1-LAP-tau_nodrop_sort_noinco_nl_4020_250100-seed2-00.3: error-rate=0 num-dialogs=500 ***
RESULTS:: 20:34:46: root                               EvaluationManager.py <_prstr>179 :  Results for domain: Laptops11 --evaluated by: objective success evaluator
RESULTS:: 20:34:46: root                               EvaluationManager.py <_prstr>179 :  # of dialogues  = 500
RESULTS:: 20:34:46: root                               EvaluationManager.py <_prstr>179 :  Average reward  = 4.97 +- 0.91
RESULTS:: 20:34:46: root                               EvaluationManager.py <_prstr>179 :  Average success = 57.20 +- 4.35
RESULTS:: 20:34:46: root                               EvaluationManager.py <_prstr>179 :  Average turns   = 6.47 +- 0.17
RESULTS:: 20:34:46: root                                   pydial.py <train_command>791 :  List of domains: Laptops11
RESULTS:: 20:34:46: root                                      pydial.py <trainBatch>409 :  *** Training Iteration env1-LAP-tau_nodrop_sort_noinco_nl_4020_250100-seed2-00.3->env1-LAP-tau_nodrop_sort_noinco_nl_4020_250100-seed2-00.4: iter=3, error-rate=0, num-dialogs=1000 ***
RESULTS:: 21:13:30: root                               EvaluationManager.py <_prstr>179 :  Results for domain: Laptops11 --evaluated by: objective success evaluator
RESULTS:: 21:13:30: root                               EvaluationManager.py <_prstr>179 :  # of dialogues  = 1000
RESULTS:: 21:13:30: root                               EvaluationManager.py <_prstr>179 :  Average reward  = 9.21 +- 0.50
RESULTS:: 21:13:30: root                               EvaluationManager.py <_prstr>179 :  Average success = 91.80 +- 1.70
RESULTS:: 21:13:30: root                               EvaluationManager.py <_prstr>179 :  Average turns   = 9.15 +- 0.27
RESULTS:: 21:13:30: root                                   pydial.py <setEvalConfig>470 :  *** Evaluating env1-LAP-tau_nodrop_sort_noinco_nl_4020_250100-seed2-00.4: error-rate=0 num-dialogs=500 ***
RESULTS:: 21:28:25: root                               EvaluationManager.py <_prstr>179 :  Results for domain: Laptops11 --evaluated by: objective success evaluator
RESULTS:: 21:28:25: root                               EvaluationManager.py <_prstr>179 :  # of dialogues  = 500
RESULTS:: 21:28:25: root                               EvaluationManager.py <_prstr>179 :  Average reward  = 10.35 +- 0.66
RESULTS:: 21:28:25: root                               EvaluationManager.py <_prstr>179 :  Average success = 88.60 +- 2.79
RESULTS:: 21:28:25: root                               EvaluationManager.py <_prstr>179 :  Average turns   = 7.37 +- 0.22
RESULTS:: 21:28:25: root                                   pydial.py <train_command>791 :  List of domains: Laptops11
RESULTS:: 21:28:25: root                                      pydial.py <trainBatch>409 :  *** Training Iteration env1-LAP-tau_nodrop_sort_noinco_nl_4020_250100-seed2-00.4->env1-LAP-tau_nodrop_sort_noinco_nl_4020_250100-seed2-00.5: iter=4, error-rate=0, num-dialogs=1000 ***
RESULTS:: 22:04:52: root                               EvaluationManager.py <_prstr>179 :  Results for domain: Laptops11 --evaluated by: objective success evaluator
RESULTS:: 22:04:52: root                               EvaluationManager.py <_prstr>179 :  # of dialogues  = 1000
RESULTS:: 22:04:52: root                               EvaluationManager.py <_prstr>179 :  Average reward  = 10.09 +- 0.43
RESULTS:: 22:04:52: root                               EvaluationManager.py <_prstr>179 :  Average success = 94.50 +- 1.41
RESULTS:: 22:04:52: root                               EvaluationManager.py <_prstr>179 :  Average turns   = 8.81 +- 0.25
RESULTS:: 22:04:52: root                                   pydial.py <setEvalConfig>470 :  *** Evaluating env1-LAP-tau_nodrop_sort_noinco_nl_4020_250100-seed2-00.5: error-rate=0 num-dialogs=500 ***
RESULTS:: 22:20:55: root                               EvaluationManager.py <_prstr>179 :  Results for domain: Laptops11 --evaluated by: objective success evaluator
RESULTS:: 22:20:55: root                               EvaluationManager.py <_prstr>179 :  # of dialogues  = 500
RESULTS:: 22:20:55: root                               EvaluationManager.py <_prstr>179 :  Average reward  = 11.49 +- 0.48
RESULTS:: 22:20:55: root                               EvaluationManager.py <_prstr>179 :  Average success = 96.00 +- 1.72
RESULTS:: 22:20:55: root                               EvaluationManager.py <_prstr>179 :  Average turns   = 7.71 +- 0.28
RESULTS:: 22:20:55: root                                   pydial.py <train_command>791 :  List of domains: Laptops11
RESULTS:: 22:20:55: root                                      pydial.py <trainBatch>409 :  *** Training Iteration env1-LAP-tau_nodrop_sort_noinco_nl_4020_250100-seed2-00.5->env1-LAP-tau_nodrop_sort_noinco_nl_4020_250100-seed2-00.6: iter=5, error-rate=0, num-dialogs=1000 ***
RESULTS:: 22:59:24: root                               EvaluationManager.py <_prstr>179 :  Results for domain: Laptops11 --evaluated by: objective success evaluator
RESULTS:: 22:59:24: root                               EvaluationManager.py <_prstr>179 :  # of dialogues  = 1000
RESULTS:: 22:59:24: root                               EvaluationManager.py <_prstr>179 :  Average reward  = 9.42 +- 0.47
RESULTS:: 22:59:24: root                               EvaluationManager.py <_prstr>179 :  Average success = 90.60 +- 1.81
RESULTS:: 22:59:24: root                               EvaluationManager.py <_prstr>179 :  Average turns   = 8.70 +- 0.24
RESULTS:: 22:59:24: root                                   pydial.py <setEvalConfig>470 :  *** Evaluating env1-LAP-tau_nodrop_sort_noinco_nl_4020_250100-seed2-00.6: error-rate=0 num-dialogs=500 ***
RESULTS:: 23:15:50: root                               EvaluationManager.py <_prstr>179 :  Results for domain: Laptops11 --evaluated by: objective success evaluator
RESULTS:: 23:15:50: root                               EvaluationManager.py <_prstr>179 :  # of dialogues  = 500
RESULTS:: 23:15:50: root                               EvaluationManager.py <_prstr>179 :  Average reward  = 11.55 +- 0.55
RESULTS:: 23:15:50: root                               EvaluationManager.py <_prstr>179 :  Average success = 96.00 +- 1.72
RESULTS:: 23:15:50: root                               EvaluationManager.py <_prstr>179 :  Average turns   = 7.65 +- 0.31
RESULTS:: 23:15:50: root                                   pydial.py <train_command>791 :  List of domains: Laptops11
RESULTS:: 23:15:50: root                                      pydial.py <trainBatch>409 :  *** Training Iteration env1-LAP-tau_nodrop_sort_noinco_nl_4020_250100-seed2-00.6->env1-LAP-tau_nodrop_sort_noinco_nl_4020_250100-seed2-00.7: iter=6, error-rate=0, num-dialogs=1000 ***
RESULTS:: 23:55:47: root                               EvaluationManager.py <_prstr>179 :  Results for domain: Laptops11 --evaluated by: objective success evaluator
RESULTS:: 23:55:47: root                               EvaluationManager.py <_prstr>179 :  # of dialogues  = 1000
RESULTS:: 23:55:47: root                               EvaluationManager.py <_prstr>179 :  Average reward  = 9.55 +- 0.47
RESULTS:: 23:55:47: root                               EvaluationManager.py <_prstr>179 :  Average success = 93.00 +- 1.58
RESULTS:: 23:55:47: root                               EvaluationManager.py <_prstr>179 :  Average turns   = 9.05 +- 0.26
RESULTS:: 23:55:47: root                                   pydial.py <setEvalConfig>470 :  *** Evaluating env1-LAP-tau_nodrop_sort_noinco_nl_4020_250100-seed2-00.7: error-rate=0 num-dialogs=500 ***
RESULTS:: 00:11:39: root                               EvaluationManager.py <_prstr>179 :  Results for domain: Laptops11 --evaluated by: objective success evaluator
RESULTS:: 00:11:39: root                               EvaluationManager.py <_prstr>179 :  # of dialogues  = 500
RESULTS:: 00:11:39: root                               EvaluationManager.py <_prstr>179 :  Average reward  = 10.94 +- 0.61
RESULTS:: 00:11:39: root                               EvaluationManager.py <_prstr>179 :  Average success = 92.40 +- 2.33
RESULTS:: 00:11:39: root                               EvaluationManager.py <_prstr>179 :  Average turns   = 7.54 +- 0.26
RESULTS:: 00:11:39: root                                   pydial.py <train_command>791 :  List of domains: Laptops11
RESULTS:: 00:11:39: root                                      pydial.py <trainBatch>409 :  *** Training Iteration env1-LAP-tau_nodrop_sort_noinco_nl_4020_250100-seed2-00.7->env1-LAP-tau_nodrop_sort_noinco_nl_4020_250100-seed2-00.8: iter=7, error-rate=0, num-dialogs=1000 ***
RESULTS:: 00:51:03: root                               EvaluationManager.py <_prstr>179 :  Results for domain: Laptops11 --evaluated by: objective success evaluator
RESULTS:: 00:51:03: root                               EvaluationManager.py <_prstr>179 :  # of dialogues  = 1000
RESULTS:: 00:51:03: root                               EvaluationManager.py <_prstr>179 :  Average reward  = 9.63 +- 0.48
RESULTS:: 00:51:03: root                               EvaluationManager.py <_prstr>179 :  Average success = 93.20 +- 1.56
RESULTS:: 00:51:03: root                               EvaluationManager.py <_prstr>179 :  Average turns   = 9.01 +- 0.28
RESULTS:: 00:51:03: root                                   pydial.py <setEvalConfig>470 :  *** Evaluating env1-LAP-tau_nodrop_sort_noinco_nl_4020_250100-seed2-00.8: error-rate=0 num-dialogs=500 ***
RESULTS:: 01:06:14: root                               EvaluationManager.py <_prstr>179 :  Results for domain: Laptops11 --evaluated by: objective success evaluator
RESULTS:: 01:06:14: root                               EvaluationManager.py <_prstr>179 :  # of dialogues  = 500
RESULTS:: 01:06:14: root                               EvaluationManager.py <_prstr>179 :  Average reward  = 11.86 +- 0.43
RESULTS:: 01:06:14: root                               EvaluationManager.py <_prstr>179 :  Average success = 97.20 +- 1.45
RESULTS:: 01:06:14: root                               EvaluationManager.py <_prstr>179 :  Average turns   = 7.58 +- 0.28
RESULTS:: 01:06:14: root                                   pydial.py <train_command>791 :  List of domains: Laptops11
RESULTS:: 01:06:14: root                                      pydial.py <trainBatch>409 :  *** Training Iteration env1-LAP-tau_nodrop_sort_noinco_nl_4020_250100-seed2-00.8->env1-LAP-tau_nodrop_sort_noinco_nl_4020_250100-seed2-00.9: iter=8, error-rate=0, num-dialogs=1000 ***
RESULTS:: 01:41:52: root                               EvaluationManager.py <_prstr>179 :  Results for domain: Laptops11 --evaluated by: objective success evaluator
RESULTS:: 01:41:52: root                               EvaluationManager.py <_prstr>179 :  # of dialogues  = 1000
RESULTS:: 01:41:52: root                               EvaluationManager.py <_prstr>179 :  Average reward  = 9.77 +- 0.45
RESULTS:: 01:41:52: root                               EvaluationManager.py <_prstr>179 :  Average success = 92.30 +- 1.65
RESULTS:: 01:41:52: root                               EvaluationManager.py <_prstr>179 :  Average turns   = 8.69 +- 0.25
RESULTS:: 01:41:52: root                                   pydial.py <setEvalConfig>470 :  *** Evaluating env1-LAP-tau_nodrop_sort_noinco_nl_4020_250100-seed2-00.9: error-rate=0 num-dialogs=500 ***
RESULTS:: 01:55:28: root                               EvaluationManager.py <_prstr>179 :  Results for domain: Laptops11 --evaluated by: objective success evaluator
RESULTS:: 01:55:28: root                               EvaluationManager.py <_prstr>179 :  # of dialogues  = 500
RESULTS:: 01:55:28: root                               EvaluationManager.py <_prstr>179 :  Average reward  = 9.44 +- 0.74
RESULTS:: 01:55:28: root                               EvaluationManager.py <_prstr>179 :  Average success = 81.40 +- 3.42
RESULTS:: 01:55:28: root                               EvaluationManager.py <_prstr>179 :  Average turns   = 6.84 +- 0.23
RESULTS:: 01:55:28: root                                   pydial.py <train_command>791 :  List of domains: Laptops11
RESULTS:: 01:55:28: root                                      pydial.py <trainBatch>409 :  *** Training Iteration env1-LAP-tau_nodrop_sort_noinco_nl_4020_250100-seed2-00.9->env1-LAP-tau_nodrop_sort_noinco_nl_4020_250100-seed2-00.10: iter=9, error-rate=0, num-dialogs=1000 ***
RESULTS:: 02:32:05: root                               EvaluationManager.py <_prstr>179 :  Results for domain: Laptops11 --evaluated by: objective success evaluator
RESULTS:: 02:32:05: root                               EvaluationManager.py <_prstr>179 :  # of dialogues  = 1000
RESULTS:: 02:32:05: root                               EvaluationManager.py <_prstr>179 :  Average reward  = 9.52 +- 0.50
RESULTS:: 02:32:05: root                               EvaluationManager.py <_prstr>179 :  Average success = 92.10 +- 1.67
RESULTS:: 02:32:05: root                               EvaluationManager.py <_prstr>179 :  Average turns   = 8.90 +- 0.26
RESULTS:: 02:32:05: root                                   pydial.py <setEvalConfig>470 :  *** Evaluating env1-LAP-tau_nodrop_sort_noinco_nl_4020_250100-seed2-00.10: error-rate=0 num-dialogs=500 ***
RESULTS:: 02:46:21: root                               EvaluationManager.py <_prstr>179 :  Results for domain: Laptops11 --evaluated by: objective success evaluator
RESULTS:: 02:46:21: root                               EvaluationManager.py <_prstr>179 :  # of dialogues  = 500
RESULTS:: 02:46:21: root                               EvaluationManager.py <_prstr>179 :  Average reward  = 8.16 +- 0.80
RESULTS:: 02:46:21: root                               EvaluationManager.py <_prstr>179 :  Average success = 76.40 +- 3.73
RESULTS:: 02:46:21: root                               EvaluationManager.py <_prstr>179 :  Average turns   = 7.12 +- 0.20
RESULTS:: 02:46:21: root                                   pydial.py <train_command>807 :  *** Training complete. log: env1-LAP-tau_nodrop_sort_noinco_nl_4020_250100-seed2-00.1-10.train.log - final policy is env1-LAP-tau_nodrop_sort_noinco_nl_4020_250100-00-10
