RESULTS:: 20:29:16: root                                   pydial.py <train_command>791 :  List of domains: Laptops11
RESULTS:: 20:29:16: root                                      pydial.py <trainBatch>409 :  *** Training Iteration env1-LAP-tau_nodrop_323232_128128128-seed8-00.0->env1-LAP-tau_nodrop_323232_128128128-seed8-00.1: iter=0, error-rate=0, num-dialogs=1000 ***
RESULTS:: 21:35:32: root                               EvaluationManager.py <_prstr>179 :  Results for domain: Laptops11 --evaluated by: objective success evaluator
RESULTS:: 21:35:32: root                               EvaluationManager.py <_prstr>179 :  # of dialogues  = 1000
RESULTS:: 21:35:32: root                               EvaluationManager.py <_prstr>179 :  Average reward  = 5.31 +- 0.65
RESULTS:: 21:35:32: root                               EvaluationManager.py <_prstr>179 :  Average success = 71.70 +- 2.80
RESULTS:: 21:35:32: root                               EvaluationManager.py <_prstr>179 :  Average turns   = 9.03 +- 0.25
RESULTS:: 21:35:32: root                                   pydial.py <setEvalConfig>470 :  *** Evaluating env1-LAP-tau_nodrop_323232_128128128-seed8-00.1: error-rate=0 num-dialogs=500 ***
RESULTS:: 22:00:23: root                               EvaluationManager.py <_prstr>179 :  Results for domain: Laptops11 --evaluated by: objective success evaluator
RESULTS:: 22:00:23: root                               EvaluationManager.py <_prstr>179 :  # of dialogues  = 500
RESULTS:: 22:00:23: root                               EvaluationManager.py <_prstr>179 :  Average reward  = 6.82 +- 0.86
RESULTS:: 22:00:23: root                               EvaluationManager.py <_prstr>179 :  Average success = 70.00 +- 4.03
RESULTS:: 22:00:23: root                               EvaluationManager.py <_prstr>179 :  Average turns   = 7.18 +- 0.21
RESULTS:: 22:00:23: root                                   pydial.py <train_command>791 :  List of domains: Laptops11
RESULTS:: 22:00:23: root                                      pydial.py <trainBatch>409 :  *** Training Iteration env1-LAP-tau_nodrop_323232_128128128-seed8-00.1->env1-LAP-tau_nodrop_323232_128128128-seed8-00.2: iter=1, error-rate=0, num-dialogs=1000 ***
RESULTS:: 23:04:56: root                               EvaluationManager.py <_prstr>179 :  Results for domain: Laptops11 --evaluated by: objective success evaluator
RESULTS:: 23:04:56: root                               EvaluationManager.py <_prstr>179 :  # of dialogues  = 1000
RESULTS:: 23:04:56: root                               EvaluationManager.py <_prstr>179 :  Average reward  = 7.52 +- 0.54
RESULTS:: 23:04:56: root                               EvaluationManager.py <_prstr>179 :  Average success = 80.40 +- 2.46
RESULTS:: 23:04:56: root                               EvaluationManager.py <_prstr>179 :  Average turns   = 8.56 +- 0.22
RESULTS:: 23:04:56: root                                   pydial.py <setEvalConfig>470 :  *** Evaluating env1-LAP-tau_nodrop_323232_128128128-seed8-00.2: error-rate=0 num-dialogs=500 ***
RESULTS:: 23:33:05: root                               EvaluationManager.py <_prstr>179 :  Results for domain: Laptops11 --evaluated by: objective success evaluator
RESULTS:: 23:33:05: root                               EvaluationManager.py <_prstr>179 :  # of dialogues  = 500
RESULTS:: 23:33:05: root                               EvaluationManager.py <_prstr>179 :  Average reward  = 3.18 +- 0.91
RESULTS:: 23:33:05: root                               EvaluationManager.py <_prstr>179 :  Average success = 47.60 +- 4.39
RESULTS:: 23:33:05: root                               EvaluationManager.py <_prstr>179 :  Average turns   = 6.34 +- 0.12
RESULTS:: 23:33:05: root                                   pydial.py <train_command>791 :  List of domains: Laptops11
RESULTS:: 23:33:05: root                                      pydial.py <trainBatch>409 :  *** Training Iteration env1-LAP-tau_nodrop_323232_128128128-seed8-00.2->env1-LAP-tau_nodrop_323232_128128128-seed8-00.3: iter=2, error-rate=0, num-dialogs=1000 ***
RESULTS:: 00:35:07: root                               EvaluationManager.py <_prstr>179 :  Results for domain: Laptops11 --evaluated by: objective success evaluator
RESULTS:: 00:35:07: root                               EvaluationManager.py <_prstr>179 :  # of dialogues  = 1000
RESULTS:: 00:35:07: root                               EvaluationManager.py <_prstr>179 :  Average reward  = 7.60 +- 0.55
RESULTS:: 00:35:07: root                               EvaluationManager.py <_prstr>179 :  Average success = 81.60 +- 2.40
RESULTS:: 00:35:07: root                               EvaluationManager.py <_prstr>179 :  Average turns   = 8.72 +- 0.23
RESULTS:: 00:35:07: root                                   pydial.py <setEvalConfig>470 :  *** Evaluating env1-LAP-tau_nodrop_323232_128128128-seed8-00.3: error-rate=0 num-dialogs=500 ***
RESULTS:: 00:59:23: root                               EvaluationManager.py <_prstr>179 :  Results for domain: Laptops11 --evaluated by: objective success evaluator
RESULTS:: 00:59:23: root                               EvaluationManager.py <_prstr>179 :  # of dialogues  = 500
RESULTS:: 00:59:23: root                               EvaluationManager.py <_prstr>179 :  Average reward  = 3.45 +- 0.92
RESULTS:: 00:59:23: root                               EvaluationManager.py <_prstr>179 :  Average success = 53.80 +- 4.38
RESULTS:: 00:59:23: root                               EvaluationManager.py <_prstr>179 :  Average turns   = 7.31 +- 0.18
RESULTS:: 00:59:23: root                                   pydial.py <train_command>791 :  List of domains: Laptops11
RESULTS:: 00:59:23: root                                      pydial.py <trainBatch>409 :  *** Training Iteration env1-LAP-tau_nodrop_323232_128128128-seed8-00.3->env1-LAP-tau_nodrop_323232_128128128-seed8-00.4: iter=3, error-rate=0, num-dialogs=1000 ***
RESULTS:: 02:01:12: root                               EvaluationManager.py <_prstr>179 :  Results for domain: Laptops11 --evaluated by: objective success evaluator
RESULTS:: 02:01:12: root                               EvaluationManager.py <_prstr>179 :  # of dialogues  = 1000
RESULTS:: 02:01:12: root                               EvaluationManager.py <_prstr>179 :  Average reward  = 8.08 +- 0.56
RESULTS:: 02:01:12: root                               EvaluationManager.py <_prstr>179 :  Average success = 84.10 +- 2.27
RESULTS:: 02:01:12: root                               EvaluationManager.py <_prstr>179 :  Average turns   = 8.74 +- 0.25
RESULTS:: 02:01:12: root                                   pydial.py <setEvalConfig>470 :  *** Evaluating env1-LAP-tau_nodrop_323232_128128128-seed8-00.4: error-rate=0 num-dialogs=500 ***
RESULTS:: 02:23:59: root                               EvaluationManager.py <_prstr>179 :  Results for domain: Laptops11 --evaluated by: objective success evaluator
RESULTS:: 02:23:59: root                               EvaluationManager.py <_prstr>179 :  # of dialogues  = 500
RESULTS:: 02:23:59: root                               EvaluationManager.py <_prstr>179 :  Average reward  = 4.42 +- 0.90
RESULTS:: 02:23:59: root                               EvaluationManager.py <_prstr>179 :  Average success = 55.40 +- 4.37
RESULTS:: 02:23:59: root                               EvaluationManager.py <_prstr>179 :  Average turns   = 6.66 +- 0.16
RESULTS:: 02:23:59: root                                   pydial.py <train_command>791 :  List of domains: Laptops11
RESULTS:: 02:23:59: root                                      pydial.py <trainBatch>409 :  *** Training Iteration env1-LAP-tau_nodrop_323232_128128128-seed8-00.4->env1-LAP-tau_nodrop_323232_128128128-seed8-00.5: iter=4, error-rate=0, num-dialogs=1000 ***
RESULTS:: 03:24:37: root                               EvaluationManager.py <_prstr>179 :  Results for domain: Laptops11 --evaluated by: objective success evaluator
RESULTS:: 03:24:37: root                               EvaluationManager.py <_prstr>179 :  # of dialogues  = 1000
RESULTS:: 03:24:37: root                               EvaluationManager.py <_prstr>179 :  Average reward  = 7.88 +- 0.56
RESULTS:: 03:24:37: root                               EvaluationManager.py <_prstr>179 :  Average success = 83.40 +- 2.31
RESULTS:: 03:24:37: root                               EvaluationManager.py <_prstr>179 :  Average turns   = 8.79 +- 0.25
RESULTS:: 03:24:37: root                                   pydial.py <setEvalConfig>470 :  *** Evaluating env1-LAP-tau_nodrop_323232_128128128-seed8-00.5: error-rate=0 num-dialogs=500 ***
RESULTS:: 03:47:29: root                               EvaluationManager.py <_prstr>179 :  Results for domain: Laptops11 --evaluated by: objective success evaluator
RESULTS:: 03:47:29: root                               EvaluationManager.py <_prstr>179 :  # of dialogues  = 500
RESULTS:: 03:47:29: root                               EvaluationManager.py <_prstr>179 :  Average reward  = 6.70 +- 0.85
RESULTS:: 03:47:29: root                               EvaluationManager.py <_prstr>179 :  Average success = 67.60 +- 4.11
RESULTS:: 03:47:29: root                               EvaluationManager.py <_prstr>179 :  Average turns   = 6.82 +- 0.19
RESULTS:: 03:47:29: root                                   pydial.py <train_command>791 :  List of domains: Laptops11
RESULTS:: 03:47:29: root                                      pydial.py <trainBatch>409 :  *** Training Iteration env1-LAP-tau_nodrop_323232_128128128-seed8-00.5->env1-LAP-tau_nodrop_323232_128128128-seed8-00.6: iter=5, error-rate=0, num-dialogs=1000 ***
RESULTS:: 04:45:14: root                               EvaluationManager.py <_prstr>179 :  Results for domain: Laptops11 --evaluated by: objective success evaluator
RESULTS:: 04:45:14: root                               EvaluationManager.py <_prstr>179 :  # of dialogues  = 1000
RESULTS:: 04:45:14: root                               EvaluationManager.py <_prstr>179 :  Average reward  = 8.49 +- 0.52
RESULTS:: 04:45:14: root                               EvaluationManager.py <_prstr>179 :  Average success = 84.60 +- 2.24
RESULTS:: 04:45:14: root                               EvaluationManager.py <_prstr>179 :  Average turns   = 8.43 +- 0.24
RESULTS:: 04:45:14: root                                   pydial.py <setEvalConfig>470 :  *** Evaluating env1-LAP-tau_nodrop_323232_128128128-seed8-00.6: error-rate=0 num-dialogs=500 ***
RESULTS:: 05:08:31: root                               EvaluationManager.py <_prstr>179 :  Results for domain: Laptops11 --evaluated by: objective success evaluator
RESULTS:: 05:08:31: root                               EvaluationManager.py <_prstr>179 :  # of dialogues  = 500
RESULTS:: 05:08:31: root                               EvaluationManager.py <_prstr>179 :  Average reward  = 7.94 +- 0.82
RESULTS:: 05:08:31: root                               EvaluationManager.py <_prstr>179 :  Average success = 75.20 +- 3.79
RESULTS:: 05:08:31: root                               EvaluationManager.py <_prstr>179 :  Average turns   = 7.10 +- 0.18
RESULTS:: 05:08:31: root                                   pydial.py <train_command>791 :  List of domains: Laptops11
RESULTS:: 05:08:31: root                                      pydial.py <trainBatch>409 :  *** Training Iteration env1-LAP-tau_nodrop_323232_128128128-seed8-00.6->env1-LAP-tau_nodrop_323232_128128128-seed8-00.7: iter=6, error-rate=0, num-dialogs=1000 ***
RESULTS:: 06:07:24: root                               EvaluationManager.py <_prstr>179 :  Results for domain: Laptops11 --evaluated by: objective success evaluator
RESULTS:: 06:07:24: root                               EvaluationManager.py <_prstr>179 :  # of dialogues  = 1000
RESULTS:: 06:07:24: root                               EvaluationManager.py <_prstr>179 :  Average reward  = 7.97 +- 0.55
RESULTS:: 06:07:24: root                               EvaluationManager.py <_prstr>179 :  Average success = 82.90 +- 2.34
RESULTS:: 06:07:24: root                               EvaluationManager.py <_prstr>179 :  Average turns   = 8.61 +- 0.24
RESULTS:: 06:07:24: root                                   pydial.py <setEvalConfig>470 :  *** Evaluating env1-LAP-tau_nodrop_323232_128128128-seed8-00.7: error-rate=0 num-dialogs=500 ***
RESULTS:: 06:30:26: root                               EvaluationManager.py <_prstr>179 :  Results for domain: Laptops11 --evaluated by: objective success evaluator
RESULTS:: 06:30:26: root                               EvaluationManager.py <_prstr>179 :  # of dialogues  = 500
RESULTS:: 06:30:26: root                               EvaluationManager.py <_prstr>179 :  Average reward  = 9.07 +- 0.74
RESULTS:: 06:30:26: root                               EvaluationManager.py <_prstr>179 :  Average success = 80.60 +- 3.47
RESULTS:: 06:30:26: root                               EvaluationManager.py <_prstr>179 :  Average turns   = 7.05 +- 0.19
RESULTS:: 06:30:26: root                                   pydial.py <train_command>791 :  List of domains: Laptops11
RESULTS:: 06:30:26: root                                      pydial.py <trainBatch>409 :  *** Training Iteration env1-LAP-tau_nodrop_323232_128128128-seed8-00.7->env1-LAP-tau_nodrop_323232_128128128-seed8-00.8: iter=7, error-rate=0, num-dialogs=1000 ***
RESULTS:: 07:30:12: root                               EvaluationManager.py <_prstr>179 :  Results for domain: Laptops11 --evaluated by: objective success evaluator
RESULTS:: 07:30:12: root                               EvaluationManager.py <_prstr>179 :  # of dialogues  = 1000
RESULTS:: 07:30:12: root                               EvaluationManager.py <_prstr>179 :  Average reward  = 8.64 +- 0.52
RESULTS:: 07:30:12: root                               EvaluationManager.py <_prstr>179 :  Average success = 86.80 +- 2.10
RESULTS:: 07:30:12: root                               EvaluationManager.py <_prstr>179 :  Average turns   = 8.72 +- 0.25
RESULTS:: 07:30:12: root                                   pydial.py <setEvalConfig>470 :  *** Evaluating env1-LAP-tau_nodrop_323232_128128128-seed8-00.8: error-rate=0 num-dialogs=500 ***
RESULTS:: 07:53:06: root                               EvaluationManager.py <_prstr>179 :  Results for domain: Laptops11 --evaluated by: objective success evaluator
RESULTS:: 07:53:06: root                               EvaluationManager.py <_prstr>179 :  # of dialogues  = 500
RESULTS:: 07:53:06: root                               EvaluationManager.py <_prstr>179 :  Average reward  = 7.43 +- 0.85
RESULTS:: 07:53:06: root                               EvaluationManager.py <_prstr>179 :  Average success = 71.80 +- 3.95
RESULTS:: 07:53:06: root                               EvaluationManager.py <_prstr>179 :  Average turns   = 6.93 +- 0.20
RESULTS:: 07:53:06: root                                   pydial.py <train_command>791 :  List of domains: Laptops11
RESULTS:: 07:53:06: root                                      pydial.py <trainBatch>409 :  *** Training Iteration env1-LAP-tau_nodrop_323232_128128128-seed8-00.8->env1-LAP-tau_nodrop_323232_128128128-seed8-00.9: iter=8, error-rate=0, num-dialogs=1000 ***
RESULTS:: 08:54:24: root                               EvaluationManager.py <_prstr>179 :  Results for domain: Laptops11 --evaluated by: objective success evaluator
RESULTS:: 08:54:24: root                               EvaluationManager.py <_prstr>179 :  # of dialogues  = 1000
RESULTS:: 08:54:24: root                               EvaluationManager.py <_prstr>179 :  Average reward  = 8.63 +- 0.52
RESULTS:: 08:54:24: root                               EvaluationManager.py <_prstr>179 :  Average success = 87.50 +- 2.05
RESULTS:: 08:54:24: root                               EvaluationManager.py <_prstr>179 :  Average turns   = 8.87 +- 0.27
RESULTS:: 08:54:24: root                                   pydial.py <setEvalConfig>470 :  *** Evaluating env1-LAP-tau_nodrop_323232_128128128-seed8-00.9: error-rate=0 num-dialogs=500 ***
RESULTS:: 09:18:49: root                               EvaluationManager.py <_prstr>179 :  Results for domain: Laptops11 --evaluated by: objective success evaluator
RESULTS:: 09:18:49: root                               EvaluationManager.py <_prstr>179 :  # of dialogues  = 500
RESULTS:: 09:18:49: root                               EvaluationManager.py <_prstr>179 :  Average reward  = 10.52 +- 0.64
RESULTS:: 09:18:49: root                               EvaluationManager.py <_prstr>179 :  Average success = 89.60 +- 2.68
RESULTS:: 09:18:49: root                               EvaluationManager.py <_prstr>179 :  Average turns   = 7.40 +- 0.25
RESULTS:: 09:18:49: root                                   pydial.py <train_command>791 :  List of domains: Laptops11
RESULTS:: 09:18:49: root                                      pydial.py <trainBatch>409 :  *** Training Iteration env1-LAP-tau_nodrop_323232_128128128-seed8-00.9->env1-LAP-tau_nodrop_323232_128128128-seed8-00.10: iter=9, error-rate=0, num-dialogs=1000 ***
RESULTS:: 10:18:48: root                               EvaluationManager.py <_prstr>179 :  Results for domain: Laptops11 --evaluated by: objective success evaluator
RESULTS:: 10:18:48: root                               EvaluationManager.py <_prstr>179 :  # of dialogues  = 1000
RESULTS:: 10:18:48: root                               EvaluationManager.py <_prstr>179 :  Average reward  = 8.80 +- 0.53
RESULTS:: 10:18:48: root                               EvaluationManager.py <_prstr>179 :  Average success = 88.00 +- 2.02
RESULTS:: 10:18:48: root                               EvaluationManager.py <_prstr>179 :  Average turns   = 8.80 +- 0.25
RESULTS:: 10:18:48: root                                   pydial.py <setEvalConfig>470 :  *** Evaluating env1-LAP-tau_nodrop_323232_128128128-seed8-00.10: error-rate=0 num-dialogs=500 ***
RESULTS:: 10:44:05: root                               EvaluationManager.py <_prstr>179 :  Results for domain: Laptops11 --evaluated by: objective success evaluator
RESULTS:: 10:44:05: root                               EvaluationManager.py <_prstr>179 :  # of dialogues  = 500
RESULTS:: 10:44:05: root                               EvaluationManager.py <_prstr>179 :  Average reward  = 10.55 +- 0.62
RESULTS:: 10:44:05: root                               EvaluationManager.py <_prstr>179 :  Average success = 91.40 +- 2.46
RESULTS:: 10:44:05: root                               EvaluationManager.py <_prstr>179 :  Average turns   = 7.73 +- 0.29
RESULTS:: 10:44:05: root                                   pydial.py <train_command>807 :  *** Training complete. log: env1-LAP-tau_nodrop_323232_128128128-seed8-00.1-10.train.log - final policy is env1-LAP-tau_nodrop_323232_128128128-00-10
