RESULTS:: 11:33:38: root                                   pydial.py <train_command>791 :  List of domains: Laptops11
RESULTS:: 11:33:38: root                                      pydial.py <trainBatch>409 :  *** Training Iteration env1-LAP-tau_nodrop_323232_128128128-seed6-00.0->env1-LAP-tau_nodrop_323232_128128128-seed6-00.1: iter=0, error-rate=0, num-dialogs=1000 ***
RESULTS:: 12:03:14: root                               EvaluationManager.py <_prstr>179 :  Results for domain: Laptops11 --evaluated by: objective success evaluator
RESULTS:: 12:03:14: root                               EvaluationManager.py <_prstr>179 :  # of dialogues  = 1000
RESULTS:: 12:03:14: root                               EvaluationManager.py <_prstr>179 :  Average reward  = 5.66 +- 0.64
RESULTS:: 12:03:14: root                               EvaluationManager.py <_prstr>179 :  Average success = 73.10 +- 2.75
RESULTS:: 12:03:14: root                               EvaluationManager.py <_prstr>179 :  Average turns   = 8.96 +- 0.25
RESULTS:: 12:03:14: root                                   pydial.py <setEvalConfig>470 :  *** Evaluating env1-LAP-tau_nodrop_323232_128128128-seed6-00.1: error-rate=0 num-dialogs=500 ***
RESULTS:: 12:14:07: root                               EvaluationManager.py <_prstr>179 :  Results for domain: Laptops11 --evaluated by: objective success evaluator
RESULTS:: 12:14:07: root                               EvaluationManager.py <_prstr>179 :  # of dialogues  = 500
RESULTS:: 12:14:07: root                               EvaluationManager.py <_prstr>179 :  Average reward  = 4.87 +- 0.90
RESULTS:: 12:14:07: root                               EvaluationManager.py <_prstr>179 :  Average success = 58.40 +- 4.33
RESULTS:: 12:14:07: root                               EvaluationManager.py <_prstr>179 :  Average turns   = 6.81 +- 0.17
RESULTS:: 12:14:07: root                                   pydial.py <train_command>791 :  List of domains: Laptops11
RESULTS:: 12:14:07: root                                      pydial.py <trainBatch>409 :  *** Training Iteration env1-LAP-tau_nodrop_323232_128128128-seed6-00.1->env1-LAP-tau_nodrop_323232_128128128-seed6-00.2: iter=1, error-rate=0, num-dialogs=1000 ***
RESULTS:: 12:45:13: root                               EvaluationManager.py <_prstr>179 :  Results for domain: Laptops11 --evaluated by: objective success evaluator
RESULTS:: 12:45:13: root                               EvaluationManager.py <_prstr>179 :  # of dialogues  = 1000
RESULTS:: 12:45:13: root                               EvaluationManager.py <_prstr>179 :  Average reward  = 7.97 +- 0.53
RESULTS:: 12:45:13: root                               EvaluationManager.py <_prstr>179 :  Average success = 82.60 +- 2.35
RESULTS:: 12:45:13: root                               EvaluationManager.py <_prstr>179 :  Average turns   = 8.55 +- 0.22
RESULTS:: 12:45:13: root                                   pydial.py <setEvalConfig>470 :  *** Evaluating env1-LAP-tau_nodrop_323232_128128128-seed6-00.2: error-rate=0 num-dialogs=500 ***
RESULTS:: 12:55:50: root                               EvaluationManager.py <_prstr>179 :  Results for domain: Laptops11 --evaluated by: objective success evaluator
RESULTS:: 12:55:50: root                               EvaluationManager.py <_prstr>179 :  # of dialogues  = 500
RESULTS:: 12:55:50: root                               EvaluationManager.py <_prstr>179 :  Average reward  = 2.06 +- 0.90
RESULTS:: 12:55:50: root                               EvaluationManager.py <_prstr>179 :  Average success = 43.60 +- 4.36
RESULTS:: 12:55:50: root                               EvaluationManager.py <_prstr>179 :  Average turns   = 6.66 +- 0.14
RESULTS:: 12:55:50: root                                   pydial.py <train_command>791 :  List of domains: Laptops11
RESULTS:: 12:55:50: root                                      pydial.py <trainBatch>409 :  *** Training Iteration env1-LAP-tau_nodrop_323232_128128128-seed6-00.2->env1-LAP-tau_nodrop_323232_128128128-seed6-00.3: iter=2, error-rate=0, num-dialogs=1000 ***
RESULTS:: 13:23:48: root                               EvaluationManager.py <_prstr>179 :  Results for domain: Laptops11 --evaluated by: objective success evaluator
RESULTS:: 13:23:48: root                               EvaluationManager.py <_prstr>179 :  # of dialogues  = 1000
RESULTS:: 13:23:48: root                               EvaluationManager.py <_prstr>179 :  Average reward  = 8.28 +- 0.51
RESULTS:: 13:23:48: root                               EvaluationManager.py <_prstr>179 :  Average success = 83.90 +- 2.28
RESULTS:: 13:23:48: root                               EvaluationManager.py <_prstr>179 :  Average turns   = 8.50 +- 0.22
RESULTS:: 13:23:48: root                                   pydial.py <setEvalConfig>470 :  *** Evaluating env1-LAP-tau_nodrop_323232_128128128-seed6-00.3: error-rate=0 num-dialogs=500 ***
RESULTS:: 13:34:42: root                               EvaluationManager.py <_prstr>179 :  Results for domain: Laptops11 --evaluated by: objective success evaluator
RESULTS:: 13:34:42: root                               EvaluationManager.py <_prstr>179 :  # of dialogues  = 500
RESULTS:: 13:34:42: root                               EvaluationManager.py <_prstr>179 :  Average reward  = 5.96 +- 0.90
RESULTS:: 13:34:42: root                               EvaluationManager.py <_prstr>179 :  Average success = 64.60 +- 4.20
RESULTS:: 13:34:42: root                               EvaluationManager.py <_prstr>179 :  Average turns   = 6.96 +- 0.18
RESULTS:: 13:34:42: root                                   pydial.py <train_command>791 :  List of domains: Laptops11
RESULTS:: 13:34:42: root                                      pydial.py <trainBatch>409 :  *** Training Iteration env1-LAP-tau_nodrop_323232_128128128-seed6-00.3->env1-LAP-tau_nodrop_323232_128128128-seed6-00.4: iter=3, error-rate=0, num-dialogs=1000 ***
RESULTS:: 14:02:54: root                               EvaluationManager.py <_prstr>179 :  Results for domain: Laptops11 --evaluated by: objective success evaluator
RESULTS:: 14:02:54: root                               EvaluationManager.py <_prstr>179 :  # of dialogues  = 1000
RESULTS:: 14:02:54: root                               EvaluationManager.py <_prstr>179 :  Average reward  = 8.56 +- 0.52
RESULTS:: 14:02:54: root                               EvaluationManager.py <_prstr>179 :  Average success = 85.40 +- 2.19
RESULTS:: 14:02:54: root                               EvaluationManager.py <_prstr>179 :  Average turns   = 8.52 +- 0.22
RESULTS:: 14:02:54: root                                   pydial.py <setEvalConfig>470 :  *** Evaluating env1-LAP-tau_nodrop_323232_128128128-seed6-00.4: error-rate=0 num-dialogs=500 ***
RESULTS:: 14:14:23: root                               EvaluationManager.py <_prstr>179 :  Results for domain: Laptops11 --evaluated by: objective success evaluator
RESULTS:: 14:14:23: root                               EvaluationManager.py <_prstr>179 :  # of dialogues  = 500
RESULTS:: 14:14:23: root                               EvaluationManager.py <_prstr>179 :  Average reward  = 8.88 +- 0.78
RESULTS:: 14:14:23: root                               EvaluationManager.py <_prstr>179 :  Average success = 78.80 +- 3.59
RESULTS:: 14:14:23: root                               EvaluationManager.py <_prstr>179 :  Average turns   = 6.88 +- 0.19
RESULTS:: 14:14:23: root                                   pydial.py <train_command>791 :  List of domains: Laptops11
RESULTS:: 14:14:23: root                                      pydial.py <trainBatch>409 :  *** Training Iteration env1-LAP-tau_nodrop_323232_128128128-seed6-00.4->env1-LAP-tau_nodrop_323232_128128128-seed6-00.5: iter=4, error-rate=0, num-dialogs=1000 ***
RESULTS:: 14:43:37: root                               EvaluationManager.py <_prstr>179 :  Results for domain: Laptops11 --evaluated by: objective success evaluator
RESULTS:: 14:43:37: root                               EvaluationManager.py <_prstr>179 :  # of dialogues  = 1000
RESULTS:: 14:43:37: root                               EvaluationManager.py <_prstr>179 :  Average reward  = 8.78 +- 0.50
RESULTS:: 14:43:37: root                               EvaluationManager.py <_prstr>179 :  Average success = 86.30 +- 2.13
RESULTS:: 14:43:37: root                               EvaluationManager.py <_prstr>179 :  Average turns   = 8.48 +- 0.21
RESULTS:: 14:43:37: root                                   pydial.py <setEvalConfig>470 :  *** Evaluating env1-LAP-tau_nodrop_323232_128128128-seed6-00.5: error-rate=0 num-dialogs=500 ***
RESULTS:: 14:54:26: root                               EvaluationManager.py <_prstr>179 :  Results for domain: Laptops11 --evaluated by: objective success evaluator
RESULTS:: 14:54:26: root                               EvaluationManager.py <_prstr>179 :  # of dialogues  = 500
RESULTS:: 14:54:26: root                               EvaluationManager.py <_prstr>179 :  Average reward  = 7.18 +- 0.84
RESULTS:: 14:54:26: root                               EvaluationManager.py <_prstr>179 :  Average success = 69.80 +- 4.03
RESULTS:: 14:54:26: root                               EvaluationManager.py <_prstr>179 :  Average turns   = 6.78 +- 0.18
RESULTS:: 14:54:26: root                                   pydial.py <train_command>791 :  List of domains: Laptops11
RESULTS:: 14:54:26: root                                      pydial.py <trainBatch>409 :  *** Training Iteration env1-LAP-tau_nodrop_323232_128128128-seed6-00.5->env1-LAP-tau_nodrop_323232_128128128-seed6-00.6: iter=5, error-rate=0, num-dialogs=1000 ***
RESULTS:: 15:24:21: root                               EvaluationManager.py <_prstr>179 :  Results for domain: Laptops11 --evaluated by: objective success evaluator
RESULTS:: 15:24:21: root                               EvaluationManager.py <_prstr>179 :  # of dialogues  = 1000
RESULTS:: 15:24:21: root                               EvaluationManager.py <_prstr>179 :  Average reward  = 8.88 +- 0.50
RESULTS:: 15:24:21: root                               EvaluationManager.py <_prstr>179 :  Average success = 89.00 +- 1.94
RESULTS:: 15:24:21: root                               EvaluationManager.py <_prstr>179 :  Average turns   = 8.92 +- 0.26
RESULTS:: 15:24:21: root                                   pydial.py <setEvalConfig>470 :  *** Evaluating env1-LAP-tau_nodrop_323232_128128128-seed6-00.6: error-rate=0 num-dialogs=500 ***
RESULTS:: 15:40:09: root                               EvaluationManager.py <_prstr>179 :  Results for domain: Laptops11 --evaluated by: objective success evaluator
RESULTS:: 15:40:09: root                               EvaluationManager.py <_prstr>179 :  # of dialogues  = 500
RESULTS:: 15:40:09: root                               EvaluationManager.py <_prstr>179 :  Average reward  = 4.38 +- 0.90
RESULTS:: 15:40:09: root                               EvaluationManager.py <_prstr>179 :  Average success = 54.20 +- 4.38
RESULTS:: 15:40:09: root                               EvaluationManager.py <_prstr>179 :  Average turns   = 6.46 +- 0.15
RESULTS:: 15:40:09: root                                   pydial.py <train_command>791 :  List of domains: Laptops11
RESULTS:: 15:40:09: root                                      pydial.py <trainBatch>409 :  *** Training Iteration env1-LAP-tau_nodrop_323232_128128128-seed6-00.6->env1-LAP-tau_nodrop_323232_128128128-seed6-00.7: iter=6, error-rate=0, num-dialogs=1000 ***
RESULTS:: 16:16:48: root                               EvaluationManager.py <_prstr>179 :  Results for domain: Laptops11 --evaluated by: objective success evaluator
RESULTS:: 16:16:48: root                               EvaluationManager.py <_prstr>179 :  # of dialogues  = 1000
RESULTS:: 16:16:48: root                               EvaluationManager.py <_prstr>179 :  Average reward  = 8.67 +- 0.52
RESULTS:: 16:16:48: root                               EvaluationManager.py <_prstr>179 :  Average success = 86.90 +- 2.09
RESULTS:: 16:16:48: root                               EvaluationManager.py <_prstr>179 :  Average turns   = 8.71 +- 0.24
RESULTS:: 16:16:48: root                                   pydial.py <setEvalConfig>470 :  *** Evaluating env1-LAP-tau_nodrop_323232_128128128-seed6-00.7: error-rate=0 num-dialogs=500 ***
RESULTS:: 16:27:49: root                               EvaluationManager.py <_prstr>179 :  Results for domain: Laptops11 --evaluated by: objective success evaluator
RESULTS:: 16:27:49: root                               EvaluationManager.py <_prstr>179 :  # of dialogues  = 500
RESULTS:: 16:27:49: root                               EvaluationManager.py <_prstr>179 :  Average reward  = 8.02 +- 0.81
RESULTS:: 16:27:49: root                               EvaluationManager.py <_prstr>179 :  Average success = 74.00 +- 3.85
RESULTS:: 16:27:49: root                               EvaluationManager.py <_prstr>179 :  Average turns   = 6.78 +- 0.19
RESULTS:: 16:27:49: root                                   pydial.py <train_command>791 :  List of domains: Laptops11
RESULTS:: 16:27:49: root                                      pydial.py <trainBatch>409 :  *** Training Iteration env1-LAP-tau_nodrop_323232_128128128-seed6-00.7->env1-LAP-tau_nodrop_323232_128128128-seed6-00.8: iter=7, error-rate=0, num-dialogs=1000 ***
RESULTS:: 16:57:33: root                               EvaluationManager.py <_prstr>179 :  Results for domain: Laptops11 --evaluated by: objective success evaluator
RESULTS:: 16:57:33: root                               EvaluationManager.py <_prstr>179 :  # of dialogues  = 1000
RESULTS:: 16:57:33: root                               EvaluationManager.py <_prstr>179 :  Average reward  = 8.81 +- 0.53
RESULTS:: 16:57:33: root                               EvaluationManager.py <_prstr>179 :  Average success = 87.60 +- 2.05
RESULTS:: 16:57:33: root                               EvaluationManager.py <_prstr>179 :  Average turns   = 8.71 +- 0.26
RESULTS:: 16:57:33: root                                   pydial.py <setEvalConfig>470 :  *** Evaluating env1-LAP-tau_nodrop_323232_128128128-seed6-00.8: error-rate=0 num-dialogs=500 ***
RESULTS:: 17:09:29: root                               EvaluationManager.py <_prstr>179 :  Results for domain: Laptops11 --evaluated by: objective success evaluator
RESULTS:: 17:09:29: root                               EvaluationManager.py <_prstr>179 :  # of dialogues  = 500
RESULTS:: 17:09:29: root                               EvaluationManager.py <_prstr>179 :  Average reward  = 8.72 +- 0.77
RESULTS:: 17:09:29: root                               EvaluationManager.py <_prstr>179 :  Average success = 79.40 +- 3.55
RESULTS:: 17:09:29: root                               EvaluationManager.py <_prstr>179 :  Average turns   = 7.16 +- 0.21
RESULTS:: 17:09:29: root                                   pydial.py <train_command>791 :  List of domains: Laptops11
RESULTS:: 17:09:29: root                                      pydial.py <trainBatch>409 :  *** Training Iteration env1-LAP-tau_nodrop_323232_128128128-seed6-00.8->env1-LAP-tau_nodrop_323232_128128128-seed6-00.9: iter=8, error-rate=0, num-dialogs=1000 ***
RESULTS:: 17:41:29: root                               EvaluationManager.py <_prstr>179 :  Results for domain: Laptops11 --evaluated by: objective success evaluator
RESULTS:: 17:41:29: root                               EvaluationManager.py <_prstr>179 :  # of dialogues  = 1000
RESULTS:: 17:41:29: root                               EvaluationManager.py <_prstr>179 :  Average reward  = 7.81 +- 0.57
RESULTS:: 17:41:29: root                               EvaluationManager.py <_prstr>179 :  Average success = 84.30 +- 2.26
RESULTS:: 17:41:29: root                               EvaluationManager.py <_prstr>179 :  Average turns   = 9.05 +- 0.27
RESULTS:: 17:41:29: root                                   pydial.py <setEvalConfig>470 :  *** Evaluating env1-LAP-tau_nodrop_323232_128128128-seed6-00.9: error-rate=0 num-dialogs=500 ***
RESULTS:: 17:56:48: root                               EvaluationManager.py <_prstr>179 :  Results for domain: Laptops11 --evaluated by: objective success evaluator
RESULTS:: 17:56:48: root                               EvaluationManager.py <_prstr>179 :  # of dialogues  = 500
RESULTS:: 17:56:48: root                               EvaluationManager.py <_prstr>179 :  Average reward  = 4.73 +- 1.15
RESULTS:: 17:56:48: root                               EvaluationManager.py <_prstr>179 :  Average success = 70.60 +- 4.00
RESULTS:: 17:56:48: root                               EvaluationManager.py <_prstr>179 :  Average turns   = 9.39 +- 0.47
RESULTS:: 17:56:48: root                                   pydial.py <train_command>791 :  List of domains: Laptops11
RESULTS:: 17:56:48: root                                      pydial.py <trainBatch>409 :  *** Training Iteration env1-LAP-tau_nodrop_323232_128128128-seed6-00.9->env1-LAP-tau_nodrop_323232_128128128-seed6-00.10: iter=9, error-rate=0, num-dialogs=1000 ***
RESULTS:: 18:25:45: root                               EvaluationManager.py <_prstr>179 :  Results for domain: Laptops11 --evaluated by: objective success evaluator
RESULTS:: 18:25:45: root                               EvaluationManager.py <_prstr>179 :  # of dialogues  = 1000
RESULTS:: 18:25:45: root                               EvaluationManager.py <_prstr>179 :  Average reward  = 9.06 +- 0.51
RESULTS:: 18:25:45: root                               EvaluationManager.py <_prstr>179 :  Average success = 89.50 +- 1.90
RESULTS:: 18:25:45: root                               EvaluationManager.py <_prstr>179 :  Average turns   = 8.84 +- 0.25
RESULTS:: 18:25:45: root                                   pydial.py <setEvalConfig>470 :  *** Evaluating env1-LAP-tau_nodrop_323232_128128128-seed6-00.10: error-rate=0 num-dialogs=500 ***
RESULTS:: 18:38:04: root                               EvaluationManager.py <_prstr>179 :  Results for domain: Laptops11 --evaluated by: objective success evaluator
RESULTS:: 18:38:04: root                               EvaluationManager.py <_prstr>179 :  # of dialogues  = 500
RESULTS:: 18:38:04: root                               EvaluationManager.py <_prstr>179 :  Average reward  = 9.95 +- 0.65
RESULTS:: 18:38:04: root                               EvaluationManager.py <_prstr>179 :  Average success = 89.20 +- 2.73
RESULTS:: 18:38:04: root                               EvaluationManager.py <_prstr>179 :  Average turns   = 7.89 +- 0.28
RESULTS:: 18:38:04: root                                   pydial.py <train_command>807 :  *** Training complete. log: env1-LAP-tau_nodrop_323232_128128128-seed6-00.1-10.train.log - final policy is env1-LAP-tau_nodrop_323232_128128128-00-10
