RESULTS:: 20:27:54: root                                   pydial.py <train_command>791 :  List of domains: Laptops11
RESULTS:: 20:27:54: root                                      pydial.py <trainBatch>409 :  *** Training Iteration env1-LAP-tau_nodrop_323232_128128128-seed5-00.0->env1-LAP-tau_nodrop_323232_128128128-seed5-00.1: iter=0, error-rate=0, num-dialogs=1000 ***
RESULTS:: 21:00:24: root                               EvaluationManager.py <_prstr>179 :  Results for domain: Laptops11 --evaluated by: objective success evaluator
RESULTS:: 21:00:24: root                               EvaluationManager.py <_prstr>179 :  # of dialogues  = 1000
RESULTS:: 21:00:24: root                               EvaluationManager.py <_prstr>179 :  Average reward  = 5.05 +- 0.65
RESULTS:: 21:00:24: root                               EvaluationManager.py <_prstr>179 :  Average success = 70.50 +- 2.83
RESULTS:: 21:00:24: root                               EvaluationManager.py <_prstr>179 :  Average turns   = 9.05 +- 0.24
RESULTS:: 21:00:24: root                                   pydial.py <setEvalConfig>470 :  *** Evaluating env1-LAP-tau_nodrop_323232_128128128-seed5-00.1: error-rate=0 num-dialogs=500 ***
RESULTS:: 21:12:09: root                               EvaluationManager.py <_prstr>179 :  Results for domain: Laptops11 --evaluated by: objective success evaluator
RESULTS:: 21:12:09: root                               EvaluationManager.py <_prstr>179 :  # of dialogues  = 500
RESULTS:: 21:12:09: root                               EvaluationManager.py <_prstr>179 :  Average reward  = 6.70 +- 0.86
RESULTS:: 21:12:09: root                               EvaluationManager.py <_prstr>179 :  Average success = 70.00 +- 4.03
RESULTS:: 21:12:09: root                               EvaluationManager.py <_prstr>179 :  Average turns   = 7.30 +- 0.20
RESULTS:: 21:12:09: root                                   pydial.py <train_command>791 :  List of domains: Laptops11
RESULTS:: 21:12:09: root                                      pydial.py <trainBatch>409 :  *** Training Iteration env1-LAP-tau_nodrop_323232_128128128-seed5-00.1->env1-LAP-tau_nodrop_323232_128128128-seed5-00.2: iter=1, error-rate=0, num-dialogs=1000 ***
RESULTS:: 21:41:09: root                               EvaluationManager.py <_prstr>179 :  Results for domain: Laptops11 --evaluated by: objective success evaluator
RESULTS:: 21:41:09: root                               EvaluationManager.py <_prstr>179 :  # of dialogues  = 1000
RESULTS:: 21:41:09: root                               EvaluationManager.py <_prstr>179 :  Average reward  = 8.54 +- 0.52
RESULTS:: 21:41:09: root                               EvaluationManager.py <_prstr>179 :  Average success = 85.10 +- 2.21
RESULTS:: 21:41:09: root                               EvaluationManager.py <_prstr>179 :  Average turns   = 8.48 +- 0.22
RESULTS:: 21:41:09: root                                   pydial.py <setEvalConfig>470 :  *** Evaluating env1-LAP-tau_nodrop_323232_128128128-seed5-00.2: error-rate=0 num-dialogs=500 ***
RESULTS:: 21:52:27: root                               EvaluationManager.py <_prstr>179 :  Results for domain: Laptops11 --evaluated by: objective success evaluator
RESULTS:: 21:52:27: root                               EvaluationManager.py <_prstr>179 :  # of dialogues  = 500
RESULTS:: 21:52:27: root                               EvaluationManager.py <_prstr>179 :  Average reward  = 8.16 +- 0.81
RESULTS:: 21:52:27: root                               EvaluationManager.py <_prstr>179 :  Average success = 75.40 +- 3.78
RESULTS:: 21:52:27: root                               EvaluationManager.py <_prstr>179 :  Average turns   = 6.92 +- 0.20
RESULTS:: 21:52:27: root                                   pydial.py <train_command>791 :  List of domains: Laptops11
RESULTS:: 21:52:27: root                                      pydial.py <trainBatch>409 :  *** Training Iteration env1-LAP-tau_nodrop_323232_128128128-seed5-00.2->env1-LAP-tau_nodrop_323232_128128128-seed5-00.3: iter=2, error-rate=0, num-dialogs=1000 ***
RESULTS:: 22:21:02: root                               EvaluationManager.py <_prstr>179 :  Results for domain: Laptops11 --evaluated by: objective success evaluator
RESULTS:: 22:21:02: root                               EvaluationManager.py <_prstr>179 :  # of dialogues  = 1000
RESULTS:: 22:21:02: root                               EvaluationManager.py <_prstr>179 :  Average reward  = 7.86 +- 0.54
RESULTS:: 22:21:02: root                               EvaluationManager.py <_prstr>179 :  Average success = 81.90 +- 2.39
RESULTS:: 22:21:02: root                               EvaluationManager.py <_prstr>179 :  Average turns   = 8.52 +- 0.22
RESULTS:: 22:21:02: root                                   pydial.py <setEvalConfig>470 :  *** Evaluating env1-LAP-tau_nodrop_323232_128128128-seed5-00.3: error-rate=0 num-dialogs=500 ***
RESULTS:: 22:31:40: root                               EvaluationManager.py <_prstr>179 :  Results for domain: Laptops11 --evaluated by: objective success evaluator
RESULTS:: 22:31:40: root                               EvaluationManager.py <_prstr>179 :  # of dialogues  = 500
RESULTS:: 22:31:40: root                               EvaluationManager.py <_prstr>179 :  Average reward  = 3.41 +- 0.90
RESULTS:: 22:31:40: root                               EvaluationManager.py <_prstr>179 :  Average success = 49.80 +- 4.39
RESULTS:: 22:31:40: root                               EvaluationManager.py <_prstr>179 :  Average turns   = 6.55 +- 0.15
RESULTS:: 22:31:40: root                                   pydial.py <train_command>791 :  List of domains: Laptops11
RESULTS:: 22:31:40: root                                      pydial.py <trainBatch>409 :  *** Training Iteration env1-LAP-tau_nodrop_323232_128128128-seed5-00.3->env1-LAP-tau_nodrop_323232_128128128-seed5-00.4: iter=3, error-rate=0, num-dialogs=1000 ***
RESULTS:: 23:00:45: root                               EvaluationManager.py <_prstr>179 :  Results for domain: Laptops11 --evaluated by: objective success evaluator
RESULTS:: 23:00:45: root                               EvaluationManager.py <_prstr>179 :  # of dialogues  = 1000
RESULTS:: 23:00:45: root                               EvaluationManager.py <_prstr>179 :  Average reward  = 8.26 +- 0.53
RESULTS:: 23:00:45: root                               EvaluationManager.py <_prstr>179 :  Average success = 84.20 +- 2.26
RESULTS:: 23:00:45: root                               EvaluationManager.py <_prstr>179 :  Average turns   = 8.58 +- 0.23
RESULTS:: 23:00:45: root                                   pydial.py <setEvalConfig>470 :  *** Evaluating env1-LAP-tau_nodrop_323232_128128128-seed5-00.4: error-rate=0 num-dialogs=500 ***
RESULTS:: 23:10:59: root                               EvaluationManager.py <_prstr>179 :  Results for domain: Laptops11 --evaluated by: objective success evaluator
RESULTS:: 23:10:59: root                               EvaluationManager.py <_prstr>179 :  # of dialogues  = 500
RESULTS:: 23:10:59: root                               EvaluationManager.py <_prstr>179 :  Average reward  = 3.26 +- 0.90
RESULTS:: 23:10:59: root                               EvaluationManager.py <_prstr>179 :  Average success = 47.80 +- 4.39
RESULTS:: 23:10:59: root                               EvaluationManager.py <_prstr>179 :  Average turns   = 6.30 +- 0.13
RESULTS:: 23:10:59: root                                   pydial.py <train_command>791 :  List of domains: Laptops11
RESULTS:: 23:10:59: root                                      pydial.py <trainBatch>409 :  *** Training Iteration env1-LAP-tau_nodrop_323232_128128128-seed5-00.4->env1-LAP-tau_nodrop_323232_128128128-seed5-00.5: iter=4, error-rate=0, num-dialogs=1000 ***
RESULTS:: 23:40:39: root                               EvaluationManager.py <_prstr>179 :  Results for domain: Laptops11 --evaluated by: objective success evaluator
RESULTS:: 23:40:39: root                               EvaluationManager.py <_prstr>179 :  # of dialogues  = 1000
RESULTS:: 23:40:39: root                               EvaluationManager.py <_prstr>179 :  Average reward  = 7.78 +- 0.58
RESULTS:: 23:40:39: root                               EvaluationManager.py <_prstr>179 :  Average success = 83.70 +- 2.29
RESULTS:: 23:40:39: root                               EvaluationManager.py <_prstr>179 :  Average turns   = 8.96 +- 0.27
RESULTS:: 23:40:39: root                                   pydial.py <setEvalConfig>470 :  *** Evaluating env1-LAP-tau_nodrop_323232_128128128-seed5-00.5: error-rate=0 num-dialogs=500 ***
RESULTS:: 23:52:07: root                               EvaluationManager.py <_prstr>179 :  Results for domain: Laptops11 --evaluated by: objective success evaluator
RESULTS:: 23:52:07: root                               EvaluationManager.py <_prstr>179 :  # of dialogues  = 500
RESULTS:: 23:52:07: root                               EvaluationManager.py <_prstr>179 :  Average reward  = 7.31 +- 0.88
RESULTS:: 23:52:07: root                               EvaluationManager.py <_prstr>179 :  Average success = 72.80 +- 3.91
RESULTS:: 23:52:07: root                               EvaluationManager.py <_prstr>179 :  Average turns   = 7.25 +- 0.25
RESULTS:: 23:52:07: root                                   pydial.py <train_command>791 :  List of domains: Laptops11
RESULTS:: 23:52:07: root                                      pydial.py <trainBatch>409 :  *** Training Iteration env1-LAP-tau_nodrop_323232_128128128-seed5-00.5->env1-LAP-tau_nodrop_323232_128128128-seed5-00.6: iter=5, error-rate=0, num-dialogs=1000 ***
RESULTS:: 00:21:22: root                               EvaluationManager.py <_prstr>179 :  Results for domain: Laptops11 --evaluated by: objective success evaluator
RESULTS:: 00:21:22: root                               EvaluationManager.py <_prstr>179 :  # of dialogues  = 1000
RESULTS:: 00:21:22: root                               EvaluationManager.py <_prstr>179 :  Average reward  = 8.44 +- 0.53
RESULTS:: 00:21:22: root                               EvaluationManager.py <_prstr>179 :  Average success = 86.80 +- 2.10
RESULTS:: 00:21:22: root                               EvaluationManager.py <_prstr>179 :  Average turns   = 8.92 +- 0.26
RESULTS:: 00:21:22: root                                   pydial.py <setEvalConfig>470 :  *** Evaluating env1-LAP-tau_nodrop_323232_128128128-seed5-00.6: error-rate=0 num-dialogs=500 ***
RESULTS:: 00:32:27: root                               EvaluationManager.py <_prstr>179 :  Results for domain: Laptops11 --evaluated by: objective success evaluator
RESULTS:: 00:32:27: root                               EvaluationManager.py <_prstr>179 :  # of dialogues  = 500
RESULTS:: 00:32:27: root                               EvaluationManager.py <_prstr>179 :  Average reward  = 6.29 +- 0.84
RESULTS:: 00:32:27: root                               EvaluationManager.py <_prstr>179 :  Average success = 66.40 +- 4.15
RESULTS:: 00:32:27: root                               EvaluationManager.py <_prstr>179 :  Average turns   = 6.99 +- 0.19
RESULTS:: 00:32:27: root                                   pydial.py <train_command>791 :  List of domains: Laptops11
RESULTS:: 00:32:27: root                                      pydial.py <trainBatch>409 :  *** Training Iteration env1-LAP-tau_nodrop_323232_128128128-seed5-00.6->env1-LAP-tau_nodrop_323232_128128128-seed5-00.7: iter=6, error-rate=0, num-dialogs=1000 ***
RESULTS:: 01:01:37: root                               EvaluationManager.py <_prstr>179 :  Results for domain: Laptops11 --evaluated by: objective success evaluator
RESULTS:: 01:01:37: root                               EvaluationManager.py <_prstr>179 :  # of dialogues  = 1000
RESULTS:: 01:01:37: root                               EvaluationManager.py <_prstr>179 :  Average reward  = 8.63 +- 0.51
RESULTS:: 01:01:37: root                               EvaluationManager.py <_prstr>179 :  Average success = 87.70 +- 2.04
RESULTS:: 01:01:37: root                               EvaluationManager.py <_prstr>179 :  Average turns   = 8.91 +- 0.25
RESULTS:: 01:01:37: root                                   pydial.py <setEvalConfig>470 :  *** Evaluating env1-LAP-tau_nodrop_323232_128128128-seed5-00.7: error-rate=0 num-dialogs=500 ***
RESULTS:: 01:14:30: root                               EvaluationManager.py <_prstr>179 :  Results for domain: Laptops11 --evaluated by: objective success evaluator
RESULTS:: 01:14:30: root                               EvaluationManager.py <_prstr>179 :  # of dialogues  = 500
RESULTS:: 01:14:30: root                               EvaluationManager.py <_prstr>179 :  Average reward  = 7.30 +- 0.88
RESULTS:: 01:14:30: root                               EvaluationManager.py <_prstr>179 :  Average success = 76.20 +- 3.74
RESULTS:: 01:14:30: root                               EvaluationManager.py <_prstr>179 :  Average turns   = 7.94 +- 0.29
RESULTS:: 01:14:30: root                                   pydial.py <train_command>791 :  List of domains: Laptops11
RESULTS:: 01:14:30: root                                      pydial.py <trainBatch>409 :  *** Training Iteration env1-LAP-tau_nodrop_323232_128128128-seed5-00.7->env1-LAP-tau_nodrop_323232_128128128-seed5-00.8: iter=7, error-rate=0, num-dialogs=1000 ***
RESULTS:: 01:44:23: root                               EvaluationManager.py <_prstr>179 :  Results for domain: Laptops11 --evaluated by: objective success evaluator
RESULTS:: 01:44:23: root                               EvaluationManager.py <_prstr>179 :  # of dialogues  = 1000
RESULTS:: 01:44:23: root                               EvaluationManager.py <_prstr>179 :  Average reward  = 8.20 +- 0.52
RESULTS:: 01:44:23: root                               EvaluationManager.py <_prstr>179 :  Average success = 85.30 +- 2.20
RESULTS:: 01:44:23: root                               EvaluationManager.py <_prstr>179 :  Average turns   = 8.86 +- 0.24
RESULTS:: 01:44:23: root                                   pydial.py <setEvalConfig>470 :  *** Evaluating env1-LAP-tau_nodrop_323232_128128128-seed5-00.8: error-rate=0 num-dialogs=500 ***
RESULTS:: 01:55:49: root                               EvaluationManager.py <_prstr>179 :  Results for domain: Laptops11 --evaluated by: objective success evaluator
RESULTS:: 01:55:49: root                               EvaluationManager.py <_prstr>179 :  # of dialogues  = 500
RESULTS:: 01:55:49: root                               EvaluationManager.py <_prstr>179 :  Average reward  = 7.94 +- 0.82
RESULTS:: 01:55:49: root                               EvaluationManager.py <_prstr>179 :  Average success = 75.40 +- 3.78
RESULTS:: 01:55:49: root                               EvaluationManager.py <_prstr>179 :  Average turns   = 7.14 +- 0.21
RESULTS:: 01:55:49: root                                   pydial.py <train_command>791 :  List of domains: Laptops11
RESULTS:: 01:55:49: root                                      pydial.py <trainBatch>409 :  *** Training Iteration env1-LAP-tau_nodrop_323232_128128128-seed5-00.8->env1-LAP-tau_nodrop_323232_128128128-seed5-00.9: iter=8, error-rate=0, num-dialogs=1000 ***
RESULTS:: 02:25:27: root                               EvaluationManager.py <_prstr>179 :  Results for domain: Laptops11 --evaluated by: objective success evaluator
RESULTS:: 02:25:27: root                               EvaluationManager.py <_prstr>179 :  # of dialogues  = 1000
RESULTS:: 02:25:27: root                               EvaluationManager.py <_prstr>179 :  Average reward  = 8.37 +- 0.52
RESULTS:: 02:25:27: root                               EvaluationManager.py <_prstr>179 :  Average success = 86.50 +- 2.12
RESULTS:: 02:25:27: root                               EvaluationManager.py <_prstr>179 :  Average turns   = 8.93 +- 0.24
RESULTS:: 02:25:27: root                                   pydial.py <setEvalConfig>470 :  *** Evaluating env1-LAP-tau_nodrop_323232_128128128-seed5-00.9: error-rate=0 num-dialogs=500 ***
RESULTS:: 02:36:02: root                               EvaluationManager.py <_prstr>179 :  Results for domain: Laptops11 --evaluated by: objective success evaluator
RESULTS:: 02:36:02: root                               EvaluationManager.py <_prstr>179 :  # of dialogues  = 500
RESULTS:: 02:36:02: root                               EvaluationManager.py <_prstr>179 :  Average reward  = 6.65 +- 0.88
RESULTS:: 02:36:02: root                               EvaluationManager.py <_prstr>179 :  Average success = 66.60 +- 4.14
RESULTS:: 02:36:02: root                               EvaluationManager.py <_prstr>179 :  Average turns   = 6.67 +- 0.18
RESULTS:: 02:36:02: root                                   pydial.py <train_command>791 :  List of domains: Laptops11
RESULTS:: 02:36:02: root                                      pydial.py <trainBatch>409 :  *** Training Iteration env1-LAP-tau_nodrop_323232_128128128-seed5-00.9->env1-LAP-tau_nodrop_323232_128128128-seed5-00.10: iter=9, error-rate=0, num-dialogs=1000 ***
RESULTS:: 03:05:30: root                               EvaluationManager.py <_prstr>179 :  Results for domain: Laptops11 --evaluated by: objective success evaluator
RESULTS:: 03:05:30: root                               EvaluationManager.py <_prstr>179 :  # of dialogues  = 1000
RESULTS:: 03:05:30: root                               EvaluationManager.py <_prstr>179 :  Average reward  = 8.25 +- 0.56
RESULTS:: 03:05:30: root                               EvaluationManager.py <_prstr>179 :  Average success = 85.80 +- 2.17
RESULTS:: 03:05:30: root                               EvaluationManager.py <_prstr>179 :  Average turns   = 8.91 +- 0.27
RESULTS:: 03:05:30: root                                   pydial.py <setEvalConfig>470 :  *** Evaluating env1-LAP-tau_nodrop_323232_128128128-seed5-00.10: error-rate=0 num-dialogs=500 ***
RESULTS:: 03:16:21: root                               EvaluationManager.py <_prstr>179 :  Results for domain: Laptops11 --evaluated by: objective success evaluator
RESULTS:: 03:16:21: root                               EvaluationManager.py <_prstr>179 :  # of dialogues  = 500
RESULTS:: 03:16:21: root                               EvaluationManager.py <_prstr>179 :  Average reward  = 6.31 +- 0.87
RESULTS:: 03:16:21: root                               EvaluationManager.py <_prstr>179 :  Average success = 65.60 +- 4.17
RESULTS:: 03:16:21: root                               EvaluationManager.py <_prstr>179 :  Average turns   = 6.81 +- 0.18
RESULTS:: 03:16:21: root                                   pydial.py <train_command>807 :  *** Training complete. log: env1-LAP-tau_nodrop_323232_128128128-seed5-00.1-10.train.log - final policy is env1-LAP-tau_nodrop_323232_128128128-00-10
