RESULTS:: 11:33:43: root                                   pydial.py <train_command>791 :  List of domains: Laptops11
RESULTS:: 11:33:43: root                                      pydial.py <trainBatch>409 :  *** Training Iteration env1-LAP-tau_nodrop_323232_128128128-seed9-00.0->env1-LAP-tau_nodrop_323232_128128128-seed9-00.1: iter=0, error-rate=0, num-dialogs=1000 ***
RESULTS:: 12:03:53: root                               EvaluationManager.py <_prstr>179 :  Results for domain: Laptops11 --evaluated by: objective success evaluator
RESULTS:: 12:03:53: root                               EvaluationManager.py <_prstr>179 :  # of dialogues  = 1000
RESULTS:: 12:03:53: root                               EvaluationManager.py <_prstr>179 :  Average reward  = 5.54 +- 0.66
RESULTS:: 12:03:53: root                               EvaluationManager.py <_prstr>179 :  Average success = 72.40 +- 2.77
RESULTS:: 12:03:53: root                               EvaluationManager.py <_prstr>179 :  Average turns   = 8.95 +- 0.26
RESULTS:: 12:03:53: root                                   pydial.py <setEvalConfig>470 :  *** Evaluating env1-LAP-tau_nodrop_323232_128128128-seed9-00.1: error-rate=0 num-dialogs=500 ***
RESULTS:: 12:14:35: root                               EvaluationManager.py <_prstr>179 :  Results for domain: Laptops11 --evaluated by: objective success evaluator
RESULTS:: 12:14:35: root                               EvaluationManager.py <_prstr>179 :  # of dialogues  = 500
RESULTS:: 12:14:35: root                               EvaluationManager.py <_prstr>179 :  Average reward  = 7.31 +- 0.84
RESULTS:: 12:14:35: root                               EvaluationManager.py <_prstr>179 :  Average success = 70.60 +- 4.00
RESULTS:: 12:14:35: root                               EvaluationManager.py <_prstr>179 :  Average turns   = 6.81 +- 0.19
RESULTS:: 12:14:35: root                                   pydial.py <train_command>791 :  List of domains: Laptops11
RESULTS:: 12:14:35: root                                      pydial.py <trainBatch>409 :  *** Training Iteration env1-LAP-tau_nodrop_323232_128128128-seed9-00.1->env1-LAP-tau_nodrop_323232_128128128-seed9-00.2: iter=1, error-rate=0, num-dialogs=1000 ***
RESULTS:: 12:46:10: root                               EvaluationManager.py <_prstr>179 :  Results for domain: Laptops11 --evaluated by: objective success evaluator
RESULTS:: 12:46:10: root                               EvaluationManager.py <_prstr>179 :  # of dialogues  = 1000
RESULTS:: 12:46:10: root                               EvaluationManager.py <_prstr>179 :  Average reward  = 8.69 +- 0.51
RESULTS:: 12:46:10: root                               EvaluationManager.py <_prstr>179 :  Average success = 86.80 +- 2.10
RESULTS:: 12:46:10: root                               EvaluationManager.py <_prstr>179 :  Average turns   = 8.68 +- 0.24
RESULTS:: 12:46:10: root                                   pydial.py <setEvalConfig>470 :  *** Evaluating env1-LAP-tau_nodrop_323232_128128128-seed9-00.2: error-rate=0 num-dialogs=500 ***
RESULTS:: 12:57:25: root                               EvaluationManager.py <_prstr>179 :  Results for domain: Laptops11 --evaluated by: objective success evaluator
RESULTS:: 12:57:25: root                               EvaluationManager.py <_prstr>179 :  # of dialogues  = 500
RESULTS:: 12:57:25: root                               EvaluationManager.py <_prstr>179 :  Average reward  = 5.04 +- 0.90
RESULTS:: 12:57:25: root                               EvaluationManager.py <_prstr>179 :  Average success = 60.60 +- 4.29
RESULTS:: 12:57:25: root                               EvaluationManager.py <_prstr>179 :  Average turns   = 7.08 +- 0.17
RESULTS:: 12:57:25: root                                   pydial.py <train_command>791 :  List of domains: Laptops11
RESULTS:: 12:57:25: root                                      pydial.py <trainBatch>409 :  *** Training Iteration env1-LAP-tau_nodrop_323232_128128128-seed9-00.2->env1-LAP-tau_nodrop_323232_128128128-seed9-00.3: iter=2, error-rate=0, num-dialogs=1000 ***
RESULTS:: 13:27:45: root                               EvaluationManager.py <_prstr>179 :  Results for domain: Laptops11 --evaluated by: objective success evaluator
RESULTS:: 13:27:45: root                               EvaluationManager.py <_prstr>179 :  # of dialogues  = 1000
RESULTS:: 13:27:45: root                               EvaluationManager.py <_prstr>179 :  Average reward  = 8.71 +- 0.50
RESULTS:: 13:27:45: root                               EvaluationManager.py <_prstr>179 :  Average success = 86.40 +- 2.13
RESULTS:: 13:27:45: root                               EvaluationManager.py <_prstr>179 :  Average turns   = 8.57 +- 0.23
RESULTS:: 13:27:45: root                                   pydial.py <setEvalConfig>470 :  *** Evaluating env1-LAP-tau_nodrop_323232_128128128-seed9-00.3: error-rate=0 num-dialogs=500 ***
RESULTS:: 13:39:35: root                               EvaluationManager.py <_prstr>179 :  Results for domain: Laptops11 --evaluated by: objective success evaluator
RESULTS:: 13:39:35: root                               EvaluationManager.py <_prstr>179 :  # of dialogues  = 500
RESULTS:: 13:39:35: root                               EvaluationManager.py <_prstr>179 :  Average reward  = 8.35 +- 0.80
RESULTS:: 13:39:35: root                               EvaluationManager.py <_prstr>179 :  Average success = 76.40 +- 3.73
RESULTS:: 13:39:35: root                               EvaluationManager.py <_prstr>179 :  Average turns   = 6.93 +- 0.18
RESULTS:: 13:39:35: root                                   pydial.py <train_command>791 :  List of domains: Laptops11
RESULTS:: 13:39:35: root                                      pydial.py <trainBatch>409 :  *** Training Iteration env1-LAP-tau_nodrop_323232_128128128-seed9-00.3->env1-LAP-tau_nodrop_323232_128128128-seed9-00.4: iter=3, error-rate=0, num-dialogs=1000 ***
RESULTS:: 14:08:54: root                               EvaluationManager.py <_prstr>179 :  Results for domain: Laptops11 --evaluated by: objective success evaluator
RESULTS:: 14:08:54: root                               EvaluationManager.py <_prstr>179 :  # of dialogues  = 1000
RESULTS:: 14:08:54: root                               EvaluationManager.py <_prstr>179 :  Average reward  = 8.45 +- 0.52
RESULTS:: 14:08:54: root                               EvaluationManager.py <_prstr>179 :  Average success = 85.00 +- 2.22
RESULTS:: 14:08:54: root                               EvaluationManager.py <_prstr>179 :  Average turns   = 8.55 +- 0.22
RESULTS:: 14:08:54: root                                   pydial.py <setEvalConfig>470 :  *** Evaluating env1-LAP-tau_nodrop_323232_128128128-seed9-00.4: error-rate=0 num-dialogs=500 ***
RESULTS:: 14:21:48: root                               EvaluationManager.py <_prstr>179 :  Results for domain: Laptops11 --evaluated by: objective success evaluator
RESULTS:: 14:21:48: root                               EvaluationManager.py <_prstr>179 :  # of dialogues  = 500
RESULTS:: 14:21:48: root                               EvaluationManager.py <_prstr>179 :  Average reward  = 9.00 +- 0.75
RESULTS:: 14:21:48: root                               EvaluationManager.py <_prstr>179 :  Average success = 80.60 +- 3.47
RESULTS:: 14:21:48: root                               EvaluationManager.py <_prstr>179 :  Average turns   = 7.12 +- 0.19
RESULTS:: 14:21:48: root                                   pydial.py <train_command>791 :  List of domains: Laptops11
RESULTS:: 14:21:48: root                                      pydial.py <trainBatch>409 :  *** Training Iteration env1-LAP-tau_nodrop_323232_128128128-seed9-00.4->env1-LAP-tau_nodrop_323232_128128128-seed9-00.5: iter=4, error-rate=0, num-dialogs=1000 ***
RESULTS:: 14:51:43: root                               EvaluationManager.py <_prstr>179 :  Results for domain: Laptops11 --evaluated by: objective success evaluator
RESULTS:: 14:51:43: root                               EvaluationManager.py <_prstr>179 :  # of dialogues  = 1000
RESULTS:: 14:51:43: root                               EvaluationManager.py <_prstr>179 :  Average reward  = 8.58 +- 0.52
RESULTS:: 14:51:43: root                               EvaluationManager.py <_prstr>179 :  Average success = 86.00 +- 2.15
RESULTS:: 14:51:43: root                               EvaluationManager.py <_prstr>179 :  Average turns   = 8.62 +- 0.24
RESULTS:: 14:51:43: root                                   pydial.py <setEvalConfig>470 :  *** Evaluating env1-LAP-tau_nodrop_323232_128128128-seed9-00.5: error-rate=0 num-dialogs=500 ***
RESULTS:: 15:03:30: root                               EvaluationManager.py <_prstr>179 :  Results for domain: Laptops11 --evaluated by: objective success evaluator
RESULTS:: 15:03:30: root                               EvaluationManager.py <_prstr>179 :  # of dialogues  = 500
RESULTS:: 15:03:30: root                               EvaluationManager.py <_prstr>179 :  Average reward  = 9.66 +- 0.71
RESULTS:: 15:03:30: root                               EvaluationManager.py <_prstr>179 :  Average success = 84.00 +- 3.22
RESULTS:: 15:03:30: root                               EvaluationManager.py <_prstr>179 :  Average turns   = 7.14 +- 0.22
RESULTS:: 15:03:30: root                                   pydial.py <train_command>791 :  List of domains: Laptops11
RESULTS:: 15:03:30: root                                      pydial.py <trainBatch>409 :  *** Training Iteration env1-LAP-tau_nodrop_323232_128128128-seed9-00.5->env1-LAP-tau_nodrop_323232_128128128-seed9-00.6: iter=5, error-rate=0, num-dialogs=1000 ***
RESULTS:: 15:39:26: root                               EvaluationManager.py <_prstr>179 :  Results for domain: Laptops11 --evaluated by: objective success evaluator
RESULTS:: 15:39:26: root                               EvaluationManager.py <_prstr>179 :  # of dialogues  = 1000
RESULTS:: 15:39:26: root                               EvaluationManager.py <_prstr>179 :  Average reward  = 9.27 +- 0.46
RESULTS:: 15:39:26: root                               EvaluationManager.py <_prstr>179 :  Average success = 90.90 +- 1.78
RESULTS:: 15:39:26: root                               EvaluationManager.py <_prstr>179 :  Average turns   = 8.91 +- 0.24
RESULTS:: 15:39:26: root                                   pydial.py <setEvalConfig>470 :  *** Evaluating env1-LAP-tau_nodrop_323232_128128128-seed9-00.6: error-rate=0 num-dialogs=500 ***
RESULTS:: 15:52:15: root                               EvaluationManager.py <_prstr>179 :  Results for domain: Laptops11 --evaluated by: objective success evaluator
RESULTS:: 15:52:15: root                               EvaluationManager.py <_prstr>179 :  # of dialogues  = 500
RESULTS:: 15:52:15: root                               EvaluationManager.py <_prstr>179 :  Average reward  = 8.40 +- 0.80
RESULTS:: 15:52:15: root                               EvaluationManager.py <_prstr>179 :  Average success = 77.00 +- 3.70
RESULTS:: 15:52:15: root                               EvaluationManager.py <_prstr>179 :  Average turns   = 7.00 +- 0.19
RESULTS:: 15:52:15: root                                   pydial.py <train_command>791 :  List of domains: Laptops11
RESULTS:: 15:52:15: root                                      pydial.py <trainBatch>409 :  *** Training Iteration env1-LAP-tau_nodrop_323232_128128128-seed9-00.6->env1-LAP-tau_nodrop_323232_128128128-seed9-00.7: iter=6, error-rate=0, num-dialogs=1000 ***
RESULTS:: 16:29:03: root                               EvaluationManager.py <_prstr>179 :  Results for domain: Laptops11 --evaluated by: objective success evaluator
RESULTS:: 16:29:03: root                               EvaluationManager.py <_prstr>179 :  # of dialogues  = 1000
RESULTS:: 16:29:03: root                               EvaluationManager.py <_prstr>179 :  Average reward  = 7.84 +- 0.57
RESULTS:: 16:29:03: root                               EvaluationManager.py <_prstr>179 :  Average success = 84.80 +- 2.23
RESULTS:: 16:29:03: root                               EvaluationManager.py <_prstr>179 :  Average turns   = 9.12 +- 0.26
RESULTS:: 16:29:03: root                                   pydial.py <setEvalConfig>470 :  *** Evaluating env1-LAP-tau_nodrop_323232_128128128-seed9-00.7: error-rate=0 num-dialogs=500 ***
RESULTS:: 16:40:35: root                               EvaluationManager.py <_prstr>179 :  Results for domain: Laptops11 --evaluated by: objective success evaluator
RESULTS:: 16:40:35: root                               EvaluationManager.py <_prstr>179 :  # of dialogues  = 500
RESULTS:: 16:40:35: root                               EvaluationManager.py <_prstr>179 :  Average reward  = 8.65 +- 0.79
RESULTS:: 16:40:35: root                               EvaluationManager.py <_prstr>179 :  Average success = 78.40 +- 3.62
RESULTS:: 16:40:35: root                               EvaluationManager.py <_prstr>179 :  Average turns   = 7.03 +- 0.20
RESULTS:: 16:40:35: root                                   pydial.py <train_command>791 :  List of domains: Laptops11
RESULTS:: 16:40:35: root                                      pydial.py <trainBatch>409 :  *** Training Iteration env1-LAP-tau_nodrop_323232_128128128-seed9-00.7->env1-LAP-tau_nodrop_323232_128128128-seed9-00.8: iter=7, error-rate=0, num-dialogs=1000 ***
RESULTS:: 17:12:15: root                               EvaluationManager.py <_prstr>179 :  Results for domain: Laptops11 --evaluated by: objective success evaluator
RESULTS:: 17:12:15: root                               EvaluationManager.py <_prstr>179 :  # of dialogues  = 1000
RESULTS:: 17:12:15: root                               EvaluationManager.py <_prstr>179 :  Average reward  = 8.34 +- 0.52
RESULTS:: 17:12:15: root                               EvaluationManager.py <_prstr>179 :  Average success = 86.90 +- 2.09
RESULTS:: 17:12:15: root                               EvaluationManager.py <_prstr>179 :  Average turns   = 9.04 +- 0.26
RESULTS:: 17:12:15: root                                   pydial.py <setEvalConfig>470 :  *** Evaluating env1-LAP-tau_nodrop_323232_128128128-seed9-00.8: error-rate=0 num-dialogs=500 ***
RESULTS:: 17:24:12: root                               EvaluationManager.py <_prstr>179 :  Results for domain: Laptops11 --evaluated by: objective success evaluator
RESULTS:: 17:24:12: root                               EvaluationManager.py <_prstr>179 :  # of dialogues  = 500
RESULTS:: 17:24:12: root                               EvaluationManager.py <_prstr>179 :  Average reward  = 3.96 +- 0.92
RESULTS:: 17:24:12: root                               EvaluationManager.py <_prstr>179 :  Average success = 54.60 +- 4.37
RESULTS:: 17:24:12: root                               EvaluationManager.py <_prstr>179 :  Average turns   = 6.96 +- 0.18
RESULTS:: 17:24:12: root                                   pydial.py <train_command>791 :  List of domains: Laptops11
RESULTS:: 17:24:12: root                                      pydial.py <trainBatch>409 :  *** Training Iteration env1-LAP-tau_nodrop_323232_128128128-seed9-00.8->env1-LAP-tau_nodrop_323232_128128128-seed9-00.9: iter=8, error-rate=0, num-dialogs=1000 ***
RESULTS:: 17:55:34: root                               EvaluationManager.py <_prstr>179 :  Results for domain: Laptops11 --evaluated by: objective success evaluator
RESULTS:: 17:55:34: root                               EvaluationManager.py <_prstr>179 :  # of dialogues  = 1000
RESULTS:: 17:55:34: root                               EvaluationManager.py <_prstr>179 :  Average reward  = 8.50 +- 0.52
RESULTS:: 17:55:34: root                               EvaluationManager.py <_prstr>179 :  Average success = 87.90 +- 2.02
RESULTS:: 17:55:34: root                               EvaluationManager.py <_prstr>179 :  Average turns   = 9.08 +- 0.26
RESULTS:: 17:55:34: root                                   pydial.py <setEvalConfig>470 :  *** Evaluating env1-LAP-tau_nodrop_323232_128128128-seed9-00.9: error-rate=0 num-dialogs=500 ***
RESULTS:: 18:07:15: root                               EvaluationManager.py <_prstr>179 :  Results for domain: Laptops11 --evaluated by: objective success evaluator
RESULTS:: 18:07:15: root                               EvaluationManager.py <_prstr>179 :  # of dialogues  = 500
RESULTS:: 18:07:15: root                               EvaluationManager.py <_prstr>179 :  Average reward  = 8.55 +- 0.79
RESULTS:: 18:07:15: root                               EvaluationManager.py <_prstr>179 :  Average success = 78.80 +- 3.59
RESULTS:: 18:07:15: root                               EvaluationManager.py <_prstr>179 :  Average turns   = 7.21 +- 0.22
RESULTS:: 18:07:15: root                                   pydial.py <train_command>791 :  List of domains: Laptops11
RESULTS:: 18:07:15: root                                      pydial.py <trainBatch>409 :  *** Training Iteration env1-LAP-tau_nodrop_323232_128128128-seed9-00.9->env1-LAP-tau_nodrop_323232_128128128-seed9-00.10: iter=9, error-rate=0, num-dialogs=1000 ***
RESULTS:: 18:37:30: root                               EvaluationManager.py <_prstr>179 :  Results for domain: Laptops11 --evaluated by: objective success evaluator
RESULTS:: 18:37:30: root                               EvaluationManager.py <_prstr>179 :  # of dialogues  = 1000
RESULTS:: 18:37:30: root                               EvaluationManager.py <_prstr>179 :  Average reward  = 8.03 +- 0.58
RESULTS:: 18:37:30: root                               EvaluationManager.py <_prstr>179 :  Average success = 84.80 +- 2.23
RESULTS:: 18:37:30: root                               EvaluationManager.py <_prstr>179 :  Average turns   = 8.93 +- 0.28
RESULTS:: 18:37:30: root                                   pydial.py <setEvalConfig>470 :  *** Evaluating env1-LAP-tau_nodrop_323232_128128128-seed9-00.10: error-rate=0 num-dialogs=500 ***
RESULTS:: 18:48:47: root                               EvaluationManager.py <_prstr>179 :  Results for domain: Laptops11 --evaluated by: objective success evaluator
RESULTS:: 18:48:47: root                               EvaluationManager.py <_prstr>179 :  # of dialogues  = 500
RESULTS:: 18:48:47: root                               EvaluationManager.py <_prstr>179 :  Average reward  = 7.99 +- 0.81
RESULTS:: 18:48:47: root                               EvaluationManager.py <_prstr>179 :  Average success = 75.40 +- 3.78
RESULTS:: 18:48:47: root                               EvaluationManager.py <_prstr>179 :  Average turns   = 7.09 +- 0.20
RESULTS:: 18:48:47: root                                   pydial.py <train_command>807 :  *** Training complete. log: env1-LAP-tau_nodrop_323232_128128128-seed9-00.1-10.train.log - final policy is env1-LAP-tau_nodrop_323232_128128128-00-10
