RESULTS:: 02:18:52: root                                   pydial.py <train_command>791 :  List of domains: Laptops11
RESULTS:: 02:18:52: root                                      pydial.py <trainBatch>409 :  *** Training Iteration env3-LAP-tau_nodrop_sort_noinco_4020_250100-seed9-15.0->env3-LAP-tau_nodrop_sort_noinco_4020_250100-seed9-15.1: iter=0, error-rate=15, num-dialogs=1000 ***
RESULTS:: 02:41:29: root                               EvaluationManager.py <_prstr>179 :  Results for domain: Laptops11 --evaluated by: objective success evaluator
RESULTS:: 02:41:29: root                               EvaluationManager.py <_prstr>179 :  # of dialogues  = 1000
RESULTS:: 02:41:29: root                               EvaluationManager.py <_prstr>179 :  Average reward  = 2.62 +- 0.74
RESULTS:: 02:41:29: root                               EvaluationManager.py <_prstr>179 :  Average success = 64.60 +- 2.97
RESULTS:: 02:41:29: root                               EvaluationManager.py <_prstr>179 :  Average turns   = 10.30 +- 0.32
RESULTS:: 02:41:29: root                                   pydial.py <setEvalConfig>470 :  *** Evaluating env3-LAP-tau_nodrop_sort_noinco_4020_250100-seed9-15.1: error-rate=15 num-dialogs=500 ***
RESULTS:: 02:52:18: root                               EvaluationManager.py <_prstr>179 :  Results for domain: Laptops11 --evaluated by: objective success evaluator
RESULTS:: 02:52:18: root                               EvaluationManager.py <_prstr>179 :  # of dialogues  = 500
RESULTS:: 02:52:18: root                               EvaluationManager.py <_prstr>179 :  Average reward  = 6.23 +- 0.93
RESULTS:: 02:52:18: root                               EvaluationManager.py <_prstr>179 :  Average success = 75.00 +- 3.80
RESULTS:: 02:52:18: root                               EvaluationManager.py <_prstr>179 :  Average turns   = 8.77 +- 0.37
RESULTS:: 02:52:18: root                                   pydial.py <train_command>791 :  List of domains: Laptops11
RESULTS:: 02:52:18: root                                      pydial.py <trainBatch>409 :  *** Training Iteration env3-LAP-tau_nodrop_sort_noinco_4020_250100-seed9-15.1->env3-LAP-tau_nodrop_sort_noinco_4020_250100-seed9-15.2: iter=1, error-rate=15, num-dialogs=1000 ***
RESULTS:: 03:19:28: root                               EvaluationManager.py <_prstr>179 :  Results for domain: Laptops11 --evaluated by: objective success evaluator
RESULTS:: 03:19:28: root                               EvaluationManager.py <_prstr>179 :  # of dialogues  = 1000
RESULTS:: 03:19:28: root                               EvaluationManager.py <_prstr>179 :  Average reward  = 5.99 +- 0.66
RESULTS:: 03:19:28: root                               EvaluationManager.py <_prstr>179 :  Average success = 83.10 +- 2.33
RESULTS:: 03:19:28: root                               EvaluationManager.py <_prstr>179 :  Average turns   = 10.63 +- 0.34
RESULTS:: 03:19:28: root                                   pydial.py <setEvalConfig>470 :  *** Evaluating env3-LAP-tau_nodrop_sort_noinco_4020_250100-seed9-15.2: error-rate=15 num-dialogs=500 ***
RESULTS:: 03:29:57: root                               EvaluationManager.py <_prstr>179 :  Results for domain: Laptops11 --evaluated by: objective success evaluator
RESULTS:: 03:29:57: root                               EvaluationManager.py <_prstr>179 :  # of dialogues  = 500
RESULTS:: 03:29:57: root                               EvaluationManager.py <_prstr>179 :  Average reward  = 4.41 +- 0.97
RESULTS:: 03:29:57: root                               EvaluationManager.py <_prstr>179 :  Average success = 65.20 +- 4.19
RESULTS:: 03:29:57: root                               EvaluationManager.py <_prstr>179 :  Average turns   = 8.63 +- 0.27
RESULTS:: 03:29:57: root                                   pydial.py <train_command>791 :  List of domains: Laptops11
RESULTS:: 03:29:57: root                                      pydial.py <trainBatch>409 :  *** Training Iteration env3-LAP-tau_nodrop_sort_noinco_4020_250100-seed9-15.2->env3-LAP-tau_nodrop_sort_noinco_4020_250100-seed9-15.3: iter=2, error-rate=15, num-dialogs=1000 ***
RESULTS:: 03:56:42: root                               EvaluationManager.py <_prstr>179 :  Results for domain: Laptops11 --evaluated by: objective success evaluator
RESULTS:: 03:56:42: root                               EvaluationManager.py <_prstr>179 :  # of dialogues  = 1000
RESULTS:: 03:56:42: root                               EvaluationManager.py <_prstr>179 :  Average reward  = 6.10 +- 0.65
RESULTS:: 03:56:42: root                               EvaluationManager.py <_prstr>179 :  Average success = 83.50 +- 2.30
RESULTS:: 03:56:42: root                               EvaluationManager.py <_prstr>179 :  Average turns   = 10.60 +- 0.33
RESULTS:: 03:56:42: root                                   pydial.py <setEvalConfig>470 :  *** Evaluating env3-LAP-tau_nodrop_sort_noinco_4020_250100-seed9-15.3: error-rate=15 num-dialogs=500 ***
RESULTS:: 04:07:15: root                               EvaluationManager.py <_prstr>179 :  Results for domain: Laptops11 --evaluated by: objective success evaluator
RESULTS:: 04:07:15: root                               EvaluationManager.py <_prstr>179 :  # of dialogues  = 500
RESULTS:: 04:07:15: root                               EvaluationManager.py <_prstr>179 :  Average reward  = 8.13 +- 0.81
RESULTS:: 04:07:15: root                               EvaluationManager.py <_prstr>179 :  Average success = 83.80 +- 3.24
RESULTS:: 04:07:15: root                               EvaluationManager.py <_prstr>179 :  Average turns   = 8.63 +- 0.34
RESULTS:: 04:07:15: root                                   pydial.py <train_command>791 :  List of domains: Laptops11
RESULTS:: 04:07:15: root                                      pydial.py <trainBatch>409 :  *** Training Iteration env3-LAP-tau_nodrop_sort_noinco_4020_250100-seed9-15.3->env3-LAP-tau_nodrop_sort_noinco_4020_250100-seed9-15.4: iter=3, error-rate=15, num-dialogs=1000 ***
RESULTS:: 04:33:32: root                               EvaluationManager.py <_prstr>179 :  Results for domain: Laptops11 --evaluated by: objective success evaluator
RESULTS:: 04:33:32: root                               EvaluationManager.py <_prstr>179 :  # of dialogues  = 1000
RESULTS:: 04:33:32: root                               EvaluationManager.py <_prstr>179 :  Average reward  = 6.14 +- 0.63
RESULTS:: 04:33:32: root                               EvaluationManager.py <_prstr>179 :  Average success = 82.00 +- 2.38
RESULTS:: 04:33:32: root                               EvaluationManager.py <_prstr>179 :  Average turns   = 10.26 +- 0.32
RESULTS:: 04:33:32: root                                   pydial.py <setEvalConfig>470 :  *** Evaluating env3-LAP-tau_nodrop_sort_noinco_4020_250100-seed9-15.4: error-rate=15 num-dialogs=500 ***
RESULTS:: 04:44:09: root                               EvaluationManager.py <_prstr>179 :  Results for domain: Laptops11 --evaluated by: objective success evaluator
RESULTS:: 04:44:09: root                               EvaluationManager.py <_prstr>179 :  # of dialogues  = 500
RESULTS:: 04:44:09: root                               EvaluationManager.py <_prstr>179 :  Average reward  = 8.40 +- 0.81
RESULTS:: 04:44:09: root                               EvaluationManager.py <_prstr>179 :  Average success = 85.40 +- 3.10
RESULTS:: 04:44:09: root                               EvaluationManager.py <_prstr>179 :  Average turns   = 8.68 +- 0.35
RESULTS:: 04:44:09: root                                   pydial.py <train_command>791 :  List of domains: Laptops11
RESULTS:: 04:44:09: root                                      pydial.py <trainBatch>409 :  *** Training Iteration env3-LAP-tau_nodrop_sort_noinco_4020_250100-seed9-15.4->env3-LAP-tau_nodrop_sort_noinco_4020_250100-seed9-15.5: iter=4, error-rate=15, num-dialogs=1000 ***
RESULTS:: 05:11:34: root                               EvaluationManager.py <_prstr>179 :  Results for domain: Laptops11 --evaluated by: objective success evaluator
RESULTS:: 05:11:34: root                               EvaluationManager.py <_prstr>179 :  # of dialogues  = 1000
RESULTS:: 05:11:34: root                               EvaluationManager.py <_prstr>179 :  Average reward  = 5.67 +- 0.67
RESULTS:: 05:11:34: root                               EvaluationManager.py <_prstr>179 :  Average success = 81.80 +- 2.39
RESULTS:: 05:11:34: root                               EvaluationManager.py <_prstr>179 :  Average turns   = 10.70 +- 0.33
RESULTS:: 05:11:34: root                                   pydial.py <setEvalConfig>470 :  *** Evaluating env3-LAP-tau_nodrop_sort_noinco_4020_250100-seed9-15.5: error-rate=15 num-dialogs=500 ***
RESULTS:: 05:22:39: root                               EvaluationManager.py <_prstr>179 :  Results for domain: Laptops11 --evaluated by: objective success evaluator
RESULTS:: 05:22:39: root                               EvaluationManager.py <_prstr>179 :  # of dialogues  = 500
RESULTS:: 05:22:39: root                               EvaluationManager.py <_prstr>179 :  Average reward  = 4.01 +- 0.95
RESULTS:: 05:22:39: root                               EvaluationManager.py <_prstr>179 :  Average success = 66.60 +- 4.14
RESULTS:: 05:22:39: root                               EvaluationManager.py <_prstr>179 :  Average turns   = 9.31 +- 0.34
RESULTS:: 05:22:39: root                                   pydial.py <train_command>791 :  List of domains: Laptops11
RESULTS:: 05:22:39: root                                      pydial.py <trainBatch>409 :  *** Training Iteration env3-LAP-tau_nodrop_sort_noinco_4020_250100-seed9-15.5->env3-LAP-tau_nodrop_sort_noinco_4020_250100-seed9-15.6: iter=5, error-rate=15, num-dialogs=1000 ***
RESULTS:: 05:49:31: root                               EvaluationManager.py <_prstr>179 :  Results for domain: Laptops11 --evaluated by: objective success evaluator
RESULTS:: 05:49:31: root                               EvaluationManager.py <_prstr>179 :  # of dialogues  = 1000
RESULTS:: 05:49:31: root                               EvaluationManager.py <_prstr>179 :  Average reward  = 6.48 +- 0.61
RESULTS:: 05:49:31: root                               EvaluationManager.py <_prstr>179 :  Average success = 84.40 +- 2.25
RESULTS:: 05:49:31: root                               EvaluationManager.py <_prstr>179 :  Average turns   = 10.40 +- 0.32
RESULTS:: 05:49:31: root                                   pydial.py <setEvalConfig>470 :  *** Evaluating env3-LAP-tau_nodrop_sort_noinco_4020_250100-seed9-15.6: error-rate=15 num-dialogs=500 ***
RESULTS:: 06:00:00: root                               EvaluationManager.py <_prstr>179 :  Results for domain: Laptops11 --evaluated by: objective success evaluator
RESULTS:: 06:00:00: root                               EvaluationManager.py <_prstr>179 :  # of dialogues  = 500
RESULTS:: 06:00:00: root                               EvaluationManager.py <_prstr>179 :  Average reward  = 6.43 +- 0.87
RESULTS:: 06:00:00: root                               EvaluationManager.py <_prstr>179 :  Average success = 75.40 +- 3.78
RESULTS:: 06:00:00: root                               EvaluationManager.py <_prstr>179 :  Average turns   = 8.65 +- 0.31
RESULTS:: 06:00:00: root                                   pydial.py <train_command>791 :  List of domains: Laptops11
RESULTS:: 06:00:00: root                                      pydial.py <trainBatch>409 :  *** Training Iteration env3-LAP-tau_nodrop_sort_noinco_4020_250100-seed9-15.6->env3-LAP-tau_nodrop_sort_noinco_4020_250100-seed9-15.7: iter=6, error-rate=15, num-dialogs=1000 ***
RESULTS:: 06:26:38: root                               EvaluationManager.py <_prstr>179 :  Results for domain: Laptops11 --evaluated by: objective success evaluator
RESULTS:: 06:26:38: root                               EvaluationManager.py <_prstr>179 :  # of dialogues  = 1000
RESULTS:: 06:26:38: root                               EvaluationManager.py <_prstr>179 :  Average reward  = 6.07 +- 0.63
RESULTS:: 06:26:38: root                               EvaluationManager.py <_prstr>179 :  Average success = 82.30 +- 2.37
RESULTS:: 06:26:38: root                               EvaluationManager.py <_prstr>179 :  Average turns   = 10.39 +- 0.31
RESULTS:: 06:26:38: root                                   pydial.py <setEvalConfig>470 :  *** Evaluating env3-LAP-tau_nodrop_sort_noinco_4020_250100-seed9-15.7: error-rate=15 num-dialogs=500 ***
RESULTS:: 06:37:25: root                               EvaluationManager.py <_prstr>179 :  Results for domain: Laptops11 --evaluated by: objective success evaluator
RESULTS:: 06:37:25: root                               EvaluationManager.py <_prstr>179 :  # of dialogues  = 500
RESULTS:: 06:37:25: root                               EvaluationManager.py <_prstr>179 :  Average reward  = 8.63 +- 0.75
RESULTS:: 06:37:25: root                               EvaluationManager.py <_prstr>179 :  Average success = 86.80 +- 2.97
RESULTS:: 06:37:25: root                               EvaluationManager.py <_prstr>179 :  Average turns   = 8.73 +- 0.35
RESULTS:: 06:37:25: root                                   pydial.py <train_command>791 :  List of domains: Laptops11
RESULTS:: 06:37:25: root                                      pydial.py <trainBatch>409 :  *** Training Iteration env3-LAP-tau_nodrop_sort_noinco_4020_250100-seed9-15.7->env3-LAP-tau_nodrop_sort_noinco_4020_250100-seed9-15.8: iter=7, error-rate=15, num-dialogs=1000 ***
RESULTS:: 07:04:07: root                               EvaluationManager.py <_prstr>179 :  Results for domain: Laptops11 --evaluated by: objective success evaluator
RESULTS:: 07:04:07: root                               EvaluationManager.py <_prstr>179 :  # of dialogues  = 1000
RESULTS:: 07:04:07: root                               EvaluationManager.py <_prstr>179 :  Average reward  = 7.06 +- 0.57
RESULTS:: 07:04:07: root                               EvaluationManager.py <_prstr>179 :  Average success = 87.30 +- 2.07
RESULTS:: 07:04:07: root                               EvaluationManager.py <_prstr>179 :  Average turns   = 10.40 +- 0.30
RESULTS:: 07:04:07: root                                   pydial.py <setEvalConfig>470 :  *** Evaluating env3-LAP-tau_nodrop_sort_noinco_4020_250100-seed9-15.8: error-rate=15 num-dialogs=500 ***
RESULTS:: 07:12:57: root                               EvaluationManager.py <_prstr>179 :  Results for domain: Laptops11 --evaluated by: objective success evaluator
RESULTS:: 07:12:57: root                               EvaluationManager.py <_prstr>179 :  # of dialogues  = 500
RESULTS:: 07:12:57: root                               EvaluationManager.py <_prstr>179 :  Average reward  = 2.51 +- 0.92
RESULTS:: 07:12:57: root                               EvaluationManager.py <_prstr>179 :  Average success = 48.60 +- 4.39
RESULTS:: 07:12:57: root                               EvaluationManager.py <_prstr>179 :  Average turns   = 7.21 +- 0.24
RESULTS:: 07:12:57: root                                   pydial.py <train_command>791 :  List of domains: Laptops11
RESULTS:: 07:12:57: root                                      pydial.py <trainBatch>409 :  *** Training Iteration env3-LAP-tau_nodrop_sort_noinco_4020_250100-seed9-15.8->env3-LAP-tau_nodrop_sort_noinco_4020_250100-seed9-15.9: iter=8, error-rate=15, num-dialogs=1000 ***
RESULTS:: 07:39:35: root                               EvaluationManager.py <_prstr>179 :  Results for domain: Laptops11 --evaluated by: objective success evaluator
RESULTS:: 07:39:35: root                               EvaluationManager.py <_prstr>179 :  # of dialogues  = 1000
RESULTS:: 07:39:35: root                               EvaluationManager.py <_prstr>179 :  Average reward  = 7.13 +- 0.60
RESULTS:: 07:39:35: root                               EvaluationManager.py <_prstr>179 :  Average success = 86.60 +- 2.11
RESULTS:: 07:39:35: root                               EvaluationManager.py <_prstr>179 :  Average turns   = 10.19 +- 0.31
RESULTS:: 07:39:35: root                                   pydial.py <setEvalConfig>470 :  *** Evaluating env3-LAP-tau_nodrop_sort_noinco_4020_250100-seed9-15.9: error-rate=15 num-dialogs=500 ***
RESULTS:: 07:50:13: root                               EvaluationManager.py <_prstr>179 :  Results for domain: Laptops11 --evaluated by: objective success evaluator
RESULTS:: 07:50:13: root                               EvaluationManager.py <_prstr>179 :  # of dialogues  = 500
RESULTS:: 07:50:13: root                               EvaluationManager.py <_prstr>179 :  Average reward  = 6.39 +- 0.87
RESULTS:: 07:50:13: root                               EvaluationManager.py <_prstr>179 :  Average success = 74.00 +- 3.85
RESULTS:: 07:50:13: root                               EvaluationManager.py <_prstr>179 :  Average turns   = 8.41 +- 0.33
RESULTS:: 07:50:13: root                                   pydial.py <train_command>791 :  List of domains: Laptops11
RESULTS:: 07:50:13: root                                      pydial.py <trainBatch>409 :  *** Training Iteration env3-LAP-tau_nodrop_sort_noinco_4020_250100-seed9-15.9->env3-LAP-tau_nodrop_sort_noinco_4020_250100-seed9-15.10: iter=9, error-rate=15, num-dialogs=1000 ***
RESULTS:: 08:17:21: root                               EvaluationManager.py <_prstr>179 :  Results for domain: Laptops11 --evaluated by: objective success evaluator
RESULTS:: 08:17:21: root                               EvaluationManager.py <_prstr>179 :  # of dialogues  = 1000
RESULTS:: 08:17:21: root                               EvaluationManager.py <_prstr>179 :  Average reward  = 5.66 +- 0.67
RESULTS:: 08:17:21: root                               EvaluationManager.py <_prstr>179 :  Average success = 80.30 +- 2.47
RESULTS:: 08:17:21: root                               EvaluationManager.py <_prstr>179 :  Average turns   = 10.40 +- 0.32
RESULTS:: 08:17:21: root                                   pydial.py <setEvalConfig>470 :  *** Evaluating env3-LAP-tau_nodrop_sort_noinco_4020_250100-seed9-15.10: error-rate=15 num-dialogs=500 ***
RESULTS:: 08:28:23: root                               EvaluationManager.py <_prstr>179 :  Results for domain: Laptops11 --evaluated by: objective success evaluator
RESULTS:: 08:28:23: root                               EvaluationManager.py <_prstr>179 :  # of dialogues  = 500
RESULTS:: 08:28:23: root                               EvaluationManager.py <_prstr>179 :  Average reward  = 7.49 +- 0.79
RESULTS:: 08:28:23: root                               EvaluationManager.py <_prstr>179 :  Average success = 82.80 +- 3.32
RESULTS:: 08:28:23: root                               EvaluationManager.py <_prstr>179 :  Average turns   = 9.07 +- 0.37
RESULTS:: 08:28:23: root                                   pydial.py <train_command>807 :  *** Training complete. log: env3-LAP-tau_nodrop_sort_noinco_4020_250100-seed9-15.1-10.train.log - final policy is env3-LAP-tau_nodrop_sort_noinco_4020_250100-15-10
