RESULTS:: 02:18:46: root                                   pydial.py <train_command>791 :  List of domains: Laptops11
RESULTS:: 02:18:46: root                                      pydial.py <trainBatch>409 :  *** Training Iteration env3-LAP-tau_nodrop_sort_noinco_4020_250100-seed7-15.0->env3-LAP-tau_nodrop_sort_noinco_4020_250100-seed7-15.1: iter=0, error-rate=15, num-dialogs=1000 ***
RESULTS:: 02:40:29: root                               EvaluationManager.py <_prstr>179 :  Results for domain: Laptops11 --evaluated by: objective success evaluator
RESULTS:: 02:40:29: root                               EvaluationManager.py <_prstr>179 :  # of dialogues  = 1000
RESULTS:: 02:40:29: root                               EvaluationManager.py <_prstr>179 :  Average reward  = 2.93 +- 0.70
RESULTS:: 02:40:29: root                               EvaluationManager.py <_prstr>179 :  Average success = 65.60 +- 2.95
RESULTS:: 02:40:29: root                               EvaluationManager.py <_prstr>179 :  Average turns   = 10.19 +- 0.29
RESULTS:: 02:40:29: root                                   pydial.py <setEvalConfig>470 :  *** Evaluating env3-LAP-tau_nodrop_sort_noinco_4020_250100-seed7-15.1: error-rate=15 num-dialogs=500 ***
RESULTS:: 02:50:34: root                               EvaluationManager.py <_prstr>179 :  Results for domain: Laptops11 --evaluated by: objective success evaluator
RESULTS:: 02:50:34: root                               EvaluationManager.py <_prstr>179 :  # of dialogues  = 500
RESULTS:: 02:50:34: root                               EvaluationManager.py <_prstr>179 :  Average reward  = 5.67 +- 0.90
RESULTS:: 02:50:34: root                               EvaluationManager.py <_prstr>179 :  Average success = 69.20 +- 4.06
RESULTS:: 02:50:34: root                               EvaluationManager.py <_prstr>179 :  Average turns   = 8.17 +- 0.27
RESULTS:: 02:50:34: root                                   pydial.py <train_command>791 :  List of domains: Laptops11
RESULTS:: 02:50:34: root                                      pydial.py <trainBatch>409 :  *** Training Iteration env3-LAP-tau_nodrop_sort_noinco_4020_250100-seed7-15.1->env3-LAP-tau_nodrop_sort_noinco_4020_250100-seed7-15.2: iter=1, error-rate=15, num-dialogs=1000 ***
RESULTS:: 03:16:46: root                               EvaluationManager.py <_prstr>179 :  Results for domain: Laptops11 --evaluated by: objective success evaluator
RESULTS:: 03:16:46: root                               EvaluationManager.py <_prstr>179 :  # of dialogues  = 1000
RESULTS:: 03:16:46: root                               EvaluationManager.py <_prstr>179 :  Average reward  = 6.29 +- 0.65
RESULTS:: 03:16:46: root                               EvaluationManager.py <_prstr>179 :  Average success = 82.70 +- 2.35
RESULTS:: 03:16:46: root                               EvaluationManager.py <_prstr>179 :  Average turns   = 10.25 +- 0.32
RESULTS:: 03:16:46: root                                   pydial.py <setEvalConfig>470 :  *** Evaluating env3-LAP-tau_nodrop_sort_noinco_4020_250100-seed7-15.2: error-rate=15 num-dialogs=500 ***
RESULTS:: 03:26:38: root                               EvaluationManager.py <_prstr>179 :  Results for domain: Laptops11 --evaluated by: objective success evaluator
RESULTS:: 03:26:38: root                               EvaluationManager.py <_prstr>179 :  # of dialogues  = 500
RESULTS:: 03:26:38: root                               EvaluationManager.py <_prstr>179 :  Average reward  = 7.10 +- 0.84
RESULTS:: 03:26:38: root                               EvaluationManager.py <_prstr>179 :  Average success = 75.80 +- 3.76
RESULTS:: 03:26:38: root                               EvaluationManager.py <_prstr>179 :  Average turns   = 8.06 +- 0.28
RESULTS:: 03:26:38: root                                   pydial.py <train_command>791 :  List of domains: Laptops11
RESULTS:: 03:26:38: root                                      pydial.py <trainBatch>409 :  *** Training Iteration env3-LAP-tau_nodrop_sort_noinco_4020_250100-seed7-15.2->env3-LAP-tau_nodrop_sort_noinco_4020_250100-seed7-15.3: iter=2, error-rate=15, num-dialogs=1000 ***
RESULTS:: 03:53:17: root                               EvaluationManager.py <_prstr>179 :  Results for domain: Laptops11 --evaluated by: objective success evaluator
RESULTS:: 03:53:17: root                               EvaluationManager.py <_prstr>179 :  # of dialogues  = 1000
RESULTS:: 03:53:17: root                               EvaluationManager.py <_prstr>179 :  Average reward  = 5.07 +- 0.67
RESULTS:: 03:53:17: root                               EvaluationManager.py <_prstr>179 :  Average success = 78.40 +- 2.55
RESULTS:: 03:53:17: root                               EvaluationManager.py <_prstr>179 :  Average turns   = 10.61 +- 0.33
RESULTS:: 03:53:17: root                                   pydial.py <setEvalConfig>470 :  *** Evaluating env3-LAP-tau_nodrop_sort_noinco_4020_250100-seed7-15.3: error-rate=15 num-dialogs=500 ***
RESULTS:: 04:04:30: root                               EvaluationManager.py <_prstr>179 :  Results for domain: Laptops11 --evaluated by: objective success evaluator
RESULTS:: 04:04:30: root                               EvaluationManager.py <_prstr>179 :  # of dialogues  = 500
RESULTS:: 04:04:30: root                               EvaluationManager.py <_prstr>179 :  Average reward  = 0.61 +- 0.98
RESULTS:: 04:04:30: root                               EvaluationManager.py <_prstr>179 :  Average success = 49.40 +- 4.39
RESULTS:: 04:04:30: root                               EvaluationManager.py <_prstr>179 :  Average turns   = 9.27 +- 0.29
RESULTS:: 04:04:30: root                                   pydial.py <train_command>791 :  List of domains: Laptops11
RESULTS:: 04:04:30: root                                      pydial.py <trainBatch>409 :  *** Training Iteration env3-LAP-tau_nodrop_sort_noinco_4020_250100-seed7-15.3->env3-LAP-tau_nodrop_sort_noinco_4020_250100-seed7-15.4: iter=3, error-rate=15, num-dialogs=1000 ***
RESULTS:: 04:31:20: root                               EvaluationManager.py <_prstr>179 :  Results for domain: Laptops11 --evaluated by: objective success evaluator
RESULTS:: 04:31:20: root                               EvaluationManager.py <_prstr>179 :  # of dialogues  = 1000
RESULTS:: 04:31:20: root                               EvaluationManager.py <_prstr>179 :  Average reward  = 5.92 +- 0.64
RESULTS:: 04:31:20: root                               EvaluationManager.py <_prstr>179 :  Average success = 82.30 +- 2.37
RESULTS:: 04:31:20: root                               EvaluationManager.py <_prstr>179 :  Average turns   = 10.54 +- 0.32
RESULTS:: 04:31:20: root                                   pydial.py <setEvalConfig>470 :  *** Evaluating env3-LAP-tau_nodrop_sort_noinco_4020_250100-seed7-15.4: error-rate=15 num-dialogs=500 ***
RESULTS:: 04:42:01: root                               EvaluationManager.py <_prstr>179 :  Results for domain: Laptops11 --evaluated by: objective success evaluator
RESULTS:: 04:42:01: root                               EvaluationManager.py <_prstr>179 :  # of dialogues  = 500
RESULTS:: 04:42:01: root                               EvaluationManager.py <_prstr>179 :  Average reward  = 6.64 +- 0.85
RESULTS:: 04:42:01: root                               EvaluationManager.py <_prstr>179 :  Average success = 76.40 +- 3.73
RESULTS:: 04:42:01: root                               EvaluationManager.py <_prstr>179 :  Average turns   = 8.64 +- 0.32
RESULTS:: 04:42:01: root                                   pydial.py <train_command>791 :  List of domains: Laptops11
RESULTS:: 04:42:01: root                                      pydial.py <trainBatch>409 :  *** Training Iteration env3-LAP-tau_nodrop_sort_noinco_4020_250100-seed7-15.4->env3-LAP-tau_nodrop_sort_noinco_4020_250100-seed7-15.5: iter=4, error-rate=15, num-dialogs=1000 ***
RESULTS:: 05:08:39: root                               EvaluationManager.py <_prstr>179 :  Results for domain: Laptops11 --evaluated by: objective success evaluator
RESULTS:: 05:08:39: root                               EvaluationManager.py <_prstr>179 :  # of dialogues  = 1000
RESULTS:: 05:08:39: root                               EvaluationManager.py <_prstr>179 :  Average reward  = 6.01 +- 0.61
RESULTS:: 05:08:39: root                               EvaluationManager.py <_prstr>179 :  Average success = 81.90 +- 2.39
RESULTS:: 05:08:39: root                               EvaluationManager.py <_prstr>179 :  Average turns   = 10.37 +- 0.30
RESULTS:: 05:08:39: root                                   pydial.py <setEvalConfig>470 :  *** Evaluating env3-LAP-tau_nodrop_sort_noinco_4020_250100-seed7-15.5: error-rate=15 num-dialogs=500 ***
RESULTS:: 05:18:45: root                               EvaluationManager.py <_prstr>179 :  Results for domain: Laptops11 --evaluated by: objective success evaluator
RESULTS:: 05:18:45: root                               EvaluationManager.py <_prstr>179 :  # of dialogues  = 500
RESULTS:: 05:18:45: root                               EvaluationManager.py <_prstr>179 :  Average reward  = 8.87 +- 0.72
RESULTS:: 05:18:45: root                               EvaluationManager.py <_prstr>179 :  Average success = 86.40 +- 3.01
RESULTS:: 05:18:45: root                               EvaluationManager.py <_prstr>179 :  Average turns   = 8.41 +- 0.31
RESULTS:: 05:18:45: root                                   pydial.py <train_command>791 :  List of domains: Laptops11
RESULTS:: 05:18:45: root                                      pydial.py <trainBatch>409 :  *** Training Iteration env3-LAP-tau_nodrop_sort_noinco_4020_250100-seed7-15.5->env3-LAP-tau_nodrop_sort_noinco_4020_250100-seed7-15.6: iter=5, error-rate=15, num-dialogs=1000 ***
RESULTS:: 05:46:15: root                               EvaluationManager.py <_prstr>179 :  Results for domain: Laptops11 --evaluated by: objective success evaluator
RESULTS:: 05:46:15: root                               EvaluationManager.py <_prstr>179 :  # of dialogues  = 1000
RESULTS:: 05:46:15: root                               EvaluationManager.py <_prstr>179 :  Average reward  = 6.01 +- 0.64
RESULTS:: 05:46:15: root                               EvaluationManager.py <_prstr>179 :  Average success = 83.60 +- 2.30
RESULTS:: 05:46:15: root                               EvaluationManager.py <_prstr>179 :  Average turns   = 10.71 +- 0.33
RESULTS:: 05:46:15: root                                   pydial.py <setEvalConfig>470 :  *** Evaluating env3-LAP-tau_nodrop_sort_noinco_4020_250100-seed7-15.6: error-rate=15 num-dialogs=500 ***
RESULTS:: 05:56:55: root                               EvaluationManager.py <_prstr>179 :  Results for domain: Laptops11 --evaluated by: objective success evaluator
RESULTS:: 05:56:55: root                               EvaluationManager.py <_prstr>179 :  # of dialogues  = 500
RESULTS:: 05:56:55: root                               EvaluationManager.py <_prstr>179 :  Average reward  = 7.85 +- 0.81
RESULTS:: 05:56:55: root                               EvaluationManager.py <_prstr>179 :  Average success = 83.00 +- 3.30
RESULTS:: 05:56:55: root                               EvaluationManager.py <_prstr>179 :  Average turns   = 8.75 +- 0.35
RESULTS:: 05:56:55: root                                   pydial.py <train_command>791 :  List of domains: Laptops11
RESULTS:: 05:56:55: root                                      pydial.py <trainBatch>409 :  *** Training Iteration env3-LAP-tau_nodrop_sort_noinco_4020_250100-seed7-15.6->env3-LAP-tau_nodrop_sort_noinco_4020_250100-seed7-15.7: iter=6, error-rate=15, num-dialogs=1000 ***
RESULTS:: 06:23:31: root                               EvaluationManager.py <_prstr>179 :  Results for domain: Laptops11 --evaluated by: objective success evaluator
RESULTS:: 06:23:31: root                               EvaluationManager.py <_prstr>179 :  # of dialogues  = 1000
RESULTS:: 06:23:31: root                               EvaluationManager.py <_prstr>179 :  Average reward  = 6.50 +- 0.63
RESULTS:: 06:23:31: root                               EvaluationManager.py <_prstr>179 :  Average success = 84.40 +- 2.25
RESULTS:: 06:23:31: root                               EvaluationManager.py <_prstr>179 :  Average turns   = 10.38 +- 0.32
RESULTS:: 06:23:31: root                                   pydial.py <setEvalConfig>470 :  *** Evaluating env3-LAP-tau_nodrop_sort_noinco_4020_250100-seed7-15.7: error-rate=15 num-dialogs=500 ***
RESULTS:: 06:34:20: root                               EvaluationManager.py <_prstr>179 :  Results for domain: Laptops11 --evaluated by: objective success evaluator
RESULTS:: 06:34:20: root                               EvaluationManager.py <_prstr>179 :  # of dialogues  = 500
RESULTS:: 06:34:20: root                               EvaluationManager.py <_prstr>179 :  Average reward  = 5.80 +- 0.85
RESULTS:: 06:34:20: root                               EvaluationManager.py <_prstr>179 :  Average success = 73.60 +- 3.87
RESULTS:: 06:34:20: root                               EvaluationManager.py <_prstr>179 :  Average turns   = 8.92 +- 0.34
RESULTS:: 06:34:20: root                                   pydial.py <train_command>791 :  List of domains: Laptops11
RESULTS:: 06:34:20: root                                      pydial.py <trainBatch>409 :  *** Training Iteration env3-LAP-tau_nodrop_sort_noinco_4020_250100-seed7-15.7->env3-LAP-tau_nodrop_sort_noinco_4020_250100-seed7-15.8: iter=7, error-rate=15, num-dialogs=1000 ***
RESULTS:: 07:00:46: root                               EvaluationManager.py <_prstr>179 :  Results for domain: Laptops11 --evaluated by: objective success evaluator
RESULTS:: 07:00:46: root                               EvaluationManager.py <_prstr>179 :  # of dialogues  = 1000
RESULTS:: 07:00:46: root                               EvaluationManager.py <_prstr>179 :  Average reward  = 6.37 +- 0.64
RESULTS:: 07:00:46: root                               EvaluationManager.py <_prstr>179 :  Average success = 83.30 +- 2.31
RESULTS:: 07:00:46: root                               EvaluationManager.py <_prstr>179 :  Average turns   = 10.29 +- 0.31
RESULTS:: 07:00:46: root                                   pydial.py <setEvalConfig>470 :  *** Evaluating env3-LAP-tau_nodrop_sort_noinco_4020_250100-seed7-15.8: error-rate=15 num-dialogs=500 ***
RESULTS:: 07:11:15: root                               EvaluationManager.py <_prstr>179 :  Results for domain: Laptops11 --evaluated by: objective success evaluator
RESULTS:: 07:11:15: root                               EvaluationManager.py <_prstr>179 :  # of dialogues  = 500
RESULTS:: 07:11:15: root                               EvaluationManager.py <_prstr>179 :  Average reward  = 9.44 +- 0.69
RESULTS:: 07:11:15: root                               EvaluationManager.py <_prstr>179 :  Average success = 89.80 +- 2.66
RESULTS:: 07:11:15: root                               EvaluationManager.py <_prstr>179 :  Average turns   = 8.52 +- 0.36
RESULTS:: 07:11:15: root                                   pydial.py <train_command>791 :  List of domains: Laptops11
RESULTS:: 07:11:15: root                                      pydial.py <trainBatch>409 :  *** Training Iteration env3-LAP-tau_nodrop_sort_noinco_4020_250100-seed7-15.8->env3-LAP-tau_nodrop_sort_noinco_4020_250100-seed7-15.9: iter=8, error-rate=15, num-dialogs=1000 ***
RESULTS:: 07:38:48: root                               EvaluationManager.py <_prstr>179 :  Results for domain: Laptops11 --evaluated by: objective success evaluator
RESULTS:: 07:38:48: root                               EvaluationManager.py <_prstr>179 :  # of dialogues  = 1000
RESULTS:: 07:38:48: root                               EvaluationManager.py <_prstr>179 :  Average reward  = 6.49 +- 0.61
RESULTS:: 07:38:48: root                               EvaluationManager.py <_prstr>179 :  Average success = 85.50 +- 2.18
RESULTS:: 07:38:48: root                               EvaluationManager.py <_prstr>179 :  Average turns   = 10.61 +- 0.32
RESULTS:: 07:38:48: root                                   pydial.py <setEvalConfig>470 :  *** Evaluating env3-LAP-tau_nodrop_sort_noinco_4020_250100-seed7-15.9: error-rate=15 num-dialogs=500 ***
RESULTS:: 07:49:27: root                               EvaluationManager.py <_prstr>179 :  Results for domain: Laptops11 --evaluated by: objective success evaluator
RESULTS:: 07:49:27: root                               EvaluationManager.py <_prstr>179 :  # of dialogues  = 500
RESULTS:: 07:49:27: root                               EvaluationManager.py <_prstr>179 :  Average reward  = 9.20 +- 0.77
RESULTS:: 07:49:27: root                               EvaluationManager.py <_prstr>179 :  Average success = 88.40 +- 2.81
RESULTS:: 07:49:27: root                               EvaluationManager.py <_prstr>179 :  Average turns   = 8.48 +- 0.36
RESULTS:: 07:49:27: root                                   pydial.py <train_command>791 :  List of domains: Laptops11
RESULTS:: 07:49:27: root                                      pydial.py <trainBatch>409 :  *** Training Iteration env3-LAP-tau_nodrop_sort_noinco_4020_250100-seed7-15.9->env3-LAP-tau_nodrop_sort_noinco_4020_250100-seed7-15.10: iter=9, error-rate=15, num-dialogs=1000 ***
RESULTS:: 08:16:54: root                               EvaluationManager.py <_prstr>179 :  Results for domain: Laptops11 --evaluated by: objective success evaluator
RESULTS:: 08:16:54: root                               EvaluationManager.py <_prstr>179 :  # of dialogues  = 1000
RESULTS:: 08:16:54: root                               EvaluationManager.py <_prstr>179 :  Average reward  = 6.54 +- 0.62
RESULTS:: 08:16:54: root                               EvaluationManager.py <_prstr>179 :  Average success = 85.10 +- 2.21
RESULTS:: 08:16:54: root                               EvaluationManager.py <_prstr>179 :  Average turns   = 10.48 +- 0.32
RESULTS:: 08:16:54: root                                   pydial.py <setEvalConfig>470 :  *** Evaluating env3-LAP-tau_nodrop_sort_noinco_4020_250100-seed7-15.10: error-rate=15 num-dialogs=500 ***
RESULTS:: 08:26:55: root                               EvaluationManager.py <_prstr>179 :  Results for domain: Laptops11 --evaluated by: objective success evaluator
RESULTS:: 08:26:55: root                               EvaluationManager.py <_prstr>179 :  # of dialogues  = 500
RESULTS:: 08:26:55: root                               EvaluationManager.py <_prstr>179 :  Average reward  = 5.64 +- 0.85
RESULTS:: 08:26:55: root                               EvaluationManager.py <_prstr>179 :  Average success = 69.20 +- 4.06
RESULTS:: 08:26:55: root                               EvaluationManager.py <_prstr>179 :  Average turns   = 8.20 +- 0.27
RESULTS:: 08:26:55: root                                   pydial.py <train_command>807 :  *** Training complete. log: env3-LAP-tau_nodrop_sort_noinco_4020_250100-seed7-15.1-10.train.log - final policy is env3-LAP-tau_nodrop_sort_noinco_4020_250100-15-10
