RESULTS:: 02:18:28: root                                   pydial.py <train_command>791 :  List of domains: Laptops11
RESULTS:: 02:18:28: root                                      pydial.py <trainBatch>409 :  *** Training Iteration env3-LAP-tau_nodrop_sort_noinco_4020_250100-seed1-15.0->env3-LAP-tau_nodrop_sort_noinco_4020_250100-seed1-15.1: iter=0, error-rate=15, num-dialogs=1000 ***
RESULTS:: 02:42:57: root                               EvaluationManager.py <_prstr>179 :  Results for domain: Laptops11 --evaluated by: objective success evaluator
RESULTS:: 02:42:57: root                               EvaluationManager.py <_prstr>179 :  # of dialogues  = 1000
RESULTS:: 02:42:57: root                               EvaluationManager.py <_prstr>179 :  Average reward  = 2.35 +- 0.76
RESULTS:: 02:42:57: root                               EvaluationManager.py <_prstr>179 :  Average success = 65.30 +- 2.95
RESULTS:: 02:42:57: root                               EvaluationManager.py <_prstr>179 :  Average turns   = 10.71 +- 0.32
RESULTS:: 02:42:57: root                                   pydial.py <setEvalConfig>470 :  *** Evaluating env3-LAP-tau_nodrop_sort_noinco_4020_250100-seed1-15.1: error-rate=15 num-dialogs=500 ***
RESULTS:: 02:52:58: root                               EvaluationManager.py <_prstr>179 :  Results for domain: Laptops11 --evaluated by: objective success evaluator
RESULTS:: 02:52:58: root                               EvaluationManager.py <_prstr>179 :  # of dialogues  = 500
RESULTS:: 02:52:58: root                               EvaluationManager.py <_prstr>179 :  Average reward  = 2.94 +- 0.97
RESULTS:: 02:52:58: root                               EvaluationManager.py <_prstr>179 :  Average success = 56.40 +- 4.36
RESULTS:: 02:52:58: root                               EvaluationManager.py <_prstr>179 :  Average turns   = 8.34 +- 0.27
RESULTS:: 02:52:58: root                                   pydial.py <train_command>791 :  List of domains: Laptops11
RESULTS:: 02:52:58: root                                      pydial.py <trainBatch>409 :  *** Training Iteration env3-LAP-tau_nodrop_sort_noinco_4020_250100-seed1-15.1->env3-LAP-tau_nodrop_sort_noinco_4020_250100-seed1-15.2: iter=1, error-rate=15, num-dialogs=1000 ***
RESULTS:: 03:19:44: root                               EvaluationManager.py <_prstr>179 :  Results for domain: Laptops11 --evaluated by: objective success evaluator
RESULTS:: 03:19:44: root                               EvaluationManager.py <_prstr>179 :  # of dialogues  = 1000
RESULTS:: 03:19:44: root                               EvaluationManager.py <_prstr>179 :  Average reward  = 6.47 +- 0.59
RESULTS:: 03:19:44: root                               EvaluationManager.py <_prstr>179 :  Average success = 84.20 +- 2.26
RESULTS:: 03:19:44: root                               EvaluationManager.py <_prstr>179 :  Average turns   = 10.37 +- 0.31
RESULTS:: 03:19:44: root                                   pydial.py <setEvalConfig>470 :  *** Evaluating env3-LAP-tau_nodrop_sort_noinco_4020_250100-seed1-15.2: error-rate=15 num-dialogs=500 ***
RESULTS:: 03:29:31: root                               EvaluationManager.py <_prstr>179 :  Results for domain: Laptops11 --evaluated by: objective success evaluator
RESULTS:: 03:29:31: root                               EvaluationManager.py <_prstr>179 :  # of dialogues  = 500
RESULTS:: 03:29:31: root                               EvaluationManager.py <_prstr>179 :  Average reward  = 3.88 +- 0.92
RESULTS:: 03:29:31: root                               EvaluationManager.py <_prstr>179 :  Average success = 58.80 +- 4.32
RESULTS:: 03:29:31: root                               EvaluationManager.py <_prstr>179 :  Average turns   = 7.88 +- 0.27
RESULTS:: 03:29:31: root                                   pydial.py <train_command>791 :  List of domains: Laptops11
RESULTS:: 03:29:31: root                                      pydial.py <trainBatch>409 :  *** Training Iteration env3-LAP-tau_nodrop_sort_noinco_4020_250100-seed1-15.2->env3-LAP-tau_nodrop_sort_noinco_4020_250100-seed1-15.3: iter=2, error-rate=15, num-dialogs=1000 ***
RESULTS:: 03:55:44: root                               EvaluationManager.py <_prstr>179 :  Results for domain: Laptops11 --evaluated by: objective success evaluator
RESULTS:: 03:55:44: root                               EvaluationManager.py <_prstr>179 :  # of dialogues  = 1000
RESULTS:: 03:55:44: root                               EvaluationManager.py <_prstr>179 :  Average reward  = 6.83 +- 0.60
RESULTS:: 03:55:44: root                               EvaluationManager.py <_prstr>179 :  Average success = 84.90 +- 2.22
RESULTS:: 03:55:44: root                               EvaluationManager.py <_prstr>179 :  Average turns   = 10.15 +- 0.31
RESULTS:: 03:55:44: root                                   pydial.py <setEvalConfig>470 :  *** Evaluating env3-LAP-tau_nodrop_sort_noinco_4020_250100-seed1-15.3: error-rate=15 num-dialogs=500 ***
RESULTS:: 04:06:01: root                               EvaluationManager.py <_prstr>179 :  Results for domain: Laptops11 --evaluated by: objective success evaluator
RESULTS:: 04:06:01: root                               EvaluationManager.py <_prstr>179 :  # of dialogues  = 500
RESULTS:: 04:06:01: root                               EvaluationManager.py <_prstr>179 :  Average reward  = 8.26 +- 0.77
RESULTS:: 04:06:01: root                               EvaluationManager.py <_prstr>179 :  Average success = 82.00 +- 3.38
RESULTS:: 04:06:01: root                               EvaluationManager.py <_prstr>179 :  Average turns   = 8.14 +- 0.28
RESULTS:: 04:06:01: root                                   pydial.py <train_command>791 :  List of domains: Laptops11
RESULTS:: 04:06:01: root                                      pydial.py <trainBatch>409 :  *** Training Iteration env3-LAP-tau_nodrop_sort_noinco_4020_250100-seed1-15.3->env3-LAP-tau_nodrop_sort_noinco_4020_250100-seed1-15.4: iter=3, error-rate=15, num-dialogs=1000 ***
RESULTS:: 04:33:03: root                               EvaluationManager.py <_prstr>179 :  Results for domain: Laptops11 --evaluated by: objective success evaluator
RESULTS:: 04:33:03: root                               EvaluationManager.py <_prstr>179 :  # of dialogues  = 1000
RESULTS:: 04:33:03: root                               EvaluationManager.py <_prstr>179 :  Average reward  = 6.86 +- 0.62
RESULTS:: 04:33:03: root                               EvaluationManager.py <_prstr>179 :  Average success = 86.90 +- 2.09
RESULTS:: 04:33:03: root                               EvaluationManager.py <_prstr>179 :  Average turns   = 10.52 +- 0.33
RESULTS:: 04:33:03: root                                   pydial.py <setEvalConfig>470 :  *** Evaluating env3-LAP-tau_nodrop_sort_noinco_4020_250100-seed1-15.4: error-rate=15 num-dialogs=500 ***
RESULTS:: 04:43:43: root                               EvaluationManager.py <_prstr>179 :  Results for domain: Laptops11 --evaluated by: objective success evaluator
RESULTS:: 04:43:43: root                               EvaluationManager.py <_prstr>179 :  # of dialogues  = 500
RESULTS:: 04:43:43: root                               EvaluationManager.py <_prstr>179 :  Average reward  = 5.87 +- 0.87
RESULTS:: 04:43:43: root                               EvaluationManager.py <_prstr>179 :  Average success = 72.40 +- 3.93
RESULTS:: 04:43:43: root                               EvaluationManager.py <_prstr>179 :  Average turns   = 8.61 +- 0.30
RESULTS:: 04:43:43: root                                   pydial.py <train_command>791 :  List of domains: Laptops11
RESULTS:: 04:43:43: root                                      pydial.py <trainBatch>409 :  *** Training Iteration env3-LAP-tau_nodrop_sort_noinco_4020_250100-seed1-15.4->env3-LAP-tau_nodrop_sort_noinco_4020_250100-seed1-15.5: iter=4, error-rate=15, num-dialogs=1000 ***
RESULTS:: 05:10:14: root                               EvaluationManager.py <_prstr>179 :  Results for domain: Laptops11 --evaluated by: objective success evaluator
RESULTS:: 05:10:14: root                               EvaluationManager.py <_prstr>179 :  # of dialogues  = 1000
RESULTS:: 05:10:14: root                               EvaluationManager.py <_prstr>179 :  Average reward  = 6.90 +- 0.58
RESULTS:: 05:10:14: root                               EvaluationManager.py <_prstr>179 :  Average success = 85.10 +- 2.21
RESULTS:: 05:10:14: root                               EvaluationManager.py <_prstr>179 :  Average turns   = 10.12 +- 0.30
RESULTS:: 05:10:14: root                                   pydial.py <setEvalConfig>470 :  *** Evaluating env3-LAP-tau_nodrop_sort_noinco_4020_250100-seed1-15.5: error-rate=15 num-dialogs=500 ***
RESULTS:: 05:19:06: root                               EvaluationManager.py <_prstr>179 :  Results for domain: Laptops11 --evaluated by: objective success evaluator
RESULTS:: 05:19:06: root                               EvaluationManager.py <_prstr>179 :  # of dialogues  = 500
RESULTS:: 05:19:06: root                               EvaluationManager.py <_prstr>179 :  Average reward  = 5.49 +- 0.86
RESULTS:: 05:19:06: root                               EvaluationManager.py <_prstr>179 :  Average success = 63.80 +- 4.22
RESULTS:: 05:19:06: root                               EvaluationManager.py <_prstr>179 :  Average turns   = 7.27 +- 0.24
RESULTS:: 05:19:06: root                                   pydial.py <train_command>791 :  List of domains: Laptops11
RESULTS:: 05:19:06: root                                      pydial.py <trainBatch>409 :  *** Training Iteration env3-LAP-tau_nodrop_sort_noinco_4020_250100-seed1-15.5->env3-LAP-tau_nodrop_sort_noinco_4020_250100-seed1-15.6: iter=5, error-rate=15, num-dialogs=1000 ***
RESULTS:: 05:45:42: root                               EvaluationManager.py <_prstr>179 :  Results for domain: Laptops11 --evaluated by: objective success evaluator
RESULTS:: 05:45:42: root                               EvaluationManager.py <_prstr>179 :  # of dialogues  = 1000
RESULTS:: 05:45:42: root                               EvaluationManager.py <_prstr>179 :  Average reward  = 6.64 +- 0.62
RESULTS:: 05:45:42: root                               EvaluationManager.py <_prstr>179 :  Average success = 84.00 +- 2.27
RESULTS:: 05:45:42: root                               EvaluationManager.py <_prstr>179 :  Average turns   = 10.16 +- 0.31
RESULTS:: 05:45:42: root                                   pydial.py <setEvalConfig>470 :  *** Evaluating env3-LAP-tau_nodrop_sort_noinco_4020_250100-seed1-15.6: error-rate=15 num-dialogs=500 ***
RESULTS:: 05:55:14: root                               EvaluationManager.py <_prstr>179 :  Results for domain: Laptops11 --evaluated by: objective success evaluator
RESULTS:: 05:55:14: root                               EvaluationManager.py <_prstr>179 :  # of dialogues  = 500
RESULTS:: 05:55:14: root                               EvaluationManager.py <_prstr>179 :  Average reward  = 5.26 +- 0.89
RESULTS:: 05:55:14: root                               EvaluationManager.py <_prstr>179 :  Average success = 65.80 +- 4.17
RESULTS:: 05:55:14: root                               EvaluationManager.py <_prstr>179 :  Average turns   = 7.90 +- 0.26
RESULTS:: 05:55:14: root                                   pydial.py <train_command>791 :  List of domains: Laptops11
RESULTS:: 05:55:14: root                                      pydial.py <trainBatch>409 :  *** Training Iteration env3-LAP-tau_nodrop_sort_noinco_4020_250100-seed1-15.6->env3-LAP-tau_nodrop_sort_noinco_4020_250100-seed1-15.7: iter=6, error-rate=15, num-dialogs=1000 ***
RESULTS:: 06:21:58: root                               EvaluationManager.py <_prstr>179 :  Results for domain: Laptops11 --evaluated by: objective success evaluator
RESULTS:: 06:21:58: root                               EvaluationManager.py <_prstr>179 :  # of dialogues  = 1000
RESULTS:: 06:21:58: root                               EvaluationManager.py <_prstr>179 :  Average reward  = 6.26 +- 0.62
RESULTS:: 06:21:58: root                               EvaluationManager.py <_prstr>179 :  Average success = 83.00 +- 2.33
RESULTS:: 06:21:58: root                               EvaluationManager.py <_prstr>179 :  Average turns   = 10.34 +- 0.31
RESULTS:: 06:21:58: root                                   pydial.py <setEvalConfig>470 :  *** Evaluating env3-LAP-tau_nodrop_sort_noinco_4020_250100-seed1-15.7: error-rate=15 num-dialogs=500 ***
RESULTS:: 06:32:12: root                               EvaluationManager.py <_prstr>179 :  Results for domain: Laptops11 --evaluated by: objective success evaluator
RESULTS:: 06:32:12: root                               EvaluationManager.py <_prstr>179 :  # of dialogues  = 500
RESULTS:: 06:32:12: root                               EvaluationManager.py <_prstr>179 :  Average reward  = 9.27 +- 0.71
RESULTS:: 06:32:12: root                               EvaluationManager.py <_prstr>179 :  Average success = 87.60 +- 2.90
RESULTS:: 06:32:12: root                               EvaluationManager.py <_prstr>179 :  Average turns   = 8.25 +- 0.31
RESULTS:: 06:32:12: root                                   pydial.py <train_command>791 :  List of domains: Laptops11
RESULTS:: 06:32:12: root                                      pydial.py <trainBatch>409 :  *** Training Iteration env3-LAP-tau_nodrop_sort_noinco_4020_250100-seed1-15.7->env3-LAP-tau_nodrop_sort_noinco_4020_250100-seed1-15.8: iter=7, error-rate=15, num-dialogs=1000 ***
RESULTS:: 06:58:47: root                               EvaluationManager.py <_prstr>179 :  Results for domain: Laptops11 --evaluated by: objective success evaluator
RESULTS:: 06:58:47: root                               EvaluationManager.py <_prstr>179 :  # of dialogues  = 1000
RESULTS:: 06:58:47: root                               EvaluationManager.py <_prstr>179 :  Average reward  = 6.76 +- 0.61
RESULTS:: 06:58:47: root                               EvaluationManager.py <_prstr>179 :  Average success = 85.20 +- 2.20
RESULTS:: 06:58:47: root                               EvaluationManager.py <_prstr>179 :  Average turns   = 10.28 +- 0.31
RESULTS:: 06:58:47: root                                   pydial.py <setEvalConfig>470 :  *** Evaluating env3-LAP-tau_nodrop_sort_noinco_4020_250100-seed1-15.8: error-rate=15 num-dialogs=500 ***
RESULTS:: 07:08:56: root                               EvaluationManager.py <_prstr>179 :  Results for domain: Laptops11 --evaluated by: objective success evaluator
RESULTS:: 07:08:56: root                               EvaluationManager.py <_prstr>179 :  # of dialogues  = 500
RESULTS:: 07:08:56: root                               EvaluationManager.py <_prstr>179 :  Average reward  = 9.74 +- 0.64
RESULTS:: 07:08:56: root                               EvaluationManager.py <_prstr>179 :  Average success = 90.40 +- 2.59
RESULTS:: 07:08:56: root                               EvaluationManager.py <_prstr>179 :  Average turns   = 8.34 +- 0.30
RESULTS:: 07:08:56: root                                   pydial.py <train_command>791 :  List of domains: Laptops11
RESULTS:: 07:08:56: root                                      pydial.py <trainBatch>409 :  *** Training Iteration env3-LAP-tau_nodrop_sort_noinco_4020_250100-seed1-15.8->env3-LAP-tau_nodrop_sort_noinco_4020_250100-seed1-15.9: iter=8, error-rate=15, num-dialogs=1000 ***
RESULTS:: 07:35:29: root                               EvaluationManager.py <_prstr>179 :  Results for domain: Laptops11 --evaluated by: objective success evaluator
RESULTS:: 07:35:29: root                               EvaluationManager.py <_prstr>179 :  # of dialogues  = 1000
RESULTS:: 07:35:29: root                               EvaluationManager.py <_prstr>179 :  Average reward  = 7.18 +- 0.58
RESULTS:: 07:35:29: root                               EvaluationManager.py <_prstr>179 :  Average success = 87.30 +- 2.07
RESULTS:: 07:35:29: root                               EvaluationManager.py <_prstr>179 :  Average turns   = 10.28 +- 0.30
RESULTS:: 07:35:29: root                                   pydial.py <setEvalConfig>470 :  *** Evaluating env3-LAP-tau_nodrop_sort_noinco_4020_250100-seed1-15.9: error-rate=15 num-dialogs=500 ***
RESULTS:: 07:46:18: root                               EvaluationManager.py <_prstr>179 :  Results for domain: Laptops11 --evaluated by: objective success evaluator
RESULTS:: 07:46:18: root                               EvaluationManager.py <_prstr>179 :  # of dialogues  = 500
RESULTS:: 07:46:18: root                               EvaluationManager.py <_prstr>179 :  Average reward  = 8.11 +- 0.78
RESULTS:: 07:46:18: root                               EvaluationManager.py <_prstr>179 :  Average success = 84.80 +- 3.15
RESULTS:: 07:46:18: root                               EvaluationManager.py <_prstr>179 :  Average turns   = 8.85 +- 0.32
RESULTS:: 07:46:18: root                                   pydial.py <train_command>791 :  List of domains: Laptops11
RESULTS:: 07:46:18: root                                      pydial.py <trainBatch>409 :  *** Training Iteration env3-LAP-tau_nodrop_sort_noinco_4020_250100-seed1-15.9->env3-LAP-tau_nodrop_sort_noinco_4020_250100-seed1-15.10: iter=9, error-rate=15, num-dialogs=1000 ***
RESULTS:: 08:13:42: root                               EvaluationManager.py <_prstr>179 :  Results for domain: Laptops11 --evaluated by: objective success evaluator
RESULTS:: 08:13:42: root                               EvaluationManager.py <_prstr>179 :  # of dialogues  = 1000
RESULTS:: 08:13:42: root                               EvaluationManager.py <_prstr>179 :  Average reward  = 5.95 +- 0.68
RESULTS:: 08:13:42: root                               EvaluationManager.py <_prstr>179 :  Average success = 82.40 +- 2.36
RESULTS:: 08:13:42: root                               EvaluationManager.py <_prstr>179 :  Average turns   = 10.53 +- 0.34
RESULTS:: 08:13:42: root                                   pydial.py <setEvalConfig>470 :  *** Evaluating env3-LAP-tau_nodrop_sort_noinco_4020_250100-seed1-15.10: error-rate=15 num-dialogs=500 ***
RESULTS:: 08:24:27: root                               EvaluationManager.py <_prstr>179 :  Results for domain: Laptops11 --evaluated by: objective success evaluator
RESULTS:: 08:24:27: root                               EvaluationManager.py <_prstr>179 :  # of dialogues  = 500
RESULTS:: 08:24:27: root                               EvaluationManager.py <_prstr>179 :  Average reward  = 9.67 +- 0.66
RESULTS:: 08:24:27: root                               EvaluationManager.py <_prstr>179 :  Average success = 92.00 +- 2.38
RESULTS:: 08:24:27: root                               EvaluationManager.py <_prstr>179 :  Average turns   = 8.73 +- 0.36
RESULTS:: 08:24:27: root                                   pydial.py <train_command>807 :  *** Training complete. log: env3-LAP-tau_nodrop_sort_noinco_4020_250100-seed1-15.1-10.train.log - final policy is env3-LAP-tau_nodrop_sort_noinco_4020_250100-15-10
