RESULTS:: 02:18:43: root                                   pydial.py <train_command>791 :  List of domains: Laptops11
RESULTS:: 02:18:43: root                                      pydial.py <trainBatch>409 :  *** Training Iteration env3-LAP-tau_nodrop_sort_noinco_4020_250100-seed6-15.0->env3-LAP-tau_nodrop_sort_noinco_4020_250100-seed6-15.1: iter=0, error-rate=15, num-dialogs=1000 ***
RESULTS:: 02:39:46: root                               EvaluationManager.py <_prstr>179 :  Results for domain: Laptops11 --evaluated by: objective success evaluator
RESULTS:: 02:39:46: root                               EvaluationManager.py <_prstr>179 :  # of dialogues  = 1000
RESULTS:: 02:39:46: root                               EvaluationManager.py <_prstr>179 :  Average reward  = 4.55 +- 0.67
RESULTS:: 02:39:46: root                               EvaluationManager.py <_prstr>179 :  Average success = 72.50 +- 2.77
RESULTS:: 02:39:46: root                               EvaluationManager.py <_prstr>179 :  Average turns   = 9.95 +- 0.29
RESULTS:: 02:39:46: root                                   pydial.py <setEvalConfig>470 :  *** Evaluating env3-LAP-tau_nodrop_sort_noinco_4020_250100-seed6-15.1: error-rate=15 num-dialogs=500 ***
RESULTS:: 02:49:43: root                               EvaluationManager.py <_prstr>179 :  Results for domain: Laptops11 --evaluated by: objective success evaluator
RESULTS:: 02:49:43: root                               EvaluationManager.py <_prstr>179 :  # of dialogues  = 500
RESULTS:: 02:49:43: root                               EvaluationManager.py <_prstr>179 :  Average reward  = 9.10 +- 0.71
RESULTS:: 02:49:43: root                               EvaluationManager.py <_prstr>179 :  Average success = 85.80 +- 3.07
RESULTS:: 02:49:43: root                               EvaluationManager.py <_prstr>179 :  Average turns   = 8.06 +- 0.30
RESULTS:: 02:49:43: root                                   pydial.py <train_command>791 :  List of domains: Laptops11
RESULTS:: 02:49:43: root                                      pydial.py <trainBatch>409 :  *** Training Iteration env3-LAP-tau_nodrop_sort_noinco_4020_250100-seed6-15.1->env3-LAP-tau_nodrop_sort_noinco_4020_250100-seed6-15.2: iter=1, error-rate=15, num-dialogs=1000 ***
RESULTS:: 03:16:16: root                               EvaluationManager.py <_prstr>179 :  Results for domain: Laptops11 --evaluated by: objective success evaluator
RESULTS:: 03:16:16: root                               EvaluationManager.py <_prstr>179 :  # of dialogues  = 1000
RESULTS:: 03:16:16: root                               EvaluationManager.py <_prstr>179 :  Average reward  = 6.21 +- 0.62
RESULTS:: 03:16:16: root                               EvaluationManager.py <_prstr>179 :  Average success = 83.00 +- 2.33
RESULTS:: 03:16:16: root                               EvaluationManager.py <_prstr>179 :  Average turns   = 10.39 +- 0.31
RESULTS:: 03:16:16: root                                   pydial.py <setEvalConfig>470 :  *** Evaluating env3-LAP-tau_nodrop_sort_noinco_4020_250100-seed6-15.2: error-rate=15 num-dialogs=500 ***
RESULTS:: 03:26:05: root                               EvaluationManager.py <_prstr>179 :  Results for domain: Laptops11 --evaluated by: objective success evaluator
RESULTS:: 03:26:05: root                               EvaluationManager.py <_prstr>179 :  # of dialogues  = 500
RESULTS:: 03:26:05: root                               EvaluationManager.py <_prstr>179 :  Average reward  = 5.81 +- 0.92
RESULTS:: 03:26:05: root                               EvaluationManager.py <_prstr>179 :  Average success = 69.00 +- 4.06
RESULTS:: 03:26:05: root                               EvaluationManager.py <_prstr>179 :  Average turns   = 7.99 +- 0.25
RESULTS:: 03:26:05: root                                   pydial.py <train_command>791 :  List of domains: Laptops11
RESULTS:: 03:26:05: root                                      pydial.py <trainBatch>409 :  *** Training Iteration env3-LAP-tau_nodrop_sort_noinco_4020_250100-seed6-15.2->env3-LAP-tau_nodrop_sort_noinco_4020_250100-seed6-15.3: iter=2, error-rate=15, num-dialogs=1000 ***
RESULTS:: 03:52:15: root                               EvaluationManager.py <_prstr>179 :  Results for domain: Laptops11 --evaluated by: objective success evaluator
RESULTS:: 03:52:15: root                               EvaluationManager.py <_prstr>179 :  # of dialogues  = 1000
RESULTS:: 03:52:15: root                               EvaluationManager.py <_prstr>179 :  Average reward  = 6.71 +- 0.59
RESULTS:: 03:52:15: root                               EvaluationManager.py <_prstr>179 :  Average success = 85.10 +- 2.21
RESULTS:: 03:52:15: root                               EvaluationManager.py <_prstr>179 :  Average turns   = 10.30 +- 0.30
RESULTS:: 03:52:15: root                                   pydial.py <setEvalConfig>470 :  *** Evaluating env3-LAP-tau_nodrop_sort_noinco_4020_250100-seed6-15.3: error-rate=15 num-dialogs=500 ***
RESULTS:: 04:03:06: root                               EvaluationManager.py <_prstr>179 :  Results for domain: Laptops11 --evaluated by: objective success evaluator
RESULTS:: 04:03:06: root                               EvaluationManager.py <_prstr>179 :  # of dialogues  = 500
RESULTS:: 04:03:06: root                               EvaluationManager.py <_prstr>179 :  Average reward  = 8.30 +- 0.77
RESULTS:: 04:03:06: root                               EvaluationManager.py <_prstr>179 :  Average success = 84.80 +- 3.15
RESULTS:: 04:03:06: root                               EvaluationManager.py <_prstr>179 :  Average turns   = 8.66 +- 0.33
RESULTS:: 04:03:06: root                                   pydial.py <train_command>791 :  List of domains: Laptops11
RESULTS:: 04:03:06: root                                      pydial.py <trainBatch>409 :  *** Training Iteration env3-LAP-tau_nodrop_sort_noinco_4020_250100-seed6-15.3->env3-LAP-tau_nodrop_sort_noinco_4020_250100-seed6-15.4: iter=3, error-rate=15, num-dialogs=1000 ***
RESULTS:: 04:30:06: root                               EvaluationManager.py <_prstr>179 :  Results for domain: Laptops11 --evaluated by: objective success evaluator
RESULTS:: 04:30:06: root                               EvaluationManager.py <_prstr>179 :  # of dialogues  = 1000
RESULTS:: 04:30:06: root                               EvaluationManager.py <_prstr>179 :  Average reward  = 6.18 +- 0.64
RESULTS:: 04:30:06: root                               EvaluationManager.py <_prstr>179 :  Average success = 83.80 +- 2.29
RESULTS:: 04:30:06: root                               EvaluationManager.py <_prstr>179 :  Average turns   = 10.58 +- 0.34
RESULTS:: 04:30:06: root                                   pydial.py <setEvalConfig>470 :  *** Evaluating env3-LAP-tau_nodrop_sort_noinco_4020_250100-seed6-15.4: error-rate=15 num-dialogs=500 ***
RESULTS:: 04:40:52: root                               EvaluationManager.py <_prstr>179 :  Results for domain: Laptops11 --evaluated by: objective success evaluator
RESULTS:: 04:40:52: root                               EvaluationManager.py <_prstr>179 :  # of dialogues  = 500
RESULTS:: 04:40:52: root                               EvaluationManager.py <_prstr>179 :  Average reward  = 9.22 +- 0.70
RESULTS:: 04:40:52: root                               EvaluationManager.py <_prstr>179 :  Average success = 89.20 +- 2.73
RESULTS:: 04:40:52: root                               EvaluationManager.py <_prstr>179 :  Average turns   = 8.62 +- 0.34
RESULTS:: 04:40:52: root                                   pydial.py <train_command>791 :  List of domains: Laptops11
RESULTS:: 04:40:52: root                                      pydial.py <trainBatch>409 :  *** Training Iteration env3-LAP-tau_nodrop_sort_noinco_4020_250100-seed6-15.4->env3-LAP-tau_nodrop_sort_noinco_4020_250100-seed6-15.5: iter=4, error-rate=15, num-dialogs=1000 ***
RESULTS:: 05:07:58: root                               EvaluationManager.py <_prstr>179 :  Results for domain: Laptops11 --evaluated by: objective success evaluator
RESULTS:: 05:07:58: root                               EvaluationManager.py <_prstr>179 :  # of dialogues  = 1000
RESULTS:: 05:07:58: root                               EvaluationManager.py <_prstr>179 :  Average reward  = 5.83 +- 0.67
RESULTS:: 05:07:58: root                               EvaluationManager.py <_prstr>179 :  Average success = 82.20 +- 2.37
RESULTS:: 05:07:58: root                               EvaluationManager.py <_prstr>179 :  Average turns   = 10.62 +- 0.32
RESULTS:: 05:07:58: root                                   pydial.py <setEvalConfig>470 :  *** Evaluating env3-LAP-tau_nodrop_sort_noinco_4020_250100-seed6-15.5: error-rate=15 num-dialogs=500 ***
RESULTS:: 05:18:04: root                               EvaluationManager.py <_prstr>179 :  Results for domain: Laptops11 --evaluated by: objective success evaluator
RESULTS:: 05:18:04: root                               EvaluationManager.py <_prstr>179 :  # of dialogues  = 500
RESULTS:: 05:18:04: root                               EvaluationManager.py <_prstr>179 :  Average reward  = 7.34 +- 0.85
RESULTS:: 05:18:04: root                               EvaluationManager.py <_prstr>179 :  Average success = 79.20 +- 3.57
RESULTS:: 05:18:04: root                               EvaluationManager.py <_prstr>179 :  Average turns   = 8.50 +- 0.33
RESULTS:: 05:18:04: root                                   pydial.py <train_command>791 :  List of domains: Laptops11
RESULTS:: 05:18:04: root                                      pydial.py <trainBatch>409 :  *** Training Iteration env3-LAP-tau_nodrop_sort_noinco_4020_250100-seed6-15.5->env3-LAP-tau_nodrop_sort_noinco_4020_250100-seed6-15.6: iter=5, error-rate=15, num-dialogs=1000 ***
RESULTS:: 05:44:34: root                               EvaluationManager.py <_prstr>179 :  Results for domain: Laptops11 --evaluated by: objective success evaluator
RESULTS:: 05:44:34: root                               EvaluationManager.py <_prstr>179 :  # of dialogues  = 1000
RESULTS:: 05:44:34: root                               EvaluationManager.py <_prstr>179 :  Average reward  = 6.61 +- 0.61
RESULTS:: 05:44:34: root                               EvaluationManager.py <_prstr>179 :  Average success = 84.20 +- 2.26
RESULTS:: 05:44:34: root                               EvaluationManager.py <_prstr>179 :  Average turns   = 10.23 +- 0.31
RESULTS:: 05:44:34: root                                   pydial.py <setEvalConfig>470 :  *** Evaluating env3-LAP-tau_nodrop_sort_noinco_4020_250100-seed6-15.6: error-rate=15 num-dialogs=500 ***
RESULTS:: 05:53:55: root                               EvaluationManager.py <_prstr>179 :  Results for domain: Laptops11 --evaluated by: objective success evaluator
RESULTS:: 05:53:55: root                               EvaluationManager.py <_prstr>179 :  # of dialogues  = 500
RESULTS:: 05:53:55: root                               EvaluationManager.py <_prstr>179 :  Average reward  = 6.20 +- 0.87
RESULTS:: 05:53:55: root                               EvaluationManager.py <_prstr>179 :  Average success = 69.80 +- 4.03
RESULTS:: 05:53:55: root                               EvaluationManager.py <_prstr>179 :  Average turns   = 7.76 +- 0.26
RESULTS:: 05:53:55: root                                   pydial.py <train_command>791 :  List of domains: Laptops11
RESULTS:: 05:53:55: root                                      pydial.py <trainBatch>409 :  *** Training Iteration env3-LAP-tau_nodrop_sort_noinco_4020_250100-seed6-15.6->env3-LAP-tau_nodrop_sort_noinco_4020_250100-seed6-15.7: iter=6, error-rate=15, num-dialogs=1000 ***
RESULTS:: 06:20:16: root                               EvaluationManager.py <_prstr>179 :  Results for domain: Laptops11 --evaluated by: objective success evaluator
RESULTS:: 06:20:16: root                               EvaluationManager.py <_prstr>179 :  # of dialogues  = 1000
RESULTS:: 06:20:16: root                               EvaluationManager.py <_prstr>179 :  Average reward  = 6.48 +- 0.62
RESULTS:: 06:20:16: root                               EvaluationManager.py <_prstr>179 :  Average success = 83.50 +- 2.30
RESULTS:: 06:20:16: root                               EvaluationManager.py <_prstr>179 :  Average turns   = 10.22 +- 0.32
RESULTS:: 06:20:16: root                                   pydial.py <setEvalConfig>470 :  *** Evaluating env3-LAP-tau_nodrop_sort_noinco_4020_250100-seed6-15.7: error-rate=15 num-dialogs=500 ***
RESULTS:: 06:30:27: root                               EvaluationManager.py <_prstr>179 :  Results for domain: Laptops11 --evaluated by: objective success evaluator
RESULTS:: 06:30:27: root                               EvaluationManager.py <_prstr>179 :  # of dialogues  = 500
RESULTS:: 06:30:27: root                               EvaluationManager.py <_prstr>179 :  Average reward  = 4.28 +- 0.90
RESULTS:: 06:30:27: root                               EvaluationManager.py <_prstr>179 :  Average success = 63.60 +- 4.23
RESULTS:: 06:30:27: root                               EvaluationManager.py <_prstr>179 :  Average turns   = 8.44 +- 0.31
RESULTS:: 06:30:27: root                                   pydial.py <train_command>791 :  List of domains: Laptops11
RESULTS:: 06:30:27: root                                      pydial.py <trainBatch>409 :  *** Training Iteration env3-LAP-tau_nodrop_sort_noinco_4020_250100-seed6-15.7->env3-LAP-tau_nodrop_sort_noinco_4020_250100-seed6-15.8: iter=7, error-rate=15, num-dialogs=1000 ***
RESULTS:: 06:56:16: root                               EvaluationManager.py <_prstr>179 :  Results for domain: Laptops11 --evaluated by: objective success evaluator
RESULTS:: 06:56:16: root                               EvaluationManager.py <_prstr>179 :  # of dialogues  = 1000
RESULTS:: 06:56:16: root                               EvaluationManager.py <_prstr>179 :  Average reward  = 6.67 +- 0.61
RESULTS:: 06:56:16: root                               EvaluationManager.py <_prstr>179 :  Average success = 83.40 +- 2.31
RESULTS:: 06:56:16: root                               EvaluationManager.py <_prstr>179 :  Average turns   = 10.01 +- 0.29
RESULTS:: 06:56:16: root                                   pydial.py <setEvalConfig>470 :  *** Evaluating env3-LAP-tau_nodrop_sort_noinco_4020_250100-seed6-15.8: error-rate=15 num-dialogs=500 ***
RESULTS:: 07:06:44: root                               EvaluationManager.py <_prstr>179 :  Results for domain: Laptops11 --evaluated by: objective success evaluator
RESULTS:: 07:06:44: root                               EvaluationManager.py <_prstr>179 :  # of dialogues  = 500
RESULTS:: 07:06:44: root                               EvaluationManager.py <_prstr>179 :  Average reward  = 7.08 +- 0.84
RESULTS:: 07:06:44: root                               EvaluationManager.py <_prstr>179 :  Average success = 78.60 +- 3.60
RESULTS:: 07:06:44: root                               EvaluationManager.py <_prstr>179 :  Average turns   = 8.64 +- 0.32
RESULTS:: 07:06:44: root                                   pydial.py <train_command>791 :  List of domains: Laptops11
RESULTS:: 07:06:44: root                                      pydial.py <trainBatch>409 :  *** Training Iteration env3-LAP-tau_nodrop_sort_noinco_4020_250100-seed6-15.8->env3-LAP-tau_nodrop_sort_noinco_4020_250100-seed6-15.9: iter=8, error-rate=15, num-dialogs=1000 ***
RESULTS:: 07:33:34: root                               EvaluationManager.py <_prstr>179 :  Results for domain: Laptops11 --evaluated by: objective success evaluator
RESULTS:: 07:33:34: root                               EvaluationManager.py <_prstr>179 :  # of dialogues  = 1000
RESULTS:: 07:33:34: root                               EvaluationManager.py <_prstr>179 :  Average reward  = 6.52 +- 0.62
RESULTS:: 07:33:34: root                               EvaluationManager.py <_prstr>179 :  Average success = 84.20 +- 2.26
RESULTS:: 07:33:34: root                               EvaluationManager.py <_prstr>179 :  Average turns   = 10.32 +- 0.31
RESULTS:: 07:33:34: root                                   pydial.py <setEvalConfig>470 :  *** Evaluating env3-LAP-tau_nodrop_sort_noinco_4020_250100-seed6-15.9: error-rate=15 num-dialogs=500 ***
RESULTS:: 07:44:16: root                               EvaluationManager.py <_prstr>179 :  Results for domain: Laptops11 --evaluated by: objective success evaluator
RESULTS:: 07:44:16: root                               EvaluationManager.py <_prstr>179 :  # of dialogues  = 500
RESULTS:: 07:44:16: root                               EvaluationManager.py <_prstr>179 :  Average reward  = 7.32 +- 0.89
RESULTS:: 07:44:16: root                               EvaluationManager.py <_prstr>179 :  Average success = 80.00 +- 3.51
RESULTS:: 07:44:16: root                               EvaluationManager.py <_prstr>179 :  Average turns   = 8.68 +- 0.35
RESULTS:: 07:44:16: root                                   pydial.py <train_command>791 :  List of domains: Laptops11
RESULTS:: 07:44:16: root                                      pydial.py <trainBatch>409 :  *** Training Iteration env3-LAP-tau_nodrop_sort_noinco_4020_250100-seed6-15.9->env3-LAP-tau_nodrop_sort_noinco_4020_250100-seed6-15.10: iter=9, error-rate=15, num-dialogs=1000 ***
RESULTS:: 08:11:45: root                               EvaluationManager.py <_prstr>179 :  Results for domain: Laptops11 --evaluated by: objective success evaluator
RESULTS:: 08:11:45: root                               EvaluationManager.py <_prstr>179 :  # of dialogues  = 1000
RESULTS:: 08:11:45: root                               EvaluationManager.py <_prstr>179 :  Average reward  = 6.39 +- 0.63
RESULTS:: 08:11:45: root                               EvaluationManager.py <_prstr>179 :  Average success = 84.50 +- 2.25
RESULTS:: 08:11:45: root                               EvaluationManager.py <_prstr>179 :  Average turns   = 10.51 +- 0.32
RESULTS:: 08:11:45: root                                   pydial.py <setEvalConfig>470 :  *** Evaluating env3-LAP-tau_nodrop_sort_noinco_4020_250100-seed6-15.10: error-rate=15 num-dialogs=500 ***
RESULTS:: 08:22:32: root                               EvaluationManager.py <_prstr>179 :  Results for domain: Laptops11 --evaluated by: objective success evaluator
RESULTS:: 08:22:32: root                               EvaluationManager.py <_prstr>179 :  # of dialogues  = 500
RESULTS:: 08:22:32: root                               EvaluationManager.py <_prstr>179 :  Average reward  = 8.54 +- 0.74
RESULTS:: 08:22:32: root                               EvaluationManager.py <_prstr>179 :  Average success = 86.20 +- 3.03
RESULTS:: 08:22:32: root                               EvaluationManager.py <_prstr>179 :  Average turns   = 8.70 +- 0.35
RESULTS:: 08:22:32: root                                   pydial.py <train_command>807 :  *** Training complete. log: env3-LAP-tau_nodrop_sort_noinco_4020_250100-seed6-15.1-10.train.log - final policy is env3-LAP-tau_nodrop_sort_noinco_4020_250100-15-10
