RESULTS:: 11:14:52: root                                   pydial.py <train_command>791 :  List of domains: Laptops11
RESULTS:: 11:14:52: root                                      pydial.py <trainBatch>409 :  *** Training Iteration env3-LAP-tau_sort_4020_0100_250100_0100-seed9-15.0->env3-LAP-tau_sort_4020_0100_250100_0100-seed9-15.1: iter=0, error-rate=15, num-dialogs=1000 ***
RESULTS:: 11:49:01: root                               EvaluationManager.py <_prstr>179 :  Results for domain: Laptops11 --evaluated by: objective success evaluator
RESULTS:: 11:49:01: root                               EvaluationManager.py <_prstr>179 :  # of dialogues  = 1000
RESULTS:: 11:49:01: root                               EvaluationManager.py <_prstr>179 :  Average reward  = 2.58 +- 0.72
RESULTS:: 11:49:01: root                               EvaluationManager.py <_prstr>179 :  Average success = 65.20 +- 2.96
RESULTS:: 11:49:01: root                               EvaluationManager.py <_prstr>179 :  Average turns   = 10.46 +- 0.30
RESULTS:: 11:49:01: root                                   pydial.py <setEvalConfig>470 :  *** Evaluating env3-LAP-tau_sort_4020_0100_250100_0100-seed9-15.1: error-rate=15 num-dialogs=500 ***
RESULTS:: 12:02:26: root                               EvaluationManager.py <_prstr>179 :  Results for domain: Laptops11 --evaluated by: objective success evaluator
RESULTS:: 12:02:26: root                               EvaluationManager.py <_prstr>179 :  # of dialogues  = 500
RESULTS:: 12:02:26: root                               EvaluationManager.py <_prstr>179 :  Average reward  = 7.90 +- 0.79
RESULTS:: 12:02:26: root                               EvaluationManager.py <_prstr>179 :  Average success = 81.20 +- 3.43
RESULTS:: 12:02:26: root                               EvaluationManager.py <_prstr>179 :  Average turns   = 8.34 +- 0.29
RESULTS:: 12:02:26: root                                   pydial.py <train_command>791 :  List of domains: Laptops11
RESULTS:: 12:02:26: root                                      pydial.py <trainBatch>409 :  *** Training Iteration env3-LAP-tau_sort_4020_0100_250100_0100-seed9-15.1->env3-LAP-tau_sort_4020_0100_250100_0100-seed9-15.2: iter=1, error-rate=15, num-dialogs=1000 ***
RESULTS:: 12:36:34: root                               EvaluationManager.py <_prstr>179 :  Results for domain: Laptops11 --evaluated by: objective success evaluator
RESULTS:: 12:36:34: root                               EvaluationManager.py <_prstr>179 :  # of dialogues  = 1000
RESULTS:: 12:36:34: root                               EvaluationManager.py <_prstr>179 :  Average reward  = 5.89 +- 0.65
RESULTS:: 12:36:34: root                               EvaluationManager.py <_prstr>179 :  Average success = 81.20 +- 2.42
RESULTS:: 12:36:34: root                               EvaluationManager.py <_prstr>179 :  Average turns   = 10.35 +- 0.32
RESULTS:: 12:36:34: root                                   pydial.py <setEvalConfig>470 :  *** Evaluating env3-LAP-tau_sort_4020_0100_250100_0100-seed9-15.2: error-rate=15 num-dialogs=500 ***
RESULTS:: 12:49:47: root                               EvaluationManager.py <_prstr>179 :  Results for domain: Laptops11 --evaluated by: objective success evaluator
RESULTS:: 12:49:47: root                               EvaluationManager.py <_prstr>179 :  # of dialogues  = 500
RESULTS:: 12:49:47: root                               EvaluationManager.py <_prstr>179 :  Average reward  = 7.01 +- 0.82
RESULTS:: 12:49:47: root                               EvaluationManager.py <_prstr>179 :  Average success = 76.80 +- 3.71
RESULTS:: 12:49:47: root                               EvaluationManager.py <_prstr>179 :  Average turns   = 8.35 +- 0.30
RESULTS:: 12:49:47: root                                   pydial.py <train_command>791 :  List of domains: Laptops11
RESULTS:: 12:49:47: root                                      pydial.py <trainBatch>409 :  *** Training Iteration env3-LAP-tau_sort_4020_0100_250100_0100-seed9-15.2->env3-LAP-tau_sort_4020_0100_250100_0100-seed9-15.3: iter=2, error-rate=15, num-dialogs=1000 ***
RESULTS:: 13:24:48: root                               EvaluationManager.py <_prstr>179 :  Results for domain: Laptops11 --evaluated by: objective success evaluator
RESULTS:: 13:24:48: root                               EvaluationManager.py <_prstr>179 :  # of dialogues  = 1000
RESULTS:: 13:24:48: root                               EvaluationManager.py <_prstr>179 :  Average reward  = 6.43 +- 0.67
RESULTS:: 13:24:48: root                               EvaluationManager.py <_prstr>179 :  Average success = 84.40 +- 2.25
RESULTS:: 13:24:48: root                               EvaluationManager.py <_prstr>179 :  Average turns   = 10.45 +- 0.34
RESULTS:: 13:24:48: root                                   pydial.py <setEvalConfig>470 :  *** Evaluating env3-LAP-tau_sort_4020_0100_250100_0100-seed9-15.3: error-rate=15 num-dialogs=500 ***
RESULTS:: 13:39:25: root                               EvaluationManager.py <_prstr>179 :  Results for domain: Laptops11 --evaluated by: objective success evaluator
RESULTS:: 13:39:25: root                               EvaluationManager.py <_prstr>179 :  # of dialogues  = 500
RESULTS:: 13:39:25: root                               EvaluationManager.py <_prstr>179 :  Average reward  = 7.82 +- 0.80
RESULTS:: 13:39:25: root                               EvaluationManager.py <_prstr>179 :  Average success = 83.00 +- 3.30
RESULTS:: 13:39:25: root                               EvaluationManager.py <_prstr>179 :  Average turns   = 8.78 +- 0.33
RESULTS:: 13:39:25: root                                   pydial.py <train_command>791 :  List of domains: Laptops11
RESULTS:: 13:39:25: root                                      pydial.py <trainBatch>409 :  *** Training Iteration env3-LAP-tau_sort_4020_0100_250100_0100-seed9-15.3->env3-LAP-tau_sort_4020_0100_250100_0100-seed9-15.4: iter=3, error-rate=15, num-dialogs=1000 ***
RESULTS:: 14:17:20: root                               EvaluationManager.py <_prstr>179 :  Results for domain: Laptops11 --evaluated by: objective success evaluator
RESULTS:: 14:17:20: root                               EvaluationManager.py <_prstr>179 :  # of dialogues  = 1000
RESULTS:: 14:17:20: root                               EvaluationManager.py <_prstr>179 :  Average reward  = 5.56 +- 0.68
RESULTS:: 14:17:20: root                               EvaluationManager.py <_prstr>179 :  Average success = 81.70 +- 2.40
RESULTS:: 14:17:20: root                               EvaluationManager.py <_prstr>179 :  Average turns   = 10.78 +- 0.33
RESULTS:: 14:17:20: root                                   pydial.py <setEvalConfig>470 :  *** Evaluating env3-LAP-tau_sort_4020_0100_250100_0100-seed9-15.4: error-rate=15 num-dialogs=500 ***
RESULTS:: 14:34:55: root                               EvaluationManager.py <_prstr>179 :  Results for domain: Laptops11 --evaluated by: objective success evaluator
RESULTS:: 14:34:55: root                               EvaluationManager.py <_prstr>179 :  # of dialogues  = 500
RESULTS:: 14:34:55: root                               EvaluationManager.py <_prstr>179 :  Average reward  = 7.44 +- 0.84
RESULTS:: 14:34:55: root                               EvaluationManager.py <_prstr>179 :  Average success = 85.00 +- 3.14
RESULTS:: 14:34:55: root                               EvaluationManager.py <_prstr>179 :  Average turns   = 9.56 +- 0.39
RESULTS:: 14:34:55: root                                   pydial.py <train_command>807 :  *** Training complete. log: env3-LAP-tau_sort_4020_0100_250100_0100-seed9-15.1-4.train.log - final policy is env3-LAP-tau_sort_4020_0100_250100_0100-15-04
