RESULTS:: 02:34:01: root                                   pydial.py <train_command>791 :  List of domains: SFRestaurants
RESULTS:: 02:34:01: root                                      pydial.py <trainBatch>409 :  *** Training Iteration env3-SFR-tau_nodrop_sort_noinco_4020_250100-seed1-15.0->env3-SFR-tau_nodrop_sort_noinco_4020_250100-seed1-15.1: iter=0, error-rate=15, num-dialogs=1000 ***
RESULTS:: 02:58:34: root                               EvaluationManager.py <_prstr>179 :  Results for domain: SFRestaurants --evaluated by: objective success evaluator
RESULTS:: 02:58:34: root                               EvaluationManager.py <_prstr>179 :  # of dialogues  = 1000
RESULTS:: 02:58:34: root                               EvaluationManager.py <_prstr>179 :  Average reward  = 1.96 +- 0.70
RESULTS:: 02:58:34: root                               EvaluationManager.py <_prstr>179 :  Average success = 60.70 +- 3.03
RESULTS:: 02:58:34: root                               EvaluationManager.py <_prstr>179 :  Average turns   = 10.18 +- 0.27
RESULTS:: 02:58:34: root                                   pydial.py <setEvalConfig>470 :  *** Evaluating env3-SFR-tau_nodrop_sort_noinco_4020_250100-seed1-15.1: error-rate=15 num-dialogs=500 ***
RESULTS:: 03:06:34: root                               EvaluationManager.py <_prstr>179 :  Results for domain: SFRestaurants --evaluated by: objective success evaluator
RESULTS:: 03:06:34: root                               EvaluationManager.py <_prstr>179 :  # of dialogues  = 500
RESULTS:: 03:06:34: root                               EvaluationManager.py <_prstr>179 :  Average reward  = 4.19 +- 0.95
RESULTS:: 03:06:34: root                               EvaluationManager.py <_prstr>179 :  Average success = 59.00 +- 4.32
RESULTS:: 03:06:34: root                               EvaluationManager.py <_prstr>179 :  Average turns   = 7.61 +- 0.25
RESULTS:: 03:06:34: root                                   pydial.py <train_command>791 :  List of domains: SFRestaurants
RESULTS:: 03:06:34: root                                      pydial.py <trainBatch>409 :  *** Training Iteration env3-SFR-tau_nodrop_sort_noinco_4020_250100-seed1-15.1->env3-SFR-tau_nodrop_sort_noinco_4020_250100-seed1-15.2: iter=1, error-rate=15, num-dialogs=1000 ***
RESULTS:: 03:31:57: root                               EvaluationManager.py <_prstr>179 :  Results for domain: SFRestaurants --evaluated by: objective success evaluator
RESULTS:: 03:31:57: root                               EvaluationManager.py <_prstr>179 :  # of dialogues  = 1000
RESULTS:: 03:31:57: root                               EvaluationManager.py <_prstr>179 :  Average reward  = 6.26 +- 0.62
RESULTS:: 03:31:57: root                               EvaluationManager.py <_prstr>179 :  Average success = 82.00 +- 2.38
RESULTS:: 03:31:57: root                               EvaluationManager.py <_prstr>179 :  Average turns   = 10.14 +- 0.30
RESULTS:: 03:31:57: root                                   pydial.py <setEvalConfig>470 :  *** Evaluating env3-SFR-tau_nodrop_sort_noinco_4020_250100-seed1-15.2: error-rate=15 num-dialogs=500 ***
RESULTS:: 03:41:05: root                               EvaluationManager.py <_prstr>179 :  Results for domain: SFRestaurants --evaluated by: objective success evaluator
RESULTS:: 03:41:05: root                               EvaluationManager.py <_prstr>179 :  # of dialogues  = 500
RESULTS:: 03:41:05: root                               EvaluationManager.py <_prstr>179 :  Average reward  = 10.49 +- 0.59
RESULTS:: 03:41:05: root                               EvaluationManager.py <_prstr>179 :  Average success = 92.80 +- 2.27
RESULTS:: 03:41:05: root                               EvaluationManager.py <_prstr>179 :  Average turns   = 8.07 +- 0.32
RESULTS:: 03:41:05: root                                   pydial.py <train_command>791 :  List of domains: SFRestaurants
RESULTS:: 03:41:05: root                                      pydial.py <trainBatch>409 :  *** Training Iteration env3-SFR-tau_nodrop_sort_noinco_4020_250100-seed1-15.2->env3-SFR-tau_nodrop_sort_noinco_4020_250100-seed1-15.3: iter=2, error-rate=15, num-dialogs=1000 ***
RESULTS:: 04:05:36: root                               EvaluationManager.py <_prstr>179 :  Results for domain: SFRestaurants --evaluated by: objective success evaluator
RESULTS:: 04:05:36: root                               EvaluationManager.py <_prstr>179 :  # of dialogues  = 1000
RESULTS:: 04:05:36: root                               EvaluationManager.py <_prstr>179 :  Average reward  = 7.55 +- 0.54
RESULTS:: 04:05:36: root                               EvaluationManager.py <_prstr>179 :  Average success = 87.30 +- 2.07
RESULTS:: 04:05:36: root                               EvaluationManager.py <_prstr>179 :  Average turns   = 9.91 +- 0.28
RESULTS:: 04:05:36: root                                   pydial.py <setEvalConfig>470 :  *** Evaluating env3-SFR-tau_nodrop_sort_noinco_4020_250100-seed1-15.3: error-rate=15 num-dialogs=500 ***
RESULTS:: 04:15:19: root                               EvaluationManager.py <_prstr>179 :  Results for domain: SFRestaurants --evaluated by: objective success evaluator
RESULTS:: 04:15:19: root                               EvaluationManager.py <_prstr>179 :  # of dialogues  = 500
RESULTS:: 04:15:19: root                               EvaluationManager.py <_prstr>179 :  Average reward  = 9.45 +- 0.68
RESULTS:: 04:15:19: root                               EvaluationManager.py <_prstr>179 :  Average success = 89.20 +- 2.73
RESULTS:: 04:15:19: root                               EvaluationManager.py <_prstr>179 :  Average turns   = 8.39 +- 0.32
RESULTS:: 04:15:19: root                                   pydial.py <train_command>791 :  List of domains: SFRestaurants
RESULTS:: 04:15:19: root                                      pydial.py <trainBatch>409 :  *** Training Iteration env3-SFR-tau_nodrop_sort_noinco_4020_250100-seed1-15.3->env3-SFR-tau_nodrop_sort_noinco_4020_250100-seed1-15.4: iter=3, error-rate=15, num-dialogs=1000 ***
RESULTS:: 04:39:58: root                               EvaluationManager.py <_prstr>179 :  Results for domain: SFRestaurants --evaluated by: objective success evaluator
RESULTS:: 04:39:58: root                               EvaluationManager.py <_prstr>179 :  # of dialogues  = 1000
RESULTS:: 04:39:58: root                               EvaluationManager.py <_prstr>179 :  Average reward  = 6.97 +- 0.58
RESULTS:: 04:39:58: root                               EvaluationManager.py <_prstr>179 :  Average success = 85.40 +- 2.19
RESULTS:: 04:39:58: root                               EvaluationManager.py <_prstr>179 :  Average turns   = 10.11 +- 0.28
RESULTS:: 04:39:58: root                                   pydial.py <setEvalConfig>470 :  *** Evaluating env3-SFR-tau_nodrop_sort_noinco_4020_250100-seed1-15.4: error-rate=15 num-dialogs=500 ***
RESULTS:: 04:49:32: root                               EvaluationManager.py <_prstr>179 :  Results for domain: SFRestaurants --evaluated by: objective success evaluator
RESULTS:: 04:49:32: root                               EvaluationManager.py <_prstr>179 :  # of dialogues  = 500
RESULTS:: 04:49:32: root                               EvaluationManager.py <_prstr>179 :  Average reward  = 8.48 +- 0.75
RESULTS:: 04:49:32: root                               EvaluationManager.py <_prstr>179 :  Average success = 85.00 +- 3.14
RESULTS:: 04:49:32: root                               EvaluationManager.py <_prstr>179 :  Average turns   = 8.52 +- 0.31
RESULTS:: 04:49:32: root                                   pydial.py <train_command>791 :  List of domains: SFRestaurants
RESULTS:: 04:49:32: root                                      pydial.py <trainBatch>409 :  *** Training Iteration env3-SFR-tau_nodrop_sort_noinco_4020_250100-seed1-15.4->env3-SFR-tau_nodrop_sort_noinco_4020_250100-seed1-15.5: iter=4, error-rate=15, num-dialogs=1000 ***
RESULTS:: 05:13:34: root                               EvaluationManager.py <_prstr>179 :  Results for domain: SFRestaurants --evaluated by: objective success evaluator
RESULTS:: 05:13:34: root                               EvaluationManager.py <_prstr>179 :  # of dialogues  = 1000
RESULTS:: 05:13:34: root                               EvaluationManager.py <_prstr>179 :  Average reward  = 7.53 +- 0.57
RESULTS:: 05:13:34: root                               EvaluationManager.py <_prstr>179 :  Average success = 86.30 +- 2.13
RESULTS:: 05:13:34: root                               EvaluationManager.py <_prstr>179 :  Average turns   = 9.73 +- 0.29
RESULTS:: 05:13:34: root                                   pydial.py <setEvalConfig>470 :  *** Evaluating env3-SFR-tau_nodrop_sort_noinco_4020_250100-seed1-15.5: error-rate=15 num-dialogs=500 ***
RESULTS:: 05:23:21: root                               EvaluationManager.py <_prstr>179 :  Results for domain: SFRestaurants --evaluated by: objective success evaluator
RESULTS:: 05:23:21: root                               EvaluationManager.py <_prstr>179 :  # of dialogues  = 500
RESULTS:: 05:23:21: root                               EvaluationManager.py <_prstr>179 :  Average reward  = 9.54 +- 0.69
RESULTS:: 05:23:21: root                               EvaluationManager.py <_prstr>179 :  Average success = 91.20 +- 2.49
RESULTS:: 05:23:21: root                               EvaluationManager.py <_prstr>179 :  Average turns   = 8.70 +- 0.35
RESULTS:: 05:23:21: root                                   pydial.py <train_command>791 :  List of domains: SFRestaurants
RESULTS:: 05:23:21: root                                      pydial.py <trainBatch>409 :  *** Training Iteration env3-SFR-tau_nodrop_sort_noinco_4020_250100-seed1-15.5->env3-SFR-tau_nodrop_sort_noinco_4020_250100-seed1-15.6: iter=5, error-rate=15, num-dialogs=1000 ***
RESULTS:: 05:48:52: root                               EvaluationManager.py <_prstr>179 :  Results for domain: SFRestaurants --evaluated by: objective success evaluator
RESULTS:: 05:48:52: root                               EvaluationManager.py <_prstr>179 :  # of dialogues  = 1000
RESULTS:: 05:48:52: root                               EvaluationManager.py <_prstr>179 :  Average reward  = 7.35 +- 0.56
RESULTS:: 05:48:52: root                               EvaluationManager.py <_prstr>179 :  Average success = 89.20 +- 1.93
RESULTS:: 05:48:52: root                               EvaluationManager.py <_prstr>179 :  Average turns   = 10.49 +- 0.30
RESULTS:: 05:48:52: root                                   pydial.py <setEvalConfig>470 :  *** Evaluating env3-SFR-tau_nodrop_sort_noinco_4020_250100-seed1-15.6: error-rate=15 num-dialogs=500 ***
RESULTS:: 05:58:09: root                               EvaluationManager.py <_prstr>179 :  Results for domain: SFRestaurants --evaluated by: objective success evaluator
RESULTS:: 05:58:09: root                               EvaluationManager.py <_prstr>179 :  # of dialogues  = 500
RESULTS:: 05:58:09: root                               EvaluationManager.py <_prstr>179 :  Average reward  = 9.83 +- 0.71
RESULTS:: 05:58:09: root                               EvaluationManager.py <_prstr>179 :  Average success = 89.40 +- 2.70
RESULTS:: 05:58:09: root                               EvaluationManager.py <_prstr>179 :  Average turns   = 8.05 +- 0.32
RESULTS:: 05:58:09: root                                   pydial.py <train_command>791 :  List of domains: SFRestaurants
RESULTS:: 05:58:09: root                                      pydial.py <trainBatch>409 :  *** Training Iteration env3-SFR-tau_nodrop_sort_noinco_4020_250100-seed1-15.6->env3-SFR-tau_nodrop_sort_noinco_4020_250100-seed1-15.7: iter=6, error-rate=15, num-dialogs=1000 ***
RESULTS:: 06:23:15: root                               EvaluationManager.py <_prstr>179 :  Results for domain: SFRestaurants --evaluated by: objective success evaluator
RESULTS:: 06:23:15: root                               EvaluationManager.py <_prstr>179 :  # of dialogues  = 1000
RESULTS:: 06:23:15: root                               EvaluationManager.py <_prstr>179 :  Average reward  = 7.30 +- 0.55
RESULTS:: 06:23:15: root                               EvaluationManager.py <_prstr>179 :  Average success = 87.60 +- 2.05
RESULTS:: 06:23:15: root                               EvaluationManager.py <_prstr>179 :  Average turns   = 10.22 +- 0.28
RESULTS:: 06:23:15: root                                   pydial.py <setEvalConfig>470 :  *** Evaluating env3-SFR-tau_nodrop_sort_noinco_4020_250100-seed1-15.7: error-rate=15 num-dialogs=500 ***
RESULTS:: 06:32:46: root                               EvaluationManager.py <_prstr>179 :  Results for domain: SFRestaurants --evaluated by: objective success evaluator
RESULTS:: 06:32:46: root                               EvaluationManager.py <_prstr>179 :  # of dialogues  = 500
RESULTS:: 06:32:46: root                               EvaluationManager.py <_prstr>179 :  Average reward  = 10.36 +- 0.57
RESULTS:: 06:32:46: root                               EvaluationManager.py <_prstr>179 :  Average success = 93.20 +- 2.21
RESULTS:: 06:32:46: root                               EvaluationManager.py <_prstr>179 :  Average turns   = 8.28 +- 0.29
RESULTS:: 06:32:46: root                                   pydial.py <train_command>791 :  List of domains: SFRestaurants
RESULTS:: 06:32:46: root                                      pydial.py <trainBatch>409 :  *** Training Iteration env3-SFR-tau_nodrop_sort_noinco_4020_250100-seed1-15.7->env3-SFR-tau_nodrop_sort_noinco_4020_250100-seed1-15.8: iter=7, error-rate=15, num-dialogs=1000 ***
RESULTS:: 06:57:48: root                               EvaluationManager.py <_prstr>179 :  Results for domain: SFRestaurants --evaluated by: objective success evaluator
RESULTS:: 06:57:48: root                               EvaluationManager.py <_prstr>179 :  # of dialogues  = 1000
RESULTS:: 06:57:48: root                               EvaluationManager.py <_prstr>179 :  Average reward  = 7.40 +- 0.58
RESULTS:: 06:57:48: root                               EvaluationManager.py <_prstr>179 :  Average success = 88.00 +- 2.02
RESULTS:: 06:57:48: root                               EvaluationManager.py <_prstr>179 :  Average turns   = 10.20 +- 0.30
RESULTS:: 06:57:48: root                                   pydial.py <setEvalConfig>470 :  *** Evaluating env3-SFR-tau_nodrop_sort_noinco_4020_250100-seed1-15.8: error-rate=15 num-dialogs=500 ***
RESULTS:: 07:07:20: root                               EvaluationManager.py <_prstr>179 :  Results for domain: SFRestaurants --evaluated by: objective success evaluator
RESULTS:: 07:07:20: root                               EvaluationManager.py <_prstr>179 :  # of dialogues  = 500
RESULTS:: 07:07:20: root                               EvaluationManager.py <_prstr>179 :  Average reward  = 7.26 +- 0.83
RESULTS:: 07:07:20: root                               EvaluationManager.py <_prstr>179 :  Average success = 79.20 +- 3.57
RESULTS:: 07:07:20: root                               EvaluationManager.py <_prstr>179 :  Average turns   = 8.58 +- 0.30
RESULTS:: 07:07:20: root                                   pydial.py <train_command>791 :  List of domains: SFRestaurants
RESULTS:: 07:07:20: root                                      pydial.py <trainBatch>409 :  *** Training Iteration env3-SFR-tau_nodrop_sort_noinco_4020_250100-seed1-15.8->env3-SFR-tau_nodrop_sort_noinco_4020_250100-seed1-15.9: iter=8, error-rate=15, num-dialogs=1000 ***
RESULTS:: 07:32:41: root                               EvaluationManager.py <_prstr>179 :  Results for domain: SFRestaurants --evaluated by: objective success evaluator
RESULTS:: 07:32:41: root                               EvaluationManager.py <_prstr>179 :  # of dialogues  = 1000
RESULTS:: 07:32:41: root                               EvaluationManager.py <_prstr>179 :  Average reward  = 7.14 +- 0.58
RESULTS:: 07:32:41: root                               EvaluationManager.py <_prstr>179 :  Average success = 87.50 +- 2.05
RESULTS:: 07:32:41: root                               EvaluationManager.py <_prstr>179 :  Average turns   = 10.36 +- 0.30
RESULTS:: 07:32:41: root                                   pydial.py <setEvalConfig>470 :  *** Evaluating env3-SFR-tau_nodrop_sort_noinco_4020_250100-seed1-15.9: error-rate=15 num-dialogs=500 ***
RESULTS:: 07:42:36: root                               EvaluationManager.py <_prstr>179 :  Results for domain: SFRestaurants --evaluated by: objective success evaluator
RESULTS:: 07:42:36: root                               EvaluationManager.py <_prstr>179 :  # of dialogues  = 500
RESULTS:: 07:42:36: root                               EvaluationManager.py <_prstr>179 :  Average reward  = 5.01 +- 0.92
RESULTS:: 07:42:36: root                               EvaluationManager.py <_prstr>179 :  Average success = 68.80 +- 4.07
RESULTS:: 07:42:36: root                               EvaluationManager.py <_prstr>179 :  Average turns   = 8.75 +- 0.30
RESULTS:: 07:42:36: root                                   pydial.py <train_command>791 :  List of domains: SFRestaurants
RESULTS:: 07:42:36: root                                      pydial.py <trainBatch>409 :  *** Training Iteration env3-SFR-tau_nodrop_sort_noinco_4020_250100-seed1-15.9->env3-SFR-tau_nodrop_sort_noinco_4020_250100-seed1-15.10: iter=9, error-rate=15, num-dialogs=1000 ***
RESULTS:: 08:09:02: root                               EvaluationManager.py <_prstr>179 :  Results for domain: SFRestaurants --evaluated by: objective success evaluator
RESULTS:: 08:09:02: root                               EvaluationManager.py <_prstr>179 :  # of dialogues  = 1000
RESULTS:: 08:09:02: root                               EvaluationManager.py <_prstr>179 :  Average reward  = 6.69 +- 0.61
RESULTS:: 08:09:02: root                               EvaluationManager.py <_prstr>179 :  Average success = 86.80 +- 2.10
RESULTS:: 08:09:02: root                               EvaluationManager.py <_prstr>179 :  Average turns   = 10.67 +- 0.31
RESULTS:: 08:09:02: root                                   pydial.py <setEvalConfig>470 :  *** Evaluating env3-SFR-tau_nodrop_sort_noinco_4020_250100-seed1-15.10: error-rate=15 num-dialogs=500 ***
RESULTS:: 08:19:21: root                               EvaluationManager.py <_prstr>179 :  Results for domain: SFRestaurants --evaluated by: objective success evaluator
RESULTS:: 08:19:21: root                               EvaluationManager.py <_prstr>179 :  # of dialogues  = 500
RESULTS:: 08:19:21: root                               EvaluationManager.py <_prstr>179 :  Average reward  = 6.61 +- 0.85
RESULTS:: 08:19:21: root                               EvaluationManager.py <_prstr>179 :  Average success = 79.60 +- 3.54
RESULTS:: 08:19:21: root                               EvaluationManager.py <_prstr>179 :  Average turns   = 9.31 +- 0.34
RESULTS:: 08:19:21: root                                   pydial.py <train_command>807 :  *** Training complete. log: env3-SFR-tau_nodrop_sort_noinco_4020_250100-seed1-15.1-10.train.log - final policy is env3-SFR-tau_nodrop_sort_noinco_4020_250100-15-10
