RESULTS:: 13:17:02: root                                   pydial.py <train_command>791 :  List of domains: Laptops11
RESULTS:: 13:17:02: root                                      pydial.py <trainBatch>409 :  *** Training Iteration env1-LAP-tau_sort_4020_0100_250100_0100-seed5-00.0->env1-LAP-tau_sort_4020_0100_250100_0100-seed5-00.1: iter=0, error-rate=0, num-dialogs=1000 ***
RESULTS:: 14:07:31: root                               EvaluationManager.py <_prstr>179 :  Results for domain: Laptops11 --evaluated by: objective success evaluator
RESULTS:: 14:07:31: root                               EvaluationManager.py <_prstr>179 :  # of dialogues  = 1000
RESULTS:: 14:07:31: root                               EvaluationManager.py <_prstr>179 :  Average reward  = 5.18 +- 0.65
RESULTS:: 14:07:31: root                               EvaluationManager.py <_prstr>179 :  Average success = 70.70 +- 2.82
RESULTS:: 14:07:31: root                               EvaluationManager.py <_prstr>179 :  Average turns   = 8.96 +- 0.26
RESULTS:: 14:07:31: root                                   pydial.py <setEvalConfig>470 :  *** Evaluating env1-LAP-tau_sort_4020_0100_250100_0100-seed5-00.1: error-rate=0 num-dialogs=500 ***
RESULTS:: 14:26:13: root                               EvaluationManager.py <_prstr>179 :  Results for domain: Laptops11 --evaluated by: objective success evaluator
RESULTS:: 14:26:13: root                               EvaluationManager.py <_prstr>179 :  # of dialogues  = 500
RESULTS:: 14:26:13: root                               EvaluationManager.py <_prstr>179 :  Average reward  = 6.33 +- 0.87
RESULTS:: 14:26:13: root                               EvaluationManager.py <_prstr>179 :  Average success = 64.80 +- 4.20
RESULTS:: 14:26:13: root                               EvaluationManager.py <_prstr>179 :  Average turns   = 6.63 +- 0.16
RESULTS:: 14:26:13: root                                   pydial.py <train_command>791 :  List of domains: Laptops11
RESULTS:: 14:26:13: root                                      pydial.py <trainBatch>409 :  *** Training Iteration env1-LAP-tau_sort_4020_0100_250100_0100-seed5-00.1->env1-LAP-tau_sort_4020_0100_250100_0100-seed5-00.2: iter=1, error-rate=0, num-dialogs=1000 ***
RESULTS:: 15:16:33: root                               EvaluationManager.py <_prstr>179 :  Results for domain: Laptops11 --evaluated by: objective success evaluator
RESULTS:: 15:16:33: root                               EvaluationManager.py <_prstr>179 :  # of dialogues  = 1000
RESULTS:: 15:16:33: root                               EvaluationManager.py <_prstr>179 :  Average reward  = 8.13 +- 0.53
RESULTS:: 15:16:33: root                               EvaluationManager.py <_prstr>179 :  Average success = 83.60 +- 2.30
RESULTS:: 15:16:33: root                               EvaluationManager.py <_prstr>179 :  Average turns   = 8.59 +- 0.24
RESULTS:: 15:16:33: root                                   pydial.py <setEvalConfig>470 :  *** Evaluating env1-LAP-tau_sort_4020_0100_250100_0100-seed5-00.2: error-rate=0 num-dialogs=500 ***
RESULTS:: 15:38:20: root                               EvaluationManager.py <_prstr>179 :  Results for domain: Laptops11 --evaluated by: objective success evaluator
RESULTS:: 15:38:20: root                               EvaluationManager.py <_prstr>179 :  # of dialogues  = 500
RESULTS:: 15:38:20: root                               EvaluationManager.py <_prstr>179 :  Average reward  = 4.61 +- 0.91
RESULTS:: 15:38:20: root                               EvaluationManager.py <_prstr>179 :  Average success = 57.20 +- 4.35
RESULTS:: 15:38:20: root                               EvaluationManager.py <_prstr>179 :  Average turns   = 6.83 +- 0.19
RESULTS:: 15:38:20: root                                   pydial.py <train_command>791 :  List of domains: Laptops11
RESULTS:: 15:38:20: root                                      pydial.py <trainBatch>409 :  *** Training Iteration env1-LAP-tau_sort_4020_0100_250100_0100-seed5-00.2->env1-LAP-tau_sort_4020_0100_250100_0100-seed5-00.3: iter=2, error-rate=0, num-dialogs=1000 ***
RESULTS:: 16:28:40: root                               EvaluationManager.py <_prstr>179 :  Results for domain: Laptops11 --evaluated by: objective success evaluator
RESULTS:: 16:28:40: root                               EvaluationManager.py <_prstr>179 :  # of dialogues  = 1000
RESULTS:: 16:28:40: root                               EvaluationManager.py <_prstr>179 :  Average reward  = 8.75 +- 0.50
RESULTS:: 16:28:40: root                               EvaluationManager.py <_prstr>179 :  Average success = 86.30 +- 2.13
RESULTS:: 16:28:40: root                               EvaluationManager.py <_prstr>179 :  Average turns   = 8.51 +- 0.22
RESULTS:: 16:28:40: root                                   pydial.py <setEvalConfig>470 :  *** Evaluating env1-LAP-tau_sort_4020_0100_250100_0100-seed5-00.3: error-rate=0 num-dialogs=500 ***
RESULTS:: 16:47:26: root                               EvaluationManager.py <_prstr>179 :  Results for domain: Laptops11 --evaluated by: objective success evaluator
RESULTS:: 16:47:26: root                               EvaluationManager.py <_prstr>179 :  # of dialogues  = 500
RESULTS:: 16:47:26: root                               EvaluationManager.py <_prstr>179 :  Average reward  = 5.18 +- 0.88
RESULTS:: 16:47:26: root                               EvaluationManager.py <_prstr>179 :  Average success = 58.60 +- 4.33
RESULTS:: 16:47:26: root                               EvaluationManager.py <_prstr>179 :  Average turns   = 6.54 +- 0.17
RESULTS:: 16:47:26: root                                   pydial.py <train_command>791 :  List of domains: Laptops11
RESULTS:: 16:47:26: root                                      pydial.py <trainBatch>409 :  *** Training Iteration env1-LAP-tau_sort_4020_0100_250100_0100-seed5-00.3->env1-LAP-tau_sort_4020_0100_250100_0100-seed5-00.4: iter=3, error-rate=0, num-dialogs=1000 ***
RESULTS:: 17:39:08: root                               EvaluationManager.py <_prstr>179 :  Results for domain: Laptops11 --evaluated by: objective success evaluator
RESULTS:: 17:39:08: root                               EvaluationManager.py <_prstr>179 :  # of dialogues  = 1000
RESULTS:: 17:39:08: root                               EvaluationManager.py <_prstr>179 :  Average reward  = 8.25 +- 0.54
RESULTS:: 17:39:08: root                               EvaluationManager.py <_prstr>179 :  Average success = 85.00 +- 2.22
RESULTS:: 17:39:08: root                               EvaluationManager.py <_prstr>179 :  Average turns   = 8.75 +- 0.25
RESULTS:: 17:39:08: root                                   pydial.py <setEvalConfig>470 :  *** Evaluating env1-LAP-tau_sort_4020_0100_250100_0100-seed5-00.4: error-rate=0 num-dialogs=500 ***
RESULTS:: 17:59:51: root                               EvaluationManager.py <_prstr>179 :  Results for domain: Laptops11 --evaluated by: objective success evaluator
RESULTS:: 17:59:51: root                               EvaluationManager.py <_prstr>179 :  # of dialogues  = 500
RESULTS:: 17:59:51: root                               EvaluationManager.py <_prstr>179 :  Average reward  = 7.85 +- 0.83
RESULTS:: 17:59:51: root                               EvaluationManager.py <_prstr>179 :  Average success = 75.40 +- 3.78
RESULTS:: 17:59:51: root                               EvaluationManager.py <_prstr>179 :  Average turns   = 7.23 +- 0.22
RESULTS:: 17:59:51: root                                   pydial.py <train_command>791 :  List of domains: Laptops11
RESULTS:: 17:59:51: root                                      pydial.py <trainBatch>409 :  *** Training Iteration env1-LAP-tau_sort_4020_0100_250100_0100-seed5-00.4->env1-LAP-tau_sort_4020_0100_250100_0100-seed5-00.5: iter=4, error-rate=0, num-dialogs=1000 ***
RESULTS:: 18:50:18: root                               EvaluationManager.py <_prstr>179 :  Results for domain: Laptops11 --evaluated by: objective success evaluator
RESULTS:: 18:50:18: root                               EvaluationManager.py <_prstr>179 :  # of dialogues  = 1000
RESULTS:: 18:50:18: root                               EvaluationManager.py <_prstr>179 :  Average reward  = 7.65 +- 0.55
RESULTS:: 18:50:18: root                               EvaluationManager.py <_prstr>179 :  Average success = 81.00 +- 2.43
RESULTS:: 18:50:18: root                               EvaluationManager.py <_prstr>179 :  Average turns   = 8.55 +- 0.22
RESULTS:: 18:50:18: root                                   pydial.py <setEvalConfig>470 :  *** Evaluating env1-LAP-tau_sort_4020_0100_250100_0100-seed5-00.5: error-rate=0 num-dialogs=500 ***
ERROR  :: 18:53:06: root                      DataBaseSQLite.py <entity_by_features>135 :  sql error disk I/O error
