RESULTS:: 16:35:22: root                                   pydial.py <train_command>791 :  List of domains: Laptops11
RESULTS:: 16:35:22: root                                      pydial.py <trainBatch>409 :  *** Training Iteration env1-LAP-tau_sort_4020_0100_250100_0100-seed9-00.0->env1-LAP-tau_sort_4020_0100_250100_0100-seed9-00.1: iter=0, error-rate=0, num-dialogs=1000 ***
RESULTS:: 18:01:23: root                               EvaluationManager.py <_prstr>179 :  Results for domain: Laptops11 --evaluated by: objective success evaluator
RESULTS:: 18:01:23: root                               EvaluationManager.py <_prstr>179 :  # of dialogues  = 1000
RESULTS:: 18:01:23: root                               EvaluationManager.py <_prstr>179 :  Average reward  = 6.69 +- 0.61
RESULTS:: 18:01:23: root                               EvaluationManager.py <_prstr>179 :  Average success = 77.30 +- 2.60
RESULTS:: 18:01:23: root                               EvaluationManager.py <_prstr>179 :  Average turns   = 8.77 +- 0.24
RESULTS:: 18:01:23: root                                   pydial.py <setEvalConfig>470 :  *** Evaluating env1-LAP-tau_sort_4020_0100_250100_0100-seed9-00.1: error-rate=0 num-dialogs=500 ***
RESULTS:: 18:34:14: root                               EvaluationManager.py <_prstr>179 :  Results for domain: Laptops11 --evaluated by: objective success evaluator
RESULTS:: 18:34:14: root                               EvaluationManager.py <_prstr>179 :  # of dialogues  = 500
RESULTS:: 18:34:14: root                               EvaluationManager.py <_prstr>179 :  Average reward  = 5.38 +- 0.89
RESULTS:: 18:34:14: root                               EvaluationManager.py <_prstr>179 :  Average success = 59.20 +- 4.32
RESULTS:: 18:34:14: root                               EvaluationManager.py <_prstr>179 :  Average turns   = 6.46 +- 0.15
RESULTS:: 18:34:14: root                                   pydial.py <train_command>791 :  List of domains: Laptops11
RESULTS:: 18:34:14: root                                      pydial.py <trainBatch>409 :  *** Training Iteration env1-LAP-tau_sort_4020_0100_250100_0100-seed9-00.1->env1-LAP-tau_sort_4020_0100_250100_0100-seed9-00.2: iter=1, error-rate=0, num-dialogs=1000 ***
RESULTS:: 20:02:20: root                               EvaluationManager.py <_prstr>179 :  Results for domain: Laptops11 --evaluated by: objective success evaluator
RESULTS:: 20:02:20: root                               EvaluationManager.py <_prstr>179 :  # of dialogues  = 1000
RESULTS:: 20:02:20: root                               EvaluationManager.py <_prstr>179 :  Average reward  = 8.35 +- 0.53
RESULTS:: 20:02:21: root                               EvaluationManager.py <_prstr>179 :  Average success = 83.70 +- 2.29
RESULTS:: 20:02:21: root                               EvaluationManager.py <_prstr>179 :  Average turns   = 8.39 +- 0.22
RESULTS:: 20:02:21: root                                   pydial.py <setEvalConfig>470 :  *** Evaluating env1-LAP-tau_sort_4020_0100_250100_0100-seed9-00.2: error-rate=0 num-dialogs=500 ***
RESULTS:: 20:35:51: root                               EvaluationManager.py <_prstr>179 :  Results for domain: Laptops11 --evaluated by: objective success evaluator
RESULTS:: 20:35:51: root                               EvaluationManager.py <_prstr>179 :  # of dialogues  = 500
RESULTS:: 20:35:51: root                               EvaluationManager.py <_prstr>179 :  Average reward  = 3.67 +- 0.90
RESULTS:: 20:35:51: root                               EvaluationManager.py <_prstr>179 :  Average success = 51.20 +- 4.39
RESULTS:: 20:35:51: root                               EvaluationManager.py <_prstr>179 :  Average turns   = 6.57 +- 0.15
RESULTS:: 20:35:51: root                                   pydial.py <train_command>791 :  List of domains: Laptops11
RESULTS:: 20:35:51: root                                      pydial.py <trainBatch>409 :  *** Training Iteration env1-LAP-tau_sort_4020_0100_250100_0100-seed9-00.2->env1-LAP-tau_sort_4020_0100_250100_0100-seed9-00.3: iter=2, error-rate=0, num-dialogs=1000 ***
RESULTS:: 22:09:17: root                               EvaluationManager.py <_prstr>179 :  Results for domain: Laptops11 --evaluated by: objective success evaluator
RESULTS:: 22:09:17: root                               EvaluationManager.py <_prstr>179 :  # of dialogues  = 1000
RESULTS:: 22:09:17: root                               EvaluationManager.py <_prstr>179 :  Average reward  = 7.50 +- 0.56
RESULTS:: 22:09:17: root                               EvaluationManager.py <_prstr>179 :  Average success = 81.70 +- 2.40
RESULTS:: 22:09:17: root                               EvaluationManager.py <_prstr>179 :  Average turns   = 8.84 +- 0.23
RESULTS:: 22:09:17: root                                   pydial.py <setEvalConfig>470 :  *** Evaluating env1-LAP-tau_sort_4020_0100_250100_0100-seed9-00.3: error-rate=0 num-dialogs=500 ***
RESULTS:: 22:44:43: root                               EvaluationManager.py <_prstr>179 :  Results for domain: Laptops11 --evaluated by: objective success evaluator
RESULTS:: 22:44:43: root                               EvaluationManager.py <_prstr>179 :  # of dialogues  = 500
RESULTS:: 22:44:43: root                               EvaluationManager.py <_prstr>179 :  Average reward  = 7.23 +- 0.90
RESULTS:: 22:44:43: root                               EvaluationManager.py <_prstr>179 :  Average success = 71.40 +- 3.97
RESULTS:: 22:44:43: root                               EvaluationManager.py <_prstr>179 :  Average turns   = 7.05 +- 0.29
RESULTS:: 22:44:43: root                                   pydial.py <train_command>791 :  List of domains: Laptops11
RESULTS:: 22:44:43: root                                      pydial.py <trainBatch>409 :  *** Training Iteration env1-LAP-tau_sort_4020_0100_250100_0100-seed9-00.3->env1-LAP-tau_sort_4020_0100_250100_0100-seed9-00.4: iter=3, error-rate=0, num-dialogs=1000 ***
RESULTS:: 00:11:26: root                               EvaluationManager.py <_prstr>179 :  Results for domain: Laptops11 --evaluated by: objective success evaluator
RESULTS:: 00:11:26: root                               EvaluationManager.py <_prstr>179 :  # of dialogues  = 1000
RESULTS:: 00:11:26: root                               EvaluationManager.py <_prstr>179 :  Average reward  = 8.71 +- 0.49
RESULTS:: 00:11:26: root                               EvaluationManager.py <_prstr>179 :  Average success = 87.50 +- 2.05
RESULTS:: 00:11:26: root                               EvaluationManager.py <_prstr>179 :  Average turns   = 8.79 +- 0.23
RESULTS:: 00:11:26: root                                   pydial.py <setEvalConfig>470 :  *** Evaluating env1-LAP-tau_sort_4020_0100_250100_0100-seed9-00.4: error-rate=0 num-dialogs=500 ***
RESULTS:: 00:45:40: root                               EvaluationManager.py <_prstr>179 :  Results for domain: Laptops11 --evaluated by: objective success evaluator
RESULTS:: 00:45:40: root                               EvaluationManager.py <_prstr>179 :  # of dialogues  = 500
RESULTS:: 00:45:40: root                               EvaluationManager.py <_prstr>179 :  Average reward  = 10.86 +- 0.61
RESULTS:: 00:45:40: root                               EvaluationManager.py <_prstr>179 :  Average success = 90.60 +- 2.56
RESULTS:: 00:45:40: root                               EvaluationManager.py <_prstr>179 :  Average turns   = 7.26 +- 0.24
RESULTS:: 00:45:40: root                                   pydial.py <train_command>791 :  List of domains: Laptops11
RESULTS:: 00:45:40: root                                      pydial.py <trainBatch>409 :  *** Training Iteration env1-LAP-tau_sort_4020_0100_250100_0100-seed9-00.4->env1-LAP-tau_sort_4020_0100_250100_0100-seed9-00.5: iter=4, error-rate=0, num-dialogs=1000 ***
RESULTS:: 02:12:20: root                               EvaluationManager.py <_prstr>179 :  Results for domain: Laptops11 --evaluated by: objective success evaluator
RESULTS:: 02:12:20: root                               EvaluationManager.py <_prstr>179 :  # of dialogues  = 1000
RESULTS:: 02:12:20: root                               EvaluationManager.py <_prstr>179 :  Average reward  = 8.71 +- 0.52
RESULTS:: 02:12:20: root                               EvaluationManager.py <_prstr>179 :  Average success = 87.50 +- 2.05
RESULTS:: 02:12:20: root                               EvaluationManager.py <_prstr>179 :  Average turns   = 8.79 +- 0.25
RESULTS:: 02:12:20: root                                   pydial.py <setEvalConfig>470 :  *** Evaluating env1-LAP-tau_sort_4020_0100_250100_0100-seed9-00.5: error-rate=0 num-dialogs=500 ***
RESULTS:: 02:48:28: root                               EvaluationManager.py <_prstr>179 :  Results for domain: Laptops11 --evaluated by: objective success evaluator
RESULTS:: 02:48:28: root                               EvaluationManager.py <_prstr>179 :  # of dialogues  = 500
RESULTS:: 02:48:28: root                               EvaluationManager.py <_prstr>179 :  Average reward  = 10.82 +- 0.62
RESULTS:: 02:48:28: root                               EvaluationManager.py <_prstr>179 :  Average success = 88.60 +- 2.79
RESULTS:: 02:48:28: root                               EvaluationManager.py <_prstr>179 :  Average turns   = 6.90 +- 0.20
RESULTS:: 02:48:28: root                                   pydial.py <train_command>791 :  List of domains: Laptops11
RESULTS:: 02:48:28: root                                      pydial.py <trainBatch>409 :  *** Training Iteration env1-LAP-tau_sort_4020_0100_250100_0100-seed9-00.5->env1-LAP-tau_sort_4020_0100_250100_0100-seed9-00.6: iter=5, error-rate=0, num-dialogs=1000 ***
RESULTS:: 04:28:43: root                               EvaluationManager.py <_prstr>179 :  Results for domain: Laptops11 --evaluated by: objective success evaluator
RESULTS:: 04:28:43: root                               EvaluationManager.py <_prstr>179 :  # of dialogues  = 1000
RESULTS:: 04:28:43: root                               EvaluationManager.py <_prstr>179 :  Average reward  = 9.73 +- 0.44
RESULTS:: 04:28:43: root                               EvaluationManager.py <_prstr>179 :  Average success = 92.20 +- 1.66
RESULTS:: 04:28:43: root                               EvaluationManager.py <_prstr>179 :  Average turns   = 8.71 +- 0.23
RESULTS:: 04:28:43: root                                   pydial.py <setEvalConfig>470 :  *** Evaluating env1-LAP-tau_sort_4020_0100_250100_0100-seed9-00.6: error-rate=0 num-dialogs=500 ***
RESULTS:: 05:07:52: root                               EvaluationManager.py <_prstr>179 :  Results for domain: Laptops11 --evaluated by: objective success evaluator
RESULTS:: 05:07:52: root                               EvaluationManager.py <_prstr>179 :  # of dialogues  = 500
RESULTS:: 05:07:52: root                               EvaluationManager.py <_prstr>179 :  Average reward  = 11.30 +- 0.55
RESULTS:: 05:07:52: root                               EvaluationManager.py <_prstr>179 :  Average success = 91.40 +- 2.46
RESULTS:: 05:07:52: root                               EvaluationManager.py <_prstr>179 :  Average turns   = 6.98 +- 0.20
RESULTS:: 05:07:52: root                                   pydial.py <train_command>791 :  List of domains: Laptops11
RESULTS:: 05:07:52: root                                      pydial.py <trainBatch>409 :  *** Training Iteration env1-LAP-tau_sort_4020_0100_250100_0100-seed9-00.6->env1-LAP-tau_sort_4020_0100_250100_0100-seed9-00.7: iter=6, error-rate=0, num-dialogs=1000 ***
RESULTS:: 06:43:55: root                               EvaluationManager.py <_prstr>179 :  Results for domain: Laptops11 --evaluated by: objective success evaluator
RESULTS:: 06:43:55: root                               EvaluationManager.py <_prstr>179 :  # of dialogues  = 1000
RESULTS:: 06:43:55: root                               EvaluationManager.py <_prstr>179 :  Average reward  = 10.07 +- 0.45
RESULTS:: 06:43:55: root                               EvaluationManager.py <_prstr>179 :  Average success = 91.80 +- 1.70
RESULTS:: 06:43:55: root                               EvaluationManager.py <_prstr>179 :  Average turns   = 8.29 +- 0.23
RESULTS:: 06:43:55: root                                   pydial.py <setEvalConfig>470 :  *** Evaluating env1-LAP-tau_sort_4020_0100_250100_0100-seed9-00.7: error-rate=0 num-dialogs=500 ***
RESULTS:: 07:25:14: root                               EvaluationManager.py <_prstr>179 :  Results for domain: Laptops11 --evaluated by: objective success evaluator
RESULTS:: 07:25:14: root                               EvaluationManager.py <_prstr>179 :  # of dialogues  = 500
RESULTS:: 07:25:14: root                               EvaluationManager.py <_prstr>179 :  Average reward  = 11.91 +- 0.43
RESULTS:: 07:25:14: root                               EvaluationManager.py <_prstr>179 :  Average success = 97.00 +- 1.50
RESULTS:: 07:25:14: root                               EvaluationManager.py <_prstr>179 :  Average turns   = 7.49 +- 0.26
RESULTS:: 07:25:14: root                                   pydial.py <train_command>791 :  List of domains: Laptops11
RESULTS:: 07:25:14: root                                      pydial.py <trainBatch>409 :  *** Training Iteration env1-LAP-tau_sort_4020_0100_250100_0100-seed9-00.7->env1-LAP-tau_sort_4020_0100_250100_0100-seed9-00.8: iter=7, error-rate=0, num-dialogs=1000 ***
RESULTS:: 09:01:43: root                               EvaluationManager.py <_prstr>179 :  Results for domain: Laptops11 --evaluated by: objective success evaluator
RESULTS:: 09:01:43: root                               EvaluationManager.py <_prstr>179 :  # of dialogues  = 1000
RESULTS:: 09:01:43: root                               EvaluationManager.py <_prstr>179 :  Average reward  = 9.29 +- 0.51
RESULTS:: 09:01:43: root                               EvaluationManager.py <_prstr>179 :  Average success = 91.10 +- 1.77
RESULTS:: 09:01:43: root                               EvaluationManager.py <_prstr>179 :  Average turns   = 8.93 +- 0.26
RESULTS:: 09:01:43: root                                   pydial.py <setEvalConfig>470 :  *** Evaluating env1-LAP-tau_sort_4020_0100_250100_0100-seed9-00.8: error-rate=0 num-dialogs=500 ***
RESULTS:: 09:39:23: root                               EvaluationManager.py <_prstr>179 :  Results for domain: Laptops11 --evaluated by: objective success evaluator
RESULTS:: 09:39:23: root                               EvaluationManager.py <_prstr>179 :  # of dialogues  = 500
RESULTS:: 09:39:23: root                               EvaluationManager.py <_prstr>179 :  Average reward  = 12.01 +- 0.42
RESULTS:: 09:39:23: root                               EvaluationManager.py <_prstr>179 :  Average success = 97.60 +- 1.34
RESULTS:: 09:39:23: root                               EvaluationManager.py <_prstr>179 :  Average turns   = 7.51 +- 0.26
RESULTS:: 09:39:23: root                                   pydial.py <train_command>791 :  List of domains: Laptops11
RESULTS:: 09:39:23: root                                      pydial.py <trainBatch>409 :  *** Training Iteration env1-LAP-tau_sort_4020_0100_250100_0100-seed9-00.8->env1-LAP-tau_sort_4020_0100_250100_0100-seed9-00.9: iter=8, error-rate=0, num-dialogs=1000 ***
RESULTS:: 11:11:08: root                               EvaluationManager.py <_prstr>179 :  Results for domain: Laptops11 --evaluated by: objective success evaluator
RESULTS:: 11:11:08: root                               EvaluationManager.py <_prstr>179 :  # of dialogues  = 1000
RESULTS:: 11:11:08: root                               EvaluationManager.py <_prstr>179 :  Average reward  = 9.81 +- 0.46
RESULTS:: 11:11:08: root                               EvaluationManager.py <_prstr>179 :  Average success = 93.30 +- 1.55
RESULTS:: 11:11:08: root                               EvaluationManager.py <_prstr>179 :  Average turns   = 8.85 +- 0.26
RESULTS:: 11:11:08: root                                   pydial.py <setEvalConfig>470 :  *** Evaluating env1-LAP-tau_sort_4020_0100_250100_0100-seed9-00.9: error-rate=0 num-dialogs=500 ***
RESULTS:: 11:47:38: root                               EvaluationManager.py <_prstr>179 :  Results for domain: Laptops11 --evaluated by: objective success evaluator
RESULTS:: 11:47:38: root                               EvaluationManager.py <_prstr>179 :  # of dialogues  = 500
RESULTS:: 11:47:38: root                               EvaluationManager.py <_prstr>179 :  Average reward  = 11.50 +- 0.51
RESULTS:: 11:47:38: root                               EvaluationManager.py <_prstr>179 :  Average success = 95.40 +- 1.84
RESULTS:: 11:47:38: root                               EvaluationManager.py <_prstr>179 :  Average turns   = 7.58 +- 0.28
RESULTS:: 11:47:38: root                                   pydial.py <train_command>791 :  List of domains: Laptops11
RESULTS:: 11:47:38: root                                      pydial.py <trainBatch>409 :  *** Training Iteration env1-LAP-tau_sort_4020_0100_250100_0100-seed9-00.9->env1-LAP-tau_sort_4020_0100_250100_0100-seed9-00.10: iter=9, error-rate=0, num-dialogs=1000 ***
RESULTS:: 13:06:43: root                               EvaluationManager.py <_prstr>179 :  Results for domain: Laptops11 --evaluated by: objective success evaluator
RESULTS:: 13:06:43: root                               EvaluationManager.py <_prstr>179 :  # of dialogues  = 1000
RESULTS:: 13:06:43: root                               EvaluationManager.py <_prstr>179 :  Average reward  = 8.72 +- 0.56
RESULTS:: 13:06:43: root                               EvaluationManager.py <_prstr>179 :  Average success = 90.60 +- 1.81
RESULTS:: 13:06:43: root                               EvaluationManager.py <_prstr>179 :  Average turns   = 9.40 +- 0.30
RESULTS:: 13:06:43: root                                   pydial.py <setEvalConfig>470 :  *** Evaluating env1-LAP-tau_sort_4020_0100_250100_0100-seed9-00.10: error-rate=0 num-dialogs=500 ***
RESULTS:: 13:38:07: root                               EvaluationManager.py <_prstr>179 :  Results for domain: Laptops11 --evaluated by: objective success evaluator
RESULTS:: 13:38:07: root                               EvaluationManager.py <_prstr>179 :  # of dialogues  = 500
RESULTS:: 13:38:07: root                               EvaluationManager.py <_prstr>179 :  Average reward  = 10.19 +- 0.68
RESULTS:: 13:38:07: root                               EvaluationManager.py <_prstr>179 :  Average success = 91.40 +- 2.46
RESULTS:: 13:38:07: root                               EvaluationManager.py <_prstr>179 :  Average turns   = 8.09 +- 0.34
RESULTS:: 13:38:07: root                                   pydial.py <train_command>807 :  *** Training complete. log: env1-LAP-tau_sort_4020_0100_250100_0100-seed9-00.1-10.train.log - final policy is env1-LAP-tau_sort_4020_0100_250100_0100-00-10
