RESULTS:: 17:45:30: root                                   pydial.py <train_command>791 :  List of domains: Laptops11
RESULTS:: 17:45:30: root                                      pydial.py <trainBatch>409 :  *** Training Iteration env1-LAP-tau_sort_4020_0100_250100_0100-seed1-00.0->env1-LAP-tau_sort_4020_0100_250100_0100-seed1-00.1: iter=0, error-rate=0, num-dialogs=1000 ***
RESULTS:: 18:18:43: root                               EvaluationManager.py <_prstr>179 :  Results for domain: Laptops11 --evaluated by: objective success evaluator
RESULTS:: 18:18:43: root                               EvaluationManager.py <_prstr>179 :  # of dialogues  = 1000
RESULTS:: 18:18:43: root                               EvaluationManager.py <_prstr>179 :  Average reward  = 4.84 +- 0.69
RESULTS:: 18:18:43: root                               EvaluationManager.py <_prstr>179 :  Average success = 71.20 +- 2.81
RESULTS:: 18:18:43: root                               EvaluationManager.py <_prstr>179 :  Average turns   = 9.40 +- 0.29
RESULTS:: 18:18:43: root                                   pydial.py <setEvalConfig>470 :  *** Evaluating env1-LAP-tau_sort_4020_0100_250100_0100-seed1-00.1: error-rate=0 num-dialogs=500 ***
RESULTS:: 18:30:19: root                               EvaluationManager.py <_prstr>179 :  Results for domain: Laptops11 --evaluated by: objective success evaluator
RESULTS:: 18:30:19: root                               EvaluationManager.py <_prstr>179 :  # of dialogues  = 500
RESULTS:: 18:30:19: root                               EvaluationManager.py <_prstr>179 :  Average reward  = 6.52 +- 0.86
RESULTS:: 18:30:19: root                               EvaluationManager.py <_prstr>179 :  Average success = 65.00 +- 4.19
RESULTS:: 18:30:19: root                               EvaluationManager.py <_prstr>179 :  Average turns   = 6.48 +- 0.16
RESULTS:: 18:30:19: root                                   pydial.py <train_command>791 :  List of domains: Laptops11
RESULTS:: 18:30:19: root                                      pydial.py <trainBatch>409 :  *** Training Iteration env1-LAP-tau_sort_4020_0100_250100_0100-seed1-00.1->env1-LAP-tau_sort_4020_0100_250100_0100-seed1-00.2: iter=1, error-rate=0, num-dialogs=1000 ***
RESULTS:: 19:02:26: root                               EvaluationManager.py <_prstr>179 :  Results for domain: Laptops11 --evaluated by: objective success evaluator
RESULTS:: 19:02:26: root                               EvaluationManager.py <_prstr>179 :  # of dialogues  = 1000
RESULTS:: 19:02:26: root                               EvaluationManager.py <_prstr>179 :  Average reward  = 9.36 +- 0.47
RESULTS:: 19:02:26: root                               EvaluationManager.py <_prstr>179 :  Average success = 90.30 +- 1.84
RESULTS:: 19:02:26: root                               EvaluationManager.py <_prstr>179 :  Average turns   = 8.70 +- 0.24
RESULTS:: 19:02:26: root                                   pydial.py <setEvalConfig>470 :  *** Evaluating env1-LAP-tau_sort_4020_0100_250100_0100-seed1-00.2: error-rate=0 num-dialogs=500 ***
RESULTS:: 19:14:49: root                               EvaluationManager.py <_prstr>179 :  Results for domain: Laptops11 --evaluated by: objective success evaluator
RESULTS:: 19:14:49: root                               EvaluationManager.py <_prstr>179 :  # of dialogues  = 500
RESULTS:: 19:14:49: root                               EvaluationManager.py <_prstr>179 :  Average reward  = 9.45 +- 0.75
RESULTS:: 19:14:49: root                               EvaluationManager.py <_prstr>179 :  Average success = 82.20 +- 3.36
RESULTS:: 19:14:49: root                               EvaluationManager.py <_prstr>179 :  Average turns   = 6.99 +- 0.20
RESULTS:: 19:14:49: root                                   pydial.py <train_command>791 :  List of domains: Laptops11
RESULTS:: 19:14:49: root                                      pydial.py <trainBatch>409 :  *** Training Iteration env1-LAP-tau_sort_4020_0100_250100_0100-seed1-00.2->env1-LAP-tau_sort_4020_0100_250100_0100-seed1-00.3: iter=2, error-rate=0, num-dialogs=1000 ***
RESULTS:: 19:47:52: root                               EvaluationManager.py <_prstr>179 :  Results for domain: Laptops11 --evaluated by: objective success evaluator
RESULTS:: 19:47:52: root                               EvaluationManager.py <_prstr>179 :  # of dialogues  = 1000
RESULTS:: 19:47:52: root                               EvaluationManager.py <_prstr>179 :  Average reward  = 9.58 +- 0.49
RESULTS:: 19:47:52: root                               EvaluationManager.py <_prstr>179 :  Average success = 92.40 +- 1.64
RESULTS:: 19:47:52: root                               EvaluationManager.py <_prstr>179 :  Average turns   = 8.90 +- 0.27
RESULTS:: 19:47:52: root                                   pydial.py <setEvalConfig>470 :  *** Evaluating env1-LAP-tau_sort_4020_0100_250100_0100-seed1-00.3: error-rate=0 num-dialogs=500 ***
RESULTS:: 20:01:49: root                               EvaluationManager.py <_prstr>179 :  Results for domain: Laptops11 --evaluated by: objective success evaluator
RESULTS:: 20:01:49: root                               EvaluationManager.py <_prstr>179 :  # of dialogues  = 500
RESULTS:: 20:01:49: root                               EvaluationManager.py <_prstr>179 :  Average reward  = 9.14 +- 0.73
RESULTS:: 20:01:49: root                               EvaluationManager.py <_prstr>179 :  Average success = 84.20 +- 3.20
RESULTS:: 20:01:49: root                               EvaluationManager.py <_prstr>179 :  Average turns   = 7.70 +- 0.27
RESULTS:: 20:01:49: root                                   pydial.py <train_command>791 :  List of domains: Laptops11
RESULTS:: 20:01:49: root                                      pydial.py <trainBatch>409 :  *** Training Iteration env1-LAP-tau_sort_4020_0100_250100_0100-seed1-00.3->env1-LAP-tau_sort_4020_0100_250100_0100-seed1-00.4: iter=3, error-rate=0, num-dialogs=1000 ***
RESULTS:: 20:41:29: root                               EvaluationManager.py <_prstr>179 :  Results for domain: Laptops11 --evaluated by: objective success evaluator
RESULTS:: 20:41:29: root                               EvaluationManager.py <_prstr>179 :  # of dialogues  = 1000
RESULTS:: 20:41:29: root                               EvaluationManager.py <_prstr>179 :  Average reward  = 9.99 +- 0.44
RESULTS:: 20:41:29: root                               EvaluationManager.py <_prstr>179 :  Average success = 92.90 +- 1.59
RESULTS:: 20:41:29: root                               EvaluationManager.py <_prstr>179 :  Average turns   = 8.59 +- 0.25
RESULTS:: 20:41:29: root                                   pydial.py <setEvalConfig>470 :  *** Evaluating env1-LAP-tau_sort_4020_0100_250100_0100-seed1-00.4: error-rate=0 num-dialogs=500 ***
RESULTS:: 20:56:27: root                               EvaluationManager.py <_prstr>179 :  Results for domain: Laptops11 --evaluated by: objective success evaluator
RESULTS:: 20:56:27: root                               EvaluationManager.py <_prstr>179 :  # of dialogues  = 500
RESULTS:: 20:56:27: root                               EvaluationManager.py <_prstr>179 :  Average reward  = 8.70 +- 0.75
RESULTS:: 20:56:27: root                               EvaluationManager.py <_prstr>179 :  Average success = 80.00 +- 3.51
RESULTS:: 20:56:27: root                               EvaluationManager.py <_prstr>179 :  Average turns   = 7.30 +- 0.23
RESULTS:: 20:56:27: root                                   pydial.py <train_command>791 :  List of domains: Laptops11
RESULTS:: 20:56:27: root                                      pydial.py <trainBatch>409 :  *** Training Iteration env1-LAP-tau_sort_4020_0100_250100_0100-seed1-00.4->env1-LAP-tau_sort_4020_0100_250100_0100-seed1-00.5: iter=4, error-rate=0, num-dialogs=1000 ***
RESULTS:: 21:38:15: root                               EvaluationManager.py <_prstr>179 :  Results for domain: Laptops11 --evaluated by: objective success evaluator
RESULTS:: 21:38:15: root                               EvaluationManager.py <_prstr>179 :  # of dialogues  = 1000
RESULTS:: 21:38:15: root                               EvaluationManager.py <_prstr>179 :  Average reward  = 9.64 +- 0.45
RESULTS:: 21:38:15: root                               EvaluationManager.py <_prstr>179 :  Average success = 91.80 +- 1.70
RESULTS:: 21:38:15: root                               EvaluationManager.py <_prstr>179 :  Average turns   = 8.72 +- 0.23
RESULTS:: 21:38:15: root                                   pydial.py <setEvalConfig>470 :  *** Evaluating env1-LAP-tau_sort_4020_0100_250100_0100-seed1-00.5: error-rate=0 num-dialogs=500 ***
RESULTS:: 21:56:04: root                               EvaluationManager.py <_prstr>179 :  Results for domain: Laptops11 --evaluated by: objective success evaluator
RESULTS:: 21:56:04: root                               EvaluationManager.py <_prstr>179 :  # of dialogues  = 500
RESULTS:: 21:56:04: root                               EvaluationManager.py <_prstr>179 :  Average reward  = 11.09 +- 0.64
RESULTS:: 21:56:04: root                               EvaluationManager.py <_prstr>179 :  Average success = 92.40 +- 2.33
RESULTS:: 21:56:04: root                               EvaluationManager.py <_prstr>179 :  Average turns   = 7.39 +- 0.29
RESULTS:: 21:56:04: root                                   pydial.py <train_command>791 :  List of domains: Laptops11
RESULTS:: 21:56:04: root                                      pydial.py <trainBatch>409 :  *** Training Iteration env1-LAP-tau_sort_4020_0100_250100_0100-seed1-00.5->env1-LAP-tau_sort_4020_0100_250100_0100-seed1-00.6: iter=5, error-rate=0, num-dialogs=1000 ***
RESULTS:: 22:36:57: root                               EvaluationManager.py <_prstr>179 :  Results for domain: Laptops11 --evaluated by: objective success evaluator
RESULTS:: 22:36:57: root                               EvaluationManager.py <_prstr>179 :  # of dialogues  = 1000
RESULTS:: 22:36:57: root                               EvaluationManager.py <_prstr>179 :  Average reward  = 9.98 +- 0.42
RESULTS:: 22:36:57: root                               EvaluationManager.py <_prstr>179 :  Average success = 93.40 +- 1.54
RESULTS:: 22:36:57: root                               EvaluationManager.py <_prstr>179 :  Average turns   = 8.70 +- 0.24
RESULTS:: 22:36:57: root                                   pydial.py <setEvalConfig>470 :  *** Evaluating env1-LAP-tau_sort_4020_0100_250100_0100-seed1-00.6: error-rate=0 num-dialogs=500 ***
RESULTS:: 22:54:31: root                               EvaluationManager.py <_prstr>179 :  Results for domain: Laptops11 --evaluated by: objective success evaluator
RESULTS:: 22:54:31: root                               EvaluationManager.py <_prstr>179 :  # of dialogues  = 500
RESULTS:: 22:54:31: root                               EvaluationManager.py <_prstr>179 :  Average reward  = 11.58 +- 0.57
RESULTS:: 22:54:31: root                               EvaluationManager.py <_prstr>179 :  Average success = 97.20 +- 1.45
RESULTS:: 22:54:31: root                               EvaluationManager.py <_prstr>179 :  Average turns   = 7.86 +- 0.34
RESULTS:: 22:54:31: root                                   pydial.py <train_command>791 :  List of domains: Laptops11
RESULTS:: 22:54:31: root                                      pydial.py <trainBatch>409 :  *** Training Iteration env1-LAP-tau_sort_4020_0100_250100_0100-seed1-00.6->env1-LAP-tau_sort_4020_0100_250100_0100-seed1-00.7: iter=6, error-rate=0, num-dialogs=1000 ***
RESULTS:: 23:30:52: root                               EvaluationManager.py <_prstr>179 :  Results for domain: Laptops11 --evaluated by: objective success evaluator
RESULTS:: 23:30:52: root                               EvaluationManager.py <_prstr>179 :  # of dialogues  = 1000
RESULTS:: 23:30:52: root                               EvaluationManager.py <_prstr>179 :  Average reward  = 9.66 +- 0.45
RESULTS:: 23:30:52: root                               EvaluationManager.py <_prstr>179 :  Average success = 91.40 +- 1.74
RESULTS:: 23:30:52: root                               EvaluationManager.py <_prstr>179 :  Average turns   = 8.62 +- 0.24
RESULTS:: 23:30:52: root                                   pydial.py <setEvalConfig>470 :  *** Evaluating env1-LAP-tau_sort_4020_0100_250100_0100-seed1-00.7: error-rate=0 num-dialogs=500 ***
RESULTS:: 23:45:44: root                               EvaluationManager.py <_prstr>179 :  Results for domain: Laptops11 --evaluated by: objective success evaluator
RESULTS:: 23:45:44: root                               EvaluationManager.py <_prstr>179 :  # of dialogues  = 500
RESULTS:: 23:45:44: root                               EvaluationManager.py <_prstr>179 :  Average reward  = 11.05 +- 0.65
RESULTS:: 23:45:44: root                               EvaluationManager.py <_prstr>179 :  Average success = 93.40 +- 2.18
RESULTS:: 23:45:44: root                               EvaluationManager.py <_prstr>179 :  Average turns   = 7.63 +- 0.34
RESULTS:: 23:45:44: root                                   pydial.py <train_command>791 :  List of domains: Laptops11
RESULTS:: 23:45:44: root                                      pydial.py <trainBatch>409 :  *** Training Iteration env1-LAP-tau_sort_4020_0100_250100_0100-seed1-00.7->env1-LAP-tau_sort_4020_0100_250100_0100-seed1-00.8: iter=7, error-rate=0, num-dialogs=1000 ***
RESULTS:: 00:21:53: root                               EvaluationManager.py <_prstr>179 :  Results for domain: Laptops11 --evaluated by: objective success evaluator
RESULTS:: 00:21:53: root                               EvaluationManager.py <_prstr>179 :  # of dialogues  = 1000
RESULTS:: 00:21:53: root                               EvaluationManager.py <_prstr>179 :  Average reward  = 9.94 +- 0.45
RESULTS:: 00:21:53: root                               EvaluationManager.py <_prstr>179 :  Average success = 93.80 +- 1.50
RESULTS:: 00:21:53: root                               EvaluationManager.py <_prstr>179 :  Average turns   = 8.82 +- 0.26
RESULTS:: 00:21:53: root                                   pydial.py <setEvalConfig>470 :  *** Evaluating env1-LAP-tau_sort_4020_0100_250100_0100-seed1-00.8: error-rate=0 num-dialogs=500 ***
RESULTS:: 00:36:42: root                               EvaluationManager.py <_prstr>179 :  Results for domain: Laptops11 --evaluated by: objective success evaluator
RESULTS:: 00:36:42: root                               EvaluationManager.py <_prstr>179 :  # of dialogues  = 500
RESULTS:: 00:36:42: root                               EvaluationManager.py <_prstr>179 :  Average reward  = 9.78 +- 0.72
RESULTS:: 00:36:42: root                               EvaluationManager.py <_prstr>179 :  Average success = 85.00 +- 3.14
RESULTS:: 00:36:42: root                               EvaluationManager.py <_prstr>179 :  Average turns   = 7.22 +- 0.22
RESULTS:: 00:36:42: root                                   pydial.py <train_command>791 :  List of domains: Laptops11
RESULTS:: 00:36:42: root                                      pydial.py <trainBatch>409 :  *** Training Iteration env1-LAP-tau_sort_4020_0100_250100_0100-seed1-00.8->env1-LAP-tau_sort_4020_0100_250100_0100-seed1-00.9: iter=8, error-rate=0, num-dialogs=1000 ***
RESULTS:: 01:13:43: root                               EvaluationManager.py <_prstr>179 :  Results for domain: Laptops11 --evaluated by: objective success evaluator
RESULTS:: 01:13:43: root                               EvaluationManager.py <_prstr>179 :  # of dialogues  = 1000
RESULTS:: 01:13:43: root                               EvaluationManager.py <_prstr>179 :  Average reward  = 9.17 +- 0.50
RESULTS:: 01:13:43: root                               EvaluationManager.py <_prstr>179 :  Average success = 90.30 +- 1.84
RESULTS:: 01:13:43: root                               EvaluationManager.py <_prstr>179 :  Average turns   = 8.89 +- 0.26
RESULTS:: 01:13:43: root                                   pydial.py <setEvalConfig>470 :  *** Evaluating env1-LAP-tau_sort_4020_0100_250100_0100-seed1-00.9: error-rate=0 num-dialogs=500 ***
RESULTS:: 01:26:33: root                               EvaluationManager.py <_prstr>179 :  Results for domain: Laptops11 --evaluated by: objective success evaluator
RESULTS:: 01:26:33: root                               EvaluationManager.py <_prstr>179 :  # of dialogues  = 500
RESULTS:: 01:26:33: root                               EvaluationManager.py <_prstr>179 :  Average reward  = 4.56 +- 0.91
RESULTS:: 01:26:33: root                               EvaluationManager.py <_prstr>179 :  Average success = 54.40 +- 4.38
RESULTS:: 01:26:33: root                               EvaluationManager.py <_prstr>179 :  Average turns   = 6.32 +- 0.13
RESULTS:: 01:26:33: root                                   pydial.py <train_command>791 :  List of domains: Laptops11
RESULTS:: 01:26:33: root                                      pydial.py <trainBatch>409 :  *** Training Iteration env1-LAP-tau_sort_4020_0100_250100_0100-seed1-00.9->env1-LAP-tau_sort_4020_0100_250100_0100-seed1-00.10: iter=9, error-rate=0, num-dialogs=1000 ***
RESULTS:: 02:02:40: root                               EvaluationManager.py <_prstr>179 :  Results for domain: Laptops11 --evaluated by: objective success evaluator
RESULTS:: 02:02:40: root                               EvaluationManager.py <_prstr>179 :  # of dialogues  = 1000
RESULTS:: 02:02:40: root                               EvaluationManager.py <_prstr>179 :  Average reward  = 9.47 +- 0.50
RESULTS:: 02:02:40: root                               EvaluationManager.py <_prstr>179 :  Average success = 90.70 +- 1.80
RESULTS:: 02:02:40: root                               EvaluationManager.py <_prstr>179 :  Average turns   = 8.67 +- 0.26
RESULTS:: 02:02:40: root                                   pydial.py <setEvalConfig>470 :  *** Evaluating env1-LAP-tau_sort_4020_0100_250100_0100-seed1-00.10: error-rate=0 num-dialogs=500 ***
RESULTS:: 02:18:19: root                               EvaluationManager.py <_prstr>179 :  Results for domain: Laptops11 --evaluated by: objective success evaluator
RESULTS:: 02:18:19: root                               EvaluationManager.py <_prstr>179 :  # of dialogues  = 500
RESULTS:: 02:18:19: root                               EvaluationManager.py <_prstr>179 :  Average reward  = 10.84 +- 0.63
RESULTS:: 02:18:19: root                               EvaluationManager.py <_prstr>179 :  Average success = 92.40 +- 2.33
RESULTS:: 02:18:19: root                               EvaluationManager.py <_prstr>179 :  Average turns   = 7.64 +- 0.27
RESULTS:: 02:18:19: root                                   pydial.py <train_command>807 :  *** Training complete. log: env1-LAP-tau_sort_4020_0100_250100_0100-seed1-00.1-10.train.log - final policy is env1-LAP-tau_sort_4020_0100_250100_0100-00-10
