RESULTS:: 18:24:33: root                                   pydial.py <train_command>791 :  List of domains: Laptops11
RESULTS:: 18:24:33: root                                      pydial.py <trainBatch>409 :  *** Training Iteration env1-LAP-tau_sort_4020_0100_250100_0100-seed4-00.0->env1-LAP-tau_sort_4020_0100_250100_0100-seed4-00.1: iter=0, error-rate=0, num-dialogs=1000 ***
RESULTS:: 18:56:33: root                               EvaluationManager.py <_prstr>179 :  Results for domain: Laptops11 --evaluated by: objective success evaluator
RESULTS:: 18:56:33: root                               EvaluationManager.py <_prstr>179 :  # of dialogues  = 1000
RESULTS:: 18:56:33: root                               EvaluationManager.py <_prstr>179 :  Average reward  = 5.97 +- 0.63
RESULTS:: 18:56:33: root                               EvaluationManager.py <_prstr>179 :  Average success = 74.30 +- 2.71
RESULTS:: 18:56:33: root                               EvaluationManager.py <_prstr>179 :  Average turns   = 8.89 +- 0.25
RESULTS:: 18:56:33: root                                   pydial.py <setEvalConfig>470 :  *** Evaluating env1-LAP-tau_sort_4020_0100_250100_0100-seed4-00.1: error-rate=0 num-dialogs=500 ***
RESULTS:: 19:08:51: root                               EvaluationManager.py <_prstr>179 :  Results for domain: Laptops11 --evaluated by: objective success evaluator
RESULTS:: 19:08:51: root                               EvaluationManager.py <_prstr>179 :  # of dialogues  = 500
RESULTS:: 19:08:51: root                               EvaluationManager.py <_prstr>179 :  Average reward  = 6.94 +- 0.86
RESULTS:: 19:08:51: root                               EvaluationManager.py <_prstr>179 :  Average success = 69.80 +- 4.03
RESULTS:: 19:08:51: root                               EvaluationManager.py <_prstr>179 :  Average turns   = 7.02 +- 0.19
RESULTS:: 19:08:51: root                                   pydial.py <train_command>791 :  List of domains: Laptops11
RESULTS:: 19:08:51: root                                      pydial.py <trainBatch>409 :  *** Training Iteration env1-LAP-tau_sort_4020_0100_250100_0100-seed4-00.1->env1-LAP-tau_sort_4020_0100_250100_0100-seed4-00.2: iter=1, error-rate=0, num-dialogs=1000 ***
RESULTS:: 19:40:42: root                               EvaluationManager.py <_prstr>179 :  Results for domain: Laptops11 --evaluated by: objective success evaluator
RESULTS:: 19:40:42: root                               EvaluationManager.py <_prstr>179 :  # of dialogues  = 1000
RESULTS:: 19:40:42: root                               EvaluationManager.py <_prstr>179 :  Average reward  = 8.86 +- 0.48
RESULTS:: 19:40:42: root                               EvaluationManager.py <_prstr>179 :  Average success = 87.90 +- 2.02
RESULTS:: 19:40:42: root                               EvaluationManager.py <_prstr>179 :  Average turns   = 8.72 +- 0.23
RESULTS:: 19:40:42: root                                   pydial.py <setEvalConfig>470 :  *** Evaluating env1-LAP-tau_sort_4020_0100_250100_0100-seed4-00.2: error-rate=0 num-dialogs=500 ***
RESULTS:: 19:53:56: root                               EvaluationManager.py <_prstr>179 :  Results for domain: Laptops11 --evaluated by: objective success evaluator
RESULTS:: 19:53:56: root                               EvaluationManager.py <_prstr>179 :  # of dialogues  = 500
RESULTS:: 19:53:56: root                               EvaluationManager.py <_prstr>179 :  Average reward  = 7.56 +- 0.83
RESULTS:: 19:53:56: root                               EvaluationManager.py <_prstr>179 :  Average success = 75.00 +- 3.80
RESULTS:: 19:53:56: root                               EvaluationManager.py <_prstr>179 :  Average turns   = 7.44 +- 0.22
RESULTS:: 19:53:56: root                                   pydial.py <train_command>791 :  List of domains: Laptops11
RESULTS:: 19:53:56: root                                      pydial.py <trainBatch>409 :  *** Training Iteration env1-LAP-tau_sort_4020_0100_250100_0100-seed4-00.2->env1-LAP-tau_sort_4020_0100_250100_0100-seed4-00.3: iter=2, error-rate=0, num-dialogs=1000 ***
RESULTS:: 20:30:22: root                               EvaluationManager.py <_prstr>179 :  Results for domain: Laptops11 --evaluated by: objective success evaluator
RESULTS:: 20:30:22: root                               EvaluationManager.py <_prstr>179 :  # of dialogues  = 1000
RESULTS:: 20:30:22: root                               EvaluationManager.py <_prstr>179 :  Average reward  = 10.26 +- 0.42
RESULTS:: 20:30:22: root                               EvaluationManager.py <_prstr>179 :  Average success = 94.10 +- 1.46
RESULTS:: 20:30:22: root                               EvaluationManager.py <_prstr>179 :  Average turns   = 8.56 +- 0.24
RESULTS:: 20:30:22: root                                   pydial.py <setEvalConfig>470 :  *** Evaluating env1-LAP-tau_sort_4020_0100_250100_0100-seed4-00.3: error-rate=0 num-dialogs=500 ***
RESULTS:: 20:46:53: root                               EvaluationManager.py <_prstr>179 :  Results for domain: Laptops11 --evaluated by: objective success evaluator
RESULTS:: 20:46:53: root                               EvaluationManager.py <_prstr>179 :  # of dialogues  = 500
RESULTS:: 20:46:53: root                               EvaluationManager.py <_prstr>179 :  Average reward  = 10.91 +- 0.60
RESULTS:: 20:46:53: root                               EvaluationManager.py <_prstr>179 :  Average success = 91.60 +- 2.44
RESULTS:: 20:46:53: root                               EvaluationManager.py <_prstr>179 :  Average turns   = 7.41 +- 0.28
RESULTS:: 20:46:53: root                                   pydial.py <train_command>791 :  List of domains: Laptops11
RESULTS:: 20:46:53: root                                      pydial.py <trainBatch>409 :  *** Training Iteration env1-LAP-tau_sort_4020_0100_250100_0100-seed4-00.3->env1-LAP-tau_sort_4020_0100_250100_0100-seed4-00.4: iter=3, error-rate=0, num-dialogs=1000 ***
RESULTS:: 21:28:18: root                               EvaluationManager.py <_prstr>179 :  Results for domain: Laptops11 --evaluated by: objective success evaluator
RESULTS:: 21:28:18: root                               EvaluationManager.py <_prstr>179 :  # of dialogues  = 1000
RESULTS:: 21:28:18: root                               EvaluationManager.py <_prstr>179 :  Average reward  = 9.98 +- 0.44
RESULTS:: 21:28:18: root                               EvaluationManager.py <_prstr>179 :  Average success = 94.20 +- 1.45
RESULTS:: 21:28:18: root                               EvaluationManager.py <_prstr>179 :  Average turns   = 8.86 +- 0.26
RESULTS:: 21:28:18: root                                   pydial.py <setEvalConfig>470 :  *** Evaluating env1-LAP-tau_sort_4020_0100_250100_0100-seed4-00.4: error-rate=0 num-dialogs=500 ***
RESULTS:: 21:45:23: root                               EvaluationManager.py <_prstr>179 :  Results for domain: Laptops11 --evaluated by: objective success evaluator
RESULTS:: 21:45:23: root                               EvaluationManager.py <_prstr>179 :  # of dialogues  = 500
RESULTS:: 21:45:23: root                               EvaluationManager.py <_prstr>179 :  Average reward  = 10.60 +- 0.64
RESULTS:: 21:45:23: root                               EvaluationManager.py <_prstr>179 :  Average success = 89.60 +- 2.68
RESULTS:: 21:45:23: root                               EvaluationManager.py <_prstr>179 :  Average turns   = 7.32 +- 0.22
RESULTS:: 21:45:23: root                                   pydial.py <train_command>791 :  List of domains: Laptops11
RESULTS:: 21:45:23: root                                      pydial.py <trainBatch>409 :  *** Training Iteration env1-LAP-tau_sort_4020_0100_250100_0100-seed4-00.4->env1-LAP-tau_sort_4020_0100_250100_0100-seed4-00.5: iter=4, error-rate=0, num-dialogs=1000 ***
RESULTS:: 22:26:32: root                               EvaluationManager.py <_prstr>179 :  Results for domain: Laptops11 --evaluated by: objective success evaluator
RESULTS:: 22:26:32: root                               EvaluationManager.py <_prstr>179 :  # of dialogues  = 1000
RESULTS:: 22:26:32: root                               EvaluationManager.py <_prstr>179 :  Average reward  = 9.96 +- 0.44
RESULTS:: 22:26:32: root                               EvaluationManager.py <_prstr>179 :  Average success = 93.80 +- 1.50
RESULTS:: 22:26:32: root                               EvaluationManager.py <_prstr>179 :  Average turns   = 8.79 +- 0.26
RESULTS:: 22:26:32: root                                   pydial.py <setEvalConfig>470 :  *** Evaluating env1-LAP-tau_sort_4020_0100_250100_0100-seed4-00.5: error-rate=0 num-dialogs=500 ***
RESULTS:: 22:41:35: root                               EvaluationManager.py <_prstr>179 :  Results for domain: Laptops11 --evaluated by: objective success evaluator
RESULTS:: 22:41:35: root                               EvaluationManager.py <_prstr>179 :  # of dialogues  = 500
RESULTS:: 22:41:35: root                               EvaluationManager.py <_prstr>179 :  Average reward  = 10.40 +- 0.67
RESULTS:: 22:41:35: root                               EvaluationManager.py <_prstr>179 :  Average success = 87.20 +- 2.94
RESULTS:: 22:41:35: root                               EvaluationManager.py <_prstr>179 :  Average turns   = 7.04 +- 0.21
RESULTS:: 22:41:35: root                                   pydial.py <train_command>791 :  List of domains: Laptops11
RESULTS:: 22:41:35: root                                      pydial.py <trainBatch>409 :  *** Training Iteration env1-LAP-tau_sort_4020_0100_250100_0100-seed4-00.5->env1-LAP-tau_sort_4020_0100_250100_0100-seed4-00.6: iter=5, error-rate=0, num-dialogs=1000 ***
RESULTS:: 23:18:34: root                               EvaluationManager.py <_prstr>179 :  Results for domain: Laptops11 --evaluated by: objective success evaluator
RESULTS:: 23:18:34: root                               EvaluationManager.py <_prstr>179 :  # of dialogues  = 1000
RESULTS:: 23:18:34: root                               EvaluationManager.py <_prstr>179 :  Average reward  = 9.97 +- 0.47
RESULTS:: 23:18:34: root                               EvaluationManager.py <_prstr>179 :  Average success = 93.40 +- 1.54
RESULTS:: 23:18:34: root                               EvaluationManager.py <_prstr>179 :  Average turns   = 8.71 +- 0.27
RESULTS:: 23:18:34: root                                   pydial.py <setEvalConfig>470 :  *** Evaluating env1-LAP-tau_sort_4020_0100_250100_0100-seed4-00.6: error-rate=0 num-dialogs=500 ***
RESULTS:: 23:33:21: root                               EvaluationManager.py <_prstr>179 :  Results for domain: Laptops11 --evaluated by: objective success evaluator
RESULTS:: 23:33:21: root                               EvaluationManager.py <_prstr>179 :  # of dialogues  = 500
RESULTS:: 23:33:21: root                               EvaluationManager.py <_prstr>179 :  Average reward  = 12.27 +- 0.37
RESULTS:: 23:33:21: root                               EvaluationManager.py <_prstr>179 :  Average success = 98.60 +- 1.03
RESULTS:: 23:33:21: root                               EvaluationManager.py <_prstr>179 :  Average turns   = 7.45 +- 0.26
RESULTS:: 23:33:21: root                                   pydial.py <train_command>791 :  List of domains: Laptops11
RESULTS:: 23:33:21: root                                      pydial.py <trainBatch>409 :  *** Training Iteration env1-LAP-tau_sort_4020_0100_250100_0100-seed4-00.6->env1-LAP-tau_sort_4020_0100_250100_0100-seed4-00.7: iter=6, error-rate=0, num-dialogs=1000 ***
RESULTS:: 00:08:26: root                               EvaluationManager.py <_prstr>179 :  Results for domain: Laptops11 --evaluated by: objective success evaluator
RESULTS:: 00:08:26: root                               EvaluationManager.py <_prstr>179 :  # of dialogues  = 1000
RESULTS:: 00:08:26: root                               EvaluationManager.py <_prstr>179 :  Average reward  = 9.86 +- 0.46
RESULTS:: 00:08:26: root                               EvaluationManager.py <_prstr>179 :  Average success = 93.70 +- 1.51
RESULTS:: 00:08:26: root                               EvaluationManager.py <_prstr>179 :  Average turns   = 8.88 +- 0.27
RESULTS:: 00:08:26: root                                   pydial.py <setEvalConfig>470 :  *** Evaluating env1-LAP-tau_sort_4020_0100_250100_0100-seed4-00.7: error-rate=0 num-dialogs=500 ***
RESULTS:: 00:22:33: root                               EvaluationManager.py <_prstr>179 :  Results for domain: Laptops11 --evaluated by: objective success evaluator
RESULTS:: 00:22:33: root                               EvaluationManager.py <_prstr>179 :  # of dialogues  = 500
RESULTS:: 00:22:33: root                               EvaluationManager.py <_prstr>179 :  Average reward  = 12.43 +- 0.40
RESULTS:: 00:22:33: root                               EvaluationManager.py <_prstr>179 :  Average success = 97.20 +- 1.45
RESULTS:: 00:22:33: root                               EvaluationManager.py <_prstr>179 :  Average turns   = 7.01 +- 0.22
RESULTS:: 00:22:33: root                                   pydial.py <train_command>791 :  List of domains: Laptops11
RESULTS:: 00:22:33: root                                      pydial.py <trainBatch>409 :  *** Training Iteration env1-LAP-tau_sort_4020_0100_250100_0100-seed4-00.7->env1-LAP-tau_sort_4020_0100_250100_0100-seed4-00.8: iter=7, error-rate=0, num-dialogs=1000 ***
RESULTS:: 00:57:20: root                               EvaluationManager.py <_prstr>179 :  Results for domain: Laptops11 --evaluated by: objective success evaluator
RESULTS:: 00:57:20: root                               EvaluationManager.py <_prstr>179 :  # of dialogues  = 1000
RESULTS:: 00:57:20: root                               EvaluationManager.py <_prstr>179 :  Average reward  = 10.23 +- 0.43
RESULTS:: 00:57:20: root                               EvaluationManager.py <_prstr>179 :  Average success = 94.60 +- 1.40
RESULTS:: 00:57:20: root                               EvaluationManager.py <_prstr>179 :  Average turns   = 8.69 +- 0.25
RESULTS:: 00:57:20: root                                   pydial.py <setEvalConfig>470 :  *** Evaluating env1-LAP-tau_sort_4020_0100_250100_0100-seed4-00.8: error-rate=0 num-dialogs=500 ***
RESULTS:: 01:10:13: root                               EvaluationManager.py <_prstr>179 :  Results for domain: Laptops11 --evaluated by: objective success evaluator
RESULTS:: 01:10:13: root                               EvaluationManager.py <_prstr>179 :  # of dialogues  = 500
RESULTS:: 01:10:13: root                               EvaluationManager.py <_prstr>179 :  Average reward  = 11.03 +- 0.60
RESULTS:: 01:10:13: root                               EvaluationManager.py <_prstr>179 :  Average success = 91.00 +- 2.51
RESULTS:: 01:10:13: root                               EvaluationManager.py <_prstr>179 :  Average turns   = 7.17 +- 0.25
RESULTS:: 01:10:13: root                                   pydial.py <train_command>791 :  List of domains: Laptops11
RESULTS:: 01:10:13: root                                      pydial.py <trainBatch>409 :  *** Training Iteration env1-LAP-tau_sort_4020_0100_250100_0100-seed4-00.8->env1-LAP-tau_sort_4020_0100_250100_0100-seed4-00.9: iter=8, error-rate=0, num-dialogs=1000 ***
RESULTS:: 01:41:50: root                               EvaluationManager.py <_prstr>179 :  Results for domain: Laptops11 --evaluated by: objective success evaluator
RESULTS:: 01:41:50: root                               EvaluationManager.py <_prstr>179 :  # of dialogues  = 1000
RESULTS:: 01:41:50: root                               EvaluationManager.py <_prstr>179 :  Average reward  = 9.63 +- 0.48
RESULTS:: 01:41:50: root                               EvaluationManager.py <_prstr>179 :  Average success = 92.60 +- 1.62
RESULTS:: 01:41:50: root                               EvaluationManager.py <_prstr>179 :  Average turns   = 8.89 +- 0.27
RESULTS:: 01:41:50: root                                   pydial.py <setEvalConfig>470 :  *** Evaluating env1-LAP-tau_sort_4020_0100_250100_0100-seed4-00.9: error-rate=0 num-dialogs=500 ***
RESULTS:: 01:55:00: root                               EvaluationManager.py <_prstr>179 :  Results for domain: Laptops11 --evaluated by: objective success evaluator
RESULTS:: 01:55:00: root                               EvaluationManager.py <_prstr>179 :  # of dialogues  = 500
RESULTS:: 01:55:00: root                               EvaluationManager.py <_prstr>179 :  Average reward  = 10.87 +- 0.60
RESULTS:: 01:55:00: root                               EvaluationManager.py <_prstr>179 :  Average success = 92.00 +- 2.38
RESULTS:: 01:55:00: root                               EvaluationManager.py <_prstr>179 :  Average turns   = 7.53 +- 0.27
RESULTS:: 01:55:00: root                                   pydial.py <train_command>791 :  List of domains: Laptops11
RESULTS:: 01:55:00: root                                      pydial.py <trainBatch>409 :  *** Training Iteration env1-LAP-tau_sort_4020_0100_250100_0100-seed4-00.9->env1-LAP-tau_sort_4020_0100_250100_0100-seed4-00.10: iter=9, error-rate=0, num-dialogs=1000 ***
RESULTS:: 02:26:17: root                               EvaluationManager.py <_prstr>179 :  Results for domain: Laptops11 --evaluated by: objective success evaluator
RESULTS:: 02:26:17: root                               EvaluationManager.py <_prstr>179 :  # of dialogues  = 1000
RESULTS:: 02:26:17: root                               EvaluationManager.py <_prstr>179 :  Average reward  = 10.17 +- 0.41
RESULTS:: 02:26:17: root                               EvaluationManager.py <_prstr>179 :  Average success = 94.70 +- 1.39
RESULTS:: 02:26:17: root                               EvaluationManager.py <_prstr>179 :  Average turns   = 8.77 +- 0.25
RESULTS:: 02:26:17: root                                   pydial.py <setEvalConfig>470 :  *** Evaluating env1-LAP-tau_sort_4020_0100_250100_0100-seed4-00.10: error-rate=0 num-dialogs=500 ***
RESULTS:: 02:38:41: root                               EvaluationManager.py <_prstr>179 :  Results for domain: Laptops11 --evaluated by: objective success evaluator
RESULTS:: 02:38:41: root                               EvaluationManager.py <_prstr>179 :  # of dialogues  = 500
RESULTS:: 02:38:41: root                               EvaluationManager.py <_prstr>179 :  Average reward  = 11.91 +- 0.49
RESULTS:: 02:38:41: root                               EvaluationManager.py <_prstr>179 :  Average success = 95.40 +- 1.84
RESULTS:: 02:38:41: root                               EvaluationManager.py <_prstr>179 :  Average turns   = 7.17 +- 0.24
RESULTS:: 02:38:41: root                                   pydial.py <train_command>807 :  *** Training complete. log: env1-LAP-tau_sort_4020_0100_250100_0100-seed4-00.1-10.train.log - final policy is env1-LAP-tau_sort_4020_0100_250100_0100-00-10
