RESULTS:: 13:17:01: root                                   pydial.py <train_command>791 :  List of domains: Laptops11
RESULTS:: 13:17:01: root                                      pydial.py <trainBatch>409 :  *** Training Iteration env1-LAP-tau_sort_4020_0100_250100_0100-seed7-00.0->env1-LAP-tau_sort_4020_0100_250100_0100-seed7-00.1: iter=0, error-rate=0, num-dialogs=1000 ***
RESULTS:: 13:48:32: root                               EvaluationManager.py <_prstr>179 :  Results for domain: Laptops11 --evaluated by: objective success evaluator
RESULTS:: 13:48:32: root                               EvaluationManager.py <_prstr>179 :  # of dialogues  = 1000
RESULTS:: 13:48:32: root                               EvaluationManager.py <_prstr>179 :  Average reward  = 5.99 +- 0.63
RESULTS:: 13:48:32: root                               EvaluationManager.py <_prstr>179 :  Average success = 73.90 +- 2.73
RESULTS:: 13:48:32: root                               EvaluationManager.py <_prstr>179 :  Average turns   = 8.79 +- 0.25
RESULTS:: 13:48:32: root                                   pydial.py <setEvalConfig>470 :  *** Evaluating env1-LAP-tau_sort_4020_0100_250100_0100-seed7-00.1: error-rate=0 num-dialogs=500 ***
RESULTS:: 13:59:49: root                               EvaluationManager.py <_prstr>179 :  Results for domain: Laptops11 --evaluated by: objective success evaluator
RESULTS:: 13:59:49: root                               EvaluationManager.py <_prstr>179 :  # of dialogues  = 500
RESULTS:: 13:59:49: root                               EvaluationManager.py <_prstr>179 :  Average reward  = 4.60 +- 0.91
RESULTS:: 13:59:49: root                               EvaluationManager.py <_prstr>179 :  Average success = 56.20 +- 4.36
RESULTS:: 13:59:49: root                               EvaluationManager.py <_prstr>179 :  Average turns   = 6.64 +- 0.15
RESULTS:: 13:59:49: root                                   pydial.py <train_command>791 :  List of domains: Laptops11
RESULTS:: 13:59:49: root                                      pydial.py <trainBatch>409 :  *** Training Iteration env1-LAP-tau_sort_4020_0100_250100_0100-seed7-00.1->env1-LAP-tau_sort_4020_0100_250100_0100-seed7-00.2: iter=1, error-rate=0, num-dialogs=1000 ***
RESULTS:: 14:30:37: root                               EvaluationManager.py <_prstr>179 :  Results for domain: Laptops11 --evaluated by: objective success evaluator
RESULTS:: 14:30:37: root                               EvaluationManager.py <_prstr>179 :  # of dialogues  = 1000
RESULTS:: 14:30:37: root                               EvaluationManager.py <_prstr>179 :  Average reward  = 7.94 +- 0.55
RESULTS:: 14:30:37: root                               EvaluationManager.py <_prstr>179 :  Average success = 83.10 +- 2.33
RESULTS:: 14:30:37: root                               EvaluationManager.py <_prstr>179 :  Average turns   = 8.68 +- 0.23
RESULTS:: 14:30:37: root                                   pydial.py <setEvalConfig>470 :  *** Evaluating env1-LAP-tau_sort_4020_0100_250100_0100-seed7-00.2: error-rate=0 num-dialogs=500 ***
RESULTS:: 14:42:24: root                               EvaluationManager.py <_prstr>179 :  Results for domain: Laptops11 --evaluated by: objective success evaluator
RESULTS:: 14:42:24: root                               EvaluationManager.py <_prstr>179 :  # of dialogues  = 500
RESULTS:: 14:42:24: root                               EvaluationManager.py <_prstr>179 :  Average reward  = 7.88 +- 0.83
RESULTS:: 14:42:24: root                               EvaluationManager.py <_prstr>179 :  Average success = 74.20 +- 3.84
RESULTS:: 14:42:24: root                               EvaluationManager.py <_prstr>179 :  Average turns   = 6.96 +- 0.21
RESULTS:: 14:42:24: root                                   pydial.py <train_command>791 :  List of domains: Laptops11
RESULTS:: 14:42:24: root                                      pydial.py <trainBatch>409 :  *** Training Iteration env1-LAP-tau_sort_4020_0100_250100_0100-seed7-00.2->env1-LAP-tau_sort_4020_0100_250100_0100-seed7-00.3: iter=2, error-rate=0, num-dialogs=1000 ***
RESULTS:: 15:12:51: root                               EvaluationManager.py <_prstr>179 :  Results for domain: Laptops11 --evaluated by: objective success evaluator
RESULTS:: 15:12:51: root                               EvaluationManager.py <_prstr>179 :  # of dialogues  = 1000
RESULTS:: 15:12:51: root                               EvaluationManager.py <_prstr>179 :  Average reward  = 9.05 +- 0.49
RESULTS:: 15:12:51: root                               EvaluationManager.py <_prstr>179 :  Average success = 89.20 +- 1.93
RESULTS:: 15:12:51: root                               EvaluationManager.py <_prstr>179 :  Average turns   = 8.79 +- 0.24
RESULTS:: 15:12:51: root                                   pydial.py <setEvalConfig>470 :  *** Evaluating env1-LAP-tau_sort_4020_0100_250100_0100-seed7-00.3: error-rate=0 num-dialogs=500 ***
RESULTS:: 15:24:32: root                               EvaluationManager.py <_prstr>179 :  Results for domain: Laptops11 --evaluated by: objective success evaluator
RESULTS:: 15:24:32: root                               EvaluationManager.py <_prstr>179 :  # of dialogues  = 500
RESULTS:: 15:24:32: root                               EvaluationManager.py <_prstr>179 :  Average reward  = 9.83 +- 0.69
RESULTS:: 15:24:32: root                               EvaluationManager.py <_prstr>179 :  Average success = 84.60 +- 3.17
RESULTS:: 15:24:32: root                               EvaluationManager.py <_prstr>179 :  Average turns   = 7.09 +- 0.21
RESULTS:: 15:24:32: root                                   pydial.py <train_command>791 :  List of domains: Laptops11
RESULTS:: 15:24:32: root                                      pydial.py <trainBatch>409 :  *** Training Iteration env1-LAP-tau_sort_4020_0100_250100_0100-seed7-00.3->env1-LAP-tau_sort_4020_0100_250100_0100-seed7-00.4: iter=3, error-rate=0, num-dialogs=1000 ***
RESULTS:: 15:55:09: root                               EvaluationManager.py <_prstr>179 :  Results for domain: Laptops11 --evaluated by: objective success evaluator
RESULTS:: 15:55:09: root                               EvaluationManager.py <_prstr>179 :  # of dialogues  = 1000
RESULTS:: 15:55:09: root                               EvaluationManager.py <_prstr>179 :  Average reward  = 9.36 +- 0.48
RESULTS:: 15:55:09: root                               EvaluationManager.py <_prstr>179 :  Average success = 91.20 +- 1.76
RESULTS:: 15:55:09: root                               EvaluationManager.py <_prstr>179 :  Average turns   = 8.88 +- 0.26
RESULTS:: 15:55:09: root                                   pydial.py <setEvalConfig>470 :  *** Evaluating env1-LAP-tau_sort_4020_0100_250100_0100-seed7-00.4: error-rate=0 num-dialogs=500 ***
RESULTS:: 16:08:30: root                               EvaluationManager.py <_prstr>179 :  Results for domain: Laptops11 --evaluated by: objective success evaluator
RESULTS:: 16:08:30: root                               EvaluationManager.py <_prstr>179 :  # of dialogues  = 500
RESULTS:: 16:08:30: root                               EvaluationManager.py <_prstr>179 :  Average reward  = 10.60 +- 0.69
RESULTS:: 16:08:30: root                               EvaluationManager.py <_prstr>179 :  Average success = 91.80 +- 2.41
RESULTS:: 16:08:30: root                               EvaluationManager.py <_prstr>179 :  Average turns   = 7.76 +- 0.33
RESULTS:: 16:08:30: root                                   pydial.py <train_command>791 :  List of domains: Laptops11
RESULTS:: 16:08:30: root                                      pydial.py <trainBatch>409 :  *** Training Iteration env1-LAP-tau_sort_4020_0100_250100_0100-seed7-00.4->env1-LAP-tau_sort_4020_0100_250100_0100-seed7-00.5: iter=4, error-rate=0, num-dialogs=1000 ***
RESULTS:: 16:40:32: root                               EvaluationManager.py <_prstr>179 :  Results for domain: Laptops11 --evaluated by: objective success evaluator
RESULTS:: 16:40:32: root                               EvaluationManager.py <_prstr>179 :  # of dialogues  = 1000
RESULTS:: 16:40:32: root                               EvaluationManager.py <_prstr>179 :  Average reward  = 9.40 +- 0.48
RESULTS:: 16:40:32: root                               EvaluationManager.py <_prstr>179 :  Average success = 92.10 +- 1.67
RESULTS:: 16:40:32: root                               EvaluationManager.py <_prstr>179 :  Average turns   = 9.02 +- 0.27
RESULTS:: 16:40:32: root                                   pydial.py <setEvalConfig>470 :  *** Evaluating env1-LAP-tau_sort_4020_0100_250100_0100-seed7-00.5: error-rate=0 num-dialogs=500 ***
RESULTS:: 16:53:35: root                               EvaluationManager.py <_prstr>179 :  Results for domain: Laptops11 --evaluated by: objective success evaluator
RESULTS:: 16:53:35: root                               EvaluationManager.py <_prstr>179 :  # of dialogues  = 500
RESULTS:: 16:53:35: root                               EvaluationManager.py <_prstr>179 :  Average reward  = 11.46 +- 0.50
RESULTS:: 16:53:35: root                               EvaluationManager.py <_prstr>179 :  Average success = 96.00 +- 1.72
RESULTS:: 16:53:35: root                               EvaluationManager.py <_prstr>179 :  Average turns   = 7.74 +- 0.28
RESULTS:: 16:53:35: root                                   pydial.py <train_command>791 :  List of domains: Laptops11
RESULTS:: 16:53:35: root                                      pydial.py <trainBatch>409 :  *** Training Iteration env1-LAP-tau_sort_4020_0100_250100_0100-seed7-00.5->env1-LAP-tau_sort_4020_0100_250100_0100-seed7-00.6: iter=5, error-rate=0, num-dialogs=1000 ***
RESULTS:: 17:24:22: root                               EvaluationManager.py <_prstr>179 :  Results for domain: Laptops11 --evaluated by: objective success evaluator
RESULTS:: 17:24:22: root                               EvaluationManager.py <_prstr>179 :  # of dialogues  = 1000
RESULTS:: 17:24:22: root                               EvaluationManager.py <_prstr>179 :  Average reward  = 9.19 +- 0.50
RESULTS:: 17:24:22: root                               EvaluationManager.py <_prstr>179 :  Average success = 90.40 +- 1.83
RESULTS:: 17:24:22: root                               EvaluationManager.py <_prstr>179 :  Average turns   = 8.89 +- 0.25
RESULTS:: 17:24:22: root                                   pydial.py <setEvalConfig>470 :  *** Evaluating env1-LAP-tau_sort_4020_0100_250100_0100-seed7-00.6: error-rate=0 num-dialogs=500 ***
RESULTS:: 17:36:59: root                               EvaluationManager.py <_prstr>179 :  Results for domain: Laptops11 --evaluated by: objective success evaluator
RESULTS:: 17:36:59: root                               EvaluationManager.py <_prstr>179 :  # of dialogues  = 500
RESULTS:: 17:36:59: root                               EvaluationManager.py <_prstr>179 :  Average reward  = 10.68 +- 0.62
RESULTS:: 17:36:59: root                               EvaluationManager.py <_prstr>179 :  Average success = 91.20 +- 2.49
RESULTS:: 17:36:59: root                               EvaluationManager.py <_prstr>179 :  Average turns   = 7.56 +- 0.29
RESULTS:: 17:36:59: root                                   pydial.py <train_command>791 :  List of domains: Laptops11
RESULTS:: 17:36:59: root                                      pydial.py <trainBatch>409 :  *** Training Iteration env1-LAP-tau_sort_4020_0100_250100_0100-seed7-00.6->env1-LAP-tau_sort_4020_0100_250100_0100-seed7-00.7: iter=6, error-rate=0, num-dialogs=1000 ***
RESULTS:: 18:07:35: root                               EvaluationManager.py <_prstr>179 :  Results for domain: Laptops11 --evaluated by: objective success evaluator
RESULTS:: 18:07:35: root                               EvaluationManager.py <_prstr>179 :  # of dialogues  = 1000
RESULTS:: 18:07:35: root                               EvaluationManager.py <_prstr>179 :  Average reward  = 10.05 +- 0.43
RESULTS:: 18:07:35: root                               EvaluationManager.py <_prstr>179 :  Average success = 94.60 +- 1.40
RESULTS:: 18:07:35: root                               EvaluationManager.py <_prstr>179 :  Average turns   = 8.87 +- 0.26
RESULTS:: 18:07:35: root                                   pydial.py <setEvalConfig>470 :  *** Evaluating env1-LAP-tau_sort_4020_0100_250100_0100-seed7-00.7: error-rate=0 num-dialogs=500 ***
RESULTS:: 18:20:12: root                               EvaluationManager.py <_prstr>179 :  Results for domain: Laptops11 --evaluated by: objective success evaluator
RESULTS:: 18:20:12: root                               EvaluationManager.py <_prstr>179 :  # of dialogues  = 500
RESULTS:: 18:20:12: root                               EvaluationManager.py <_prstr>179 :  Average reward  = 11.79 +- 0.48
RESULTS:: 18:20:12: root                               EvaluationManager.py <_prstr>179 :  Average success = 96.80 +- 1.55
RESULTS:: 18:20:12: root                               EvaluationManager.py <_prstr>179 :  Average turns   = 7.57 +- 0.29
RESULTS:: 18:20:12: root                                   pydial.py <train_command>791 :  List of domains: Laptops11
RESULTS:: 18:20:12: root                                      pydial.py <trainBatch>409 :  *** Training Iteration env1-LAP-tau_sort_4020_0100_250100_0100-seed7-00.7->env1-LAP-tau_sort_4020_0100_250100_0100-seed7-00.8: iter=7, error-rate=0, num-dialogs=1000 ***
RESULTS:: 18:50:56: root                               EvaluationManager.py <_prstr>179 :  Results for domain: Laptops11 --evaluated by: objective success evaluator
RESULTS:: 18:50:56: root                               EvaluationManager.py <_prstr>179 :  # of dialogues  = 1000
RESULTS:: 18:50:56: root                               EvaluationManager.py <_prstr>179 :  Average reward  = 9.64 +- 0.50
RESULTS:: 18:50:56: root                               EvaluationManager.py <_prstr>179 :  Average success = 93.10 +- 1.57
RESULTS:: 18:50:56: root                               EvaluationManager.py <_prstr>179 :  Average turns   = 8.98 +- 0.28
RESULTS:: 18:50:56: root                                   pydial.py <setEvalConfig>470 :  *** Evaluating env1-LAP-tau_sort_4020_0100_250100_0100-seed7-00.8: error-rate=0 num-dialogs=500 ***
RESULTS:: 19:03:27: root                               EvaluationManager.py <_prstr>179 :  Results for domain: Laptops11 --evaluated by: objective success evaluator
RESULTS:: 19:03:27: root                               EvaluationManager.py <_prstr>179 :  # of dialogues  = 500
RESULTS:: 19:03:27: root                               EvaluationManager.py <_prstr>179 :  Average reward  = 11.17 +- 0.55
RESULTS:: 19:03:27: root                               EvaluationManager.py <_prstr>179 :  Average success = 93.40 +- 2.18
RESULTS:: 19:03:27: root                               EvaluationManager.py <_prstr>179 :  Average turns   = 7.51 +- 0.27
RESULTS:: 19:03:27: root                                   pydial.py <train_command>791 :  List of domains: Laptops11
RESULTS:: 19:03:27: root                                      pydial.py <trainBatch>409 :  *** Training Iteration env1-LAP-tau_sort_4020_0100_250100_0100-seed7-00.8->env1-LAP-tau_sort_4020_0100_250100_0100-seed7-00.9: iter=8, error-rate=0, num-dialogs=1000 ***
RESULTS:: 19:33:04: root                               EvaluationManager.py <_prstr>179 :  Results for domain: Laptops11 --evaluated by: objective success evaluator
RESULTS:: 19:33:04: root                               EvaluationManager.py <_prstr>179 :  # of dialogues  = 1000
RESULTS:: 19:33:04: root                               EvaluationManager.py <_prstr>179 :  Average reward  = 9.58 +- 0.48
RESULTS:: 19:33:04: root                               EvaluationManager.py <_prstr>179 :  Average success = 91.90 +- 1.69
RESULTS:: 19:33:04: root                               EvaluationManager.py <_prstr>179 :  Average turns   = 8.80 +- 0.25
RESULTS:: 19:33:04: root                                   pydial.py <setEvalConfig>470 :  *** Evaluating env1-LAP-tau_sort_4020_0100_250100_0100-seed7-00.9: error-rate=0 num-dialogs=500 ***
RESULTS:: 19:46:44: root                               EvaluationManager.py <_prstr>179 :  Results for domain: Laptops11 --evaluated by: objective success evaluator
RESULTS:: 19:46:44: root                               EvaluationManager.py <_prstr>179 :  # of dialogues  = 500
RESULTS:: 19:46:44: root                               EvaluationManager.py <_prstr>179 :  Average reward  = 11.34 +- 0.58
RESULTS:: 19:46:44: root                               EvaluationManager.py <_prstr>179 :  Average success = 95.00 +- 1.91
RESULTS:: 19:46:44: root                               EvaluationManager.py <_prstr>179 :  Average turns   = 7.66 +- 0.32
RESULTS:: 19:46:44: root                                   pydial.py <train_command>791 :  List of domains: Laptops11
RESULTS:: 19:46:44: root                                      pydial.py <trainBatch>409 :  *** Training Iteration env1-LAP-tau_sort_4020_0100_250100_0100-seed7-00.9->env1-LAP-tau_sort_4020_0100_250100_0100-seed7-00.10: iter=9, error-rate=0, num-dialogs=1000 ***
RESULTS:: 20:17:40: root                               EvaluationManager.py <_prstr>179 :  Results for domain: Laptops11 --evaluated by: objective success evaluator
RESULTS:: 20:17:40: root                               EvaluationManager.py <_prstr>179 :  # of dialogues  = 1000
RESULTS:: 20:17:40: root                               EvaluationManager.py <_prstr>179 :  Average reward  = 10.14 +- 0.43
RESULTS:: 20:17:40: root                               EvaluationManager.py <_prstr>179 :  Average success = 93.70 +- 1.51
RESULTS:: 20:17:40: root                               EvaluationManager.py <_prstr>179 :  Average turns   = 8.60 +- 0.24
RESULTS:: 20:17:40: root                                   pydial.py <setEvalConfig>470 :  *** Evaluating env1-LAP-tau_sort_4020_0100_250100_0100-seed7-00.10: error-rate=0 num-dialogs=500 ***
RESULTS:: 20:33:22: root                               EvaluationManager.py <_prstr>179 :  Results for domain: Laptops11 --evaluated by: objective success evaluator
RESULTS:: 20:33:22: root                               EvaluationManager.py <_prstr>179 :  # of dialogues  = 500
RESULTS:: 20:33:22: root                               EvaluationManager.py <_prstr>179 :  Average reward  = 10.71 +- 0.62
RESULTS:: 20:33:22: root                               EvaluationManager.py <_prstr>179 :  Average success = 91.20 +- 2.49
RESULTS:: 20:33:22: root                               EvaluationManager.py <_prstr>179 :  Average turns   = 7.53 +- 0.27
RESULTS:: 20:33:22: root                                   pydial.py <train_command>807 :  *** Training complete. log: env1-LAP-tau_sort_4020_0100_250100_0100-seed7-00.1-10.train.log - final policy is env1-LAP-tau_sort_4020_0100_250100_0100-00-10
