RESULTS:: 15:41:52: root                                   pydial.py <train_command>791 :  List of domains: Laptops11
RESULTS:: 15:41:52: root                                      pydial.py <trainBatch>409 :  *** Training Iteration env1-LAP-tau_sort_4020_0100_250100_0100-seed3-00.0->env1-LAP-tau_sort_4020_0100_250100_0100-seed3-00.1: iter=0, error-rate=0, num-dialogs=1000 ***
RESULTS:: 16:13:43: root                               EvaluationManager.py <_prstr>179 :  Results for domain: Laptops11 --evaluated by: objective success evaluator
RESULTS:: 16:13:43: root                               EvaluationManager.py <_prstr>179 :  # of dialogues  = 1000
RESULTS:: 16:13:43: root                               EvaluationManager.py <_prstr>179 :  Average reward  = 5.53 +- 0.66
RESULTS:: 16:13:43: root                               EvaluationManager.py <_prstr>179 :  Average success = 72.80 +- 2.76
RESULTS:: 16:13:43: root                               EvaluationManager.py <_prstr>179 :  Average turns   = 9.03 +- 0.26
RESULTS:: 16:13:43: root                                   pydial.py <setEvalConfig>470 :  *** Evaluating env1-LAP-tau_sort_4020_0100_250100_0100-seed3-00.1: error-rate=0 num-dialogs=500 ***
RESULTS:: 16:25:17: root                               EvaluationManager.py <_prstr>179 :  Results for domain: Laptops11 --evaluated by: objective success evaluator
RESULTS:: 16:25:17: root                               EvaluationManager.py <_prstr>179 :  # of dialogues  = 500
RESULTS:: 16:25:17: root                               EvaluationManager.py <_prstr>179 :  Average reward  = 4.86 +- 0.92
RESULTS:: 16:25:17: root                               EvaluationManager.py <_prstr>179 :  Average success = 58.80 +- 4.32
RESULTS:: 16:25:17: root                               EvaluationManager.py <_prstr>179 :  Average turns   = 6.90 +- 0.18
RESULTS:: 16:25:17: root                                   pydial.py <train_command>791 :  List of domains: Laptops11
RESULTS:: 16:25:17: root                                      pydial.py <trainBatch>409 :  *** Training Iteration env1-LAP-tau_sort_4020_0100_250100_0100-seed3-00.1->env1-LAP-tau_sort_4020_0100_250100_0100-seed3-00.2: iter=1, error-rate=0, num-dialogs=1000 ***
RESULTS:: 16:57:19: root                               EvaluationManager.py <_prstr>179 :  Results for domain: Laptops11 --evaluated by: objective success evaluator
RESULTS:: 16:57:19: root                               EvaluationManager.py <_prstr>179 :  # of dialogues  = 1000
RESULTS:: 16:57:19: root                               EvaluationManager.py <_prstr>179 :  Average reward  = 8.91 +- 0.53
RESULTS:: 16:57:19: root                               EvaluationManager.py <_prstr>179 :  Average success = 89.60 +- 1.89
RESULTS:: 16:57:19: root                               EvaluationManager.py <_prstr>179 :  Average turns   = 9.01 +- 0.27
RESULTS:: 16:57:19: root                                   pydial.py <setEvalConfig>470 :  *** Evaluating env1-LAP-tau_sort_4020_0100_250100_0100-seed3-00.2: error-rate=0 num-dialogs=500 ***
RESULTS:: 17:11:14: root                               EvaluationManager.py <_prstr>179 :  Results for domain: Laptops11 --evaluated by: objective success evaluator
RESULTS:: 17:11:14: root                               EvaluationManager.py <_prstr>179 :  # of dialogues  = 500
RESULTS:: 17:11:14: root                               EvaluationManager.py <_prstr>179 :  Average reward  = 11.72 +- 0.47
RESULTS:: 17:11:14: root                               EvaluationManager.py <_prstr>179 :  Average success = 97.40 +- 1.40
RESULTS:: 17:11:14: root                               EvaluationManager.py <_prstr>179 :  Average turns   = 7.76 +- 0.30
RESULTS:: 17:11:14: root                                   pydial.py <train_command>791 :  List of domains: Laptops11
RESULTS:: 17:11:14: root                                      pydial.py <trainBatch>409 :  *** Training Iteration env1-LAP-tau_sort_4020_0100_250100_0100-seed3-00.2->env1-LAP-tau_sort_4020_0100_250100_0100-seed3-00.3: iter=2, error-rate=0, num-dialogs=1000 ***
RESULTS:: 17:41:54: root                               EvaluationManager.py <_prstr>179 :  Results for domain: Laptops11 --evaluated by: objective success evaluator
RESULTS:: 17:41:54: root                               EvaluationManager.py <_prstr>179 :  # of dialogues  = 1000
RESULTS:: 17:41:54: root                               EvaluationManager.py <_prstr>179 :  Average reward  = 9.65 +- 0.47
RESULTS:: 17:41:54: root                               EvaluationManager.py <_prstr>179 :  Average success = 92.00 +- 1.68
RESULTS:: 17:41:54: root                               EvaluationManager.py <_prstr>179 :  Average turns   = 8.75 +- 0.26
RESULTS:: 17:41:54: root                                   pydial.py <setEvalConfig>470 :  *** Evaluating env1-LAP-tau_sort_4020_0100_250100_0100-seed3-00.3: error-rate=0 num-dialogs=500 ***
RESULTS:: 17:53:37: root                               EvaluationManager.py <_prstr>179 :  Results for domain: Laptops11 --evaluated by: objective success evaluator
RESULTS:: 17:53:37: root                               EvaluationManager.py <_prstr>179 :  # of dialogues  = 500
RESULTS:: 17:53:37: root                               EvaluationManager.py <_prstr>179 :  Average reward  = 6.05 +- 0.87
RESULTS:: 17:53:37: root                               EvaluationManager.py <_prstr>179 :  Average success = 63.80 +- 4.22
RESULTS:: 17:53:37: root                               EvaluationManager.py <_prstr>179 :  Average turns   = 6.71 +- 0.18
RESULTS:: 17:53:37: root                                   pydial.py <train_command>791 :  List of domains: Laptops11
RESULTS:: 17:53:37: root                                      pydial.py <trainBatch>409 :  *** Training Iteration env1-LAP-tau_sort_4020_0100_250100_0100-seed3-00.3->env1-LAP-tau_sort_4020_0100_250100_0100-seed3-00.4: iter=3, error-rate=0, num-dialogs=1000 ***
RESULTS:: 18:23:54: root                               EvaluationManager.py <_prstr>179 :  Results for domain: Laptops11 --evaluated by: objective success evaluator
RESULTS:: 18:23:54: root                               EvaluationManager.py <_prstr>179 :  # of dialogues  = 1000
RESULTS:: 18:23:54: root                               EvaluationManager.py <_prstr>179 :  Average reward  = 9.74 +- 0.45
RESULTS:: 18:23:54: root                               EvaluationManager.py <_prstr>179 :  Average success = 91.90 +- 1.69
RESULTS:: 18:23:54: root                               EvaluationManager.py <_prstr>179 :  Average turns   = 8.64 +- 0.24
RESULTS:: 18:23:54: root                                   pydial.py <setEvalConfig>470 :  *** Evaluating env1-LAP-tau_sort_4020_0100_250100_0100-seed3-00.4: error-rate=0 num-dialogs=500 ***
RESULTS:: 18:36:19: root                               EvaluationManager.py <_prstr>179 :  Results for domain: Laptops11 --evaluated by: objective success evaluator
RESULTS:: 18:36:19: root                               EvaluationManager.py <_prstr>179 :  # of dialogues  = 500
RESULTS:: 18:36:19: root                               EvaluationManager.py <_prstr>179 :  Average reward  = 11.65 +- 0.48
RESULTS:: 18:36:19: root                               EvaluationManager.py <_prstr>179 :  Average success = 94.60 +- 1.99
RESULTS:: 18:36:19: root                               EvaluationManager.py <_prstr>179 :  Average turns   = 7.27 +- 0.25
RESULTS:: 18:36:19: root                                   pydial.py <train_command>791 :  List of domains: Laptops11
RESULTS:: 18:36:19: root                                      pydial.py <trainBatch>409 :  *** Training Iteration env1-LAP-tau_sort_4020_0100_250100_0100-seed3-00.4->env1-LAP-tau_sort_4020_0100_250100_0100-seed3-00.5: iter=4, error-rate=0, num-dialogs=1000 ***
RESULTS:: 19:07:47: root                               EvaluationManager.py <_prstr>179 :  Results for domain: Laptops11 --evaluated by: objective success evaluator
RESULTS:: 19:07:47: root                               EvaluationManager.py <_prstr>179 :  # of dialogues  = 1000
RESULTS:: 19:07:47: root                               EvaluationManager.py <_prstr>179 :  Average reward  = 9.20 +- 0.48
RESULTS:: 19:07:47: root                               EvaluationManager.py <_prstr>179 :  Average success = 89.60 +- 1.89
RESULTS:: 19:07:47: root                               EvaluationManager.py <_prstr>179 :  Average turns   = 8.72 +- 0.24
RESULTS:: 19:07:47: root                                   pydial.py <setEvalConfig>470 :  *** Evaluating env1-LAP-tau_sort_4020_0100_250100_0100-seed3-00.5: error-rate=0 num-dialogs=500 ***
RESULTS:: 19:20:15: root                               EvaluationManager.py <_prstr>179 :  Results for domain: Laptops11 --evaluated by: objective success evaluator
RESULTS:: 19:20:15: root                               EvaluationManager.py <_prstr>179 :  # of dialogues  = 500
RESULTS:: 19:20:15: root                               EvaluationManager.py <_prstr>179 :  Average reward  = 8.94 +- 0.73
RESULTS:: 19:20:15: root                               EvaluationManager.py <_prstr>179 :  Average success = 82.20 +- 3.36
RESULTS:: 19:20:15: root                               EvaluationManager.py <_prstr>179 :  Average turns   = 7.50 +- 0.24
RESULTS:: 19:20:15: root                                   pydial.py <train_command>791 :  List of domains: Laptops11
RESULTS:: 19:20:15: root                                      pydial.py <trainBatch>409 :  *** Training Iteration env1-LAP-tau_sort_4020_0100_250100_0100-seed3-00.5->env1-LAP-tau_sort_4020_0100_250100_0100-seed3-00.6: iter=5, error-rate=0, num-dialogs=1000 ***
RESULTS:: 19:51:53: root                               EvaluationManager.py <_prstr>179 :  Results for domain: Laptops11 --evaluated by: objective success evaluator
RESULTS:: 19:51:53: root                               EvaluationManager.py <_prstr>179 :  # of dialogues  = 1000
RESULTS:: 19:51:53: root                               EvaluationManager.py <_prstr>179 :  Average reward  = 9.45 +- 0.50
RESULTS:: 19:51:53: root                               EvaluationManager.py <_prstr>179 :  Average success = 92.20 +- 1.66
RESULTS:: 19:51:53: root                               EvaluationManager.py <_prstr>179 :  Average turns   = 8.99 +- 0.27
RESULTS:: 19:51:53: root                                   pydial.py <setEvalConfig>470 :  *** Evaluating env1-LAP-tau_sort_4020_0100_250100_0100-seed3-00.6: error-rate=0 num-dialogs=500 ***
RESULTS:: 20:04:27: root                               EvaluationManager.py <_prstr>179 :  Results for domain: Laptops11 --evaluated by: objective success evaluator
RESULTS:: 20:04:27: root                               EvaluationManager.py <_prstr>179 :  # of dialogues  = 500
RESULTS:: 20:04:27: root                               EvaluationManager.py <_prstr>179 :  Average reward  = 10.98 +- 0.64
RESULTS:: 20:04:27: root                               EvaluationManager.py <_prstr>179 :  Average success = 92.00 +- 2.38
RESULTS:: 20:04:27: root                               EvaluationManager.py <_prstr>179 :  Average turns   = 7.42 +- 0.26
RESULTS:: 20:04:27: root                                   pydial.py <train_command>791 :  List of domains: Laptops11
RESULTS:: 20:04:27: root                                      pydial.py <trainBatch>409 :  *** Training Iteration env1-LAP-tau_sort_4020_0100_250100_0100-seed3-00.6->env1-LAP-tau_sort_4020_0100_250100_0100-seed3-00.7: iter=6, error-rate=0, num-dialogs=1000 ***
RESULTS:: 20:35:04: root                               EvaluationManager.py <_prstr>179 :  Results for domain: Laptops11 --evaluated by: objective success evaluator
RESULTS:: 20:35:04: root                               EvaluationManager.py <_prstr>179 :  # of dialogues  = 1000
RESULTS:: 20:35:04: root                               EvaluationManager.py <_prstr>179 :  Average reward  = 9.15 +- 0.50
RESULTS:: 20:35:04: root                               EvaluationManager.py <_prstr>179 :  Average success = 89.10 +- 1.93
RESULTS:: 20:35:04: root                               EvaluationManager.py <_prstr>179 :  Average turns   = 8.67 +- 0.25
RESULTS:: 20:35:04: root                                   pydial.py <setEvalConfig>470 :  *** Evaluating env1-LAP-tau_sort_4020_0100_250100_0100-seed3-00.7: error-rate=0 num-dialogs=500 ***
RESULTS:: 20:46:50: root                               EvaluationManager.py <_prstr>179 :  Results for domain: Laptops11 --evaluated by: objective success evaluator
RESULTS:: 20:46:50: root                               EvaluationManager.py <_prstr>179 :  # of dialogues  = 500
RESULTS:: 20:46:50: root                               EvaluationManager.py <_prstr>179 :  Average reward  = 10.97 +- 0.60
RESULTS:: 20:46:50: root                               EvaluationManager.py <_prstr>179 :  Average success = 90.40 +- 2.59
RESULTS:: 20:46:50: root                               EvaluationManager.py <_prstr>179 :  Average turns   = 7.11 +- 0.23
RESULTS:: 20:46:50: root                                   pydial.py <train_command>791 :  List of domains: Laptops11
RESULTS:: 20:46:50: root                                      pydial.py <trainBatch>409 :  *** Training Iteration env1-LAP-tau_sort_4020_0100_250100_0100-seed3-00.7->env1-LAP-tau_sort_4020_0100_250100_0100-seed3-00.8: iter=7, error-rate=0, num-dialogs=1000 ***
RESULTS:: 21:17:52: root                               EvaluationManager.py <_prstr>179 :  Results for domain: Laptops11 --evaluated by: objective success evaluator
RESULTS:: 21:17:52: root                               EvaluationManager.py <_prstr>179 :  # of dialogues  = 1000
RESULTS:: 21:17:52: root                               EvaluationManager.py <_prstr>179 :  Average reward  = 8.84 +- 0.51
RESULTS:: 21:17:52: root                               EvaluationManager.py <_prstr>179 :  Average success = 88.60 +- 1.97
RESULTS:: 21:17:52: root                               EvaluationManager.py <_prstr>179 :  Average turns   = 8.88 +- 0.25
RESULTS:: 21:17:52: root                                   pydial.py <setEvalConfig>470 :  *** Evaluating env1-LAP-tau_sort_4020_0100_250100_0100-seed3-00.8: error-rate=0 num-dialogs=500 ***
RESULTS:: 21:29:52: root                               EvaluationManager.py <_prstr>179 :  Results for domain: Laptops11 --evaluated by: objective success evaluator
RESULTS:: 21:29:52: root                               EvaluationManager.py <_prstr>179 :  # of dialogues  = 500
RESULTS:: 21:29:52: root                               EvaluationManager.py <_prstr>179 :  Average reward  = 11.74 +- 0.48
RESULTS:: 21:29:52: root                               EvaluationManager.py <_prstr>179 :  Average success = 93.80 +- 2.12
RESULTS:: 21:29:52: root                               EvaluationManager.py <_prstr>179 :  Average turns   = 7.02 +- 0.20
RESULTS:: 21:29:52: root                                   pydial.py <train_command>791 :  List of domains: Laptops11
RESULTS:: 21:29:52: root                                      pydial.py <trainBatch>409 :  *** Training Iteration env1-LAP-tau_sort_4020_0100_250100_0100-seed3-00.8->env1-LAP-tau_sort_4020_0100_250100_0100-seed3-00.9: iter=8, error-rate=0, num-dialogs=1000 ***
RESULTS:: 22:01:33: root                               EvaluationManager.py <_prstr>179 :  Results for domain: Laptops11 --evaluated by: objective success evaluator
RESULTS:: 22:01:33: root                               EvaluationManager.py <_prstr>179 :  # of dialogues  = 1000
RESULTS:: 22:01:33: root                               EvaluationManager.py <_prstr>179 :  Average reward  = 9.75 +- 0.48
RESULTS:: 22:01:33: root                               EvaluationManager.py <_prstr>179 :  Average success = 93.50 +- 1.53
RESULTS:: 22:01:33: root                               EvaluationManager.py <_prstr>179 :  Average turns   = 8.95 +- 0.27
RESULTS:: 22:01:33: root                                   pydial.py <setEvalConfig>470 :  *** Evaluating env1-LAP-tau_sort_4020_0100_250100_0100-seed3-00.9: error-rate=0 num-dialogs=500 ***
RESULTS:: 22:15:00: root                               EvaluationManager.py <_prstr>179 :  Results for domain: Laptops11 --evaluated by: objective success evaluator
RESULTS:: 22:15:00: root                               EvaluationManager.py <_prstr>179 :  # of dialogues  = 500
RESULTS:: 22:15:00: root                               EvaluationManager.py <_prstr>179 :  Average reward  = 9.79 +- 0.66
RESULTS:: 22:15:00: root                               EvaluationManager.py <_prstr>179 :  Average success = 88.40 +- 2.81
RESULTS:: 22:15:00: root                               EvaluationManager.py <_prstr>179 :  Average turns   = 7.89 +- 0.30
RESULTS:: 22:15:00: root                                   pydial.py <train_command>791 :  List of domains: Laptops11
RESULTS:: 22:15:00: root                                      pydial.py <trainBatch>409 :  *** Training Iteration env1-LAP-tau_sort_4020_0100_250100_0100-seed3-00.9->env1-LAP-tau_sort_4020_0100_250100_0100-seed3-00.10: iter=9, error-rate=0, num-dialogs=1000 ***
RESULTS:: 22:45:22: root                               EvaluationManager.py <_prstr>179 :  Results for domain: Laptops11 --evaluated by: objective success evaluator
RESULTS:: 22:45:22: root                               EvaluationManager.py <_prstr>179 :  # of dialogues  = 1000
RESULTS:: 22:45:22: root                               EvaluationManager.py <_prstr>179 :  Average reward  = 10.19 +- 0.43
RESULTS:: 22:45:22: root                               EvaluationManager.py <_prstr>179 :  Average success = 94.90 +- 1.37
RESULTS:: 22:45:22: root                               EvaluationManager.py <_prstr>179 :  Average turns   = 8.79 +- 0.26
RESULTS:: 22:45:22: root                                   pydial.py <setEvalConfig>470 :  *** Evaluating env1-LAP-tau_sort_4020_0100_250100_0100-seed3-00.10: error-rate=0 num-dialogs=500 ***
RESULTS:: 22:58:12: root                               EvaluationManager.py <_prstr>179 :  Results for domain: Laptops11 --evaluated by: objective success evaluator
RESULTS:: 22:58:12: root                               EvaluationManager.py <_prstr>179 :  # of dialogues  = 500
RESULTS:: 22:58:12: root                               EvaluationManager.py <_prstr>179 :  Average reward  = 11.45 +- 0.54
RESULTS:: 22:58:12: root                               EvaluationManager.py <_prstr>179 :  Average success = 95.80 +- 1.76
RESULTS:: 22:58:12: root                               EvaluationManager.py <_prstr>179 :  Average turns   = 7.71 +- 0.30
RESULTS:: 22:58:12: root                                   pydial.py <train_command>807 :  *** Training complete. log: env1-LAP-tau_sort_4020_0100_250100_0100-seed3-00.1-10.train.log - final policy is env1-LAP-tau_sort_4020_0100_250100_0100-00-10
