RESULTS:: 13:22:42: root                                   pydial.py <train_command>791 :  List of domains: Laptops11
RESULTS:: 13:22:42: root                                      pydial.py <trainBatch>409 :  *** Training Iteration env1-LAP-tau_sort_4020_0100_250100_0100-seed0-00.0->env1-LAP-tau_sort_4020_0100_250100_0100-seed0-00.1: iter=0, error-rate=0, num-dialogs=1000 ***
RESULTS:: 13:57:05: root                               EvaluationManager.py <_prstr>179 :  Results for domain: Laptops11 --evaluated by: objective success evaluator
RESULTS:: 13:57:05: root                               EvaluationManager.py <_prstr>179 :  # of dialogues  = 1000
RESULTS:: 13:57:05: root                               EvaluationManager.py <_prstr>179 :  Average reward  = 7.19 +- 0.60
RESULTS:: 13:57:05: root                               EvaluationManager.py <_prstr>179 :  Average success = 79.60 +- 2.50
RESULTS:: 13:57:05: root                               EvaluationManager.py <_prstr>179 :  Average turns   = 8.73 +- 0.26
RESULTS:: 13:57:05: root                                   pydial.py <setEvalConfig>470 :  *** Evaluating env1-LAP-tau_sort_4020_0100_250100_0100-seed0-00.1: error-rate=0 num-dialogs=500 ***
RESULTS:: 14:09:38: root                               EvaluationManager.py <_prstr>179 :  Results for domain: Laptops11 --evaluated by: objective success evaluator
RESULTS:: 14:09:38: root                               EvaluationManager.py <_prstr>179 :  # of dialogues  = 500
RESULTS:: 14:09:38: root                               EvaluationManager.py <_prstr>179 :  Average reward  = 4.28 +- 0.90
RESULTS:: 14:09:38: root                               EvaluationManager.py <_prstr>179 :  Average success = 53.80 +- 4.38
RESULTS:: 14:09:38: root                               EvaluationManager.py <_prstr>179 :  Average turns   = 6.48 +- 0.15
RESULTS:: 14:09:38: root                                   pydial.py <train_command>791 :  List of domains: Laptops11
RESULTS:: 14:09:38: root                                      pydial.py <trainBatch>409 :  *** Training Iteration env1-LAP-tau_sort_4020_0100_250100_0100-seed0-00.1->env1-LAP-tau_sort_4020_0100_250100_0100-seed0-00.2: iter=1, error-rate=0, num-dialogs=1000 ***
RESULTS:: 14:44:13: root                               EvaluationManager.py <_prstr>179 :  Results for domain: Laptops11 --evaluated by: objective success evaluator
RESULTS:: 14:44:13: root                               EvaluationManager.py <_prstr>179 :  # of dialogues  = 1000
RESULTS:: 14:44:13: root                               EvaluationManager.py <_prstr>179 :  Average reward  = 9.68 +- 0.47
RESULTS:: 14:44:13: root                               EvaluationManager.py <_prstr>179 :  Average success = 91.90 +- 1.69
RESULTS:: 14:44:13: root                               EvaluationManager.py <_prstr>179 :  Average turns   = 8.71 +- 0.24
RESULTS:: 14:44:13: root                                   pydial.py <setEvalConfig>470 :  *** Evaluating env1-LAP-tau_sort_4020_0100_250100_0100-seed0-00.2: error-rate=0 num-dialogs=500 ***
RESULTS:: 14:59:12: root                               EvaluationManager.py <_prstr>179 :  Results for domain: Laptops11 --evaluated by: objective success evaluator
RESULTS:: 14:59:12: root                               EvaluationManager.py <_prstr>179 :  # of dialogues  = 500
RESULTS:: 14:59:12: root                               EvaluationManager.py <_prstr>179 :  Average reward  = 11.35 +- 0.54
RESULTS:: 14:59:12: root                               EvaluationManager.py <_prstr>179 :  Average success = 93.40 +- 2.18
RESULTS:: 14:59:12: root                               EvaluationManager.py <_prstr>179 :  Average turns   = 7.33 +- 0.24
RESULTS:: 14:59:12: root                                   pydial.py <train_command>791 :  List of domains: Laptops11
RESULTS:: 14:59:12: root                                      pydial.py <trainBatch>409 :  *** Training Iteration env1-LAP-tau_sort_4020_0100_250100_0100-seed0-00.2->env1-LAP-tau_sort_4020_0100_250100_0100-seed0-00.3: iter=2, error-rate=0, num-dialogs=1000 ***
RESULTS:: 15:35:02: root                               EvaluationManager.py <_prstr>179 :  Results for domain: Laptops11 --evaluated by: objective success evaluator
RESULTS:: 15:35:02: root                               EvaluationManager.py <_prstr>179 :  # of dialogues  = 1000
RESULTS:: 15:35:02: root                               EvaluationManager.py <_prstr>179 :  Average reward  = 10.38 +- 0.42
RESULTS:: 15:35:02: root                               EvaluationManager.py <_prstr>179 :  Average success = 96.00 +- 1.22
RESULTS:: 15:35:02: root                               EvaluationManager.py <_prstr>179 :  Average turns   = 8.82 +- 0.27
RESULTS:: 15:35:02: root                                   pydial.py <setEvalConfig>470 :  *** Evaluating env1-LAP-tau_sort_4020_0100_250100_0100-seed0-00.3: error-rate=0 num-dialogs=500 ***
RESULTS:: 15:50:10: root                               EvaluationManager.py <_prstr>179 :  Results for domain: Laptops11 --evaluated by: objective success evaluator
RESULTS:: 15:50:10: root                               EvaluationManager.py <_prstr>179 :  # of dialogues  = 500
RESULTS:: 15:50:10: root                               EvaluationManager.py <_prstr>179 :  Average reward  = 11.54 +- 0.56
RESULTS:: 15:50:10: root                               EvaluationManager.py <_prstr>179 :  Average success = 96.20 +- 1.68
RESULTS:: 15:50:10: root                               EvaluationManager.py <_prstr>179 :  Average turns   = 7.70 +- 0.32
RESULTS:: 15:50:10: root                                   pydial.py <train_command>791 :  List of domains: Laptops11
RESULTS:: 15:50:10: root                                      pydial.py <trainBatch>409 :  *** Training Iteration env1-LAP-tau_sort_4020_0100_250100_0100-seed0-00.3->env1-LAP-tau_sort_4020_0100_250100_0100-seed0-00.4: iter=3, error-rate=0, num-dialogs=1000 ***
RESULTS:: 16:25:52: root                               EvaluationManager.py <_prstr>179 :  Results for domain: Laptops11 --evaluated by: objective success evaluator
RESULTS:: 16:25:52: root                               EvaluationManager.py <_prstr>179 :  # of dialogues  = 1000
RESULTS:: 16:25:52: root                               EvaluationManager.py <_prstr>179 :  Average reward  = 10.20 +- 0.44
RESULTS:: 16:25:52: root                               EvaluationManager.py <_prstr>179 :  Average success = 95.30 +- 1.31
RESULTS:: 16:25:52: root                               EvaluationManager.py <_prstr>179 :  Average turns   = 8.87 +- 0.27
RESULTS:: 16:25:52: root                                   pydial.py <setEvalConfig>470 :  *** Evaluating env1-LAP-tau_sort_4020_0100_250100_0100-seed0-00.4: error-rate=0 num-dialogs=500 ***
RESULTS:: 16:41:35: root                               EvaluationManager.py <_prstr>179 :  Results for domain: Laptops11 --evaluated by: objective success evaluator
RESULTS:: 16:41:35: root                               EvaluationManager.py <_prstr>179 :  # of dialogues  = 500
RESULTS:: 16:41:35: root                               EvaluationManager.py <_prstr>179 :  Average reward  = 11.54 +- 0.50
RESULTS:: 16:41:35: root                               EvaluationManager.py <_prstr>179 :  Average success = 95.40 +- 1.84
RESULTS:: 16:41:35: root                               EvaluationManager.py <_prstr>179 :  Average turns   = 7.54 +- 0.29
RESULTS:: 16:41:35: root                                   pydial.py <train_command>791 :  List of domains: Laptops11
RESULTS:: 16:41:35: root                                      pydial.py <trainBatch>409 :  *** Training Iteration env1-LAP-tau_sort_4020_0100_250100_0100-seed0-00.4->env1-LAP-tau_sort_4020_0100_250100_0100-seed0-00.5: iter=4, error-rate=0, num-dialogs=1000 ***
RESULTS:: 17:17:08: root                               EvaluationManager.py <_prstr>179 :  Results for domain: Laptops11 --evaluated by: objective success evaluator
RESULTS:: 17:17:08: root                               EvaluationManager.py <_prstr>179 :  # of dialogues  = 1000
RESULTS:: 17:17:08: root                               EvaluationManager.py <_prstr>179 :  Average reward  = 10.13 +- 0.43
RESULTS:: 17:17:08: root                               EvaluationManager.py <_prstr>179 :  Average success = 94.30 +- 1.44
RESULTS:: 17:17:08: root                               EvaluationManager.py <_prstr>179 :  Average turns   = 8.73 +- 0.25
RESULTS:: 17:17:08: root                                   pydial.py <setEvalConfig>470 :  *** Evaluating env1-LAP-tau_sort_4020_0100_250100_0100-seed0-00.5: error-rate=0 num-dialogs=500 ***
RESULTS:: 17:32:03: root                               EvaluationManager.py <_prstr>179 :  Results for domain: Laptops11 --evaluated by: objective success evaluator
RESULTS:: 17:32:03: root                               EvaluationManager.py <_prstr>179 :  # of dialogues  = 500
RESULTS:: 17:32:03: root                               EvaluationManager.py <_prstr>179 :  Average reward  = 10.67 +- 0.66
RESULTS:: 17:32:03: root                               EvaluationManager.py <_prstr>179 :  Average success = 91.00 +- 2.51
RESULTS:: 17:32:03: root                               EvaluationManager.py <_prstr>179 :  Average turns   = 7.53 +- 0.32
RESULTS:: 17:32:03: root                                   pydial.py <train_command>791 :  List of domains: Laptops11
RESULTS:: 17:32:03: root                                      pydial.py <trainBatch>409 :  *** Training Iteration env1-LAP-tau_sort_4020_0100_250100_0100-seed0-00.5->env1-LAP-tau_sort_4020_0100_250100_0100-seed0-00.6: iter=5, error-rate=0, num-dialogs=1000 ***
RESULTS:: 18:06:15: root                               EvaluationManager.py <_prstr>179 :  Results for domain: Laptops11 --evaluated by: objective success evaluator
RESULTS:: 18:06:15: root                               EvaluationManager.py <_prstr>179 :  # of dialogues  = 1000
RESULTS:: 18:06:15: root                               EvaluationManager.py <_prstr>179 :  Average reward  = 9.81 +- 0.44
RESULTS:: 18:06:15: root                               EvaluationManager.py <_prstr>179 :  Average success = 93.20 +- 1.56
RESULTS:: 18:06:15: root                               EvaluationManager.py <_prstr>179 :  Average turns   = 8.83 +- 0.25
RESULTS:: 18:06:15: root                                   pydial.py <setEvalConfig>470 :  *** Evaluating env1-LAP-tau_sort_4020_0100_250100_0100-seed0-00.6: error-rate=0 num-dialogs=500 ***
RESULTS:: 18:21:54: root                               EvaluationManager.py <_prstr>179 :  Results for domain: Laptops11 --evaluated by: objective success evaluator
RESULTS:: 18:21:54: root                               EvaluationManager.py <_prstr>179 :  # of dialogues  = 500
RESULTS:: 18:21:54: root                               EvaluationManager.py <_prstr>179 :  Average reward  = 11.75 +- 0.45
RESULTS:: 18:21:54: root                               EvaluationManager.py <_prstr>179 :  Average success = 97.20 +- 1.45
RESULTS:: 18:21:54: root                               EvaluationManager.py <_prstr>179 :  Average turns   = 7.69 +- 0.30
RESULTS:: 18:21:54: root                                   pydial.py <train_command>791 :  List of domains: Laptops11
RESULTS:: 18:21:54: root                                      pydial.py <trainBatch>409 :  *** Training Iteration env1-LAP-tau_sort_4020_0100_250100_0100-seed0-00.6->env1-LAP-tau_sort_4020_0100_250100_0100-seed0-00.7: iter=6, error-rate=0, num-dialogs=1000 ***
RESULTS:: 18:57:10: root                               EvaluationManager.py <_prstr>179 :  Results for domain: Laptops11 --evaluated by: objective success evaluator
RESULTS:: 18:57:10: root                               EvaluationManager.py <_prstr>179 :  # of dialogues  = 1000
RESULTS:: 18:57:10: root                               EvaluationManager.py <_prstr>179 :  Average reward  = 10.05 +- 0.45
RESULTS:: 18:57:10: root                               EvaluationManager.py <_prstr>179 :  Average success = 94.80 +- 1.38
RESULTS:: 18:57:10: root                               EvaluationManager.py <_prstr>179 :  Average turns   = 8.90 +- 0.27
RESULTS:: 18:57:10: root                                   pydial.py <setEvalConfig>470 :  *** Evaluating env1-LAP-tau_sort_4020_0100_250100_0100-seed0-00.7: error-rate=0 num-dialogs=500 ***
RESULTS:: 19:11:51: root                               EvaluationManager.py <_prstr>179 :  Results for domain: Laptops11 --evaluated by: objective success evaluator
RESULTS:: 19:11:51: root                               EvaluationManager.py <_prstr>179 :  # of dialogues  = 500
RESULTS:: 19:11:51: root                               EvaluationManager.py <_prstr>179 :  Average reward  = 11.56 +- 0.50
RESULTS:: 19:11:51: root                               EvaluationManager.py <_prstr>179 :  Average success = 94.60 +- 1.99
RESULTS:: 19:11:51: root                               EvaluationManager.py <_prstr>179 :  Average turns   = 7.36 +- 0.24
RESULTS:: 19:11:51: root                                   pydial.py <train_command>791 :  List of domains: Laptops11
RESULTS:: 19:11:51: root                                      pydial.py <trainBatch>409 :  *** Training Iteration env1-LAP-tau_sort_4020_0100_250100_0100-seed0-00.7->env1-LAP-tau_sort_4020_0100_250100_0100-seed0-00.8: iter=7, error-rate=0, num-dialogs=1000 ***
RESULTS:: 20:07:01: root                               EvaluationManager.py <_prstr>179 :  Results for domain: Laptops11 --evaluated by: objective success evaluator
RESULTS:: 20:07:01: root                               EvaluationManager.py <_prstr>179 :  # of dialogues  = 1000
RESULTS:: 20:07:01: root                               EvaluationManager.py <_prstr>179 :  Average reward  = 10.21 +- 0.41
RESULTS:: 20:07:01: root                               EvaluationManager.py <_prstr>179 :  Average success = 95.40 +- 1.30
RESULTS:: 20:07:01: root                               EvaluationManager.py <_prstr>179 :  Average turns   = 8.87 +- 0.26
RESULTS:: 20:07:01: root                                   pydial.py <setEvalConfig>470 :  *** Evaluating env1-LAP-tau_sort_4020_0100_250100_0100-seed0-00.8: error-rate=0 num-dialogs=500 ***
RESULTS:: 20:40:53: root                               EvaluationManager.py <_prstr>179 :  Results for domain: Laptops11 --evaluated by: objective success evaluator
RESULTS:: 20:40:53: root                               EvaluationManager.py <_prstr>179 :  # of dialogues  = 500
RESULTS:: 20:40:53: root                               EvaluationManager.py <_prstr>179 :  Average reward  = 12.58 +- 0.34
RESULTS:: 20:40:53: root                               EvaluationManager.py <_prstr>179 :  Average success = 99.20 +- 0.78
RESULTS:: 20:40:53: root                               EvaluationManager.py <_prstr>179 :  Average turns   = 7.26 +- 0.27
RESULTS:: 20:40:53: root                                   pydial.py <train_command>791 :  List of domains: Laptops11
RESULTS:: 20:40:53: root                                      pydial.py <trainBatch>409 :  *** Training Iteration env1-LAP-tau_sort_4020_0100_250100_0100-seed0-00.8->env1-LAP-tau_sort_4020_0100_250100_0100-seed0-00.9: iter=8, error-rate=0, num-dialogs=1000 ***
RESULTS:: 21:54:56: root                               EvaluationManager.py <_prstr>179 :  Results for domain: Laptops11 --evaluated by: objective success evaluator
RESULTS:: 21:54:56: root                               EvaluationManager.py <_prstr>179 :  # of dialogues  = 1000
RESULTS:: 21:54:56: root                               EvaluationManager.py <_prstr>179 :  Average reward  = 9.65 +- 0.50
RESULTS:: 21:54:56: root                               EvaluationManager.py <_prstr>179 :  Average success = 93.10 +- 1.57
RESULTS:: 21:54:56: root                               EvaluationManager.py <_prstr>179 :  Average turns   = 8.97 +- 0.28
RESULTS:: 21:54:56: root                                   pydial.py <setEvalConfig>470 :  *** Evaluating env1-LAP-tau_sort_4020_0100_250100_0100-seed0-00.9: error-rate=0 num-dialogs=500 ***
RESULTS:: 22:24:51: root                               EvaluationManager.py <_prstr>179 :  Results for domain: Laptops11 --evaluated by: objective success evaluator
RESULTS:: 22:24:51: root                               EvaluationManager.py <_prstr>179 :  # of dialogues  = 500
RESULTS:: 22:24:51: root                               EvaluationManager.py <_prstr>179 :  Average reward  = 12.36 +- 0.36
RESULTS:: 22:24:51: root                               EvaluationManager.py <_prstr>179 :  Average success = 98.60 +- 1.03
RESULTS:: 22:24:51: root                               EvaluationManager.py <_prstr>179 :  Average turns   = 7.36 +- 0.27
RESULTS:: 22:24:51: root                                   pydial.py <train_command>791 :  List of domains: Laptops11
RESULTS:: 22:24:51: root                                      pydial.py <trainBatch>409 :  *** Training Iteration env1-LAP-tau_sort_4020_0100_250100_0100-seed0-00.9->env1-LAP-tau_sort_4020_0100_250100_0100-seed0-00.10: iter=9, error-rate=0, num-dialogs=1000 ***
RESULTS:: 23:27:56: root                               EvaluationManager.py <_prstr>179 :  Results for domain: Laptops11 --evaluated by: objective success evaluator
RESULTS:: 23:27:56: root                               EvaluationManager.py <_prstr>179 :  # of dialogues  = 1000
RESULTS:: 23:27:56: root                               EvaluationManager.py <_prstr>179 :  Average reward  = 9.38 +- 0.49
RESULTS:: 23:27:56: root                               EvaluationManager.py <_prstr>179 :  Average success = 92.70 +- 1.61
RESULTS:: 23:27:56: root                               EvaluationManager.py <_prstr>179 :  Average turns   = 9.16 +- 0.27
RESULTS:: 23:27:56: root                                   pydial.py <setEvalConfig>470 :  *** Evaluating env1-LAP-tau_sort_4020_0100_250100_0100-seed0-00.10: error-rate=0 num-dialogs=500 ***
RESULTS:: 23:44:22: root                               EvaluationManager.py <_prstr>179 :  Results for domain: Laptops11 --evaluated by: objective success evaluator
RESULTS:: 23:44:22: root                               EvaluationManager.py <_prstr>179 :  # of dialogues  = 500
RESULTS:: 23:44:22: root                               EvaluationManager.py <_prstr>179 :  Average reward  = 11.08 +- 0.60
RESULTS:: 23:44:22: root                               EvaluationManager.py <_prstr>179 :  Average success = 93.00 +- 2.24
RESULTS:: 23:44:22: root                               EvaluationManager.py <_prstr>179 :  Average turns   = 7.52 +- 0.29
RESULTS:: 23:44:22: root                                   pydial.py <train_command>807 :  *** Training complete. log: env1-LAP-tau_sort_4020_0100_250100_0100-seed0-00.1-10.train.log - final policy is env1-LAP-tau_sort_4020_0100_250100_0100-00-10
