RESULTS:: 11:00:04: root                                   pydial.py <train_command>791 :  List of domains: Laptops11
RESULTS:: 11:00:04: root                                      pydial.py <trainBatch>409 :  *** Training Iteration env1-LAP-tau_nodrop_noinco_sort_sharelast_4020_250100_shpr_1717-seed5-00.0->env1-LAP-tau_nodrop_noinco_sort_sharelast_4020_250100_shpr_1717-seed5-00.1: iter=0, error-rate=0, num-dialogs=1000 ***
RESULTS:: 11:28:57: root                               EvaluationManager.py <_prstr>179 :  Results for domain: Laptops11 --evaluated by: objective success evaluator
RESULTS:: 11:28:57: root                               EvaluationManager.py <_prstr>179 :  # of dialogues  = 1000
RESULTS:: 11:28:57: root                               EvaluationManager.py <_prstr>179 :  Average reward  = 7.99 +- 0.56
RESULTS:: 11:28:57: root                               EvaluationManager.py <_prstr>179 :  Average success = 86.10 +- 2.15
RESULTS:: 11:28:57: root                               EvaluationManager.py <_prstr>179 :  Average turns   = 9.23 +- 0.27
RESULTS:: 11:28:57: root                                   pydial.py <setEvalConfig>470 :  *** Evaluating env1-LAP-tau_nodrop_noinco_sort_sharelast_4020_250100_shpr_1717-seed5-00.1: error-rate=0 num-dialogs=500 ***
RESULTS:: 11:41:04: root                               EvaluationManager.py <_prstr>179 :  Results for domain: Laptops11 --evaluated by: objective success evaluator
RESULTS:: 11:41:04: root                               EvaluationManager.py <_prstr>179 :  # of dialogues  = 500
RESULTS:: 11:41:04: root                               EvaluationManager.py <_prstr>179 :  Average reward  = 9.29 +- 0.75
RESULTS:: 11:41:04: root                               EvaluationManager.py <_prstr>179 :  Average success = 88.40 +- 2.81
RESULTS:: 11:41:04: root                               EvaluationManager.py <_prstr>179 :  Average turns   = 8.39 +- 0.36
RESULTS:: 11:41:04: root                                   pydial.py <train_command>791 :  List of domains: Laptops11
RESULTS:: 11:41:04: root                                      pydial.py <trainBatch>409 :  *** Training Iteration env1-LAP-tau_nodrop_noinco_sort_sharelast_4020_250100_shpr_1717-seed5-00.1->env1-LAP-tau_nodrop_noinco_sort_sharelast_4020_250100_shpr_1717-seed5-00.2: iter=1, error-rate=0, num-dialogs=1000 ***
RESULTS:: 12:25:43: root                               EvaluationManager.py <_prstr>179 :  Results for domain: Laptops11 --evaluated by: objective success evaluator
RESULTS:: 12:25:43: root                               EvaluationManager.py <_prstr>179 :  # of dialogues  = 1000
RESULTS:: 12:25:43: root                               EvaluationManager.py <_prstr>179 :  Average reward  = 9.83 +- 0.43
RESULTS:: 12:25:43: root                               EvaluationManager.py <_prstr>179 :  Average success = 92.70 +- 1.61
RESULTS:: 12:25:43: root                               EvaluationManager.py <_prstr>179 :  Average turns   = 8.71 +- 0.24
RESULTS:: 12:25:43: root                                   pydial.py <setEvalConfig>470 :  *** Evaluating env1-LAP-tau_nodrop_noinco_sort_sharelast_4020_250100_shpr_1717-seed5-00.2: error-rate=0 num-dialogs=500 ***
RESULTS:: 12:52:23: root                               EvaluationManager.py <_prstr>179 :  Results for domain: Laptops11 --evaluated by: objective success evaluator
RESULTS:: 12:52:23: root                               EvaluationManager.py <_prstr>179 :  # of dialogues  = 500
RESULTS:: 12:52:23: root                               EvaluationManager.py <_prstr>179 :  Average reward  = 5.59 +- 0.89
RESULTS:: 12:52:23: root                               EvaluationManager.py <_prstr>179 :  Average success = 62.80 +- 4.25
RESULTS:: 12:52:23: root                               EvaluationManager.py <_prstr>179 :  Average turns   = 6.97 +- 0.20
RESULTS:: 12:52:23: root                                   pydial.py <train_command>791 :  List of domains: Laptops11
RESULTS:: 12:52:23: root                                      pydial.py <trainBatch>409 :  *** Training Iteration env1-LAP-tau_nodrop_noinco_sort_sharelast_4020_250100_shpr_1717-seed5-00.2->env1-LAP-tau_nodrop_noinco_sort_sharelast_4020_250100_shpr_1717-seed5-00.3: iter=2, error-rate=0, num-dialogs=1000 ***
RESULTS:: 13:21:50: root                               EvaluationManager.py <_prstr>179 :  Results for domain: Laptops11 --evaluated by: objective success evaluator
RESULTS:: 13:21:50: root                               EvaluationManager.py <_prstr>179 :  # of dialogues  = 1000
RESULTS:: 13:21:50: root                               EvaluationManager.py <_prstr>179 :  Average reward  = 9.43 +- 0.47
RESULTS:: 13:21:50: root                               EvaluationManager.py <_prstr>179 :  Average success = 91.10 +- 1.77
RESULTS:: 13:21:50: root                               EvaluationManager.py <_prstr>179 :  Average turns   = 8.79 +- 0.24
RESULTS:: 13:21:50: root                                   pydial.py <setEvalConfig>470 :  *** Evaluating env1-LAP-tau_nodrop_noinco_sort_sharelast_4020_250100_shpr_1717-seed5-00.3: error-rate=0 num-dialogs=500 ***
RESULTS:: 13:33:10: root                               EvaluationManager.py <_prstr>179 :  Results for domain: Laptops11 --evaluated by: objective success evaluator
RESULTS:: 13:33:10: root                               EvaluationManager.py <_prstr>179 :  # of dialogues  = 500
RESULTS:: 13:33:10: root                               EvaluationManager.py <_prstr>179 :  Average reward  = 9.28 +- 0.74
RESULTS:: 13:33:10: root                               EvaluationManager.py <_prstr>179 :  Average success = 85.20 +- 3.12
RESULTS:: 13:33:10: root                               EvaluationManager.py <_prstr>179 :  Average turns   = 7.76 +- 0.27
RESULTS:: 13:33:10: root                                   pydial.py <train_command>791 :  List of domains: Laptops11
RESULTS:: 13:33:10: root                                      pydial.py <trainBatch>409 :  *** Training Iteration env1-LAP-tau_nodrop_noinco_sort_sharelast_4020_250100_shpr_1717-seed5-00.3->env1-LAP-tau_nodrop_noinco_sort_sharelast_4020_250100_shpr_1717-seed5-00.4: iter=3, error-rate=0, num-dialogs=1000 ***
RESULTS:: 14:00:18: root                               EvaluationManager.py <_prstr>179 :  Results for domain: Laptops11 --evaluated by: objective success evaluator
RESULTS:: 14:00:18: root                               EvaluationManager.py <_prstr>179 :  # of dialogues  = 1000
RESULTS:: 14:00:18: root                               EvaluationManager.py <_prstr>179 :  Average reward  = 9.53 +- 0.46
RESULTS:: 14:00:18: root                               EvaluationManager.py <_prstr>179 :  Average success = 91.00 +- 1.78
RESULTS:: 14:00:18: root                               EvaluationManager.py <_prstr>179 :  Average turns   = 8.67 +- 0.23
RESULTS:: 14:00:18: root                                   pydial.py <setEvalConfig>470 :  *** Evaluating env1-LAP-tau_nodrop_noinco_sort_sharelast_4020_250100_shpr_1717-seed5-00.4: error-rate=0 num-dialogs=500 ***
RESULTS:: 14:11:19: root                               EvaluationManager.py <_prstr>179 :  Results for domain: Laptops11 --evaluated by: objective success evaluator
RESULTS:: 14:11:19: root                               EvaluationManager.py <_prstr>179 :  # of dialogues  = 500
RESULTS:: 14:11:19: root                               EvaluationManager.py <_prstr>179 :  Average reward  = 10.03 +- 0.67
RESULTS:: 14:11:19: root                               EvaluationManager.py <_prstr>179 :  Average success = 87.00 +- 2.95
RESULTS:: 14:11:19: root                               EvaluationManager.py <_prstr>179 :  Average turns   = 7.37 +- 0.23
RESULTS:: 14:11:19: root                                   pydial.py <train_command>791 :  List of domains: Laptops11
RESULTS:: 14:11:19: root                                      pydial.py <trainBatch>409 :  *** Training Iteration env1-LAP-tau_nodrop_noinco_sort_sharelast_4020_250100_shpr_1717-seed5-00.4->env1-LAP-tau_nodrop_noinco_sort_sharelast_4020_250100_shpr_1717-seed5-00.5: iter=4, error-rate=0, num-dialogs=1000 ***
RESULTS:: 14:41:23: root                               EvaluationManager.py <_prstr>179 :  Results for domain: Laptops11 --evaluated by: objective success evaluator
RESULTS:: 14:41:23: root                               EvaluationManager.py <_prstr>179 :  # of dialogues  = 1000
RESULTS:: 14:41:23: root                               EvaluationManager.py <_prstr>179 :  Average reward  = 8.80 +- 0.51
RESULTS:: 14:41:23: root                               EvaluationManager.py <_prstr>179 :  Average success = 88.60 +- 1.97
RESULTS:: 14:41:23: root                               EvaluationManager.py <_prstr>179 :  Average turns   = 8.92 +- 0.25
RESULTS:: 14:41:23: root                                   pydial.py <setEvalConfig>470 :  *** Evaluating env1-LAP-tau_nodrop_noinco_sort_sharelast_4020_250100_shpr_1717-seed5-00.5: error-rate=0 num-dialogs=500 ***
RESULTS:: 14:52:35: root                               EvaluationManager.py <_prstr>179 :  Results for domain: Laptops11 --evaluated by: objective success evaluator
RESULTS:: 14:52:35: root                               EvaluationManager.py <_prstr>179 :  # of dialogues  = 500
RESULTS:: 14:52:35: root                               EvaluationManager.py <_prstr>179 :  Average reward  = 7.21 +- 0.86
RESULTS:: 14:52:35: root                               EvaluationManager.py <_prstr>179 :  Average success = 70.80 +- 4.00
RESULTS:: 14:52:35: root                               EvaluationManager.py <_prstr>179 :  Average turns   = 6.95 +- 0.19
RESULTS:: 14:52:35: root                                   pydial.py <train_command>791 :  List of domains: Laptops11
RESULTS:: 14:52:35: root                                      pydial.py <trainBatch>409 :  *** Training Iteration env1-LAP-tau_nodrop_noinco_sort_sharelast_4020_250100_shpr_1717-seed5-00.5->env1-LAP-tau_nodrop_noinco_sort_sharelast_4020_250100_shpr_1717-seed5-00.6: iter=5, error-rate=0, num-dialogs=1000 ***
RESULTS:: 15:21:33: root                               EvaluationManager.py <_prstr>179 :  Results for domain: Laptops11 --evaluated by: objective success evaluator
RESULTS:: 15:21:33: root                               EvaluationManager.py <_prstr>179 :  # of dialogues  = 1000
RESULTS:: 15:21:33: root                               EvaluationManager.py <_prstr>179 :  Average reward  = 9.47 +- 0.48
RESULTS:: 15:21:33: root                               EvaluationManager.py <_prstr>179 :  Average success = 92.70 +- 1.61
RESULTS:: 15:21:33: root                               EvaluationManager.py <_prstr>179 :  Average turns   = 9.07 +- 0.27
RESULTS:: 15:21:33: root                                   pydial.py <setEvalConfig>470 :  *** Evaluating env1-LAP-tau_nodrop_noinco_sort_sharelast_4020_250100_shpr_1717-seed5-00.6: error-rate=0 num-dialogs=500 ***
RESULTS:: 15:32:25: root                               EvaluationManager.py <_prstr>179 :  Results for domain: Laptops11 --evaluated by: objective success evaluator
RESULTS:: 15:32:25: root                               EvaluationManager.py <_prstr>179 :  # of dialogues  = 500
RESULTS:: 15:32:25: root                               EvaluationManager.py <_prstr>179 :  Average reward  = 9.07 +- 0.75
RESULTS:: 15:32:25: root                               EvaluationManager.py <_prstr>179 :  Average success = 80.00 +- 3.51
RESULTS:: 15:32:25: root                               EvaluationManager.py <_prstr>179 :  Average turns   = 6.93 +- 0.20
RESULTS:: 15:32:25: root                                   pydial.py <train_command>791 :  List of domains: Laptops11
RESULTS:: 15:32:25: root                                      pydial.py <trainBatch>409 :  *** Training Iteration env1-LAP-tau_nodrop_noinco_sort_sharelast_4020_250100_shpr_1717-seed5-00.6->env1-LAP-tau_nodrop_noinco_sort_sharelast_4020_250100_shpr_1717-seed5-00.7: iter=6, error-rate=0, num-dialogs=1000 ***
RESULTS:: 16:01:44: root                               EvaluationManager.py <_prstr>179 :  Results for domain: Laptops11 --evaluated by: objective success evaluator
RESULTS:: 16:01:44: root                               EvaluationManager.py <_prstr>179 :  # of dialogues  = 1000
RESULTS:: 16:01:44: root                               EvaluationManager.py <_prstr>179 :  Average reward  = 9.83 +- 0.44
RESULTS:: 16:01:44: root                               EvaluationManager.py <_prstr>179 :  Average success = 94.80 +- 1.38
RESULTS:: 16:01:44: root                               EvaluationManager.py <_prstr>179 :  Average turns   = 9.13 +- 0.28
RESULTS:: 16:01:44: root                                   pydial.py <setEvalConfig>470 :  *** Evaluating env1-LAP-tau_nodrop_noinco_sort_sharelast_4020_250100_shpr_1717-seed5-00.7: error-rate=0 num-dialogs=500 ***
RESULTS:: 16:13:44: root                               EvaluationManager.py <_prstr>179 :  Results for domain: Laptops11 --evaluated by: objective success evaluator
RESULTS:: 16:13:44: root                               EvaluationManager.py <_prstr>179 :  # of dialogues  = 500
RESULTS:: 16:13:44: root                               EvaluationManager.py <_prstr>179 :  Average reward  = 11.25 +- 0.56
RESULTS:: 16:13:44: root                               EvaluationManager.py <_prstr>179 :  Average success = 96.40 +- 1.64
RESULTS:: 16:13:44: root                               EvaluationManager.py <_prstr>179 :  Average turns   = 8.03 +- 0.33
RESULTS:: 16:13:44: root                                   pydial.py <train_command>791 :  List of domains: Laptops11
RESULTS:: 16:13:44: root                                      pydial.py <trainBatch>409 :  *** Training Iteration env1-LAP-tau_nodrop_noinco_sort_sharelast_4020_250100_shpr_1717-seed5-00.7->env1-LAP-tau_nodrop_noinco_sort_sharelast_4020_250100_shpr_1717-seed5-00.8: iter=7, error-rate=0, num-dialogs=1000 ***
RESULTS:: 16:46:10: root                               EvaluationManager.py <_prstr>179 :  Results for domain: Laptops11 --evaluated by: objective success evaluator
RESULTS:: 16:46:10: root                               EvaluationManager.py <_prstr>179 :  # of dialogues  = 1000
RESULTS:: 16:46:10: root                               EvaluationManager.py <_prstr>179 :  Average reward  = 9.02 +- 0.50
RESULTS:: 16:46:10: root                               EvaluationManager.py <_prstr>179 :  Average success = 90.30 +- 1.84
RESULTS:: 16:46:10: root                               EvaluationManager.py <_prstr>179 :  Average turns   = 9.04 +- 0.27
RESULTS:: 16:46:10: root                                   pydial.py <setEvalConfig>470 :  *** Evaluating env1-LAP-tau_nodrop_noinco_sort_sharelast_4020_250100_shpr_1717-seed5-00.8: error-rate=0 num-dialogs=500 ***
RESULTS:: 17:03:11: root                               EvaluationManager.py <_prstr>179 :  Results for domain: Laptops11 --evaluated by: objective success evaluator
RESULTS:: 17:03:11: root                               EvaluationManager.py <_prstr>179 :  # of dialogues  = 500
RESULTS:: 17:03:11: root                               EvaluationManager.py <_prstr>179 :  Average reward  = 8.65 +- 0.77
RESULTS:: 17:03:11: root                               EvaluationManager.py <_prstr>179 :  Average success = 80.00 +- 3.51
RESULTS:: 17:03:11: root                               EvaluationManager.py <_prstr>179 :  Average turns   = 7.35 +- 0.22
RESULTS:: 17:03:11: root                                   pydial.py <train_command>791 :  List of domains: Laptops11
RESULTS:: 17:03:11: root                                      pydial.py <trainBatch>409 :  *** Training Iteration env1-LAP-tau_nodrop_noinco_sort_sharelast_4020_250100_shpr_1717-seed5-00.8->env1-LAP-tau_nodrop_noinco_sort_sharelast_4020_250100_shpr_1717-seed5-00.9: iter=8, error-rate=0, num-dialogs=1000 ***
RESULTS:: 17:31:36: root                               EvaluationManager.py <_prstr>179 :  Results for domain: Laptops11 --evaluated by: objective success evaluator
RESULTS:: 17:31:36: root                               EvaluationManager.py <_prstr>179 :  # of dialogues  = 1000
RESULTS:: 17:31:36: root                               EvaluationManager.py <_prstr>179 :  Average reward  = 8.94 +- 0.51
RESULTS:: 17:31:36: root                               EvaluationManager.py <_prstr>179 :  Average success = 90.00 +- 1.86
RESULTS:: 17:31:36: root                               EvaluationManager.py <_prstr>179 :  Average turns   = 9.06 +- 0.27
RESULTS:: 17:31:36: root                                   pydial.py <setEvalConfig>470 :  *** Evaluating env1-LAP-tau_nodrop_noinco_sort_sharelast_4020_250100_shpr_1717-seed5-00.9: error-rate=0 num-dialogs=500 ***
RESULTS:: 17:42:40: root                               EvaluationManager.py <_prstr>179 :  Results for domain: Laptops11 --evaluated by: objective success evaluator
RESULTS:: 17:42:40: root                               EvaluationManager.py <_prstr>179 :  # of dialogues  = 500
RESULTS:: 17:42:40: root                               EvaluationManager.py <_prstr>179 :  Average reward  = 10.60 +- 0.64
RESULTS:: 17:42:40: root                               EvaluationManager.py <_prstr>179 :  Average success = 91.00 +- 2.51
RESULTS:: 17:42:40: root                               EvaluationManager.py <_prstr>179 :  Average turns   = 7.60 +- 0.27
RESULTS:: 17:42:40: root                                   pydial.py <train_command>791 :  List of domains: Laptops11
RESULTS:: 17:42:40: root                                      pydial.py <trainBatch>409 :  *** Training Iteration env1-LAP-tau_nodrop_noinco_sort_sharelast_4020_250100_shpr_1717-seed5-00.9->env1-LAP-tau_nodrop_noinco_sort_sharelast_4020_250100_shpr_1717-seed5-00.10: iter=9, error-rate=0, num-dialogs=1000 ***
RESULTS:: 18:11:27: root                               EvaluationManager.py <_prstr>179 :  Results for domain: Laptops11 --evaluated by: objective success evaluator
RESULTS:: 18:11:27: root                               EvaluationManager.py <_prstr>179 :  # of dialogues  = 1000
RESULTS:: 18:11:27: root                               EvaluationManager.py <_prstr>179 :  Average reward  = 9.55 +- 0.47
RESULTS:: 18:11:27: root                               EvaluationManager.py <_prstr>179 :  Average success = 92.00 +- 1.68
RESULTS:: 18:11:27: root                               EvaluationManager.py <_prstr>179 :  Average turns   = 8.85 +- 0.25
RESULTS:: 18:11:27: root                                   pydial.py <setEvalConfig>470 :  *** Evaluating env1-LAP-tau_nodrop_noinco_sort_sharelast_4020_250100_shpr_1717-seed5-00.10: error-rate=0 num-dialogs=500 ***
RESULTS:: 18:24:08: root                               EvaluationManager.py <_prstr>179 :  Results for domain: Laptops11 --evaluated by: objective success evaluator
RESULTS:: 18:24:09: root                               EvaluationManager.py <_prstr>179 :  # of dialogues  = 500
RESULTS:: 18:24:09: root                               EvaluationManager.py <_prstr>179 :  Average reward  = 10.91 +- 0.57
RESULTS:: 18:24:09: root                               EvaluationManager.py <_prstr>179 :  Average success = 94.20 +- 2.05
RESULTS:: 18:24:09: root                               EvaluationManager.py <_prstr>179 :  Average turns   = 7.93 +- 0.30
RESULTS:: 18:24:09: root                                   pydial.py <train_command>807 :  *** Training complete. log: env1-LAP-tau_nodrop_noinco_sort_sharelast_4020_250100_shpr_1717-seed5-00.1-10.train.log - final policy is env1-LAP-tau_nodrop_noinco_sort_sharelast_4020_250100_shpr_1717-00-10
