RESULTS:: 11:00:10: root                                   pydial.py <train_command>791 :  List of domains: Laptops11
RESULTS:: 11:00:10: root                                      pydial.py <trainBatch>409 :  *** Training Iteration env1-LAP-tau_nodrop_noinco_sort_sharelast_4020_250100_shpr_1717-seed7-00.0->env1-LAP-tau_nodrop_noinco_sort_sharelast_4020_250100_shpr_1717-seed7-00.1: iter=0, error-rate=0, num-dialogs=1000 ***
RESULTS:: 11:29:29: root                               EvaluationManager.py <_prstr>179 :  Results for domain: Laptops11 --evaluated by: objective success evaluator
RESULTS:: 11:29:29: root                               EvaluationManager.py <_prstr>179 :  # of dialogues  = 1000
RESULTS:: 11:29:29: root                               EvaluationManager.py <_prstr>179 :  Average reward  = 7.66 +- 0.59
RESULTS:: 11:29:29: root                               EvaluationManager.py <_prstr>179 :  Average success = 85.10 +- 2.21
RESULTS:: 11:29:29: root                               EvaluationManager.py <_prstr>179 :  Average turns   = 9.36 +- 0.27
RESULTS:: 11:29:29: root                                   pydial.py <setEvalConfig>470 :  *** Evaluating env1-LAP-tau_nodrop_noinco_sort_sharelast_4020_250100_shpr_1717-seed7-00.1: error-rate=0 num-dialogs=500 ***
RESULTS:: 11:40:09: root                               EvaluationManager.py <_prstr>179 :  Results for domain: Laptops11 --evaluated by: objective success evaluator
RESULTS:: 11:40:09: root                               EvaluationManager.py <_prstr>179 :  # of dialogues  = 500
RESULTS:: 11:40:09: root                               EvaluationManager.py <_prstr>179 :  Average reward  = 9.86 +- 0.70
RESULTS:: 11:40:09: root                               EvaluationManager.py <_prstr>179 :  Average success = 86.40 +- 3.01
RESULTS:: 11:40:09: root                               EvaluationManager.py <_prstr>179 :  Average turns   = 7.42 +- 0.23
RESULTS:: 11:40:09: root                                   pydial.py <train_command>791 :  List of domains: Laptops11
RESULTS:: 11:40:09: root                                      pydial.py <trainBatch>409 :  *** Training Iteration env1-LAP-tau_nodrop_noinco_sort_sharelast_4020_250100_shpr_1717-seed7-00.1->env1-LAP-tau_nodrop_noinco_sort_sharelast_4020_250100_shpr_1717-seed7-00.2: iter=1, error-rate=0, num-dialogs=1000 ***
RESULTS:: 12:24:26: root                               EvaluationManager.py <_prstr>179 :  Results for domain: Laptops11 --evaluated by: objective success evaluator
RESULTS:: 12:24:26: root                               EvaluationManager.py <_prstr>179 :  # of dialogues  = 1000
RESULTS:: 12:24:26: root                               EvaluationManager.py <_prstr>179 :  Average reward  = 9.42 +- 0.47
RESULTS:: 12:24:26: root                               EvaluationManager.py <_prstr>179 :  Average success = 91.70 +- 1.71
RESULTS:: 12:24:26: root                               EvaluationManager.py <_prstr>179 :  Average turns   = 8.92 +- 0.26
RESULTS:: 12:24:26: root                                   pydial.py <setEvalConfig>470 :  *** Evaluating env1-LAP-tau_nodrop_noinco_sort_sharelast_4020_250100_shpr_1717-seed7-00.2: error-rate=0 num-dialogs=500 ***
RESULTS:: 12:53:04: root                               EvaluationManager.py <_prstr>179 :  Results for domain: Laptops11 --evaluated by: objective success evaluator
RESULTS:: 12:53:04: root                               EvaluationManager.py <_prstr>179 :  # of dialogues  = 500
RESULTS:: 12:53:04: root                               EvaluationManager.py <_prstr>179 :  Average reward  = 10.73 +- 0.58
RESULTS:: 12:53:04: root                               EvaluationManager.py <_prstr>179 :  Average success = 91.80 +- 2.41
RESULTS:: 12:53:04: root                               EvaluationManager.py <_prstr>179 :  Average turns   = 7.63 +- 0.27
RESULTS:: 12:53:04: root                                   pydial.py <train_command>791 :  List of domains: Laptops11
RESULTS:: 12:53:04: root                                      pydial.py <trainBatch>409 :  *** Training Iteration env1-LAP-tau_nodrop_noinco_sort_sharelast_4020_250100_shpr_1717-seed7-00.2->env1-LAP-tau_nodrop_noinco_sort_sharelast_4020_250100_shpr_1717-seed7-00.3: iter=2, error-rate=0, num-dialogs=1000 ***
RESULTS:: 13:23:21: root                               EvaluationManager.py <_prstr>179 :  Results for domain: Laptops11 --evaluated by: objective success evaluator
RESULTS:: 13:23:21: root                               EvaluationManager.py <_prstr>179 :  # of dialogues  = 1000
RESULTS:: 13:23:21: root                               EvaluationManager.py <_prstr>179 :  Average reward  = 9.49 +- 0.47
RESULTS:: 13:23:21: root                               EvaluationManager.py <_prstr>179 :  Average success = 92.60 +- 1.62
RESULTS:: 13:23:21: root                               EvaluationManager.py <_prstr>179 :  Average turns   = 9.03 +- 0.26
RESULTS:: 13:23:21: root                                   pydial.py <setEvalConfig>470 :  *** Evaluating env1-LAP-tau_nodrop_noinco_sort_sharelast_4020_250100_shpr_1717-seed7-00.3: error-rate=0 num-dialogs=500 ***
RESULTS:: 13:34:45: root                               EvaluationManager.py <_prstr>179 :  Results for domain: Laptops11 --evaluated by: objective success evaluator
RESULTS:: 13:34:45: root                               EvaluationManager.py <_prstr>179 :  # of dialogues  = 500
RESULTS:: 13:34:45: root                               EvaluationManager.py <_prstr>179 :  Average reward  = 11.69 +- 0.55
RESULTS:: 13:34:45: root                               EvaluationManager.py <_prstr>179 :  Average success = 96.80 +- 1.55
RESULTS:: 13:34:45: root                               EvaluationManager.py <_prstr>179 :  Average turns   = 7.67 +- 0.32
RESULTS:: 13:34:45: root                                   pydial.py <train_command>791 :  List of domains: Laptops11
RESULTS:: 13:34:45: root                                      pydial.py <trainBatch>409 :  *** Training Iteration env1-LAP-tau_nodrop_noinco_sort_sharelast_4020_250100_shpr_1717-seed7-00.3->env1-LAP-tau_nodrop_noinco_sort_sharelast_4020_250100_shpr_1717-seed7-00.4: iter=3, error-rate=0, num-dialogs=1000 ***
RESULTS:: 14:02:42: root                               EvaluationManager.py <_prstr>179 :  Results for domain: Laptops11 --evaluated by: objective success evaluator
RESULTS:: 14:02:42: root                               EvaluationManager.py <_prstr>179 :  # of dialogues  = 1000
RESULTS:: 14:02:42: root                               EvaluationManager.py <_prstr>179 :  Average reward  = 9.96 +- 0.43
RESULTS:: 14:02:42: root                               EvaluationManager.py <_prstr>179 :  Average success = 94.20 +- 1.45
RESULTS:: 14:02:42: root                               EvaluationManager.py <_prstr>179 :  Average turns   = 8.88 +- 0.26
RESULTS:: 14:02:42: root                                   pydial.py <setEvalConfig>470 :  *** Evaluating env1-LAP-tau_nodrop_noinco_sort_sharelast_4020_250100_shpr_1717-seed7-00.4: error-rate=0 num-dialogs=500 ***
RESULTS:: 14:13:40: root                               EvaluationManager.py <_prstr>179 :  Results for domain: Laptops11 --evaluated by: objective success evaluator
RESULTS:: 14:13:40: root                               EvaluationManager.py <_prstr>179 :  # of dialogues  = 500
RESULTS:: 14:13:40: root                               EvaluationManager.py <_prstr>179 :  Average reward  = 11.87 +- 0.46
RESULTS:: 14:13:40: root                               EvaluationManager.py <_prstr>179 :  Average success = 96.20 +- 1.68
RESULTS:: 14:13:40: root                               EvaluationManager.py <_prstr>179 :  Average turns   = 7.37 +- 0.24
RESULTS:: 14:13:40: root                                   pydial.py <train_command>791 :  List of domains: Laptops11
RESULTS:: 14:13:40: root                                      pydial.py <trainBatch>409 :  *** Training Iteration env1-LAP-tau_nodrop_noinco_sort_sharelast_4020_250100_shpr_1717-seed7-00.4->env1-LAP-tau_nodrop_noinco_sort_sharelast_4020_250100_shpr_1717-seed7-00.5: iter=4, error-rate=0, num-dialogs=1000 ***
RESULTS:: 14:44:30: root                               EvaluationManager.py <_prstr>179 :  Results for domain: Laptops11 --evaluated by: objective success evaluator
RESULTS:: 14:44:30: root                               EvaluationManager.py <_prstr>179 :  # of dialogues  = 1000
RESULTS:: 14:44:30: root                               EvaluationManager.py <_prstr>179 :  Average reward  = 8.88 +- 0.54
RESULTS:: 14:44:30: root                               EvaluationManager.py <_prstr>179 :  Average success = 90.40 +- 1.83
RESULTS:: 14:44:30: root                               EvaluationManager.py <_prstr>179 :  Average turns   = 9.20 +- 0.29
RESULTS:: 14:44:30: root                                   pydial.py <setEvalConfig>470 :  *** Evaluating env1-LAP-tau_nodrop_noinco_sort_sharelast_4020_250100_shpr_1717-seed7-00.5: error-rate=0 num-dialogs=500 ***
RESULTS:: 14:58:16: root                               EvaluationManager.py <_prstr>179 :  Results for domain: Laptops11 --evaluated by: objective success evaluator
RESULTS:: 14:58:16: root                               EvaluationManager.py <_prstr>179 :  # of dialogues  = 500
RESULTS:: 14:58:16: root                               EvaluationManager.py <_prstr>179 :  Average reward  = 8.32 +- 0.90
RESULTS:: 14:58:16: root                               EvaluationManager.py <_prstr>179 :  Average success = 85.20 +- 3.12
RESULTS:: 14:58:16: root                               EvaluationManager.py <_prstr>179 :  Average turns   = 8.72 +- 0.42
RESULTS:: 14:58:16: root                                   pydial.py <train_command>791 :  List of domains: Laptops11
RESULTS:: 14:58:16: root                                      pydial.py <trainBatch>409 :  *** Training Iteration env1-LAP-tau_nodrop_noinco_sort_sharelast_4020_250100_shpr_1717-seed7-00.5->env1-LAP-tau_nodrop_noinco_sort_sharelast_4020_250100_shpr_1717-seed7-00.6: iter=5, error-rate=0, num-dialogs=1000 ***
RESULTS:: 15:27:51: root                               EvaluationManager.py <_prstr>179 :  Results for domain: Laptops11 --evaluated by: objective success evaluator
RESULTS:: 15:27:51: root                               EvaluationManager.py <_prstr>179 :  # of dialogues  = 1000
RESULTS:: 15:27:51: root                               EvaluationManager.py <_prstr>179 :  Average reward  = 8.83 +- 0.53
RESULTS:: 15:27:51: root                               EvaluationManager.py <_prstr>179 :  Average success = 90.20 +- 1.84
RESULTS:: 15:27:51: root                               EvaluationManager.py <_prstr>179 :  Average turns   = 9.21 +- 0.28
RESULTS:: 15:27:51: root                                   pydial.py <setEvalConfig>470 :  *** Evaluating env1-LAP-tau_nodrop_noinco_sort_sharelast_4020_250100_shpr_1717-seed7-00.6: error-rate=0 num-dialogs=500 ***
RESULTS:: 15:39:32: root                               EvaluationManager.py <_prstr>179 :  Results for domain: Laptops11 --evaluated by: objective success evaluator
RESULTS:: 15:39:32: root                               EvaluationManager.py <_prstr>179 :  # of dialogues  = 500
RESULTS:: 15:39:32: root                               EvaluationManager.py <_prstr>179 :  Average reward  = 10.19 +- 0.66
RESULTS:: 15:39:32: root                               EvaluationManager.py <_prstr>179 :  Average success = 89.20 +- 2.73
RESULTS:: 15:39:32: root                               EvaluationManager.py <_prstr>179 :  Average turns   = 7.65 +- 0.26
RESULTS:: 15:39:32: root                                   pydial.py <train_command>791 :  List of domains: Laptops11
RESULTS:: 15:39:32: root                                      pydial.py <trainBatch>409 :  *** Training Iteration env1-LAP-tau_nodrop_noinco_sort_sharelast_4020_250100_shpr_1717-seed7-00.6->env1-LAP-tau_nodrop_noinco_sort_sharelast_4020_250100_shpr_1717-seed7-00.7: iter=6, error-rate=0, num-dialogs=1000 ***
RESULTS:: 16:08:36: root                               EvaluationManager.py <_prstr>179 :  Results for domain: Laptops11 --evaluated by: objective success evaluator
RESULTS:: 16:08:36: root                               EvaluationManager.py <_prstr>179 :  # of dialogues  = 1000
RESULTS:: 16:08:36: root                               EvaluationManager.py <_prstr>179 :  Average reward  = 9.29 +- 0.46
RESULTS:: 16:08:36: root                               EvaluationManager.py <_prstr>179 :  Average success = 92.20 +- 1.66
RESULTS:: 16:08:36: root                               EvaluationManager.py <_prstr>179 :  Average turns   = 9.15 +- 0.26
RESULTS:: 16:08:36: root                                   pydial.py <setEvalConfig>470 :  *** Evaluating env1-LAP-tau_nodrop_noinco_sort_sharelast_4020_250100_shpr_1717-seed7-00.7: error-rate=0 num-dialogs=500 ***
RESULTS:: 16:19:19: root                               EvaluationManager.py <_prstr>179 :  Results for domain: Laptops11 --evaluated by: objective success evaluator
RESULTS:: 16:19:19: root                               EvaluationManager.py <_prstr>179 :  # of dialogues  = 500
RESULTS:: 16:19:19: root                               EvaluationManager.py <_prstr>179 :  Average reward  = 6.94 +- 0.82
RESULTS:: 16:19:19: root                               EvaluationManager.py <_prstr>179 :  Average success = 70.80 +- 4.00
RESULTS:: 16:19:19: root                               EvaluationManager.py <_prstr>179 :  Average turns   = 7.22 +- 0.21
RESULTS:: 16:19:19: root                                   pydial.py <train_command>791 :  List of domains: Laptops11
RESULTS:: 16:19:19: root                                      pydial.py <trainBatch>409 :  *** Training Iteration env1-LAP-tau_nodrop_noinco_sort_sharelast_4020_250100_shpr_1717-seed7-00.7->env1-LAP-tau_nodrop_noinco_sort_sharelast_4020_250100_shpr_1717-seed7-00.8: iter=7, error-rate=0, num-dialogs=1000 ***
RESULTS:: 16:51:04: root                               EvaluationManager.py <_prstr>179 :  Results for domain: Laptops11 --evaluated by: objective success evaluator
RESULTS:: 16:51:04: root                               EvaluationManager.py <_prstr>179 :  # of dialogues  = 1000
RESULTS:: 16:51:04: root                               EvaluationManager.py <_prstr>179 :  Average reward  = 9.84 +- 0.45
RESULTS:: 16:51:04: root                               EvaluationManager.py <_prstr>179 :  Average success = 92.70 +- 1.61
RESULTS:: 16:51:04: root                               EvaluationManager.py <_prstr>179 :  Average turns   = 8.70 +- 0.24
RESULTS:: 16:51:04: root                                   pydial.py <setEvalConfig>470 :  *** Evaluating env1-LAP-tau_nodrop_noinco_sort_sharelast_4020_250100_shpr_1717-seed7-00.8: error-rate=0 num-dialogs=500 ***
RESULTS:: 17:09:06: root                               EvaluationManager.py <_prstr>179 :  Results for domain: Laptops11 --evaluated by: objective success evaluator
RESULTS:: 17:09:06: root                               EvaluationManager.py <_prstr>179 :  # of dialogues  = 500
RESULTS:: 17:09:06: root                               EvaluationManager.py <_prstr>179 :  Average reward  = 7.27 +- 0.86
RESULTS:: 17:09:06: root                               EvaluationManager.py <_prstr>179 :  Average success = 75.60 +- 3.77
RESULTS:: 17:09:06: root                               EvaluationManager.py <_prstr>179 :  Average turns   = 7.85 +- 0.29
RESULTS:: 17:09:06: root                                   pydial.py <train_command>791 :  List of domains: Laptops11
RESULTS:: 17:09:06: root                                      pydial.py <trainBatch>409 :  *** Training Iteration env1-LAP-tau_nodrop_noinco_sort_sharelast_4020_250100_shpr_1717-seed7-00.8->env1-LAP-tau_nodrop_noinco_sort_sharelast_4020_250100_shpr_1717-seed7-00.9: iter=8, error-rate=0, num-dialogs=1000 ***
RESULTS:: 17:36:10: root                               EvaluationManager.py <_prstr>179 :  Results for domain: Laptops11 --evaluated by: objective success evaluator
RESULTS:: 17:36:10: root                               EvaluationManager.py <_prstr>179 :  # of dialogues  = 1000
RESULTS:: 17:36:10: root                               EvaluationManager.py <_prstr>179 :  Average reward  = 9.54 +- 0.46
RESULTS:: 17:36:10: root                               EvaluationManager.py <_prstr>179 :  Average success = 91.60 +- 1.72
RESULTS:: 17:36:10: root                               EvaluationManager.py <_prstr>179 :  Average turns   = 8.78 +- 0.24
RESULTS:: 17:36:10: root                                   pydial.py <setEvalConfig>470 :  *** Evaluating env1-LAP-tau_nodrop_noinco_sort_sharelast_4020_250100_shpr_1717-seed7-00.9: error-rate=0 num-dialogs=500 ***
RESULTS:: 17:47:49: root                               EvaluationManager.py <_prstr>179 :  Results for domain: Laptops11 --evaluated by: objective success evaluator
RESULTS:: 17:47:49: root                               EvaluationManager.py <_prstr>179 :  # of dialogues  = 500
RESULTS:: 17:47:49: root                               EvaluationManager.py <_prstr>179 :  Average reward  = 10.89 +- 0.62
RESULTS:: 17:47:49: root                               EvaluationManager.py <_prstr>179 :  Average success = 94.40 +- 2.02
RESULTS:: 17:47:49: root                               EvaluationManager.py <_prstr>179 :  Average turns   = 7.99 +- 0.33
RESULTS:: 17:47:49: root                                   pydial.py <train_command>791 :  List of domains: Laptops11
RESULTS:: 17:47:49: root                                      pydial.py <trainBatch>409 :  *** Training Iteration env1-LAP-tau_nodrop_noinco_sort_sharelast_4020_250100_shpr_1717-seed7-00.9->env1-LAP-tau_nodrop_noinco_sort_sharelast_4020_250100_shpr_1717-seed7-00.10: iter=9, error-rate=0, num-dialogs=1000 ***
RESULTS:: 18:17:15: root                               EvaluationManager.py <_prstr>179 :  Results for domain: Laptops11 --evaluated by: objective success evaluator
RESULTS:: 18:17:15: root                               EvaluationManager.py <_prstr>179 :  # of dialogues  = 1000
RESULTS:: 18:17:15: root                               EvaluationManager.py <_prstr>179 :  Average reward  = 9.98 +- 0.45
RESULTS:: 18:17:15: root                               EvaluationManager.py <_prstr>179 :  Average success = 93.80 +- 1.50
RESULTS:: 18:17:15: root                               EvaluationManager.py <_prstr>179 :  Average turns   = 8.78 +- 0.25
RESULTS:: 18:17:15: root                                   pydial.py <setEvalConfig>470 :  *** Evaluating env1-LAP-tau_nodrop_noinco_sort_sharelast_4020_250100_shpr_1717-seed7-00.10: error-rate=0 num-dialogs=500 ***
RESULTS:: 18:28:44: root                               EvaluationManager.py <_prstr>179 :  Results for domain: Laptops11 --evaluated by: objective success evaluator
RESULTS:: 18:28:44: root                               EvaluationManager.py <_prstr>179 :  # of dialogues  = 500
RESULTS:: 18:28:44: root                               EvaluationManager.py <_prstr>179 :  Average reward  = 11.01 +- 0.63
RESULTS:: 18:28:44: root                               EvaluationManager.py <_prstr>179 :  Average success = 94.20 +- 2.05
RESULTS:: 18:28:44: root                               EvaluationManager.py <_prstr>179 :  Average turns   = 7.83 +- 0.32
RESULTS:: 18:28:44: root                                   pydial.py <train_command>807 :  *** Training complete. log: env1-LAP-tau_nodrop_noinco_sort_sharelast_4020_250100_shpr_1717-seed7-00.1-10.train.log - final policy is env1-LAP-tau_nodrop_noinco_sort_sharelast_4020_250100_shpr_1717-00-10
