RESULTS:: 10:59:53: root                                   pydial.py <train_command>791 :  List of domains: Laptops11
RESULTS:: 10:59:53: root                                      pydial.py <trainBatch>409 :  *** Training Iteration env1-LAP-tau_nodrop_noinco_sort_sharelast_4020_250100_shpr_1717-seed0-00.0->env1-LAP-tau_nodrop_noinco_sort_sharelast_4020_250100_shpr_1717-seed0-00.1: iter=0, error-rate=0, num-dialogs=1000 ***
RESULTS:: 11:28:51: root                               EvaluationManager.py <_prstr>179 :  Results for domain: Laptops11 --evaluated by: objective success evaluator
RESULTS:: 11:28:51: root                               EvaluationManager.py <_prstr>179 :  # of dialogues  = 1000
RESULTS:: 11:28:51: root                               EvaluationManager.py <_prstr>179 :  Average reward  = 7.69 +- 0.59
RESULTS:: 11:28:51: root                               EvaluationManager.py <_prstr>179 :  Average success = 85.00 +- 2.22
RESULTS:: 11:28:51: root                               EvaluationManager.py <_prstr>179 :  Average turns   = 9.31 +- 0.27
RESULTS:: 11:28:51: root                                   pydial.py <setEvalConfig>470 :  *** Evaluating env1-LAP-tau_nodrop_noinco_sort_sharelast_4020_250100_shpr_1717-seed0-00.1: error-rate=0 num-dialogs=500 ***
RESULTS:: 11:39:27: root                               EvaluationManager.py <_prstr>179 :  Results for domain: Laptops11 --evaluated by: objective success evaluator
RESULTS:: 11:39:27: root                               EvaluationManager.py <_prstr>179 :  # of dialogues  = 500
RESULTS:: 11:39:27: root                               EvaluationManager.py <_prstr>179 :  Average reward  = 9.72 +- 0.68
RESULTS:: 11:39:27: root                               EvaluationManager.py <_prstr>179 :  Average success = 85.40 +- 3.10
RESULTS:: 11:39:27: root                               EvaluationManager.py <_prstr>179 :  Average turns   = 7.36 +- 0.23
RESULTS:: 11:39:27: root                                   pydial.py <train_command>791 :  List of domains: Laptops11
RESULTS:: 11:39:27: root                                      pydial.py <trainBatch>409 :  *** Training Iteration env1-LAP-tau_nodrop_noinco_sort_sharelast_4020_250100_shpr_1717-seed0-00.1->env1-LAP-tau_nodrop_noinco_sort_sharelast_4020_250100_shpr_1717-seed0-00.2: iter=1, error-rate=0, num-dialogs=1000 ***
RESULTS:: 12:20:23: root                               EvaluationManager.py <_prstr>179 :  Results for domain: Laptops11 --evaluated by: objective success evaluator
RESULTS:: 12:20:23: root                               EvaluationManager.py <_prstr>179 :  # of dialogues  = 1000
RESULTS:: 12:20:23: root                               EvaluationManager.py <_prstr>179 :  Average reward  = 9.50 +- 0.42
RESULTS:: 12:20:23: root                               EvaluationManager.py <_prstr>179 :  Average success = 91.20 +- 1.76
RESULTS:: 12:20:23: root                               EvaluationManager.py <_prstr>179 :  Average turns   = 8.74 +- 0.23
RESULTS:: 12:20:23: root                                   pydial.py <setEvalConfig>470 :  *** Evaluating env1-LAP-tau_nodrop_noinco_sort_sharelast_4020_250100_shpr_1717-seed0-00.2: error-rate=0 num-dialogs=500 ***
RESULTS:: 12:51:28: root                               EvaluationManager.py <_prstr>179 :  Results for domain: Laptops11 --evaluated by: objective success evaluator
RESULTS:: 12:51:28: root                               EvaluationManager.py <_prstr>179 :  # of dialogues  = 500
RESULTS:: 12:51:28: root                               EvaluationManager.py <_prstr>179 :  Average reward  = 11.19 +- 0.53
RESULTS:: 12:51:28: root                               EvaluationManager.py <_prstr>179 :  Average success = 93.00 +- 2.24
RESULTS:: 12:51:28: root                               EvaluationManager.py <_prstr>179 :  Average turns   = 7.41 +- 0.23
RESULTS:: 12:51:28: root                                   pydial.py <train_command>791 :  List of domains: Laptops11
RESULTS:: 12:51:28: root                                      pydial.py <trainBatch>409 :  *** Training Iteration env1-LAP-tau_nodrop_noinco_sort_sharelast_4020_250100_shpr_1717-seed0-00.2->env1-LAP-tau_nodrop_noinco_sort_sharelast_4020_250100_shpr_1717-seed0-00.3: iter=2, error-rate=0, num-dialogs=1000 ***
RESULTS:: 13:21:24: root                               EvaluationManager.py <_prstr>179 :  Results for domain: Laptops11 --evaluated by: objective success evaluator
RESULTS:: 13:21:24: root                               EvaluationManager.py <_prstr>179 :  # of dialogues  = 1000
RESULTS:: 13:21:24: root                               EvaluationManager.py <_prstr>179 :  Average reward  = 9.47 +- 0.48
RESULTS:: 13:21:24: root                               EvaluationManager.py <_prstr>179 :  Average success = 92.20 +- 1.66
RESULTS:: 13:21:24: root                               EvaluationManager.py <_prstr>179 :  Average turns   = 8.97 +- 0.27
RESULTS:: 13:21:24: root                                   pydial.py <setEvalConfig>470 :  *** Evaluating env1-LAP-tau_nodrop_noinco_sort_sharelast_4020_250100_shpr_1717-seed0-00.3: error-rate=0 num-dialogs=500 ***
RESULTS:: 13:33:23: root                               EvaluationManager.py <_prstr>179 :  Results for domain: Laptops11 --evaluated by: objective success evaluator
RESULTS:: 13:33:23: root                               EvaluationManager.py <_prstr>179 :  # of dialogues  = 500
RESULTS:: 13:33:23: root                               EvaluationManager.py <_prstr>179 :  Average reward  = 10.47 +- 0.68
RESULTS:: 13:33:23: root                               EvaluationManager.py <_prstr>179 :  Average success = 92.80 +- 2.27
RESULTS:: 13:33:23: root                               EvaluationManager.py <_prstr>179 :  Average turns   = 8.09 +- 0.34
RESULTS:: 13:33:23: root                                   pydial.py <train_command>791 :  List of domains: Laptops11
RESULTS:: 13:33:23: root                                      pydial.py <trainBatch>409 :  *** Training Iteration env1-LAP-tau_nodrop_noinco_sort_sharelast_4020_250100_shpr_1717-seed0-00.3->env1-LAP-tau_nodrop_noinco_sort_sharelast_4020_250100_shpr_1717-seed0-00.4: iter=3, error-rate=0, num-dialogs=1000 ***
RESULTS:: 14:00:48: root                               EvaluationManager.py <_prstr>179 :  Results for domain: Laptops11 --evaluated by: objective success evaluator
RESULTS:: 14:00:48: root                               EvaluationManager.py <_prstr>179 :  # of dialogues  = 1000
RESULTS:: 14:00:48: root                               EvaluationManager.py <_prstr>179 :  Average reward  = 9.71 +- 0.46
RESULTS:: 14:00:48: root                               EvaluationManager.py <_prstr>179 :  Average success = 92.20 +- 1.66
RESULTS:: 14:00:48: root                               EvaluationManager.py <_prstr>179 :  Average turns   = 8.73 +- 0.25
RESULTS:: 14:00:48: root                                   pydial.py <setEvalConfig>470 :  *** Evaluating env1-LAP-tau_nodrop_noinco_sort_sharelast_4020_250100_shpr_1717-seed0-00.4: error-rate=0 num-dialogs=500 ***
RESULTS:: 14:12:41: root                               EvaluationManager.py <_prstr>179 :  Results for domain: Laptops11 --evaluated by: objective success evaluator
RESULTS:: 14:12:41: root                               EvaluationManager.py <_prstr>179 :  # of dialogues  = 500
RESULTS:: 14:12:41: root                               EvaluationManager.py <_prstr>179 :  Average reward  = 10.79 +- 0.60
RESULTS:: 14:12:41: root                               EvaluationManager.py <_prstr>179 :  Average success = 92.60 +- 2.30
RESULTS:: 14:12:41: root                               EvaluationManager.py <_prstr>179 :  Average turns   = 7.73 +- 0.28
RESULTS:: 14:12:41: root                                   pydial.py <train_command>791 :  List of domains: Laptops11
RESULTS:: 14:12:41: root                                      pydial.py <trainBatch>409 :  *** Training Iteration env1-LAP-tau_nodrop_noinco_sort_sharelast_4020_250100_shpr_1717-seed0-00.4->env1-LAP-tau_nodrop_noinco_sort_sharelast_4020_250100_shpr_1717-seed0-00.5: iter=4, error-rate=0, num-dialogs=1000 ***
RESULTS:: 14:42:18: root                               EvaluationManager.py <_prstr>179 :  Results for domain: Laptops11 --evaluated by: objective success evaluator
RESULTS:: 14:42:18: root                               EvaluationManager.py <_prstr>179 :  # of dialogues  = 1000
RESULTS:: 14:42:18: root                               EvaluationManager.py <_prstr>179 :  Average reward  = 9.52 +- 0.47
RESULTS:: 14:42:18: root                               EvaluationManager.py <_prstr>179 :  Average success = 91.30 +- 1.75
RESULTS:: 14:42:18: root                               EvaluationManager.py <_prstr>179 :  Average turns   = 8.74 +- 0.25
RESULTS:: 14:42:18: root                                   pydial.py <setEvalConfig>470 :  *** Evaluating env1-LAP-tau_nodrop_noinco_sort_sharelast_4020_250100_shpr_1717-seed0-00.5: error-rate=0 num-dialogs=500 ***
RESULTS:: 14:54:54: root                               EvaluationManager.py <_prstr>179 :  Results for domain: Laptops11 --evaluated by: objective success evaluator
RESULTS:: 14:54:54: root                               EvaluationManager.py <_prstr>179 :  # of dialogues  = 500
RESULTS:: 14:54:54: root                               EvaluationManager.py <_prstr>179 :  Average reward  = 10.18 +- 0.74
RESULTS:: 14:54:54: root                               EvaluationManager.py <_prstr>179 :  Average success = 90.00 +- 2.64
RESULTS:: 14:54:54: root                               EvaluationManager.py <_prstr>179 :  Average turns   = 7.82 +- 0.31
RESULTS:: 14:54:54: root                                   pydial.py <train_command>791 :  List of domains: Laptops11
RESULTS:: 14:54:54: root                                      pydial.py <trainBatch>409 :  *** Training Iteration env1-LAP-tau_nodrop_noinco_sort_sharelast_4020_250100_shpr_1717-seed0-00.5->env1-LAP-tau_nodrop_noinco_sort_sharelast_4020_250100_shpr_1717-seed0-00.6: iter=5, error-rate=0, num-dialogs=1000 ***
RESULTS:: 15:23:23: root                               EvaluationManager.py <_prstr>179 :  Results for domain: Laptops11 --evaluated by: objective success evaluator
RESULTS:: 15:23:23: root                               EvaluationManager.py <_prstr>179 :  # of dialogues  = 1000
RESULTS:: 15:23:23: root                               EvaluationManager.py <_prstr>179 :  Average reward  = 9.02 +- 0.49
RESULTS:: 15:23:23: root                               EvaluationManager.py <_prstr>179 :  Average success = 89.80 +- 1.88
RESULTS:: 15:23:23: root                               EvaluationManager.py <_prstr>179 :  Average turns   = 8.95 +- 0.24
RESULTS:: 15:23:23: root                                   pydial.py <setEvalConfig>470 :  *** Evaluating env1-LAP-tau_nodrop_noinco_sort_sharelast_4020_250100_shpr_1717-seed0-00.6: error-rate=0 num-dialogs=500 ***
RESULTS:: 15:34:50: root                               EvaluationManager.py <_prstr>179 :  Results for domain: Laptops11 --evaluated by: objective success evaluator
RESULTS:: 15:34:50: root                               EvaluationManager.py <_prstr>179 :  # of dialogues  = 500
RESULTS:: 15:34:50: root                               EvaluationManager.py <_prstr>179 :  Average reward  = 7.31 +- 0.83
RESULTS:: 15:34:50: root                               EvaluationManager.py <_prstr>179 :  Average success = 73.40 +- 3.88
RESULTS:: 15:34:50: root                               EvaluationManager.py <_prstr>179 :  Average turns   = 7.37 +- 0.25
RESULTS:: 15:34:50: root                                   pydial.py <train_command>791 :  List of domains: Laptops11
RESULTS:: 15:34:50: root                                      pydial.py <trainBatch>409 :  *** Training Iteration env1-LAP-tau_nodrop_noinco_sort_sharelast_4020_250100_shpr_1717-seed0-00.6->env1-LAP-tau_nodrop_noinco_sort_sharelast_4020_250100_shpr_1717-seed0-00.7: iter=6, error-rate=0, num-dialogs=1000 ***
RESULTS:: 16:03:25: root                               EvaluationManager.py <_prstr>179 :  Results for domain: Laptops11 --evaluated by: objective success evaluator
RESULTS:: 16:03:25: root                               EvaluationManager.py <_prstr>179 :  # of dialogues  = 1000
RESULTS:: 16:03:25: root                               EvaluationManager.py <_prstr>179 :  Average reward  = 9.33 +- 0.48
RESULTS:: 16:03:25: root                               EvaluationManager.py <_prstr>179 :  Average success = 91.10 +- 1.77
RESULTS:: 16:03:25: root                               EvaluationManager.py <_prstr>179 :  Average turns   = 8.89 +- 0.25
RESULTS:: 16:03:25: root                                   pydial.py <setEvalConfig>470 :  *** Evaluating env1-LAP-tau_nodrop_noinco_sort_sharelast_4020_250100_shpr_1717-seed0-00.7: error-rate=0 num-dialogs=500 ***
RESULTS:: 16:15:26: root                               EvaluationManager.py <_prstr>179 :  Results for domain: Laptops11 --evaluated by: objective success evaluator
RESULTS:: 16:15:26: root                               EvaluationManager.py <_prstr>179 :  # of dialogues  = 500
RESULTS:: 16:15:26: root                               EvaluationManager.py <_prstr>179 :  Average reward  = 10.13 +- 0.63
RESULTS:: 16:15:26: root                               EvaluationManager.py <_prstr>179 :  Average success = 90.60 +- 2.56
RESULTS:: 16:15:26: root                               EvaluationManager.py <_prstr>179 :  Average turns   = 7.99 +- 0.27
RESULTS:: 16:15:26: root                                   pydial.py <train_command>791 :  List of domains: Laptops11
RESULTS:: 16:15:26: root                                      pydial.py <trainBatch>409 :  *** Training Iteration env1-LAP-tau_nodrop_noinco_sort_sharelast_4020_250100_shpr_1717-seed0-00.7->env1-LAP-tau_nodrop_noinco_sort_sharelast_4020_250100_shpr_1717-seed0-00.8: iter=7, error-rate=0, num-dialogs=1000 ***
RESULTS:: 16:47:22: root                               EvaluationManager.py <_prstr>179 :  Results for domain: Laptops11 --evaluated by: objective success evaluator
RESULTS:: 16:47:22: root                               EvaluationManager.py <_prstr>179 :  # of dialogues  = 1000
RESULTS:: 16:47:22: root                               EvaluationManager.py <_prstr>179 :  Average reward  = 9.86 +- 0.44
RESULTS:: 16:47:22: root                               EvaluationManager.py <_prstr>179 :  Average success = 93.60 +- 1.52
RESULTS:: 16:47:22: root                               EvaluationManager.py <_prstr>179 :  Average turns   = 8.86 +- 0.25
RESULTS:: 16:47:22: root                                   pydial.py <setEvalConfig>470 :  *** Evaluating env1-LAP-tau_nodrop_noinco_sort_sharelast_4020_250100_shpr_1717-seed0-00.8: error-rate=0 num-dialogs=500 ***
RESULTS:: 17:05:25: root                               EvaluationManager.py <_prstr>179 :  Results for domain: Laptops11 --evaluated by: objective success evaluator
RESULTS:: 17:05:25: root                               EvaluationManager.py <_prstr>179 :  # of dialogues  = 500
RESULTS:: 17:05:25: root                               EvaluationManager.py <_prstr>179 :  Average reward  = 11.64 +- 0.45
RESULTS:: 17:05:25: root                               EvaluationManager.py <_prstr>179 :  Average success = 96.20 +- 1.68
RESULTS:: 17:05:25: root                               EvaluationManager.py <_prstr>179 :  Average turns   = 7.60 +- 0.26
RESULTS:: 17:05:25: root                                   pydial.py <train_command>791 :  List of domains: Laptops11
RESULTS:: 17:05:25: root                                      pydial.py <trainBatch>409 :  *** Training Iteration env1-LAP-tau_nodrop_noinco_sort_sharelast_4020_250100_shpr_1717-seed0-00.8->env1-LAP-tau_nodrop_noinco_sort_sharelast_4020_250100_shpr_1717-seed0-00.9: iter=8, error-rate=0, num-dialogs=1000 ***
RESULTS:: 17:33:16: root                               EvaluationManager.py <_prstr>179 :  Results for domain: Laptops11 --evaluated by: objective success evaluator
RESULTS:: 17:33:16: root                               EvaluationManager.py <_prstr>179 :  # of dialogues  = 1000
RESULTS:: 17:33:16: root                               EvaluationManager.py <_prstr>179 :  Average reward  = 9.33 +- 0.47
RESULTS:: 17:33:16: root                               EvaluationManager.py <_prstr>179 :  Average success = 92.00 +- 1.68
RESULTS:: 17:33:16: root                               EvaluationManager.py <_prstr>179 :  Average turns   = 9.07 +- 0.26
RESULTS:: 17:33:16: root                                   pydial.py <setEvalConfig>470 :  *** Evaluating env1-LAP-tau_nodrop_noinco_sort_sharelast_4020_250100_shpr_1717-seed0-00.9: error-rate=0 num-dialogs=500 ***
RESULTS:: 17:44:02: root                               EvaluationManager.py <_prstr>179 :  Results for domain: Laptops11 --evaluated by: objective success evaluator
RESULTS:: 17:44:02: root                               EvaluationManager.py <_prstr>179 :  # of dialogues  = 500
RESULTS:: 17:44:02: root                               EvaluationManager.py <_prstr>179 :  Average reward  = 6.89 +- 0.86
RESULTS:: 17:44:02: root                               EvaluationManager.py <_prstr>179 :  Average success = 71.80 +- 3.95
RESULTS:: 17:44:02: root                               EvaluationManager.py <_prstr>179 :  Average turns   = 7.47 +- 0.26
RESULTS:: 17:44:02: root                                   pydial.py <train_command>791 :  List of domains: Laptops11
RESULTS:: 17:44:02: root                                      pydial.py <trainBatch>409 :  *** Training Iteration env1-LAP-tau_nodrop_noinco_sort_sharelast_4020_250100_shpr_1717-seed0-00.9->env1-LAP-tau_nodrop_noinco_sort_sharelast_4020_250100_shpr_1717-seed0-00.10: iter=9, error-rate=0, num-dialogs=1000 ***
RESULTS:: 18:13:24: root                               EvaluationManager.py <_prstr>179 :  Results for domain: Laptops11 --evaluated by: objective success evaluator
RESULTS:: 18:13:24: root                               EvaluationManager.py <_prstr>179 :  # of dialogues  = 1000
RESULTS:: 18:13:24: root                               EvaluationManager.py <_prstr>179 :  Average reward  = 8.52 +- 0.52
RESULTS:: 18:13:24: root                               EvaluationManager.py <_prstr>179 :  Average success = 87.90 +- 2.02
RESULTS:: 18:13:24: root                               EvaluationManager.py <_prstr>179 :  Average turns   = 9.06 +- 0.26
RESULTS:: 18:13:24: root                                   pydial.py <setEvalConfig>470 :  *** Evaluating env1-LAP-tau_nodrop_noinco_sort_sharelast_4020_250100_shpr_1717-seed0-00.10: error-rate=0 num-dialogs=500 ***
RESULTS:: 18:25:18: root                               EvaluationManager.py <_prstr>179 :  Results for domain: Laptops11 --evaluated by: objective success evaluator
RESULTS:: 18:25:18: root                               EvaluationManager.py <_prstr>179 :  # of dialogues  = 500
RESULTS:: 18:25:18: root                               EvaluationManager.py <_prstr>179 :  Average reward  = 8.49 +- 0.76
RESULTS:: 18:25:18: root                               EvaluationManager.py <_prstr>179 :  Average success = 80.40 +- 3.49
RESULTS:: 18:25:18: root                               EvaluationManager.py <_prstr>179 :  Average turns   = 7.59 +- 0.24
RESULTS:: 18:25:18: root                                   pydial.py <train_command>807 :  *** Training complete. log: env1-LAP-tau_nodrop_noinco_sort_sharelast_4020_250100_shpr_1717-seed0-00.1-10.train.log - final policy is env1-LAP-tau_nodrop_noinco_sort_sharelast_4020_250100_shpr_1717-00-10
