RESULTS:: 11:00:11: root                                   pydial.py <train_command>791 :  List of domains: Laptops11
RESULTS:: 11:00:11: root                                      pydial.py <trainBatch>409 :  *** Training Iteration env1-LAP-tau_nodrop_noinco_sort_sharelast_4020_250100_shpr_1717-seed8-00.0->env1-LAP-tau_nodrop_noinco_sort_sharelast_4020_250100_shpr_1717-seed8-00.1: iter=0, error-rate=0, num-dialogs=1000 ***
RESULTS:: 11:28:14: root                               EvaluationManager.py <_prstr>179 :  Results for domain: Laptops11 --evaluated by: objective success evaluator
RESULTS:: 11:28:14: root                               EvaluationManager.py <_prstr>179 :  # of dialogues  = 1000
RESULTS:: 11:28:14: root                               EvaluationManager.py <_prstr>179 :  Average reward  = 7.38 +- 0.60
RESULTS:: 11:28:14: root                               EvaluationManager.py <_prstr>179 :  Average success = 84.60 +- 2.24
RESULTS:: 11:28:14: root                               EvaluationManager.py <_prstr>179 :  Average turns   = 9.54 +- 0.29
RESULTS:: 11:28:14: root                                   pydial.py <setEvalConfig>470 :  *** Evaluating env1-LAP-tau_nodrop_noinco_sort_sharelast_4020_250100_shpr_1717-seed8-00.1: error-rate=0 num-dialogs=500 ***
RESULTS:: 11:39:21: root                               EvaluationManager.py <_prstr>179 :  Results for domain: Laptops11 --evaluated by: objective success evaluator
RESULTS:: 11:39:21: root                               EvaluationManager.py <_prstr>179 :  # of dialogues  = 500
RESULTS:: 11:39:21: root                               EvaluationManager.py <_prstr>179 :  Average reward  = 2.61 +- 0.91
RESULTS:: 11:39:21: root                               EvaluationManager.py <_prstr>179 :  Average success = 54.20 +- 4.38
RESULTS:: 11:39:21: root                               EvaluationManager.py <_prstr>179 :  Average turns   = 8.23 +- 0.22
RESULTS:: 11:39:21: root                                   pydial.py <train_command>791 :  List of domains: Laptops11
RESULTS:: 11:39:21: root                                      pydial.py <trainBatch>409 :  *** Training Iteration env1-LAP-tau_nodrop_noinco_sort_sharelast_4020_250100_shpr_1717-seed8-00.1->env1-LAP-tau_nodrop_noinco_sort_sharelast_4020_250100_shpr_1717-seed8-00.2: iter=1, error-rate=0, num-dialogs=1000 ***
RESULTS:: 12:05:43: root                               EvaluationManager.py <_prstr>179 :  Results for domain: Laptops11 --evaluated by: objective success evaluator
RESULTS:: 12:05:43: root                               EvaluationManager.py <_prstr>179 :  # of dialogues  = 1000
RESULTS:: 12:05:43: root                               EvaluationManager.py <_prstr>179 :  Average reward  = 8.99 +- 0.49
RESULTS:: 12:05:43: root                               EvaluationManager.py <_prstr>179 :  Average success = 90.50 +- 1.82
RESULTS:: 12:05:43: root                               EvaluationManager.py <_prstr>179 :  Average turns   = 9.11 +- 0.26
RESULTS:: 12:05:43: root                                   pydial.py <setEvalConfig>470 :  *** Evaluating env1-LAP-tau_nodrop_noinco_sort_sharelast_4020_250100_shpr_1717-seed8-00.2: error-rate=0 num-dialogs=500 ***
RESULTS:: 12:15:51: root                               EvaluationManager.py <_prstr>179 :  Results for domain: Laptops11 --evaluated by: objective success evaluator
RESULTS:: 12:15:51: root                               EvaluationManager.py <_prstr>179 :  # of dialogues  = 500
RESULTS:: 12:15:51: root                               EvaluationManager.py <_prstr>179 :  Average reward  = 4.33 +- 0.94
RESULTS:: 12:15:51: root                               EvaluationManager.py <_prstr>179 :  Average success = 61.00 +- 4.29
RESULTS:: 12:15:51: root                               EvaluationManager.py <_prstr>179 :  Average turns   = 7.87 +- 0.25
RESULTS:: 12:15:51: root                                   pydial.py <train_command>791 :  List of domains: Laptops11
RESULTS:: 12:15:51: root                                      pydial.py <trainBatch>409 :  *** Training Iteration env1-LAP-tau_nodrop_noinco_sort_sharelast_4020_250100_shpr_1717-seed8-00.2->env1-LAP-tau_nodrop_noinco_sort_sharelast_4020_250100_shpr_1717-seed8-00.3: iter=2, error-rate=0, num-dialogs=1000 ***
RESULTS:: 12:41:36: root                               EvaluationManager.py <_prstr>179 :  Results for domain: Laptops11 --evaluated by: objective success evaluator
RESULTS:: 12:41:36: root                               EvaluationManager.py <_prstr>179 :  # of dialogues  = 1000
RESULTS:: 12:41:36: root                               EvaluationManager.py <_prstr>179 :  Average reward  = 8.80 +- 0.52
RESULTS:: 12:41:36: root                               EvaluationManager.py <_prstr>179 :  Average success = 89.90 +- 1.87
RESULTS:: 12:41:36: root                               EvaluationManager.py <_prstr>179 :  Average turns   = 9.18 +- 0.27
RESULTS:: 12:41:36: root                                   pydial.py <setEvalConfig>470 :  *** Evaluating env1-LAP-tau_nodrop_noinco_sort_sharelast_4020_250100_shpr_1717-seed8-00.3: error-rate=0 num-dialogs=500 ***
RESULTS:: 12:51:55: root                               EvaluationManager.py <_prstr>179 :  Results for domain: Laptops11 --evaluated by: objective success evaluator
RESULTS:: 12:51:55: root                               EvaluationManager.py <_prstr>179 :  # of dialogues  = 500
RESULTS:: 12:51:55: root                               EvaluationManager.py <_prstr>179 :  Average reward  = 10.22 +- 0.63
RESULTS:: 12:51:55: root                               EvaluationManager.py <_prstr>179 :  Average success = 90.20 +- 2.61
RESULTS:: 12:51:55: root                               EvaluationManager.py <_prstr>179 :  Average turns   = 7.82 +- 0.28
RESULTS:: 12:51:55: root                                   pydial.py <train_command>791 :  List of domains: Laptops11
RESULTS:: 12:51:55: root                                      pydial.py <trainBatch>409 :  *** Training Iteration env1-LAP-tau_nodrop_noinco_sort_sharelast_4020_250100_shpr_1717-seed8-00.3->env1-LAP-tau_nodrop_noinco_sort_sharelast_4020_250100_shpr_1717-seed8-00.4: iter=3, error-rate=0, num-dialogs=1000 ***
RESULTS:: 13:17:20: root                               EvaluationManager.py <_prstr>179 :  Results for domain: Laptops11 --evaluated by: objective success evaluator
RESULTS:: 13:17:20: root                               EvaluationManager.py <_prstr>179 :  # of dialogues  = 1000
RESULTS:: 13:17:20: root                               EvaluationManager.py <_prstr>179 :  Average reward  = 9.16 +- 0.50
RESULTS:: 13:17:20: root                               EvaluationManager.py <_prstr>179 :  Average success = 90.70 +- 1.80
RESULTS:: 13:17:20: root                               EvaluationManager.py <_prstr>179 :  Average turns   = 8.98 +- 0.26
RESULTS:: 13:17:20: root                                   pydial.py <setEvalConfig>470 :  *** Evaluating env1-LAP-tau_nodrop_noinco_sort_sharelast_4020_250100_shpr_1717-seed8-00.4: error-rate=0 num-dialogs=500 ***
RESULTS:: 13:28:23: root                               EvaluationManager.py <_prstr>179 :  Results for domain: Laptops11 --evaluated by: objective success evaluator
RESULTS:: 13:28:23: root                               EvaluationManager.py <_prstr>179 :  # of dialogues  = 500
RESULTS:: 13:28:23: root                               EvaluationManager.py <_prstr>179 :  Average reward  = 5.54 +- 0.93
RESULTS:: 13:28:23: root                               EvaluationManager.py <_prstr>179 :  Average success = 69.80 +- 4.03
RESULTS:: 13:28:23: root                               EvaluationManager.py <_prstr>179 :  Average turns   = 8.42 +- 0.33
RESULTS:: 13:28:23: root                                   pydial.py <train_command>791 :  List of domains: Laptops11
RESULTS:: 13:28:23: root                                      pydial.py <trainBatch>409 :  *** Training Iteration env1-LAP-tau_nodrop_noinco_sort_sharelast_4020_250100_shpr_1717-seed8-00.4->env1-LAP-tau_nodrop_noinco_sort_sharelast_4020_250100_shpr_1717-seed8-00.5: iter=4, error-rate=0, num-dialogs=1000 ***
RESULTS:: 13:53:44: root                               EvaluationManager.py <_prstr>179 :  Results for domain: Laptops11 --evaluated by: objective success evaluator
RESULTS:: 13:53:44: root                               EvaluationManager.py <_prstr>179 :  # of dialogues  = 1000
RESULTS:: 13:53:44: root                               EvaluationManager.py <_prstr>179 :  Average reward  = 8.58 +- 0.50
RESULTS:: 13:53:44: root                               EvaluationManager.py <_prstr>179 :  Average success = 88.10 +- 2.01
RESULTS:: 13:53:44: root                               EvaluationManager.py <_prstr>179 :  Average turns   = 9.04 +- 0.24
RESULTS:: 13:53:44: root                                   pydial.py <setEvalConfig>470 :  *** Evaluating env1-LAP-tau_nodrop_noinco_sort_sharelast_4020_250100_shpr_1717-seed8-00.5: error-rate=0 num-dialogs=500 ***
RESULTS:: 14:04:09: root                               EvaluationManager.py <_prstr>179 :  Results for domain: Laptops11 --evaluated by: objective success evaluator
RESULTS:: 14:04:09: root                               EvaluationManager.py <_prstr>179 :  # of dialogues  = 500
RESULTS:: 14:04:09: root                               EvaluationManager.py <_prstr>179 :  Average reward  = 9.75 +- 0.68
RESULTS:: 14:04:09: root                               EvaluationManager.py <_prstr>179 :  Average success = 87.20 +- 2.94
RESULTS:: 14:04:09: root                               EvaluationManager.py <_prstr>179 :  Average turns   = 7.69 +- 0.27
RESULTS:: 14:04:09: root                                   pydial.py <train_command>791 :  List of domains: Laptops11
RESULTS:: 14:04:09: root                                      pydial.py <trainBatch>409 :  *** Training Iteration env1-LAP-tau_nodrop_noinco_sort_sharelast_4020_250100_shpr_1717-seed8-00.5->env1-LAP-tau_nodrop_noinco_sort_sharelast_4020_250100_shpr_1717-seed8-00.6: iter=5, error-rate=0, num-dialogs=1000 ***
RESULTS:: 14:29:27: root                               EvaluationManager.py <_prstr>179 :  Results for domain: Laptops11 --evaluated by: objective success evaluator
RESULTS:: 14:29:27: root                               EvaluationManager.py <_prstr>179 :  # of dialogues  = 1000
RESULTS:: 14:29:27: root                               EvaluationManager.py <_prstr>179 :  Average reward  = 9.61 +- 0.45
RESULTS:: 14:29:27: root                               EvaluationManager.py <_prstr>179 :  Average success = 91.90 +- 1.69
RESULTS:: 14:29:27: root                               EvaluationManager.py <_prstr>179 :  Average turns   = 8.77 +- 0.24
RESULTS:: 14:29:27: root                                   pydial.py <setEvalConfig>470 :  *** Evaluating env1-LAP-tau_nodrop_noinco_sort_sharelast_4020_250100_shpr_1717-seed8-00.6: error-rate=0 num-dialogs=500 ***
RESULTS:: 14:40:47: root                               EvaluationManager.py <_prstr>179 :  Results for domain: Laptops11 --evaluated by: objective success evaluator
RESULTS:: 14:40:47: root                               EvaluationManager.py <_prstr>179 :  # of dialogues  = 500
RESULTS:: 14:40:47: root                               EvaluationManager.py <_prstr>179 :  Average reward  = 11.51 +- 0.53
RESULTS:: 14:40:47: root                               EvaluationManager.py <_prstr>179 :  Average success = 94.20 +- 2.05
RESULTS:: 14:40:47: root                               EvaluationManager.py <_prstr>179 :  Average turns   = 7.33 +- 0.24
RESULTS:: 14:40:47: root                                   pydial.py <train_command>791 :  List of domains: Laptops11
RESULTS:: 14:40:47: root                                      pydial.py <trainBatch>409 :  *** Training Iteration env1-LAP-tau_nodrop_noinco_sort_sharelast_4020_250100_shpr_1717-seed8-00.6->env1-LAP-tau_nodrop_noinco_sort_sharelast_4020_250100_shpr_1717-seed8-00.7: iter=6, error-rate=0, num-dialogs=1000 ***
RESULTS:: 15:06:31: root                               EvaluationManager.py <_prstr>179 :  Results for domain: Laptops11 --evaluated by: objective success evaluator
RESULTS:: 15:06:31: root                               EvaluationManager.py <_prstr>179 :  # of dialogues  = 1000
RESULTS:: 15:06:31: root                               EvaluationManager.py <_prstr>179 :  Average reward  = 8.70 +- 0.51
RESULTS:: 15:06:31: root                               EvaluationManager.py <_prstr>179 :  Average success = 87.00 +- 2.09
RESULTS:: 15:06:31: root                               EvaluationManager.py <_prstr>179 :  Average turns   = 8.71 +- 0.23
RESULTS:: 15:06:31: root                                   pydial.py <setEvalConfig>470 :  *** Evaluating env1-LAP-tau_nodrop_noinco_sort_sharelast_4020_250100_shpr_1717-seed8-00.7: error-rate=0 num-dialogs=500 ***
RESULTS:: 15:16:16: root                               EvaluationManager.py <_prstr>179 :  Results for domain: Laptops11 --evaluated by: objective success evaluator
RESULTS:: 15:16:16: root                               EvaluationManager.py <_prstr>179 :  # of dialogues  = 500
RESULTS:: 15:16:16: root                               EvaluationManager.py <_prstr>179 :  Average reward  = 5.79 +- 0.93
RESULTS:: 15:16:16: root                               EvaluationManager.py <_prstr>179 :  Average success = 66.20 +- 4.16
RESULTS:: 15:16:16: root                               EvaluationManager.py <_prstr>179 :  Average turns   = 7.45 +- 0.24
RESULTS:: 15:16:16: root                                   pydial.py <train_command>791 :  List of domains: Laptops11
RESULTS:: 15:16:16: root                                      pydial.py <trainBatch>409 :  *** Training Iteration env1-LAP-tau_nodrop_noinco_sort_sharelast_4020_250100_shpr_1717-seed8-00.7->env1-LAP-tau_nodrop_noinco_sort_sharelast_4020_250100_shpr_1717-seed8-00.8: iter=7, error-rate=0, num-dialogs=1000 ***
RESULTS:: 15:44:01: root                               EvaluationManager.py <_prstr>179 :  Results for domain: Laptops11 --evaluated by: objective success evaluator
RESULTS:: 15:44:01: root                               EvaluationManager.py <_prstr>179 :  # of dialogues  = 1000
RESULTS:: 15:44:01: root                               EvaluationManager.py <_prstr>179 :  Average reward  = 8.40 +- 0.56
RESULTS:: 15:44:01: root                               EvaluationManager.py <_prstr>179 :  Average success = 88.80 +- 1.96
RESULTS:: 15:44:01: root                               EvaluationManager.py <_prstr>179 :  Average turns   = 9.36 +- 0.29
RESULTS:: 15:44:01: root                                   pydial.py <setEvalConfig>470 :  *** Evaluating env1-LAP-tau_nodrop_noinco_sort_sharelast_4020_250100_shpr_1717-seed8-00.8: error-rate=0 num-dialogs=500 ***
RESULTS:: 15:55:06: root                               EvaluationManager.py <_prstr>179 :  Results for domain: Laptops11 --evaluated by: objective success evaluator
RESULTS:: 15:55:06: root                               EvaluationManager.py <_prstr>179 :  # of dialogues  = 500
RESULTS:: 15:55:06: root                               EvaluationManager.py <_prstr>179 :  Average reward  = 10.51 +- 0.64
RESULTS:: 15:55:06: root                               EvaluationManager.py <_prstr>179 :  Average success = 92.60 +- 2.30
RESULTS:: 15:55:06: root                               EvaluationManager.py <_prstr>179 :  Average turns   = 8.01 +- 0.32
RESULTS:: 15:55:06: root                                   pydial.py <train_command>791 :  List of domains: Laptops11
RESULTS:: 15:55:06: root                                      pydial.py <trainBatch>409 :  *** Training Iteration env1-LAP-tau_nodrop_noinco_sort_sharelast_4020_250100_shpr_1717-seed8-00.8->env1-LAP-tau_nodrop_noinco_sort_sharelast_4020_250100_shpr_1717-seed8-00.9: iter=8, error-rate=0, num-dialogs=1000 ***
RESULTS:: 16:21:09: root                               EvaluationManager.py <_prstr>179 :  Results for domain: Laptops11 --evaluated by: objective success evaluator
RESULTS:: 16:21:09: root                               EvaluationManager.py <_prstr>179 :  # of dialogues  = 1000
RESULTS:: 16:21:09: root                               EvaluationManager.py <_prstr>179 :  Average reward  = 9.47 +- 0.48
RESULTS:: 16:21:09: root                               EvaluationManager.py <_prstr>179 :  Average success = 91.10 +- 1.77
RESULTS:: 16:21:09: root                               EvaluationManager.py <_prstr>179 :  Average turns   = 8.74 +- 0.26
RESULTS:: 16:21:09: root                                   pydial.py <setEvalConfig>470 :  *** Evaluating env1-LAP-tau_nodrop_noinco_sort_sharelast_4020_250100_shpr_1717-seed8-00.9: error-rate=0 num-dialogs=500 ***
RESULTS:: 16:33:58: root                               EvaluationManager.py <_prstr>179 :  Results for domain: Laptops11 --evaluated by: objective success evaluator
RESULTS:: 16:33:58: root                               EvaluationManager.py <_prstr>179 :  # of dialogues  = 500
RESULTS:: 16:33:58: root                               EvaluationManager.py <_prstr>179 :  Average reward  = 10.55 +- 0.64
RESULTS:: 16:33:58: root                               EvaluationManager.py <_prstr>179 :  Average success = 91.40 +- 2.46
RESULTS:: 16:33:58: root                               EvaluationManager.py <_prstr>179 :  Average turns   = 7.73 +- 0.29
RESULTS:: 16:33:58: root                                   pydial.py <train_command>791 :  List of domains: Laptops11
RESULTS:: 16:33:58: root                                      pydial.py <trainBatch>409 :  *** Training Iteration env1-LAP-tau_nodrop_noinco_sort_sharelast_4020_250100_shpr_1717-seed8-00.9->env1-LAP-tau_nodrop_noinco_sort_sharelast_4020_250100_shpr_1717-seed8-00.10: iter=9, error-rate=0, num-dialogs=1000 ***
RESULTS:: 17:10:01: root                               EvaluationManager.py <_prstr>179 :  Results for domain: Laptops11 --evaluated by: objective success evaluator
RESULTS:: 17:10:01: root                               EvaluationManager.py <_prstr>179 :  # of dialogues  = 1000
RESULTS:: 17:10:01: root                               EvaluationManager.py <_prstr>179 :  Average reward  = 8.99 +- 0.50
RESULTS:: 17:10:01: root                               EvaluationManager.py <_prstr>179 :  Average success = 89.90 +- 1.87
RESULTS:: 17:10:01: root                               EvaluationManager.py <_prstr>179 :  Average turns   = 8.98 +- 0.26
RESULTS:: 17:10:01: root                                   pydial.py <setEvalConfig>470 :  *** Evaluating env1-LAP-tau_nodrop_noinco_sort_sharelast_4020_250100_shpr_1717-seed8-00.10: error-rate=0 num-dialogs=500 ***
RESULTS:: 17:20:33: root                               EvaluationManager.py <_prstr>179 :  Results for domain: Laptops11 --evaluated by: objective success evaluator
RESULTS:: 17:20:33: root                               EvaluationManager.py <_prstr>179 :  # of dialogues  = 500
RESULTS:: 17:20:33: root                               EvaluationManager.py <_prstr>179 :  Average reward  = 10.94 +- 0.62
RESULTS:: 17:20:33: root                               EvaluationManager.py <_prstr>179 :  Average success = 93.40 +- 2.18
RESULTS:: 17:20:33: root                               EvaluationManager.py <_prstr>179 :  Average turns   = 7.74 +- 0.30
RESULTS:: 17:20:33: root                                   pydial.py <train_command>807 :  *** Training complete. log: env1-LAP-tau_nodrop_noinco_sort_sharelast_4020_250100_shpr_1717-seed8-00.1-10.train.log - final policy is env1-LAP-tau_nodrop_noinco_sort_sharelast_4020_250100_shpr_1717-00-10
