RESULTS:: 11:00:01: root                                   pydial.py <train_command>791 :  List of domains: Laptops11
RESULTS:: 11:00:01: root                                      pydial.py <trainBatch>409 :  *** Training Iteration env1-LAP-tau_nodrop_noinco_sort_sharelast_4020_250100_shpr_1717-seed4-00.0->env1-LAP-tau_nodrop_noinco_sort_sharelast_4020_250100_shpr_1717-seed4-00.1: iter=0, error-rate=0, num-dialogs=1000 ***
RESULTS:: 11:29:38: root                               EvaluationManager.py <_prstr>179 :  Results for domain: Laptops11 --evaluated by: objective success evaluator
RESULTS:: 11:29:38: root                               EvaluationManager.py <_prstr>179 :  # of dialogues  = 1000
RESULTS:: 11:29:38: root                               EvaluationManager.py <_prstr>179 :  Average reward  = 7.21 +- 0.64
RESULTS:: 11:29:38: root                               EvaluationManager.py <_prstr>179 :  Average success = 83.70 +- 2.29
RESULTS:: 11:29:38: root                               EvaluationManager.py <_prstr>179 :  Average turns   = 9.53 +- 0.31
RESULTS:: 11:29:38: root                                   pydial.py <setEvalConfig>470 :  *** Evaluating env1-LAP-tau_nodrop_noinco_sort_sharelast_4020_250100_shpr_1717-seed4-00.1: error-rate=0 num-dialogs=500 ***
RESULTS:: 11:39:56: root                               EvaluationManager.py <_prstr>179 :  Results for domain: Laptops11 --evaluated by: objective success evaluator
RESULTS:: 11:39:56: root                               EvaluationManager.py <_prstr>179 :  # of dialogues  = 500
RESULTS:: 11:39:56: root                               EvaluationManager.py <_prstr>179 :  Average reward  = 7.68 +- 0.82
RESULTS:: 11:39:56: root                               EvaluationManager.py <_prstr>179 :  Average success = 74.00 +- 3.85
RESULTS:: 11:39:56: root                               EvaluationManager.py <_prstr>179 :  Average turns   = 7.12 +- 0.23
RESULTS:: 11:39:56: root                                   pydial.py <train_command>791 :  List of domains: Laptops11
RESULTS:: 11:39:56: root                                      pydial.py <trainBatch>409 :  *** Training Iteration env1-LAP-tau_nodrop_noinco_sort_sharelast_4020_250100_shpr_1717-seed4-00.1->env1-LAP-tau_nodrop_noinco_sort_sharelast_4020_250100_shpr_1717-seed4-00.2: iter=1, error-rate=0, num-dialogs=1000 ***
RESULTS:: 12:21:04: root                               EvaluationManager.py <_prstr>179 :  Results for domain: Laptops11 --evaluated by: objective success evaluator
RESULTS:: 12:21:04: root                               EvaluationManager.py <_prstr>179 :  # of dialogues  = 1000
RESULTS:: 12:21:04: root                               EvaluationManager.py <_prstr>179 :  Average reward  = 10.17 +- 0.40
RESULTS:: 12:21:04: root                               EvaluationManager.py <_prstr>179 :  Average success = 93.90 +- 1.49
RESULTS:: 12:21:04: root                               EvaluationManager.py <_prstr>179 :  Average turns   = 8.61 +- 0.23
RESULTS:: 12:21:04: root                                   pydial.py <setEvalConfig>470 :  *** Evaluating env1-LAP-tau_nodrop_noinco_sort_sharelast_4020_250100_shpr_1717-seed4-00.2: error-rate=0 num-dialogs=500 ***
RESULTS:: 12:51:35: root                               EvaluationManager.py <_prstr>179 :  Results for domain: Laptops11 --evaluated by: objective success evaluator
RESULTS:: 12:51:35: root                               EvaluationManager.py <_prstr>179 :  # of dialogues  = 500
RESULTS:: 12:51:35: root                               EvaluationManager.py <_prstr>179 :  Average reward  = 8.10 +- 0.80
RESULTS:: 12:51:35: root                               EvaluationManager.py <_prstr>179 :  Average success = 77.60 +- 3.66
RESULTS:: 12:51:35: root                               EvaluationManager.py <_prstr>179 :  Average turns   = 7.42 +- 0.25
RESULTS:: 12:51:35: root                                   pydial.py <train_command>791 :  List of domains: Laptops11
RESULTS:: 12:51:35: root                                      pydial.py <trainBatch>409 :  *** Training Iteration env1-LAP-tau_nodrop_noinco_sort_sharelast_4020_250100_shpr_1717-seed4-00.2->env1-LAP-tau_nodrop_noinco_sort_sharelast_4020_250100_shpr_1717-seed4-00.3: iter=2, error-rate=0, num-dialogs=1000 ***
RESULTS:: 13:21:41: root                               EvaluationManager.py <_prstr>179 :  Results for domain: Laptops11 --evaluated by: objective success evaluator
RESULTS:: 13:21:41: root                               EvaluationManager.py <_prstr>179 :  # of dialogues  = 1000
RESULTS:: 13:21:41: root                               EvaluationManager.py <_prstr>179 :  Average reward  = 9.44 +- 0.47
RESULTS:: 13:21:41: root                               EvaluationManager.py <_prstr>179 :  Average success = 92.20 +- 1.66
RESULTS:: 13:21:41: root                               EvaluationManager.py <_prstr>179 :  Average turns   = 9.00 +- 0.26
RESULTS:: 13:21:41: root                                   pydial.py <setEvalConfig>470 :  *** Evaluating env1-LAP-tau_nodrop_noinco_sort_sharelast_4020_250100_shpr_1717-seed4-00.3: error-rate=0 num-dialogs=500 ***
RESULTS:: 13:33:22: root                               EvaluationManager.py <_prstr>179 :  Results for domain: Laptops11 --evaluated by: objective success evaluator
RESULTS:: 13:33:22: root                               EvaluationManager.py <_prstr>179 :  # of dialogues  = 500
RESULTS:: 13:33:22: root                               EvaluationManager.py <_prstr>179 :  Average reward  = 11.32 +- 0.50
RESULTS:: 13:33:22: root                               EvaluationManager.py <_prstr>179 :  Average success = 95.80 +- 1.76
RESULTS:: 13:33:22: root                               EvaluationManager.py <_prstr>179 :  Average turns   = 7.84 +- 0.29
RESULTS:: 13:33:22: root                                   pydial.py <train_command>791 :  List of domains: Laptops11
RESULTS:: 13:33:22: root                                      pydial.py <trainBatch>409 :  *** Training Iteration env1-LAP-tau_nodrop_noinco_sort_sharelast_4020_250100_shpr_1717-seed4-00.3->env1-LAP-tau_nodrop_noinco_sort_sharelast_4020_250100_shpr_1717-seed4-00.4: iter=3, error-rate=0, num-dialogs=1000 ***
RESULTS:: 14:01:30: root                               EvaluationManager.py <_prstr>179 :  Results for domain: Laptops11 --evaluated by: objective success evaluator
RESULTS:: 14:01:30: root                               EvaluationManager.py <_prstr>179 :  # of dialogues  = 1000
RESULTS:: 14:01:30: root                               EvaluationManager.py <_prstr>179 :  Average reward  = 9.35 +- 0.49
RESULTS:: 14:01:30: root                               EvaluationManager.py <_prstr>179 :  Average success = 91.40 +- 1.74
RESULTS:: 14:01:30: root                               EvaluationManager.py <_prstr>179 :  Average turns   = 8.93 +- 0.26
RESULTS:: 14:01:30: root                                   pydial.py <setEvalConfig>470 :  *** Evaluating env1-LAP-tau_nodrop_noinco_sort_sharelast_4020_250100_shpr_1717-seed4-00.4: error-rate=0 num-dialogs=500 ***
RESULTS:: 14:12:51: root                               EvaluationManager.py <_prstr>179 :  Results for domain: Laptops11 --evaluated by: objective success evaluator
RESULTS:: 14:12:51: root                               EvaluationManager.py <_prstr>179 :  # of dialogues  = 500
RESULTS:: 14:12:51: root                               EvaluationManager.py <_prstr>179 :  Average reward  = 11.62 +- 0.48
RESULTS:: 14:12:51: root                               EvaluationManager.py <_prstr>179 :  Average success = 95.80 +- 1.76
RESULTS:: 14:12:51: root                               EvaluationManager.py <_prstr>179 :  Average turns   = 7.54 +- 0.27
RESULTS:: 14:12:51: root                                   pydial.py <train_command>791 :  List of domains: Laptops11
RESULTS:: 14:12:51: root                                      pydial.py <trainBatch>409 :  *** Training Iteration env1-LAP-tau_nodrop_noinco_sort_sharelast_4020_250100_shpr_1717-seed4-00.4->env1-LAP-tau_nodrop_noinco_sort_sharelast_4020_250100_shpr_1717-seed4-00.5: iter=4, error-rate=0, num-dialogs=1000 ***
RESULTS:: 14:42:18: root                               EvaluationManager.py <_prstr>179 :  Results for domain: Laptops11 --evaluated by: objective success evaluator
RESULTS:: 14:42:18: root                               EvaluationManager.py <_prstr>179 :  # of dialogues  = 1000
RESULTS:: 14:42:18: root                               EvaluationManager.py <_prstr>179 :  Average reward  = 9.11 +- 0.48
RESULTS:: 14:42:18: root                               EvaluationManager.py <_prstr>179 :  Average success = 88.90 +- 1.95
RESULTS:: 14:42:18: root                               EvaluationManager.py <_prstr>179 :  Average turns   = 8.67 +- 0.23
RESULTS:: 14:42:18: root                                   pydial.py <setEvalConfig>470 :  *** Evaluating env1-LAP-tau_nodrop_noinco_sort_sharelast_4020_250100_shpr_1717-seed4-00.5: error-rate=0 num-dialogs=500 ***
RESULTS:: 14:54:09: root                               EvaluationManager.py <_prstr>179 :  Results for domain: Laptops11 --evaluated by: objective success evaluator
RESULTS:: 14:54:09: root                               EvaluationManager.py <_prstr>179 :  # of dialogues  = 500
RESULTS:: 14:54:09: root                               EvaluationManager.py <_prstr>179 :  Average reward  = 11.22 +- 0.54
RESULTS:: 14:54:09: root                               EvaluationManager.py <_prstr>179 :  Average success = 92.80 +- 2.27
RESULTS:: 14:54:09: root                               EvaluationManager.py <_prstr>179 :  Average turns   = 7.34 +- 0.23
RESULTS:: 14:54:09: root                                   pydial.py <train_command>791 :  List of domains: Laptops11
RESULTS:: 14:54:09: root                                      pydial.py <trainBatch>409 :  *** Training Iteration env1-LAP-tau_nodrop_noinco_sort_sharelast_4020_250100_shpr_1717-seed4-00.5->env1-LAP-tau_nodrop_noinco_sort_sharelast_4020_250100_shpr_1717-seed4-00.6: iter=5, error-rate=0, num-dialogs=1000 ***
RESULTS:: 15:22:20: root                               EvaluationManager.py <_prstr>179 :  Results for domain: Laptops11 --evaluated by: objective success evaluator
RESULTS:: 15:22:20: root                               EvaluationManager.py <_prstr>179 :  # of dialogues  = 1000
RESULTS:: 15:22:20: root                               EvaluationManager.py <_prstr>179 :  Average reward  = 9.03 +- 0.50
RESULTS:: 15:22:20: root                               EvaluationManager.py <_prstr>179 :  Average success = 89.30 +- 1.92
RESULTS:: 15:22:20: root                               EvaluationManager.py <_prstr>179 :  Average turns   = 8.83 +- 0.25
RESULTS:: 15:22:20: root                                   pydial.py <setEvalConfig>470 :  *** Evaluating env1-LAP-tau_nodrop_noinco_sort_sharelast_4020_250100_shpr_1717-seed4-00.6: error-rate=0 num-dialogs=500 ***
RESULTS:: 15:34:35: root                               EvaluationManager.py <_prstr>179 :  Results for domain: Laptops11 --evaluated by: objective success evaluator
RESULTS:: 15:34:35: root                               EvaluationManager.py <_prstr>179 :  # of dialogues  = 500
RESULTS:: 15:34:35: root                               EvaluationManager.py <_prstr>179 :  Average reward  = 9.83 +- 0.69
RESULTS:: 15:34:35: root                               EvaluationManager.py <_prstr>179 :  Average success = 88.80 +- 2.77
RESULTS:: 15:34:35: root                               EvaluationManager.py <_prstr>179 :  Average turns   = 7.93 +- 0.30
RESULTS:: 15:34:35: root                                   pydial.py <train_command>791 :  List of domains: Laptops11
RESULTS:: 15:34:35: root                                      pydial.py <trainBatch>409 :  *** Training Iteration env1-LAP-tau_nodrop_noinco_sort_sharelast_4020_250100_shpr_1717-seed4-00.6->env1-LAP-tau_nodrop_noinco_sort_sharelast_4020_250100_shpr_1717-seed4-00.7: iter=6, error-rate=0, num-dialogs=1000 ***
RESULTS:: 16:03:07: root                               EvaluationManager.py <_prstr>179 :  Results for domain: Laptops11 --evaluated by: objective success evaluator
RESULTS:: 16:03:07: root                               EvaluationManager.py <_prstr>179 :  # of dialogues  = 1000
RESULTS:: 16:03:07: root                               EvaluationManager.py <_prstr>179 :  Average reward  = 9.45 +- 0.48
RESULTS:: 16:03:07: root                               EvaluationManager.py <_prstr>179 :  Average success = 91.50 +- 1.73
RESULTS:: 16:03:07: root                               EvaluationManager.py <_prstr>179 :  Average turns   = 8.86 +- 0.25
RESULTS:: 16:03:07: root                                   pydial.py <setEvalConfig>470 :  *** Evaluating env1-LAP-tau_nodrop_noinco_sort_sharelast_4020_250100_shpr_1717-seed4-00.7: error-rate=0 num-dialogs=500 ***
RESULTS:: 16:14:13: root                               EvaluationManager.py <_prstr>179 :  Results for domain: Laptops11 --evaluated by: objective success evaluator
RESULTS:: 16:14:13: root                               EvaluationManager.py <_prstr>179 :  # of dialogues  = 500
RESULTS:: 16:14:13: root                               EvaluationManager.py <_prstr>179 :  Average reward  = 11.52 +- 0.53
RESULTS:: 16:14:13: root                               EvaluationManager.py <_prstr>179 :  Average success = 94.20 +- 2.05
RESULTS:: 16:14:13: root                               EvaluationManager.py <_prstr>179 :  Average turns   = 7.32 +- 0.24
RESULTS:: 16:14:13: root                                   pydial.py <train_command>791 :  List of domains: Laptops11
RESULTS:: 16:14:13: root                                      pydial.py <trainBatch>409 :  *** Training Iteration env1-LAP-tau_nodrop_noinco_sort_sharelast_4020_250100_shpr_1717-seed4-00.7->env1-LAP-tau_nodrop_noinco_sort_sharelast_4020_250100_shpr_1717-seed4-00.8: iter=7, error-rate=0, num-dialogs=1000 ***
RESULTS:: 16:46:13: root                               EvaluationManager.py <_prstr>179 :  Results for domain: Laptops11 --evaluated by: objective success evaluator
RESULTS:: 16:46:13: root                               EvaluationManager.py <_prstr>179 :  # of dialogues  = 1000
RESULTS:: 16:46:13: root                               EvaluationManager.py <_prstr>179 :  Average reward  = 9.27 +- 0.48
RESULTS:: 16:46:13: root                               EvaluationManager.py <_prstr>179 :  Average success = 90.80 +- 1.79
RESULTS:: 16:46:13: root                               EvaluationManager.py <_prstr>179 :  Average turns   = 8.89 +- 0.25
RESULTS:: 16:46:13: root                                   pydial.py <setEvalConfig>470 :  *** Evaluating env1-LAP-tau_nodrop_noinco_sort_sharelast_4020_250100_shpr_1717-seed4-00.8: error-rate=0 num-dialogs=500 ***
RESULTS:: 17:01:18: root                               EvaluationManager.py <_prstr>179 :  Results for domain: Laptops11 --evaluated by: objective success evaluator
RESULTS:: 17:01:18: root                               EvaluationManager.py <_prstr>179 :  # of dialogues  = 500
RESULTS:: 17:01:18: root                               EvaluationManager.py <_prstr>179 :  Average reward  = 7.52 +- 0.85
RESULTS:: 17:01:18: root                               EvaluationManager.py <_prstr>179 :  Average success = 70.40 +- 4.01
RESULTS:: 17:01:18: root                               EvaluationManager.py <_prstr>179 :  Average turns   = 6.56 +- 0.19
RESULTS:: 17:01:18: root                                   pydial.py <train_command>791 :  List of domains: Laptops11
RESULTS:: 17:01:18: root                                      pydial.py <trainBatch>409 :  *** Training Iteration env1-LAP-tau_nodrop_noinco_sort_sharelast_4020_250100_shpr_1717-seed4-00.8->env1-LAP-tau_nodrop_noinco_sort_sharelast_4020_250100_shpr_1717-seed4-00.9: iter=8, error-rate=0, num-dialogs=1000 ***
RESULTS:: 17:30:05: root                               EvaluationManager.py <_prstr>179 :  Results for domain: Laptops11 --evaluated by: objective success evaluator
RESULTS:: 17:30:05: root                               EvaluationManager.py <_prstr>179 :  # of dialogues  = 1000
RESULTS:: 17:30:05: root                               EvaluationManager.py <_prstr>179 :  Average reward  = 8.79 +- 0.53
RESULTS:: 17:30:05: root                               EvaluationManager.py <_prstr>179 :  Average success = 88.30 +- 1.99
RESULTS:: 17:30:05: root                               EvaluationManager.py <_prstr>179 :  Average turns   = 8.87 +- 0.25
RESULTS:: 17:30:05: root                                   pydial.py <setEvalConfig>470 :  *** Evaluating env1-LAP-tau_nodrop_noinco_sort_sharelast_4020_250100_shpr_1717-seed4-00.9: error-rate=0 num-dialogs=500 ***
RESULTS:: 17:41:12: root                               EvaluationManager.py <_prstr>179 :  Results for domain: Laptops11 --evaluated by: objective success evaluator
RESULTS:: 17:41:12: root                               EvaluationManager.py <_prstr>179 :  # of dialogues  = 500
RESULTS:: 17:41:12: root                               EvaluationManager.py <_prstr>179 :  Average reward  = 11.88 +- 0.45
RESULTS:: 17:41:12: root                               EvaluationManager.py <_prstr>179 :  Average success = 96.80 +- 1.55
RESULTS:: 17:41:12: root                               EvaluationManager.py <_prstr>179 :  Average turns   = 7.48 +- 0.26
RESULTS:: 17:41:12: root                                   pydial.py <train_command>791 :  List of domains: Laptops11
RESULTS:: 17:41:12: root                                      pydial.py <trainBatch>409 :  *** Training Iteration env1-LAP-tau_nodrop_noinco_sort_sharelast_4020_250100_shpr_1717-seed4-00.9->env1-LAP-tau_nodrop_noinco_sort_sharelast_4020_250100_shpr_1717-seed4-00.10: iter=9, error-rate=0, num-dialogs=1000 ***
RESULTS:: 18:10:01: root                               EvaluationManager.py <_prstr>179 :  Results for domain: Laptops11 --evaluated by: objective success evaluator
RESULTS:: 18:10:01: root                               EvaluationManager.py <_prstr>179 :  # of dialogues  = 1000
RESULTS:: 18:10:01: root                               EvaluationManager.py <_prstr>179 :  Average reward  = 9.21 +- 0.47
RESULTS:: 18:10:01: root                               EvaluationManager.py <_prstr>179 :  Average success = 90.60 +- 1.81
RESULTS:: 18:10:01: root                               EvaluationManager.py <_prstr>179 :  Average turns   = 8.91 +- 0.25
RESULTS:: 18:10:01: root                                   pydial.py <setEvalConfig>470 :  *** Evaluating env1-LAP-tau_nodrop_noinco_sort_sharelast_4020_250100_shpr_1717-seed4-00.10: error-rate=0 num-dialogs=500 ***
RESULTS:: 18:21:48: root                               EvaluationManager.py <_prstr>179 :  Results for domain: Laptops11 --evaluated by: objective success evaluator
RESULTS:: 18:21:48: root                               EvaluationManager.py <_prstr>179 :  # of dialogues  = 500
RESULTS:: 18:21:48: root                               EvaluationManager.py <_prstr>179 :  Average reward  = 8.56 +- 0.75
RESULTS:: 18:21:48: root                               EvaluationManager.py <_prstr>179 :  Average success = 79.20 +- 3.57
RESULTS:: 18:21:48: root                               EvaluationManager.py <_prstr>179 :  Average turns   = 7.28 +- 0.20
RESULTS:: 18:21:48: root                                   pydial.py <train_command>807 :  *** Training complete. log: env1-LAP-tau_nodrop_noinco_sort_sharelast_4020_250100_shpr_1717-seed4-00.1-10.train.log - final policy is env1-LAP-tau_nodrop_noinco_sort_sharelast_4020_250100_shpr_1717-00-10
