RESULTS:: 11:00:11: root                                   pydial.py <train_command>791 :  List of domains: Laptops11
RESULTS:: 11:00:11: root                                      pydial.py <trainBatch>409 :  *** Training Iteration env1-LAP-tau_nodrop_noinco_sort_sharelast_4020_250100_shpr_1717-seed9-00.0->env1-LAP-tau_nodrop_noinco_sort_sharelast_4020_250100_shpr_1717-seed9-00.1: iter=0, error-rate=0, num-dialogs=1000 ***
RESULTS:: 11:26:58: root                               EvaluationManager.py <_prstr>179 :  Results for domain: Laptops11 --evaluated by: objective success evaluator
RESULTS:: 11:26:58: root                               EvaluationManager.py <_prstr>179 :  # of dialogues  = 1000
RESULTS:: 11:26:58: root                               EvaluationManager.py <_prstr>179 :  Average reward  = 7.06 +- 0.63
RESULTS:: 11:26:58: root                               EvaluationManager.py <_prstr>179 :  Average success = 83.70 +- 2.29
RESULTS:: 11:26:58: root                               EvaluationManager.py <_prstr>179 :  Average turns   = 9.68 +- 0.30
RESULTS:: 11:26:58: root                                   pydial.py <setEvalConfig>470 :  *** Evaluating env1-LAP-tau_nodrop_noinco_sort_sharelast_4020_250100_shpr_1717-seed9-00.1: error-rate=0 num-dialogs=500 ***
RESULTS:: 11:38:21: root                               EvaluationManager.py <_prstr>179 :  Results for domain: Laptops11 --evaluated by: objective success evaluator
RESULTS:: 11:38:21: root                               EvaluationManager.py <_prstr>179 :  # of dialogues  = 500
RESULTS:: 11:38:21: root                               EvaluationManager.py <_prstr>179 :  Average reward  = 6.09 +- 0.92
RESULTS:: 11:38:21: root                               EvaluationManager.py <_prstr>179 :  Average success = 74.60 +- 3.82
RESULTS:: 11:38:21: root                               EvaluationManager.py <_prstr>179 :  Average turns   = 8.83 +- 0.35
RESULTS:: 11:38:21: root                                   pydial.py <train_command>791 :  List of domains: Laptops11
RESULTS:: 11:38:21: root                                      pydial.py <trainBatch>409 :  *** Training Iteration env1-LAP-tau_nodrop_noinco_sort_sharelast_4020_250100_shpr_1717-seed9-00.1->env1-LAP-tau_nodrop_noinco_sort_sharelast_4020_250100_shpr_1717-seed9-00.2: iter=1, error-rate=0, num-dialogs=1000 ***
RESULTS:: 12:04:33: root                               EvaluationManager.py <_prstr>179 :  Results for domain: Laptops11 --evaluated by: objective success evaluator
RESULTS:: 12:04:33: root                               EvaluationManager.py <_prstr>179 :  # of dialogues  = 1000
RESULTS:: 12:04:33: root                               EvaluationManager.py <_prstr>179 :  Average reward  = 8.90 +- 0.49
RESULTS:: 12:04:33: root                               EvaluationManager.py <_prstr>179 :  Average success = 90.80 +- 1.79
RESULTS:: 12:04:33: root                               EvaluationManager.py <_prstr>179 :  Average turns   = 9.26 +- 0.25
RESULTS:: 12:04:33: root                                   pydial.py <setEvalConfig>470 :  *** Evaluating env1-LAP-tau_nodrop_noinco_sort_sharelast_4020_250100_shpr_1717-seed9-00.2: error-rate=0 num-dialogs=500 ***
RESULTS:: 12:14:54: root                               EvaluationManager.py <_prstr>179 :  Results for domain: Laptops11 --evaluated by: objective success evaluator
RESULTS:: 12:14:54: root                               EvaluationManager.py <_prstr>179 :  # of dialogues  = 500
RESULTS:: 12:14:54: root                               EvaluationManager.py <_prstr>179 :  Average reward  = 9.06 +- 0.72
RESULTS:: 12:14:54: root                               EvaluationManager.py <_prstr>179 :  Average success = 84.60 +- 3.17
RESULTS:: 12:14:54: root                               EvaluationManager.py <_prstr>179 :  Average turns   = 7.86 +- 0.29
RESULTS:: 12:14:54: root                                   pydial.py <train_command>791 :  List of domains: Laptops11
RESULTS:: 12:14:54: root                                      pydial.py <trainBatch>409 :  *** Training Iteration env1-LAP-tau_nodrop_noinco_sort_sharelast_4020_250100_shpr_1717-seed9-00.2->env1-LAP-tau_nodrop_noinco_sort_sharelast_4020_250100_shpr_1717-seed9-00.3: iter=2, error-rate=0, num-dialogs=1000 ***
RESULTS:: 12:40:12: root                               EvaluationManager.py <_prstr>179 :  Results for domain: Laptops11 --evaluated by: objective success evaluator
RESULTS:: 12:40:12: root                               EvaluationManager.py <_prstr>179 :  # of dialogues  = 1000
RESULTS:: 12:40:12: root                               EvaluationManager.py <_prstr>179 :  Average reward  = 8.61 +- 0.53
RESULTS:: 12:40:12: root                               EvaluationManager.py <_prstr>179 :  Average success = 88.30 +- 1.99
RESULTS:: 12:40:12: root                               EvaluationManager.py <_prstr>179 :  Average turns   = 9.05 +- 0.27
RESULTS:: 12:40:12: root                                   pydial.py <setEvalConfig>470 :  *** Evaluating env1-LAP-tau_nodrop_noinco_sort_sharelast_4020_250100_shpr_1717-seed9-00.3: error-rate=0 num-dialogs=500 ***
RESULTS:: 12:50:48: root                               EvaluationManager.py <_prstr>179 :  Results for domain: Laptops11 --evaluated by: objective success evaluator
RESULTS:: 12:50:48: root                               EvaluationManager.py <_prstr>179 :  # of dialogues  = 500
RESULTS:: 12:50:48: root                               EvaluationManager.py <_prstr>179 :  Average reward  = 9.00 +- 0.70
RESULTS:: 12:50:48: root                               EvaluationManager.py <_prstr>179 :  Average success = 85.60 +- 3.08
RESULTS:: 12:50:48: root                               EvaluationManager.py <_prstr>179 :  Average turns   = 8.12 +- 0.26
RESULTS:: 12:50:48: root                                   pydial.py <train_command>791 :  List of domains: Laptops11
RESULTS:: 12:50:48: root                                      pydial.py <trainBatch>409 :  *** Training Iteration env1-LAP-tau_nodrop_noinco_sort_sharelast_4020_250100_shpr_1717-seed9-00.3->env1-LAP-tau_nodrop_noinco_sort_sharelast_4020_250100_shpr_1717-seed9-00.4: iter=3, error-rate=0, num-dialogs=1000 ***
RESULTS:: 13:16:56: root                               EvaluationManager.py <_prstr>179 :  Results for domain: Laptops11 --evaluated by: objective success evaluator
RESULTS:: 13:16:56: root                               EvaluationManager.py <_prstr>179 :  # of dialogues  = 1000
RESULTS:: 13:16:56: root                               EvaluationManager.py <_prstr>179 :  Average reward  = 9.09 +- 0.51
RESULTS:: 13:16:56: root                               EvaluationManager.py <_prstr>179 :  Average success = 92.00 +- 1.68
RESULTS:: 13:16:56: root                               EvaluationManager.py <_prstr>179 :  Average turns   = 9.31 +- 0.28
RESULTS:: 13:16:56: root                                   pydial.py <setEvalConfig>470 :  *** Evaluating env1-LAP-tau_nodrop_noinco_sort_sharelast_4020_250100_shpr_1717-seed9-00.4: error-rate=0 num-dialogs=500 ***
RESULTS:: 13:27:02: root                               EvaluationManager.py <_prstr>179 :  Results for domain: Laptops11 --evaluated by: objective success evaluator
RESULTS:: 13:27:02: root                               EvaluationManager.py <_prstr>179 :  # of dialogues  = 500
RESULTS:: 13:27:02: root                               EvaluationManager.py <_prstr>179 :  Average reward  = 10.58 +- 0.66
RESULTS:: 13:27:02: root                               EvaluationManager.py <_prstr>179 :  Average success = 91.20 +- 2.49
RESULTS:: 13:27:02: root                               EvaluationManager.py <_prstr>179 :  Average turns   = 7.66 +- 0.29
RESULTS:: 13:27:02: root                                   pydial.py <train_command>791 :  List of domains: Laptops11
RESULTS:: 13:27:02: root                                      pydial.py <trainBatch>409 :  *** Training Iteration env1-LAP-tau_nodrop_noinco_sort_sharelast_4020_250100_shpr_1717-seed9-00.4->env1-LAP-tau_nodrop_noinco_sort_sharelast_4020_250100_shpr_1717-seed9-00.5: iter=4, error-rate=0, num-dialogs=1000 ***
RESULTS:: 13:52:21: root                               EvaluationManager.py <_prstr>179 :  Results for domain: Laptops11 --evaluated by: objective success evaluator
RESULTS:: 13:52:21: root                               EvaluationManager.py <_prstr>179 :  # of dialogues  = 1000
RESULTS:: 13:52:21: root                               EvaluationManager.py <_prstr>179 :  Average reward  = 9.06 +- 0.49
RESULTS:: 13:52:21: root                               EvaluationManager.py <_prstr>179 :  Average success = 90.30 +- 1.84
RESULTS:: 13:52:21: root                               EvaluationManager.py <_prstr>179 :  Average turns   = 9.00 +- 0.26
RESULTS:: 13:52:21: root                                   pydial.py <setEvalConfig>470 :  *** Evaluating env1-LAP-tau_nodrop_noinco_sort_sharelast_4020_250100_shpr_1717-seed9-00.5: error-rate=0 num-dialogs=500 ***
RESULTS:: 14:02:38: root                               EvaluationManager.py <_prstr>179 :  Results for domain: Laptops11 --evaluated by: objective success evaluator
RESULTS:: 14:02:38: root                               EvaluationManager.py <_prstr>179 :  # of dialogues  = 500
RESULTS:: 14:02:38: root                               EvaluationManager.py <_prstr>179 :  Average reward  = 11.27 +- 0.52
RESULTS:: 14:02:38: root                               EvaluationManager.py <_prstr>179 :  Average success = 94.40 +- 2.02
RESULTS:: 14:02:38: root                               EvaluationManager.py <_prstr>179 :  Average turns   = 7.61 +- 0.26
RESULTS:: 14:02:38: root                                   pydial.py <train_command>791 :  List of domains: Laptops11
RESULTS:: 14:02:38: root                                      pydial.py <trainBatch>409 :  *** Training Iteration env1-LAP-tau_nodrop_noinco_sort_sharelast_4020_250100_shpr_1717-seed9-00.5->env1-LAP-tau_nodrop_noinco_sort_sharelast_4020_250100_shpr_1717-seed9-00.6: iter=5, error-rate=0, num-dialogs=1000 ***
RESULTS:: 14:28:05: root                               EvaluationManager.py <_prstr>179 :  Results for domain: Laptops11 --evaluated by: objective success evaluator
RESULTS:: 14:28:05: root                               EvaluationManager.py <_prstr>179 :  # of dialogues  = 1000
RESULTS:: 14:28:05: root                               EvaluationManager.py <_prstr>179 :  Average reward  = 9.53 +- 0.46
RESULTS:: 14:28:05: root                               EvaluationManager.py <_prstr>179 :  Average success = 92.00 +- 1.68
RESULTS:: 14:28:05: root                               EvaluationManager.py <_prstr>179 :  Average turns   = 8.87 +- 0.25
RESULTS:: 14:28:05: root                                   pydial.py <setEvalConfig>470 :  *** Evaluating env1-LAP-tau_nodrop_noinco_sort_sharelast_4020_250100_shpr_1717-seed9-00.6: error-rate=0 num-dialogs=500 ***
RESULTS:: 14:39:18: root                               EvaluationManager.py <_prstr>179 :  Results for domain: Laptops11 --evaluated by: objective success evaluator
RESULTS:: 14:39:18: root                               EvaluationManager.py <_prstr>179 :  # of dialogues  = 500
RESULTS:: 14:39:18: root                               EvaluationManager.py <_prstr>179 :  Average reward  = 7.72 +- 0.83
RESULTS:: 14:39:18: root                               EvaluationManager.py <_prstr>179 :  Average success = 75.40 +- 3.78
RESULTS:: 14:39:18: root                               EvaluationManager.py <_prstr>179 :  Average turns   = 7.36 +- 0.21
RESULTS:: 14:39:18: root                                   pydial.py <train_command>791 :  List of domains: Laptops11
RESULTS:: 14:39:18: root                                      pydial.py <trainBatch>409 :  *** Training Iteration env1-LAP-tau_nodrop_noinco_sort_sharelast_4020_250100_shpr_1717-seed9-00.6->env1-LAP-tau_nodrop_noinco_sort_sharelast_4020_250100_shpr_1717-seed9-00.7: iter=6, error-rate=0, num-dialogs=1000 ***
RESULTS:: 15:04:44: root                               EvaluationManager.py <_prstr>179 :  Results for domain: Laptops11 --evaluated by: objective success evaluator
RESULTS:: 15:04:44: root                               EvaluationManager.py <_prstr>179 :  # of dialogues  = 1000
RESULTS:: 15:04:44: root                               EvaluationManager.py <_prstr>179 :  Average reward  = 9.40 +- 0.47
RESULTS:: 15:04:44: root                               EvaluationManager.py <_prstr>179 :  Average success = 89.90 +- 1.87
RESULTS:: 15:04:44: root                               EvaluationManager.py <_prstr>179 :  Average turns   = 8.58 +- 0.24
RESULTS:: 15:04:44: root                                   pydial.py <setEvalConfig>470 :  *** Evaluating env1-LAP-tau_nodrop_noinco_sort_sharelast_4020_250100_shpr_1717-seed9-00.7: error-rate=0 num-dialogs=500 ***
RESULTS:: 15:14:46: root                               EvaluationManager.py <_prstr>179 :  Results for domain: Laptops11 --evaluated by: objective success evaluator
RESULTS:: 15:14:46: root                               EvaluationManager.py <_prstr>179 :  # of dialogues  = 500
RESULTS:: 15:14:46: root                               EvaluationManager.py <_prstr>179 :  Average reward  = 10.97 +- 0.54
RESULTS:: 15:14:46: root                               EvaluationManager.py <_prstr>179 :  Average success = 92.80 +- 2.27
RESULTS:: 15:14:46: root                               EvaluationManager.py <_prstr>179 :  Average turns   = 7.59 +- 0.26
RESULTS:: 15:14:46: root                                   pydial.py <train_command>791 :  List of domains: Laptops11
RESULTS:: 15:14:46: root                                      pydial.py <trainBatch>409 :  *** Training Iteration env1-LAP-tau_nodrop_noinco_sort_sharelast_4020_250100_shpr_1717-seed9-00.7->env1-LAP-tau_nodrop_noinco_sort_sharelast_4020_250100_shpr_1717-seed9-00.8: iter=7, error-rate=0, num-dialogs=1000 ***
RESULTS:: 15:40:51: root                               EvaluationManager.py <_prstr>179 :  Results for domain: Laptops11 --evaluated by: objective success evaluator
RESULTS:: 15:40:51: root                               EvaluationManager.py <_prstr>179 :  # of dialogues  = 1000
RESULTS:: 15:40:51: root                               EvaluationManager.py <_prstr>179 :  Average reward  = 9.29 +- 0.47
RESULTS:: 15:40:51: root                               EvaluationManager.py <_prstr>179 :  Average success = 90.20 +- 1.84
RESULTS:: 15:40:51: root                               EvaluationManager.py <_prstr>179 :  Average turns   = 8.76 +- 0.24
RESULTS:: 15:40:51: root                                   pydial.py <setEvalConfig>470 :  *** Evaluating env1-LAP-tau_nodrop_noinco_sort_sharelast_4020_250100_shpr_1717-seed9-00.8: error-rate=0 num-dialogs=500 ***
RESULTS:: 15:51:20: root                               EvaluationManager.py <_prstr>179 :  Results for domain: Laptops11 --evaluated by: objective success evaluator
RESULTS:: 15:51:20: root                               EvaluationManager.py <_prstr>179 :  # of dialogues  = 500
RESULTS:: 15:51:20: root                               EvaluationManager.py <_prstr>179 :  Average reward  = 4.92 +- 0.97
RESULTS:: 15:51:20: root                               EvaluationManager.py <_prstr>179 :  Average success = 63.60 +- 4.23
RESULTS:: 15:51:20: root                               EvaluationManager.py <_prstr>179 :  Average turns   = 7.80 +- 0.25
RESULTS:: 15:51:20: root                                   pydial.py <train_command>791 :  List of domains: Laptops11
RESULTS:: 15:51:20: root                                      pydial.py <trainBatch>409 :  *** Training Iteration env1-LAP-tau_nodrop_noinco_sort_sharelast_4020_250100_shpr_1717-seed9-00.8->env1-LAP-tau_nodrop_noinco_sort_sharelast_4020_250100_shpr_1717-seed9-00.9: iter=8, error-rate=0, num-dialogs=1000 ***
RESULTS:: 16:17:31: root                               EvaluationManager.py <_prstr>179 :  Results for domain: Laptops11 --evaluated by: objective success evaluator
RESULTS:: 16:17:31: root                               EvaluationManager.py <_prstr>179 :  # of dialogues  = 1000
RESULTS:: 16:17:31: root                               EvaluationManager.py <_prstr>179 :  Average reward  = 9.35 +- 0.47
RESULTS:: 16:17:31: root                               EvaluationManager.py <_prstr>179 :  Average success = 91.20 +- 1.76
RESULTS:: 16:17:31: root                               EvaluationManager.py <_prstr>179 :  Average turns   = 8.89 +- 0.25
RESULTS:: 16:17:31: root                                   pydial.py <setEvalConfig>470 :  *** Evaluating env1-LAP-tau_nodrop_noinco_sort_sharelast_4020_250100_shpr_1717-seed9-00.9: error-rate=0 num-dialogs=500 ***
RESULTS:: 16:28:29: root                               EvaluationManager.py <_prstr>179 :  Results for domain: Laptops11 --evaluated by: objective success evaluator
RESULTS:: 16:28:29: root                               EvaluationManager.py <_prstr>179 :  # of dialogues  = 500
RESULTS:: 16:28:29: root                               EvaluationManager.py <_prstr>179 :  Average reward  = 10.61 +- 0.60
RESULTS:: 16:28:29: root                               EvaluationManager.py <_prstr>179 :  Average success = 90.40 +- 2.59
RESULTS:: 16:28:29: root                               EvaluationManager.py <_prstr>179 :  Average turns   = 7.47 +- 0.23
RESULTS:: 16:28:29: root                                   pydial.py <train_command>791 :  List of domains: Laptops11
RESULTS:: 16:28:29: root                                      pydial.py <trainBatch>409 :  *** Training Iteration env1-LAP-tau_nodrop_noinco_sort_sharelast_4020_250100_shpr_1717-seed9-00.9->env1-LAP-tau_nodrop_noinco_sort_sharelast_4020_250100_shpr_1717-seed9-00.10: iter=9, error-rate=0, num-dialogs=1000 ***
RESULTS:: 17:06:17: root                               EvaluationManager.py <_prstr>179 :  Results for domain: Laptops11 --evaluated by: objective success evaluator
RESULTS:: 17:06:17: root                               EvaluationManager.py <_prstr>179 :  # of dialogues  = 1000
RESULTS:: 17:06:17: root                               EvaluationManager.py <_prstr>179 :  Average reward  = 9.60 +- 0.43
RESULTS:: 17:06:17: root                               EvaluationManager.py <_prstr>179 :  Average success = 93.40 +- 1.54
RESULTS:: 17:06:17: root                               EvaluationManager.py <_prstr>179 :  Average turns   = 9.08 +- 0.26
RESULTS:: 17:06:17: root                                   pydial.py <setEvalConfig>470 :  *** Evaluating env1-LAP-tau_nodrop_noinco_sort_sharelast_4020_250100_shpr_1717-seed9-00.10: error-rate=0 num-dialogs=500 ***
RESULTS:: 17:16:11: root                               EvaluationManager.py <_prstr>179 :  Results for domain: Laptops11 --evaluated by: objective success evaluator
RESULTS:: 17:16:11: root                               EvaluationManager.py <_prstr>179 :  # of dialogues  = 500
RESULTS:: 17:16:11: root                               EvaluationManager.py <_prstr>179 :  Average reward  = 9.19 +- 0.73
RESULTS:: 17:16:11: root                               EvaluationManager.py <_prstr>179 :  Average success = 82.20 +- 3.36
RESULTS:: 17:16:11: root                               EvaluationManager.py <_prstr>179 :  Average turns   = 7.25 +- 0.24
RESULTS:: 17:16:11: root                                   pydial.py <train_command>807 :  *** Training complete. log: env1-LAP-tau_nodrop_noinco_sort_sharelast_4020_250100_shpr_1717-seed9-00.1-10.train.log - final policy is env1-LAP-tau_nodrop_noinco_sort_sharelast_4020_250100_shpr_1717-00-10
