RESULTS:: 13:59:29: root                                   pydial.py <train_command>791 :  List of domains: Laptops11
RESULTS:: 13:59:29: root                                      pydial.py <trainBatch>409 :  *** Training Iteration env1-hdc-LAP-nature_0.2_0.2-seed7-00.0->env1-hdc-LAP-nature_0.2_0.2-seed7-00.1: iter=0, error-rate=0, num-dialogs=1000 ***
RESULTS:: 14:04:55: root                               EvaluationManager.py <_prstr>179 :  Results for domain: Laptops11 --evaluated by: objective success evaluator
RESULTS:: 14:04:55: root                               EvaluationManager.py <_prstr>179 :  # of dialogues  = 1000
RESULTS:: 14:04:55: root                               EvaluationManager.py <_prstr>179 :  Average reward  = 6.58 +- 0.62
RESULTS:: 14:04:55: root                               EvaluationManager.py <_prstr>179 :  Average success = 77.70 +- 2.58
RESULTS:: 14:04:55: root                               EvaluationManager.py <_prstr>179 :  Average turns   = 8.96 +- 0.25
RESULTS:: 14:04:55: root                                   pydial.py <setEvalConfig>470 :  *** Evaluating env1-hdc-LAP-nature_0.2_0.2-seed7-00.1: error-rate=0 num-dialogs=1000 ***
RESULTS:: 14:08:36: root                               EvaluationManager.py <_prstr>179 :  Results for domain: Laptops11 --evaluated by: objective success evaluator
RESULTS:: 14:08:36: root                               EvaluationManager.py <_prstr>179 :  # of dialogues  = 1000
RESULTS:: 14:08:36: root                               EvaluationManager.py <_prstr>179 :  Average reward  = 5.71 +- 0.63
RESULTS:: 14:08:36: root                               EvaluationManager.py <_prstr>179 :  Average success = 62.60 +- 3.00
RESULTS:: 14:08:36: root                               EvaluationManager.py <_prstr>179 :  Average turns   = 6.81 +- 0.13
RESULTS:: 14:08:36: root                                   pydial.py <train_command>791 :  List of domains: Laptops11
RESULTS:: 14:08:36: root                                      pydial.py <trainBatch>409 :  *** Training Iteration env1-hdc-LAP-nature_0.2_0.2-seed7-00.1->env1-hdc-LAP-nature_0.2_0.2-seed7-00.2: iter=1, error-rate=0, num-dialogs=1000 ***
RESULTS:: 14:14:08: root                               EvaluationManager.py <_prstr>179 :  Results for domain: Laptops11 --evaluated by: objective success evaluator
RESULTS:: 14:14:08: root                               EvaluationManager.py <_prstr>179 :  # of dialogues  = 1000
RESULTS:: 14:14:08: root                               EvaluationManager.py <_prstr>179 :  Average reward  = 7.73 +- 0.57
RESULTS:: 14:14:08: root                               EvaluationManager.py <_prstr>179 :  Average success = 83.20 +- 2.32
RESULTS:: 14:14:08: root                               EvaluationManager.py <_prstr>179 :  Average turns   = 8.91 +- 0.26
RESULTS:: 14:14:08: root                                   pydial.py <setEvalConfig>470 :  *** Evaluating env1-hdc-LAP-nature_0.2_0.2-seed7-00.2: error-rate=0 num-dialogs=1000 ***
RESULTS:: 14:17:45: root                               EvaluationManager.py <_prstr>179 :  Results for domain: Laptops11 --evaluated by: objective success evaluator
RESULTS:: 14:17:45: root                               EvaluationManager.py <_prstr>179 :  # of dialogues  = 1000
RESULTS:: 14:17:45: root                               EvaluationManager.py <_prstr>179 :  Average reward  = 2.90 +- 0.67
RESULTS:: 14:17:45: root                               EvaluationManager.py <_prstr>179 :  Average success = 48.00 +- 3.10
RESULTS:: 14:17:45: root                               EvaluationManager.py <_prstr>179 :  Average turns   = 6.71 +- 0.19
RESULTS:: 14:17:45: root                                   pydial.py <train_command>791 :  List of domains: Laptops11
RESULTS:: 14:17:45: root                                      pydial.py <trainBatch>409 :  *** Training Iteration env1-hdc-LAP-nature_0.2_0.2-seed7-00.2->env1-hdc-LAP-nature_0.2_0.2-seed7-00.3: iter=2, error-rate=0, num-dialogs=1000 ***
RESULTS:: 14:23:09: root                               EvaluationManager.py <_prstr>179 :  Results for domain: Laptops11 --evaluated by: objective success evaluator
RESULTS:: 14:23:09: root                               EvaluationManager.py <_prstr>179 :  # of dialogues  = 1000
RESULTS:: 14:23:09: root                               EvaluationManager.py <_prstr>179 :  Average reward  = 8.43 +- 0.53
RESULTS:: 14:23:09: root                               EvaluationManager.py <_prstr>179 :  Average success = 84.70 +- 2.23
RESULTS:: 14:23:09: root                               EvaluationManager.py <_prstr>179 :  Average turns   = 8.51 +- 0.23
RESULTS:: 14:23:09: root                                   pydial.py <setEvalConfig>470 :  *** Evaluating env1-hdc-LAP-nature_0.2_0.2-seed7-00.3: error-rate=0 num-dialogs=1000 ***
RESULTS:: 14:27:14: root                               EvaluationManager.py <_prstr>179 :  Results for domain: Laptops11 --evaluated by: objective success evaluator
RESULTS:: 14:27:14: root                               EvaluationManager.py <_prstr>179 :  # of dialogues  = 1000
RESULTS:: 14:27:14: root                               EvaluationManager.py <_prstr>179 :  Average reward  = 8.80 +- 0.54
RESULTS:: 14:27:14: root                               EvaluationManager.py <_prstr>179 :  Average success = 80.80 +- 2.44
RESULTS:: 14:27:14: root                               EvaluationManager.py <_prstr>179 :  Average turns   = 7.36 +- 0.18
RESULTS:: 14:27:14: root                                   pydial.py <train_command>791 :  List of domains: Laptops11
RESULTS:: 14:27:14: root                                      pydial.py <trainBatch>409 :  *** Training Iteration env1-hdc-LAP-nature_0.2_0.2-seed7-00.3->env1-hdc-LAP-nature_0.2_0.2-seed7-00.4: iter=3, error-rate=0, num-dialogs=1000 ***
RESULTS:: 14:32:48: root                               EvaluationManager.py <_prstr>179 :  Results for domain: Laptops11 --evaluated by: objective success evaluator
RESULTS:: 14:32:48: root                               EvaluationManager.py <_prstr>179 :  # of dialogues  = 1000
RESULTS:: 14:32:48: root                               EvaluationManager.py <_prstr>179 :  Average reward  = 8.41 +- 0.50
RESULTS:: 14:32:48: root                               EvaluationManager.py <_prstr>179 :  Average success = 86.10 +- 2.15
RESULTS:: 14:32:48: root                               EvaluationManager.py <_prstr>179 :  Average turns   = 8.81 +- 0.24
RESULTS:: 14:32:48: root                                   pydial.py <setEvalConfig>470 :  *** Evaluating env1-hdc-LAP-nature_0.2_0.2-seed7-00.4: error-rate=0 num-dialogs=1000 ***
RESULTS:: 14:36:17: root                               EvaluationManager.py <_prstr>179 :  Results for domain: Laptops11 --evaluated by: objective success evaluator
RESULTS:: 14:36:17: root                               EvaluationManager.py <_prstr>179 :  # of dialogues  = 1000
RESULTS:: 14:36:17: root                               EvaluationManager.py <_prstr>179 :  Average reward  = 4.55 +- 0.64
RESULTS:: 14:36:17: root                               EvaluationManager.py <_prstr>179 :  Average success = 54.70 +- 3.09
RESULTS:: 14:36:17: root                               EvaluationManager.py <_prstr>179 :  Average turns   = 6.39 +- 0.10
RESULTS:: 14:36:17: root                                   pydial.py <train_command>791 :  List of domains: Laptops11
RESULTS:: 14:36:17: root                                      pydial.py <trainBatch>409 :  *** Training Iteration env1-hdc-LAP-nature_0.2_0.2-seed7-00.4->env1-hdc-LAP-nature_0.2_0.2-seed7-00.5: iter=4, error-rate=0, num-dialogs=1000 ***
RESULTS:: 14:41:52: root                               EvaluationManager.py <_prstr>179 :  Results for domain: Laptops11 --evaluated by: objective success evaluator
RESULTS:: 14:41:52: root                               EvaluationManager.py <_prstr>179 :  # of dialogues  = 1000
RESULTS:: 14:41:52: root                               EvaluationManager.py <_prstr>179 :  Average reward  = 8.96 +- 0.47
RESULTS:: 14:41:52: root                               EvaluationManager.py <_prstr>179 :  Average success = 88.90 +- 1.95
RESULTS:: 14:41:52: root                               EvaluationManager.py <_prstr>179 :  Average turns   = 8.82 +- 0.23
RESULTS:: 14:41:52: root                                   pydial.py <setEvalConfig>470 :  *** Evaluating env1-hdc-LAP-nature_0.2_0.2-seed7-00.5: error-rate=0 num-dialogs=1000 ***
RESULTS:: 14:46:00: root                               EvaluationManager.py <_prstr>179 :  Results for domain: Laptops11 --evaluated by: objective success evaluator
RESULTS:: 14:46:00: root                               EvaluationManager.py <_prstr>179 :  # of dialogues  = 1000
RESULTS:: 14:46:00: root                               EvaluationManager.py <_prstr>179 :  Average reward  = 7.53 +- 0.65
RESULTS:: 14:46:00: root                               EvaluationManager.py <_prstr>179 :  Average success = 75.90 +- 2.65
RESULTS:: 14:46:00: root                               EvaluationManager.py <_prstr>179 :  Average turns   = 7.65 +- 0.23
RESULTS:: 14:46:00: root                                   pydial.py <train_command>791 :  List of domains: Laptops11
RESULTS:: 14:46:00: root                                      pydial.py <trainBatch>409 :  *** Training Iteration env1-hdc-LAP-nature_0.2_0.2-seed7-00.5->env1-hdc-LAP-nature_0.2_0.2-seed7-00.6: iter=5, error-rate=0, num-dialogs=1000 ***
RESULTS:: 14:51:39: root                               EvaluationManager.py <_prstr>179 :  Results for domain: Laptops11 --evaluated by: objective success evaluator
RESULTS:: 14:51:39: root                               EvaluationManager.py <_prstr>179 :  # of dialogues  = 1000
RESULTS:: 14:51:39: root                               EvaluationManager.py <_prstr>179 :  Average reward  = 8.79 +- 0.48
RESULTS:: 14:51:39: root                               EvaluationManager.py <_prstr>179 :  Average success = 88.60 +- 1.97
RESULTS:: 14:51:39: root                               EvaluationManager.py <_prstr>179 :  Average turns   = 8.94 +- 0.23
RESULTS:: 14:51:39: root                                   pydial.py <setEvalConfig>470 :  *** Evaluating env1-hdc-LAP-nature_0.2_0.2-seed7-00.6: error-rate=0 num-dialogs=1000 ***
RESULTS:: 14:55:33: root                               EvaluationManager.py <_prstr>179 :  Results for domain: Laptops11 --evaluated by: objective success evaluator
RESULTS:: 14:55:33: root                               EvaluationManager.py <_prstr>179 :  # of dialogues  = 1000
RESULTS:: 14:55:33: root                               EvaluationManager.py <_prstr>179 :  Average reward  = 9.50 +- 0.52
RESULTS:: 14:55:33: root                               EvaluationManager.py <_prstr>179 :  Average success = 83.60 +- 2.30
RESULTS:: 14:55:33: root                               EvaluationManager.py <_prstr>179 :  Average turns   = 7.22 +- 0.15
RESULTS:: 14:55:33: root                                   pydial.py <train_command>791 :  List of domains: Laptops11
RESULTS:: 14:55:33: root                                      pydial.py <trainBatch>409 :  *** Training Iteration env1-hdc-LAP-nature_0.2_0.2-seed7-00.6->env1-hdc-LAP-nature_0.2_0.2-seed7-00.7: iter=6, error-rate=0, num-dialogs=1000 ***
RESULTS:: 15:01:09: root                               EvaluationManager.py <_prstr>179 :  Results for domain: Laptops11 --evaluated by: objective success evaluator
RESULTS:: 15:01:09: root                               EvaluationManager.py <_prstr>179 :  # of dialogues  = 1000
RESULTS:: 15:01:09: root                               EvaluationManager.py <_prstr>179 :  Average reward  = 8.33 +- 0.55
RESULTS:: 15:01:09: root                               EvaluationManager.py <_prstr>179 :  Average success = 86.50 +- 2.12
RESULTS:: 15:01:09: root                               EvaluationManager.py <_prstr>179 :  Average turns   = 8.97 +- 0.27
RESULTS:: 15:01:09: root                                   pydial.py <setEvalConfig>470 :  *** Evaluating env1-hdc-LAP-nature_0.2_0.2-seed7-00.7: error-rate=0 num-dialogs=1000 ***
RESULTS:: 15:05:01: root                               EvaluationManager.py <_prstr>179 :  Results for domain: Laptops11 --evaluated by: objective success evaluator
RESULTS:: 15:05:01: root                               EvaluationManager.py <_prstr>179 :  # of dialogues  = 1000
RESULTS:: 15:05:01: root                               EvaluationManager.py <_prstr>179 :  Average reward  = 8.43 +- 0.54
RESULTS:: 15:05:01: root                               EvaluationManager.py <_prstr>179 :  Average success = 78.50 +- 2.55
RESULTS:: 15:05:01: root                               EvaluationManager.py <_prstr>179 :  Average turns   = 7.27 +- 0.14
RESULTS:: 15:05:01: root                                   pydial.py <train_command>791 :  List of domains: Laptops11
RESULTS:: 15:05:01: root                                      pydial.py <trainBatch>409 :  *** Training Iteration env1-hdc-LAP-nature_0.2_0.2-seed7-00.7->env1-hdc-LAP-nature_0.2_0.2-seed7-00.8: iter=7, error-rate=0, num-dialogs=1000 ***
RESULTS:: 15:10:26: root                               EvaluationManager.py <_prstr>179 :  Results for domain: Laptops11 --evaluated by: objective success evaluator
RESULTS:: 15:10:26: root                               EvaluationManager.py <_prstr>179 :  # of dialogues  = 1000
RESULTS:: 15:10:26: root                               EvaluationManager.py <_prstr>179 :  Average reward  = 9.59 +- 0.47
RESULTS:: 15:10:26: root                               EvaluationManager.py <_prstr>179 :  Average success = 91.00 +- 1.78
RESULTS:: 15:10:26: root                               EvaluationManager.py <_prstr>179 :  Average turns   = 8.61 +- 0.24
RESULTS:: 15:10:26: root                                   pydial.py <setEvalConfig>470 :  *** Evaluating env1-hdc-LAP-nature_0.2_0.2-seed7-00.8: error-rate=0 num-dialogs=1000 ***
RESULTS:: 15:14:37: root                               EvaluationManager.py <_prstr>179 :  Results for domain: Laptops11 --evaluated by: objective success evaluator
RESULTS:: 15:14:37: root                               EvaluationManager.py <_prstr>179 :  # of dialogues  = 1000
RESULTS:: 15:14:37: root                               EvaluationManager.py <_prstr>179 :  Average reward  = 9.36 +- 0.50
RESULTS:: 15:14:37: root                               EvaluationManager.py <_prstr>179 :  Average success = 85.20 +- 2.20
RESULTS:: 15:14:37: root                               EvaluationManager.py <_prstr>179 :  Average turns   = 7.68 +- 0.19
RESULTS:: 15:14:37: root                                   pydial.py <train_command>791 :  List of domains: Laptops11
RESULTS:: 15:14:37: root                                      pydial.py <trainBatch>409 :  *** Training Iteration env1-hdc-LAP-nature_0.2_0.2-seed7-00.8->env1-hdc-LAP-nature_0.2_0.2-seed7-00.9: iter=8, error-rate=0, num-dialogs=1000 ***
RESULTS:: 15:20:01: root                               EvaluationManager.py <_prstr>179 :  Results for domain: Laptops11 --evaluated by: objective success evaluator
RESULTS:: 15:20:01: root                               EvaluationManager.py <_prstr>179 :  # of dialogues  = 1000
RESULTS:: 15:20:01: root                               EvaluationManager.py <_prstr>179 :  Average reward  = 8.95 +- 0.49
RESULTS:: 15:20:01: root                               EvaluationManager.py <_prstr>179 :  Average success = 88.00 +- 2.02
RESULTS:: 15:20:01: root                               EvaluationManager.py <_prstr>179 :  Average turns   = 8.65 +- 0.23
RESULTS:: 15:20:01: root                                   pydial.py <setEvalConfig>470 :  *** Evaluating env1-hdc-LAP-nature_0.2_0.2-seed7-00.9: error-rate=0 num-dialogs=1000 ***
RESULTS:: 15:23:43: root                               EvaluationManager.py <_prstr>179 :  Results for domain: Laptops11 --evaluated by: objective success evaluator
RESULTS:: 15:23:43: root                               EvaluationManager.py <_prstr>179 :  # of dialogues  = 1000
RESULTS:: 15:23:43: root                               EvaluationManager.py <_prstr>179 :  Average reward  = 5.31 +- 0.64
RESULTS:: 15:23:43: root                               EvaluationManager.py <_prstr>179 :  Average success = 60.80 +- 3.03
RESULTS:: 15:23:43: root                               EvaluationManager.py <_prstr>179 :  Average turns   = 6.85 +- 0.16
RESULTS:: 15:23:43: root                                   pydial.py <train_command>791 :  List of domains: Laptops11
RESULTS:: 15:23:43: root                                      pydial.py <trainBatch>409 :  *** Training Iteration env1-hdc-LAP-nature_0.2_0.2-seed7-00.9->env1-hdc-LAP-nature_0.2_0.2-seed7-00.10: iter=9, error-rate=0, num-dialogs=1000 ***
RESULTS:: 15:29:07: root                               EvaluationManager.py <_prstr>179 :  Results for domain: Laptops11 --evaluated by: objective success evaluator
RESULTS:: 15:29:07: root                               EvaluationManager.py <_prstr>179 :  # of dialogues  = 1000
RESULTS:: 15:29:07: root                               EvaluationManager.py <_prstr>179 :  Average reward  = 8.71 +- 0.50
RESULTS:: 15:29:07: root                               EvaluationManager.py <_prstr>179 :  Average success = 86.90 +- 2.09
RESULTS:: 15:29:07: root                               EvaluationManager.py <_prstr>179 :  Average turns   = 8.67 +- 0.23
RESULTS:: 15:29:07: root                                   pydial.py <setEvalConfig>470 :  *** Evaluating env1-hdc-LAP-nature_0.2_0.2-seed7-00.10: error-rate=0 num-dialogs=1000 ***
RESULTS:: 15:32:48: root                               EvaluationManager.py <_prstr>179 :  Results for domain: Laptops11 --evaluated by: objective success evaluator
RESULTS:: 15:32:48: root                               EvaluationManager.py <_prstr>179 :  # of dialogues  = 1000
RESULTS:: 15:32:48: root                               EvaluationManager.py <_prstr>179 :  Average reward  = 4.87 +- 0.63
RESULTS:: 15:32:48: root                               EvaluationManager.py <_prstr>179 :  Average success = 58.60 +- 3.06
RESULTS:: 15:32:48: root                               EvaluationManager.py <_prstr>179 :  Average turns   = 6.85 +- 0.12
RESULTS:: 15:32:48: root                                   pydial.py <train_command>807 :  *** Training complete. log: env1-hdc-LAP-nature_0.2_0.2-seed7-00.1-10.train.log - final policy is env1-hdc-LAP-nature_0.2_0.2-00-10
