RESULTS:: 17:07:07: root                                   pydial.py <train_command>791 :  List of domains: Laptops11
RESULTS:: 17:07:07: root                                      pydial.py <trainBatch>409 :  *** Training Iteration env1-hdc-LAP-nature_0.2_0.2-seed9-00.0->env1-hdc-LAP-nature_0.2_0.2-seed9-00.1: iter=0, error-rate=0, num-dialogs=1000 ***
RESULTS:: 17:12:37: root                               EvaluationManager.py <_prstr>179 :  Results for domain: Laptops11 --evaluated by: objective success evaluator
RESULTS:: 17:12:37: root                               EvaluationManager.py <_prstr>179 :  # of dialogues  = 1000
RESULTS:: 17:12:37: root                               EvaluationManager.py <_prstr>179 :  Average reward  = 6.51 +- 0.63
RESULTS:: 17:12:37: root                               EvaluationManager.py <_prstr>179 :  Average success = 78.20 +- 2.56
RESULTS:: 17:12:37: root                               EvaluationManager.py <_prstr>179 :  Average turns   = 9.13 +- 0.26
RESULTS:: 17:12:37: root                                   pydial.py <setEvalConfig>470 :  *** Evaluating env1-hdc-LAP-nature_0.2_0.2-seed9-00.1: error-rate=0 num-dialogs=1000 ***
RESULTS:: 17:16:19: root                               EvaluationManager.py <_prstr>179 :  Results for domain: Laptops11 --evaluated by: objective success evaluator
RESULTS:: 17:16:19: root                               EvaluationManager.py <_prstr>179 :  # of dialogues  = 1000
RESULTS:: 17:16:19: root                               EvaluationManager.py <_prstr>179 :  Average reward  = 5.17 +- 0.64
RESULTS:: 17:16:19: root                               EvaluationManager.py <_prstr>179 :  Average success = 61.40 +- 3.02
RESULTS:: 17:16:19: root                               EvaluationManager.py <_prstr>179 :  Average turns   = 7.11 +- 0.12
RESULTS:: 17:16:19: root                                   pydial.py <train_command>791 :  List of domains: Laptops11
RESULTS:: 17:16:19: root                                      pydial.py <trainBatch>409 :  *** Training Iteration env1-hdc-LAP-nature_0.2_0.2-seed9-00.1->env1-hdc-LAP-nature_0.2_0.2-seed9-00.2: iter=1, error-rate=0, num-dialogs=1000 ***
RESULTS:: 17:21:49: root                               EvaluationManager.py <_prstr>179 :  Results for domain: Laptops11 --evaluated by: objective success evaluator
RESULTS:: 17:21:49: root                               EvaluationManager.py <_prstr>179 :  # of dialogues  = 1000
RESULTS:: 17:21:49: root                               EvaluationManager.py <_prstr>179 :  Average reward  = 9.01 +- 0.47
RESULTS:: 17:21:49: root                               EvaluationManager.py <_prstr>179 :  Average success = 88.70 +- 1.96
RESULTS:: 17:21:49: root                               EvaluationManager.py <_prstr>179 :  Average turns   = 8.73 +- 0.24
RESULTS:: 17:21:49: root                                   pydial.py <setEvalConfig>470 :  *** Evaluating env1-hdc-LAP-nature_0.2_0.2-seed9-00.2: error-rate=0 num-dialogs=1000 ***
RESULTS:: 17:25:41: root                               EvaluationManager.py <_prstr>179 :  Results for domain: Laptops11 --evaluated by: objective success evaluator
RESULTS:: 17:25:41: root                               EvaluationManager.py <_prstr>179 :  # of dialogues  = 1000
RESULTS:: 17:25:41: root                               EvaluationManager.py <_prstr>179 :  Average reward  = 6.64 +- 0.60
RESULTS:: 17:25:41: root                               EvaluationManager.py <_prstr>179 :  Average success = 68.30 +- 2.89
RESULTS:: 17:25:41: root                               EvaluationManager.py <_prstr>179 :  Average turns   = 7.02 +- 0.15
RESULTS:: 17:25:41: root                                   pydial.py <train_command>791 :  List of domains: Laptops11
RESULTS:: 17:25:41: root                                      pydial.py <trainBatch>409 :  *** Training Iteration env1-hdc-LAP-nature_0.2_0.2-seed9-00.2->env1-hdc-LAP-nature_0.2_0.2-seed9-00.3: iter=2, error-rate=0, num-dialogs=1000 ***
RESULTS:: 17:31:14: root                               EvaluationManager.py <_prstr>179 :  Results for domain: Laptops11 --evaluated by: objective success evaluator
RESULTS:: 17:31:14: root                               EvaluationManager.py <_prstr>179 :  # of dialogues  = 1000
RESULTS:: 17:31:14: root                               EvaluationManager.py <_prstr>179 :  Average reward  = 8.27 +- 0.55
RESULTS:: 17:31:14: root                               EvaluationManager.py <_prstr>179 :  Average success = 85.30 +- 2.20
RESULTS:: 17:31:14: root                               EvaluationManager.py <_prstr>179 :  Average turns   = 8.79 +- 0.26
RESULTS:: 17:31:14: root                                   pydial.py <setEvalConfig>470 :  *** Evaluating env1-hdc-LAP-nature_0.2_0.2-seed9-00.3: error-rate=0 num-dialogs=1000 ***
RESULTS:: 17:35:07: root                               EvaluationManager.py <_prstr>179 :  Results for domain: Laptops11 --evaluated by: objective success evaluator
RESULTS:: 17:35:07: root                               EvaluationManager.py <_prstr>179 :  # of dialogues  = 1000
RESULTS:: 17:35:07: root                               EvaluationManager.py <_prstr>179 :  Average reward  = 7.76 +- 0.58
RESULTS:: 17:35:07: root                               EvaluationManager.py <_prstr>179 :  Average success = 74.40 +- 2.71
RESULTS:: 17:35:07: root                               EvaluationManager.py <_prstr>179 :  Average turns   = 7.12 +- 0.14
RESULTS:: 17:35:07: root                                   pydial.py <train_command>791 :  List of domains: Laptops11
RESULTS:: 17:35:07: root                                      pydial.py <trainBatch>409 :  *** Training Iteration env1-hdc-LAP-nature_0.2_0.2-seed9-00.3->env1-hdc-LAP-nature_0.2_0.2-seed9-00.4: iter=3, error-rate=0, num-dialogs=1000 ***
RESULTS:: 17:40:38: root                               EvaluationManager.py <_prstr>179 :  Results for domain: Laptops11 --evaluated by: objective success evaluator
RESULTS:: 17:40:38: root                               EvaluationManager.py <_prstr>179 :  # of dialogues  = 1000
RESULTS:: 17:40:38: root                               EvaluationManager.py <_prstr>179 :  Average reward  = 7.89 +- 0.57
RESULTS:: 17:40:38: root                               EvaluationManager.py <_prstr>179 :  Average success = 83.30 +- 2.31
RESULTS:: 17:40:38: root                               EvaluationManager.py <_prstr>179 :  Average turns   = 8.77 +- 0.25
RESULTS:: 17:40:38: root                                   pydial.py <setEvalConfig>470 :  *** Evaluating env1-hdc-LAP-nature_0.2_0.2-seed9-00.4: error-rate=0 num-dialogs=1000 ***
RESULTS:: 17:44:50: root                               EvaluationManager.py <_prstr>179 :  Results for domain: Laptops11 --evaluated by: objective success evaluator
RESULTS:: 17:44:50: root                               EvaluationManager.py <_prstr>179 :  # of dialogues  = 1000
RESULTS:: 17:44:50: root                               EvaluationManager.py <_prstr>179 :  Average reward  = 9.06 +- 0.55
RESULTS:: 17:44:50: root                               EvaluationManager.py <_prstr>179 :  Average success = 83.90 +- 2.28
RESULTS:: 17:44:50: root                               EvaluationManager.py <_prstr>179 :  Average turns   = 7.72 +- 0.21
RESULTS:: 17:44:50: root                                   pydial.py <train_command>791 :  List of domains: Laptops11
RESULTS:: 17:44:50: root                                      pydial.py <trainBatch>409 :  *** Training Iteration env1-hdc-LAP-nature_0.2_0.2-seed9-00.4->env1-hdc-LAP-nature_0.2_0.2-seed9-00.5: iter=4, error-rate=0, num-dialogs=1000 ***
RESULTS:: 17:50:24: root                               EvaluationManager.py <_prstr>179 :  Results for domain: Laptops11 --evaluated by: objective success evaluator
RESULTS:: 17:50:24: root                               EvaluationManager.py <_prstr>179 :  # of dialogues  = 1000
RESULTS:: 17:50:24: root                               EvaluationManager.py <_prstr>179 :  Average reward  = 9.06 +- 0.49
RESULTS:: 17:50:24: root                               EvaluationManager.py <_prstr>179 :  Average success = 89.30 +- 1.92
RESULTS:: 17:50:24: root                               EvaluationManager.py <_prstr>179 :  Average turns   = 8.80 +- 0.25
RESULTS:: 17:50:24: root                                   pydial.py <setEvalConfig>470 :  *** Evaluating env1-hdc-LAP-nature_0.2_0.2-seed9-00.5: error-rate=0 num-dialogs=1000 ***
RESULTS:: 17:54:17: root                               EvaluationManager.py <_prstr>179 :  Results for domain: Laptops11 --evaluated by: objective success evaluator
RESULTS:: 17:54:17: root                               EvaluationManager.py <_prstr>179 :  # of dialogues  = 1000
RESULTS:: 17:54:17: root                               EvaluationManager.py <_prstr>179 :  Average reward  = 8.11 +- 0.57
RESULTS:: 17:54:17: root                               EvaluationManager.py <_prstr>179 :  Average success = 76.00 +- 2.65
RESULTS:: 17:54:17: root                               EvaluationManager.py <_prstr>179 :  Average turns   = 7.09 +- 0.15
RESULTS:: 17:54:17: root                                   pydial.py <train_command>791 :  List of domains: Laptops11
RESULTS:: 17:54:17: root                                      pydial.py <trainBatch>409 :  *** Training Iteration env1-hdc-LAP-nature_0.2_0.2-seed9-00.5->env1-hdc-LAP-nature_0.2_0.2-seed9-00.6: iter=5, error-rate=0, num-dialogs=1000 ***
RESULTS:: 17:59:45: root                               EvaluationManager.py <_prstr>179 :  Results for domain: Laptops11 --evaluated by: objective success evaluator
RESULTS:: 17:59:45: root                               EvaluationManager.py <_prstr>179 :  # of dialogues  = 1000
RESULTS:: 17:59:45: root                               EvaluationManager.py <_prstr>179 :  Average reward  = 8.52 +- 0.49
RESULTS:: 17:59:45: root                               EvaluationManager.py <_prstr>179 :  Average success = 87.10 +- 2.08
RESULTS:: 17:59:45: root                               EvaluationManager.py <_prstr>179 :  Average turns   = 8.90 +- 0.24
RESULTS:: 17:59:45: root                                   pydial.py <setEvalConfig>470 :  *** Evaluating env1-hdc-LAP-nature_0.2_0.2-seed9-00.6: error-rate=0 num-dialogs=1000 ***
RESULTS:: 18:03:40: root                               EvaluationManager.py <_prstr>179 :  Results for domain: Laptops11 --evaluated by: objective success evaluator
RESULTS:: 18:03:40: root                               EvaluationManager.py <_prstr>179 :  # of dialogues  = 1000
RESULTS:: 18:03:40: root                               EvaluationManager.py <_prstr>179 :  Average reward  = 9.86 +- 0.48
RESULTS:: 18:03:40: root                               EvaluationManager.py <_prstr>179 :  Average success = 85.40 +- 2.19
RESULTS:: 18:03:40: root                               EvaluationManager.py <_prstr>179 :  Average turns   = 7.22 +- 0.15
RESULTS:: 18:03:40: root                                   pydial.py <train_command>791 :  List of domains: Laptops11
RESULTS:: 18:03:40: root                                      pydial.py <trainBatch>409 :  *** Training Iteration env1-hdc-LAP-nature_0.2_0.2-seed9-00.6->env1-hdc-LAP-nature_0.2_0.2-seed9-00.7: iter=6, error-rate=0, num-dialogs=1000 ***
RESULTS:: 18:09:08: root                               EvaluationManager.py <_prstr>179 :  Results for domain: Laptops11 --evaluated by: objective success evaluator
RESULTS:: 18:09:08: root                               EvaluationManager.py <_prstr>179 :  # of dialogues  = 1000
RESULTS:: 18:09:08: root                               EvaluationManager.py <_prstr>179 :  Average reward  = 8.82 +- 0.51
RESULTS:: 18:09:08: root                               EvaluationManager.py <_prstr>179 :  Average success = 87.50 +- 2.05
RESULTS:: 18:09:08: root                               EvaluationManager.py <_prstr>179 :  Average turns   = 8.68 +- 0.24
RESULTS:: 18:09:08: root                                   pydial.py <setEvalConfig>470 :  *** Evaluating env1-hdc-LAP-nature_0.2_0.2-seed9-00.7: error-rate=0 num-dialogs=1000 ***
RESULTS:: 18:13:08: root                               EvaluationManager.py <_prstr>179 :  Results for domain: Laptops11 --evaluated by: objective success evaluator
RESULTS:: 18:13:08: root                               EvaluationManager.py <_prstr>179 :  # of dialogues  = 1000
RESULTS:: 18:13:08: root                               EvaluationManager.py <_prstr>179 :  Average reward  = 9.50 +- 0.53
RESULTS:: 18:13:08: root                               EvaluationManager.py <_prstr>179 :  Average success = 84.40 +- 2.25
RESULTS:: 18:13:08: root                               EvaluationManager.py <_prstr>179 :  Average turns   = 7.38 +- 0.20
RESULTS:: 18:13:08: root                                   pydial.py <train_command>791 :  List of domains: Laptops11
RESULTS:: 18:13:08: root                                      pydial.py <trainBatch>409 :  *** Training Iteration env1-hdc-LAP-nature_0.2_0.2-seed9-00.7->env1-hdc-LAP-nature_0.2_0.2-seed9-00.8: iter=7, error-rate=0, num-dialogs=1000 ***
RESULTS:: 18:18:35: root                               EvaluationManager.py <_prstr>179 :  Results for domain: Laptops11 --evaluated by: objective success evaluator
RESULTS:: 18:18:35: root                               EvaluationManager.py <_prstr>179 :  # of dialogues  = 1000
RESULTS:: 18:18:35: root                               EvaluationManager.py <_prstr>179 :  Average reward  = 9.23 +- 0.48
RESULTS:: 18:18:35: root                               EvaluationManager.py <_prstr>179 :  Average success = 90.10 +- 1.85
RESULTS:: 18:18:35: root                               EvaluationManager.py <_prstr>179 :  Average turns   = 8.79 +- 0.24
RESULTS:: 18:18:35: root                                   pydial.py <setEvalConfig>470 :  *** Evaluating env1-hdc-LAP-nature_0.2_0.2-seed9-00.8: error-rate=0 num-dialogs=1000 ***
RESULTS:: 18:22:37: root                               EvaluationManager.py <_prstr>179 :  Results for domain: Laptops11 --evaluated by: objective success evaluator
RESULTS:: 18:22:37: root                               EvaluationManager.py <_prstr>179 :  # of dialogues  = 1000
RESULTS:: 18:22:37: root                               EvaluationManager.py <_prstr>179 :  Average reward  = 8.18 +- 0.57
RESULTS:: 18:22:37: root                               EvaluationManager.py <_prstr>179 :  Average success = 78.30 +- 2.56
RESULTS:: 18:22:37: root                               EvaluationManager.py <_prstr>179 :  Average turns   = 7.48 +- 0.18
RESULTS:: 18:22:37: root                                   pydial.py <train_command>791 :  List of domains: Laptops11
RESULTS:: 18:22:37: root                                      pydial.py <trainBatch>409 :  *** Training Iteration env1-hdc-LAP-nature_0.2_0.2-seed9-00.8->env1-hdc-LAP-nature_0.2_0.2-seed9-00.9: iter=8, error-rate=0, num-dialogs=1000 ***
RESULTS:: 18:28:07: root                               EvaluationManager.py <_prstr>179 :  Results for domain: Laptops11 --evaluated by: objective success evaluator
RESULTS:: 18:28:07: root                               EvaluationManager.py <_prstr>179 :  # of dialogues  = 1000
RESULTS:: 18:28:07: root                               EvaluationManager.py <_prstr>179 :  Average reward  = 9.07 +- 0.48
RESULTS:: 18:28:07: root                               EvaluationManager.py <_prstr>179 :  Average success = 90.00 +- 1.86
RESULTS:: 18:28:07: root                               EvaluationManager.py <_prstr>179 :  Average turns   = 8.93 +- 0.24
RESULTS:: 18:28:07: root                                   pydial.py <setEvalConfig>470 :  *** Evaluating env1-hdc-LAP-nature_0.2_0.2-seed9-00.9: error-rate=0 num-dialogs=1000 ***
RESULTS:: 18:31:51: root                               EvaluationManager.py <_prstr>179 :  Results for domain: Laptops11 --evaluated by: objective success evaluator
RESULTS:: 18:31:51: root                               EvaluationManager.py <_prstr>179 :  # of dialogues  = 1000
RESULTS:: 18:31:51: root                               EvaluationManager.py <_prstr>179 :  Average reward  = 8.36 +- 0.57
RESULTS:: 18:31:51: root                               EvaluationManager.py <_prstr>179 :  Average success = 76.20 +- 2.64
RESULTS:: 18:31:51: root                               EvaluationManager.py <_prstr>179 :  Average turns   = 6.88 +- 0.15
RESULTS:: 18:31:51: root                                   pydial.py <train_command>791 :  List of domains: Laptops11
RESULTS:: 18:31:51: root                                      pydial.py <trainBatch>409 :  *** Training Iteration env1-hdc-LAP-nature_0.2_0.2-seed9-00.9->env1-hdc-LAP-nature_0.2_0.2-seed9-00.10: iter=9, error-rate=0, num-dialogs=1000 ***
RESULTS:: 18:37:13: root                               EvaluationManager.py <_prstr>179 :  Results for domain: Laptops11 --evaluated by: objective success evaluator
RESULTS:: 18:37:13: root                               EvaluationManager.py <_prstr>179 :  # of dialogues  = 1000
RESULTS:: 18:37:13: root                               EvaluationManager.py <_prstr>179 :  Average reward  = 9.24 +- 0.47
RESULTS:: 18:37:13: root                               EvaluationManager.py <_prstr>179 :  Average success = 89.30 +- 1.92
RESULTS:: 18:37:13: root                               EvaluationManager.py <_prstr>179 :  Average turns   = 8.62 +- 0.23
RESULTS:: 18:37:13: root                                   pydial.py <setEvalConfig>470 :  *** Evaluating env1-hdc-LAP-nature_0.2_0.2-seed9-00.10: error-rate=0 num-dialogs=1000 ***
RESULTS:: 18:41:08: root                               EvaluationManager.py <_prstr>179 :  Results for domain: Laptops11 --evaluated by: objective success evaluator
RESULTS:: 18:41:08: root                               EvaluationManager.py <_prstr>179 :  # of dialogues  = 1000
RESULTS:: 18:41:08: root                               EvaluationManager.py <_prstr>179 :  Average reward  = 7.56 +- 0.59
RESULTS:: 18:41:08: root                               EvaluationManager.py <_prstr>179 :  Average success = 74.20 +- 2.72
RESULTS:: 18:41:08: root                               EvaluationManager.py <_prstr>179 :  Average turns   = 7.28 +- 0.15
RESULTS:: 18:41:08: root                                   pydial.py <train_command>807 :  *** Training complete. log: env1-hdc-LAP-nature_0.2_0.2-seed9-00.1-10.train.log - final policy is env1-hdc-LAP-nature_0.2_0.2-00-10
