RESULTS:: 03:02:42: root                                   pydial.py <train_command>791 :  List of domains: Laptops11
RESULTS:: 03:02:42: root                                      pydial.py <trainBatch>409 :  *** Training Iteration env1-hdc-LAP-nature_0.2_0.2-seed0-00.0->env1-hdc-LAP-nature_0.2_0.2-seed0-00.1: iter=0, error-rate=0, num-dialogs=1000 ***
RESULTS:: 03:08:24: root                               EvaluationManager.py <_prstr>179 :  Results for domain: Laptops11 --evaluated by: objective success evaluator
RESULTS:: 03:08:24: root                               EvaluationManager.py <_prstr>179 :  # of dialogues  = 1000
RESULTS:: 03:08:24: root                               EvaluationManager.py <_prstr>179 :  Average reward  = 5.30 +- 0.69
RESULTS:: 03:08:24: root                               EvaluationManager.py <_prstr>179 :  Average success = 73.80 +- 2.73
RESULTS:: 03:08:24: root                               EvaluationManager.py <_prstr>179 :  Average turns   = 9.46 +- 0.28
RESULTS:: 03:08:24: root                                   pydial.py <setEvalConfig>470 :  *** Evaluating env1-hdc-LAP-nature_0.2_0.2-seed0-00.1: error-rate=0 num-dialogs=1000 ***
RESULTS:: 03:12:33: root                               EvaluationManager.py <_prstr>179 :  Results for domain: Laptops11 --evaluated by: objective success evaluator
RESULTS:: 03:12:33: root                               EvaluationManager.py <_prstr>179 :  # of dialogues  = 1000
RESULTS:: 03:12:33: root                               EvaluationManager.py <_prstr>179 :  Average reward  = 9.04 +- 0.52
RESULTS:: 03:12:33: root                               EvaluationManager.py <_prstr>179 :  Average success = 82.50 +- 2.36
RESULTS:: 03:12:33: root                               EvaluationManager.py <_prstr>179 :  Average turns   = 7.46 +- 0.17
RESULTS:: 03:12:33: root                                   pydial.py <train_command>791 :  List of domains: Laptops11
RESULTS:: 03:12:33: root                                      pydial.py <trainBatch>409 :  *** Training Iteration env1-hdc-LAP-nature_0.2_0.2-seed0-00.1->env1-hdc-LAP-nature_0.2_0.2-seed0-00.2: iter=1, error-rate=0, num-dialogs=1000 ***
RESULTS:: 03:18:05: root                               EvaluationManager.py <_prstr>179 :  Results for domain: Laptops11 --evaluated by: objective success evaluator
RESULTS:: 03:18:05: root                               EvaluationManager.py <_prstr>179 :  # of dialogues  = 1000
RESULTS:: 03:18:05: root                               EvaluationManager.py <_prstr>179 :  Average reward  = 8.76 +- 0.50
RESULTS:: 03:18:05: root                               EvaluationManager.py <_prstr>179 :  Average success = 86.60 +- 2.11
RESULTS:: 03:18:05: root                               EvaluationManager.py <_prstr>179 :  Average turns   = 8.56 +- 0.22
RESULTS:: 03:18:05: root                                   pydial.py <setEvalConfig>470 :  *** Evaluating env1-hdc-LAP-nature_0.2_0.2-seed0-00.2: error-rate=0 num-dialogs=1000 ***
RESULTS:: 03:21:57: root                               EvaluationManager.py <_prstr>179 :  Results for domain: Laptops11 --evaluated by: objective success evaluator
RESULTS:: 03:21:57: root                               EvaluationManager.py <_prstr>179 :  # of dialogues  = 1000
RESULTS:: 03:21:57: root                               EvaluationManager.py <_prstr>179 :  Average reward  = 6.11 +- 0.62
RESULTS:: 03:21:57: root                               EvaluationManager.py <_prstr>179 :  Average success = 65.30 +- 2.95
RESULTS:: 03:21:57: root                               EvaluationManager.py <_prstr>179 :  Average turns   = 6.95 +- 0.13
RESULTS:: 03:21:57: root                                   pydial.py <train_command>791 :  List of domains: Laptops11
RESULTS:: 03:21:57: root                                      pydial.py <trainBatch>409 :  *** Training Iteration env1-hdc-LAP-nature_0.2_0.2-seed0-00.2->env1-hdc-LAP-nature_0.2_0.2-seed0-00.3: iter=2, error-rate=0, num-dialogs=1000 ***
RESULTS:: 03:27:36: root                               EvaluationManager.py <_prstr>179 :  Results for domain: Laptops11 --evaluated by: objective success evaluator
RESULTS:: 03:27:36: root                               EvaluationManager.py <_prstr>179 :  # of dialogues  = 1000
RESULTS:: 03:27:36: root                               EvaluationManager.py <_prstr>179 :  Average reward  = 9.00 +- 0.50
RESULTS:: 03:27:36: root                               EvaluationManager.py <_prstr>179 :  Average success = 88.80 +- 1.96
RESULTS:: 03:27:36: root                               EvaluationManager.py <_prstr>179 :  Average turns   = 8.76 +- 0.24
RESULTS:: 03:27:36: root                                   pydial.py <setEvalConfig>470 :  *** Evaluating env1-hdc-LAP-nature_0.2_0.2-seed0-00.3: error-rate=0 num-dialogs=1000 ***
RESULTS:: 03:31:39: root                               EvaluationManager.py <_prstr>179 :  Results for domain: Laptops11 --evaluated by: objective success evaluator
RESULTS:: 03:31:39: root                               EvaluationManager.py <_prstr>179 :  # of dialogues  = 1000
RESULTS:: 03:31:39: root                               EvaluationManager.py <_prstr>179 :  Average reward  = 10.92 +- 0.41
RESULTS:: 03:31:39: root                               EvaluationManager.py <_prstr>179 :  Average success = 90.80 +- 1.79
RESULTS:: 03:31:39: root                               EvaluationManager.py <_prstr>179 :  Average turns   = 7.24 +- 0.16
RESULTS:: 03:31:39: root                                   pydial.py <train_command>791 :  List of domains: Laptops11
RESULTS:: 03:31:39: root                                      pydial.py <trainBatch>409 :  *** Training Iteration env1-hdc-LAP-nature_0.2_0.2-seed0-00.3->env1-hdc-LAP-nature_0.2_0.2-seed0-00.4: iter=3, error-rate=0, num-dialogs=1000 ***
RESULTS:: 03:37:18: root                               EvaluationManager.py <_prstr>179 :  Results for domain: Laptops11 --evaluated by: objective success evaluator
RESULTS:: 03:37:18: root                               EvaluationManager.py <_prstr>179 :  # of dialogues  = 1000
RESULTS:: 03:37:18: root                               EvaluationManager.py <_prstr>179 :  Average reward  = 8.82 +- 0.51
RESULTS:: 03:37:18: root                               EvaluationManager.py <_prstr>179 :  Average success = 87.90 +- 2.02
RESULTS:: 03:37:18: root                               EvaluationManager.py <_prstr>179 :  Average turns   = 8.76 +- 0.25
RESULTS:: 03:37:18: root                                   pydial.py <setEvalConfig>470 :  *** Evaluating env1-hdc-LAP-nature_0.2_0.2-seed0-00.4: error-rate=0 num-dialogs=1000 ***
RESULTS:: 03:41:33: root                               EvaluationManager.py <_prstr>179 :  Results for domain: Laptops11 --evaluated by: objective success evaluator
RESULTS:: 03:41:33: root                               EvaluationManager.py <_prstr>179 :  # of dialogues  = 1000
RESULTS:: 03:41:33: root                               EvaluationManager.py <_prstr>179 :  Average reward  = 8.62 +- 0.55
RESULTS:: 03:41:33: root                               EvaluationManager.py <_prstr>179 :  Average success = 80.50 +- 2.46
RESULTS:: 03:41:33: root                               EvaluationManager.py <_prstr>179 :  Average turns   = 7.48 +- 0.18
RESULTS:: 03:41:33: root                                   pydial.py <train_command>791 :  List of domains: Laptops11
RESULTS:: 03:41:33: root                                      pydial.py <trainBatch>409 :  *** Training Iteration env1-hdc-LAP-nature_0.2_0.2-seed0-00.4->env1-hdc-LAP-nature_0.2_0.2-seed0-00.5: iter=4, error-rate=0, num-dialogs=1000 ***
RESULTS:: 03:47:02: root                               EvaluationManager.py <_prstr>179 :  Results for domain: Laptops11 --evaluated by: objective success evaluator
RESULTS:: 03:47:02: root                               EvaluationManager.py <_prstr>179 :  # of dialogues  = 1000
RESULTS:: 03:47:02: root                               EvaluationManager.py <_prstr>179 :  Average reward  = 8.98 +- 0.50
RESULTS:: 03:47:02: root                               EvaluationManager.py <_prstr>179 :  Average success = 87.80 +- 2.03
RESULTS:: 03:47:02: root                               EvaluationManager.py <_prstr>179 :  Average turns   = 8.58 +- 0.24
RESULTS:: 03:47:02: root                                   pydial.py <setEvalConfig>470 :  *** Evaluating env1-hdc-LAP-nature_0.2_0.2-seed0-00.5: error-rate=0 num-dialogs=1000 ***
RESULTS:: 03:50:56: root                               EvaluationManager.py <_prstr>179 :  Results for domain: Laptops11 --evaluated by: objective success evaluator
RESULTS:: 03:50:56: root                               EvaluationManager.py <_prstr>179 :  # of dialogues  = 1000
RESULTS:: 03:50:56: root                               EvaluationManager.py <_prstr>179 :  Average reward  = 8.56 +- 0.55
RESULTS:: 03:50:56: root                               EvaluationManager.py <_prstr>179 :  Average success = 79.30 +- 2.51
RESULTS:: 03:50:56: root                               EvaluationManager.py <_prstr>179 :  Average turns   = 7.30 +- 0.16
RESULTS:: 03:50:56: root                                   pydial.py <train_command>791 :  List of domains: Laptops11
RESULTS:: 03:50:56: root                                      pydial.py <trainBatch>409 :  *** Training Iteration env1-hdc-LAP-nature_0.2_0.2-seed0-00.5->env1-hdc-LAP-nature_0.2_0.2-seed0-00.6: iter=5, error-rate=0, num-dialogs=1000 ***
RESULTS:: 03:56:16: root                               EvaluationManager.py <_prstr>179 :  Results for domain: Laptops11 --evaluated by: objective success evaluator
RESULTS:: 03:56:16: root                               EvaluationManager.py <_prstr>179 :  # of dialogues  = 1000
RESULTS:: 03:56:16: root                               EvaluationManager.py <_prstr>179 :  Average reward  = 9.34 +- 0.47
RESULTS:: 03:56:16: root                               EvaluationManager.py <_prstr>179 :  Average success = 89.30 +- 1.92
RESULTS:: 03:56:16: root                               EvaluationManager.py <_prstr>179 :  Average turns   = 8.52 +- 0.23
RESULTS:: 03:56:16: root                                   pydial.py <setEvalConfig>470 :  *** Evaluating env1-hdc-LAP-nature_0.2_0.2-seed0-00.6: error-rate=0 num-dialogs=1000 ***
RESULTS:: 04:00:21: root                               EvaluationManager.py <_prstr>179 :  Results for domain: Laptops11 --evaluated by: objective success evaluator
RESULTS:: 04:00:21: root                               EvaluationManager.py <_prstr>179 :  # of dialogues  = 1000
RESULTS:: 04:00:21: root                               EvaluationManager.py <_prstr>179 :  Average reward  = 7.74 +- 0.57
RESULTS:: 04:00:21: root                               EvaluationManager.py <_prstr>179 :  Average success = 76.20 +- 2.64
RESULTS:: 04:00:21: root                               EvaluationManager.py <_prstr>179 :  Average turns   = 7.50 +- 0.18
RESULTS:: 04:00:21: root                                   pydial.py <train_command>791 :  List of domains: Laptops11
RESULTS:: 04:00:21: root                                      pydial.py <trainBatch>409 :  *** Training Iteration env1-hdc-LAP-nature_0.2_0.2-seed0-00.6->env1-hdc-LAP-nature_0.2_0.2-seed0-00.7: iter=6, error-rate=0, num-dialogs=1000 ***
RESULTS:: 04:05:55: root                               EvaluationManager.py <_prstr>179 :  Results for domain: Laptops11 --evaluated by: objective success evaluator
RESULTS:: 04:05:55: root                               EvaluationManager.py <_prstr>179 :  # of dialogues  = 1000
RESULTS:: 04:05:55: root                               EvaluationManager.py <_prstr>179 :  Average reward  = 9.30 +- 0.47
RESULTS:: 04:05:55: root                               EvaluationManager.py <_prstr>179 :  Average success = 90.00 +- 1.86
RESULTS:: 04:05:55: root                               EvaluationManager.py <_prstr>179 :  Average turns   = 8.70 +- 0.23
RESULTS:: 04:05:55: root                                   pydial.py <setEvalConfig>470 :  *** Evaluating env1-hdc-LAP-nature_0.2_0.2-seed0-00.7: error-rate=0 num-dialogs=1000 ***
RESULTS:: 04:09:53: root                               EvaluationManager.py <_prstr>179 :  Results for domain: Laptops11 --evaluated by: objective success evaluator
RESULTS:: 04:09:53: root                               EvaluationManager.py <_prstr>179 :  # of dialogues  = 1000
RESULTS:: 04:09:53: root                               EvaluationManager.py <_prstr>179 :  Average reward  = 8.84 +- 0.55
RESULTS:: 04:09:53: root                               EvaluationManager.py <_prstr>179 :  Average success = 80.20 +- 2.47
RESULTS:: 04:09:53: root                               EvaluationManager.py <_prstr>179 :  Average turns   = 7.20 +- 0.15
RESULTS:: 04:09:53: root                                   pydial.py <train_command>791 :  List of domains: Laptops11
RESULTS:: 04:09:53: root                                      pydial.py <trainBatch>409 :  *** Training Iteration env1-hdc-LAP-nature_0.2_0.2-seed0-00.7->env1-hdc-LAP-nature_0.2_0.2-seed0-00.8: iter=7, error-rate=0, num-dialogs=1000 ***
RESULTS:: 04:15:25: root                               EvaluationManager.py <_prstr>179 :  Results for domain: Laptops11 --evaluated by: objective success evaluator
RESULTS:: 04:15:25: root                               EvaluationManager.py <_prstr>179 :  # of dialogues  = 1000
RESULTS:: 04:15:25: root                               EvaluationManager.py <_prstr>179 :  Average reward  = 8.94 +- 0.50
RESULTS:: 04:15:25: root                               EvaluationManager.py <_prstr>179 :  Average success = 88.60 +- 1.97
RESULTS:: 04:15:25: root                               EvaluationManager.py <_prstr>179 :  Average turns   = 8.78 +- 0.25
RESULTS:: 04:15:25: root                                   pydial.py <setEvalConfig>470 :  *** Evaluating env1-hdc-LAP-nature_0.2_0.2-seed0-00.8: error-rate=0 num-dialogs=1000 ***
RESULTS:: 04:19:23: root                               EvaluationManager.py <_prstr>179 :  Results for domain: Laptops11 --evaluated by: objective success evaluator
RESULTS:: 04:19:23: root                               EvaluationManager.py <_prstr>179 :  # of dialogues  = 1000
RESULTS:: 04:19:23: root                               EvaluationManager.py <_prstr>179 :  Average reward  = 8.93 +- 0.53
RESULTS:: 04:19:23: root                               EvaluationManager.py <_prstr>179 :  Average success = 80.90 +- 2.44
RESULTS:: 04:19:23: root                               EvaluationManager.py <_prstr>179 :  Average turns   = 7.25 +- 0.15
RESULTS:: 04:19:23: root                                   pydial.py <train_command>791 :  List of domains: Laptops11
RESULTS:: 04:19:23: root                                      pydial.py <trainBatch>409 :  *** Training Iteration env1-hdc-LAP-nature_0.2_0.2-seed0-00.8->env1-hdc-LAP-nature_0.2_0.2-seed0-00.9: iter=8, error-rate=0, num-dialogs=1000 ***
RESULTS:: 04:24:49: root                               EvaluationManager.py <_prstr>179 :  Results for domain: Laptops11 --evaluated by: objective success evaluator
RESULTS:: 04:24:49: root                               EvaluationManager.py <_prstr>179 :  # of dialogues  = 1000
RESULTS:: 04:24:49: root                               EvaluationManager.py <_prstr>179 :  Average reward  = 9.22 +- 0.49
RESULTS:: 04:24:49: root                               EvaluationManager.py <_prstr>179 :  Average success = 88.70 +- 1.96
RESULTS:: 04:24:49: root                               EvaluationManager.py <_prstr>179 :  Average turns   = 8.52 +- 0.24
RESULTS:: 04:24:49: root                                   pydial.py <setEvalConfig>470 :  *** Evaluating env1-hdc-LAP-nature_0.2_0.2-seed0-00.9: error-rate=0 num-dialogs=1000 ***
RESULTS:: 04:28:41: root                               EvaluationManager.py <_prstr>179 :  Results for domain: Laptops11 --evaluated by: objective success evaluator
RESULTS:: 04:28:41: root                               EvaluationManager.py <_prstr>179 :  # of dialogues  = 1000
RESULTS:: 04:28:41: root                               EvaluationManager.py <_prstr>179 :  Average reward  = 8.19 +- 0.56
RESULTS:: 04:28:41: root                               EvaluationManager.py <_prstr>179 :  Average success = 76.10 +- 2.65
RESULTS:: 04:28:41: root                               EvaluationManager.py <_prstr>179 :  Average turns   = 7.03 +- 0.14
RESULTS:: 04:28:41: root                                   pydial.py <train_command>791 :  List of domains: Laptops11
RESULTS:: 04:28:41: root                                      pydial.py <trainBatch>409 :  *** Training Iteration env1-hdc-LAP-nature_0.2_0.2-seed0-00.9->env1-hdc-LAP-nature_0.2_0.2-seed0-00.10: iter=9, error-rate=0, num-dialogs=1000 ***
RESULTS:: 04:34:06: root                               EvaluationManager.py <_prstr>179 :  Results for domain: Laptops11 --evaluated by: objective success evaluator
RESULTS:: 04:34:06: root                               EvaluationManager.py <_prstr>179 :  # of dialogues  = 1000
RESULTS:: 04:34:06: root                               EvaluationManager.py <_prstr>179 :  Average reward  = 8.38 +- 0.55
RESULTS:: 04:34:06: root                               EvaluationManager.py <_prstr>179 :  Average success = 85.20 +- 2.20
RESULTS:: 04:34:06: root                               EvaluationManager.py <_prstr>179 :  Average turns   = 8.66 +- 0.24
RESULTS:: 04:34:06: root                                   pydial.py <setEvalConfig>470 :  *** Evaluating env1-hdc-LAP-nature_0.2_0.2-seed0-00.10: error-rate=0 num-dialogs=1000 ***
RESULTS:: 04:37:57: root                               EvaluationManager.py <_prstr>179 :  Results for domain: Laptops11 --evaluated by: objective success evaluator
RESULTS:: 04:37:57: root                               EvaluationManager.py <_prstr>179 :  # of dialogues  = 1000
RESULTS:: 04:37:57: root                               EvaluationManager.py <_prstr>179 :  Average reward  = 6.86 +- 0.62
RESULTS:: 04:37:57: root                               EvaluationManager.py <_prstr>179 :  Average success = 69.40 +- 2.86
RESULTS:: 04:37:57: root                               EvaluationManager.py <_prstr>179 :  Average turns   = 7.02 +- 0.15
RESULTS:: 04:37:57: root                                   pydial.py <train_command>807 :  *** Training complete. log: env1-hdc-LAP-nature_0.2_0.2-seed0-00.1-10.train.log - final policy is env1-hdc-LAP-nature_0.2_0.2-00-10
