RESULTS:: 06:11:58: root                                   pydial.py <train_command>791 :  List of domains: Laptops11
RESULTS:: 06:11:58: root                                      pydial.py <trainBatch>409 :  *** Training Iteration env1-hdc-LAP-nature_0.2_0.2-seed2-00.0->env1-hdc-LAP-nature_0.2_0.2-seed2-00.1: iter=0, error-rate=0, num-dialogs=1000 ***
RESULTS:: 06:17:41: root                               EvaluationManager.py <_prstr>179 :  Results for domain: Laptops11 --evaluated by: objective success evaluator
RESULTS:: 06:17:41: root                               EvaluationManager.py <_prstr>179 :  # of dialogues  = 1000
RESULTS:: 06:17:41: root                               EvaluationManager.py <_prstr>179 :  Average reward  = 3.96 +- 0.73
RESULTS:: 06:17:41: root                               EvaluationManager.py <_prstr>179 :  Average success = 67.80 +- 2.90
RESULTS:: 06:17:41: root                               EvaluationManager.py <_prstr>179 :  Average turns   = 9.60 +- 0.29
RESULTS:: 06:17:41: root                                   pydial.py <setEvalConfig>470 :  *** Evaluating env1-hdc-LAP-nature_0.2_0.2-seed2-00.1: error-rate=0 num-dialogs=1000 ***
RESULTS:: 06:21:49: root                               EvaluationManager.py <_prstr>179 :  Results for domain: Laptops11 --evaluated by: objective success evaluator
RESULTS:: 06:21:49: root                               EvaluationManager.py <_prstr>179 :  # of dialogues  = 1000
RESULTS:: 06:21:49: root                               EvaluationManager.py <_prstr>179 :  Average reward  = 8.86 +- 0.53
RESULTS:: 06:21:49: root                               EvaluationManager.py <_prstr>179 :  Average success = 81.90 +- 2.39
RESULTS:: 06:21:49: root                               EvaluationManager.py <_prstr>179 :  Average turns   = 7.52 +- 0.18
RESULTS:: 06:21:49: root                                   pydial.py <train_command>791 :  List of domains: Laptops11
RESULTS:: 06:21:49: root                                      pydial.py <trainBatch>409 :  *** Training Iteration env1-hdc-LAP-nature_0.2_0.2-seed2-00.1->env1-hdc-LAP-nature_0.2_0.2-seed2-00.2: iter=1, error-rate=0, num-dialogs=1000 ***
RESULTS:: 06:27:18: root                               EvaluationManager.py <_prstr>179 :  Results for domain: Laptops11 --evaluated by: objective success evaluator
RESULTS:: 06:27:18: root                               EvaluationManager.py <_prstr>179 :  # of dialogues  = 1000
RESULTS:: 06:27:18: root                               EvaluationManager.py <_prstr>179 :  Average reward  = 9.56 +- 0.45
RESULTS:: 06:27:18: root                               EvaluationManager.py <_prstr>179 :  Average success = 90.90 +- 1.78
RESULTS:: 06:27:18: root                               EvaluationManager.py <_prstr>179 :  Average turns   = 8.62 +- 0.24
RESULTS:: 06:27:18: root                                   pydial.py <setEvalConfig>470 :  *** Evaluating env1-hdc-LAP-nature_0.2_0.2-seed2-00.2: error-rate=0 num-dialogs=1000 ***
RESULTS:: 06:31:18: root                               EvaluationManager.py <_prstr>179 :  Results for domain: Laptops11 --evaluated by: objective success evaluator
RESULTS:: 06:31:18: root                               EvaluationManager.py <_prstr>179 :  # of dialogues  = 1000
RESULTS:: 06:31:18: root                               EvaluationManager.py <_prstr>179 :  Average reward  = 8.38 +- 0.58
RESULTS:: 06:31:18: root                               EvaluationManager.py <_prstr>179 :  Average success = 77.60 +- 2.59
RESULTS:: 06:31:18: root                               EvaluationManager.py <_prstr>179 :  Average turns   = 7.14 +- 0.17
RESULTS:: 06:31:18: root                                   pydial.py <train_command>791 :  List of domains: Laptops11
RESULTS:: 06:31:18: root                                      pydial.py <trainBatch>409 :  *** Training Iteration env1-hdc-LAP-nature_0.2_0.2-seed2-00.2->env1-hdc-LAP-nature_0.2_0.2-seed2-00.3: iter=2, error-rate=0, num-dialogs=1000 ***
RESULTS:: 06:36:49: root                               EvaluationManager.py <_prstr>179 :  Results for domain: Laptops11 --evaluated by: objective success evaluator
RESULTS:: 06:36:49: root                               EvaluationManager.py <_prstr>179 :  # of dialogues  = 1000
RESULTS:: 06:36:49: root                               EvaluationManager.py <_prstr>179 :  Average reward  = 9.23 +- 0.45
RESULTS:: 06:36:49: root                               EvaluationManager.py <_prstr>179 :  Average success = 90.20 +- 1.84
RESULTS:: 06:36:49: root                               EvaluationManager.py <_prstr>179 :  Average turns   = 8.81 +- 0.23
RESULTS:: 06:36:49: root                                   pydial.py <setEvalConfig>470 :  *** Evaluating env1-hdc-LAP-nature_0.2_0.2-seed2-00.3: error-rate=0 num-dialogs=1000 ***
RESULTS:: 06:40:38: root                               EvaluationManager.py <_prstr>179 :  Results for domain: Laptops11 --evaluated by: objective success evaluator
RESULTS:: 06:40:38: root                               EvaluationManager.py <_prstr>179 :  # of dialogues  = 1000
RESULTS:: 06:40:38: root                               EvaluationManager.py <_prstr>179 :  Average reward  = 9.05 +- 0.52
RESULTS:: 06:40:38: root                               EvaluationManager.py <_prstr>179 :  Average success = 81.30 +- 2.42
RESULTS:: 06:40:38: root                               EvaluationManager.py <_prstr>179 :  Average turns   = 7.21 +- 0.14
RESULTS:: 06:40:38: root                                   pydial.py <train_command>791 :  List of domains: Laptops11
RESULTS:: 06:40:38: root                                      pydial.py <trainBatch>409 :  *** Training Iteration env1-hdc-LAP-nature_0.2_0.2-seed2-00.3->env1-hdc-LAP-nature_0.2_0.2-seed2-00.4: iter=3, error-rate=0, num-dialogs=1000 ***
RESULTS:: 06:46:02: root                               EvaluationManager.py <_prstr>179 :  Results for domain: Laptops11 --evaluated by: objective success evaluator
RESULTS:: 06:46:02: root                               EvaluationManager.py <_prstr>179 :  # of dialogues  = 1000
RESULTS:: 06:46:02: root                               EvaluationManager.py <_prstr>179 :  Average reward  = 8.52 +- 0.51
RESULTS:: 06:46:02: root                               EvaluationManager.py <_prstr>179 :  Average success = 86.30 +- 2.13
RESULTS:: 06:46:02: root                               EvaluationManager.py <_prstr>179 :  Average turns   = 8.74 +- 0.24
RESULTS:: 06:46:02: root                                   pydial.py <setEvalConfig>470 :  *** Evaluating env1-hdc-LAP-nature_0.2_0.2-seed2-00.4: error-rate=0 num-dialogs=1000 ***
RESULTS:: 06:49:42: root                               EvaluationManager.py <_prstr>179 :  Results for domain: Laptops11 --evaluated by: objective success evaluator
RESULTS:: 06:49:42: root                               EvaluationManager.py <_prstr>179 :  # of dialogues  = 1000
RESULTS:: 06:49:42: root                               EvaluationManager.py <_prstr>179 :  Average reward  = 6.38 +- 0.61
RESULTS:: 06:49:42: root                               EvaluationManager.py <_prstr>179 :  Average success = 65.50 +- 2.95
RESULTS:: 06:49:42: root                               EvaluationManager.py <_prstr>179 :  Average turns   = 6.72 +- 0.12
RESULTS:: 06:49:42: root                                   pydial.py <train_command>791 :  List of domains: Laptops11
RESULTS:: 06:49:42: root                                      pydial.py <trainBatch>409 :  *** Training Iteration env1-hdc-LAP-nature_0.2_0.2-seed2-00.4->env1-hdc-LAP-nature_0.2_0.2-seed2-00.5: iter=4, error-rate=0, num-dialogs=1000 ***
RESULTS:: 06:55:14: root                               EvaluationManager.py <_prstr>179 :  Results for domain: Laptops11 --evaluated by: objective success evaluator
RESULTS:: 06:55:14: root                               EvaluationManager.py <_prstr>179 :  # of dialogues  = 1000
RESULTS:: 06:55:14: root                               EvaluationManager.py <_prstr>179 :  Average reward  = 8.58 +- 0.52
RESULTS:: 06:55:14: root                               EvaluationManager.py <_prstr>179 :  Average success = 87.80 +- 2.03
RESULTS:: 06:55:14: root                               EvaluationManager.py <_prstr>179 :  Average turns   = 8.98 +- 0.26
RESULTS:: 06:55:14: root                                   pydial.py <setEvalConfig>470 :  *** Evaluating env1-hdc-LAP-nature_0.2_0.2-seed2-00.5: error-rate=0 num-dialogs=1000 ***
RESULTS:: 06:58:47: root                               EvaluationManager.py <_prstr>179 :  Results for domain: Laptops11 --evaluated by: objective success evaluator
RESULTS:: 06:58:47: root                               EvaluationManager.py <_prstr>179 :  # of dialogues  = 1000
RESULTS:: 06:58:47: root                               EvaluationManager.py <_prstr>179 :  Average reward  = 4.70 +- 0.64
RESULTS:: 06:58:47: root                               EvaluationManager.py <_prstr>179 :  Average success = 55.90 +- 3.08
RESULTS:: 06:58:47: root                               EvaluationManager.py <_prstr>179 :  Average turns   = 6.48 +- 0.11
RESULTS:: 06:58:47: root                                   pydial.py <train_command>791 :  List of domains: Laptops11
RESULTS:: 06:58:47: root                                      pydial.py <trainBatch>409 :  *** Training Iteration env1-hdc-LAP-nature_0.2_0.2-seed2-00.5->env1-hdc-LAP-nature_0.2_0.2-seed2-00.6: iter=5, error-rate=0, num-dialogs=1000 ***
RESULTS:: 07:04:28: root                               EvaluationManager.py <_prstr>179 :  Results for domain: Laptops11 --evaluated by: objective success evaluator
RESULTS:: 07:04:28: root                               EvaluationManager.py <_prstr>179 :  # of dialogues  = 1000
RESULTS:: 07:04:28: root                               EvaluationManager.py <_prstr>179 :  Average reward  = 8.24 +- 0.53
RESULTS:: 07:04:28: root                               EvaluationManager.py <_prstr>179 :  Average success = 86.60 +- 2.11
RESULTS:: 07:04:28: root                               EvaluationManager.py <_prstr>179 :  Average turns   = 9.08 +- 0.26
RESULTS:: 07:04:28: root                                   pydial.py <setEvalConfig>470 :  *** Evaluating env1-hdc-LAP-nature_0.2_0.2-seed2-00.6: error-rate=0 num-dialogs=1000 ***
RESULTS:: 07:08:27: root                               EvaluationManager.py <_prstr>179 :  Results for domain: Laptops11 --evaluated by: objective success evaluator
RESULTS:: 07:08:27: root                               EvaluationManager.py <_prstr>179 :  # of dialogues  = 1000
RESULTS:: 07:08:27: root                               EvaluationManager.py <_prstr>179 :  Average reward  = 8.52 +- 0.56
RESULTS:: 07:08:27: root                               EvaluationManager.py <_prstr>179 :  Average success = 78.70 +- 2.54
RESULTS:: 07:08:27: root                               EvaluationManager.py <_prstr>179 :  Average turns   = 7.22 +- 0.15
RESULTS:: 07:08:27: root                                   pydial.py <train_command>791 :  List of domains: Laptops11
RESULTS:: 07:08:27: root                                      pydial.py <trainBatch>409 :  *** Training Iteration env1-hdc-LAP-nature_0.2_0.2-seed2-00.6->env1-hdc-LAP-nature_0.2_0.2-seed2-00.7: iter=6, error-rate=0, num-dialogs=1000 ***
RESULTS:: 07:14:03: root                               EvaluationManager.py <_prstr>179 :  Results for domain: Laptops11 --evaluated by: objective success evaluator
RESULTS:: 07:14:03: root                               EvaluationManager.py <_prstr>179 :  # of dialogues  = 1000
RESULTS:: 07:14:03: root                               EvaluationManager.py <_prstr>179 :  Average reward  = 8.15 +- 0.55
RESULTS:: 07:14:03: root                               EvaluationManager.py <_prstr>179 :  Average success = 85.60 +- 2.18
RESULTS:: 07:14:03: root                               EvaluationManager.py <_prstr>179 :  Average turns   = 8.97 +- 0.26
RESULTS:: 07:14:03: root                                   pydial.py <setEvalConfig>470 :  *** Evaluating env1-hdc-LAP-nature_0.2_0.2-seed2-00.7: error-rate=0 num-dialogs=1000 ***
RESULTS:: 07:17:56: root                               EvaluationManager.py <_prstr>179 :  Results for domain: Laptops11 --evaluated by: objective success evaluator
RESULTS:: 07:17:56: root                               EvaluationManager.py <_prstr>179 :  # of dialogues  = 1000
RESULTS:: 07:17:56: root                               EvaluationManager.py <_prstr>179 :  Average reward  = 8.80 +- 0.55
RESULTS:: 07:17:56: root                               EvaluationManager.py <_prstr>179 :  Average success = 79.60 +- 2.50
RESULTS:: 07:17:56: root                               EvaluationManager.py <_prstr>179 :  Average turns   = 7.12 +- 0.15
RESULTS:: 07:17:56: root                                   pydial.py <train_command>791 :  List of domains: Laptops11
RESULTS:: 07:17:56: root                                      pydial.py <trainBatch>409 :  *** Training Iteration env1-hdc-LAP-nature_0.2_0.2-seed2-00.7->env1-hdc-LAP-nature_0.2_0.2-seed2-00.8: iter=7, error-rate=0, num-dialogs=1000 ***
RESULTS:: 07:23:29: root                               EvaluationManager.py <_prstr>179 :  Results for domain: Laptops11 --evaluated by: objective success evaluator
RESULTS:: 07:23:29: root                               EvaluationManager.py <_prstr>179 :  # of dialogues  = 1000
RESULTS:: 07:23:29: root                               EvaluationManager.py <_prstr>179 :  Average reward  = 9.31 +- 0.49
RESULTS:: 07:23:29: root                               EvaluationManager.py <_prstr>179 :  Average success = 90.60 +- 1.81
RESULTS:: 07:23:29: root                               EvaluationManager.py <_prstr>179 :  Average turns   = 8.81 +- 0.25
RESULTS:: 07:23:29: root                                   pydial.py <setEvalConfig>470 :  *** Evaluating env1-hdc-LAP-nature_0.2_0.2-seed2-00.8: error-rate=0 num-dialogs=1000 ***
RESULTS:: 07:27:19: root                               EvaluationManager.py <_prstr>179 :  Results for domain: Laptops11 --evaluated by: objective success evaluator
RESULTS:: 07:27:19: root                               EvaluationManager.py <_prstr>179 :  # of dialogues  = 1000
RESULTS:: 07:27:19: root                               EvaluationManager.py <_prstr>179 :  Average reward  = 8.84 +- 0.54
RESULTS:: 07:27:19: root                               EvaluationManager.py <_prstr>179 :  Average success = 79.60 +- 2.50
RESULTS:: 07:27:19: root                               EvaluationManager.py <_prstr>179 :  Average turns   = 7.08 +- 0.14
RESULTS:: 07:27:19: root                                   pydial.py <train_command>791 :  List of domains: Laptops11
RESULTS:: 07:27:19: root                                      pydial.py <trainBatch>409 :  *** Training Iteration env1-hdc-LAP-nature_0.2_0.2-seed2-00.8->env1-hdc-LAP-nature_0.2_0.2-seed2-00.9: iter=8, error-rate=0, num-dialogs=1000 ***
RESULTS:: 07:32:41: root                               EvaluationManager.py <_prstr>179 :  Results for domain: Laptops11 --evaluated by: objective success evaluator
RESULTS:: 07:32:41: root                               EvaluationManager.py <_prstr>179 :  # of dialogues  = 1000
RESULTS:: 07:32:41: root                               EvaluationManager.py <_prstr>179 :  Average reward  = 9.12 +- 0.49
RESULTS:: 07:32:41: root                               EvaluationManager.py <_prstr>179 :  Average success = 88.00 +- 2.02
RESULTS:: 07:32:41: root                               EvaluationManager.py <_prstr>179 :  Average turns   = 8.48 +- 0.23
RESULTS:: 07:32:41: root                                   pydial.py <setEvalConfig>470 :  *** Evaluating env1-hdc-LAP-nature_0.2_0.2-seed2-00.9: error-rate=0 num-dialogs=1000 ***
RESULTS:: 07:36:40: root                               EvaluationManager.py <_prstr>179 :  Results for domain: Laptops11 --evaluated by: objective success evaluator
RESULTS:: 07:36:40: root                               EvaluationManager.py <_prstr>179 :  # of dialogues  = 1000
RESULTS:: 07:36:40: root                               EvaluationManager.py <_prstr>179 :  Average reward  = 9.99 +- 0.47
RESULTS:: 07:36:40: root                               EvaluationManager.py <_prstr>179 :  Average success = 86.50 +- 2.12
RESULTS:: 07:36:40: root                               EvaluationManager.py <_prstr>179 :  Average turns   = 7.31 +- 0.16
RESULTS:: 07:36:40: root                                   pydial.py <train_command>791 :  List of domains: Laptops11
RESULTS:: 07:36:40: root                                      pydial.py <trainBatch>409 :  *** Training Iteration env1-hdc-LAP-nature_0.2_0.2-seed2-00.9->env1-hdc-LAP-nature_0.2_0.2-seed2-00.10: iter=9, error-rate=0, num-dialogs=1000 ***
RESULTS:: 07:42:03: root                               EvaluationManager.py <_prstr>179 :  Results for domain: Laptops11 --evaluated by: objective success evaluator
RESULTS:: 07:42:03: root                               EvaluationManager.py <_prstr>179 :  # of dialogues  = 1000
RESULTS:: 07:42:03: root                               EvaluationManager.py <_prstr>179 :  Average reward  = 8.95 +- 0.49
RESULTS:: 07:42:03: root                               EvaluationManager.py <_prstr>179 :  Average success = 87.50 +- 2.05
RESULTS:: 07:42:03: root                               EvaluationManager.py <_prstr>179 :  Average turns   = 8.55 +- 0.23
RESULTS:: 07:42:03: root                                   pydial.py <setEvalConfig>470 :  *** Evaluating env1-hdc-LAP-nature_0.2_0.2-seed2-00.10: error-rate=0 num-dialogs=1000 ***
RESULTS:: 07:45:46: root                               EvaluationManager.py <_prstr>179 :  Results for domain: Laptops11 --evaluated by: objective success evaluator
RESULTS:: 07:45:46: root                               EvaluationManager.py <_prstr>179 :  # of dialogues  = 1000
RESULTS:: 07:45:46: root                               EvaluationManager.py <_prstr>179 :  Average reward  = 7.52 +- 0.59
RESULTS:: 07:45:46: root                               EvaluationManager.py <_prstr>179 :  Average success = 72.00 +- 2.79
RESULTS:: 07:45:46: root                               EvaluationManager.py <_prstr>179 :  Average turns   = 6.88 +- 0.14
RESULTS:: 07:45:46: root                                   pydial.py <train_command>807 :  *** Training complete. log: env1-hdc-LAP-nature_0.2_0.2-seed2-00.1-10.train.log - final policy is env1-hdc-LAP-nature_0.2_0.2-00-10
