RESULTS:: 09:19:03: root                                   pydial.py <train_command>791 :  List of domains: Laptops11
RESULTS:: 09:19:03: root                                      pydial.py <trainBatch>409 :  *** Training Iteration env1-hdc-LAP-nature_0.2_0.2-seed4-00.0->env1-hdc-LAP-nature_0.2_0.2-seed4-00.1: iter=0, error-rate=0, num-dialogs=1000 ***
RESULTS:: 09:24:52: root                               EvaluationManager.py <_prstr>179 :  Results for domain: Laptops11 --evaluated by: objective success evaluator
RESULTS:: 09:24:52: root                               EvaluationManager.py <_prstr>179 :  # of dialogues  = 1000
RESULTS:: 09:24:52: root                               EvaluationManager.py <_prstr>179 :  Average reward  = 3.15 +- 0.79
RESULTS:: 09:24:52: root                               EvaluationManager.py <_prstr>179 :  Average success = 65.30 +- 2.95
RESULTS:: 09:24:52: root                               EvaluationManager.py <_prstr>179 :  Average turns   = 9.91 +- 0.34
RESULTS:: 09:24:52: root                                   pydial.py <setEvalConfig>470 :  *** Evaluating env1-hdc-LAP-nature_0.2_0.2-seed4-00.1: error-rate=0 num-dialogs=1000 ***
RESULTS:: 09:28:36: root                               EvaluationManager.py <_prstr>179 :  Results for domain: Laptops11 --evaluated by: objective success evaluator
RESULTS:: 09:28:36: root                               EvaluationManager.py <_prstr>179 :  # of dialogues  = 1000
RESULTS:: 09:28:36: root                               EvaluationManager.py <_prstr>179 :  Average reward  = 9.04 +- 0.53
RESULTS:: 09:28:36: root                               EvaluationManager.py <_prstr>179 :  Average success = 80.20 +- 2.47
RESULTS:: 09:28:36: root                               EvaluationManager.py <_prstr>179 :  Average turns   = 7.00 +- 0.14
RESULTS:: 09:28:36: root                                   pydial.py <train_command>791 :  List of domains: Laptops11
RESULTS:: 09:28:36: root                                      pydial.py <trainBatch>409 :  *** Training Iteration env1-hdc-LAP-nature_0.2_0.2-seed4-00.1->env1-hdc-LAP-nature_0.2_0.2-seed4-00.2: iter=1, error-rate=0, num-dialogs=1000 ***
RESULTS:: 09:34:09: root                               EvaluationManager.py <_prstr>179 :  Results for domain: Laptops11 --evaluated by: objective success evaluator
RESULTS:: 09:34:09: root                               EvaluationManager.py <_prstr>179 :  # of dialogues  = 1000
RESULTS:: 09:34:09: root                               EvaluationManager.py <_prstr>179 :  Average reward  = 8.10 +- 0.54
RESULTS:: 09:34:09: root                               EvaluationManager.py <_prstr>179 :  Average success = 85.00 +- 2.22
RESULTS:: 09:34:09: root                               EvaluationManager.py <_prstr>179 :  Average turns   = 8.90 +- 0.26
RESULTS:: 09:34:09: root                                   pydial.py <setEvalConfig>470 :  *** Evaluating env1-hdc-LAP-nature_0.2_0.2-seed4-00.2: error-rate=0 num-dialogs=1000 ***
RESULTS:: 09:38:21: root                               EvaluationManager.py <_prstr>179 :  Results for domain: Laptops11 --evaluated by: objective success evaluator
RESULTS:: 09:38:21: root                               EvaluationManager.py <_prstr>179 :  # of dialogues  = 1000
RESULTS:: 09:38:21: root                               EvaluationManager.py <_prstr>179 :  Average reward  = 8.68 +- 0.55
RESULTS:: 09:38:21: root                               EvaluationManager.py <_prstr>179 :  Average success = 81.90 +- 2.39
RESULTS:: 09:38:21: root                               EvaluationManager.py <_prstr>179 :  Average turns   = 7.70 +- 0.21
RESULTS:: 09:38:21: root                                   pydial.py <train_command>791 :  List of domains: Laptops11
RESULTS:: 09:38:21: root                                      pydial.py <trainBatch>409 :  *** Training Iteration env1-hdc-LAP-nature_0.2_0.2-seed4-00.2->env1-hdc-LAP-nature_0.2_0.2-seed4-00.3: iter=2, error-rate=0, num-dialogs=1000 ***
RESULTS:: 09:43:54: root                               EvaluationManager.py <_prstr>179 :  Results for domain: Laptops11 --evaluated by: objective success evaluator
RESULTS:: 09:43:54: root                               EvaluationManager.py <_prstr>179 :  # of dialogues  = 1000
RESULTS:: 09:43:54: root                               EvaluationManager.py <_prstr>179 :  Average reward  = 9.21 +- 0.48
RESULTS:: 09:43:54: root                               EvaluationManager.py <_prstr>179 :  Average success = 89.90 +- 1.87
RESULTS:: 09:43:54: root                               EvaluationManager.py <_prstr>179 :  Average turns   = 8.77 +- 0.25
RESULTS:: 09:43:54: root                                   pydial.py <setEvalConfig>470 :  *** Evaluating env1-hdc-LAP-nature_0.2_0.2-seed4-00.3: error-rate=0 num-dialogs=1000 ***
RESULTS:: 09:47:56: root                               EvaluationManager.py <_prstr>179 :  Results for domain: Laptops11 --evaluated by: objective success evaluator
RESULTS:: 09:47:56: root                               EvaluationManager.py <_prstr>179 :  # of dialogues  = 1000
RESULTS:: 09:47:56: root                               EvaluationManager.py <_prstr>179 :  Average reward  = 9.11 +- 0.52
RESULTS:: 09:47:56: root                               EvaluationManager.py <_prstr>179 :  Average success = 81.90 +- 2.39
RESULTS:: 09:47:56: root                               EvaluationManager.py <_prstr>179 :  Average turns   = 7.27 +- 0.16
RESULTS:: 09:47:56: root                                   pydial.py <train_command>791 :  List of domains: Laptops11
RESULTS:: 09:47:56: root                                      pydial.py <trainBatch>409 :  *** Training Iteration env1-hdc-LAP-nature_0.2_0.2-seed4-00.3->env1-hdc-LAP-nature_0.2_0.2-seed4-00.4: iter=3, error-rate=0, num-dialogs=1000 ***
RESULTS:: 09:53:25: root                               EvaluationManager.py <_prstr>179 :  Results for domain: Laptops11 --evaluated by: objective success evaluator
RESULTS:: 09:53:25: root                               EvaluationManager.py <_prstr>179 :  # of dialogues  = 1000
RESULTS:: 09:53:25: root                               EvaluationManager.py <_prstr>179 :  Average reward  = 8.87 +- 0.50
RESULTS:: 09:53:25: root                               EvaluationManager.py <_prstr>179 :  Average success = 87.70 +- 2.04
RESULTS:: 09:53:25: root                               EvaluationManager.py <_prstr>179 :  Average turns   = 8.67 +- 0.24
RESULTS:: 09:53:25: root                                   pydial.py <setEvalConfig>470 :  *** Evaluating env1-hdc-LAP-nature_0.2_0.2-seed4-00.4: error-rate=0 num-dialogs=1000 ***
RESULTS:: 09:57:26: root                               EvaluationManager.py <_prstr>179 :  Results for domain: Laptops11 --evaluated by: objective success evaluator
RESULTS:: 09:57:26: root                               EvaluationManager.py <_prstr>179 :  # of dialogues  = 1000
RESULTS:: 09:57:26: root                               EvaluationManager.py <_prstr>179 :  Average reward  = 9.55 +- 0.49
RESULTS:: 09:57:26: root                               EvaluationManager.py <_prstr>179 :  Average success = 84.30 +- 2.26
RESULTS:: 09:57:26: root                               EvaluationManager.py <_prstr>179 :  Average turns   = 7.31 +- 0.16
RESULTS:: 09:57:26: root                                   pydial.py <train_command>791 :  List of domains: Laptops11
RESULTS:: 09:57:26: root                                      pydial.py <trainBatch>409 :  *** Training Iteration env1-hdc-LAP-nature_0.2_0.2-seed4-00.4->env1-hdc-LAP-nature_0.2_0.2-seed4-00.5: iter=4, error-rate=0, num-dialogs=1000 ***
RESULTS:: 10:02:54: root                               EvaluationManager.py <_prstr>179 :  Results for domain: Laptops11 --evaluated by: objective success evaluator
RESULTS:: 10:02:54: root                               EvaluationManager.py <_prstr>179 :  # of dialogues  = 1000
RESULTS:: 10:02:54: root                               EvaluationManager.py <_prstr>179 :  Average reward  = 9.22 +- 0.47
RESULTS:: 10:02:54: root                               EvaluationManager.py <_prstr>179 :  Average success = 89.70 +- 1.89
RESULTS:: 10:02:54: root                               EvaluationManager.py <_prstr>179 :  Average turns   = 8.72 +- 0.23
RESULTS:: 10:02:54: root                                   pydial.py <setEvalConfig>470 :  *** Evaluating env1-hdc-LAP-nature_0.2_0.2-seed4-00.5: error-rate=0 num-dialogs=1000 ***
RESULTS:: 10:06:45: root                               EvaluationManager.py <_prstr>179 :  Results for domain: Laptops11 --evaluated by: objective success evaluator
RESULTS:: 10:06:45: root                               EvaluationManager.py <_prstr>179 :  # of dialogues  = 1000
RESULTS:: 10:06:45: root                               EvaluationManager.py <_prstr>179 :  Average reward  = 8.59 +- 0.55
RESULTS:: 10:06:45: root                               EvaluationManager.py <_prstr>179 :  Average success = 78.50 +- 2.55
RESULTS:: 10:06:45: root                               EvaluationManager.py <_prstr>179 :  Average turns   = 7.11 +- 0.15
RESULTS:: 10:06:45: root                                   pydial.py <train_command>791 :  List of domains: Laptops11
RESULTS:: 10:06:45: root                                      pydial.py <trainBatch>409 :  *** Training Iteration env1-hdc-LAP-nature_0.2_0.2-seed4-00.5->env1-hdc-LAP-nature_0.2_0.2-seed4-00.6: iter=5, error-rate=0, num-dialogs=1000 ***
RESULTS:: 10:12:09: root                               EvaluationManager.py <_prstr>179 :  Results for domain: Laptops11 --evaluated by: objective success evaluator
RESULTS:: 10:12:09: root                               EvaluationManager.py <_prstr>179 :  # of dialogues  = 1000
RESULTS:: 10:12:09: root                               EvaluationManager.py <_prstr>179 :  Average reward  = 9.34 +- 0.48
RESULTS:: 10:12:09: root                               EvaluationManager.py <_prstr>179 :  Average success = 89.30 +- 1.92
RESULTS:: 10:12:09: root                               EvaluationManager.py <_prstr>179 :  Average turns   = 8.52 +- 0.24
RESULTS:: 10:12:09: root                                   pydial.py <setEvalConfig>470 :  *** Evaluating env1-hdc-LAP-nature_0.2_0.2-seed4-00.6: error-rate=0 num-dialogs=1000 ***
RESULTS:: 10:15:52: root                               EvaluationManager.py <_prstr>179 :  Results for domain: Laptops11 --evaluated by: objective success evaluator
RESULTS:: 10:15:52: root                               EvaluationManager.py <_prstr>179 :  # of dialogues  = 1000
RESULTS:: 10:15:52: root                               EvaluationManager.py <_prstr>179 :  Average reward  = 7.10 +- 0.59
RESULTS:: 10:15:52: root                               EvaluationManager.py <_prstr>179 :  Average success = 69.50 +- 2.86
RESULTS:: 10:15:52: root                               EvaluationManager.py <_prstr>179 :  Average turns   = 6.80 +- 0.13
RESULTS:: 10:15:52: root                                   pydial.py <train_command>791 :  List of domains: Laptops11
RESULTS:: 10:15:52: root                                      pydial.py <trainBatch>409 :  *** Training Iteration env1-hdc-LAP-nature_0.2_0.2-seed4-00.6->env1-hdc-LAP-nature_0.2_0.2-seed4-00.7: iter=6, error-rate=0, num-dialogs=1000 ***
RESULTS:: 10:21:18: root                               EvaluationManager.py <_prstr>179 :  Results for domain: Laptops11 --evaluated by: objective success evaluator
RESULTS:: 10:21:18: root                               EvaluationManager.py <_prstr>179 :  # of dialogues  = 1000
RESULTS:: 10:21:18: root                               EvaluationManager.py <_prstr>179 :  Average reward  = 9.51 +- 0.46
RESULTS:: 10:21:18: root                               EvaluationManager.py <_prstr>179 :  Average success = 90.70 +- 1.80
RESULTS:: 10:21:18: root                               EvaluationManager.py <_prstr>179 :  Average turns   = 8.63 +- 0.24
RESULTS:: 10:21:18: root                                   pydial.py <setEvalConfig>470 :  *** Evaluating env1-hdc-LAP-nature_0.2_0.2-seed4-00.7: error-rate=0 num-dialogs=1000 ***
RESULTS:: 10:25:10: root                               EvaluationManager.py <_prstr>179 :  Results for domain: Laptops11 --evaluated by: objective success evaluator
RESULTS:: 10:25:10: root                               EvaluationManager.py <_prstr>179 :  # of dialogues  = 1000
RESULTS:: 10:25:10: root                               EvaluationManager.py <_prstr>179 :  Average reward  = 8.32 +- 0.56
RESULTS:: 10:25:10: root                               EvaluationManager.py <_prstr>179 :  Average success = 77.30 +- 2.60
RESULTS:: 10:25:10: root                               EvaluationManager.py <_prstr>179 :  Average turns   = 7.14 +- 0.16
RESULTS:: 10:25:10: root                                   pydial.py <train_command>791 :  List of domains: Laptops11
RESULTS:: 10:25:10: root                                      pydial.py <trainBatch>409 :  *** Training Iteration env1-hdc-LAP-nature_0.2_0.2-seed4-00.7->env1-hdc-LAP-nature_0.2_0.2-seed4-00.8: iter=7, error-rate=0, num-dialogs=1000 ***
RESULTS:: 10:30:35: root                               EvaluationManager.py <_prstr>179 :  Results for domain: Laptops11 --evaluated by: objective success evaluator
RESULTS:: 10:30:35: root                               EvaluationManager.py <_prstr>179 :  # of dialogues  = 1000
RESULTS:: 10:30:35: root                               EvaluationManager.py <_prstr>179 :  Average reward  = 9.43 +- 0.44
RESULTS:: 10:30:35: root                               EvaluationManager.py <_prstr>179 :  Average success = 90.50 +- 1.82
RESULTS:: 10:30:35: root                               EvaluationManager.py <_prstr>179 :  Average turns   = 8.67 +- 0.23
RESULTS:: 10:30:35: root                                   pydial.py <setEvalConfig>470 :  *** Evaluating env1-hdc-LAP-nature_0.2_0.2-seed4-00.8: error-rate=0 num-dialogs=1000 ***
RESULTS:: 10:34:32: root                               EvaluationManager.py <_prstr>179 :  Results for domain: Laptops11 --evaluated by: objective success evaluator
RESULTS:: 10:34:32: root                               EvaluationManager.py <_prstr>179 :  # of dialogues  = 1000
RESULTS:: 10:34:32: root                               EvaluationManager.py <_prstr>179 :  Average reward  = 8.20 +- 0.56
RESULTS:: 10:34:32: root                               EvaluationManager.py <_prstr>179 :  Average success = 77.30 +- 2.60
RESULTS:: 10:34:32: root                               EvaluationManager.py <_prstr>179 :  Average turns   = 7.26 +- 0.15
RESULTS:: 10:34:32: root                                   pydial.py <train_command>791 :  List of domains: Laptops11
RESULTS:: 10:34:32: root                                      pydial.py <trainBatch>409 :  *** Training Iteration env1-hdc-LAP-nature_0.2_0.2-seed4-00.8->env1-hdc-LAP-nature_0.2_0.2-seed4-00.9: iter=8, error-rate=0, num-dialogs=1000 ***
RESULTS:: 10:40:01: root                               EvaluationManager.py <_prstr>179 :  Results for domain: Laptops11 --evaluated by: objective success evaluator
RESULTS:: 10:40:01: root                               EvaluationManager.py <_prstr>179 :  # of dialogues  = 1000
RESULTS:: 10:40:01: root                               EvaluationManager.py <_prstr>179 :  Average reward  = 8.94 +- 0.51
RESULTS:: 10:40:01: root                               EvaluationManager.py <_prstr>179 :  Average success = 88.10 +- 2.01
RESULTS:: 10:40:01: root                               EvaluationManager.py <_prstr>179 :  Average turns   = 8.68 +- 0.24
RESULTS:: 10:40:01: root                                   pydial.py <setEvalConfig>470 :  *** Evaluating env1-hdc-LAP-nature_0.2_0.2-seed4-00.9: error-rate=0 num-dialogs=1000 ***
RESULTS:: 10:43:58: root                               EvaluationManager.py <_prstr>179 :  Results for domain: Laptops11 --evaluated by: objective success evaluator
RESULTS:: 10:43:58: root                               EvaluationManager.py <_prstr>179 :  # of dialogues  = 1000
RESULTS:: 10:43:58: root                               EvaluationManager.py <_prstr>179 :  Average reward  = 7.51 +- 0.59
RESULTS:: 10:43:58: root                               EvaluationManager.py <_prstr>179 :  Average success = 74.00 +- 2.72
RESULTS:: 10:43:58: root                               EvaluationManager.py <_prstr>179 :  Average turns   = 7.29 +- 0.17
RESULTS:: 10:43:58: root                                   pydial.py <train_command>791 :  List of domains: Laptops11
RESULTS:: 10:43:58: root                                      pydial.py <trainBatch>409 :  *** Training Iteration env1-hdc-LAP-nature_0.2_0.2-seed4-00.9->env1-hdc-LAP-nature_0.2_0.2-seed4-00.10: iter=9, error-rate=0, num-dialogs=1000 ***
RESULTS:: 10:49:30: root                               EvaluationManager.py <_prstr>179 :  Results for domain: Laptops11 --evaluated by: objective success evaluator
RESULTS:: 10:49:30: root                               EvaluationManager.py <_prstr>179 :  # of dialogues  = 1000
RESULTS:: 10:49:30: root                               EvaluationManager.py <_prstr>179 :  Average reward  = 9.01 +- 0.51
RESULTS:: 10:49:30: root                               EvaluationManager.py <_prstr>179 :  Average success = 89.20 +- 1.93
RESULTS:: 10:49:30: root                               EvaluationManager.py <_prstr>179 :  Average turns   = 8.83 +- 0.25
RESULTS:: 10:49:30: root                                   pydial.py <setEvalConfig>470 :  *** Evaluating env1-hdc-LAP-nature_0.2_0.2-seed4-00.10: error-rate=0 num-dialogs=1000 ***
RESULTS:: 10:53:22: root                               EvaluationManager.py <_prstr>179 :  Results for domain: Laptops11 --evaluated by: objective success evaluator
RESULTS:: 10:53:22: root                               EvaluationManager.py <_prstr>179 :  # of dialogues  = 1000
RESULTS:: 10:53:22: root                               EvaluationManager.py <_prstr>179 :  Average reward  = 8.08 +- 0.56
RESULTS:: 10:53:22: root                               EvaluationManager.py <_prstr>179 :  Average success = 76.60 +- 2.63
RESULTS:: 10:53:22: root                               EvaluationManager.py <_prstr>179 :  Average turns   = 7.24 +- 0.15
RESULTS:: 10:53:22: root                                   pydial.py <train_command>807 :  *** Training complete. log: env1-hdc-LAP-nature_0.2_0.2-seed4-00.1-10.train.log - final policy is env1-hdc-LAP-nature_0.2_0.2-00-10
