RESULTS:: 07:45:46: root                                   pydial.py <train_command>791 :  List of domains: Laptops11
RESULTS:: 07:45:46: root                                      pydial.py <trainBatch>409 :  *** Training Iteration env1-hdc-LAP-nature_0.2_0.2-seed3-00.0->env1-hdc-LAP-nature_0.2_0.2-seed3-00.1: iter=0, error-rate=0, num-dialogs=1000 ***
RESULTS:: 07:51:09: root                               EvaluationManager.py <_prstr>179 :  Results for domain: Laptops11 --evaluated by: objective success evaluator
RESULTS:: 07:51:09: root                               EvaluationManager.py <_prstr>179 :  # of dialogues  = 1000
RESULTS:: 07:51:09: root                               EvaluationManager.py <_prstr>179 :  Average reward  = 7.21 +- 0.58
RESULTS:: 07:51:09: root                               EvaluationManager.py <_prstr>179 :  Average success = 80.40 +- 2.46
RESULTS:: 07:51:09: root                               EvaluationManager.py <_prstr>179 :  Average turns   = 8.87 +- 0.24
RESULTS:: 07:51:09: root                                   pydial.py <setEvalConfig>470 :  *** Evaluating env1-hdc-LAP-nature_0.2_0.2-seed3-00.1: error-rate=0 num-dialogs=1000 ***
RESULTS:: 07:55:06: root                               EvaluationManager.py <_prstr>179 :  Results for domain: Laptops11 --evaluated by: objective success evaluator
RESULTS:: 07:55:06: root                               EvaluationManager.py <_prstr>179 :  # of dialogues  = 1000
RESULTS:: 07:55:06: root                               EvaluationManager.py <_prstr>179 :  Average reward  = 8.62 +- 0.55
RESULTS:: 07:55:06: root                               EvaluationManager.py <_prstr>179 :  Average success = 78.60 +- 2.55
RESULTS:: 07:55:06: root                               EvaluationManager.py <_prstr>179 :  Average turns   = 7.11 +- 0.15
RESULTS:: 07:55:06: root                                   pydial.py <train_command>791 :  List of domains: Laptops11
RESULTS:: 07:55:06: root                                      pydial.py <trainBatch>409 :  *** Training Iteration env1-hdc-LAP-nature_0.2_0.2-seed3-00.1->env1-hdc-LAP-nature_0.2_0.2-seed3-00.2: iter=1, error-rate=0, num-dialogs=1000 ***
RESULTS:: 08:00:37: root                               EvaluationManager.py <_prstr>179 :  Results for domain: Laptops11 --evaluated by: objective success evaluator
RESULTS:: 08:00:37: root                               EvaluationManager.py <_prstr>179 :  # of dialogues  = 1000
RESULTS:: 08:00:37: root                               EvaluationManager.py <_prstr>179 :  Average reward  = 8.52 +- 0.52
RESULTS:: 08:00:37: root                               EvaluationManager.py <_prstr>179 :  Average success = 86.00 +- 2.15
RESULTS:: 08:00:37: root                               EvaluationManager.py <_prstr>179 :  Average turns   = 8.68 +- 0.25
RESULTS:: 08:00:37: root                                   pydial.py <setEvalConfig>470 :  *** Evaluating env1-hdc-LAP-nature_0.2_0.2-seed3-00.2: error-rate=0 num-dialogs=1000 ***
RESULTS:: 08:04:34: root                               EvaluationManager.py <_prstr>179 :  Results for domain: Laptops11 --evaluated by: objective success evaluator
RESULTS:: 08:04:34: root                               EvaluationManager.py <_prstr>179 :  # of dialogues  = 1000
RESULTS:: 08:04:34: root                               EvaluationManager.py <_prstr>179 :  Average reward  = 8.92 +- 0.54
RESULTS:: 08:04:34: root                               EvaluationManager.py <_prstr>179 :  Average success = 81.20 +- 2.42
RESULTS:: 08:04:34: root                               EvaluationManager.py <_prstr>179 :  Average turns   = 7.32 +- 0.17
RESULTS:: 08:04:34: root                                   pydial.py <train_command>791 :  List of domains: Laptops11
RESULTS:: 08:04:34: root                                      pydial.py <trainBatch>409 :  *** Training Iteration env1-hdc-LAP-nature_0.2_0.2-seed3-00.2->env1-hdc-LAP-nature_0.2_0.2-seed3-00.3: iter=2, error-rate=0, num-dialogs=1000 ***
RESULTS:: 08:09:59: root                               EvaluationManager.py <_prstr>179 :  Results for domain: Laptops11 --evaluated by: objective success evaluator
RESULTS:: 08:09:59: root                               EvaluationManager.py <_prstr>179 :  # of dialogues  = 1000
RESULTS:: 08:09:59: root                               EvaluationManager.py <_prstr>179 :  Average reward  = 8.74 +- 0.50
RESULTS:: 08:09:59: root                               EvaluationManager.py <_prstr>179 :  Average success = 87.00 +- 2.09
RESULTS:: 08:09:59: root                               EvaluationManager.py <_prstr>179 :  Average turns   = 8.66 +- 0.23
RESULTS:: 08:09:59: root                                   pydial.py <setEvalConfig>470 :  *** Evaluating env1-hdc-LAP-nature_0.2_0.2-seed3-00.3: error-rate=0 num-dialogs=1000 ***
RESULTS:: 08:13:51: root                               EvaluationManager.py <_prstr>179 :  Results for domain: Laptops11 --evaluated by: objective success evaluator
RESULTS:: 08:13:51: root                               EvaluationManager.py <_prstr>179 :  # of dialogues  = 1000
RESULTS:: 08:13:51: root                               EvaluationManager.py <_prstr>179 :  Average reward  = 7.44 +- 0.58
RESULTS:: 08:13:51: root                               EvaluationManager.py <_prstr>179 :  Average success = 72.90 +- 2.76
RESULTS:: 08:13:51: root                               EvaluationManager.py <_prstr>179 :  Average turns   = 7.14 +- 0.14
RESULTS:: 08:13:51: root                                   pydial.py <train_command>791 :  List of domains: Laptops11
RESULTS:: 08:13:51: root                                      pydial.py <trainBatch>409 :  *** Training Iteration env1-hdc-LAP-nature_0.2_0.2-seed3-00.3->env1-hdc-LAP-nature_0.2_0.2-seed3-00.4: iter=3, error-rate=0, num-dialogs=1000 ***
RESULTS:: 08:19:26: root                               EvaluationManager.py <_prstr>179 :  Results for domain: Laptops11 --evaluated by: objective success evaluator
RESULTS:: 08:19:26: root                               EvaluationManager.py <_prstr>179 :  # of dialogues  = 1000
RESULTS:: 08:19:26: root                               EvaluationManager.py <_prstr>179 :  Average reward  = 8.58 +- 0.51
RESULTS:: 08:19:26: root                               EvaluationManager.py <_prstr>179 :  Average success = 87.80 +- 2.03
RESULTS:: 08:19:26: root                               EvaluationManager.py <_prstr>179 :  Average turns   = 8.98 +- 0.24
RESULTS:: 08:19:26: root                                   pydial.py <setEvalConfig>470 :  *** Evaluating env1-hdc-LAP-nature_0.2_0.2-seed3-00.4: error-rate=0 num-dialogs=1000 ***
RESULTS:: 08:23:19: root                               EvaluationManager.py <_prstr>179 :  Results for domain: Laptops11 --evaluated by: objective success evaluator
RESULTS:: 08:23:19: root                               EvaluationManager.py <_prstr>179 :  # of dialogues  = 1000
RESULTS:: 08:23:19: root                               EvaluationManager.py <_prstr>179 :  Average reward  = 7.82 +- 0.58
RESULTS:: 08:23:19: root                               EvaluationManager.py <_prstr>179 :  Average success = 74.70 +- 2.70
RESULTS:: 08:23:19: root                               EvaluationManager.py <_prstr>179 :  Average turns   = 7.12 +- 0.15
RESULTS:: 08:23:19: root                                   pydial.py <train_command>791 :  List of domains: Laptops11
RESULTS:: 08:23:19: root                                      pydial.py <trainBatch>409 :  *** Training Iteration env1-hdc-LAP-nature_0.2_0.2-seed3-00.4->env1-hdc-LAP-nature_0.2_0.2-seed3-00.5: iter=4, error-rate=0, num-dialogs=1000 ***
RESULTS:: 08:28:46: root                               EvaluationManager.py <_prstr>179 :  Results for domain: Laptops11 --evaluated by: objective success evaluator
RESULTS:: 08:28:46: root                               EvaluationManager.py <_prstr>179 :  # of dialogues  = 1000
RESULTS:: 08:28:46: root                               EvaluationManager.py <_prstr>179 :  Average reward  = 8.75 +- 0.49
RESULTS:: 08:28:46: root                               EvaluationManager.py <_prstr>179 :  Average success = 87.10 +- 2.08
RESULTS:: 08:28:46: root                               EvaluationManager.py <_prstr>179 :  Average turns   = 8.67 +- 0.23
RESULTS:: 08:28:46: root                                   pydial.py <setEvalConfig>470 :  *** Evaluating env1-hdc-LAP-nature_0.2_0.2-seed3-00.5: error-rate=0 num-dialogs=1000 ***
RESULTS:: 08:32:36: root                               EvaluationManager.py <_prstr>179 :  Results for domain: Laptops11 --evaluated by: objective success evaluator
RESULTS:: 08:32:36: root                               EvaluationManager.py <_prstr>179 :  # of dialogues  = 1000
RESULTS:: 08:32:36: root                               EvaluationManager.py <_prstr>179 :  Average reward  = 7.65 +- 0.60
RESULTS:: 08:32:36: root                               EvaluationManager.py <_prstr>179 :  Average success = 74.80 +- 2.69
RESULTS:: 08:32:36: root                               EvaluationManager.py <_prstr>179 :  Average turns   = 7.31 +- 0.17
RESULTS:: 08:32:36: root                                   pydial.py <train_command>791 :  List of domains: Laptops11
RESULTS:: 08:32:36: root                                      pydial.py <trainBatch>409 :  *** Training Iteration env1-hdc-LAP-nature_0.2_0.2-seed3-00.5->env1-hdc-LAP-nature_0.2_0.2-seed3-00.6: iter=5, error-rate=0, num-dialogs=1000 ***
RESULTS:: 08:38:14: root                               EvaluationManager.py <_prstr>179 :  Results for domain: Laptops11 --evaluated by: objective success evaluator
RESULTS:: 08:38:14: root                               EvaluationManager.py <_prstr>179 :  # of dialogues  = 1000
RESULTS:: 08:38:14: root                               EvaluationManager.py <_prstr>179 :  Average reward  = 7.41 +- 0.61
RESULTS:: 08:38:14: root                               EvaluationManager.py <_prstr>179 :  Average success = 82.80 +- 2.34
RESULTS:: 08:38:14: root                               EvaluationManager.py <_prstr>179 :  Average turns   = 9.15 +- 0.27
RESULTS:: 08:38:14: root                                   pydial.py <setEvalConfig>470 :  *** Evaluating env1-hdc-LAP-nature_0.2_0.2-seed3-00.6: error-rate=0 num-dialogs=1000 ***
RESULTS:: 08:41:42: root                               EvaluationManager.py <_prstr>179 :  Results for domain: Laptops11 --evaluated by: objective success evaluator
RESULTS:: 08:41:42: root                               EvaluationManager.py <_prstr>179 :  # of dialogues  = 1000
RESULTS:: 08:41:42: root                               EvaluationManager.py <_prstr>179 :  Average reward  = 4.47 +- 0.65
RESULTS:: 08:41:42: root                               EvaluationManager.py <_prstr>179 :  Average success = 55.10 +- 3.09
RESULTS:: 08:41:42: root                               EvaluationManager.py <_prstr>179 :  Average turns   = 6.55 +- 0.13
RESULTS:: 08:41:42: root                                   pydial.py <train_command>791 :  List of domains: Laptops11
RESULTS:: 08:41:42: root                                      pydial.py <trainBatch>409 :  *** Training Iteration env1-hdc-LAP-nature_0.2_0.2-seed3-00.6->env1-hdc-LAP-nature_0.2_0.2-seed3-00.7: iter=6, error-rate=0, num-dialogs=1000 ***
RESULTS:: 08:47:20: root                               EvaluationManager.py <_prstr>179 :  Results for domain: Laptops11 --evaluated by: objective success evaluator
RESULTS:: 08:47:20: root                               EvaluationManager.py <_prstr>179 :  # of dialogues  = 1000
RESULTS:: 08:47:20: root                               EvaluationManager.py <_prstr>179 :  Average reward  = 8.25 +- 0.54
RESULTS:: 08:47:20: root                               EvaluationManager.py <_prstr>179 :  Average success = 86.80 +- 2.10
RESULTS:: 08:47:20: root                               EvaluationManager.py <_prstr>179 :  Average turns   = 9.11 +- 0.27
RESULTS:: 08:47:20: root                                   pydial.py <setEvalConfig>470 :  *** Evaluating env1-hdc-LAP-nature_0.2_0.2-seed3-00.7: error-rate=0 num-dialogs=1000 ***
RESULTS:: 08:51:00: root                               EvaluationManager.py <_prstr>179 :  Results for domain: Laptops11 --evaluated by: objective success evaluator
RESULTS:: 08:51:00: root                               EvaluationManager.py <_prstr>179 :  # of dialogues  = 1000
RESULTS:: 08:51:00: root                               EvaluationManager.py <_prstr>179 :  Average reward  = 7.80 +- 0.57
RESULTS:: 08:51:00: root                               EvaluationManager.py <_prstr>179 :  Average success = 73.20 +- 2.75
RESULTS:: 08:51:00: root                               EvaluationManager.py <_prstr>179 :  Average turns   = 6.84 +- 0.13
RESULTS:: 08:51:00: root                                   pydial.py <train_command>791 :  List of domains: Laptops11
RESULTS:: 08:51:00: root                                      pydial.py <trainBatch>409 :  *** Training Iteration env1-hdc-LAP-nature_0.2_0.2-seed3-00.7->env1-hdc-LAP-nature_0.2_0.2-seed3-00.8: iter=7, error-rate=0, num-dialogs=1000 ***
RESULTS:: 08:56:26: root                               EvaluationManager.py <_prstr>179 :  Results for domain: Laptops11 --evaluated by: objective success evaluator
RESULTS:: 08:56:26: root                               EvaluationManager.py <_prstr>179 :  # of dialogues  = 1000
RESULTS:: 08:56:26: root                               EvaluationManager.py <_prstr>179 :  Average reward  = 9.09 +- 0.49
RESULTS:: 08:56:26: root                               EvaluationManager.py <_prstr>179 :  Average success = 88.70 +- 1.96
RESULTS:: 08:56:26: root                               EvaluationManager.py <_prstr>179 :  Average turns   = 8.65 +- 0.24
RESULTS:: 08:56:26: root                                   pydial.py <setEvalConfig>470 :  *** Evaluating env1-hdc-LAP-nature_0.2_0.2-seed3-00.8: error-rate=0 num-dialogs=1000 ***
RESULTS:: 09:00:21: root                               EvaluationManager.py <_prstr>179 :  Results for domain: Laptops11 --evaluated by: objective success evaluator
RESULTS:: 09:00:21: root                               EvaluationManager.py <_prstr>179 :  # of dialogues  = 1000
RESULTS:: 09:00:21: root                               EvaluationManager.py <_prstr>179 :  Average reward  = 8.78 +- 0.54
RESULTS:: 09:00:21: root                               EvaluationManager.py <_prstr>179 :  Average success = 79.30 +- 2.51
RESULTS:: 09:00:21: root                               EvaluationManager.py <_prstr>179 :  Average turns   = 7.08 +- 0.16
RESULTS:: 09:00:21: root                                   pydial.py <train_command>791 :  List of domains: Laptops11
RESULTS:: 09:00:21: root                                      pydial.py <trainBatch>409 :  *** Training Iteration env1-hdc-LAP-nature_0.2_0.2-seed3-00.8->env1-hdc-LAP-nature_0.2_0.2-seed3-00.9: iter=8, error-rate=0, num-dialogs=1000 ***
RESULTS:: 09:05:43: root                               EvaluationManager.py <_prstr>179 :  Results for domain: Laptops11 --evaluated by: objective success evaluator
RESULTS:: 09:05:43: root                               EvaluationManager.py <_prstr>179 :  # of dialogues  = 1000
RESULTS:: 09:05:43: root                               EvaluationManager.py <_prstr>179 :  Average reward  = 8.94 +- 0.50
RESULTS:: 09:05:43: root                               EvaluationManager.py <_prstr>179 :  Average success = 87.50 +- 2.05
RESULTS:: 09:05:43: root                               EvaluationManager.py <_prstr>179 :  Average turns   = 8.56 +- 0.23
RESULTS:: 09:05:43: root                                   pydial.py <setEvalConfig>470 :  *** Evaluating env1-hdc-LAP-nature_0.2_0.2-seed3-00.9: error-rate=0 num-dialogs=1000 ***
RESULTS:: 09:09:36: root                               EvaluationManager.py <_prstr>179 :  Results for domain: Laptops11 --evaluated by: objective success evaluator
RESULTS:: 09:09:36: root                               EvaluationManager.py <_prstr>179 :  # of dialogues  = 1000
RESULTS:: 09:09:36: root                               EvaluationManager.py <_prstr>179 :  Average reward  = 9.20 +- 0.51
RESULTS:: 09:09:36: root                               EvaluationManager.py <_prstr>179 :  Average success = 82.20 +- 2.37
RESULTS:: 09:09:36: root                               EvaluationManager.py <_prstr>179 :  Average turns   = 7.24 +- 0.14
RESULTS:: 09:09:36: root                                   pydial.py <train_command>791 :  List of domains: Laptops11
RESULTS:: 09:09:36: root                                      pydial.py <trainBatch>409 :  *** Training Iteration env1-hdc-LAP-nature_0.2_0.2-seed3-00.9->env1-hdc-LAP-nature_0.2_0.2-seed3-00.10: iter=9, error-rate=0, num-dialogs=1000 ***
RESULTS:: 09:15:03: root                               EvaluationManager.py <_prstr>179 :  Results for domain: Laptops11 --evaluated by: objective success evaluator
RESULTS:: 09:15:03: root                               EvaluationManager.py <_prstr>179 :  # of dialogues  = 1000
RESULTS:: 09:15:03: root                               EvaluationManager.py <_prstr>179 :  Average reward  = 9.51 +- 0.48
RESULTS:: 09:15:03: root                               EvaluationManager.py <_prstr>179 :  Average success = 90.80 +- 1.79
RESULTS:: 09:15:03: root                               EvaluationManager.py <_prstr>179 :  Average turns   = 8.65 +- 0.24
RESULTS:: 09:15:03: root                                   pydial.py <setEvalConfig>470 :  *** Evaluating env1-hdc-LAP-nature_0.2_0.2-seed3-00.10: error-rate=0 num-dialogs=1000 ***
RESULTS:: 09:19:03: root                               EvaluationManager.py <_prstr>179 :  Results for domain: Laptops11 --evaluated by: objective success evaluator
RESULTS:: 09:19:03: root                               EvaluationManager.py <_prstr>179 :  # of dialogues  = 1000
RESULTS:: 09:19:03: root                               EvaluationManager.py <_prstr>179 :  Average reward  = 10.01 +- 0.46
RESULTS:: 09:19:03: root                               EvaluationManager.py <_prstr>179 :  Average success = 86.60 +- 2.11
RESULTS:: 09:19:03: root                               EvaluationManager.py <_prstr>179 :  Average turns   = 7.32 +- 0.16
RESULTS:: 09:19:03: root                                   pydial.py <train_command>807 :  *** Training complete. log: env1-hdc-LAP-nature_0.2_0.2-seed3-00.1-10.train.log - final policy is env1-hdc-LAP-nature_0.2_0.2-00-10
