RESULTS:: 02:01:06: root                                   pydial.py <train_command>791 :  List of domains: Laptops11
RESULTS:: 02:01:06: root                                      pydial.py <trainBatch>409 :  *** Training Iteration env1-hdc-LAP-madqn_tau_nodrop-seed6-00.0->env1-hdc-LAP-madqn_tau_nodrop-seed6-00.1: iter=0, error-rate=0, num-dialogs=1000 ***
RESULTS:: 02:21:41: root                               EvaluationManager.py <_prstr>179 :  Results for domain: Laptops11 --evaluated by: objective success evaluator
RESULTS:: 02:21:41: root                               EvaluationManager.py <_prstr>179 :  # of dialogues  = 1000
RESULTS:: 02:21:41: root                               EvaluationManager.py <_prstr>179 :  Average reward  = 6.40 +- 0.62
RESULTS:: 02:21:41: root                               EvaluationManager.py <_prstr>179 :  Average success = 76.80 +- 2.62
RESULTS:: 02:21:41: root                               EvaluationManager.py <_prstr>179 :  Average turns   = 8.96 +- 0.24
RESULTS:: 02:21:41: root                                   pydial.py <setEvalConfig>470 :  *** Evaluating env1-hdc-LAP-madqn_tau_nodrop-seed6-00.1: error-rate=0 num-dialogs=500 ***
RESULTS:: 02:30:02: root                               EvaluationManager.py <_prstr>179 :  Results for domain: Laptops11 --evaluated by: objective success evaluator
RESULTS:: 02:30:02: root                               EvaluationManager.py <_prstr>179 :  # of dialogues  = 500
RESULTS:: 02:30:02: root                               EvaluationManager.py <_prstr>179 :  Average reward  = 11.29 +- 0.56
RESULTS:: 02:30:02: root                               EvaluationManager.py <_prstr>179 :  Average success = 93.60 +- 2.15
RESULTS:: 02:30:02: root                               EvaluationManager.py <_prstr>179 :  Average turns   = 7.43 +- 0.27
RESULTS:: 02:30:02: root                                   pydial.py <train_command>791 :  List of domains: Laptops11
RESULTS:: 02:30:02: root                                      pydial.py <trainBatch>409 :  *** Training Iteration env1-hdc-LAP-madqn_tau_nodrop-seed6-00.1->env1-hdc-LAP-madqn_tau_nodrop-seed6-00.2: iter=1, error-rate=0, num-dialogs=1000 ***
RESULTS:: 02:51:04: root                               EvaluationManager.py <_prstr>179 :  Results for domain: Laptops11 --evaluated by: objective success evaluator
RESULTS:: 02:51:04: root                               EvaluationManager.py <_prstr>179 :  # of dialogues  = 1000
RESULTS:: 02:51:04: root                               EvaluationManager.py <_prstr>179 :  Average reward  = 9.81 +- 0.48
RESULTS:: 02:51:04: root                               EvaluationManager.py <_prstr>179 :  Average success = 94.30 +- 1.44
RESULTS:: 02:51:04: root                               EvaluationManager.py <_prstr>179 :  Average turns   = 9.05 +- 0.28
RESULTS:: 02:51:04: root                                   pydial.py <setEvalConfig>470 :  *** Evaluating env1-hdc-LAP-madqn_tau_nodrop-seed6-00.2: error-rate=0 num-dialogs=500 ***
RESULTS:: 02:59:35: root                               EvaluationManager.py <_prstr>179 :  Results for domain: Laptops11 --evaluated by: objective success evaluator
RESULTS:: 02:59:35: root                               EvaluationManager.py <_prstr>179 :  # of dialogues  = 500
RESULTS:: 02:59:35: root                               EvaluationManager.py <_prstr>179 :  Average reward  = 11.30 +- 0.55
RESULTS:: 02:59:35: root                               EvaluationManager.py <_prstr>179 :  Average success = 94.60 +- 1.99
RESULTS:: 02:59:35: root                               EvaluationManager.py <_prstr>179 :  Average turns   = 7.62 +- 0.26
RESULTS:: 02:59:35: root                                   pydial.py <train_command>791 :  List of domains: Laptops11
RESULTS:: 02:59:35: root                                      pydial.py <trainBatch>409 :  *** Training Iteration env1-hdc-LAP-madqn_tau_nodrop-seed6-00.2->env1-hdc-LAP-madqn_tau_nodrop-seed6-00.3: iter=2, error-rate=0, num-dialogs=1000 ***
RESULTS:: 03:20:18: root                               EvaluationManager.py <_prstr>179 :  Results for domain: Laptops11 --evaluated by: objective success evaluator
RESULTS:: 03:20:18: root                               EvaluationManager.py <_prstr>179 :  # of dialogues  = 1000
RESULTS:: 03:20:18: root                               EvaluationManager.py <_prstr>179 :  Average reward  = 9.47 +- 0.49
RESULTS:: 03:20:18: root                               EvaluationManager.py <_prstr>179 :  Average success = 91.70 +- 1.71
RESULTS:: 03:20:18: root                               EvaluationManager.py <_prstr>179 :  Average turns   = 8.87 +- 0.26
RESULTS:: 03:20:18: root                                   pydial.py <setEvalConfig>470 :  *** Evaluating env1-hdc-LAP-madqn_tau_nodrop-seed6-00.3: error-rate=0 num-dialogs=500 ***
RESULTS:: 03:28:33: root                               EvaluationManager.py <_prstr>179 :  Results for domain: Laptops11 --evaluated by: objective success evaluator
RESULTS:: 03:28:33: root                               EvaluationManager.py <_prstr>179 :  # of dialogues  = 500
RESULTS:: 03:28:33: root                               EvaluationManager.py <_prstr>179 :  Average reward  = 10.07 +- 0.68
RESULTS:: 03:28:33: root                               EvaluationManager.py <_prstr>179 :  Average success = 87.60 +- 2.90
RESULTS:: 03:28:33: root                               EvaluationManager.py <_prstr>179 :  Average turns   = 7.45 +- 0.26
RESULTS:: 03:28:33: root                                   pydial.py <train_command>791 :  List of domains: Laptops11
RESULTS:: 03:28:33: root                                      pydial.py <trainBatch>409 :  *** Training Iteration env1-hdc-LAP-madqn_tau_nodrop-seed6-00.3->env1-hdc-LAP-madqn_tau_nodrop-seed6-00.4: iter=3, error-rate=0, num-dialogs=1000 ***
RESULTS:: 03:49:16: root                               EvaluationManager.py <_prstr>179 :  Results for domain: Laptops11 --evaluated by: objective success evaluator
RESULTS:: 03:49:16: root                               EvaluationManager.py <_prstr>179 :  # of dialogues  = 1000
RESULTS:: 03:49:16: root                               EvaluationManager.py <_prstr>179 :  Average reward  = 9.39 +- 0.51
RESULTS:: 03:49:16: root                               EvaluationManager.py <_prstr>179 :  Average success = 91.70 +- 1.71
RESULTS:: 03:49:16: root                               EvaluationManager.py <_prstr>179 :  Average turns   = 8.95 +- 0.27
RESULTS:: 03:49:16: root                                   pydial.py <setEvalConfig>470 :  *** Evaluating env1-hdc-LAP-madqn_tau_nodrop-seed6-00.4: error-rate=0 num-dialogs=500 ***
RESULTS:: 03:57:41: root                               EvaluationManager.py <_prstr>179 :  Results for domain: Laptops11 --evaluated by: objective success evaluator
RESULTS:: 03:57:41: root                               EvaluationManager.py <_prstr>179 :  # of dialogues  = 500
RESULTS:: 03:57:41: root                               EvaluationManager.py <_prstr>179 :  Average reward  = 11.18 +- 0.64
RESULTS:: 03:57:41: root                               EvaluationManager.py <_prstr>179 :  Average success = 93.80 +- 2.12
RESULTS:: 03:57:41: root                               EvaluationManager.py <_prstr>179 :  Average turns   = 7.58 +- 0.33
RESULTS:: 03:57:41: root                                   pydial.py <train_command>791 :  List of domains: Laptops11
RESULTS:: 03:57:41: root                                      pydial.py <trainBatch>409 :  *** Training Iteration env1-hdc-LAP-madqn_tau_nodrop-seed6-00.4->env1-hdc-LAP-madqn_tau_nodrop-seed6-00.5: iter=4, error-rate=0, num-dialogs=1000 ***
RESULTS:: 04:19:02: root                               EvaluationManager.py <_prstr>179 :  Results for domain: Laptops11 --evaluated by: objective success evaluator
RESULTS:: 04:19:02: root                               EvaluationManager.py <_prstr>179 :  # of dialogues  = 1000
RESULTS:: 04:19:02: root                               EvaluationManager.py <_prstr>179 :  Average reward  = 8.81 +- 0.55
RESULTS:: 04:19:02: root                               EvaluationManager.py <_prstr>179 :  Average success = 90.00 +- 1.86
RESULTS:: 04:19:02: root                               EvaluationManager.py <_prstr>179 :  Average turns   = 9.19 +- 0.29
RESULTS:: 04:19:02: root                                   pydial.py <setEvalConfig>470 :  *** Evaluating env1-hdc-LAP-madqn_tau_nodrop-seed6-00.5: error-rate=0 num-dialogs=500 ***
RESULTS:: 04:27:03: root                               EvaluationManager.py <_prstr>179 :  Results for domain: Laptops11 --evaluated by: objective success evaluator
RESULTS:: 04:27:03: root                               EvaluationManager.py <_prstr>179 :  # of dialogues  = 500
RESULTS:: 04:27:03: root                               EvaluationManager.py <_prstr>179 :  Average reward  = 11.07 +- 0.59
RESULTS:: 04:27:03: root                               EvaluationManager.py <_prstr>179 :  Average success = 91.40 +- 2.46
RESULTS:: 04:27:03: root                               EvaluationManager.py <_prstr>179 :  Average turns   = 7.21 +- 0.24
RESULTS:: 04:27:03: root                                   pydial.py <train_command>791 :  List of domains: Laptops11
RESULTS:: 04:27:03: root                                      pydial.py <trainBatch>409 :  *** Training Iteration env1-hdc-LAP-madqn_tau_nodrop-seed6-00.5->env1-hdc-LAP-madqn_tau_nodrop-seed6-00.6: iter=5, error-rate=0, num-dialogs=1000 ***
RESULTS:: 04:47:59: root                               EvaluationManager.py <_prstr>179 :  Results for domain: Laptops11 --evaluated by: objective success evaluator
RESULTS:: 04:47:59: root                               EvaluationManager.py <_prstr>179 :  # of dialogues  = 1000
RESULTS:: 04:47:59: root                               EvaluationManager.py <_prstr>179 :  Average reward  = 9.11 +- 0.52
RESULTS:: 04:47:59: root                               EvaluationManager.py <_prstr>179 :  Average success = 90.80 +- 1.79
RESULTS:: 04:47:59: root                               EvaluationManager.py <_prstr>179 :  Average turns   = 9.05 +- 0.26
RESULTS:: 04:47:59: root                                   pydial.py <setEvalConfig>470 :  *** Evaluating env1-hdc-LAP-madqn_tau_nodrop-seed6-00.6: error-rate=0 num-dialogs=500 ***
RESULTS:: 04:56:07: root                               EvaluationManager.py <_prstr>179 :  Results for domain: Laptops11 --evaluated by: objective success evaluator
RESULTS:: 04:56:07: root                               EvaluationManager.py <_prstr>179 :  # of dialogues  = 500
RESULTS:: 04:56:07: root                               EvaluationManager.py <_prstr>179 :  Average reward  = 11.03 +- 0.57
RESULTS:: 04:56:07: root                               EvaluationManager.py <_prstr>179 :  Average success = 91.80 +- 2.41
RESULTS:: 04:56:07: root                               EvaluationManager.py <_prstr>179 :  Average turns   = 7.33 +- 0.24
RESULTS:: 04:56:07: root                                   pydial.py <train_command>791 :  List of domains: Laptops11
RESULTS:: 04:56:07: root                                      pydial.py <trainBatch>409 :  *** Training Iteration env1-hdc-LAP-madqn_tau_nodrop-seed6-00.6->env1-hdc-LAP-madqn_tau_nodrop-seed6-00.7: iter=6, error-rate=0, num-dialogs=1000 ***
RESULTS:: 05:17:07: root                               EvaluationManager.py <_prstr>179 :  Results for domain: Laptops11 --evaluated by: objective success evaluator
RESULTS:: 05:17:07: root                               EvaluationManager.py <_prstr>179 :  # of dialogues  = 1000
RESULTS:: 05:17:07: root                               EvaluationManager.py <_prstr>179 :  Average reward  = 8.82 +- 0.53
RESULTS:: 05:17:07: root                               EvaluationManager.py <_prstr>179 :  Average success = 89.40 +- 1.91
RESULTS:: 05:17:07: root                               EvaluationManager.py <_prstr>179 :  Average turns   = 9.06 +- 0.27
RESULTS:: 05:17:07: root                                   pydial.py <setEvalConfig>470 :  *** Evaluating env1-hdc-LAP-madqn_tau_nodrop-seed6-00.7: error-rate=0 num-dialogs=500 ***
RESULTS:: 05:25:08: root                               EvaluationManager.py <_prstr>179 :  Results for domain: Laptops11 --evaluated by: objective success evaluator
RESULTS:: 05:25:08: root                               EvaluationManager.py <_prstr>179 :  # of dialogues  = 500
RESULTS:: 05:25:08: root                               EvaluationManager.py <_prstr>179 :  Average reward  = 11.50 +- 0.53
RESULTS:: 05:25:08: root                               EvaluationManager.py <_prstr>179 :  Average success = 93.60 +- 2.15
RESULTS:: 05:25:08: root                               EvaluationManager.py <_prstr>179 :  Average turns   = 7.22 +- 0.22
RESULTS:: 05:25:08: root                                   pydial.py <train_command>791 :  List of domains: Laptops11
RESULTS:: 05:25:08: root                                      pydial.py <trainBatch>409 :  *** Training Iteration env1-hdc-LAP-madqn_tau_nodrop-seed6-00.7->env1-hdc-LAP-madqn_tau_nodrop-seed6-00.8: iter=7, error-rate=0, num-dialogs=1000 ***
RESULTS:: 05:45:38: root                               EvaluationManager.py <_prstr>179 :  Results for domain: Laptops11 --evaluated by: objective success evaluator
RESULTS:: 05:45:38: root                               EvaluationManager.py <_prstr>179 :  # of dialogues  = 1000
RESULTS:: 05:45:38: root                               EvaluationManager.py <_prstr>179 :  Average reward  = 9.28 +- 0.51
RESULTS:: 05:45:38: root                               EvaluationManager.py <_prstr>179 :  Average success = 90.60 +- 1.81
RESULTS:: 05:45:38: root                               EvaluationManager.py <_prstr>179 :  Average turns   = 8.84 +- 0.26
RESULTS:: 05:45:38: root                                   pydial.py <setEvalConfig>470 :  *** Evaluating env1-hdc-LAP-madqn_tau_nodrop-seed6-00.8: error-rate=0 num-dialogs=500 ***
RESULTS:: 05:54:17: root                               EvaluationManager.py <_prstr>179 :  Results for domain: Laptops11 --evaluated by: objective success evaluator
RESULTS:: 05:54:17: root                               EvaluationManager.py <_prstr>179 :  # of dialogues  = 500
RESULTS:: 05:54:17: root                               EvaluationManager.py <_prstr>179 :  Average reward  = 10.36 +- 0.65
RESULTS:: 05:54:17: root                               EvaluationManager.py <_prstr>179 :  Average success = 90.40 +- 2.59
RESULTS:: 05:54:17: root                               EvaluationManager.py <_prstr>179 :  Average turns   = 7.72 +- 0.30
RESULTS:: 05:54:17: root                                   pydial.py <train_command>791 :  List of domains: Laptops11
RESULTS:: 05:54:17: root                                      pydial.py <trainBatch>409 :  *** Training Iteration env1-hdc-LAP-madqn_tau_nodrop-seed6-00.8->env1-hdc-LAP-madqn_tau_nodrop-seed6-00.9: iter=8, error-rate=0, num-dialogs=1000 ***
RESULTS:: 06:14:53: root                               EvaluationManager.py <_prstr>179 :  Results for domain: Laptops11 --evaluated by: objective success evaluator
RESULTS:: 06:14:53: root                               EvaluationManager.py <_prstr>179 :  # of dialogues  = 1000
RESULTS:: 06:14:53: root                               EvaluationManager.py <_prstr>179 :  Average reward  = 9.57 +- 0.49
RESULTS:: 06:14:53: root                               EvaluationManager.py <_prstr>179 :  Average success = 92.30 +- 1.65
RESULTS:: 06:14:53: root                               EvaluationManager.py <_prstr>179 :  Average turns   = 8.89 +- 0.27
RESULTS:: 06:14:53: root                                   pydial.py <setEvalConfig>470 :  *** Evaluating env1-hdc-LAP-madqn_tau_nodrop-seed6-00.9: error-rate=0 num-dialogs=500 ***
RESULTS:: 06:23:10: root                               EvaluationManager.py <_prstr>179 :  Results for domain: Laptops11 --evaluated by: objective success evaluator
RESULTS:: 06:23:10: root                               EvaluationManager.py <_prstr>179 :  # of dialogues  = 500
RESULTS:: 06:23:10: root                               EvaluationManager.py <_prstr>179 :  Average reward  = 10.14 +- 0.67
RESULTS:: 06:23:10: root                               EvaluationManager.py <_prstr>179 :  Average success = 88.00 +- 2.86
RESULTS:: 06:23:10: root                               EvaluationManager.py <_prstr>179 :  Average turns   = 7.46 +- 0.25
RESULTS:: 06:23:10: root                                   pydial.py <train_command>791 :  List of domains: Laptops11
RESULTS:: 06:23:10: root                                      pydial.py <trainBatch>409 :  *** Training Iteration env1-hdc-LAP-madqn_tau_nodrop-seed6-00.9->env1-hdc-LAP-madqn_tau_nodrop-seed6-00.10: iter=9, error-rate=0, num-dialogs=1000 ***
RESULTS:: 06:43:58: root                               EvaluationManager.py <_prstr>179 :  Results for domain: Laptops11 --evaluated by: objective success evaluator
RESULTS:: 06:43:58: root                               EvaluationManager.py <_prstr>179 :  # of dialogues  = 1000
RESULTS:: 06:43:58: root                               EvaluationManager.py <_prstr>179 :  Average reward  = 9.31 +- 0.54
RESULTS:: 06:43:58: root                               EvaluationManager.py <_prstr>179 :  Average success = 91.30 +- 1.75
RESULTS:: 06:43:58: root                               EvaluationManager.py <_prstr>179 :  Average turns   = 8.95 +- 0.27
RESULTS:: 06:43:58: root                                   pydial.py <setEvalConfig>470 :  *** Evaluating env1-hdc-LAP-madqn_tau_nodrop-seed6-00.10: error-rate=0 num-dialogs=500 ***
RESULTS:: 06:52:34: root                               EvaluationManager.py <_prstr>179 :  Results for domain: Laptops11 --evaluated by: objective success evaluator
RESULTS:: 06:52:34: root                               EvaluationManager.py <_prstr>179 :  # of dialogues  = 500
RESULTS:: 06:52:34: root                               EvaluationManager.py <_prstr>179 :  Average reward  = 9.23 +- 0.78
RESULTS:: 06:52:34: root                               EvaluationManager.py <_prstr>179 :  Average success = 84.40 +- 3.19
RESULTS:: 06:52:34: root                               EvaluationManager.py <_prstr>179 :  Average turns   = 7.65 +- 0.31
RESULTS:: 06:52:34: root                                   pydial.py <train_command>807 :  *** Training complete. log: env1-hdc-LAP-madqn_tau_nodrop-seed6-00.1-10.train.log - final policy is env1-hdc-LAP-madqn_tau_nodrop-00-10
