RESULTS:: 02:31:21: root                                   pydial.py <train_command>791 :  List of domains: SFRestaurants
RESULTS:: 02:31:21: root                                      pydial.py <trainBatch>409 :  *** Training Iteration env5-SFR-tau_nodrop_sort_noinco_4020_250100-seed1-15.0->env5-SFR-tau_nodrop_sort_noinco_4020_250100-seed1-15.1: iter=0, error-rate=15, num-dialogs=1000 ***
RESULTS:: 02:58:36: root                               EvaluationManager.py <_prstr>179 :  Results for domain: SFRestaurants --evaluated by: objective success evaluator
RESULTS:: 02:58:36: root                               EvaluationManager.py <_prstr>179 :  # of dialogues  = 1000
RESULTS:: 02:58:36: root                               EvaluationManager.py <_prstr>179 :  Average reward  = -2.65 +- 0.70
RESULTS:: 02:58:36: root                               EvaluationManager.py <_prstr>179 :  Average success = 45.80 +- 3.09
RESULTS:: 02:58:36: root                               EvaluationManager.py <_prstr>179 :  Average turns   = 11.81 +- 0.31
RESULTS:: 02:58:36: root                                   pydial.py <setEvalConfig>470 :  *** Evaluating env5-SFR-tau_nodrop_sort_noinco_4020_250100-seed1-15.1: error-rate=15 num-dialogs=500 ***
RESULTS:: 03:07:58: root                               EvaluationManager.py <_prstr>179 :  Results for domain: SFRestaurants --evaluated by: objective success evaluator
RESULTS:: 03:07:58: root                               EvaluationManager.py <_prstr>179 :  # of dialogues  = 500
RESULTS:: 03:07:58: root                               EvaluationManager.py <_prstr>179 :  Average reward  = -2.77 +- 0.87
RESULTS:: 03:07:58: root                               EvaluationManager.py <_prstr>179 :  Average success = 32.20 +- 4.11
RESULTS:: 03:07:58: root                               EvaluationManager.py <_prstr>179 :  Average turns   = 9.21 +- 0.24
RESULTS:: 03:07:58: root                                   pydial.py <train_command>791 :  List of domains: SFRestaurants
RESULTS:: 03:07:58: root                                      pydial.py <trainBatch>409 :  *** Training Iteration env5-SFR-tau_nodrop_sort_noinco_4020_250100-seed1-15.1->env5-SFR-tau_nodrop_sort_noinco_4020_250100-seed1-15.2: iter=1, error-rate=15, num-dialogs=1000 ***
RESULTS:: 03:37:44: root                               EvaluationManager.py <_prstr>179 :  Results for domain: SFRestaurants --evaluated by: objective success evaluator
RESULTS:: 03:37:44: root                               EvaluationManager.py <_prstr>179 :  # of dialogues  = 1000
RESULTS:: 03:37:44: root                               EvaluationManager.py <_prstr>179 :  Average reward  = 2.58 +- 0.70
RESULTS:: 03:37:44: root                               EvaluationManager.py <_prstr>179 :  Average success = 74.50 +- 2.70
RESULTS:: 03:37:44: root                               EvaluationManager.py <_prstr>179 :  Average turns   = 12.31 +- 0.34
RESULTS:: 03:37:44: root                                   pydial.py <setEvalConfig>470 :  *** Evaluating env5-SFR-tau_nodrop_sort_noinco_4020_250100-seed1-15.2: error-rate=15 num-dialogs=500 ***
RESULTS:: 03:48:41: root                               EvaluationManager.py <_prstr>179 :  Results for domain: SFRestaurants --evaluated by: objective success evaluator
RESULTS:: 03:48:41: root                               EvaluationManager.py <_prstr>179 :  # of dialogues  = 500
RESULTS:: 03:48:41: root                               EvaluationManager.py <_prstr>179 :  Average reward  = 4.61 +- 0.88
RESULTS:: 03:48:41: root                               EvaluationManager.py <_prstr>179 :  Average success = 72.80 +- 3.91
RESULTS:: 03:48:41: root                               EvaluationManager.py <_prstr>179 :  Average turns   = 9.95 +- 0.33
RESULTS:: 03:48:41: root                                   pydial.py <train_command>791 :  List of domains: SFRestaurants
RESULTS:: 03:48:41: root                                      pydial.py <trainBatch>409 :  *** Training Iteration env5-SFR-tau_nodrop_sort_noinco_4020_250100-seed1-15.2->env5-SFR-tau_nodrop_sort_noinco_4020_250100-seed1-15.3: iter=2, error-rate=15, num-dialogs=1000 ***
RESULTS:: 04:18:21: root                               EvaluationManager.py <_prstr>179 :  Results for domain: SFRestaurants --evaluated by: objective success evaluator
RESULTS:: 04:18:21: root                               EvaluationManager.py <_prstr>179 :  # of dialogues  = 1000
RESULTS:: 04:18:21: root                               EvaluationManager.py <_prstr>179 :  Average reward  = 2.77 +- 0.72
RESULTS:: 04:18:21: root                               EvaluationManager.py <_prstr>179 :  Average success = 76.20 +- 2.64
RESULTS:: 04:18:21: root                               EvaluationManager.py <_prstr>179 :  Average turns   = 12.47 +- 0.34
RESULTS:: 04:18:21: root                                   pydial.py <setEvalConfig>470 :  *** Evaluating env5-SFR-tau_nodrop_sort_noinco_4020_250100-seed1-15.3: error-rate=15 num-dialogs=500 ***
RESULTS:: 04:30:05: root                               EvaluationManager.py <_prstr>179 :  Results for domain: SFRestaurants --evaluated by: objective success evaluator
RESULTS:: 04:30:05: root                               EvaluationManager.py <_prstr>179 :  # of dialogues  = 500
RESULTS:: 04:30:05: root                               EvaluationManager.py <_prstr>179 :  Average reward  = 4.50 +- 1.00
RESULTS:: 04:30:05: root                               EvaluationManager.py <_prstr>179 :  Average success = 76.20 +- 3.74
RESULTS:: 04:30:05: root                               EvaluationManager.py <_prstr>179 :  Average turns   = 10.74 +- 0.44
RESULTS:: 04:30:05: root                                   pydial.py <train_command>791 :  List of domains: SFRestaurants
RESULTS:: 04:30:05: root                                      pydial.py <trainBatch>409 :  *** Training Iteration env5-SFR-tau_nodrop_sort_noinco_4020_250100-seed1-15.3->env5-SFR-tau_nodrop_sort_noinco_4020_250100-seed1-15.4: iter=3, error-rate=15, num-dialogs=1000 ***
RESULTS:: 04:58:33: root                               EvaluationManager.py <_prstr>179 :  Results for domain: SFRestaurants --evaluated by: objective success evaluator
RESULTS:: 04:58:33: root                               EvaluationManager.py <_prstr>179 :  # of dialogues  = 1000
RESULTS:: 04:58:33: root                               EvaluationManager.py <_prstr>179 :  Average reward  = 4.46 +- 0.69
RESULTS:: 04:58:33: root                               EvaluationManager.py <_prstr>179 :  Average success = 81.90 +- 2.39
RESULTS:: 04:58:33: root                               EvaluationManager.py <_prstr>179 :  Average turns   = 11.92 +- 0.34
RESULTS:: 04:58:33: root                                   pydial.py <setEvalConfig>470 :  *** Evaluating env5-SFR-tau_nodrop_sort_noinco_4020_250100-seed1-15.4: error-rate=15 num-dialogs=500 ***
RESULTS:: 05:10:02: root                               EvaluationManager.py <_prstr>179 :  Results for domain: SFRestaurants --evaluated by: objective success evaluator
RESULTS:: 05:10:02: root                               EvaluationManager.py <_prstr>179 :  # of dialogues  = 500
RESULTS:: 05:10:02: root                               EvaluationManager.py <_prstr>179 :  Average reward  = 5.80 +- 0.88
RESULTS:: 05:10:02: root                               EvaluationManager.py <_prstr>179 :  Average success = 81.40 +- 3.42
RESULTS:: 05:10:02: root                               EvaluationManager.py <_prstr>179 :  Average turns   = 10.48 +- 0.40
RESULTS:: 05:10:02: root                                   pydial.py <train_command>791 :  List of domains: SFRestaurants
RESULTS:: 05:10:02: root                                      pydial.py <trainBatch>409 :  *** Training Iteration env5-SFR-tau_nodrop_sort_noinco_4020_250100-seed1-15.4->env5-SFR-tau_nodrop_sort_noinco_4020_250100-seed1-15.5: iter=4, error-rate=15, num-dialogs=1000 ***
RESULTS:: 05:38:28: root                               EvaluationManager.py <_prstr>179 :  Results for domain: SFRestaurants --evaluated by: objective success evaluator
RESULTS:: 05:38:28: root                               EvaluationManager.py <_prstr>179 :  # of dialogues  = 1000
RESULTS:: 05:38:28: root                               EvaluationManager.py <_prstr>179 :  Average reward  = 4.66 +- 0.66
RESULTS:: 05:38:28: root                               EvaluationManager.py <_prstr>179 :  Average success = 82.80 +- 2.34
RESULTS:: 05:38:28: root                               EvaluationManager.py <_prstr>179 :  Average turns   = 11.90 +- 0.33
RESULTS:: 05:38:28: root                                   pydial.py <setEvalConfig>470 :  *** Evaluating env5-SFR-tau_nodrop_sort_noinco_4020_250100-seed1-15.5: error-rate=15 num-dialogs=500 ***
RESULTS:: 05:49:21: root                               EvaluationManager.py <_prstr>179 :  Results for domain: SFRestaurants --evaluated by: objective success evaluator
RESULTS:: 05:49:21: root                               EvaluationManager.py <_prstr>179 :  # of dialogues  = 500
RESULTS:: 05:49:21: root                               EvaluationManager.py <_prstr>179 :  Average reward  = 7.41 +- 0.77
RESULTS:: 05:49:21: root                               EvaluationManager.py <_prstr>179 :  Average success = 86.80 +- 2.97
RESULTS:: 05:49:21: root                               EvaluationManager.py <_prstr>179 :  Average turns   = 9.95 +- 0.34
RESULTS:: 05:49:21: root                                   pydial.py <train_command>791 :  List of domains: SFRestaurants
RESULTS:: 05:49:21: root                                      pydial.py <trainBatch>409 :  *** Training Iteration env5-SFR-tau_nodrop_sort_noinco_4020_250100-seed1-15.5->env5-SFR-tau_nodrop_sort_noinco_4020_250100-seed1-15.6: iter=5, error-rate=15, num-dialogs=1000 ***
RESULTS:: 06:18:06: root                               EvaluationManager.py <_prstr>179 :  Results for domain: SFRestaurants --evaluated by: objective success evaluator
RESULTS:: 06:18:06: root                               EvaluationManager.py <_prstr>179 :  # of dialogues  = 1000
RESULTS:: 06:18:06: root                               EvaluationManager.py <_prstr>179 :  Average reward  = 4.33 +- 0.68
RESULTS:: 06:18:06: root                               EvaluationManager.py <_prstr>179 :  Average success = 82.20 +- 2.37
RESULTS:: 06:18:06: root                               EvaluationManager.py <_prstr>179 :  Average turns   = 12.11 +- 0.34
RESULTS:: 06:18:06: root                                   pydial.py <setEvalConfig>470 :  *** Evaluating env5-SFR-tau_nodrop_sort_noinco_4020_250100-seed1-15.6: error-rate=15 num-dialogs=500 ***
RESULTS:: 06:28:40: root                               EvaluationManager.py <_prstr>179 :  Results for domain: SFRestaurants --evaluated by: objective success evaluator
RESULTS:: 06:28:40: root                               EvaluationManager.py <_prstr>179 :  # of dialogues  = 500
RESULTS:: 06:28:40: root                               EvaluationManager.py <_prstr>179 :  Average reward  = 1.62 +- 0.91
RESULTS:: 06:28:40: root                               EvaluationManager.py <_prstr>179 :  Average success = 56.20 +- 4.36
RESULTS:: 06:28:40: root                               EvaluationManager.py <_prstr>179 :  Average turns   = 9.62 +- 0.30
RESULTS:: 06:28:40: root                                   pydial.py <train_command>791 :  List of domains: SFRestaurants
RESULTS:: 06:28:40: root                                      pydial.py <trainBatch>409 :  *** Training Iteration env5-SFR-tau_nodrop_sort_noinco_4020_250100-seed1-15.6->env5-SFR-tau_nodrop_sort_noinco_4020_250100-seed1-15.7: iter=6, error-rate=15, num-dialogs=1000 ***
RESULTS:: 06:56:51: root                               EvaluationManager.py <_prstr>179 :  Results for domain: SFRestaurants --evaluated by: objective success evaluator
RESULTS:: 06:56:51: root                               EvaluationManager.py <_prstr>179 :  # of dialogues  = 1000
RESULTS:: 06:56:51: root                               EvaluationManager.py <_prstr>179 :  Average reward  = 4.63 +- 0.63
RESULTS:: 06:56:51: root                               EvaluationManager.py <_prstr>179 :  Average success = 81.70 +- 2.40
RESULTS:: 06:56:51: root                               EvaluationManager.py <_prstr>179 :  Average turns   = 11.71 +- 0.31
RESULTS:: 06:56:51: root                                   pydial.py <setEvalConfig>470 :  *** Evaluating env5-SFR-tau_nodrop_sort_noinco_4020_250100-seed1-15.7: error-rate=15 num-dialogs=500 ***
RESULTS:: 07:07:38: root                               EvaluationManager.py <_prstr>179 :  Results for domain: SFRestaurants --evaluated by: objective success evaluator
RESULTS:: 07:07:38: root                               EvaluationManager.py <_prstr>179 :  # of dialogues  = 500
RESULTS:: 07:07:38: root                               EvaluationManager.py <_prstr>179 :  Average reward  = 5.68 +- 0.91
RESULTS:: 07:07:38: root                               EvaluationManager.py <_prstr>179 :  Average success = 77.20 +- 3.69
RESULTS:: 07:07:38: root                               EvaluationManager.py <_prstr>179 :  Average turns   = 9.76 +- 0.32
RESULTS:: 07:07:38: root                                   pydial.py <train_command>791 :  List of domains: SFRestaurants
RESULTS:: 07:07:38: root                                      pydial.py <trainBatch>409 :  *** Training Iteration env5-SFR-tau_nodrop_sort_noinco_4020_250100-seed1-15.7->env5-SFR-tau_nodrop_sort_noinco_4020_250100-seed1-15.8: iter=7, error-rate=15, num-dialogs=1000 ***
RESULTS:: 07:35:52: root                               EvaluationManager.py <_prstr>179 :  Results for domain: SFRestaurants --evaluated by: objective success evaluator
RESULTS:: 07:35:52: root                               EvaluationManager.py <_prstr>179 :  # of dialogues  = 1000
RESULTS:: 07:35:52: root                               EvaluationManager.py <_prstr>179 :  Average reward  = 4.95 +- 0.63
RESULTS:: 07:35:52: root                               EvaluationManager.py <_prstr>179 :  Average success = 83.20 +- 2.32
RESULTS:: 07:35:52: root                               EvaluationManager.py <_prstr>179 :  Average turns   = 11.69 +- 0.31
RESULTS:: 07:35:52: root                                   pydial.py <setEvalConfig>470 :  *** Evaluating env5-SFR-tau_nodrop_sort_noinco_4020_250100-seed1-15.8: error-rate=15 num-dialogs=500 ***
RESULTS:: 07:46:47: root                               EvaluationManager.py <_prstr>179 :  Results for domain: SFRestaurants --evaluated by: objective success evaluator
RESULTS:: 07:46:47: root                               EvaluationManager.py <_prstr>179 :  # of dialogues  = 500
RESULTS:: 07:46:47: root                               EvaluationManager.py <_prstr>179 :  Average reward  = 8.92 +- 0.67
RESULTS:: 07:46:47: root                               EvaluationManager.py <_prstr>179 :  Average success = 92.60 +- 2.30
RESULTS:: 07:46:47: root                               EvaluationManager.py <_prstr>179 :  Average turns   = 9.60 +- 0.36
RESULTS:: 07:46:47: root                                   pydial.py <train_command>791 :  List of domains: SFRestaurants
RESULTS:: 07:46:47: root                                      pydial.py <trainBatch>409 :  *** Training Iteration env5-SFR-tau_nodrop_sort_noinco_4020_250100-seed1-15.8->env5-SFR-tau_nodrop_sort_noinco_4020_250100-seed1-15.9: iter=8, error-rate=15, num-dialogs=1000 ***
RESULTS:: 08:15:50: root                               EvaluationManager.py <_prstr>179 :  Results for domain: SFRestaurants --evaluated by: objective success evaluator
RESULTS:: 08:15:50: root                               EvaluationManager.py <_prstr>179 :  # of dialogues  = 1000
RESULTS:: 08:15:50: root                               EvaluationManager.py <_prstr>179 :  Average reward  = 4.54 +- 0.67
RESULTS:: 08:15:50: root                               EvaluationManager.py <_prstr>179 :  Average success = 82.00 +- 2.38
RESULTS:: 08:15:50: root                               EvaluationManager.py <_prstr>179 :  Average turns   = 11.86 +- 0.33
RESULTS:: 08:15:50: root                                   pydial.py <setEvalConfig>470 :  *** Evaluating env5-SFR-tau_nodrop_sort_noinco_4020_250100-seed1-15.9: error-rate=15 num-dialogs=500 ***
RESULTS:: 08:27:12: root                               EvaluationManager.py <_prstr>179 :  Results for domain: SFRestaurants --evaluated by: objective success evaluator
RESULTS:: 08:27:12: root                               EvaluationManager.py <_prstr>179 :  # of dialogues  = 500
RESULTS:: 08:27:12: root                               EvaluationManager.py <_prstr>179 :  Average reward  = 6.02 +- 0.85
RESULTS:: 08:27:12: root                               EvaluationManager.py <_prstr>179 :  Average success = 80.40 +- 3.49
RESULTS:: 08:27:12: root                               EvaluationManager.py <_prstr>179 :  Average turns   = 10.06 +- 0.37
RESULTS:: 08:27:12: root                                   pydial.py <train_command>791 :  List of domains: SFRestaurants
RESULTS:: 08:27:12: root                                      pydial.py <trainBatch>409 :  *** Training Iteration env5-SFR-tau_nodrop_sort_noinco_4020_250100-seed1-15.9->env5-SFR-tau_nodrop_sort_noinco_4020_250100-seed1-15.10: iter=9, error-rate=15, num-dialogs=1000 ***
RESULTS:: 08:56:31: root                               EvaluationManager.py <_prstr>179 :  Results for domain: SFRestaurants --evaluated by: objective success evaluator
RESULTS:: 08:56:31: root                               EvaluationManager.py <_prstr>179 :  # of dialogues  = 1000
RESULTS:: 08:56:31: root                               EvaluationManager.py <_prstr>179 :  Average reward  = 3.86 +- 0.69
RESULTS:: 08:56:31: root                               EvaluationManager.py <_prstr>179 :  Average success = 80.50 +- 2.46
RESULTS:: 08:56:31: root                               EvaluationManager.py <_prstr>179 :  Average turns   = 12.24 +- 0.34
RESULTS:: 08:56:31: root                                   pydial.py <setEvalConfig>470 :  *** Evaluating env5-SFR-tau_nodrop_sort_noinco_4020_250100-seed1-15.10: error-rate=15 num-dialogs=500 ***
RESULTS:: 09:06:37: root                               EvaluationManager.py <_prstr>179 :  Results for domain: SFRestaurants --evaluated by: objective success evaluator
RESULTS:: 09:06:37: root                               EvaluationManager.py <_prstr>179 :  # of dialogues  = 500
RESULTS:: 09:06:37: root                               EvaluationManager.py <_prstr>179 :  Average reward  = 6.49 +- 0.89
RESULTS:: 09:06:37: root                               EvaluationManager.py <_prstr>179 :  Average success = 83.00 +- 3.30
RESULTS:: 09:06:37: root                               EvaluationManager.py <_prstr>179 :  Average turns   = 10.11 +- 0.40
RESULTS:: 09:06:37: root                                   pydial.py <train_command>807 :  *** Training complete. log: env5-SFR-tau_nodrop_sort_noinco_4020_250100-seed1-15.1-10.train.log - final policy is env5-SFR-tau_nodrop_sort_noinco_4020_250100-15-10
