RESULTS:: 02:31:42: root                                   pydial.py <train_command>791 :  List of domains: SFRestaurants
RESULTS:: 02:31:42: root                                      pydial.py <trainBatch>409 :  *** Training Iteration env5-SFR-tau_nodrop_sort_noinco_4020_250100-seed8-15.0->env5-SFR-tau_nodrop_sort_noinco_4020_250100-seed8-15.1: iter=0, error-rate=15, num-dialogs=1000 ***
RESULTS:: 02:58:46: root                               EvaluationManager.py <_prstr>179 :  Results for domain: SFRestaurants --evaluated by: objective success evaluator
RESULTS:: 02:58:46: root                               EvaluationManager.py <_prstr>179 :  # of dialogues  = 1000
RESULTS:: 02:58:46: root                               EvaluationManager.py <_prstr>179 :  Average reward  = -1.36 +- 0.71
RESULTS:: 02:58:46: root                               EvaluationManager.py <_prstr>179 :  Average success = 51.20 +- 3.10
RESULTS:: 02:58:46: root                               EvaluationManager.py <_prstr>179 :  Average turns   = 11.60 +- 0.30
RESULTS:: 02:58:46: root                                   pydial.py <setEvalConfig>470 :  *** Evaluating env5-SFR-tau_nodrop_sort_noinco_4020_250100-seed8-15.1: error-rate=15 num-dialogs=500 ***
RESULTS:: 03:08:47: root                               EvaluationManager.py <_prstr>179 :  Results for domain: SFRestaurants --evaluated by: objective success evaluator
RESULTS:: 03:08:47: root                               EvaluationManager.py <_prstr>179 :  # of dialogues  = 500
RESULTS:: 03:08:47: root                               EvaluationManager.py <_prstr>179 :  Average reward  = 3.12 +- 0.94
RESULTS:: 03:08:47: root                               EvaluationManager.py <_prstr>179 :  Average success = 63.20 +- 4.24
RESULTS:: 03:08:47: root                               EvaluationManager.py <_prstr>179 :  Average turns   = 9.52 +- 0.29
RESULTS:: 03:08:47: root                                   pydial.py <train_command>791 :  List of domains: SFRestaurants
RESULTS:: 03:08:47: root                                      pydial.py <trainBatch>409 :  *** Training Iteration env5-SFR-tau_nodrop_sort_noinco_4020_250100-seed8-15.1->env5-SFR-tau_nodrop_sort_noinco_4020_250100-seed8-15.2: iter=1, error-rate=15, num-dialogs=1000 ***
RESULTS:: 03:38:01: root                               EvaluationManager.py <_prstr>179 :  Results for domain: SFRestaurants --evaluated by: objective success evaluator
RESULTS:: 03:38:01: root                               EvaluationManager.py <_prstr>179 :  # of dialogues  = 1000
RESULTS:: 03:38:01: root                               EvaluationManager.py <_prstr>179 :  Average reward  = 2.97 +- 0.71
RESULTS:: 03:38:01: root                               EvaluationManager.py <_prstr>179 :  Average success = 76.00 +- 2.65
RESULTS:: 03:38:01: root                               EvaluationManager.py <_prstr>179 :  Average turns   = 12.23 +- 0.33
RESULTS:: 03:38:01: root                                   pydial.py <setEvalConfig>470 :  *** Evaluating env5-SFR-tau_nodrop_sort_noinco_4020_250100-seed8-15.2: error-rate=15 num-dialogs=500 ***
RESULTS:: 03:48:19: root                               EvaluationManager.py <_prstr>179 :  Results for domain: SFRestaurants --evaluated by: objective success evaluator
RESULTS:: 03:48:19: root                               EvaluationManager.py <_prstr>179 :  # of dialogues  = 500
RESULTS:: 03:48:19: root                               EvaluationManager.py <_prstr>179 :  Average reward  = 0.96 +- 1.00
RESULTS:: 03:48:19: root                               EvaluationManager.py <_prstr>179 :  Average success = 53.20 +- 4.38
RESULTS:: 03:48:19: root                               EvaluationManager.py <_prstr>179 :  Average turns   = 9.68 +- 0.31
RESULTS:: 03:48:19: root                                   pydial.py <train_command>791 :  List of domains: SFRestaurants
RESULTS:: 03:48:19: root                                      pydial.py <trainBatch>409 :  *** Training Iteration env5-SFR-tau_nodrop_sort_noinco_4020_250100-seed8-15.2->env5-SFR-tau_nodrop_sort_noinco_4020_250100-seed8-15.3: iter=2, error-rate=15, num-dialogs=1000 ***
RESULTS:: 04:17:09: root                               EvaluationManager.py <_prstr>179 :  Results for domain: SFRestaurants --evaluated by: objective success evaluator
RESULTS:: 04:17:09: root                               EvaluationManager.py <_prstr>179 :  # of dialogues  = 1000
RESULTS:: 04:17:09: root                               EvaluationManager.py <_prstr>179 :  Average reward  = 3.49 +- 0.70
RESULTS:: 04:17:09: root                               EvaluationManager.py <_prstr>179 :  Average success = 78.20 +- 2.56
RESULTS:: 04:17:09: root                               EvaluationManager.py <_prstr>179 :  Average turns   = 12.15 +- 0.33
RESULTS:: 04:17:09: root                                   pydial.py <setEvalConfig>470 :  *** Evaluating env5-SFR-tau_nodrop_sort_noinco_4020_250100-seed8-15.3: error-rate=15 num-dialogs=500 ***
RESULTS:: 04:28:23: root                               EvaluationManager.py <_prstr>179 :  Results for domain: SFRestaurants --evaluated by: objective success evaluator
RESULTS:: 04:28:23: root                               EvaluationManager.py <_prstr>179 :  # of dialogues  = 500
RESULTS:: 04:28:23: root                               EvaluationManager.py <_prstr>179 :  Average reward  = 4.71 +- 0.94
RESULTS:: 04:28:23: root                               EvaluationManager.py <_prstr>179 :  Average success = 75.20 +- 3.79
RESULTS:: 04:28:23: root                               EvaluationManager.py <_prstr>179 :  Average turns   = 10.33 +- 0.35
RESULTS:: 04:28:23: root                                   pydial.py <train_command>791 :  List of domains: SFRestaurants
RESULTS:: 04:28:23: root                                      pydial.py <trainBatch>409 :  *** Training Iteration env5-SFR-tau_nodrop_sort_noinco_4020_250100-seed8-15.3->env5-SFR-tau_nodrop_sort_noinco_4020_250100-seed8-15.4: iter=3, error-rate=15, num-dialogs=1000 ***
RESULTS:: 04:56:41: root                               EvaluationManager.py <_prstr>179 :  Results for domain: SFRestaurants --evaluated by: objective success evaluator
RESULTS:: 04:56:41: root                               EvaluationManager.py <_prstr>179 :  # of dialogues  = 1000
RESULTS:: 04:56:41: root                               EvaluationManager.py <_prstr>179 :  Average reward  = 4.42 +- 0.64
RESULTS:: 04:56:41: root                               EvaluationManager.py <_prstr>179 :  Average success = 81.40 +- 2.41
RESULTS:: 04:56:41: root                               EvaluationManager.py <_prstr>179 :  Average turns   = 11.86 +- 0.32
RESULTS:: 04:56:41: root                                   pydial.py <setEvalConfig>470 :  *** Evaluating env5-SFR-tau_nodrop_sort_noinco_4020_250100-seed8-15.4: error-rate=15 num-dialogs=500 ***
RESULTS:: 05:07:54: root                               EvaluationManager.py <_prstr>179 :  Results for domain: SFRestaurants --evaluated by: objective success evaluator
RESULTS:: 05:07:54: root                               EvaluationManager.py <_prstr>179 :  # of dialogues  = 500
RESULTS:: 05:07:54: root                               EvaluationManager.py <_prstr>179 :  Average reward  = 6.09 +- 0.88
RESULTS:: 05:07:54: root                               EvaluationManager.py <_prstr>179 :  Average success = 80.60 +- 3.47
RESULTS:: 05:07:54: root                               EvaluationManager.py <_prstr>179 :  Average turns   = 10.03 +- 0.36
RESULTS:: 05:07:54: root                                   pydial.py <train_command>791 :  List of domains: SFRestaurants
RESULTS:: 05:07:54: root                                      pydial.py <trainBatch>409 :  *** Training Iteration env5-SFR-tau_nodrop_sort_noinco_4020_250100-seed8-15.4->env5-SFR-tau_nodrop_sort_noinco_4020_250100-seed8-15.5: iter=4, error-rate=15, num-dialogs=1000 ***
RESULTS:: 05:36:47: root                               EvaluationManager.py <_prstr>179 :  Results for domain: SFRestaurants --evaluated by: objective success evaluator
RESULTS:: 05:36:47: root                               EvaluationManager.py <_prstr>179 :  # of dialogues  = 1000
RESULTS:: 05:36:47: root                               EvaluationManager.py <_prstr>179 :  Average reward  = 3.44 +- 0.68
RESULTS:: 05:36:47: root                               EvaluationManager.py <_prstr>179 :  Average success = 78.50 +- 2.55
RESULTS:: 05:36:47: root                               EvaluationManager.py <_prstr>179 :  Average turns   = 12.26 +- 0.31
RESULTS:: 05:36:47: root                                   pydial.py <setEvalConfig>470 :  *** Evaluating env5-SFR-tau_nodrop_sort_noinco_4020_250100-seed8-15.5: error-rate=15 num-dialogs=500 ***
RESULTS:: 05:47:20: root                               EvaluationManager.py <_prstr>179 :  Results for domain: SFRestaurants --evaluated by: objective success evaluator
RESULTS:: 05:47:20: root                               EvaluationManager.py <_prstr>179 :  # of dialogues  = 500
RESULTS:: 05:47:20: root                               EvaluationManager.py <_prstr>179 :  Average reward  = 7.93 +- 0.78
RESULTS:: 05:47:20: root                               EvaluationManager.py <_prstr>179 :  Average success = 87.40 +- 2.92
RESULTS:: 05:47:20: root                               EvaluationManager.py <_prstr>179 :  Average turns   = 9.55 +- 0.32
RESULTS:: 05:47:20: root                                   pydial.py <train_command>791 :  List of domains: SFRestaurants
RESULTS:: 05:47:20: root                                      pydial.py <trainBatch>409 :  *** Training Iteration env5-SFR-tau_nodrop_sort_noinco_4020_250100-seed8-15.5->env5-SFR-tau_nodrop_sort_noinco_4020_250100-seed8-15.6: iter=5, error-rate=15, num-dialogs=1000 ***
RESULTS:: 06:15:48: root                               EvaluationManager.py <_prstr>179 :  Results for domain: SFRestaurants --evaluated by: objective success evaluator
RESULTS:: 06:15:48: root                               EvaluationManager.py <_prstr>179 :  # of dialogues  = 1000
RESULTS:: 06:15:48: root                               EvaluationManager.py <_prstr>179 :  Average reward  = 4.43 +- 0.67
RESULTS:: 06:15:48: root                               EvaluationManager.py <_prstr>179 :  Average success = 81.90 +- 2.39
RESULTS:: 06:15:48: root                               EvaluationManager.py <_prstr>179 :  Average turns   = 11.95 +- 0.33
RESULTS:: 06:15:48: root                                   pydial.py <setEvalConfig>470 :  *** Evaluating env5-SFR-tau_nodrop_sort_noinco_4020_250100-seed8-15.6: error-rate=15 num-dialogs=500 ***
RESULTS:: 06:26:59: root                               EvaluationManager.py <_prstr>179 :  Results for domain: SFRestaurants --evaluated by: objective success evaluator
RESULTS:: 06:26:59: root                               EvaluationManager.py <_prstr>179 :  # of dialogues  = 500
RESULTS:: 06:26:59: root                               EvaluationManager.py <_prstr>179 :  Average reward  = 3.95 +- 0.95
RESULTS:: 06:26:59: root                               EvaluationManager.py <_prstr>179 :  Average success = 71.00 +- 3.99
RESULTS:: 06:26:59: root                               EvaluationManager.py <_prstr>179 :  Average turns   = 10.25 +- 0.36
RESULTS:: 06:26:59: root                                   pydial.py <train_command>791 :  List of domains: SFRestaurants
RESULTS:: 06:26:59: root                                      pydial.py <trainBatch>409 :  *** Training Iteration env5-SFR-tau_nodrop_sort_noinco_4020_250100-seed8-15.6->env5-SFR-tau_nodrop_sort_noinco_4020_250100-seed8-15.7: iter=6, error-rate=15, num-dialogs=1000 ***
RESULTS:: 06:56:16: root                               EvaluationManager.py <_prstr>179 :  Results for domain: SFRestaurants --evaluated by: objective success evaluator
RESULTS:: 06:56:16: root                               EvaluationManager.py <_prstr>179 :  # of dialogues  = 1000
RESULTS:: 06:56:16: root                               EvaluationManager.py <_prstr>179 :  Average reward  = 3.86 +- 0.69
RESULTS:: 06:56:16: root                               EvaluationManager.py <_prstr>179 :  Average success = 81.00 +- 2.43
RESULTS:: 06:56:16: root                               EvaluationManager.py <_prstr>179 :  Average turns   = 12.34 +- 0.33
RESULTS:: 06:56:16: root                                   pydial.py <setEvalConfig>470 :  *** Evaluating env5-SFR-tau_nodrop_sort_noinco_4020_250100-seed8-15.7: error-rate=15 num-dialogs=500 ***
RESULTS:: 07:07:08: root                               EvaluationManager.py <_prstr>179 :  Results for domain: SFRestaurants --evaluated by: objective success evaluator
RESULTS:: 07:07:08: root                               EvaluationManager.py <_prstr>179 :  # of dialogues  = 500
RESULTS:: 07:07:08: root                               EvaluationManager.py <_prstr>179 :  Average reward  = 7.22 +- 0.75
RESULTS:: 07:07:08: root                               EvaluationManager.py <_prstr>179 :  Average success = 85.40 +- 3.10
RESULTS:: 07:07:08: root                               EvaluationManager.py <_prstr>179 :  Average turns   = 9.86 +- 0.34
RESULTS:: 07:07:08: root                                   pydial.py <train_command>791 :  List of domains: SFRestaurants
RESULTS:: 07:07:08: root                                      pydial.py <trainBatch>409 :  *** Training Iteration env5-SFR-tau_nodrop_sort_noinco_4020_250100-seed8-15.7->env5-SFR-tau_nodrop_sort_noinco_4020_250100-seed8-15.8: iter=7, error-rate=15, num-dialogs=1000 ***
RESULTS:: 07:35:30: root                               EvaluationManager.py <_prstr>179 :  Results for domain: SFRestaurants --evaluated by: objective success evaluator
RESULTS:: 07:35:30: root                               EvaluationManager.py <_prstr>179 :  # of dialogues  = 1000
RESULTS:: 07:35:30: root                               EvaluationManager.py <_prstr>179 :  Average reward  = 4.69 +- 0.66
RESULTS:: 07:35:30: root                               EvaluationManager.py <_prstr>179 :  Average success = 82.70 +- 2.35
RESULTS:: 07:35:30: root                               EvaluationManager.py <_prstr>179 :  Average turns   = 11.85 +- 0.33
RESULTS:: 07:35:30: root                                   pydial.py <setEvalConfig>470 :  *** Evaluating env5-SFR-tau_nodrop_sort_noinco_4020_250100-seed8-15.8: error-rate=15 num-dialogs=500 ***
RESULTS:: 07:46:46: root                               EvaluationManager.py <_prstr>179 :  Results for domain: SFRestaurants --evaluated by: objective success evaluator
RESULTS:: 07:46:46: root                               EvaluationManager.py <_prstr>179 :  # of dialogues  = 500
RESULTS:: 07:46:46: root                               EvaluationManager.py <_prstr>179 :  Average reward  = 6.99 +- 0.79
RESULTS:: 07:46:46: root                               EvaluationManager.py <_prstr>179 :  Average success = 84.80 +- 3.15
RESULTS:: 07:46:46: root                               EvaluationManager.py <_prstr>179 :  Average turns   = 9.97 +- 0.35
RESULTS:: 07:46:46: root                                   pydial.py <train_command>791 :  List of domains: SFRestaurants
RESULTS:: 07:46:46: root                                      pydial.py <trainBatch>409 :  *** Training Iteration env5-SFR-tau_nodrop_sort_noinco_4020_250100-seed8-15.8->env5-SFR-tau_nodrop_sort_noinco_4020_250100-seed8-15.9: iter=8, error-rate=15, num-dialogs=1000 ***
RESULTS:: 08:16:44: root                               EvaluationManager.py <_prstr>179 :  Results for domain: SFRestaurants --evaluated by: objective success evaluator
RESULTS:: 08:16:44: root                               EvaluationManager.py <_prstr>179 :  # of dialogues  = 1000
RESULTS:: 08:16:44: root                               EvaluationManager.py <_prstr>179 :  Average reward  = 3.28 +- 0.69
RESULTS:: 08:16:44: root                               EvaluationManager.py <_prstr>179 :  Average success = 78.30 +- 2.56
RESULTS:: 08:16:44: root                               EvaluationManager.py <_prstr>179 :  Average turns   = 12.38 +- 0.33
RESULTS:: 08:16:44: root                                   pydial.py <setEvalConfig>470 :  *** Evaluating env5-SFR-tau_nodrop_sort_noinco_4020_250100-seed8-15.9: error-rate=15 num-dialogs=500 ***
RESULTS:: 08:27:54: root                               EvaluationManager.py <_prstr>179 :  Results for domain: SFRestaurants --evaluated by: objective success evaluator
RESULTS:: 08:27:54: root                               EvaluationManager.py <_prstr>179 :  # of dialogues  = 500
RESULTS:: 08:27:54: root                               EvaluationManager.py <_prstr>179 :  Average reward  = 8.29 +- 0.70
RESULTS:: 08:27:54: root                               EvaluationManager.py <_prstr>179 :  Average success = 91.00 +- 2.51
RESULTS:: 08:27:54: root                               EvaluationManager.py <_prstr>179 :  Average turns   = 9.91 +- 0.37
RESULTS:: 08:27:54: root                                   pydial.py <train_command>791 :  List of domains: SFRestaurants
RESULTS:: 08:27:54: root                                      pydial.py <trainBatch>409 :  *** Training Iteration env5-SFR-tau_nodrop_sort_noinco_4020_250100-seed8-15.9->env5-SFR-tau_nodrop_sort_noinco_4020_250100-seed8-15.10: iter=9, error-rate=15, num-dialogs=1000 ***
RESULTS:: 08:56:25: root                               EvaluationManager.py <_prstr>179 :  Results for domain: SFRestaurants --evaluated by: objective success evaluator
RESULTS:: 08:56:25: root                               EvaluationManager.py <_prstr>179 :  # of dialogues  = 1000
RESULTS:: 08:56:25: root                               EvaluationManager.py <_prstr>179 :  Average reward  = 5.69 +- 0.61
RESULTS:: 08:56:25: root                               EvaluationManager.py <_prstr>179 :  Average success = 87.40 +- 2.06
RESULTS:: 08:56:25: root                               EvaluationManager.py <_prstr>179 :  Average turns   = 11.79 +- 0.32
RESULTS:: 08:56:25: root                                   pydial.py <setEvalConfig>470 :  *** Evaluating env5-SFR-tau_nodrop_sort_noinco_4020_250100-seed8-15.10: error-rate=15 num-dialogs=500 ***
RESULTS:: 09:06:33: root                               EvaluationManager.py <_prstr>179 :  Results for domain: SFRestaurants --evaluated by: objective success evaluator
RESULTS:: 09:06:33: root                               EvaluationManager.py <_prstr>179 :  # of dialogues  = 500
RESULTS:: 09:06:33: root                               EvaluationManager.py <_prstr>179 :  Average reward  = 6.77 +- 0.80
RESULTS:: 09:06:33: root                               EvaluationManager.py <_prstr>179 :  Average success = 84.80 +- 3.15
RESULTS:: 09:06:33: root                               EvaluationManager.py <_prstr>179 :  Average turns   = 10.19 +- 0.37
RESULTS:: 09:06:33: root                                   pydial.py <train_command>807 :  *** Training complete. log: env5-SFR-tau_nodrop_sort_noinco_4020_250100-seed8-15.1-10.train.log - final policy is env5-SFR-tau_nodrop_sort_noinco_4020_250100-15-10
