RESULTS:: 07:23:56: root                                   pydial.py <train_command>791 :  List of domains: SFRestaurants
RESULTS:: 07:23:56: root                                      pydial.py <trainBatch>409 :  *** Training Iteration env1-SFR-tau_nodrop_sort_noinco_4020_250100-seed1-00.0->env1-SFR-tau_nodrop_sort_noinco_4020_250100-seed1-00.1: iter=0, error-rate=0, num-dialogs=1000 ***
RESULTS:: 07:45:21: root                               EvaluationManager.py <_prstr>179 :  Results for domain: SFRestaurants --evaluated by: objective success evaluator
RESULTS:: 07:45:21: root                               EvaluationManager.py <_prstr>179 :  # of dialogues  = 1000
RESULTS:: 07:45:21: root                               EvaluationManager.py <_prstr>179 :  Average reward  = 3.92 +- 0.66
RESULTS:: 07:45:21: root                               EvaluationManager.py <_prstr>179 :  Average success = 64.40 +- 2.97
RESULTS:: 07:45:21: root                               EvaluationManager.py <_prstr>179 :  Average turns   = 8.96 +- 0.21
RESULTS:: 07:45:21: root                                   pydial.py <setEvalConfig>470 :  *** Evaluating env1-SFR-tau_nodrop_sort_noinco_4020_250100-seed1-00.1: error-rate=0 num-dialogs=500 ***
RESULTS:: 07:53:53: root                               EvaluationManager.py <_prstr>179 :  Results for domain: SFRestaurants --evaluated by: objective success evaluator
RESULTS:: 07:53:53: root                               EvaluationManager.py <_prstr>179 :  # of dialogues  = 500
RESULTS:: 07:53:53: root                               EvaluationManager.py <_prstr>179 :  Average reward  = 12.26 +- 0.39
RESULTS:: 07:53:53: root                               EvaluationManager.py <_prstr>179 :  Average success = 97.40 +- 1.40
RESULTS:: 07:53:53: root                               EvaluationManager.py <_prstr>179 :  Average turns   = 7.22 +- 0.24
RESULTS:: 07:53:53: root                                   pydial.py <train_command>791 :  List of domains: SFRestaurants
RESULTS:: 07:53:53: root                                      pydial.py <trainBatch>409 :  *** Training Iteration env1-SFR-tau_nodrop_sort_noinco_4020_250100-seed1-00.1->env1-SFR-tau_nodrop_sort_noinco_4020_250100-seed1-00.2: iter=1, error-rate=0, num-dialogs=1000 ***
RESULTS:: 08:15:21: root                               EvaluationManager.py <_prstr>179 :  Results for domain: SFRestaurants --evaluated by: objective success evaluator
RESULTS:: 08:15:21: root                               EvaluationManager.py <_prstr>179 :  # of dialogues  = 1000
RESULTS:: 08:15:21: root                               EvaluationManager.py <_prstr>179 :  Average reward  = 10.17 +- 0.42
RESULTS:: 08:15:21: root                               EvaluationManager.py <_prstr>179 :  Average success = 92.30 +- 1.65
RESULTS:: 08:15:21: root                               EvaluationManager.py <_prstr>179 :  Average turns   = 8.29 +- 0.20
RESULTS:: 08:15:21: root                                   pydial.py <setEvalConfig>470 :  *** Evaluating env1-SFR-tau_nodrop_sort_noinco_4020_250100-seed1-00.2: error-rate=0 num-dialogs=500 ***
RESULTS:: 08:23:24: root                               EvaluationManager.py <_prstr>179 :  Results for domain: SFRestaurants --evaluated by: objective success evaluator
RESULTS:: 08:23:24: root                               EvaluationManager.py <_prstr>179 :  # of dialogues  = 500
RESULTS:: 08:23:24: root                               EvaluationManager.py <_prstr>179 :  Average reward  = 10.05 +- 0.71
RESULTS:: 08:23:24: root                               EvaluationManager.py <_prstr>179 :  Average success = 86.20 +- 3.03
RESULTS:: 08:23:24: root                               EvaluationManager.py <_prstr>179 :  Average turns   = 7.19 +- 0.23
RESULTS:: 08:23:24: root                                   pydial.py <train_command>791 :  List of domains: SFRestaurants
RESULTS:: 08:23:24: root                                      pydial.py <trainBatch>409 :  *** Training Iteration env1-SFR-tau_nodrop_sort_noinco_4020_250100-seed1-00.2->env1-SFR-tau_nodrop_sort_noinco_4020_250100-seed1-00.3: iter=2, error-rate=0, num-dialogs=1000 ***
RESULTS:: 08:44:50: root                               EvaluationManager.py <_prstr>179 :  Results for domain: SFRestaurants --evaluated by: objective success evaluator
RESULTS:: 08:44:50: root                               EvaluationManager.py <_prstr>179 :  # of dialogues  = 1000
RESULTS:: 08:44:50: root                               EvaluationManager.py <_prstr>179 :  Average reward  = 9.83 +- 0.47
RESULTS:: 08:44:50: root                               EvaluationManager.py <_prstr>179 :  Average success = 90.90 +- 1.78
RESULTS:: 08:44:50: root                               EvaluationManager.py <_prstr>179 :  Average turns   = 8.35 +- 0.22
RESULTS:: 08:44:50: root                                   pydial.py <setEvalConfig>470 :  *** Evaluating env1-SFR-tau_nodrop_sort_noinco_4020_250100-seed1-00.3: error-rate=0 num-dialogs=500 ***
RESULTS:: 08:52:27: root                               EvaluationManager.py <_prstr>179 :  Results for domain: SFRestaurants --evaluated by: objective success evaluator
RESULTS:: 08:52:27: root                               EvaluationManager.py <_prstr>179 :  # of dialogues  = 500
RESULTS:: 08:52:27: root                               EvaluationManager.py <_prstr>179 :  Average reward  = 12.05 +- 0.52
RESULTS:: 08:52:27: root                               EvaluationManager.py <_prstr>179 :  Average success = 94.40 +- 2.02
RESULTS:: 08:52:27: root                               EvaluationManager.py <_prstr>179 :  Average turns   = 6.83 +- 0.21
RESULTS:: 08:52:27: root                                   pydial.py <train_command>791 :  List of domains: SFRestaurants
RESULTS:: 08:52:27: root                                      pydial.py <trainBatch>409 :  *** Training Iteration env1-SFR-tau_nodrop_sort_noinco_4020_250100-seed1-00.3->env1-SFR-tau_nodrop_sort_noinco_4020_250100-seed1-00.4: iter=3, error-rate=0, num-dialogs=1000 ***
RESULTS:: 09:11:44: root                               EvaluationManager.py <_prstr>179 :  Results for domain: SFRestaurants --evaluated by: objective success evaluator
RESULTS:: 09:11:44: root                               EvaluationManager.py <_prstr>179 :  # of dialogues  = 1000
RESULTS:: 09:11:44: root                               EvaluationManager.py <_prstr>179 :  Average reward  = 9.67 +- 0.46
RESULTS:: 09:11:44: root                               EvaluationManager.py <_prstr>179 :  Average success = 90.30 +- 1.84
RESULTS:: 09:11:44: root                               EvaluationManager.py <_prstr>179 :  Average turns   = 8.39 +- 0.21
RESULTS:: 09:11:44: root                                   pydial.py <setEvalConfig>470 :  *** Evaluating env1-SFR-tau_nodrop_sort_noinco_4020_250100-seed1-00.4: error-rate=0 num-dialogs=500 ***
RESULTS:: 09:18:49: root                               EvaluationManager.py <_prstr>179 :  Results for domain: SFRestaurants --evaluated by: objective success evaluator
RESULTS:: 09:18:49: root                               EvaluationManager.py <_prstr>179 :  # of dialogues  = 500
RESULTS:: 09:18:49: root                               EvaluationManager.py <_prstr>179 :  Average reward  = 7.43 +- 0.87
RESULTS:: 09:18:49: root                               EvaluationManager.py <_prstr>179 :  Average success = 74.00 +- 3.85
RESULTS:: 09:18:49: root                               EvaluationManager.py <_prstr>179 :  Average turns   = 7.37 +- 0.22
RESULTS:: 09:18:49: root                                   pydial.py <train_command>791 :  List of domains: SFRestaurants
RESULTS:: 09:18:49: root                                      pydial.py <trainBatch>409 :  *** Training Iteration env1-SFR-tau_nodrop_sort_noinco_4020_250100-seed1-00.4->env1-SFR-tau_nodrop_sort_noinco_4020_250100-seed1-00.5: iter=4, error-rate=0, num-dialogs=1000 ***
RESULTS:: 09:37:02: root                               EvaluationManager.py <_prstr>179 :  Results for domain: SFRestaurants --evaluated by: objective success evaluator
RESULTS:: 09:37:02: root                               EvaluationManager.py <_prstr>179 :  # of dialogues  = 1000
RESULTS:: 09:37:02: root                               EvaluationManager.py <_prstr>179 :  Average reward  = 9.32 +- 0.48
RESULTS:: 09:37:02: root                               EvaluationManager.py <_prstr>179 :  Average success = 88.60 +- 1.97
RESULTS:: 09:37:02: root                               EvaluationManager.py <_prstr>179 :  Average turns   = 8.40 +- 0.20
RESULTS:: 09:37:02: root                                   pydial.py <setEvalConfig>470 :  *** Evaluating env1-SFR-tau_nodrop_sort_noinco_4020_250100-seed1-00.5: error-rate=0 num-dialogs=500 ***
RESULTS:: 09:43:28: root                               EvaluationManager.py <_prstr>179 :  Results for domain: SFRestaurants --evaluated by: objective success evaluator
RESULTS:: 09:43:28: root                               EvaluationManager.py <_prstr>179 :  # of dialogues  = 500
RESULTS:: 09:43:28: root                               EvaluationManager.py <_prstr>179 :  Average reward  = 8.17 +- 0.83
RESULTS:: 09:43:28: root                               EvaluationManager.py <_prstr>179 :  Average success = 75.00 +- 3.80
RESULTS:: 09:43:28: root                               EvaluationManager.py <_prstr>179 :  Average turns   = 6.83 +- 0.21
RESULTS:: 09:43:28: root                                   pydial.py <train_command>791 :  List of domains: SFRestaurants
RESULTS:: 09:43:28: root                                      pydial.py <trainBatch>409 :  *** Training Iteration env1-SFR-tau_nodrop_sort_noinco_4020_250100-seed1-00.5->env1-SFR-tau_nodrop_sort_noinco_4020_250100-seed1-00.6: iter=5, error-rate=0, num-dialogs=1000 ***
RESULTS:: 10:05:20: root                               EvaluationManager.py <_prstr>179 :  Results for domain: SFRestaurants --evaluated by: objective success evaluator
RESULTS:: 10:05:20: root                               EvaluationManager.py <_prstr>179 :  # of dialogues  = 1000
RESULTS:: 10:05:20: root                               EvaluationManager.py <_prstr>179 :  Average reward  = 9.79 +- 0.44
RESULTS:: 10:05:20: root                               EvaluationManager.py <_prstr>179 :  Average success = 91.10 +- 1.77
RESULTS:: 10:05:20: root                               EvaluationManager.py <_prstr>179 :  Average turns   = 8.43 +- 0.22
RESULTS:: 10:05:20: root                                   pydial.py <setEvalConfig>470 :  *** Evaluating env1-SFR-tau_nodrop_sort_noinco_4020_250100-seed1-00.6: error-rate=0 num-dialogs=500 ***
RESULTS:: 10:12:28: root                               EvaluationManager.py <_prstr>179 :  Results for domain: SFRestaurants --evaluated by: objective success evaluator
RESULTS:: 10:12:28: root                               EvaluationManager.py <_prstr>179 :  # of dialogues  = 500
RESULTS:: 10:12:28: root                               EvaluationManager.py <_prstr>179 :  Average reward  = 10.10 +- 0.70
RESULTS:: 10:12:28: root                               EvaluationManager.py <_prstr>179 :  Average success = 85.40 +- 3.10
RESULTS:: 10:12:28: root                               EvaluationManager.py <_prstr>179 :  Average turns   = 6.98 +- 0.20
RESULTS:: 10:12:28: root                                   pydial.py <train_command>791 :  List of domains: SFRestaurants
RESULTS:: 10:12:28: root                                      pydial.py <trainBatch>409 :  *** Training Iteration env1-SFR-tau_nodrop_sort_noinco_4020_250100-seed1-00.6->env1-SFR-tau_nodrop_sort_noinco_4020_250100-seed1-00.7: iter=6, error-rate=0, num-dialogs=1000 ***
RESULTS:: 10:30:27: root                               EvaluationManager.py <_prstr>179 :  Results for domain: SFRestaurants --evaluated by: objective success evaluator
RESULTS:: 10:30:27: root                               EvaluationManager.py <_prstr>179 :  # of dialogues  = 1000
RESULTS:: 10:30:27: root                               EvaluationManager.py <_prstr>179 :  Average reward  = 10.15 +- 0.41
RESULTS:: 10:30:27: root                               EvaluationManager.py <_prstr>179 :  Average success = 93.00 +- 1.58
RESULTS:: 10:30:27: root                               EvaluationManager.py <_prstr>179 :  Average turns   = 8.45 +- 0.22
RESULTS:: 10:30:27: root                                   pydial.py <setEvalConfig>470 :  *** Evaluating env1-SFR-tau_nodrop_sort_noinco_4020_250100-seed1-00.7: error-rate=0 num-dialogs=500 ***
RESULTS:: 10:37:09: root                               EvaluationManager.py <_prstr>179 :  Results for domain: SFRestaurants --evaluated by: objective success evaluator
RESULTS:: 10:37:09: root                               EvaluationManager.py <_prstr>179 :  # of dialogues  = 500
RESULTS:: 10:37:09: root                               EvaluationManager.py <_prstr>179 :  Average reward  = 10.85 +- 0.59
RESULTS:: 10:37:09: root                               EvaluationManager.py <_prstr>179 :  Average success = 89.00 +- 2.75
RESULTS:: 10:37:09: root                               EvaluationManager.py <_prstr>179 :  Average turns   = 6.95 +- 0.18
RESULTS:: 10:37:09: root                                   pydial.py <train_command>791 :  List of domains: SFRestaurants
RESULTS:: 10:37:09: root                                      pydial.py <trainBatch>409 :  *** Training Iteration env1-SFR-tau_nodrop_sort_noinco_4020_250100-seed1-00.7->env1-SFR-tau_nodrop_sort_noinco_4020_250100-seed1-00.8: iter=7, error-rate=0, num-dialogs=1000 ***
RESULTS:: 10:57:51: root                               EvaluationManager.py <_prstr>179 :  Results for domain: SFRestaurants --evaluated by: objective success evaluator
RESULTS:: 10:57:51: root                               EvaluationManager.py <_prstr>179 :  # of dialogues  = 1000
RESULTS:: 10:57:51: root                               EvaluationManager.py <_prstr>179 :  Average reward  = 9.92 +- 0.45
RESULTS:: 10:57:51: root                               EvaluationManager.py <_prstr>179 :  Average success = 92.60 +- 1.62
RESULTS:: 10:57:51: root                               EvaluationManager.py <_prstr>179 :  Average turns   = 8.60 +- 0.23
RESULTS:: 10:57:51: root                                   pydial.py <setEvalConfig>470 :  *** Evaluating env1-SFR-tau_nodrop_sort_noinco_4020_250100-seed1-00.8: error-rate=0 num-dialogs=500 ***
RESULTS:: 11:05:00: root                               EvaluationManager.py <_prstr>179 :  Results for domain: SFRestaurants --evaluated by: objective success evaluator
RESULTS:: 11:05:00: root                               EvaluationManager.py <_prstr>179 :  # of dialogues  = 500
RESULTS:: 11:05:00: root                               EvaluationManager.py <_prstr>179 :  Average reward  = 9.63 +- 0.69
RESULTS:: 11:05:00: root                               EvaluationManager.py <_prstr>179 :  Average success = 85.40 +- 3.10
RESULTS:: 11:05:00: root                               EvaluationManager.py <_prstr>179 :  Average turns   = 7.45 +- 0.25
RESULTS:: 11:05:00: root                                   pydial.py <train_command>791 :  List of domains: SFRestaurants
RESULTS:: 11:05:00: root                                      pydial.py <trainBatch>409 :  *** Training Iteration env1-SFR-tau_nodrop_sort_noinco_4020_250100-seed1-00.8->env1-SFR-tau_nodrop_sort_noinco_4020_250100-seed1-00.9: iter=8, error-rate=0, num-dialogs=1000 ***
RESULTS:: 11:25:00: root                               EvaluationManager.py <_prstr>179 :  Results for domain: SFRestaurants --evaluated by: objective success evaluator
RESULTS:: 11:25:00: root                               EvaluationManager.py <_prstr>179 :  # of dialogues  = 1000
RESULTS:: 11:25:00: root                               EvaluationManager.py <_prstr>179 :  Average reward  = 9.98 +- 0.43
RESULTS:: 11:25:00: root                               EvaluationManager.py <_prstr>179 :  Average success = 91.90 +- 1.69
RESULTS:: 11:25:00: root                               EvaluationManager.py <_prstr>179 :  Average turns   = 8.40 +- 0.22
RESULTS:: 11:25:00: root                                   pydial.py <setEvalConfig>470 :  *** Evaluating env1-SFR-tau_nodrop_sort_noinco_4020_250100-seed1-00.9: error-rate=0 num-dialogs=500 ***
RESULTS:: 11:32:10: root                               EvaluationManager.py <_prstr>179 :  Results for domain: SFRestaurants --evaluated by: objective success evaluator
RESULTS:: 11:32:10: root                               EvaluationManager.py <_prstr>179 :  # of dialogues  = 500
RESULTS:: 11:32:10: root                               EvaluationManager.py <_prstr>179 :  Average reward  = 9.98 +- 0.66
RESULTS:: 11:32:10: root                               EvaluationManager.py <_prstr>179 :  Average success = 86.80 +- 2.97
RESULTS:: 11:32:10: root                               EvaluationManager.py <_prstr>179 :  Average turns   = 7.38 +- 0.22
RESULTS:: 11:32:10: root                                   pydial.py <train_command>791 :  List of domains: SFRestaurants
RESULTS:: 11:32:10: root                                      pydial.py <trainBatch>409 :  *** Training Iteration env1-SFR-tau_nodrop_sort_noinco_4020_250100-seed1-00.9->env1-SFR-tau_nodrop_sort_noinco_4020_250100-seed1-00.10: iter=9, error-rate=0, num-dialogs=1000 ***
RESULTS:: 11:50:16: root                               EvaluationManager.py <_prstr>179 :  Results for domain: SFRestaurants --evaluated by: objective success evaluator
RESULTS:: 11:50:16: root                               EvaluationManager.py <_prstr>179 :  # of dialogues  = 1000
RESULTS:: 11:50:16: root                               EvaluationManager.py <_prstr>179 :  Average reward  = 9.84 +- 0.44
RESULTS:: 11:50:16: root                               EvaluationManager.py <_prstr>179 :  Average success = 92.30 +- 1.65
RESULTS:: 11:50:16: root                               EvaluationManager.py <_prstr>179 :  Average turns   = 8.62 +- 0.22
RESULTS:: 11:50:16: root                                   pydial.py <setEvalConfig>470 :  *** Evaluating env1-SFR-tau_nodrop_sort_noinco_4020_250100-seed1-00.10: error-rate=0 num-dialogs=500 ***
RESULTS:: 11:56:53: root                               EvaluationManager.py <_prstr>179 :  Results for domain: SFRestaurants --evaluated by: objective success evaluator
RESULTS:: 11:56:53: root                               EvaluationManager.py <_prstr>179 :  # of dialogues  = 500
RESULTS:: 11:56:53: root                               EvaluationManager.py <_prstr>179 :  Average reward  = 11.06 +- 0.59
RESULTS:: 11:56:53: root                               EvaluationManager.py <_prstr>179 :  Average success = 90.80 +- 2.54
RESULTS:: 11:56:53: root                               EvaluationManager.py <_prstr>179 :  Average turns   = 7.10 +- 0.22
RESULTS:: 11:56:53: root                                   pydial.py <train_command>807 :  *** Training complete. log: env1-SFR-tau_nodrop_sort_noinco_4020_250100-seed1-00.1-10.train.log - final policy is env1-SFR-tau_nodrop_sort_noinco_4020_250100-00-10
