RESULTS:: 07:18:00: root                                   pydial.py <train_command>791 :  List of domains: SFRestaurants
RESULTS:: 07:18:00: root                                      pydial.py <trainBatch>409 :  *** Training Iteration env1-SFR-tau_nodrop_sort_noinco_4020_250100-seed0-00.0->env1-SFR-tau_nodrop_sort_noinco_4020_250100-seed0-00.1: iter=0, error-rate=0, num-dialogs=1000 ***
RESULTS:: 07:39:17: root                               EvaluationManager.py <_prstr>179 :  Results for domain: SFRestaurants --evaluated by: objective success evaluator
RESULTS:: 07:39:17: root                               EvaluationManager.py <_prstr>179 :  # of dialogues  = 1000
RESULTS:: 07:39:17: root                               EvaluationManager.py <_prstr>179 :  Average reward  = 4.38 +- 0.65
RESULTS:: 07:39:17: root                               EvaluationManager.py <_prstr>179 :  Average success = 66.10 +- 2.94
RESULTS:: 07:39:17: root                               EvaluationManager.py <_prstr>179 :  Average turns   = 8.84 +- 0.21
RESULTS:: 07:39:17: root                                   pydial.py <setEvalConfig>470 :  *** Evaluating env1-SFR-tau_nodrop_sort_noinco_4020_250100-seed0-00.1: error-rate=0 num-dialogs=500 ***
RESULTS:: 07:47:10: root                               EvaluationManager.py <_prstr>179 :  Results for domain: SFRestaurants --evaluated by: objective success evaluator
RESULTS:: 07:47:10: root                               EvaluationManager.py <_prstr>179 :  # of dialogues  = 500
RESULTS:: 07:47:10: root                               EvaluationManager.py <_prstr>179 :  Average reward  = 7.68 +- 0.83
RESULTS:: 07:47:10: root                               EvaluationManager.py <_prstr>179 :  Average success = 73.80 +- 3.86
RESULTS:: 07:47:10: root                               EvaluationManager.py <_prstr>179 :  Average turns   = 7.08 +- 0.20
RESULTS:: 07:47:10: root                                   pydial.py <train_command>791 :  List of domains: SFRestaurants
RESULTS:: 07:47:10: root                                      pydial.py <trainBatch>409 :  *** Training Iteration env1-SFR-tau_nodrop_sort_noinco_4020_250100-seed0-00.1->env1-SFR-tau_nodrop_sort_noinco_4020_250100-seed0-00.2: iter=1, error-rate=0, num-dialogs=1000 ***
RESULTS:: 08:09:23: root                               EvaluationManager.py <_prstr>179 :  Results for domain: SFRestaurants --evaluated by: objective success evaluator
RESULTS:: 08:09:23: root                               EvaluationManager.py <_prstr>179 :  # of dialogues  = 1000
RESULTS:: 08:09:23: root                               EvaluationManager.py <_prstr>179 :  Average reward  = 8.21 +- 0.54
RESULTS:: 08:09:23: root                               EvaluationManager.py <_prstr>179 :  Average success = 84.50 +- 2.25
RESULTS:: 08:09:23: root                               EvaluationManager.py <_prstr>179 :  Average turns   = 8.69 +- 0.23
RESULTS:: 08:09:23: root                                   pydial.py <setEvalConfig>470 :  *** Evaluating env1-SFR-tau_nodrop_sort_noinco_4020_250100-seed0-00.2: error-rate=0 num-dialogs=500 ***
RESULTS:: 08:17:47: root                               EvaluationManager.py <_prstr>179 :  Results for domain: SFRestaurants --evaluated by: objective success evaluator
RESULTS:: 08:17:47: root                               EvaluationManager.py <_prstr>179 :  # of dialogues  = 500
RESULTS:: 08:17:47: root                               EvaluationManager.py <_prstr>179 :  Average reward  = 11.21 +- 0.58
RESULTS:: 08:17:47: root                               EvaluationManager.py <_prstr>179 :  Average success = 92.80 +- 2.27
RESULTS:: 08:17:47: root                               EvaluationManager.py <_prstr>179 :  Average turns   = 7.35 +- 0.27
RESULTS:: 08:17:47: root                                   pydial.py <train_command>791 :  List of domains: SFRestaurants
RESULTS:: 08:17:47: root                                      pydial.py <trainBatch>409 :  *** Training Iteration env1-SFR-tau_nodrop_sort_noinco_4020_250100-seed0-00.2->env1-SFR-tau_nodrop_sort_noinco_4020_250100-seed0-00.3: iter=2, error-rate=0, num-dialogs=1000 ***
RESULTS:: 08:38:33: root                               EvaluationManager.py <_prstr>179 :  Results for domain: SFRestaurants --evaluated by: objective success evaluator
RESULTS:: 08:38:33: root                               EvaluationManager.py <_prstr>179 :  # of dialogues  = 1000
RESULTS:: 08:38:33: root                               EvaluationManager.py <_prstr>179 :  Average reward  = 9.35 +- 0.47
RESULTS:: 08:38:33: root                               EvaluationManager.py <_prstr>179 :  Average success = 87.90 +- 2.02
RESULTS:: 08:38:33: root                               EvaluationManager.py <_prstr>179 :  Average turns   = 8.23 +- 0.20
RESULTS:: 08:38:33: root                                   pydial.py <setEvalConfig>470 :  *** Evaluating env1-SFR-tau_nodrop_sort_noinco_4020_250100-seed0-00.3: error-rate=0 num-dialogs=500 ***
RESULTS:: 08:47:08: root                               EvaluationManager.py <_prstr>179 :  Results for domain: SFRestaurants --evaluated by: objective success evaluator
RESULTS:: 08:47:08: root                               EvaluationManager.py <_prstr>179 :  # of dialogues  = 500
RESULTS:: 08:47:08: root                               EvaluationManager.py <_prstr>179 :  Average reward  = 6.13 +- 0.86
RESULTS:: 08:47:08: root                               EvaluationManager.py <_prstr>179 :  Average success = 67.80 +- 4.11
RESULTS:: 08:47:08: root                               EvaluationManager.py <_prstr>179 :  Average turns   = 7.43 +- 0.19
RESULTS:: 08:47:08: root                                   pydial.py <train_command>791 :  List of domains: SFRestaurants
RESULTS:: 08:47:08: root                                      pydial.py <trainBatch>409 :  *** Training Iteration env1-SFR-tau_nodrop_sort_noinco_4020_250100-seed0-00.3->env1-SFR-tau_nodrop_sort_noinco_4020_250100-seed0-00.4: iter=3, error-rate=0, num-dialogs=1000 ***
RESULTS:: 09:07:08: root                               EvaluationManager.py <_prstr>179 :  Results for domain: SFRestaurants --evaluated by: objective success evaluator
RESULTS:: 09:07:08: root                               EvaluationManager.py <_prstr>179 :  # of dialogues  = 1000
RESULTS:: 09:07:08: root                               EvaluationManager.py <_prstr>179 :  Average reward  = 9.25 +- 0.48
RESULTS:: 09:07:08: root                               EvaluationManager.py <_prstr>179 :  Average success = 88.80 +- 1.96
RESULTS:: 09:07:08: root                               EvaluationManager.py <_prstr>179 :  Average turns   = 8.51 +- 0.21
RESULTS:: 09:07:08: root                                   pydial.py <setEvalConfig>470 :  *** Evaluating env1-SFR-tau_nodrop_sort_noinco_4020_250100-seed0-00.4: error-rate=0 num-dialogs=500 ***
RESULTS:: 09:14:21: root                               EvaluationManager.py <_prstr>179 :  Results for domain: SFRestaurants --evaluated by: objective success evaluator
RESULTS:: 09:14:21: root                               EvaluationManager.py <_prstr>179 :  # of dialogues  = 500
RESULTS:: 09:14:21: root                               EvaluationManager.py <_prstr>179 :  Average reward  = 10.48 +- 0.64
RESULTS:: 09:14:21: root                               EvaluationManager.py <_prstr>179 :  Average success = 88.40 +- 2.81
RESULTS:: 09:14:21: root                               EvaluationManager.py <_prstr>179 :  Average turns   = 7.20 +- 0.22
RESULTS:: 09:14:21: root                                   pydial.py <train_command>791 :  List of domains: SFRestaurants
RESULTS:: 09:14:21: root                                      pydial.py <trainBatch>409 :  *** Training Iteration env1-SFR-tau_nodrop_sort_noinco_4020_250100-seed0-00.4->env1-SFR-tau_nodrop_sort_noinco_4020_250100-seed0-00.5: iter=4, error-rate=0, num-dialogs=1000 ***
RESULTS:: 09:32:18: root                               EvaluationManager.py <_prstr>179 :  Results for domain: SFRestaurants --evaluated by: objective success evaluator
RESULTS:: 09:32:18: root                               EvaluationManager.py <_prstr>179 :  # of dialogues  = 1000
RESULTS:: 09:32:18: root                               EvaluationManager.py <_prstr>179 :  Average reward  = 10.06 +- 0.43
RESULTS:: 09:32:18: root                               EvaluationManager.py <_prstr>179 :  Average success = 91.80 +- 1.70
RESULTS:: 09:32:18: root                               EvaluationManager.py <_prstr>179 :  Average turns   = 8.30 +- 0.20
RESULTS:: 09:32:18: root                                   pydial.py <setEvalConfig>470 :  *** Evaluating env1-SFR-tau_nodrop_sort_noinco_4020_250100-seed0-00.5: error-rate=0 num-dialogs=500 ***
RESULTS:: 09:39:17: root                               EvaluationManager.py <_prstr>179 :  Results for domain: SFRestaurants --evaluated by: objective success evaluator
RESULTS:: 09:39:17: root                               EvaluationManager.py <_prstr>179 :  # of dialogues  = 500
RESULTS:: 09:39:17: root                               EvaluationManager.py <_prstr>179 :  Average reward  = 8.77 +- 0.75
RESULTS:: 09:39:17: root                               EvaluationManager.py <_prstr>179 :  Average success = 80.00 +- 3.51
RESULTS:: 09:39:17: root                               EvaluationManager.py <_prstr>179 :  Average turns   = 7.23 +- 0.20
RESULTS:: 09:39:17: root                                   pydial.py <train_command>791 :  List of domains: SFRestaurants
RESULTS:: 09:39:17: root                                      pydial.py <trainBatch>409 :  *** Training Iteration env1-SFR-tau_nodrop_sort_noinco_4020_250100-seed0-00.5->env1-SFR-tau_nodrop_sort_noinco_4020_250100-seed0-00.6: iter=5, error-rate=0, num-dialogs=1000 ***
RESULTS:: 10:00:27: root                               EvaluationManager.py <_prstr>179 :  Results for domain: SFRestaurants --evaluated by: objective success evaluator
RESULTS:: 10:00:27: root                               EvaluationManager.py <_prstr>179 :  # of dialogues  = 1000
RESULTS:: 10:00:27: root                               EvaluationManager.py <_prstr>179 :  Average reward  = 10.17 +- 0.43
RESULTS:: 10:00:27: root                               EvaluationManager.py <_prstr>179 :  Average success = 93.20 +- 1.56
RESULTS:: 10:00:27: root                               EvaluationManager.py <_prstr>179 :  Average turns   = 8.47 +- 0.22
RESULTS:: 10:00:27: root                                   pydial.py <setEvalConfig>470 :  *** Evaluating env1-SFR-tau_nodrop_sort_noinco_4020_250100-seed0-00.6: error-rate=0 num-dialogs=500 ***
RESULTS:: 10:07:53: root                               EvaluationManager.py <_prstr>179 :  Results for domain: SFRestaurants --evaluated by: objective success evaluator
RESULTS:: 10:07:53: root                               EvaluationManager.py <_prstr>179 :  # of dialogues  = 500
RESULTS:: 10:07:53: root                               EvaluationManager.py <_prstr>179 :  Average reward  = 12.63 +- 0.37
RESULTS:: 10:07:53: root                               EvaluationManager.py <_prstr>179 :  Average success = 97.20 +- 1.45
RESULTS:: 10:07:53: root                               EvaluationManager.py <_prstr>179 :  Average turns   = 6.81 +- 0.20
RESULTS:: 10:07:53: root                                   pydial.py <train_command>791 :  List of domains: SFRestaurants
RESULTS:: 10:07:53: root                                      pydial.py <trainBatch>409 :  *** Training Iteration env1-SFR-tau_nodrop_sort_noinco_4020_250100-seed0-00.6->env1-SFR-tau_nodrop_sort_noinco_4020_250100-seed0-00.7: iter=6, error-rate=0, num-dialogs=1000 ***
RESULTS:: 10:25:28: root                               EvaluationManager.py <_prstr>179 :  Results for domain: SFRestaurants --evaluated by: objective success evaluator
RESULTS:: 10:25:28: root                               EvaluationManager.py <_prstr>179 :  # of dialogues  = 1000
RESULTS:: 10:25:28: root                               EvaluationManager.py <_prstr>179 :  Average reward  = 10.19 +- 0.43
RESULTS:: 10:25:28: root                               EvaluationManager.py <_prstr>179 :  Average success = 91.60 +- 1.72
RESULTS:: 10:25:28: root                               EvaluationManager.py <_prstr>179 :  Average turns   = 8.13 +- 0.21
RESULTS:: 10:25:28: root                                   pydial.py <setEvalConfig>470 :  *** Evaluating env1-SFR-tau_nodrop_sort_noinco_4020_250100-seed0-00.7: error-rate=0 num-dialogs=500 ***
RESULTS:: 10:32:21: root                               EvaluationManager.py <_prstr>179 :  Results for domain: SFRestaurants --evaluated by: objective success evaluator
RESULTS:: 10:32:21: root                               EvaluationManager.py <_prstr>179 :  # of dialogues  = 500
RESULTS:: 10:32:21: root                               EvaluationManager.py <_prstr>179 :  Average reward  = 7.36 +- 0.84
RESULTS:: 10:32:21: root                               EvaluationManager.py <_prstr>179 :  Average success = 72.60 +- 3.92
RESULTS:: 10:32:21: root                               EvaluationManager.py <_prstr>179 :  Average turns   = 7.16 +- 0.18
RESULTS:: 10:32:21: root                                   pydial.py <train_command>791 :  List of domains: SFRestaurants
RESULTS:: 10:32:21: root                                      pydial.py <trainBatch>409 :  *** Training Iteration env1-SFR-tau_nodrop_sort_noinco_4020_250100-seed0-00.7->env1-SFR-tau_nodrop_sort_noinco_4020_250100-seed0-00.8: iter=7, error-rate=0, num-dialogs=1000 ***
RESULTS:: 10:51:37: root                               EvaluationManager.py <_prstr>179 :  Results for domain: SFRestaurants --evaluated by: objective success evaluator
RESULTS:: 10:51:37: root                               EvaluationManager.py <_prstr>179 :  # of dialogues  = 1000
RESULTS:: 10:51:37: root                               EvaluationManager.py <_prstr>179 :  Average reward  = 10.15 +- 0.43
RESULTS:: 10:51:37: root                               EvaluationManager.py <_prstr>179 :  Average success = 91.60 +- 1.72
RESULTS:: 10:51:37: root                               EvaluationManager.py <_prstr>179 :  Average turns   = 8.17 +- 0.20
RESULTS:: 10:51:37: root                                   pydial.py <setEvalConfig>470 :  *** Evaluating env1-SFR-tau_nodrop_sort_noinco_4020_250100-seed0-00.8: error-rate=0 num-dialogs=500 ***
RESULTS:: 10:59:12: root                               EvaluationManager.py <_prstr>179 :  Results for domain: SFRestaurants --evaluated by: objective success evaluator
RESULTS:: 10:59:12: root                               EvaluationManager.py <_prstr>179 :  # of dialogues  = 500
RESULTS:: 10:59:12: root                               EvaluationManager.py <_prstr>179 :  Average reward  = 10.42 +- 0.70
RESULTS:: 10:59:12: root                               EvaluationManager.py <_prstr>179 :  Average success = 88.60 +- 2.79
RESULTS:: 10:59:12: root                               EvaluationManager.py <_prstr>179 :  Average turns   = 7.30 +- 0.26
RESULTS:: 10:59:12: root                                   pydial.py <train_command>791 :  List of domains: SFRestaurants
RESULTS:: 10:59:12: root                                      pydial.py <trainBatch>409 :  *** Training Iteration env1-SFR-tau_nodrop_sort_noinco_4020_250100-seed0-00.8->env1-SFR-tau_nodrop_sort_noinco_4020_250100-seed0-00.9: iter=8, error-rate=0, num-dialogs=1000 ***
RESULTS:: 11:18:23: root                               EvaluationManager.py <_prstr>179 :  Results for domain: SFRestaurants --evaluated by: objective success evaluator
RESULTS:: 11:18:23: root                               EvaluationManager.py <_prstr>179 :  # of dialogues  = 1000
RESULTS:: 11:18:23: root                               EvaluationManager.py <_prstr>179 :  Average reward  = 8.74 +- 0.52
RESULTS:: 11:18:23: root                               EvaluationManager.py <_prstr>179 :  Average success = 85.70 +- 2.17
RESULTS:: 11:18:23: root                               EvaluationManager.py <_prstr>179 :  Average turns   = 8.40 +- 0.21
RESULTS:: 11:18:23: root                                   pydial.py <setEvalConfig>470 :  *** Evaluating env1-SFR-tau_nodrop_sort_noinco_4020_250100-seed0-00.9: error-rate=0 num-dialogs=500 ***
RESULTS:: 11:25:56: root                               EvaluationManager.py <_prstr>179 :  Results for domain: SFRestaurants --evaluated by: objective success evaluator
RESULTS:: 11:25:56: root                               EvaluationManager.py <_prstr>179 :  # of dialogues  = 500
RESULTS:: 11:25:56: root                               EvaluationManager.py <_prstr>179 :  Average reward  = 8.80 +- 0.79
RESULTS:: 11:25:56: root                               EvaluationManager.py <_prstr>179 :  Average success = 80.20 +- 3.50
RESULTS:: 11:25:56: root                               EvaluationManager.py <_prstr>179 :  Average turns   = 7.24 +- 0.23
RESULTS:: 11:25:56: root                                   pydial.py <train_command>791 :  List of domains: SFRestaurants
RESULTS:: 11:25:56: root                                      pydial.py <trainBatch>409 :  *** Training Iteration env1-SFR-tau_nodrop_sort_noinco_4020_250100-seed0-00.9->env1-SFR-tau_nodrop_sort_noinco_4020_250100-seed0-00.10: iter=9, error-rate=0, num-dialogs=1000 ***
RESULTS:: 11:44:00: root                               EvaluationManager.py <_prstr>179 :  Results for domain: SFRestaurants --evaluated by: objective success evaluator
RESULTS:: 11:44:00: root                               EvaluationManager.py <_prstr>179 :  # of dialogues  = 1000
RESULTS:: 11:44:00: root                               EvaluationManager.py <_prstr>179 :  Average reward  = 10.18 +- 0.43
RESULTS:: 11:44:00: root                               EvaluationManager.py <_prstr>179 :  Average success = 93.30 +- 1.55
RESULTS:: 11:44:00: root                               EvaluationManager.py <_prstr>179 :  Average turns   = 8.48 +- 0.22
RESULTS:: 11:44:00: root                                   pydial.py <setEvalConfig>470 :  *** Evaluating env1-SFR-tau_nodrop_sort_noinco_4020_250100-seed0-00.10: error-rate=0 num-dialogs=500 ***
RESULTS:: 11:50:57: root                               EvaluationManager.py <_prstr>179 :  Results for domain: SFRestaurants --evaluated by: objective success evaluator
RESULTS:: 11:50:57: root                               EvaluationManager.py <_prstr>179 :  # of dialogues  = 500
RESULTS:: 11:50:57: root                               EvaluationManager.py <_prstr>179 :  Average reward  = 12.47 +- 0.39
RESULTS:: 11:50:57: root                               EvaluationManager.py <_prstr>179 :  Average success = 98.00 +- 1.23
RESULTS:: 11:50:57: root                               EvaluationManager.py <_prstr>179 :  Average turns   = 7.13 +- 0.25
RESULTS:: 11:50:57: root                                   pydial.py <train_command>807 :  *** Training complete. log: env1-SFR-tau_nodrop_sort_noinco_4020_250100-seed0-00.1-10.train.log - final policy is env1-SFR-tau_nodrop_sort_noinco_4020_250100-00-10
