RESULTS:: 01:27:48: root                                   pydial.py <train_command>791 :  List of domains: SFRestaurants
RESULTS:: 01:27:48: root                                      pydial.py <trainBatch>409 :  *** Training Iteration env1-SFR-tau_nodrop_sort_noinco_4020_250100-seed6-00.0->env1-SFR-tau_nodrop_sort_noinco_4020_250100-seed6-00.1: iter=0, error-rate=0, num-dialogs=1000 ***
RESULTS:: 01:44:14: root                               EvaluationManager.py <_prstr>179 :  Results for domain: SFRestaurants --evaluated by: objective success evaluator
RESULTS:: 01:44:14: root                               EvaluationManager.py <_prstr>179 :  # of dialogues  = 1000
RESULTS:: 01:44:14: root                               EvaluationManager.py <_prstr>179 :  Average reward  = 4.49 +- 0.64
RESULTS:: 01:44:14: root                               EvaluationManager.py <_prstr>179 :  Average success = 66.50 +- 2.93
RESULTS:: 01:44:14: root                               EvaluationManager.py <_prstr>179 :  Average turns   = 8.81 +- 0.21
RESULTS:: 01:44:14: root                                   pydial.py <setEvalConfig>470 :  *** Evaluating env1-SFR-tau_nodrop_sort_noinco_4020_250100-seed6-00.1: error-rate=0 num-dialogs=500 ***
RESULTS:: 01:50:52: root                               EvaluationManager.py <_prstr>179 :  Results for domain: SFRestaurants --evaluated by: objective success evaluator
RESULTS:: 01:50:52: root                               EvaluationManager.py <_prstr>179 :  # of dialogues  = 500
RESULTS:: 01:50:52: root                               EvaluationManager.py <_prstr>179 :  Average reward  = 11.29 +- 0.57
RESULTS:: 01:50:52: root                               EvaluationManager.py <_prstr>179 :  Average success = 92.20 +- 2.36
RESULTS:: 01:50:52: root                               EvaluationManager.py <_prstr>179 :  Average turns   = 7.15 +- 0.23
RESULTS:: 01:50:52: root                                   pydial.py <train_command>791 :  List of domains: SFRestaurants
RESULTS:: 01:50:52: root                                      pydial.py <trainBatch>409 :  *** Training Iteration env1-SFR-tau_nodrop_sort_noinco_4020_250100-seed6-00.1->env1-SFR-tau_nodrop_sort_noinco_4020_250100-seed6-00.2: iter=1, error-rate=0, num-dialogs=1000 ***
RESULTS:: 02:08:34: root                               EvaluationManager.py <_prstr>179 :  Results for domain: SFRestaurants --evaluated by: objective success evaluator
RESULTS:: 02:08:34: root                               EvaluationManager.py <_prstr>179 :  # of dialogues  = 1000
RESULTS:: 02:08:34: root                               EvaluationManager.py <_prstr>179 :  Average reward  = 6.39 +- 0.61
RESULTS:: 02:08:34: root                               EvaluationManager.py <_prstr>179 :  Average success = 75.40 +- 2.67
RESULTS:: 02:08:34: root                               EvaluationManager.py <_prstr>179 :  Average turns   = 8.69 +- 0.23
RESULTS:: 02:08:34: root                                   pydial.py <setEvalConfig>470 :  *** Evaluating env1-SFR-tau_nodrop_sort_noinco_4020_250100-seed6-00.2: error-rate=0 num-dialogs=500 ***
RESULTS:: 02:14:32: root                               EvaluationManager.py <_prstr>179 :  Results for domain: SFRestaurants --evaluated by: objective success evaluator
RESULTS:: 02:14:32: root                               EvaluationManager.py <_prstr>179 :  # of dialogues  = 500
RESULTS:: 02:14:32: root                               EvaluationManager.py <_prstr>179 :  Average reward  = 8.53 +- 0.78
RESULTS:: 02:14:32: root                               EvaluationManager.py <_prstr>179 :  Average success = 76.40 +- 3.73
RESULTS:: 02:14:32: root                               EvaluationManager.py <_prstr>179 :  Average turns   = 6.75 +- 0.17
RESULTS:: 02:14:32: root                                   pydial.py <train_command>791 :  List of domains: SFRestaurants
RESULTS:: 02:14:32: root                                      pydial.py <trainBatch>409 :  *** Training Iteration env1-SFR-tau_nodrop_sort_noinco_4020_250100-seed6-00.2->env1-SFR-tau_nodrop_sort_noinco_4020_250100-seed6-00.3: iter=2, error-rate=0, num-dialogs=1000 ***
RESULTS:: 02:31:18: root                               EvaluationManager.py <_prstr>179 :  Results for domain: SFRestaurants --evaluated by: objective success evaluator
RESULTS:: 02:31:18: root                               EvaluationManager.py <_prstr>179 :  # of dialogues  = 1000
RESULTS:: 02:31:18: root                               EvaluationManager.py <_prstr>179 :  Average reward  = 9.64 +- 0.44
RESULTS:: 02:31:18: root                               EvaluationManager.py <_prstr>179 :  Average success = 90.10 +- 1.85
RESULTS:: 02:31:18: root                               EvaluationManager.py <_prstr>179 :  Average turns   = 8.38 +- 0.20
RESULTS:: 02:31:18: root                                   pydial.py <setEvalConfig>470 :  *** Evaluating env1-SFR-tau_nodrop_sort_noinco_4020_250100-seed6-00.3: error-rate=0 num-dialogs=500 ***
RESULTS:: 02:37:37: root                               EvaluationManager.py <_prstr>179 :  Results for domain: SFRestaurants --evaluated by: objective success evaluator
RESULTS:: 02:37:37: root                               EvaluationManager.py <_prstr>179 :  # of dialogues  = 500
RESULTS:: 02:37:37: root                               EvaluationManager.py <_prstr>179 :  Average reward  = 11.86 +- 0.46
RESULTS:: 02:37:37: root                               EvaluationManager.py <_prstr>179 :  Average success = 95.00 +- 1.91
RESULTS:: 02:37:37: root                               EvaluationManager.py <_prstr>179 :  Average turns   = 7.14 +- 0.21
RESULTS:: 02:37:37: root                                   pydial.py <train_command>791 :  List of domains: SFRestaurants
RESULTS:: 02:37:37: root                                      pydial.py <trainBatch>409 :  *** Training Iteration env1-SFR-tau_nodrop_sort_noinco_4020_250100-seed6-00.3->env1-SFR-tau_nodrop_sort_noinco_4020_250100-seed6-00.4: iter=3, error-rate=0, num-dialogs=1000 ***
RESULTS:: 02:54:45: root                               EvaluationManager.py <_prstr>179 :  Results for domain: SFRestaurants --evaluated by: objective success evaluator
RESULTS:: 02:54:45: root                               EvaluationManager.py <_prstr>179 :  # of dialogues  = 1000
RESULTS:: 02:54:45: root                               EvaluationManager.py <_prstr>179 :  Average reward  = 8.72 +- 0.49
RESULTS:: 02:54:45: root                               EvaluationManager.py <_prstr>179 :  Average success = 86.90 +- 2.09
RESULTS:: 02:54:45: root                               EvaluationManager.py <_prstr>179 :  Average turns   = 8.66 +- 0.22
RESULTS:: 02:54:45: root                                   pydial.py <setEvalConfig>470 :  *** Evaluating env1-SFR-tau_nodrop_sort_noinco_4020_250100-seed6-00.4: error-rate=0 num-dialogs=500 ***
RESULTS:: 03:00:56: root                               EvaluationManager.py <_prstr>179 :  Results for domain: SFRestaurants --evaluated by: objective success evaluator
RESULTS:: 03:00:56: root                               EvaluationManager.py <_prstr>179 :  # of dialogues  = 500
RESULTS:: 03:00:56: root                               EvaluationManager.py <_prstr>179 :  Average reward  = 4.44 +- 0.92
RESULTS:: 03:00:56: root                               EvaluationManager.py <_prstr>179 :  Average success = 57.80 +- 4.34
RESULTS:: 03:00:56: root                               EvaluationManager.py <_prstr>179 :  Average turns   = 7.12 +- 0.16
RESULTS:: 03:00:56: root                                   pydial.py <train_command>791 :  List of domains: SFRestaurants
RESULTS:: 03:00:56: root                                      pydial.py <trainBatch>409 :  *** Training Iteration env1-SFR-tau_nodrop_sort_noinco_4020_250100-seed6-00.4->env1-SFR-tau_nodrop_sort_noinco_4020_250100-seed6-00.5: iter=4, error-rate=0, num-dialogs=1000 ***
RESULTS:: 03:17:44: root                               EvaluationManager.py <_prstr>179 :  Results for domain: SFRestaurants --evaluated by: objective success evaluator
RESULTS:: 03:17:44: root                               EvaluationManager.py <_prstr>179 :  # of dialogues  = 1000
RESULTS:: 03:17:44: root                               EvaluationManager.py <_prstr>179 :  Average reward  = 8.38 +- 0.54
RESULTS:: 03:17:44: root                               EvaluationManager.py <_prstr>179 :  Average success = 84.50 +- 2.25
RESULTS:: 03:17:44: root                               EvaluationManager.py <_prstr>179 :  Average turns   = 8.52 +- 0.22
RESULTS:: 03:17:44: root                                   pydial.py <setEvalConfig>470 :  *** Evaluating env1-SFR-tau_nodrop_sort_noinco_4020_250100-seed6-00.5: error-rate=0 num-dialogs=500 ***
RESULTS:: 03:23:42: root                               EvaluationManager.py <_prstr>179 :  Results for domain: SFRestaurants --evaluated by: objective success evaluator
RESULTS:: 03:23:42: root                               EvaluationManager.py <_prstr>179 :  # of dialogues  = 500
RESULTS:: 03:23:42: root                               EvaluationManager.py <_prstr>179 :  Average reward  = 2.55 +- 0.93
RESULTS:: 03:23:42: root                               EvaluationManager.py <_prstr>179 :  Average success = 47.40 +- 4.39
RESULTS:: 03:23:42: root                               EvaluationManager.py <_prstr>179 :  Average turns   = 6.93 +- 0.14
RESULTS:: 03:23:42: root                                   pydial.py <train_command>791 :  List of domains: SFRestaurants
RESULTS:: 03:23:42: root                                      pydial.py <trainBatch>409 :  *** Training Iteration env1-SFR-tau_nodrop_sort_noinco_4020_250100-seed6-00.5->env1-SFR-tau_nodrop_sort_noinco_4020_250100-seed6-00.6: iter=5, error-rate=0, num-dialogs=1000 ***
RESULTS:: 03:40:18: root                               EvaluationManager.py <_prstr>179 :  Results for domain: SFRestaurants --evaluated by: objective success evaluator
RESULTS:: 03:40:18: root                               EvaluationManager.py <_prstr>179 :  # of dialogues  = 1000
RESULTS:: 03:40:18: root                               EvaluationManager.py <_prstr>179 :  Average reward  = 7.56 +- 0.57
RESULTS:: 03:40:18: root                               EvaluationManager.py <_prstr>179 :  Average success = 79.80 +- 2.49
RESULTS:: 03:40:18: root                               EvaluationManager.py <_prstr>179 :  Average turns   = 8.40 +- 0.21
RESULTS:: 03:40:18: root                                   pydial.py <setEvalConfig>470 :  *** Evaluating env1-SFR-tau_nodrop_sort_noinco_4020_250100-seed6-00.6: error-rate=0 num-dialogs=500 ***
RESULTS:: 03:46:28: root                               EvaluationManager.py <_prstr>179 :  Results for domain: SFRestaurants --evaluated by: objective success evaluator
RESULTS:: 03:46:28: root                               EvaluationManager.py <_prstr>179 :  # of dialogues  = 500
RESULTS:: 03:46:28: root                               EvaluationManager.py <_prstr>179 :  Average reward  = 2.21 +- 0.92
RESULTS:: 03:46:28: root                               EvaluationManager.py <_prstr>179 :  Average success = 47.60 +- 4.39
RESULTS:: 03:46:28: root                               EvaluationManager.py <_prstr>179 :  Average turns   = 7.31 +- 0.15
RESULTS:: 03:46:28: root                                   pydial.py <train_command>791 :  List of domains: SFRestaurants
RESULTS:: 03:46:28: root                                      pydial.py <trainBatch>409 :  *** Training Iteration env1-SFR-tau_nodrop_sort_noinco_4020_250100-seed6-00.6->env1-SFR-tau_nodrop_sort_noinco_4020_250100-seed6-00.7: iter=6, error-rate=0, num-dialogs=1000 ***
RESULTS:: 04:03:13: root                               EvaluationManager.py <_prstr>179 :  Results for domain: SFRestaurants --evaluated by: objective success evaluator
RESULTS:: 04:03:13: root                               EvaluationManager.py <_prstr>179 :  # of dialogues  = 1000
RESULTS:: 04:03:13: root                               EvaluationManager.py <_prstr>179 :  Average reward  = 7.09 +- 0.58
RESULTS:: 04:03:13: root                               EvaluationManager.py <_prstr>179 :  Average success = 78.10 +- 2.57
RESULTS:: 04:03:13: root                               EvaluationManager.py <_prstr>179 :  Average turns   = 8.53 +- 0.20
RESULTS:: 04:03:13: root                                   pydial.py <setEvalConfig>470 :  *** Evaluating env1-SFR-tau_nodrop_sort_noinco_4020_250100-seed6-00.7: error-rate=0 num-dialogs=500 ***
RESULTS:: 04:09:24: root                               EvaluationManager.py <_prstr>179 :  Results for domain: SFRestaurants --evaluated by: objective success evaluator
RESULTS:: 04:09:24: root                               EvaluationManager.py <_prstr>179 :  # of dialogues  = 500
RESULTS:: 04:09:24: root                               EvaluationManager.py <_prstr>179 :  Average reward  = 9.56 +- 0.72
RESULTS:: 04:09:24: root                               EvaluationManager.py <_prstr>179 :  Average success = 83.40 +- 3.27
RESULTS:: 04:09:24: root                               EvaluationManager.py <_prstr>179 :  Average turns   = 7.12 +- 0.20
RESULTS:: 04:09:24: root                                   pydial.py <train_command>791 :  List of domains: SFRestaurants
RESULTS:: 04:09:24: root                                      pydial.py <trainBatch>409 :  *** Training Iteration env1-SFR-tau_nodrop_sort_noinco_4020_250100-seed6-00.7->env1-SFR-tau_nodrop_sort_noinco_4020_250100-seed6-00.8: iter=7, error-rate=0, num-dialogs=1000 ***
RESULTS:: 04:26:11: root                               EvaluationManager.py <_prstr>179 :  Results for domain: SFRestaurants --evaluated by: objective success evaluator
RESULTS:: 04:26:11: root                               EvaluationManager.py <_prstr>179 :  # of dialogues  = 1000
RESULTS:: 04:26:11: root                               EvaluationManager.py <_prstr>179 :  Average reward  = 8.41 +- 0.52
RESULTS:: 04:26:11: root                               EvaluationManager.py <_prstr>179 :  Average success = 84.90 +- 2.22
RESULTS:: 04:26:11: root                               EvaluationManager.py <_prstr>179 :  Average turns   = 8.57 +- 0.21
RESULTS:: 04:26:11: root                                   pydial.py <setEvalConfig>470 :  *** Evaluating env1-SFR-tau_nodrop_sort_noinco_4020_250100-seed6-00.8: error-rate=0 num-dialogs=500 ***
RESULTS:: 04:32:32: root                               EvaluationManager.py <_prstr>179 :  Results for domain: SFRestaurants --evaluated by: objective success evaluator
RESULTS:: 04:32:32: root                               EvaluationManager.py <_prstr>179 :  # of dialogues  = 500
RESULTS:: 04:32:32: root                               EvaluationManager.py <_prstr>179 :  Average reward  = 4.78 +- 0.91
RESULTS:: 04:32:32: root                               EvaluationManager.py <_prstr>179 :  Average success = 60.80 +- 4.29
RESULTS:: 04:32:32: root                               EvaluationManager.py <_prstr>179 :  Average turns   = 7.38 +- 0.18
RESULTS:: 04:32:32: root                                   pydial.py <train_command>791 :  List of domains: SFRestaurants
RESULTS:: 04:32:32: root                                      pydial.py <trainBatch>409 :  *** Training Iteration env1-SFR-tau_nodrop_sort_noinco_4020_250100-seed6-00.8->env1-SFR-tau_nodrop_sort_noinco_4020_250100-seed6-00.9: iter=8, error-rate=0, num-dialogs=1000 ***
RESULTS:: 04:49:13: root                               EvaluationManager.py <_prstr>179 :  Results for domain: SFRestaurants --evaluated by: objective success evaluator
RESULTS:: 04:49:13: root                               EvaluationManager.py <_prstr>179 :  # of dialogues  = 1000
RESULTS:: 04:49:13: root                               EvaluationManager.py <_prstr>179 :  Average reward  = 7.94 +- 0.55
RESULTS:: 04:49:13: root                               EvaluationManager.py <_prstr>179 :  Average success = 82.00 +- 2.38
RESULTS:: 04:49:13: root                               EvaluationManager.py <_prstr>179 :  Average turns   = 8.46 +- 0.20
RESULTS:: 04:49:13: root                                   pydial.py <setEvalConfig>470 :  *** Evaluating env1-SFR-tau_nodrop_sort_noinco_4020_250100-seed6-00.9: error-rate=0 num-dialogs=500 ***
RESULTS:: 04:55:34: root                               EvaluationManager.py <_prstr>179 :  Results for domain: SFRestaurants --evaluated by: objective success evaluator
RESULTS:: 04:55:34: root                               EvaluationManager.py <_prstr>179 :  # of dialogues  = 500
RESULTS:: 04:55:34: root                               EvaluationManager.py <_prstr>179 :  Average reward  = 10.83 +- 0.58
RESULTS:: 04:55:34: root                               EvaluationManager.py <_prstr>179 :  Average success = 90.60 +- 2.56
RESULTS:: 04:55:34: root                               EvaluationManager.py <_prstr>179 :  Average turns   = 7.29 +- 0.22
RESULTS:: 04:55:34: root                                   pydial.py <train_command>791 :  List of domains: SFRestaurants
RESULTS:: 04:55:34: root                                      pydial.py <trainBatch>409 :  *** Training Iteration env1-SFR-tau_nodrop_sort_noinco_4020_250100-seed6-00.9->env1-SFR-tau_nodrop_sort_noinco_4020_250100-seed6-00.10: iter=9, error-rate=0, num-dialogs=1000 ***
RESULTS:: 05:12:17: root                               EvaluationManager.py <_prstr>179 :  Results for domain: SFRestaurants --evaluated by: objective success evaluator
RESULTS:: 05:12:17: root                               EvaluationManager.py <_prstr>179 :  # of dialogues  = 1000
RESULTS:: 05:12:17: root                               EvaluationManager.py <_prstr>179 :  Average reward  = 8.06 +- 0.55
RESULTS:: 05:12:17: root                               EvaluationManager.py <_prstr>179 :  Average success = 83.00 +- 2.33
RESULTS:: 05:12:17: root                               EvaluationManager.py <_prstr>179 :  Average turns   = 8.54 +- 0.21
RESULTS:: 05:12:17: root                                   pydial.py <setEvalConfig>470 :  *** Evaluating env1-SFR-tau_nodrop_sort_noinco_4020_250100-seed6-00.10: error-rate=0 num-dialogs=500 ***
RESULTS:: 05:18:21: root                               EvaluationManager.py <_prstr>179 :  Results for domain: SFRestaurants --evaluated by: objective success evaluator
RESULTS:: 05:18:21: root                               EvaluationManager.py <_prstr>179 :  # of dialogues  = 500
RESULTS:: 05:18:21: root                               EvaluationManager.py <_prstr>179 :  Average reward  = 9.33 +- 0.75
RESULTS:: 05:18:21: root                               EvaluationManager.py <_prstr>179 :  Average success = 82.00 +- 3.38
RESULTS:: 05:18:21: root                               EvaluationManager.py <_prstr>179 :  Average turns   = 7.07 +- 0.20
RESULTS:: 05:18:21: root                                   pydial.py <train_command>807 :  *** Training complete. log: env1-SFR-tau_nodrop_sort_noinco_4020_250100-seed6-00.1-10.train.log - final policy is env1-SFR-tau_nodrop_sort_noinco_4020_250100-00-10
