RESULTS:: 08:26:43: root                                   pydial.py <train_command>791 :  List of domains: Laptops11
RESULTS:: 08:26:43: root                                      pydial.py <trainBatch>409 :  *** Training Iteration env1-LAP-tau_nodrop_sort_noinco_nl_4020_250100-seed2-00.0->env1-LAP-tau_nodrop_sort_noinco_nl_4020_250100-seed2-00.1: iter=0, error-rate=0, num-dialogs=1000 ***
RESULTS:: 09:08:53: root                               EvaluationManager.py <_prstr>179 :  Results for domain: Laptops11 --evaluated by: objective success evaluator
RESULTS:: 09:08:53: root                               EvaluationManager.py <_prstr>179 :  # of dialogues  = 1000
RESULTS:: 09:08:53: root                               EvaluationManager.py <_prstr>179 :  Average reward  = 6.57 +- 0.64
RESULTS:: 09:08:53: root                               EvaluationManager.py <_prstr>179 :  Average success = 78.00 +- 2.57
RESULTS:: 09:08:53: root                               EvaluationManager.py <_prstr>179 :  Average turns   = 9.04 +- 0.27
RESULTS:: 09:08:53: root                                   pydial.py <setEvalConfig>470 :  *** Evaluating env1-LAP-tau_nodrop_sort_noinco_nl_4020_250100-seed2-00.1: error-rate=0 num-dialogs=500 ***
RESULTS:: 09:23:02: root                               EvaluationManager.py <_prstr>179 :  Results for domain: Laptops11 --evaluated by: objective success evaluator
RESULTS:: 09:23:02: root                               EvaluationManager.py <_prstr>179 :  # of dialogues  = 500
RESULTS:: 09:23:02: root                               EvaluationManager.py <_prstr>179 :  Average reward  = 4.82 +- 0.90
RESULTS:: 09:23:02: root                               EvaluationManager.py <_prstr>179 :  Average success = 57.60 +- 4.34
RESULTS:: 09:23:02: root                               EvaluationManager.py <_prstr>179 :  Average turns   = 6.70 +- 0.16
RESULTS:: 09:23:02: root                                   pydial.py <train_command>791 :  List of domains: Laptops11
RESULTS:: 09:23:02: root                                      pydial.py <trainBatch>409 :  *** Training Iteration env1-LAP-tau_nodrop_sort_noinco_nl_4020_250100-seed2-00.1->env1-LAP-tau_nodrop_sort_noinco_nl_4020_250100-seed2-00.2: iter=1, error-rate=0, num-dialogs=1000 ***
RESULTS:: 10:01:43: root                               EvaluationManager.py <_prstr>179 :  Results for domain: Laptops11 --evaluated by: objective success evaluator
RESULTS:: 10:01:43: root                               EvaluationManager.py <_prstr>179 :  # of dialogues  = 1000
RESULTS:: 10:01:43: root                               EvaluationManager.py <_prstr>179 :  Average reward  = 9.38 +- 0.46
RESULTS:: 10:01:43: root                               EvaluationManager.py <_prstr>179 :  Average success = 90.20 +- 1.84
RESULTS:: 10:01:43: root                               EvaluationManager.py <_prstr>179 :  Average turns   = 8.66 +- 0.24
RESULTS:: 10:01:43: root                                   pydial.py <setEvalConfig>470 :  *** Evaluating env1-LAP-tau_nodrop_sort_noinco_nl_4020_250100-seed2-00.2: error-rate=0 num-dialogs=500 ***
RESULTS:: 10:17:49: root                               EvaluationManager.py <_prstr>179 :  Results for domain: Laptops11 --evaluated by: objective success evaluator
RESULTS:: 10:17:49: root                               EvaluationManager.py <_prstr>179 :  # of dialogues  = 500
RESULTS:: 10:17:49: root                               EvaluationManager.py <_prstr>179 :  Average reward  = 10.71 +- 0.68
RESULTS:: 10:17:49: root                               EvaluationManager.py <_prstr>179 :  Average success = 92.00 +- 2.38
RESULTS:: 10:17:49: root                               EvaluationManager.py <_prstr>179 :  Average turns   = 7.69 +- 0.33
RESULTS:: 10:17:49: root                                   pydial.py <train_command>791 :  List of domains: Laptops11
RESULTS:: 10:17:49: root                                      pydial.py <trainBatch>409 :  *** Training Iteration env1-LAP-tau_nodrop_sort_noinco_nl_4020_250100-seed2-00.2->env1-LAP-tau_nodrop_sort_noinco_nl_4020_250100-seed2-00.3: iter=2, error-rate=0, num-dialogs=1000 ***
RESULTS:: 10:57:10: root                               EvaluationManager.py <_prstr>179 :  Results for domain: Laptops11 --evaluated by: objective success evaluator
RESULTS:: 10:57:10: root                               EvaluationManager.py <_prstr>179 :  # of dialogues  = 1000
RESULTS:: 10:57:10: root                               EvaluationManager.py <_prstr>179 :  Average reward  = 9.29 +- 0.50
RESULTS:: 10:57:10: root                               EvaluationManager.py <_prstr>179 :  Average success = 90.90 +- 1.78
RESULTS:: 10:57:10: root                               EvaluationManager.py <_prstr>179 :  Average turns   = 8.89 +- 0.26
RESULTS:: 10:57:10: root                                   pydial.py <setEvalConfig>470 :  *** Evaluating env1-LAP-tau_nodrop_sort_noinco_nl_4020_250100-seed2-00.3: error-rate=0 num-dialogs=500 ***
RESULTS:: 11:12:53: root                               EvaluationManager.py <_prstr>179 :  Results for domain: Laptops11 --evaluated by: objective success evaluator
RESULTS:: 11:12:53: root                               EvaluationManager.py <_prstr>179 :  # of dialogues  = 500
RESULTS:: 11:12:53: root                               EvaluationManager.py <_prstr>179 :  Average reward  = 10.16 +- 0.67
RESULTS:: 11:12:53: root                               EvaluationManager.py <_prstr>179 :  Average success = 87.20 +- 2.94
RESULTS:: 11:12:53: root                               EvaluationManager.py <_prstr>179 :  Average turns   = 7.28 +- 0.23
RESULTS:: 11:12:53: root                                   pydial.py <train_command>791 :  List of domains: Laptops11
RESULTS:: 11:12:53: root                                      pydial.py <trainBatch>409 :  *** Training Iteration env1-LAP-tau_nodrop_sort_noinco_nl_4020_250100-seed2-00.3->env1-LAP-tau_nodrop_sort_noinco_nl_4020_250100-seed2-00.4: iter=3, error-rate=0, num-dialogs=1000 ***
RESULTS:: 11:50:42: root                               EvaluationManager.py <_prstr>179 :  Results for domain: Laptops11 --evaluated by: objective success evaluator
RESULTS:: 11:50:42: root                               EvaluationManager.py <_prstr>179 :  # of dialogues  = 1000
RESULTS:: 11:50:42: root                               EvaluationManager.py <_prstr>179 :  Average reward  = 10.43 +- 0.41
RESULTS:: 11:50:42: root                               EvaluationManager.py <_prstr>179 :  Average success = 95.00 +- 1.35
RESULTS:: 11:50:42: root                               EvaluationManager.py <_prstr>179 :  Average turns   = 8.57 +- 0.25
RESULTS:: 11:50:42: root                                   pydial.py <setEvalConfig>470 :  *** Evaluating env1-LAP-tau_nodrop_sort_noinco_nl_4020_250100-seed2-00.4: error-rate=0 num-dialogs=500 ***
RESULTS:: 12:06:15: root                               EvaluationManager.py <_prstr>179 :  Results for domain: Laptops11 --evaluated by: objective success evaluator
RESULTS:: 12:06:15: root                               EvaluationManager.py <_prstr>179 :  # of dialogues  = 500
RESULTS:: 12:06:15: root                               EvaluationManager.py <_prstr>179 :  Average reward  = 7.69 +- 0.84
RESULTS:: 12:06:15: root                               EvaluationManager.py <_prstr>179 :  Average success = 74.60 +- 3.82
RESULTS:: 12:06:15: root                               EvaluationManager.py <_prstr>179 :  Average turns   = 7.23 +- 0.27
RESULTS:: 12:06:15: root                                   pydial.py <train_command>791 :  List of domains: Laptops11
RESULTS:: 12:06:15: root                                      pydial.py <trainBatch>409 :  *** Training Iteration env1-LAP-tau_nodrop_sort_noinco_nl_4020_250100-seed2-00.4->env1-LAP-tau_nodrop_sort_noinco_nl_4020_250100-seed2-00.5: iter=4, error-rate=0, num-dialogs=1000 ***
RESULTS:: 12:46:17: root                               EvaluationManager.py <_prstr>179 :  Results for domain: Laptops11 --evaluated by: objective success evaluator
RESULTS:: 12:46:17: root                               EvaluationManager.py <_prstr>179 :  # of dialogues  = 1000
RESULTS:: 12:46:17: root                               EvaluationManager.py <_prstr>179 :  Average reward  = 9.12 +- 0.51
RESULTS:: 12:46:17: root                               EvaluationManager.py <_prstr>179 :  Average success = 90.50 +- 1.82
RESULTS:: 12:46:17: root                               EvaluationManager.py <_prstr>179 :  Average turns   = 8.98 +- 0.27
RESULTS:: 12:46:17: root                                   pydial.py <setEvalConfig>470 :  *** Evaluating env1-LAP-tau_nodrop_sort_noinco_nl_4020_250100-seed2-00.5: error-rate=0 num-dialogs=500 ***
RESULTS:: 13:00:55: root                               EvaluationManager.py <_prstr>179 :  Results for domain: Laptops11 --evaluated by: objective success evaluator
RESULTS:: 13:00:55: root                               EvaluationManager.py <_prstr>179 :  # of dialogues  = 500
RESULTS:: 13:00:55: root                               EvaluationManager.py <_prstr>179 :  Average reward  = 9.99 +- 0.69
RESULTS:: 13:00:55: root                               EvaluationManager.py <_prstr>179 :  Average success = 86.40 +- 3.01
RESULTS:: 13:00:55: root                               EvaluationManager.py <_prstr>179 :  Average turns   = 7.29 +- 0.24
RESULTS:: 13:00:55: root                                   pydial.py <train_command>791 :  List of domains: Laptops11
RESULTS:: 13:00:55: root                                      pydial.py <trainBatch>409 :  *** Training Iteration env1-LAP-tau_nodrop_sort_noinco_nl_4020_250100-seed2-00.5->env1-LAP-tau_nodrop_sort_noinco_nl_4020_250100-seed2-00.6: iter=5, error-rate=0, num-dialogs=1000 ***
RESULTS:: 13:36:45: root                               EvaluationManager.py <_prstr>179 :  Results for domain: Laptops11 --evaluated by: objective success evaluator
RESULTS:: 13:36:45: root                               EvaluationManager.py <_prstr>179 :  # of dialogues  = 1000
RESULTS:: 13:36:45: root                               EvaluationManager.py <_prstr>179 :  Average reward  = 9.85 +- 0.44
RESULTS:: 13:36:45: root                               EvaluationManager.py <_prstr>179 :  Average success = 93.40 +- 1.54
RESULTS:: 13:36:45: root                               EvaluationManager.py <_prstr>179 :  Average turns   = 8.83 +- 0.25
RESULTS:: 13:36:45: root                                   pydial.py <setEvalConfig>470 :  *** Evaluating env1-LAP-tau_nodrop_sort_noinco_nl_4020_250100-seed2-00.6: error-rate=0 num-dialogs=500 ***
RESULTS:: 13:51:44: root                               EvaluationManager.py <_prstr>179 :  Results for domain: Laptops11 --evaluated by: objective success evaluator
RESULTS:: 13:51:44: root                               EvaluationManager.py <_prstr>179 :  # of dialogues  = 500
RESULTS:: 13:51:44: root                               EvaluationManager.py <_prstr>179 :  Average reward  = 10.54 +- 0.65
RESULTS:: 13:51:44: root                               EvaluationManager.py <_prstr>179 :  Average success = 90.60 +- 2.56
RESULTS:: 13:51:44: root                               EvaluationManager.py <_prstr>179 :  Average turns   = 7.58 +- 0.29
RESULTS:: 13:51:44: root                                   pydial.py <train_command>791 :  List of domains: Laptops11
RESULTS:: 13:51:44: root                                      pydial.py <trainBatch>409 :  *** Training Iteration env1-LAP-tau_nodrop_sort_noinco_nl_4020_250100-seed2-00.6->env1-LAP-tau_nodrop_sort_noinco_nl_4020_250100-seed2-00.7: iter=6, error-rate=0, num-dialogs=1000 ***
RESULTS:: 14:28:26: root                               EvaluationManager.py <_prstr>179 :  Results for domain: Laptops11 --evaluated by: objective success evaluator
RESULTS:: 14:28:26: root                               EvaluationManager.py <_prstr>179 :  # of dialogues  = 1000
RESULTS:: 14:28:26: root                               EvaluationManager.py <_prstr>179 :  Average reward  = 9.76 +- 0.48
RESULTS:: 14:28:26: root                               EvaluationManager.py <_prstr>179 :  Average success = 93.00 +- 1.58
RESULTS:: 14:28:26: root                               EvaluationManager.py <_prstr>179 :  Average turns   = 8.84 +- 0.26
RESULTS:: 14:28:26: root                                   pydial.py <setEvalConfig>470 :  *** Evaluating env1-LAP-tau_nodrop_sort_noinco_nl_4020_250100-seed2-00.7: error-rate=0 num-dialogs=500 ***
RESULTS:: 14:44:40: root                               EvaluationManager.py <_prstr>179 :  Results for domain: Laptops11 --evaluated by: objective success evaluator
RESULTS:: 14:44:40: root                               EvaluationManager.py <_prstr>179 :  # of dialogues  = 500
RESULTS:: 14:44:40: root                               EvaluationManager.py <_prstr>179 :  Average reward  = 11.37 +- 0.53
RESULTS:: 14:44:40: root                               EvaluationManager.py <_prstr>179 :  Average success = 94.40 +- 2.02
RESULTS:: 14:44:40: root                               EvaluationManager.py <_prstr>179 :  Average turns   = 7.51 +- 0.26
RESULTS:: 14:44:40: root                                   pydial.py <train_command>791 :  List of domains: Laptops11
RESULTS:: 14:44:40: root                                      pydial.py <trainBatch>409 :  *** Training Iteration env1-LAP-tau_nodrop_sort_noinco_nl_4020_250100-seed2-00.7->env1-LAP-tau_nodrop_sort_noinco_nl_4020_250100-seed2-00.8: iter=7, error-rate=0, num-dialogs=1000 ***
RESULTS:: 15:22:35: root                               EvaluationManager.py <_prstr>179 :  Results for domain: Laptops11 --evaluated by: objective success evaluator
RESULTS:: 15:22:35: root                               EvaluationManager.py <_prstr>179 :  # of dialogues  = 1000
RESULTS:: 15:22:35: root                               EvaluationManager.py <_prstr>179 :  Average reward  = 10.19 +- 0.43
RESULTS:: 15:22:35: root                               EvaluationManager.py <_prstr>179 :  Average success = 94.40 +- 1.43
RESULTS:: 15:22:35: root                               EvaluationManager.py <_prstr>179 :  Average turns   = 8.69 +- 0.24
RESULTS:: 15:22:35: root                                   pydial.py <setEvalConfig>470 :  *** Evaluating env1-LAP-tau_nodrop_sort_noinco_nl_4020_250100-seed2-00.8: error-rate=0 num-dialogs=500 ***
RESULTS:: 15:37:06: root                               EvaluationManager.py <_prstr>179 :  Results for domain: Laptops11 --evaluated by: objective success evaluator
RESULTS:: 15:37:06: root                               EvaluationManager.py <_prstr>179 :  # of dialogues  = 500
RESULTS:: 15:37:06: root                               EvaluationManager.py <_prstr>179 :  Average reward  = 10.87 +- 0.59
RESULTS:: 15:37:06: root                               EvaluationManager.py <_prstr>179 :  Average success = 91.00 +- 2.51
RESULTS:: 15:37:06: root                               EvaluationManager.py <_prstr>179 :  Average turns   = 7.33 +- 0.24
RESULTS:: 15:37:06: root                                   pydial.py <train_command>791 :  List of domains: Laptops11
RESULTS:: 15:37:06: root                                      pydial.py <trainBatch>409 :  *** Training Iteration env1-LAP-tau_nodrop_sort_noinco_nl_4020_250100-seed2-00.8->env1-LAP-tau_nodrop_sort_noinco_nl_4020_250100-seed2-00.9: iter=8, error-rate=0, num-dialogs=1000 ***
RESULTS:: 16:41:54: root                               EvaluationManager.py <_prstr>179 :  Results for domain: Laptops11 --evaluated by: objective success evaluator
RESULTS:: 16:41:54: root                               EvaluationManager.py <_prstr>179 :  # of dialogues  = 1000
RESULTS:: 16:41:54: root                               EvaluationManager.py <_prstr>179 :  Average reward  = 9.95 +- 0.45
RESULTS:: 16:41:54: root                               EvaluationManager.py <_prstr>179 :  Average success = 93.40 +- 1.54
RESULTS:: 16:41:54: root                               EvaluationManager.py <_prstr>179 :  Average turns   = 8.73 +- 0.25
RESULTS:: 16:41:54: root                                   pydial.py <setEvalConfig>470 :  *** Evaluating env1-LAP-tau_nodrop_sort_noinco_nl_4020_250100-seed2-00.9: error-rate=0 num-dialogs=500 ***
RESULTS:: 16:56:06: root                               EvaluationManager.py <_prstr>179 :  Results for domain: Laptops11 --evaluated by: objective success evaluator
RESULTS:: 16:56:06: root                               EvaluationManager.py <_prstr>179 :  # of dialogues  = 500
RESULTS:: 16:56:06: root                               EvaluationManager.py <_prstr>179 :  Average reward  = 8.88 +- 0.77
RESULTS:: 16:56:06: root                               EvaluationManager.py <_prstr>179 :  Average success = 79.60 +- 3.54
RESULTS:: 16:56:06: root                               EvaluationManager.py <_prstr>179 :  Average turns   = 7.04 +- 0.21
RESULTS:: 16:56:06: root                                   pydial.py <train_command>791 :  List of domains: Laptops11
RESULTS:: 16:56:06: root                                      pydial.py <trainBatch>409 :  *** Training Iteration env1-LAP-tau_nodrop_sort_noinco_nl_4020_250100-seed2-00.9->env1-LAP-tau_nodrop_sort_noinco_nl_4020_250100-seed2-00.10: iter=9, error-rate=0, num-dialogs=1000 ***
RESULTS:: 17:32:40: root                               EvaluationManager.py <_prstr>179 :  Results for domain: Laptops11 --evaluated by: objective success evaluator
RESULTS:: 17:32:40: root                               EvaluationManager.py <_prstr>179 :  # of dialogues  = 1000
RESULTS:: 17:32:40: root                               EvaluationManager.py <_prstr>179 :  Average reward  = 9.42 +- 0.47
RESULTS:: 17:32:40: root                               EvaluationManager.py <_prstr>179 :  Average success = 90.20 +- 1.84
RESULTS:: 17:32:40: root                               EvaluationManager.py <_prstr>179 :  Average turns   = 8.62 +- 0.24
RESULTS:: 17:32:40: root                                   pydial.py <setEvalConfig>470 :  *** Evaluating env1-LAP-tau_nodrop_sort_noinco_nl_4020_250100-seed2-00.10: error-rate=0 num-dialogs=500 ***
RESULTS:: 17:47:01: root                               EvaluationManager.py <_prstr>179 :  Results for domain: Laptops11 --evaluated by: objective success evaluator
RESULTS:: 17:47:01: root                               EvaluationManager.py <_prstr>179 :  # of dialogues  = 500
RESULTS:: 17:47:01: root                               EvaluationManager.py <_prstr>179 :  Average reward  = 9.97 +- 0.67
RESULTS:: 17:47:01: root                               EvaluationManager.py <_prstr>179 :  Average success = 85.60 +- 3.08
RESULTS:: 17:47:01: root                               EvaluationManager.py <_prstr>179 :  Average turns   = 7.15 +- 0.21
RESULTS:: 17:47:01: root                                   pydial.py <train_command>807 :  *** Training complete. log: env1-LAP-tau_nodrop_sort_noinco_nl_4020_250100-seed2-00.1-10.train.log - final policy is env1-LAP-tau_nodrop_sort_noinco_nl_4020_250100-00-10
