RESULTS:: 08:28:24: root                                   pydial.py <train_command>791 :  List of domains: Laptops11
RESULTS:: 08:28:24: root                                      pydial.py <trainBatch>409 :  *** Training Iteration env1-LAP-tau_nodrop_sort_noinco_nl_4020_250100-seed8-00.0->env1-LAP-tau_nodrop_sort_noinco_nl_4020_250100-seed8-00.1: iter=0, error-rate=0, num-dialogs=1000 ***
RESULTS:: 09:10:30: root                               EvaluationManager.py <_prstr>179 :  Results for domain: Laptops11 --evaluated by: objective success evaluator
RESULTS:: 09:10:30: root                               EvaluationManager.py <_prstr>179 :  # of dialogues  = 1000
RESULTS:: 09:10:30: root                               EvaluationManager.py <_prstr>179 :  Average reward  = 6.91 +- 0.61
RESULTS:: 09:10:30: root                               EvaluationManager.py <_prstr>179 :  Average success = 79.70 +- 2.50
RESULTS:: 09:10:30: root                               EvaluationManager.py <_prstr>179 :  Average turns   = 9.03 +- 0.27
RESULTS:: 09:10:30: root                                   pydial.py <setEvalConfig>470 :  *** Evaluating env1-LAP-tau_nodrop_sort_noinco_nl_4020_250100-seed8-00.1: error-rate=0 num-dialogs=500 ***
RESULTS:: 09:25:18: root                               EvaluationManager.py <_prstr>179 :  Results for domain: Laptops11 --evaluated by: objective success evaluator
RESULTS:: 09:25:18: root                               EvaluationManager.py <_prstr>179 :  # of dialogues  = 500
RESULTS:: 09:25:18: root                               EvaluationManager.py <_prstr>179 :  Average reward  = 8.76 +- 0.77
RESULTS:: 09:25:18: root                               EvaluationManager.py <_prstr>179 :  Average success = 79.20 +- 3.57
RESULTS:: 09:25:18: root                               EvaluationManager.py <_prstr>179 :  Average turns   = 7.08 +- 0.19
RESULTS:: 09:25:18: root                                   pydial.py <train_command>791 :  List of domains: Laptops11
RESULTS:: 09:25:18: root                                      pydial.py <trainBatch>409 :  *** Training Iteration env1-LAP-tau_nodrop_sort_noinco_nl_4020_250100-seed8-00.1->env1-LAP-tau_nodrop_sort_noinco_nl_4020_250100-seed8-00.2: iter=1, error-rate=0, num-dialogs=1000 ***
RESULTS:: 10:04:17: root                               EvaluationManager.py <_prstr>179 :  Results for domain: Laptops11 --evaluated by: objective success evaluator
RESULTS:: 10:04:17: root                               EvaluationManager.py <_prstr>179 :  # of dialogues  = 1000
RESULTS:: 10:04:17: root                               EvaluationManager.py <_prstr>179 :  Average reward  = 8.43 +- 0.54
RESULTS:: 10:04:17: root                               EvaluationManager.py <_prstr>179 :  Average success = 86.00 +- 2.15
RESULTS:: 10:04:17: root                               EvaluationManager.py <_prstr>179 :  Average turns   = 8.77 +- 0.25
RESULTS:: 10:04:17: root                                   pydial.py <setEvalConfig>470 :  *** Evaluating env1-LAP-tau_nodrop_sort_noinco_nl_4020_250100-seed8-00.2: error-rate=0 num-dialogs=500 ***
RESULTS:: 10:19:01: root                               EvaluationManager.py <_prstr>179 :  Results for domain: Laptops11 --evaluated by: objective success evaluator
RESULTS:: 10:19:01: root                               EvaluationManager.py <_prstr>179 :  # of dialogues  = 500
RESULTS:: 10:19:01: root                               EvaluationManager.py <_prstr>179 :  Average reward  = 8.61 +- 0.78
RESULTS:: 10:19:01: root                               EvaluationManager.py <_prstr>179 :  Average success = 78.60 +- 3.60
RESULTS:: 10:19:01: root                               EvaluationManager.py <_prstr>179 :  Average turns   = 7.11 +- 0.21
RESULTS:: 10:19:01: root                                   pydial.py <train_command>791 :  List of domains: Laptops11
RESULTS:: 10:19:01: root                                      pydial.py <trainBatch>409 :  *** Training Iteration env1-LAP-tau_nodrop_sort_noinco_nl_4020_250100-seed8-00.2->env1-LAP-tau_nodrop_sort_noinco_nl_4020_250100-seed8-00.3: iter=2, error-rate=0, num-dialogs=1000 ***
RESULTS:: 10:58:32: root                               EvaluationManager.py <_prstr>179 :  Results for domain: Laptops11 --evaluated by: objective success evaluator
RESULTS:: 10:58:32: root                               EvaluationManager.py <_prstr>179 :  # of dialogues  = 1000
RESULTS:: 10:58:32: root                               EvaluationManager.py <_prstr>179 :  Average reward  = 9.29 +- 0.49
RESULTS:: 10:58:32: root                               EvaluationManager.py <_prstr>179 :  Average success = 91.40 +- 1.74
RESULTS:: 10:58:32: root                               EvaluationManager.py <_prstr>179 :  Average turns   = 8.99 +- 0.27
RESULTS:: 10:58:32: root                                   pydial.py <setEvalConfig>470 :  *** Evaluating env1-LAP-tau_nodrop_sort_noinco_nl_4020_250100-seed8-00.3: error-rate=0 num-dialogs=500 ***
RESULTS:: 11:14:11: root                               EvaluationManager.py <_prstr>179 :  Results for domain: Laptops11 --evaluated by: objective success evaluator
RESULTS:: 11:14:11: root                               EvaluationManager.py <_prstr>179 :  # of dialogues  = 500
RESULTS:: 11:14:11: root                               EvaluationManager.py <_prstr>179 :  Average reward  = 11.49 +- 0.51
RESULTS:: 11:14:11: root                               EvaluationManager.py <_prstr>179 :  Average success = 93.80 +- 2.12
RESULTS:: 11:14:11: root                               EvaluationManager.py <_prstr>179 :  Average turns   = 7.27 +- 0.24
RESULTS:: 11:14:11: root                                   pydial.py <train_command>791 :  List of domains: Laptops11
RESULTS:: 11:14:11: root                                      pydial.py <trainBatch>409 :  *** Training Iteration env1-LAP-tau_nodrop_sort_noinco_nl_4020_250100-seed8-00.3->env1-LAP-tau_nodrop_sort_noinco_nl_4020_250100-seed8-00.4: iter=3, error-rate=0, num-dialogs=1000 ***
RESULTS:: 11:53:33: root                               EvaluationManager.py <_prstr>179 :  Results for domain: Laptops11 --evaluated by: objective success evaluator
RESULTS:: 11:53:33: root                               EvaluationManager.py <_prstr>179 :  # of dialogues  = 1000
RESULTS:: 11:53:33: root                               EvaluationManager.py <_prstr>179 :  Average reward  = 9.29 +- 0.47
RESULTS:: 11:53:33: root                               EvaluationManager.py <_prstr>179 :  Average success = 91.80 +- 1.70
RESULTS:: 11:53:33: root                               EvaluationManager.py <_prstr>179 :  Average turns   = 9.06 +- 0.26
RESULTS:: 11:53:33: root                                   pydial.py <setEvalConfig>470 :  *** Evaluating env1-LAP-tau_nodrop_sort_noinco_nl_4020_250100-seed8-00.4: error-rate=0 num-dialogs=500 ***
RESULTS:: 12:09:51: root                               EvaluationManager.py <_prstr>179 :  Results for domain: Laptops11 --evaluated by: objective success evaluator
RESULTS:: 12:09:51: root                               EvaluationManager.py <_prstr>179 :  # of dialogues  = 500
RESULTS:: 12:09:51: root                               EvaluationManager.py <_prstr>179 :  Average reward  = 9.41 +- 0.72
RESULTS:: 12:09:51: root                               EvaluationManager.py <_prstr>179 :  Average success = 84.00 +- 3.22
RESULTS:: 12:09:51: root                               EvaluationManager.py <_prstr>179 :  Average turns   = 7.39 +- 0.22
RESULTS:: 12:09:51: root                                   pydial.py <train_command>791 :  List of domains: Laptops11
RESULTS:: 12:09:51: root                                      pydial.py <trainBatch>409 :  *** Training Iteration env1-LAP-tau_nodrop_sort_noinco_nl_4020_250100-seed8-00.4->env1-LAP-tau_nodrop_sort_noinco_nl_4020_250100-seed8-00.5: iter=4, error-rate=0, num-dialogs=1000 ***
RESULTS:: 12:48:24: root                               EvaluationManager.py <_prstr>179 :  Results for domain: Laptops11 --evaluated by: objective success evaluator
RESULTS:: 12:48:24: root                               EvaluationManager.py <_prstr>179 :  # of dialogues  = 1000
RESULTS:: 12:48:24: root                               EvaluationManager.py <_prstr>179 :  Average reward  = 9.34 +- 0.48
RESULTS:: 12:48:24: root                               EvaluationManager.py <_prstr>179 :  Average success = 90.30 +- 1.84
RESULTS:: 12:48:24: root                               EvaluationManager.py <_prstr>179 :  Average turns   = 8.72 +- 0.25
RESULTS:: 12:48:24: root                                   pydial.py <setEvalConfig>470 :  *** Evaluating env1-LAP-tau_nodrop_sort_noinco_nl_4020_250100-seed8-00.5: error-rate=0 num-dialogs=500 ***
RESULTS:: 13:02:52: root                               EvaluationManager.py <_prstr>179 :  Results for domain: Laptops11 --evaluated by: objective success evaluator
RESULTS:: 13:02:52: root                               EvaluationManager.py <_prstr>179 :  # of dialogues  = 500
RESULTS:: 13:02:52: root                               EvaluationManager.py <_prstr>179 :  Average reward  = 11.08 +- 0.59
RESULTS:: 13:02:52: root                               EvaluationManager.py <_prstr>179 :  Average success = 91.20 +- 2.49
RESULTS:: 13:02:52: root                               EvaluationManager.py <_prstr>179 :  Average turns   = 7.16 +- 0.22
RESULTS:: 13:02:52: root                                   pydial.py <train_command>791 :  List of domains: Laptops11
RESULTS:: 13:02:52: root                                      pydial.py <trainBatch>409 :  *** Training Iteration env1-LAP-tau_nodrop_sort_noinco_nl_4020_250100-seed8-00.5->env1-LAP-tau_nodrop_sort_noinco_nl_4020_250100-seed8-00.6: iter=5, error-rate=0, num-dialogs=1000 ***
RESULTS:: 13:39:41: root                               EvaluationManager.py <_prstr>179 :  Results for domain: Laptops11 --evaluated by: objective success evaluator
RESULTS:: 13:39:41: root                               EvaluationManager.py <_prstr>179 :  # of dialogues  = 1000
RESULTS:: 13:39:41: root                               EvaluationManager.py <_prstr>179 :  Average reward  = 8.89 +- 0.54
RESULTS:: 13:39:41: root                               EvaluationManager.py <_prstr>179 :  Average success = 89.90 +- 1.87
RESULTS:: 13:39:41: root                               EvaluationManager.py <_prstr>179 :  Average turns   = 9.09 +- 0.27
RESULTS:: 13:39:41: root                                   pydial.py <setEvalConfig>470 :  *** Evaluating env1-LAP-tau_nodrop_sort_noinco_nl_4020_250100-seed8-00.6: error-rate=0 num-dialogs=500 ***
RESULTS:: 13:54:59: root                               EvaluationManager.py <_prstr>179 :  Results for domain: Laptops11 --evaluated by: objective success evaluator
RESULTS:: 13:54:59: root                               EvaluationManager.py <_prstr>179 :  # of dialogues  = 500
RESULTS:: 13:54:59: root                               EvaluationManager.py <_prstr>179 :  Average reward  = 10.26 +- 0.68
RESULTS:: 13:54:59: root                               EvaluationManager.py <_prstr>179 :  Average success = 89.60 +- 2.68
RESULTS:: 13:54:59: root                               EvaluationManager.py <_prstr>179 :  Average turns   = 7.66 +- 0.29
RESULTS:: 13:54:59: root                                   pydial.py <train_command>791 :  List of domains: Laptops11
RESULTS:: 13:54:59: root                                      pydial.py <trainBatch>409 :  *** Training Iteration env1-LAP-tau_nodrop_sort_noinco_nl_4020_250100-seed8-00.6->env1-LAP-tau_nodrop_sort_noinco_nl_4020_250100-seed8-00.7: iter=6, error-rate=0, num-dialogs=1000 ***
RESULTS:: 14:31:19: root                               EvaluationManager.py <_prstr>179 :  Results for domain: Laptops11 --evaluated by: objective success evaluator
RESULTS:: 14:31:19: root                               EvaluationManager.py <_prstr>179 :  # of dialogues  = 1000
RESULTS:: 14:31:19: root                               EvaluationManager.py <_prstr>179 :  Average reward  = 9.41 +- 0.51
RESULTS:: 14:31:19: root                               EvaluationManager.py <_prstr>179 :  Average success = 90.50 +- 1.82
RESULTS:: 14:31:19: root                               EvaluationManager.py <_prstr>179 :  Average turns   = 8.69 +- 0.25
RESULTS:: 14:31:19: root                                   pydial.py <setEvalConfig>470 :  *** Evaluating env1-LAP-tau_nodrop_sort_noinco_nl_4020_250100-seed8-00.7: error-rate=0 num-dialogs=500 ***
RESULTS:: 14:46:57: root                               EvaluationManager.py <_prstr>179 :  Results for domain: Laptops11 --evaluated by: objective success evaluator
RESULTS:: 14:46:57: root                               EvaluationManager.py <_prstr>179 :  # of dialogues  = 500
RESULTS:: 14:46:57: root                               EvaluationManager.py <_prstr>179 :  Average reward  = 10.79 +- 0.62
RESULTS:: 14:46:57: root                               EvaluationManager.py <_prstr>179 :  Average success = 90.20 +- 2.61
RESULTS:: 14:46:57: root                               EvaluationManager.py <_prstr>179 :  Average turns   = 7.25 +- 0.23
RESULTS:: 14:46:57: root                                   pydial.py <train_command>791 :  List of domains: Laptops11
RESULTS:: 14:46:57: root                                      pydial.py <trainBatch>409 :  *** Training Iteration env1-LAP-tau_nodrop_sort_noinco_nl_4020_250100-seed8-00.7->env1-LAP-tau_nodrop_sort_noinco_nl_4020_250100-seed8-00.8: iter=7, error-rate=0, num-dialogs=1000 ***
RESULTS:: 15:25:21: root                               EvaluationManager.py <_prstr>179 :  Results for domain: Laptops11 --evaluated by: objective success evaluator
RESULTS:: 15:25:21: root                               EvaluationManager.py <_prstr>179 :  # of dialogues  = 1000
RESULTS:: 15:25:21: root                               EvaluationManager.py <_prstr>179 :  Average reward  = 9.50 +- 0.49
RESULTS:: 15:25:21: root                               EvaluationManager.py <_prstr>179 :  Average success = 92.10 +- 1.67
RESULTS:: 15:25:21: root                               EvaluationManager.py <_prstr>179 :  Average turns   = 8.92 +- 0.26
RESULTS:: 15:25:21: root                                   pydial.py <setEvalConfig>470 :  *** Evaluating env1-LAP-tau_nodrop_sort_noinco_nl_4020_250100-seed8-00.8: error-rate=0 num-dialogs=500 ***
RESULTS:: 15:40:20: root                               EvaluationManager.py <_prstr>179 :  Results for domain: Laptops11 --evaluated by: objective success evaluator
RESULTS:: 15:40:20: root                               EvaluationManager.py <_prstr>179 :  # of dialogues  = 500
RESULTS:: 15:40:20: root                               EvaluationManager.py <_prstr>179 :  Average reward  = 10.39 +- 0.65
RESULTS:: 15:40:20: root                               EvaluationManager.py <_prstr>179 :  Average success = 89.20 +- 2.73
RESULTS:: 15:40:20: root                               EvaluationManager.py <_prstr>179 :  Average turns   = 7.45 +- 0.25
RESULTS:: 15:40:20: root                                   pydial.py <train_command>791 :  List of domains: Laptops11
RESULTS:: 15:40:20: root                                      pydial.py <trainBatch>409 :  *** Training Iteration env1-LAP-tau_nodrop_sort_noinco_nl_4020_250100-seed8-00.8->env1-LAP-tau_nodrop_sort_noinco_nl_4020_250100-seed8-00.9: iter=8, error-rate=0, num-dialogs=1000 ***
RESULTS:: 16:45:28: root                               EvaluationManager.py <_prstr>179 :  Results for domain: Laptops11 --evaluated by: objective success evaluator
RESULTS:: 16:45:28: root                               EvaluationManager.py <_prstr>179 :  # of dialogues  = 1000
RESULTS:: 16:45:28: root                               EvaluationManager.py <_prstr>179 :  Average reward  = 10.11 +- 0.43
RESULTS:: 16:45:28: root                               EvaluationManager.py <_prstr>179 :  Average success = 94.70 +- 1.39
RESULTS:: 16:45:28: root                               EvaluationManager.py <_prstr>179 :  Average turns   = 8.83 +- 0.25
RESULTS:: 16:45:28: root                                   pydial.py <setEvalConfig>470 :  *** Evaluating env1-LAP-tau_nodrop_sort_noinco_nl_4020_250100-seed8-00.9: error-rate=0 num-dialogs=500 ***
RESULTS:: 17:00:14: root                               EvaluationManager.py <_prstr>179 :  Results for domain: Laptops11 --evaluated by: objective success evaluator
RESULTS:: 17:00:14: root                               EvaluationManager.py <_prstr>179 :  # of dialogues  = 500
RESULTS:: 17:00:14: root                               EvaluationManager.py <_prstr>179 :  Average reward  = 12.53 +- 0.32
RESULTS:: 17:00:14: root                               EvaluationManager.py <_prstr>179 :  Average success = 99.20 +- 0.78
RESULTS:: 17:00:14: root                               EvaluationManager.py <_prstr>179 :  Average turns   = 7.31 +- 0.26
RESULTS:: 17:00:14: root                                   pydial.py <train_command>791 :  List of domains: Laptops11
RESULTS:: 17:00:14: root                                      pydial.py <trainBatch>409 :  *** Training Iteration env1-LAP-tau_nodrop_sort_noinco_nl_4020_250100-seed8-00.9->env1-LAP-tau_nodrop_sort_noinco_nl_4020_250100-seed8-00.10: iter=9, error-rate=0, num-dialogs=1000 ***
RESULTS:: 17:38:27: root                               EvaluationManager.py <_prstr>179 :  Results for domain: Laptops11 --evaluated by: objective success evaluator
RESULTS:: 17:38:27: root                               EvaluationManager.py <_prstr>179 :  # of dialogues  = 1000
RESULTS:: 17:38:27: root                               EvaluationManager.py <_prstr>179 :  Average reward  = 9.46 +- 0.50
RESULTS:: 17:38:27: root                               EvaluationManager.py <_prstr>179 :  Average success = 92.30 +- 1.65
RESULTS:: 17:38:27: root                               EvaluationManager.py <_prstr>179 :  Average turns   = 9.00 +- 0.27
RESULTS:: 17:38:27: root                                   pydial.py <setEvalConfig>470 :  *** Evaluating env1-LAP-tau_nodrop_sort_noinco_nl_4020_250100-seed8-00.10: error-rate=0 num-dialogs=500 ***
RESULTS:: 17:52:57: root                               EvaluationManager.py <_prstr>179 :  Results for domain: Laptops11 --evaluated by: objective success evaluator
RESULTS:: 17:52:57: root                               EvaluationManager.py <_prstr>179 :  # of dialogues  = 500
RESULTS:: 17:52:57: root                               EvaluationManager.py <_prstr>179 :  Average reward  = 11.84 +- 0.51
RESULTS:: 17:52:57: root                               EvaluationManager.py <_prstr>179 :  Average success = 95.40 +- 1.84
RESULTS:: 17:52:57: root                               EvaluationManager.py <_prstr>179 :  Average turns   = 7.24 +- 0.26
RESULTS:: 17:52:57: root                                   pydial.py <train_command>807 :  *** Training complete. log: env1-LAP-tau_nodrop_sort_noinco_nl_4020_250100-seed8-00.1-10.train.log - final policy is env1-LAP-tau_nodrop_sort_noinco_nl_4020_250100-00-10
