RESULTS:: 15:55:48: root                                   pydial.py <train_command>791 :  List of domains: Laptops11
RESULTS:: 15:55:48: root                                      pydial.py <trainBatch>409 :  *** Training Iteration env1-LAP-tau_nodrop_sort_noinco_4020_250100-seed0-00.0->env1-LAP-tau_nodrop_sort_noinco_4020_250100-seed0-00.1: iter=0, error-rate=0, num-dialogs=1000 ***
RESULTS:: 16:40:17: root                               EvaluationManager.py <_prstr>179 :  Results for domain: Laptops11 --evaluated by: objective success evaluator
RESULTS:: 16:40:17: root                               EvaluationManager.py <_prstr>179 :  # of dialogues  = 1000
RESULTS:: 16:40:17: root                               EvaluationManager.py <_prstr>179 :  Average reward  = 6.41 +- 0.60
RESULTS:: 16:40:17: root                               EvaluationManager.py <_prstr>179 :  Average success = 76.90 +- 2.62
RESULTS:: 16:40:17: root                               EvaluationManager.py <_prstr>179 :  Average turns   = 8.97 +- 0.24
RESULTS:: 16:40:17: root                                   pydial.py <setEvalConfig>470 :  *** Evaluating env1-LAP-tau_nodrop_sort_noinco_4020_250100-seed0-00.1: error-rate=0 num-dialogs=500 ***
RESULTS:: 16:57:13: root                               EvaluationManager.py <_prstr>179 :  Results for domain: Laptops11 --evaluated by: objective success evaluator
RESULTS:: 16:57:13: root                               EvaluationManager.py <_prstr>179 :  # of dialogues  = 500
RESULTS:: 16:57:13: root                               EvaluationManager.py <_prstr>179 :  Average reward  = 6.78 +- 0.88
RESULTS:: 16:57:13: root                               EvaluationManager.py <_prstr>179 :  Average success = 68.60 +- 4.08
RESULTS:: 16:57:13: root                               EvaluationManager.py <_prstr>179 :  Average turns   = 6.94 +- 0.19
RESULTS:: 16:57:13: root                                   pydial.py <train_command>791 :  List of domains: Laptops11
RESULTS:: 16:57:13: root                                      pydial.py <trainBatch>409 :  *** Training Iteration env1-LAP-tau_nodrop_sort_noinco_4020_250100-seed0-00.1->env1-LAP-tau_nodrop_sort_noinco_4020_250100-seed0-00.2: iter=1, error-rate=0, num-dialogs=1000 ***
RESULTS:: 17:41:28: root                               EvaluationManager.py <_prstr>179 :  Results for domain: Laptops11 --evaluated by: objective success evaluator
RESULTS:: 17:41:28: root                               EvaluationManager.py <_prstr>179 :  # of dialogues  = 1000
RESULTS:: 17:41:28: root                               EvaluationManager.py <_prstr>179 :  Average reward  = 9.25 +- 0.49
RESULTS:: 17:41:28: root                               EvaluationManager.py <_prstr>179 :  Average success = 89.70 +- 1.89
RESULTS:: 17:41:28: root                               EvaluationManager.py <_prstr>179 :  Average turns   = 8.69 +- 0.26
RESULTS:: 17:41:28: root                                   pydial.py <setEvalConfig>470 :  *** Evaluating env1-LAP-tau_nodrop_sort_noinco_4020_250100-seed0-00.2: error-rate=0 num-dialogs=500 ***
RESULTS:: 17:58:16: root                               EvaluationManager.py <_prstr>179 :  Results for domain: Laptops11 --evaluated by: objective success evaluator
RESULTS:: 17:58:16: root                               EvaluationManager.py <_prstr>179 :  # of dialogues  = 500
RESULTS:: 17:58:16: root                               EvaluationManager.py <_prstr>179 :  Average reward  = 9.38 +- 0.72
RESULTS:: 17:58:16: root                               EvaluationManager.py <_prstr>179 :  Average success = 82.00 +- 3.38
RESULTS:: 17:58:16: root                               EvaluationManager.py <_prstr>179 :  Average turns   = 7.02 +- 0.21
RESULTS:: 17:58:16: root                                   pydial.py <train_command>791 :  List of domains: Laptops11
RESULTS:: 17:58:16: root                                      pydial.py <trainBatch>409 :  *** Training Iteration env1-LAP-tau_nodrop_sort_noinco_4020_250100-seed0-00.2->env1-LAP-tau_nodrop_sort_noinco_4020_250100-seed0-00.3: iter=2, error-rate=0, num-dialogs=1000 ***
RESULTS:: 18:45:51: root                               EvaluationManager.py <_prstr>179 :  Results for domain: Laptops11 --evaluated by: objective success evaluator
RESULTS:: 18:45:51: root                               EvaluationManager.py <_prstr>179 :  # of dialogues  = 1000
RESULTS:: 18:45:51: root                               EvaluationManager.py <_prstr>179 :  Average reward  = 8.91 +- 0.51
RESULTS:: 18:45:51: root                               EvaluationManager.py <_prstr>179 :  Average success = 89.40 +- 1.91
RESULTS:: 18:45:51: root                               EvaluationManager.py <_prstr>179 :  Average turns   = 8.97 +- 0.26
RESULTS:: 18:45:51: root                                   pydial.py <setEvalConfig>470 :  *** Evaluating env1-LAP-tau_nodrop_sort_noinco_4020_250100-seed0-00.3: error-rate=0 num-dialogs=500 ***
RESULTS:: 19:04:09: root                               EvaluationManager.py <_prstr>179 :  Results for domain: Laptops11 --evaluated by: objective success evaluator
RESULTS:: 19:04:09: root                               EvaluationManager.py <_prstr>179 :  # of dialogues  = 500
RESULTS:: 19:04:09: root                               EvaluationManager.py <_prstr>179 :  Average reward  = 10.56 +- 0.59
RESULTS:: 19:04:09: root                               EvaluationManager.py <_prstr>179 :  Average success = 90.80 +- 2.54
RESULTS:: 19:04:09: root                               EvaluationManager.py <_prstr>179 :  Average turns   = 7.60 +- 0.26
RESULTS:: 19:04:09: root                                   pydial.py <train_command>791 :  List of domains: Laptops11
RESULTS:: 19:04:09: root                                      pydial.py <trainBatch>409 :  *** Training Iteration env1-LAP-tau_nodrop_sort_noinco_4020_250100-seed0-00.3->env1-LAP-tau_nodrop_sort_noinco_4020_250100-seed0-00.4: iter=3, error-rate=0, num-dialogs=1000 ***
RESULTS:: 19:48:27: root                               EvaluationManager.py <_prstr>179 :  Results for domain: Laptops11 --evaluated by: objective success evaluator
RESULTS:: 19:48:27: root                               EvaluationManager.py <_prstr>179 :  # of dialogues  = 1000
RESULTS:: 19:48:27: root                               EvaluationManager.py <_prstr>179 :  Average reward  = 9.91 +- 0.46
RESULTS:: 19:48:27: root                               EvaluationManager.py <_prstr>179 :  Average success = 93.10 +- 1.57
RESULTS:: 19:48:27: root                               EvaluationManager.py <_prstr>179 :  Average turns   = 8.71 +- 0.25
RESULTS:: 19:48:27: root                                   pydial.py <setEvalConfig>470 :  *** Evaluating env1-LAP-tau_nodrop_sort_noinco_4020_250100-seed0-00.4: error-rate=0 num-dialogs=500 ***
RESULTS:: 20:06:35: root                               EvaluationManager.py <_prstr>179 :  Results for domain: Laptops11 --evaluated by: objective success evaluator
RESULTS:: 20:06:35: root                               EvaluationManager.py <_prstr>179 :  # of dialogues  = 500
RESULTS:: 20:06:35: root                               EvaluationManager.py <_prstr>179 :  Average reward  = 11.86 +- 0.47
RESULTS:: 20:06:35: root                               EvaluationManager.py <_prstr>179 :  Average success = 96.20 +- 1.68
RESULTS:: 20:06:35: root                               EvaluationManager.py <_prstr>179 :  Average turns   = 7.38 +- 0.26
RESULTS:: 20:06:35: root                                   pydial.py <train_command>791 :  List of domains: Laptops11
RESULTS:: 20:06:35: root                                      pydial.py <trainBatch>409 :  *** Training Iteration env1-LAP-tau_nodrop_sort_noinco_4020_250100-seed0-00.4->env1-LAP-tau_nodrop_sort_noinco_4020_250100-seed0-00.5: iter=4, error-rate=0, num-dialogs=1000 ***
RESULTS:: 20:53:10: root                               EvaluationManager.py <_prstr>179 :  Results for domain: Laptops11 --evaluated by: objective success evaluator
RESULTS:: 20:53:10: root                               EvaluationManager.py <_prstr>179 :  # of dialogues  = 1000
RESULTS:: 20:53:10: root                               EvaluationManager.py <_prstr>179 :  Average reward  = 9.26 +- 0.52
RESULTS:: 20:53:10: root                               EvaluationManager.py <_prstr>179 :  Average success = 91.40 +- 1.74
RESULTS:: 20:53:10: root                               EvaluationManager.py <_prstr>179 :  Average turns   = 9.02 +- 0.28
RESULTS:: 20:53:10: root                                   pydial.py <setEvalConfig>470 :  *** Evaluating env1-LAP-tau_nodrop_sort_noinco_4020_250100-seed0-00.5: error-rate=0 num-dialogs=500 ***
RESULTS:: 21:11:01: root                               EvaluationManager.py <_prstr>179 :  Results for domain: Laptops11 --evaluated by: objective success evaluator
RESULTS:: 21:11:01: root                               EvaluationManager.py <_prstr>179 :  # of dialogues  = 500
RESULTS:: 21:11:01: root                               EvaluationManager.py <_prstr>179 :  Average reward  = 10.96 +- 0.68
RESULTS:: 21:11:01: root                               EvaluationManager.py <_prstr>179 :  Average success = 91.00 +- 2.51
RESULTS:: 21:11:01: root                               EvaluationManager.py <_prstr>179 :  Average turns   = 7.24 +- 0.30
RESULTS:: 21:11:01: root                                   pydial.py <train_command>791 :  List of domains: Laptops11
RESULTS:: 21:11:01: root                                      pydial.py <trainBatch>409 :  *** Training Iteration env1-LAP-tau_nodrop_sort_noinco_4020_250100-seed0-00.5->env1-LAP-tau_nodrop_sort_noinco_4020_250100-seed0-00.6: iter=5, error-rate=0, num-dialogs=1000 ***
RESULTS:: 21:57:12: root                               EvaluationManager.py <_prstr>179 :  Results for domain: Laptops11 --evaluated by: objective success evaluator
RESULTS:: 21:57:12: root                               EvaluationManager.py <_prstr>179 :  # of dialogues  = 1000
RESULTS:: 21:57:12: root                               EvaluationManager.py <_prstr>179 :  Average reward  = 9.85 +- 0.48
RESULTS:: 21:57:12: root                               EvaluationManager.py <_prstr>179 :  Average success = 93.00 +- 1.58
RESULTS:: 21:57:12: root                               EvaluationManager.py <_prstr>179 :  Average turns   = 8.75 +- 0.26
RESULTS:: 21:57:12: root                                   pydial.py <setEvalConfig>470 :  *** Evaluating env1-LAP-tau_nodrop_sort_noinco_4020_250100-seed0-00.6: error-rate=0 num-dialogs=500 ***
RESULTS:: 22:15:24: root                               EvaluationManager.py <_prstr>179 :  Results for domain: Laptops11 --evaluated by: objective success evaluator
RESULTS:: 22:15:24: root                               EvaluationManager.py <_prstr>179 :  # of dialogues  = 500
RESULTS:: 22:15:24: root                               EvaluationManager.py <_prstr>179 :  Average reward  = 9.86 +- 0.70
RESULTS:: 22:15:24: root                               EvaluationManager.py <_prstr>179 :  Average success = 86.40 +- 3.01
RESULTS:: 22:15:24: root                               EvaluationManager.py <_prstr>179 :  Average turns   = 7.42 +- 0.24
RESULTS:: 22:15:24: root                                   pydial.py <train_command>791 :  List of domains: Laptops11
RESULTS:: 22:15:24: root                                      pydial.py <trainBatch>409 :  *** Training Iteration env1-LAP-tau_nodrop_sort_noinco_4020_250100-seed0-00.6->env1-LAP-tau_nodrop_sort_noinco_4020_250100-seed0-00.7: iter=6, error-rate=0, num-dialogs=1000 ***
RESULTS:: 23:00:56: root                               EvaluationManager.py <_prstr>179 :  Results for domain: Laptops11 --evaluated by: objective success evaluator
RESULTS:: 23:00:56: root                               EvaluationManager.py <_prstr>179 :  # of dialogues  = 1000
RESULTS:: 23:00:56: root                               EvaluationManager.py <_prstr>179 :  Average reward  = 9.85 +- 0.46
RESULTS:: 23:00:56: root                               EvaluationManager.py <_prstr>179 :  Average success = 93.40 +- 1.54
RESULTS:: 23:00:56: root                               EvaluationManager.py <_prstr>179 :  Average turns   = 8.83 +- 0.26
RESULTS:: 23:00:56: root                                   pydial.py <setEvalConfig>470 :  *** Evaluating env1-LAP-tau_nodrop_sort_noinco_4020_250100-seed0-00.7: error-rate=0 num-dialogs=500 ***
RESULTS:: 23:18:38: root                               EvaluationManager.py <_prstr>179 :  Results for domain: Laptops11 --evaluated by: objective success evaluator
RESULTS:: 23:18:38: root                               EvaluationManager.py <_prstr>179 :  # of dialogues  = 500
RESULTS:: 23:18:38: root                               EvaluationManager.py <_prstr>179 :  Average reward  = 9.80 +- 0.68
RESULTS:: 23:18:38: root                               EvaluationManager.py <_prstr>179 :  Average success = 85.60 +- 3.08
RESULTS:: 23:18:38: root                               EvaluationManager.py <_prstr>179 :  Average turns   = 7.32 +- 0.23
RESULTS:: 23:18:38: root                                   pydial.py <train_command>791 :  List of domains: Laptops11
RESULTS:: 23:18:38: root                                      pydial.py <trainBatch>409 :  *** Training Iteration env1-LAP-tau_nodrop_sort_noinco_4020_250100-seed0-00.7->env1-LAP-tau_nodrop_sort_noinco_4020_250100-seed0-00.8: iter=7, error-rate=0, num-dialogs=1000 ***
RESULTS:: 00:02:45: root                               EvaluationManager.py <_prstr>179 :  Results for domain: Laptops11 --evaluated by: objective success evaluator
RESULTS:: 00:02:45: root                               EvaluationManager.py <_prstr>179 :  # of dialogues  = 1000
RESULTS:: 00:02:45: root                               EvaluationManager.py <_prstr>179 :  Average reward  = 9.12 +- 0.51
RESULTS:: 00:02:45: root                               EvaluationManager.py <_prstr>179 :  Average success = 90.10 +- 1.85
RESULTS:: 00:02:45: root                               EvaluationManager.py <_prstr>179 :  Average turns   = 8.90 +- 0.26
RESULTS:: 00:02:45: root                                   pydial.py <setEvalConfig>470 :  *** Evaluating env1-LAP-tau_nodrop_sort_noinco_4020_250100-seed0-00.8: error-rate=0 num-dialogs=500 ***
RESULTS:: 00:21:10: root                               EvaluationManager.py <_prstr>179 :  Results for domain: Laptops11 --evaluated by: objective success evaluator
RESULTS:: 00:21:10: root                               EvaluationManager.py <_prstr>179 :  # of dialogues  = 500
RESULTS:: 00:21:10: root                               EvaluationManager.py <_prstr>179 :  Average reward  = 10.31 +- 0.67
RESULTS:: 00:21:10: root                               EvaluationManager.py <_prstr>179 :  Average success = 90.60 +- 2.56
RESULTS:: 00:21:10: root                               EvaluationManager.py <_prstr>179 :  Average turns   = 7.81 +- 0.30
RESULTS:: 00:21:10: root                                   pydial.py <train_command>791 :  List of domains: Laptops11
RESULTS:: 00:21:10: root                                      pydial.py <trainBatch>409 :  *** Training Iteration env1-LAP-tau_nodrop_sort_noinco_4020_250100-seed0-00.8->env1-LAP-tau_nodrop_sort_noinco_4020_250100-seed0-00.9: iter=8, error-rate=0, num-dialogs=1000 ***
RESULTS:: 01:03:59: root                               EvaluationManager.py <_prstr>179 :  Results for domain: Laptops11 --evaluated by: objective success evaluator
RESULTS:: 01:03:59: root                               EvaluationManager.py <_prstr>179 :  # of dialogues  = 1000
RESULTS:: 01:03:59: root                               EvaluationManager.py <_prstr>179 :  Average reward  = 8.88 +- 0.50
RESULTS:: 01:03:59: root                               EvaluationManager.py <_prstr>179 :  Average success = 87.50 +- 2.05
RESULTS:: 01:03:59: root                               EvaluationManager.py <_prstr>179 :  Average turns   = 8.62 +- 0.22
RESULTS:: 01:03:59: root                                   pydial.py <setEvalConfig>470 :  *** Evaluating env1-LAP-tau_nodrop_sort_noinco_4020_250100-seed0-00.9: error-rate=0 num-dialogs=500 ***
RESULTS:: 01:20:45: root                               EvaluationManager.py <_prstr>179 :  Results for domain: Laptops11 --evaluated by: objective success evaluator
RESULTS:: 01:20:45: root                               EvaluationManager.py <_prstr>179 :  # of dialogues  = 500
RESULTS:: 01:20:45: root                               EvaluationManager.py <_prstr>179 :  Average reward  = 8.98 +- 0.75
RESULTS:: 01:20:45: root                               EvaluationManager.py <_prstr>179 :  Average success = 80.20 +- 3.50
RESULTS:: 01:20:45: root                               EvaluationManager.py <_prstr>179 :  Average turns   = 7.06 +- 0.21
RESULTS:: 01:20:45: root                                   pydial.py <train_command>791 :  List of domains: Laptops11
RESULTS:: 01:20:45: root                                      pydial.py <trainBatch>409 :  *** Training Iteration env1-LAP-tau_nodrop_sort_noinco_4020_250100-seed0-00.9->env1-LAP-tau_nodrop_sort_noinco_4020_250100-seed0-00.10: iter=9, error-rate=0, num-dialogs=1000 ***
RESULTS:: 02:02:56: root                               EvaluationManager.py <_prstr>179 :  Results for domain: Laptops11 --evaluated by: objective success evaluator
RESULTS:: 02:02:56: root                               EvaluationManager.py <_prstr>179 :  # of dialogues  = 1000
RESULTS:: 02:02:56: root                               EvaluationManager.py <_prstr>179 :  Average reward  = 8.78 +- 0.50
RESULTS:: 02:02:56: root                               EvaluationManager.py <_prstr>179 :  Average success = 86.20 +- 2.14
RESULTS:: 02:02:56: root                               EvaluationManager.py <_prstr>179 :  Average turns   = 8.46 +- 0.22
RESULTS:: 02:02:56: root                                   pydial.py <setEvalConfig>470 :  *** Evaluating env1-LAP-tau_nodrop_sort_noinco_4020_250100-seed0-00.10: error-rate=0 num-dialogs=500 ***
RESULTS:: 02:20:43: root                               EvaluationManager.py <_prstr>179 :  Results for domain: Laptops11 --evaluated by: objective success evaluator
RESULTS:: 02:20:43: root                               EvaluationManager.py <_prstr>179 :  # of dialogues  = 500
RESULTS:: 02:20:43: root                               EvaluationManager.py <_prstr>179 :  Average reward  = 10.07 +- 0.67
RESULTS:: 02:20:43: root                               EvaluationManager.py <_prstr>179 :  Average success = 87.60 +- 2.90
RESULTS:: 02:20:43: root                               EvaluationManager.py <_prstr>179 :  Average turns   = 7.45 +- 0.24
RESULTS:: 02:20:43: root                                   pydial.py <train_command>807 :  *** Training complete. log: env1-LAP-tau_nodrop_sort_noinco_4020_250100-seed0-00.1-10.train.log - final policy is env1-LAP-tau_nodrop_sort_noinco_4020_250100-00-10
