RESULTS:: 15:56:07: root                                   pydial.py <train_command>791 :  List of domains: Laptops11
RESULTS:: 15:56:07: root                                      pydial.py <trainBatch>409 :  *** Training Iteration env1-LAP-tau_nodrop_sort_noinco_4020_250100-seed7-00.0->env1-LAP-tau_nodrop_sort_noinco_4020_250100-seed7-00.1: iter=0, error-rate=0, num-dialogs=1000 ***
RESULTS:: 16:20:35: root                               EvaluationManager.py <_prstr>179 :  Results for domain: Laptops11 --evaluated by: objective success evaluator
RESULTS:: 16:20:35: root                               EvaluationManager.py <_prstr>179 :  # of dialogues  = 1000
RESULTS:: 16:20:35: root                               EvaluationManager.py <_prstr>179 :  Average reward  = 5.34 +- 0.69
RESULTS:: 16:20:35: root                               EvaluationManager.py <_prstr>179 :  Average success = 73.80 +- 2.73
RESULTS:: 16:20:35: root                               EvaluationManager.py <_prstr>179 :  Average turns   = 9.42 +- 0.28
RESULTS:: 16:20:35: root                                   pydial.py <setEvalConfig>470 :  *** Evaluating env1-LAP-tau_nodrop_sort_noinco_4020_250100-seed7-00.1: error-rate=0 num-dialogs=500 ***
RESULTS:: 16:29:05: root                               EvaluationManager.py <_prstr>179 :  Results for domain: Laptops11 --evaluated by: objective success evaluator
RESULTS:: 16:29:05: root                               EvaluationManager.py <_prstr>179 :  # of dialogues  = 500
RESULTS:: 16:29:05: root                               EvaluationManager.py <_prstr>179 :  Average reward  = 5.45 +- 0.89
RESULTS:: 16:29:05: root                               EvaluationManager.py <_prstr>179 :  Average success = 61.00 +- 4.29
RESULTS:: 16:29:05: root                               EvaluationManager.py <_prstr>179 :  Average turns   = 6.75 +- 0.17
RESULTS:: 16:29:05: root                                   pydial.py <train_command>791 :  List of domains: Laptops11
RESULTS:: 16:29:05: root                                      pydial.py <trainBatch>409 :  *** Training Iteration env1-LAP-tau_nodrop_sort_noinco_4020_250100-seed7-00.1->env1-LAP-tau_nodrop_sort_noinco_4020_250100-seed7-00.2: iter=1, error-rate=0, num-dialogs=1000 ***
RESULTS:: 17:20:06: root                               EvaluationManager.py <_prstr>179 :  Results for domain: Laptops11 --evaluated by: objective success evaluator
RESULTS:: 17:20:06: root                               EvaluationManager.py <_prstr>179 :  # of dialogues  = 1000
RESULTS:: 17:20:06: root                               EvaluationManager.py <_prstr>179 :  Average reward  = 9.31 +- 0.48
RESULTS:: 17:20:06: root                               EvaluationManager.py <_prstr>179 :  Average success = 90.30 +- 1.84
RESULTS:: 17:20:06: root                               EvaluationManager.py <_prstr>179 :  Average turns   = 8.75 +- 0.24
RESULTS:: 17:20:06: root                                   pydial.py <setEvalConfig>470 :  *** Evaluating env1-LAP-tau_nodrop_sort_noinco_4020_250100-seed7-00.2: error-rate=0 num-dialogs=500 ***
RESULTS:: 17:29:32: root                               EvaluationManager.py <_prstr>179 :  Results for domain: Laptops11 --evaluated by: objective success evaluator
RESULTS:: 17:29:32: root                               EvaluationManager.py <_prstr>179 :  # of dialogues  = 500
RESULTS:: 17:29:32: root                               EvaluationManager.py <_prstr>179 :  Average reward  = 10.91 +- 0.62
RESULTS:: 17:29:32: root                               EvaluationManager.py <_prstr>179 :  Average success = 92.40 +- 2.33
RESULTS:: 17:29:32: root                               EvaluationManager.py <_prstr>179 :  Average turns   = 7.57 +- 0.28
RESULTS:: 17:29:32: root                                   pydial.py <train_command>791 :  List of domains: Laptops11
RESULTS:: 17:29:32: root                                      pydial.py <trainBatch>409 :  *** Training Iteration env1-LAP-tau_nodrop_sort_noinco_4020_250100-seed7-00.2->env1-LAP-tau_nodrop_sort_noinco_4020_250100-seed7-00.3: iter=2, error-rate=0, num-dialogs=1000 ***
RESULTS:: 17:52:47: root                               EvaluationManager.py <_prstr>179 :  Results for domain: Laptops11 --evaluated by: objective success evaluator
RESULTS:: 17:52:47: root                               EvaluationManager.py <_prstr>179 :  # of dialogues  = 1000
RESULTS:: 17:52:47: root                               EvaluationManager.py <_prstr>179 :  Average reward  = 9.49 +- 0.48
RESULTS:: 17:52:47: root                               EvaluationManager.py <_prstr>179 :  Average success = 91.30 +- 1.75
RESULTS:: 17:52:47: root                               EvaluationManager.py <_prstr>179 :  Average turns   = 8.77 +- 0.25
RESULTS:: 17:52:47: root                                   pydial.py <setEvalConfig>470 :  *** Evaluating env1-LAP-tau_nodrop_sort_noinco_4020_250100-seed7-00.3: error-rate=0 num-dialogs=500 ***
RESULTS:: 18:02:06: root                               EvaluationManager.py <_prstr>179 :  Results for domain: Laptops11 --evaluated by: objective success evaluator
RESULTS:: 18:02:06: root                               EvaluationManager.py <_prstr>179 :  # of dialogues  = 500
RESULTS:: 18:02:06: root                               EvaluationManager.py <_prstr>179 :  Average reward  = 11.45 +- 0.51
RESULTS:: 18:02:06: root                               EvaluationManager.py <_prstr>179 :  Average success = 95.40 +- 1.84
RESULTS:: 18:02:06: root                               EvaluationManager.py <_prstr>179 :  Average turns   = 7.63 +- 0.27
RESULTS:: 18:02:06: root                                   pydial.py <train_command>791 :  List of domains: Laptops11
RESULTS:: 18:02:06: root                                      pydial.py <trainBatch>409 :  *** Training Iteration env1-LAP-tau_nodrop_sort_noinco_4020_250100-seed7-00.3->env1-LAP-tau_nodrop_sort_noinco_4020_250100-seed7-00.4: iter=3, error-rate=0, num-dialogs=1000 ***
RESULTS:: 18:25:30: root                               EvaluationManager.py <_prstr>179 :  Results for domain: Laptops11 --evaluated by: objective success evaluator
RESULTS:: 18:25:30: root                               EvaluationManager.py <_prstr>179 :  # of dialogues  = 1000
RESULTS:: 18:25:30: root                               EvaluationManager.py <_prstr>179 :  Average reward  = 10.18 +- 0.44
RESULTS:: 18:25:30: root                               EvaluationManager.py <_prstr>179 :  Average success = 95.10 +- 1.34
RESULTS:: 18:25:30: root                               EvaluationManager.py <_prstr>179 :  Average turns   = 8.84 +- 0.27
RESULTS:: 18:25:30: root                                   pydial.py <setEvalConfig>470 :  *** Evaluating env1-LAP-tau_nodrop_sort_noinco_4020_250100-seed7-00.4: error-rate=0 num-dialogs=500 ***
RESULTS:: 18:34:15: root                               EvaluationManager.py <_prstr>179 :  Results for domain: Laptops11 --evaluated by: objective success evaluator
RESULTS:: 18:34:15: root                               EvaluationManager.py <_prstr>179 :  # of dialogues  = 500
RESULTS:: 18:34:15: root                               EvaluationManager.py <_prstr>179 :  Average reward  = 11.08 +- 0.58
RESULTS:: 18:34:15: root                               EvaluationManager.py <_prstr>179 :  Average success = 92.40 +- 2.33
RESULTS:: 18:34:15: root                               EvaluationManager.py <_prstr>179 :  Average turns   = 7.40 +- 0.25
RESULTS:: 18:34:15: root                                   pydial.py <train_command>791 :  List of domains: Laptops11
RESULTS:: 18:34:15: root                                      pydial.py <trainBatch>409 :  *** Training Iteration env1-LAP-tau_nodrop_sort_noinco_4020_250100-seed7-00.4->env1-LAP-tau_nodrop_sort_noinco_4020_250100-seed7-00.5: iter=4, error-rate=0, num-dialogs=1000 ***
RESULTS:: 18:56:29: root                               EvaluationManager.py <_prstr>179 :  Results for domain: Laptops11 --evaluated by: objective success evaluator
RESULTS:: 18:56:29: root                               EvaluationManager.py <_prstr>179 :  # of dialogues  = 1000
RESULTS:: 18:56:29: root                               EvaluationManager.py <_prstr>179 :  Average reward  = 10.56 +- 0.40
RESULTS:: 18:56:29: root                               EvaluationManager.py <_prstr>179 :  Average success = 96.10 +- 1.20
RESULTS:: 18:56:29: root                               EvaluationManager.py <_prstr>179 :  Average turns   = 8.66 +- 0.25
RESULTS:: 18:56:29: root                                   pydial.py <setEvalConfig>470 :  *** Evaluating env1-LAP-tau_nodrop_sort_noinco_4020_250100-seed7-00.5: error-rate=0 num-dialogs=500 ***
RESULTS:: 19:05:39: root                               EvaluationManager.py <_prstr>179 :  Results for domain: Laptops11 --evaluated by: objective success evaluator
RESULTS:: 19:05:39: root                               EvaluationManager.py <_prstr>179 :  # of dialogues  = 500
RESULTS:: 19:05:39: root                               EvaluationManager.py <_prstr>179 :  Average reward  = 11.91 +- 0.45
RESULTS:: 19:05:39: root                               EvaluationManager.py <_prstr>179 :  Average success = 97.60 +- 1.34
RESULTS:: 19:05:39: root                               EvaluationManager.py <_prstr>179 :  Average turns   = 7.61 +- 0.28
RESULTS:: 19:05:39: root                                   pydial.py <train_command>791 :  List of domains: Laptops11
RESULTS:: 19:05:39: root                                      pydial.py <trainBatch>409 :  *** Training Iteration env1-LAP-tau_nodrop_sort_noinco_4020_250100-seed7-00.5->env1-LAP-tau_nodrop_sort_noinco_4020_250100-seed7-00.6: iter=5, error-rate=0, num-dialogs=1000 ***
RESULTS:: 19:27:59: root                               EvaluationManager.py <_prstr>179 :  Results for domain: Laptops11 --evaluated by: objective success evaluator
RESULTS:: 19:27:59: root                               EvaluationManager.py <_prstr>179 :  # of dialogues  = 1000
RESULTS:: 19:27:59: root                               EvaluationManager.py <_prstr>179 :  Average reward  = 9.97 +- 0.47
RESULTS:: 19:27:59: root                               EvaluationManager.py <_prstr>179 :  Average success = 94.30 +- 1.44
RESULTS:: 19:27:59: root                               EvaluationManager.py <_prstr>179 :  Average turns   = 8.89 +- 0.27
RESULTS:: 19:27:59: root                                   pydial.py <setEvalConfig>470 :  *** Evaluating env1-LAP-tau_nodrop_sort_noinco_4020_250100-seed7-00.6: error-rate=0 num-dialogs=500 ***
RESULTS:: 19:37:09: root                               EvaluationManager.py <_prstr>179 :  Results for domain: Laptops11 --evaluated by: objective success evaluator
RESULTS:: 19:37:09: root                               EvaluationManager.py <_prstr>179 :  # of dialogues  = 500
RESULTS:: 19:37:09: root                               EvaluationManager.py <_prstr>179 :  Average reward  = 12.10 +- 0.39
RESULTS:: 19:37:09: root                               EvaluationManager.py <_prstr>179 :  Average success = 98.40 +- 1.10
RESULTS:: 19:37:09: root                               EvaluationManager.py <_prstr>179 :  Average turns   = 7.58 +- 0.29
RESULTS:: 19:37:09: root                                   pydial.py <train_command>791 :  List of domains: Laptops11
RESULTS:: 19:37:09: root                                      pydial.py <trainBatch>409 :  *** Training Iteration env1-LAP-tau_nodrop_sort_noinco_4020_250100-seed7-00.6->env1-LAP-tau_nodrop_sort_noinco_4020_250100-seed7-00.7: iter=6, error-rate=0, num-dialogs=1000 ***
RESULTS:: 20:00:11: root                               EvaluationManager.py <_prstr>179 :  Results for domain: Laptops11 --evaluated by: objective success evaluator
RESULTS:: 20:00:11: root                               EvaluationManager.py <_prstr>179 :  # of dialogues  = 1000
RESULTS:: 20:00:11: root                               EvaluationManager.py <_prstr>179 :  Average reward  = 9.19 +- 0.55
RESULTS:: 20:00:11: root                               EvaluationManager.py <_prstr>179 :  Average success = 91.80 +- 1.70
RESULTS:: 20:00:11: root                               EvaluationManager.py <_prstr>179 :  Average turns   = 9.17 +- 0.30
RESULTS:: 20:00:11: root                                   pydial.py <setEvalConfig>470 :  *** Evaluating env1-LAP-tau_nodrop_sort_noinco_4020_250100-seed7-00.7: error-rate=0 num-dialogs=500 ***
RESULTS:: 20:09:26: root                               EvaluationManager.py <_prstr>179 :  Results for domain: Laptops11 --evaluated by: objective success evaluator
RESULTS:: 20:09:26: root                               EvaluationManager.py <_prstr>179 :  # of dialogues  = 500
RESULTS:: 20:09:26: root                               EvaluationManager.py <_prstr>179 :  Average reward  = 11.87 +- 0.44
RESULTS:: 20:09:26: root                               EvaluationManager.py <_prstr>179 :  Average success = 97.80 +- 1.29
RESULTS:: 20:09:26: root                               EvaluationManager.py <_prstr>179 :  Average turns   = 7.69 +- 0.30
RESULTS:: 20:09:26: root                                   pydial.py <train_command>791 :  List of domains: Laptops11
RESULTS:: 20:09:26: root                                      pydial.py <trainBatch>409 :  *** Training Iteration env1-LAP-tau_nodrop_sort_noinco_4020_250100-seed7-00.7->env1-LAP-tau_nodrop_sort_noinco_4020_250100-seed7-00.8: iter=7, error-rate=0, num-dialogs=1000 ***
RESULTS:: 20:32:48: root                               EvaluationManager.py <_prstr>179 :  Results for domain: Laptops11 --evaluated by: objective success evaluator
RESULTS:: 20:32:48: root                               EvaluationManager.py <_prstr>179 :  # of dialogues  = 1000
RESULTS:: 20:32:48: root                               EvaluationManager.py <_prstr>179 :  Average reward  = 8.61 +- 0.55
RESULTS:: 20:32:48: root                               EvaluationManager.py <_prstr>179 :  Average success = 90.10 +- 1.85
RESULTS:: 20:32:48: root                               EvaluationManager.py <_prstr>179 :  Average turns   = 9.41 +- 0.29
RESULTS:: 20:32:48: root                                   pydial.py <setEvalConfig>470 :  *** Evaluating env1-LAP-tau_nodrop_sort_noinco_4020_250100-seed7-00.8: error-rate=0 num-dialogs=500 ***
RESULTS:: 20:42:06: root                               EvaluationManager.py <_prstr>179 :  Results for domain: Laptops11 --evaluated by: objective success evaluator
RESULTS:: 20:42:06: root                               EvaluationManager.py <_prstr>179 :  # of dialogues  = 500
RESULTS:: 20:42:06: root                               EvaluationManager.py <_prstr>179 :  Average reward  = 10.31 +- 0.64
RESULTS:: 20:42:06: root                               EvaluationManager.py <_prstr>179 :  Average success = 90.60 +- 2.56
RESULTS:: 20:42:06: root                               EvaluationManager.py <_prstr>179 :  Average turns   = 7.81 +- 0.26
RESULTS:: 20:42:06: root                                   pydial.py <train_command>791 :  List of domains: Laptops11
RESULTS:: 20:42:06: root                                      pydial.py <trainBatch>409 :  *** Training Iteration env1-LAP-tau_nodrop_sort_noinco_4020_250100-seed7-00.8->env1-LAP-tau_nodrop_sort_noinco_4020_250100-seed7-00.9: iter=8, error-rate=0, num-dialogs=1000 ***
RESULTS:: 21:05:52: root                               EvaluationManager.py <_prstr>179 :  Results for domain: Laptops11 --evaluated by: objective success evaluator
RESULTS:: 21:05:52: root                               EvaluationManager.py <_prstr>179 :  # of dialogues  = 1000
RESULTS:: 21:05:52: root                               EvaluationManager.py <_prstr>179 :  Average reward  = 9.42 +- 0.49
RESULTS:: 21:05:52: root                               EvaluationManager.py <_prstr>179 :  Average success = 92.40 +- 1.64
RESULTS:: 21:05:52: root                               EvaluationManager.py <_prstr>179 :  Average turns   = 9.06 +- 0.27
RESULTS:: 21:05:52: root                                   pydial.py <setEvalConfig>470 :  *** Evaluating env1-LAP-tau_nodrop_sort_noinco_4020_250100-seed7-00.9: error-rate=0 num-dialogs=500 ***
RESULTS:: 21:15:09: root                               EvaluationManager.py <_prstr>179 :  Results for domain: Laptops11 --evaluated by: objective success evaluator
RESULTS:: 21:15:09: root                               EvaluationManager.py <_prstr>179 :  # of dialogues  = 500
RESULTS:: 21:15:09: root                               EvaluationManager.py <_prstr>179 :  Average reward  = 10.87 +- 0.59
RESULTS:: 21:15:09: root                               EvaluationManager.py <_prstr>179 :  Average success = 93.20 +- 2.21
RESULTS:: 21:15:09: root                               EvaluationManager.py <_prstr>179 :  Average turns   = 7.77 +- 0.30
RESULTS:: 21:15:09: root                                   pydial.py <train_command>791 :  List of domains: Laptops11
RESULTS:: 21:15:09: root                                      pydial.py <trainBatch>409 :  *** Training Iteration env1-LAP-tau_nodrop_sort_noinco_4020_250100-seed7-00.9->env1-LAP-tau_nodrop_sort_noinco_4020_250100-seed7-00.10: iter=9, error-rate=0, num-dialogs=1000 ***
RESULTS:: 21:38:16: root                               EvaluationManager.py <_prstr>179 :  Results for domain: Laptops11 --evaluated by: objective success evaluator
RESULTS:: 21:38:16: root                               EvaluationManager.py <_prstr>179 :  # of dialogues  = 1000
RESULTS:: 21:38:16: root                               EvaluationManager.py <_prstr>179 :  Average reward  = 9.43 +- 0.49
RESULTS:: 21:38:16: root                               EvaluationManager.py <_prstr>179 :  Average success = 93.30 +- 1.55
RESULTS:: 21:38:16: root                               EvaluationManager.py <_prstr>179 :  Average turns   = 9.23 +- 0.28
RESULTS:: 21:38:16: root                                   pydial.py <setEvalConfig>470 :  *** Evaluating env1-LAP-tau_nodrop_sort_noinco_4020_250100-seed7-00.10: error-rate=0 num-dialogs=500 ***
RESULTS:: 21:46:00: root                               EvaluationManager.py <_prstr>179 :  Results for domain: Laptops11 --evaluated by: objective success evaluator
RESULTS:: 21:46:00: root                               EvaluationManager.py <_prstr>179 :  # of dialogues  = 500
RESULTS:: 21:46:00: root                               EvaluationManager.py <_prstr>179 :  Average reward  = 8.33 +- 0.79
RESULTS:: 21:46:00: root                               EvaluationManager.py <_prstr>179 :  Average success = 75.80 +- 3.76
RESULTS:: 21:46:00: root                               EvaluationManager.py <_prstr>179 :  Average turns   = 6.83 +- 0.20
RESULTS:: 21:46:00: root                                   pydial.py <train_command>807 :  *** Training complete. log: env1-LAP-tau_nodrop_sort_noinco_4020_250100-seed7-00.1-10.train.log - final policy is env1-LAP-tau_nodrop_sort_noinco_4020_250100-00-10
