RESULTS:: 02:26:02: root                                   pydial.py <train_command>791 :  List of domains: Laptops11
RESULTS:: 02:26:02: root                                      pydial.py <trainBatch>409 :  *** Training Iteration env1-LAP-tau_sort_noinco_4020_0100_250100_0100-seed2-00.0->env1-LAP-tau_sort_noinco_4020_0100_250100_0100-seed2-00.1: iter=0, error-rate=0, num-dialogs=1000 ***
RESULTS:: 03:05:13: root                               EvaluationManager.py <_prstr>179 :  Results for domain: Laptops11 --evaluated by: objective success evaluator
RESULTS:: 03:05:13: root                               EvaluationManager.py <_prstr>179 :  # of dialogues  = 1000
RESULTS:: 03:05:13: root                               EvaluationManager.py <_prstr>179 :  Average reward  = 7.17 +- 0.60
RESULTS:: 03:05:13: root                               EvaluationManager.py <_prstr>179 :  Average success = 81.00 +- 2.43
RESULTS:: 03:05:13: root                               EvaluationManager.py <_prstr>179 :  Average turns   = 9.03 +- 0.26
RESULTS:: 03:05:13: root                                   pydial.py <setEvalConfig>470 :  *** Evaluating env1-LAP-tau_sort_noinco_4020_0100_250100_0100-seed2-00.1: error-rate=0 num-dialogs=500 ***
RESULTS:: 03:19:47: root                               EvaluationManager.py <_prstr>179 :  Results for domain: Laptops11 --evaluated by: objective success evaluator
RESULTS:: 03:19:47: root                               EvaluationManager.py <_prstr>179 :  # of dialogues  = 500
RESULTS:: 03:19:47: root                               EvaluationManager.py <_prstr>179 :  Average reward  = 8.10 +- 0.81
RESULTS:: 03:19:47: root                               EvaluationManager.py <_prstr>179 :  Average success = 75.60 +- 3.77
RESULTS:: 03:19:47: root                               EvaluationManager.py <_prstr>179 :  Average turns   = 7.02 +- 0.20
RESULTS:: 03:19:47: root                                   pydial.py <train_command>791 :  List of domains: Laptops11
RESULTS:: 03:19:47: root                                      pydial.py <trainBatch>409 :  *** Training Iteration env1-LAP-tau_sort_noinco_4020_0100_250100_0100-seed2-00.1->env1-LAP-tau_sort_noinco_4020_0100_250100_0100-seed2-00.2: iter=1, error-rate=0, num-dialogs=1000 ***
RESULTS:: 03:58:19: root                               EvaluationManager.py <_prstr>179 :  Results for domain: Laptops11 --evaluated by: objective success evaluator
RESULTS:: 03:58:19: root                               EvaluationManager.py <_prstr>179 :  # of dialogues  = 1000
RESULTS:: 03:58:19: root                               EvaluationManager.py <_prstr>179 :  Average reward  = 8.32 +- 0.51
RESULTS:: 03:58:19: root                               EvaluationManager.py <_prstr>179 :  Average success = 85.20 +- 2.20
RESULTS:: 03:58:19: root                               EvaluationManager.py <_prstr>179 :  Average turns   = 8.72 +- 0.23
RESULTS:: 03:58:19: root                                   pydial.py <setEvalConfig>470 :  *** Evaluating env1-LAP-tau_sort_noinco_4020_0100_250100_0100-seed2-00.2: error-rate=0 num-dialogs=500 ***
RESULTS:: 04:11:32: root                               EvaluationManager.py <_prstr>179 :  Results for domain: Laptops11 --evaluated by: objective success evaluator
RESULTS:: 04:11:32: root                               EvaluationManager.py <_prstr>179 :  # of dialogues  = 500
RESULTS:: 04:11:32: root                               EvaluationManager.py <_prstr>179 :  Average reward  = 4.73 +- 0.91
RESULTS:: 04:11:32: root                               EvaluationManager.py <_prstr>179 :  Average success = 55.40 +- 4.37
RESULTS:: 04:11:32: root                               EvaluationManager.py <_prstr>179 :  Average turns   = 6.35 +- 0.15
RESULTS:: 04:11:32: root                                   pydial.py <train_command>791 :  List of domains: Laptops11
RESULTS:: 04:11:32: root                                      pydial.py <trainBatch>409 :  *** Training Iteration env1-LAP-tau_sort_noinco_4020_0100_250100_0100-seed2-00.2->env1-LAP-tau_sort_noinco_4020_0100_250100_0100-seed2-00.3: iter=2, error-rate=0, num-dialogs=1000 ***
RESULTS:: 04:50:06: root                               EvaluationManager.py <_prstr>179 :  Results for domain: Laptops11 --evaluated by: objective success evaluator
RESULTS:: 04:50:06: root                               EvaluationManager.py <_prstr>179 :  # of dialogues  = 1000
RESULTS:: 04:50:06: root                               EvaluationManager.py <_prstr>179 :  Average reward  = 8.60 +- 0.52
RESULTS:: 04:50:06: root                               EvaluationManager.py <_prstr>179 :  Average success = 86.40 +- 2.13
RESULTS:: 04:50:06: root                               EvaluationManager.py <_prstr>179 :  Average turns   = 8.68 +- 0.24
RESULTS:: 04:50:06: root                                   pydial.py <setEvalConfig>470 :  *** Evaluating env1-LAP-tau_sort_noinco_4020_0100_250100_0100-seed2-00.3: error-rate=0 num-dialogs=500 ***
RESULTS:: 05:04:37: root                               EvaluationManager.py <_prstr>179 :  Results for domain: Laptops11 --evaluated by: objective success evaluator
RESULTS:: 05:04:37: root                               EvaluationManager.py <_prstr>179 :  # of dialogues  = 500
RESULTS:: 05:04:37: root                               EvaluationManager.py <_prstr>179 :  Average reward  = 9.90 +- 0.71
RESULTS:: 05:04:37: root                               EvaluationManager.py <_prstr>179 :  Average success = 84.60 +- 3.17
RESULTS:: 05:04:37: root                               EvaluationManager.py <_prstr>179 :  Average turns   = 7.02 +- 0.22
RESULTS:: 05:04:37: root                                   pydial.py <train_command>791 :  List of domains: Laptops11
RESULTS:: 05:04:37: root                                      pydial.py <trainBatch>409 :  *** Training Iteration env1-LAP-tau_sort_noinco_4020_0100_250100_0100-seed2-00.3->env1-LAP-tau_sort_noinco_4020_0100_250100_0100-seed2-00.4: iter=3, error-rate=0, num-dialogs=1000 ***
RESULTS:: 05:42:28: root                               EvaluationManager.py <_prstr>179 :  Results for domain: Laptops11 --evaluated by: objective success evaluator
RESULTS:: 05:42:28: root                               EvaluationManager.py <_prstr>179 :  # of dialogues  = 1000
RESULTS:: 05:42:28: root                               EvaluationManager.py <_prstr>179 :  Average reward  = 8.50 +- 0.53
RESULTS:: 05:42:28: root                               EvaluationManager.py <_prstr>179 :  Average success = 85.60 +- 2.18
RESULTS:: 05:42:28: root                               EvaluationManager.py <_prstr>179 :  Average turns   = 8.62 +- 0.23
RESULTS:: 05:42:28: root                                   pydial.py <setEvalConfig>470 :  *** Evaluating env1-LAP-tau_sort_noinco_4020_0100_250100_0100-seed2-00.4: error-rate=0 num-dialogs=500 ***
RESULTS:: 05:56:50: root                               EvaluationManager.py <_prstr>179 :  Results for domain: Laptops11 --evaluated by: objective success evaluator
RESULTS:: 05:56:50: root                               EvaluationManager.py <_prstr>179 :  # of dialogues  = 500
RESULTS:: 05:56:50: root                               EvaluationManager.py <_prstr>179 :  Average reward  = 6.72 +- 0.86
RESULTS:: 05:56:50: root                               EvaluationManager.py <_prstr>179 :  Average success = 68.20 +- 4.09
RESULTS:: 05:56:50: root                               EvaluationManager.py <_prstr>179 :  Average turns   = 6.92 +- 0.17
RESULTS:: 05:56:50: root                                   pydial.py <train_command>791 :  List of domains: Laptops11
RESULTS:: 05:56:50: root                                      pydial.py <trainBatch>409 :  *** Training Iteration env1-LAP-tau_sort_noinco_4020_0100_250100_0100-seed2-00.4->env1-LAP-tau_sort_noinco_4020_0100_250100_0100-seed2-00.5: iter=4, error-rate=0, num-dialogs=1000 ***
RESULTS:: 06:31:58: root                               EvaluationManager.py <_prstr>179 :  Results for domain: Laptops11 --evaluated by: objective success evaluator
RESULTS:: 06:31:58: root                               EvaluationManager.py <_prstr>179 :  # of dialogues  = 1000
RESULTS:: 06:31:58: root                               EvaluationManager.py <_prstr>179 :  Average reward  = 8.04 +- 0.54
RESULTS:: 06:31:58: root                               EvaluationManager.py <_prstr>179 :  Average success = 83.80 +- 2.29
RESULTS:: 06:31:58: root                               EvaluationManager.py <_prstr>179 :  Average turns   = 8.72 +- 0.24
RESULTS:: 06:31:58: root                                   pydial.py <setEvalConfig>470 :  *** Evaluating env1-LAP-tau_sort_noinco_4020_0100_250100_0100-seed2-00.5: error-rate=0 num-dialogs=500 ***
RESULTS:: 06:44:59: root                               EvaluationManager.py <_prstr>179 :  Results for domain: Laptops11 --evaluated by: objective success evaluator
RESULTS:: 06:44:59: root                               EvaluationManager.py <_prstr>179 :  # of dialogues  = 500
RESULTS:: 06:44:59: root                               EvaluationManager.py <_prstr>179 :  Average reward  = 10.44 +- 0.68
RESULTS:: 06:44:59: root                               EvaluationManager.py <_prstr>179 :  Average success = 87.80 +- 2.88
RESULTS:: 06:44:59: root                               EvaluationManager.py <_prstr>179 :  Average turns   = 7.12 +- 0.23
RESULTS:: 06:44:59: root                                   pydial.py <train_command>791 :  List of domains: Laptops11
RESULTS:: 06:44:59: root                                      pydial.py <trainBatch>409 :  *** Training Iteration env1-LAP-tau_sort_noinco_4020_0100_250100_0100-seed2-00.5->env1-LAP-tau_sort_noinco_4020_0100_250100_0100-seed2-00.6: iter=5, error-rate=0, num-dialogs=1000 ***
RESULTS:: 07:17:13: root                               EvaluationManager.py <_prstr>179 :  Results for domain: Laptops11 --evaluated by: objective success evaluator
RESULTS:: 07:17:13: root                               EvaluationManager.py <_prstr>179 :  # of dialogues  = 1000
RESULTS:: 07:17:13: root                               EvaluationManager.py <_prstr>179 :  Average reward  = 8.69 +- 0.55
RESULTS:: 07:17:13: root                               EvaluationManager.py <_prstr>179 :  Average success = 86.90 +- 2.09
RESULTS:: 07:17:13: root                               EvaluationManager.py <_prstr>179 :  Average turns   = 8.69 +- 0.26
RESULTS:: 07:17:13: root                                   pydial.py <setEvalConfig>470 :  *** Evaluating env1-LAP-tau_sort_noinco_4020_0100_250100_0100-seed2-00.6: error-rate=0 num-dialogs=500 ***
RESULTS:: 07:30:21: root                               EvaluationManager.py <_prstr>179 :  Results for domain: Laptops11 --evaluated by: objective success evaluator
RESULTS:: 07:30:21: root                               EvaluationManager.py <_prstr>179 :  # of dialogues  = 500
RESULTS:: 07:30:21: root                               EvaluationManager.py <_prstr>179 :  Average reward  = 10.01 +- 0.74
RESULTS:: 07:30:21: root                               EvaluationManager.py <_prstr>179 :  Average success = 87.00 +- 2.95
RESULTS:: 07:30:21: root                               EvaluationManager.py <_prstr>179 :  Average turns   = 7.39 +- 0.29
RESULTS:: 07:30:21: root                                   pydial.py <train_command>791 :  List of domains: Laptops11
RESULTS:: 07:30:21: root                                      pydial.py <trainBatch>409 :  *** Training Iteration env1-LAP-tau_sort_noinco_4020_0100_250100_0100-seed2-00.6->env1-LAP-tau_sort_noinco_4020_0100_250100_0100-seed2-00.7: iter=6, error-rate=0, num-dialogs=1000 ***
RESULTS:: 08:02:44: root                               EvaluationManager.py <_prstr>179 :  Results for domain: Laptops11 --evaluated by: objective success evaluator
RESULTS:: 08:02:44: root                               EvaluationManager.py <_prstr>179 :  # of dialogues  = 1000
RESULTS:: 08:02:44: root                               EvaluationManager.py <_prstr>179 :  Average reward  = 9.10 +- 0.50
RESULTS:: 08:02:44: root                               EvaluationManager.py <_prstr>179 :  Average success = 89.50 +- 1.90
RESULTS:: 08:02:44: root                               EvaluationManager.py <_prstr>179 :  Average turns   = 8.80 +- 0.24
RESULTS:: 08:02:44: root                                   pydial.py <setEvalConfig>470 :  *** Evaluating env1-LAP-tau_sort_noinco_4020_0100_250100_0100-seed2-00.7: error-rate=0 num-dialogs=500 ***
RESULTS:: 08:15:12: root                               EvaluationManager.py <_prstr>179 :  Results for domain: Laptops11 --evaluated by: objective success evaluator
RESULTS:: 08:15:12: root                               EvaluationManager.py <_prstr>179 :  # of dialogues  = 500
RESULTS:: 08:15:12: root                               EvaluationManager.py <_prstr>179 :  Average reward  = 8.19 +- 0.80
RESULTS:: 08:15:12: root                               EvaluationManager.py <_prstr>179 :  Average success = 76.60 +- 3.72
RESULTS:: 08:15:12: root                               EvaluationManager.py <_prstr>179 :  Average turns   = 7.13 +- 0.21
RESULTS:: 08:15:12: root                                   pydial.py <train_command>791 :  List of domains: Laptops11
RESULTS:: 08:15:12: root                                      pydial.py <trainBatch>409 :  *** Training Iteration env1-LAP-tau_sort_noinco_4020_0100_250100_0100-seed2-00.7->env1-LAP-tau_sort_noinco_4020_0100_250100_0100-seed2-00.8: iter=7, error-rate=0, num-dialogs=1000 ***
RESULTS:: 08:47:39: root                               EvaluationManager.py <_prstr>179 :  Results for domain: Laptops11 --evaluated by: objective success evaluator
RESULTS:: 08:47:39: root                               EvaluationManager.py <_prstr>179 :  # of dialogues  = 1000
RESULTS:: 08:47:39: root                               EvaluationManager.py <_prstr>179 :  Average reward  = 8.59 +- 0.54
RESULTS:: 08:47:39: root                               EvaluationManager.py <_prstr>179 :  Average success = 87.60 +- 2.05
RESULTS:: 08:47:39: root                               EvaluationManager.py <_prstr>179 :  Average turns   = 8.93 +- 0.27
RESULTS:: 08:47:39: root                                   pydial.py <setEvalConfig>470 :  *** Evaluating env1-LAP-tau_sort_noinco_4020_0100_250100_0100-seed2-00.8: error-rate=0 num-dialogs=500 ***
RESULTS:: 09:01:12: root                               EvaluationManager.py <_prstr>179 :  Results for domain: Laptops11 --evaluated by: objective success evaluator
RESULTS:: 09:01:12: root                               EvaluationManager.py <_prstr>179 :  # of dialogues  = 500
RESULTS:: 09:01:12: root                               EvaluationManager.py <_prstr>179 :  Average reward  = 10.39 +- 0.65
RESULTS:: 09:01:12: root                               EvaluationManager.py <_prstr>179 :  Average success = 90.80 +- 2.54
RESULTS:: 09:01:12: root                               EvaluationManager.py <_prstr>179 :  Average turns   = 7.77 +- 0.27
RESULTS:: 09:01:12: root                                   pydial.py <train_command>791 :  List of domains: Laptops11
RESULTS:: 09:01:12: root                                      pydial.py <trainBatch>409 :  *** Training Iteration env1-LAP-tau_sort_noinco_4020_0100_250100_0100-seed2-00.8->env1-LAP-tau_sort_noinco_4020_0100_250100_0100-seed2-00.9: iter=8, error-rate=0, num-dialogs=1000 ***
RESULTS:: 09:33:27: root                               EvaluationManager.py <_prstr>179 :  Results for domain: Laptops11 --evaluated by: objective success evaluator
RESULTS:: 09:33:27: root                               EvaluationManager.py <_prstr>179 :  # of dialogues  = 1000
RESULTS:: 09:33:27: root                               EvaluationManager.py <_prstr>179 :  Average reward  = 9.45 +- 0.49
RESULTS:: 09:33:27: root                               EvaluationManager.py <_prstr>179 :  Average success = 91.80 +- 1.70
RESULTS:: 09:33:27: root                               EvaluationManager.py <_prstr>179 :  Average turns   = 8.91 +- 0.26
RESULTS:: 09:33:27: root                                   pydial.py <setEvalConfig>470 :  *** Evaluating env1-LAP-tau_sort_noinco_4020_0100_250100_0100-seed2-00.9: error-rate=0 num-dialogs=500 ***
RESULTS:: 09:46:43: root                               EvaluationManager.py <_prstr>179 :  Results for domain: Laptops11 --evaluated by: objective success evaluator
RESULTS:: 09:46:43: root                               EvaluationManager.py <_prstr>179 :  # of dialogues  = 500
RESULTS:: 09:46:43: root                               EvaluationManager.py <_prstr>179 :  Average reward  = 8.39 +- 0.81
RESULTS:: 09:46:43: root                               EvaluationManager.py <_prstr>179 :  Average success = 80.20 +- 3.50
RESULTS:: 09:46:43: root                               EvaluationManager.py <_prstr>179 :  Average turns   = 7.65 +- 0.30
RESULTS:: 09:46:43: root                                   pydial.py <train_command>791 :  List of domains: Laptops11
RESULTS:: 09:46:43: root                                      pydial.py <trainBatch>409 :  *** Training Iteration env1-LAP-tau_sort_noinco_4020_0100_250100_0100-seed2-00.9->env1-LAP-tau_sort_noinco_4020_0100_250100_0100-seed2-00.10: iter=9, error-rate=0, num-dialogs=1000 ***
RESULTS:: 10:18:40: root                               EvaluationManager.py <_prstr>179 :  Results for domain: Laptops11 --evaluated by: objective success evaluator
RESULTS:: 10:18:40: root                               EvaluationManager.py <_prstr>179 :  # of dialogues  = 1000
RESULTS:: 10:18:40: root                               EvaluationManager.py <_prstr>179 :  Average reward  = 9.06 +- 0.52
RESULTS:: 10:18:40: root                               EvaluationManager.py <_prstr>179 :  Average success = 91.00 +- 1.78
RESULTS:: 10:18:40: root                               EvaluationManager.py <_prstr>179 :  Average turns   = 9.14 +- 0.28
RESULTS:: 10:18:40: root                                   pydial.py <setEvalConfig>470 :  *** Evaluating env1-LAP-tau_sort_noinco_4020_0100_250100_0100-seed2-00.10: error-rate=0 num-dialogs=500 ***
RESULTS:: 10:31:35: root                               EvaluationManager.py <_prstr>179 :  Results for domain: Laptops11 --evaluated by: objective success evaluator
RESULTS:: 10:31:35: root                               EvaluationManager.py <_prstr>179 :  # of dialogues  = 500
RESULTS:: 10:31:35: root                               EvaluationManager.py <_prstr>179 :  Average reward  = 11.44 +- 0.54
RESULTS:: 10:31:35: root                               EvaluationManager.py <_prstr>179 :  Average success = 95.60 +- 1.80
RESULTS:: 10:31:35: root                               EvaluationManager.py <_prstr>179 :  Average turns   = 7.68 +- 0.30
RESULTS:: 10:31:35: root                                   pydial.py <train_command>807 :  *** Training complete. log: env1-LAP-tau_sort_noinco_4020_0100_250100_0100-seed2-00.1-10.train.log - final policy is env1-LAP-tau_sort_noinco_4020_0100_250100_0100-00-10
