RESULTS:: 02:26:07: root                                   pydial.py <train_command>791 :  List of domains: Laptops11
RESULTS:: 02:26:07: root                                      pydial.py <trainBatch>409 :  *** Training Iteration env1-LAP-tau_sort_noinco_4020_0100_250100_0100-seed4-00.0->env1-LAP-tau_sort_noinco_4020_0100_250100_0100-seed4-00.1: iter=0, error-rate=0, num-dialogs=1000 ***
RESULTS:: 03:06:35: root                               EvaluationManager.py <_prstr>179 :  Results for domain: Laptops11 --evaluated by: objective success evaluator
RESULTS:: 03:06:35: root                               EvaluationManager.py <_prstr>179 :  # of dialogues  = 1000
RESULTS:: 03:06:35: root                               EvaluationManager.py <_prstr>179 :  Average reward  = 7.34 +- 0.63
RESULTS:: 03:06:35: root                               EvaluationManager.py <_prstr>179 :  Average success = 84.20 +- 2.26
RESULTS:: 03:06:35: root                               EvaluationManager.py <_prstr>179 :  Average turns   = 9.50 +- 0.31
RESULTS:: 03:06:35: root                                   pydial.py <setEvalConfig>470 :  *** Evaluating env1-LAP-tau_sort_noinco_4020_0100_250100_0100-seed4-00.1: error-rate=0 num-dialogs=500 ***
RESULTS:: 03:23:00: root                               EvaluationManager.py <_prstr>179 :  Results for domain: Laptops11 --evaluated by: objective success evaluator
RESULTS:: 03:23:00: root                               EvaluationManager.py <_prstr>179 :  # of dialogues  = 500
RESULTS:: 03:23:00: root                               EvaluationManager.py <_prstr>179 :  Average reward  = 11.32 +- 0.57
RESULTS:: 03:23:00: root                               EvaluationManager.py <_prstr>179 :  Average success = 96.00 +- 1.72
RESULTS:: 03:23:00: root                               EvaluationManager.py <_prstr>179 :  Average turns   = 7.88 +- 0.32
RESULTS:: 03:23:00: root                                   pydial.py <train_command>791 :  List of domains: Laptops11
RESULTS:: 03:23:00: root                                      pydial.py <trainBatch>409 :  *** Training Iteration env1-LAP-tau_sort_noinco_4020_0100_250100_0100-seed4-00.1->env1-LAP-tau_sort_noinco_4020_0100_250100_0100-seed4-00.2: iter=1, error-rate=0, num-dialogs=1000 ***
RESULTS:: 04:03:34: root                               EvaluationManager.py <_prstr>179 :  Results for domain: Laptops11 --evaluated by: objective success evaluator
RESULTS:: 04:03:34: root                               EvaluationManager.py <_prstr>179 :  # of dialogues  = 1000
RESULTS:: 04:03:34: root                               EvaluationManager.py <_prstr>179 :  Average reward  = 9.65 +- 0.48
RESULTS:: 04:03:34: root                               EvaluationManager.py <_prstr>179 :  Average success = 94.20 +- 1.45
RESULTS:: 04:03:34: root                               EvaluationManager.py <_prstr>179 :  Average turns   = 9.19 +- 0.29
RESULTS:: 04:03:34: root                                   pydial.py <setEvalConfig>470 :  *** Evaluating env1-LAP-tau_sort_noinco_4020_0100_250100_0100-seed4-00.2: error-rate=0 num-dialogs=500 ***
RESULTS:: 04:19:12: root                               EvaluationManager.py <_prstr>179 :  Results for domain: Laptops11 --evaluated by: objective success evaluator
RESULTS:: 04:19:12: root                               EvaluationManager.py <_prstr>179 :  # of dialogues  = 500
RESULTS:: 04:19:12: root                               EvaluationManager.py <_prstr>179 :  Average reward  = 10.57 +- 0.65
RESULTS:: 04:19:12: root                               EvaluationManager.py <_prstr>179 :  Average success = 89.80 +- 2.66
RESULTS:: 04:19:12: root                               EvaluationManager.py <_prstr>179 :  Average turns   = 7.39 +- 0.27
RESULTS:: 04:19:12: root                                   pydial.py <train_command>791 :  List of domains: Laptops11
RESULTS:: 04:19:12: root                                      pydial.py <trainBatch>409 :  *** Training Iteration env1-LAP-tau_sort_noinco_4020_0100_250100_0100-seed4-00.2->env1-LAP-tau_sort_noinco_4020_0100_250100_0100-seed4-00.3: iter=2, error-rate=0, num-dialogs=1000 ***
RESULTS:: 04:57:00: root                               EvaluationManager.py <_prstr>179 :  Results for domain: Laptops11 --evaluated by: objective success evaluator
RESULTS:: 04:57:00: root                               EvaluationManager.py <_prstr>179 :  # of dialogues  = 1000
RESULTS:: 04:57:00: root                               EvaluationManager.py <_prstr>179 :  Average reward  = 9.67 +- 0.46
RESULTS:: 04:57:00: root                               EvaluationManager.py <_prstr>179 :  Average success = 91.40 +- 1.74
RESULTS:: 04:57:00: root                               EvaluationManager.py <_prstr>179 :  Average turns   = 8.61 +- 0.25
RESULTS:: 04:57:00: root                                   pydial.py <setEvalConfig>470 :  *** Evaluating env1-LAP-tau_sort_noinco_4020_0100_250100_0100-seed4-00.3: error-rate=0 num-dialogs=500 ***
RESULTS:: 05:11:03: root                               EvaluationManager.py <_prstr>179 :  Results for domain: Laptops11 --evaluated by: objective success evaluator
RESULTS:: 05:11:03: root                               EvaluationManager.py <_prstr>179 :  # of dialogues  = 500
RESULTS:: 05:11:03: root                               EvaluationManager.py <_prstr>179 :  Average reward  = 6.92 +- 0.87
RESULTS:: 05:11:03: root                               EvaluationManager.py <_prstr>179 :  Average success = 68.40 +- 4.08
RESULTS:: 05:11:03: root                               EvaluationManager.py <_prstr>179 :  Average turns   = 6.76 +- 0.16
RESULTS:: 05:11:03: root                                   pydial.py <train_command>791 :  List of domains: Laptops11
RESULTS:: 05:11:03: root                                      pydial.py <trainBatch>409 :  *** Training Iteration env1-LAP-tau_sort_noinco_4020_0100_250100_0100-seed4-00.3->env1-LAP-tau_sort_noinco_4020_0100_250100_0100-seed4-00.4: iter=3, error-rate=0, num-dialogs=1000 ***
RESULTS:: 05:49:57: root                               EvaluationManager.py <_prstr>179 :  Results for domain: Laptops11 --evaluated by: objective success evaluator
RESULTS:: 05:49:57: root                               EvaluationManager.py <_prstr>179 :  # of dialogues  = 1000
RESULTS:: 05:49:57: root                               EvaluationManager.py <_prstr>179 :  Average reward  = 9.80 +- 0.45
RESULTS:: 05:49:57: root                               EvaluationManager.py <_prstr>179 :  Average success = 93.40 +- 1.54
RESULTS:: 05:49:57: root                               EvaluationManager.py <_prstr>179 :  Average turns   = 8.88 +- 0.25
RESULTS:: 05:49:57: root                                   pydial.py <setEvalConfig>470 :  *** Evaluating env1-LAP-tau_sort_noinco_4020_0100_250100_0100-seed4-00.4: error-rate=0 num-dialogs=500 ***
RESULTS:: 06:05:22: root                               EvaluationManager.py <_prstr>179 :  Results for domain: Laptops11 --evaluated by: objective success evaluator
RESULTS:: 06:05:22: root                               EvaluationManager.py <_prstr>179 :  # of dialogues  = 500
RESULTS:: 06:05:22: root                               EvaluationManager.py <_prstr>179 :  Average reward  = 12.07 +- 0.44
RESULTS:: 06:05:22: root                               EvaluationManager.py <_prstr>179 :  Average success = 97.20 +- 1.45
RESULTS:: 06:05:22: root                               EvaluationManager.py <_prstr>179 :  Average turns   = 7.37 +- 0.26
RESULTS:: 06:05:22: root                                   pydial.py <train_command>791 :  List of domains: Laptops11
RESULTS:: 06:05:22: root                                      pydial.py <trainBatch>409 :  *** Training Iteration env1-LAP-tau_sort_noinco_4020_0100_250100_0100-seed4-00.4->env1-LAP-tau_sort_noinco_4020_0100_250100_0100-seed4-00.5: iter=4, error-rate=0, num-dialogs=1000 ***
RESULTS:: 06:39:37: root                               EvaluationManager.py <_prstr>179 :  Results for domain: Laptops11 --evaluated by: objective success evaluator
RESULTS:: 06:39:37: root                               EvaluationManager.py <_prstr>179 :  # of dialogues  = 1000
RESULTS:: 06:39:37: root                               EvaluationManager.py <_prstr>179 :  Average reward  = 9.86 +- 0.48
RESULTS:: 06:39:37: root                               EvaluationManager.py <_prstr>179 :  Average success = 92.50 +- 1.63
RESULTS:: 06:39:37: root                               EvaluationManager.py <_prstr>179 :  Average turns   = 8.64 +- 0.26
RESULTS:: 06:39:37: root                                   pydial.py <setEvalConfig>470 :  *** Evaluating env1-LAP-tau_sort_noinco_4020_0100_250100_0100-seed4-00.5: error-rate=0 num-dialogs=500 ***
RESULTS:: 06:52:14: root                               EvaluationManager.py <_prstr>179 :  Results for domain: Laptops11 --evaluated by: objective success evaluator
RESULTS:: 06:52:14: root                               EvaluationManager.py <_prstr>179 :  # of dialogues  = 500
RESULTS:: 06:52:14: root                               EvaluationManager.py <_prstr>179 :  Average reward  = 10.94 +- 0.60
RESULTS:: 06:52:14: root                               EvaluationManager.py <_prstr>179 :  Average success = 90.40 +- 2.59
RESULTS:: 06:52:14: root                               EvaluationManager.py <_prstr>179 :  Average turns   = 7.14 +- 0.23
RESULTS:: 06:52:14: root                                   pydial.py <train_command>791 :  List of domains: Laptops11
RESULTS:: 06:52:14: root                                      pydial.py <trainBatch>409 :  *** Training Iteration env1-LAP-tau_sort_noinco_4020_0100_250100_0100-seed4-00.5->env1-LAP-tau_sort_noinco_4020_0100_250100_0100-seed4-00.6: iter=5, error-rate=0, num-dialogs=1000 ***
RESULTS:: 07:23:53: root                               EvaluationManager.py <_prstr>179 :  Results for domain: Laptops11 --evaluated by: objective success evaluator
RESULTS:: 07:23:53: root                               EvaluationManager.py <_prstr>179 :  # of dialogues  = 1000
RESULTS:: 07:23:53: root                               EvaluationManager.py <_prstr>179 :  Average reward  = 9.93 +- 0.47
RESULTS:: 07:23:53: root                               EvaluationManager.py <_prstr>179 :  Average success = 93.10 +- 1.57
RESULTS:: 07:23:53: root                               EvaluationManager.py <_prstr>179 :  Average turns   = 8.69 +- 0.25
RESULTS:: 07:23:53: root                                   pydial.py <setEvalConfig>470 :  *** Evaluating env1-LAP-tau_sort_noinco_4020_0100_250100_0100-seed4-00.6: error-rate=0 num-dialogs=500 ***
RESULTS:: 07:36:35: root                               EvaluationManager.py <_prstr>179 :  Results for domain: Laptops11 --evaluated by: objective success evaluator
RESULTS:: 07:36:35: root                               EvaluationManager.py <_prstr>179 :  # of dialogues  = 500
RESULTS:: 07:36:35: root                               EvaluationManager.py <_prstr>179 :  Average reward  = 9.22 +- 0.82
RESULTS:: 07:36:35: root                               EvaluationManager.py <_prstr>179 :  Average success = 83.20 +- 3.28
RESULTS:: 07:36:35: root                               EvaluationManager.py <_prstr>179 :  Average turns   = 7.42 +- 0.24
RESULTS:: 07:36:35: root                                   pydial.py <train_command>791 :  List of domains: Laptops11
RESULTS:: 07:36:35: root                                      pydial.py <trainBatch>409 :  *** Training Iteration env1-LAP-tau_sort_noinco_4020_0100_250100_0100-seed4-00.6->env1-LAP-tau_sort_noinco_4020_0100_250100_0100-seed4-00.7: iter=6, error-rate=0, num-dialogs=1000 ***
RESULTS:: 08:10:05: root                               EvaluationManager.py <_prstr>179 :  Results for domain: Laptops11 --evaluated by: objective success evaluator
RESULTS:: 08:10:05: root                               EvaluationManager.py <_prstr>179 :  # of dialogues  = 1000
RESULTS:: 08:10:05: root                               EvaluationManager.py <_prstr>179 :  Average reward  = 9.38 +- 0.51
RESULTS:: 08:10:05: root                               EvaluationManager.py <_prstr>179 :  Average success = 93.20 +- 1.56
RESULTS:: 08:10:05: root                               EvaluationManager.py <_prstr>179 :  Average turns   = 9.26 +- 0.29
RESULTS:: 08:10:05: root                                   pydial.py <setEvalConfig>470 :  *** Evaluating env1-LAP-tau_sort_noinco_4020_0100_250100_0100-seed4-00.7: error-rate=0 num-dialogs=500 ***
RESULTS:: 08:23:28: root                               EvaluationManager.py <_prstr>179 :  Results for domain: Laptops11 --evaluated by: objective success evaluator
RESULTS:: 08:23:28: root                               EvaluationManager.py <_prstr>179 :  # of dialogues  = 500
RESULTS:: 08:23:28: root                               EvaluationManager.py <_prstr>179 :  Average reward  = 11.31 +- 0.57
RESULTS:: 08:23:28: root                               EvaluationManager.py <_prstr>179 :  Average success = 94.80 +- 1.95
RESULTS:: 08:23:28: root                               EvaluationManager.py <_prstr>179 :  Average turns   = 7.65 +- 0.32
RESULTS:: 08:23:28: root                                   pydial.py <train_command>791 :  List of domains: Laptops11
RESULTS:: 08:23:28: root                                      pydial.py <trainBatch>409 :  *** Training Iteration env1-LAP-tau_sort_noinco_4020_0100_250100_0100-seed4-00.7->env1-LAP-tau_sort_noinco_4020_0100_250100_0100-seed4-00.8: iter=7, error-rate=0, num-dialogs=1000 ***
RESULTS:: 08:56:08: root                               EvaluationManager.py <_prstr>179 :  Results for domain: Laptops11 --evaluated by: objective success evaluator
RESULTS:: 08:56:08: root                               EvaluationManager.py <_prstr>179 :  # of dialogues  = 1000
RESULTS:: 08:56:08: root                               EvaluationManager.py <_prstr>179 :  Average reward  = 9.68 +- 0.47
RESULTS:: 08:56:08: root                               EvaluationManager.py <_prstr>179 :  Average success = 93.50 +- 1.53
RESULTS:: 08:56:08: root                               EvaluationManager.py <_prstr>179 :  Average turns   = 9.02 +- 0.26
RESULTS:: 08:56:08: root                                   pydial.py <setEvalConfig>470 :  *** Evaluating env1-LAP-tau_sort_noinco_4020_0100_250100_0100-seed4-00.8: error-rate=0 num-dialogs=500 ***
RESULTS:: 09:08:22: root                               EvaluationManager.py <_prstr>179 :  Results for domain: Laptops11 --evaluated by: objective success evaluator
RESULTS:: 09:08:22: root                               EvaluationManager.py <_prstr>179 :  # of dialogues  = 500
RESULTS:: 09:08:22: root                               EvaluationManager.py <_prstr>179 :  Average reward  = 10.49 +- 0.64
RESULTS:: 09:08:22: root                               EvaluationManager.py <_prstr>179 :  Average success = 88.20 +- 2.83
RESULTS:: 09:08:22: root                               EvaluationManager.py <_prstr>179 :  Average turns   = 7.15 +- 0.23
RESULTS:: 09:08:22: root                                   pydial.py <train_command>791 :  List of domains: Laptops11
RESULTS:: 09:08:22: root                                      pydial.py <trainBatch>409 :  *** Training Iteration env1-LAP-tau_sort_noinco_4020_0100_250100_0100-seed4-00.8->env1-LAP-tau_sort_noinco_4020_0100_250100_0100-seed4-00.9: iter=8, error-rate=0, num-dialogs=1000 ***
RESULTS:: 09:39:57: root                               EvaluationManager.py <_prstr>179 :  Results for domain: Laptops11 --evaluated by: objective success evaluator
RESULTS:: 09:39:57: root                               EvaluationManager.py <_prstr>179 :  # of dialogues  = 1000
RESULTS:: 09:39:57: root                               EvaluationManager.py <_prstr>179 :  Average reward  = 9.75 +- 0.46
RESULTS:: 09:39:57: root                               EvaluationManager.py <_prstr>179 :  Average success = 92.30 +- 1.65
RESULTS:: 09:39:57: root                               EvaluationManager.py <_prstr>179 :  Average turns   = 8.71 +- 0.25
RESULTS:: 09:39:57: root                                   pydial.py <setEvalConfig>470 :  *** Evaluating env1-LAP-tau_sort_noinco_4020_0100_250100_0100-seed4-00.9: error-rate=0 num-dialogs=500 ***
RESULTS:: 09:53:01: root                               EvaluationManager.py <_prstr>179 :  Results for domain: Laptops11 --evaluated by: objective success evaluator
RESULTS:: 09:53:01: root                               EvaluationManager.py <_prstr>179 :  # of dialogues  = 500
RESULTS:: 09:53:01: root                               EvaluationManager.py <_prstr>179 :  Average reward  = 11.31 +- 0.59
RESULTS:: 09:53:01: root                               EvaluationManager.py <_prstr>179 :  Average success = 94.40 +- 2.02
RESULTS:: 09:53:01: root                               EvaluationManager.py <_prstr>179 :  Average turns   = 7.57 +- 0.31
RESULTS:: 09:53:01: root                                   pydial.py <train_command>791 :  List of domains: Laptops11
RESULTS:: 09:53:01: root                                      pydial.py <trainBatch>409 :  *** Training Iteration env1-LAP-tau_sort_noinco_4020_0100_250100_0100-seed4-00.9->env1-LAP-tau_sort_noinco_4020_0100_250100_0100-seed4-00.10: iter=9, error-rate=0, num-dialogs=1000 ***
RESULTS:: 10:22:34: root                               EvaluationManager.py <_prstr>179 :  Results for domain: Laptops11 --evaluated by: objective success evaluator
RESULTS:: 10:22:34: root                               EvaluationManager.py <_prstr>179 :  # of dialogues  = 1000
RESULTS:: 10:22:34: root                               EvaluationManager.py <_prstr>179 :  Average reward  = 9.67 +- 0.46
RESULTS:: 10:22:34: root                               EvaluationManager.py <_prstr>179 :  Average success = 90.60 +- 1.81
RESULTS:: 10:22:34: root                               EvaluationManager.py <_prstr>179 :  Average turns   = 8.45 +- 0.23
RESULTS:: 10:22:34: root                                   pydial.py <setEvalConfig>470 :  *** Evaluating env1-LAP-tau_sort_noinco_4020_0100_250100_0100-seed4-00.10: error-rate=0 num-dialogs=500 ***
RESULTS:: 10:34:26: root                               EvaluationManager.py <_prstr>179 :  Results for domain: Laptops11 --evaluated by: objective success evaluator
RESULTS:: 10:34:26: root                               EvaluationManager.py <_prstr>179 :  # of dialogues  = 500
RESULTS:: 10:34:26: root                               EvaluationManager.py <_prstr>179 :  Average reward  = 10.65 +- 0.66
RESULTS:: 10:34:26: root                               EvaluationManager.py <_prstr>179 :  Average success = 89.00 +- 2.75
RESULTS:: 10:34:26: root                               EvaluationManager.py <_prstr>179 :  Average turns   = 7.15 +- 0.25
RESULTS:: 10:34:26: root                                   pydial.py <train_command>807 :  *** Training complete. log: env1-LAP-tau_sort_noinco_4020_0100_250100_0100-seed4-00.1-10.train.log - final policy is env1-LAP-tau_sort_noinco_4020_0100_250100_0100-00-10
