RESULTS:: 02:25:55: root                                   pydial.py <train_command>791 :  List of domains: Laptops11
RESULTS:: 02:25:55: root                                      pydial.py <trainBatch>409 :  *** Training Iteration env1-LAP-tau_sort_noinco_4020_0100_250100_0100-seed0-00.0->env1-LAP-tau_sort_noinco_4020_0100_250100_0100-seed0-00.1: iter=0, error-rate=0, num-dialogs=1000 ***
RESULTS:: 03:14:32: root                               EvaluationManager.py <_prstr>179 :  Results for domain: Laptops11 --evaluated by: objective success evaluator
RESULTS:: 03:14:32: root                               EvaluationManager.py <_prstr>179 :  # of dialogues  = 1000
RESULTS:: 03:14:32: root                               EvaluationManager.py <_prstr>179 :  Average reward  = 7.46 +- 0.59
RESULTS:: 03:14:32: root                               EvaluationManager.py <_prstr>179 :  Average success = 81.60 +- 2.40
RESULTS:: 03:14:32: root                               EvaluationManager.py <_prstr>179 :  Average turns   = 8.86 +- 0.25
RESULTS:: 03:14:32: root                                   pydial.py <setEvalConfig>470 :  *** Evaluating env1-LAP-tau_sort_noinco_4020_0100_250100_0100-seed0-00.1: error-rate=0 num-dialogs=500 ***
RESULTS:: 03:33:08: root                               EvaluationManager.py <_prstr>179 :  Results for domain: Laptops11 --evaluated by: objective success evaluator
RESULTS:: 03:33:08: root                               EvaluationManager.py <_prstr>179 :  # of dialogues  = 500
RESULTS:: 03:33:08: root                               EvaluationManager.py <_prstr>179 :  Average reward  = 11.08 +- 0.59
RESULTS:: 03:33:08: root                               EvaluationManager.py <_prstr>179 :  Average success = 90.40 +- 2.59
RESULTS:: 03:33:08: root                               EvaluationManager.py <_prstr>179 :  Average turns   = 7.00 +- 0.22
RESULTS:: 03:33:08: root                                   pydial.py <train_command>791 :  List of domains: Laptops11
RESULTS:: 03:33:08: root                                      pydial.py <trainBatch>409 :  *** Training Iteration env1-LAP-tau_sort_noinco_4020_0100_250100_0100-seed0-00.1->env1-LAP-tau_sort_noinco_4020_0100_250100_0100-seed0-00.2: iter=1, error-rate=0, num-dialogs=1000 ***
RESULTS:: 04:22:55: root                               EvaluationManager.py <_prstr>179 :  Results for domain: Laptops11 --evaluated by: objective success evaluator
RESULTS:: 04:22:55: root                               EvaluationManager.py <_prstr>179 :  # of dialogues  = 1000
RESULTS:: 04:22:55: root                               EvaluationManager.py <_prstr>179 :  Average reward  = 9.87 +- 0.44
RESULTS:: 04:22:55: root                               EvaluationManager.py <_prstr>179 :  Average success = 93.70 +- 1.51
RESULTS:: 04:22:55: root                               EvaluationManager.py <_prstr>179 :  Average turns   = 8.87 +- 0.26
RESULTS:: 04:22:55: root                                   pydial.py <setEvalConfig>470 :  *** Evaluating env1-LAP-tau_sort_noinco_4020_0100_250100_0100-seed0-00.2: error-rate=0 num-dialogs=500 ***
RESULTS:: 04:43:42: root                               EvaluationManager.py <_prstr>179 :  Results for domain: Laptops11 --evaluated by: objective success evaluator
RESULTS:: 04:43:42: root                               EvaluationManager.py <_prstr>179 :  # of dialogues  = 500
RESULTS:: 04:43:42: root                               EvaluationManager.py <_prstr>179 :  Average reward  = 10.39 +- 0.67
RESULTS:: 04:43:42: root                               EvaluationManager.py <_prstr>179 :  Average success = 91.20 +- 2.49
RESULTS:: 04:43:42: root                               EvaluationManager.py <_prstr>179 :  Average turns   = 7.85 +- 0.32
RESULTS:: 04:43:42: root                                   pydial.py <train_command>791 :  List of domains: Laptops11
RESULTS:: 04:43:42: root                                      pydial.py <trainBatch>409 :  *** Training Iteration env1-LAP-tau_sort_noinco_4020_0100_250100_0100-seed0-00.2->env1-LAP-tau_sort_noinco_4020_0100_250100_0100-seed0-00.3: iter=2, error-rate=0, num-dialogs=1000 ***
RESULTS:: 05:32:16: root                               EvaluationManager.py <_prstr>179 :  Results for domain: Laptops11 --evaluated by: objective success evaluator
RESULTS:: 05:32:16: root                               EvaluationManager.py <_prstr>179 :  # of dialogues  = 1000
RESULTS:: 05:32:16: root                               EvaluationManager.py <_prstr>179 :  Average reward  = 10.37 +- 0.43
RESULTS:: 05:32:16: root                               EvaluationManager.py <_prstr>179 :  Average success = 95.30 +- 1.31
RESULTS:: 05:32:16: root                               EvaluationManager.py <_prstr>179 :  Average turns   = 8.69 +- 0.26
RESULTS:: 05:32:16: root                                   pydial.py <setEvalConfig>470 :  *** Evaluating env1-LAP-tau_sort_noinco_4020_0100_250100_0100-seed0-00.3: error-rate=0 num-dialogs=500 ***
RESULTS:: 05:50:43: root                               EvaluationManager.py <_prstr>179 :  Results for domain: Laptops11 --evaluated by: objective success evaluator
RESULTS:: 05:50:43: root                               EvaluationManager.py <_prstr>179 :  # of dialogues  = 500
RESULTS:: 05:50:43: root                               EvaluationManager.py <_prstr>179 :  Average reward  = 8.66 +- 0.81
RESULTS:: 05:50:43: root                               EvaluationManager.py <_prstr>179 :  Average success = 78.40 +- 3.62
RESULTS:: 05:50:43: root                               EvaluationManager.py <_prstr>179 :  Average turns   = 7.02 +- 0.22
RESULTS:: 05:50:43: root                                   pydial.py <train_command>791 :  List of domains: Laptops11
RESULTS:: 05:50:43: root                                      pydial.py <trainBatch>409 :  *** Training Iteration env1-LAP-tau_sort_noinco_4020_0100_250100_0100-seed0-00.3->env1-LAP-tau_sort_noinco_4020_0100_250100_0100-seed0-00.4: iter=3, error-rate=0, num-dialogs=1000 ***
RESULTS:: 06:38:32: root                               EvaluationManager.py <_prstr>179 :  Results for domain: Laptops11 --evaluated by: objective success evaluator
RESULTS:: 06:38:32: root                               EvaluationManager.py <_prstr>179 :  # of dialogues  = 1000
RESULTS:: 06:38:32: root                               EvaluationManager.py <_prstr>179 :  Average reward  = 8.38 +- 0.52
RESULTS:: 06:38:32: root                               EvaluationManager.py <_prstr>179 :  Average success = 84.70 +- 2.23
RESULTS:: 06:38:32: root                               EvaluationManager.py <_prstr>179 :  Average turns   = 8.56 +- 0.23
RESULTS:: 06:38:32: root                                   pydial.py <setEvalConfig>470 :  *** Evaluating env1-LAP-tau_sort_noinco_4020_0100_250100_0100-seed0-00.4: error-rate=0 num-dialogs=500 ***
RESULTS:: 06:56:22: root                               EvaluationManager.py <_prstr>179 :  Results for domain: Laptops11 --evaluated by: objective success evaluator
RESULTS:: 06:56:22: root                               EvaluationManager.py <_prstr>179 :  # of dialogues  = 500
RESULTS:: 06:56:22: root                               EvaluationManager.py <_prstr>179 :  Average reward  = 6.45 +- 0.87
RESULTS:: 06:56:22: root                               EvaluationManager.py <_prstr>179 :  Average success = 65.80 +- 4.17
RESULTS:: 06:56:22: root                               EvaluationManager.py <_prstr>179 :  Average turns   = 6.71 +- 0.17
RESULTS:: 06:56:22: root                                   pydial.py <train_command>791 :  List of domains: Laptops11
RESULTS:: 06:56:22: root                                      pydial.py <trainBatch>409 :  *** Training Iteration env1-LAP-tau_sort_noinco_4020_0100_250100_0100-seed0-00.4->env1-LAP-tau_sort_noinco_4020_0100_250100_0100-seed0-00.5: iter=4, error-rate=0, num-dialogs=1000 ***
RESULTS:: 07:44:25: root                               EvaluationManager.py <_prstr>179 :  Results for domain: Laptops11 --evaluated by: objective success evaluator
RESULTS:: 07:44:25: root                               EvaluationManager.py <_prstr>179 :  # of dialogues  = 1000
RESULTS:: 07:44:25: root                               EvaluationManager.py <_prstr>179 :  Average reward  = 7.82 +- 0.54
RESULTS:: 07:44:25: root                               EvaluationManager.py <_prstr>179 :  Average success = 82.70 +- 2.35
RESULTS:: 07:44:25: root                               EvaluationManager.py <_prstr>179 :  Average turns   = 8.72 +- 0.23
RESULTS:: 07:44:25: root                                   pydial.py <setEvalConfig>470 :  *** Evaluating env1-LAP-tau_sort_noinco_4020_0100_250100_0100-seed0-00.5: error-rate=0 num-dialogs=500 ***
RESULTS:: 08:01:00: root                               EvaluationManager.py <_prstr>179 :  Results for domain: Laptops11 --evaluated by: objective success evaluator
RESULTS:: 08:01:00: root                               EvaluationManager.py <_prstr>179 :  # of dialogues  = 500
RESULTS:: 08:01:00: root                               EvaluationManager.py <_prstr>179 :  Average reward  = 1.88 +- 0.90
RESULTS:: 08:01:00: root                               EvaluationManager.py <_prstr>179 :  Average success = 42.00 +- 4.34
RESULTS:: 08:01:00: root                               EvaluationManager.py <_prstr>179 :  Average turns   = 6.52 +- 0.13
RESULTS:: 08:01:00: root                                   pydial.py <train_command>791 :  List of domains: Laptops11
RESULTS:: 08:01:00: root                                      pydial.py <trainBatch>409 :  *** Training Iteration env1-LAP-tau_sort_noinco_4020_0100_250100_0100-seed0-00.5->env1-LAP-tau_sort_noinco_4020_0100_250100_0100-seed0-00.6: iter=5, error-rate=0, num-dialogs=1000 ***
RESULTS:: 08:48:34: root                               EvaluationManager.py <_prstr>179 :  Results for domain: Laptops11 --evaluated by: objective success evaluator
RESULTS:: 08:48:34: root                               EvaluationManager.py <_prstr>179 :  # of dialogues  = 1000
RESULTS:: 08:48:34: root                               EvaluationManager.py <_prstr>179 :  Average reward  = 6.93 +- 0.57
RESULTS:: 08:48:34: root                               EvaluationManager.py <_prstr>179 :  Average success = 77.50 +- 2.59
RESULTS:: 08:48:34: root                               EvaluationManager.py <_prstr>179 :  Average turns   = 8.57 +- 0.22
RESULTS:: 08:48:34: root                                   pydial.py <setEvalConfig>470 :  *** Evaluating env1-LAP-tau_sort_noinco_4020_0100_250100_0100-seed0-00.6: error-rate=0 num-dialogs=500 ***
RESULTS:: 09:05:04: root                               EvaluationManager.py <_prstr>179 :  Results for domain: Laptops11 --evaluated by: objective success evaluator
RESULTS:: 09:05:04: root                               EvaluationManager.py <_prstr>179 :  # of dialogues  = 500
RESULTS:: 09:05:04: root                               EvaluationManager.py <_prstr>179 :  Average reward  = 3.84 +- 0.90
RESULTS:: 09:05:04: root                               EvaluationManager.py <_prstr>179 :  Average success = 51.20 +- 4.39
RESULTS:: 09:05:04: root                               EvaluationManager.py <_prstr>179 :  Average turns   = 6.40 +- 0.14
RESULTS:: 09:05:04: root                                   pydial.py <train_command>791 :  List of domains: Laptops11
RESULTS:: 09:05:04: root                                      pydial.py <trainBatch>409 :  *** Training Iteration env1-LAP-tau_sort_noinco_4020_0100_250100_0100-seed0-00.6->env1-LAP-tau_sort_noinco_4020_0100_250100_0100-seed0-00.7: iter=6, error-rate=0, num-dialogs=1000 ***
RESULTS:: 09:52:23: root                               EvaluationManager.py <_prstr>179 :  Results for domain: Laptops11 --evaluated by: objective success evaluator
RESULTS:: 09:52:23: root                               EvaluationManager.py <_prstr>179 :  # of dialogues  = 1000
RESULTS:: 09:52:23: root                               EvaluationManager.py <_prstr>179 :  Average reward  = 7.58 +- 0.57
RESULTS:: 09:52:23: root                               EvaluationManager.py <_prstr>179 :  Average success = 82.10 +- 2.38
RESULTS:: 09:52:23: root                               EvaluationManager.py <_prstr>179 :  Average turns   = 8.84 +- 0.26
RESULTS:: 09:52:23: root                                   pydial.py <setEvalConfig>470 :  *** Evaluating env1-LAP-tau_sort_noinco_4020_0100_250100_0100-seed0-00.7: error-rate=0 num-dialogs=500 ***
RESULTS:: 10:09:17: root                               EvaluationManager.py <_prstr>179 :  Results for domain: Laptops11 --evaluated by: objective success evaluator
RESULTS:: 10:09:17: root                               EvaluationManager.py <_prstr>179 :  # of dialogues  = 500
RESULTS:: 10:09:17: root                               EvaluationManager.py <_prstr>179 :  Average reward  = 10.48 +- 0.65
RESULTS:: 10:09:17: root                               EvaluationManager.py <_prstr>179 :  Average success = 89.00 +- 2.75
RESULTS:: 10:09:17: root                               EvaluationManager.py <_prstr>179 :  Average turns   = 7.32 +- 0.24
RESULTS:: 10:09:17: root                                   pydial.py <train_command>791 :  List of domains: Laptops11
RESULTS:: 10:09:17: root                                      pydial.py <trainBatch>409 :  *** Training Iteration env1-LAP-tau_sort_noinco_4020_0100_250100_0100-seed0-00.7->env1-LAP-tau_sort_noinco_4020_0100_250100_0100-seed0-00.8: iter=7, error-rate=0, num-dialogs=1000 ***
RESULTS:: 10:52:32: root                               EvaluationManager.py <_prstr>179 :  Results for domain: Laptops11 --evaluated by: objective success evaluator
RESULTS:: 10:52:32: root                               EvaluationManager.py <_prstr>179 :  # of dialogues  = 1000
RESULTS:: 10:52:32: root                               EvaluationManager.py <_prstr>179 :  Average reward  = 9.26 +- 0.52
RESULTS:: 10:52:32: root                               EvaluationManager.py <_prstr>179 :  Average success = 91.70 +- 1.71
RESULTS:: 10:52:32: root                               EvaluationManager.py <_prstr>179 :  Average turns   = 9.09 +- 0.28
RESULTS:: 10:52:32: root                                   pydial.py <setEvalConfig>470 :  *** Evaluating env1-LAP-tau_sort_noinco_4020_0100_250100_0100-seed0-00.8: error-rate=0 num-dialogs=500 ***
RESULTS:: 11:08:46: root                               EvaluationManager.py <_prstr>179 :  Results for domain: Laptops11 --evaluated by: objective success evaluator
RESULTS:: 11:08:46: root                               EvaluationManager.py <_prstr>179 :  # of dialogues  = 500
RESULTS:: 11:08:46: root                               EvaluationManager.py <_prstr>179 :  Average reward  = 11.19 +- 0.58
RESULTS:: 11:08:46: root                               EvaluationManager.py <_prstr>179 :  Average success = 91.40 +- 2.46
RESULTS:: 11:08:46: root                               EvaluationManager.py <_prstr>179 :  Average turns   = 7.09 +- 0.23
RESULTS:: 11:08:46: root                                   pydial.py <train_command>791 :  List of domains: Laptops11
RESULTS:: 11:08:46: root                                      pydial.py <trainBatch>409 :  *** Training Iteration env1-LAP-tau_sort_noinco_4020_0100_250100_0100-seed0-00.8->env1-LAP-tau_sort_noinco_4020_0100_250100_0100-seed0-00.9: iter=8, error-rate=0, num-dialogs=1000 ***
RESULTS:: 11:52:18: root                               EvaluationManager.py <_prstr>179 :  Results for domain: Laptops11 --evaluated by: objective success evaluator
RESULTS:: 11:52:18: root                               EvaluationManager.py <_prstr>179 :  # of dialogues  = 1000
RESULTS:: 11:52:18: root                               EvaluationManager.py <_prstr>179 :  Average reward  = 9.43 +- 0.49
RESULTS:: 11:52:18: root                               EvaluationManager.py <_prstr>179 :  Average success = 93.20 +- 1.56
RESULTS:: 11:52:18: root                               EvaluationManager.py <_prstr>179 :  Average turns   = 9.21 +- 0.28
RESULTS:: 11:52:18: root                                   pydial.py <setEvalConfig>470 :  *** Evaluating env1-LAP-tau_sort_noinco_4020_0100_250100_0100-seed0-00.9: error-rate=0 num-dialogs=500 ***
RESULTS:: 12:09:46: root                               EvaluationManager.py <_prstr>179 :  Results for domain: Laptops11 --evaluated by: objective success evaluator
RESULTS:: 12:09:46: root                               EvaluationManager.py <_prstr>179 :  # of dialogues  = 500
RESULTS:: 12:09:46: root                               EvaluationManager.py <_prstr>179 :  Average reward  = 10.71 +- 0.62
RESULTS:: 12:09:46: root                               EvaluationManager.py <_prstr>179 :  Average success = 91.80 +- 2.41
RESULTS:: 12:09:46: root                               EvaluationManager.py <_prstr>179 :  Average turns   = 7.65 +- 0.29
RESULTS:: 12:09:46: root                                   pydial.py <train_command>791 :  List of domains: Laptops11
RESULTS:: 12:09:46: root                                      pydial.py <trainBatch>409 :  *** Training Iteration env1-LAP-tau_sort_noinco_4020_0100_250100_0100-seed0-00.9->env1-LAP-tau_sort_noinco_4020_0100_250100_0100-seed0-00.10: iter=9, error-rate=0, num-dialogs=1000 ***
RESULTS:: 12:52:19: root                               EvaluationManager.py <_prstr>179 :  Results for domain: Laptops11 --evaluated by: objective success evaluator
RESULTS:: 12:52:19: root                               EvaluationManager.py <_prstr>179 :  # of dialogues  = 1000
RESULTS:: 12:52:19: root                               EvaluationManager.py <_prstr>179 :  Average reward  = 9.84 +- 0.43
RESULTS:: 12:52:19: root                               EvaluationManager.py <_prstr>179 :  Average success = 93.60 +- 1.52
RESULTS:: 12:52:19: root                               EvaluationManager.py <_prstr>179 :  Average turns   = 8.88 +- 0.25
RESULTS:: 12:52:19: root                                   pydial.py <setEvalConfig>470 :  *** Evaluating env1-LAP-tau_sort_noinco_4020_0100_250100_0100-seed0-00.10: error-rate=0 num-dialogs=500 ***
RESULTS:: 13:09:24: root                               EvaluationManager.py <_prstr>179 :  Results for domain: Laptops11 --evaluated by: objective success evaluator
RESULTS:: 13:09:24: root                               EvaluationManager.py <_prstr>179 :  # of dialogues  = 500
RESULTS:: 13:09:24: root                               EvaluationManager.py <_prstr>179 :  Average reward  = 8.28 +- 0.78
RESULTS:: 13:09:24: root                               EvaluationManager.py <_prstr>179 :  Average success = 78.80 +- 3.59
RESULTS:: 13:09:24: root                               EvaluationManager.py <_prstr>179 :  Average turns   = 7.48 +- 0.26
RESULTS:: 13:09:24: root                                   pydial.py <train_command>807 :  *** Training complete. log: env1-LAP-tau_sort_noinco_4020_0100_250100_0100-seed0-00.1-10.train.log - final policy is env1-LAP-tau_sort_noinco_4020_0100_250100_0100-00-10
