RESULTS:: 19:45:16: root                                   pydial.py <train_command>791 :  List of domains: Laptops11
RESULTS:: 19:45:16: root                                      pydial.py <trainBatch>409 :  *** Training Iteration env1-LAP-tau_nodrop_noinco_sort_sharelast_4020_250100_shpr_1718-seed7-00.0->env1-LAP-tau_nodrop_noinco_sort_sharelast_4020_250100_shpr_1718-seed7-00.1: iter=0, error-rate=0, num-dialogs=1000 ***
RESULTS:: 20:15:06: root                               EvaluationManager.py <_prstr>179 :  Results for domain: Laptops11 --evaluated by: objective success evaluator
RESULTS:: 20:15:06: root                               EvaluationManager.py <_prstr>179 :  # of dialogues  = 1000
RESULTS:: 20:15:06: root                               EvaluationManager.py <_prstr>179 :  Average reward  = 6.42 +- 0.65
RESULTS:: 20:15:06: root                               EvaluationManager.py <_prstr>179 :  Average success = 79.30 +- 2.51
RESULTS:: 20:15:06: root                               EvaluationManager.py <_prstr>179 :  Average turns   = 9.44 +- 0.28
RESULTS:: 20:15:06: root                                   pydial.py <setEvalConfig>470 :  *** Evaluating env1-LAP-tau_nodrop_noinco_sort_sharelast_4020_250100_shpr_1718-seed7-00.1: error-rate=0 num-dialogs=500 ***
RESULTS:: 20:26:14: root                               EvaluationManager.py <_prstr>179 :  Results for domain: Laptops11 --evaluated by: objective success evaluator
RESULTS:: 20:26:14: root                               EvaluationManager.py <_prstr>179 :  # of dialogues  = 500
RESULTS:: 20:26:14: root                               EvaluationManager.py <_prstr>179 :  Average reward  = 9.32 +- 0.74
RESULTS:: 20:26:14: root                               EvaluationManager.py <_prstr>179 :  Average success = 82.80 +- 3.32
RESULTS:: 20:26:14: root                               EvaluationManager.py <_prstr>179 :  Average turns   = 7.24 +- 0.23
RESULTS:: 20:26:14: root                                   pydial.py <train_command>791 :  List of domains: Laptops11
RESULTS:: 20:26:14: root                                      pydial.py <trainBatch>409 :  *** Training Iteration env1-LAP-tau_nodrop_noinco_sort_sharelast_4020_250100_shpr_1718-seed7-00.1->env1-LAP-tau_nodrop_noinco_sort_sharelast_4020_250100_shpr_1718-seed7-00.2: iter=1, error-rate=0, num-dialogs=1000 ***
RESULTS:: 20:55:51: root                               EvaluationManager.py <_prstr>179 :  Results for domain: Laptops11 --evaluated by: objective success evaluator
RESULTS:: 20:55:51: root                               EvaluationManager.py <_prstr>179 :  # of dialogues  = 1000
RESULTS:: 20:55:51: root                               EvaluationManager.py <_prstr>179 :  Average reward  = 9.08 +- 0.49
RESULTS:: 20:55:51: root                               EvaluationManager.py <_prstr>179 :  Average success = 90.90 +- 1.78
RESULTS:: 20:55:51: root                               EvaluationManager.py <_prstr>179 :  Average turns   = 9.10 +- 0.26
RESULTS:: 20:55:51: root                                   pydial.py <setEvalConfig>470 :  *** Evaluating env1-LAP-tau_nodrop_noinco_sort_sharelast_4020_250100_shpr_1718-seed7-00.2: error-rate=0 num-dialogs=500 ***
RESULTS:: 21:07:09: root                               EvaluationManager.py <_prstr>179 :  Results for domain: Laptops11 --evaluated by: objective success evaluator
RESULTS:: 21:07:09: root                               EvaluationManager.py <_prstr>179 :  # of dialogues  = 500
RESULTS:: 21:07:09: root                               EvaluationManager.py <_prstr>179 :  Average reward  = 11.72 +- 0.47
RESULTS:: 21:07:09: root                               EvaluationManager.py <_prstr>179 :  Average success = 95.80 +- 1.76
RESULTS:: 21:07:09: root                               EvaluationManager.py <_prstr>179 :  Average turns   = 7.44 +- 0.28
RESULTS:: 21:07:09: root                                   pydial.py <train_command>791 :  List of domains: Laptops11
RESULTS:: 21:07:09: root                                      pydial.py <trainBatch>409 :  *** Training Iteration env1-LAP-tau_nodrop_noinco_sort_sharelast_4020_250100_shpr_1718-seed7-00.2->env1-LAP-tau_nodrop_noinco_sort_sharelast_4020_250100_shpr_1718-seed7-00.3: iter=2, error-rate=0, num-dialogs=1000 ***
RESULTS:: 21:36:10: root                               EvaluationManager.py <_prstr>179 :  Results for domain: Laptops11 --evaluated by: objective success evaluator
RESULTS:: 21:36:10: root                               EvaluationManager.py <_prstr>179 :  # of dialogues  = 1000
RESULTS:: 21:36:10: root                               EvaluationManager.py <_prstr>179 :  Average reward  = 9.61 +- 0.45
RESULTS:: 21:36:10: root                               EvaluationManager.py <_prstr>179 :  Average success = 92.60 +- 1.62
RESULTS:: 21:36:10: root                               EvaluationManager.py <_prstr>179 :  Average turns   = 8.91 +- 0.24
RESULTS:: 21:36:10: root                                   pydial.py <setEvalConfig>470 :  *** Evaluating env1-LAP-tau_nodrop_noinco_sort_sharelast_4020_250100_shpr_1718-seed7-00.3: error-rate=0 num-dialogs=500 ***
RESULTS:: 21:47:46: root                               EvaluationManager.py <_prstr>179 :  Results for domain: Laptops11 --evaluated by: objective success evaluator
RESULTS:: 21:47:46: root                               EvaluationManager.py <_prstr>179 :  # of dialogues  = 500
RESULTS:: 21:47:46: root                               EvaluationManager.py <_prstr>179 :  Average reward  = 9.89 +- 0.65
RESULTS:: 21:47:46: root                               EvaluationManager.py <_prstr>179 :  Average success = 87.60 +- 2.90
RESULTS:: 21:47:46: root                               EvaluationManager.py <_prstr>179 :  Average turns   = 7.63 +- 0.26
RESULTS:: 21:47:46: root                                   pydial.py <train_command>791 :  List of domains: Laptops11
RESULTS:: 21:47:46: root                                      pydial.py <trainBatch>409 :  *** Training Iteration env1-LAP-tau_nodrop_noinco_sort_sharelast_4020_250100_shpr_1718-seed7-00.3->env1-LAP-tau_nodrop_noinco_sort_sharelast_4020_250100_shpr_1718-seed7-00.4: iter=3, error-rate=0, num-dialogs=1000 ***
RESULTS:: 22:16:13: root                               EvaluationManager.py <_prstr>179 :  Results for domain: Laptops11 --evaluated by: objective success evaluator
RESULTS:: 22:16:13: root                               EvaluationManager.py <_prstr>179 :  # of dialogues  = 1000
RESULTS:: 22:16:13: root                               EvaluationManager.py <_prstr>179 :  Average reward  = 9.72 +- 0.46
RESULTS:: 22:16:13: root                               EvaluationManager.py <_prstr>179 :  Average success = 92.30 +- 1.65
RESULTS:: 22:16:13: root                               EvaluationManager.py <_prstr>179 :  Average turns   = 8.74 +- 0.26
RESULTS:: 22:16:13: root                                   pydial.py <setEvalConfig>470 :  *** Evaluating env1-LAP-tau_nodrop_noinco_sort_sharelast_4020_250100_shpr_1718-seed7-00.4: error-rate=0 num-dialogs=500 ***
RESULTS:: 22:26:50: root                               EvaluationManager.py <_prstr>179 :  Results for domain: Laptops11 --evaluated by: objective success evaluator
RESULTS:: 22:26:50: root                               EvaluationManager.py <_prstr>179 :  # of dialogues  = 500
RESULTS:: 22:26:50: root                               EvaluationManager.py <_prstr>179 :  Average reward  = 7.14 +- 0.84
RESULTS:: 22:26:50: root                               EvaluationManager.py <_prstr>179 :  Average success = 70.20 +- 4.02
RESULTS:: 22:26:50: root                               EvaluationManager.py <_prstr>179 :  Average turns   = 6.90 +- 0.19
RESULTS:: 22:26:50: root                                   pydial.py <train_command>791 :  List of domains: Laptops11
RESULTS:: 22:26:50: root                                      pydial.py <trainBatch>409 :  *** Training Iteration env1-LAP-tau_nodrop_noinco_sort_sharelast_4020_250100_shpr_1718-seed7-00.4->env1-LAP-tau_nodrop_noinco_sort_sharelast_4020_250100_shpr_1718-seed7-00.5: iter=4, error-rate=0, num-dialogs=1000 ***
RESULTS:: 22:58:01: root                               EvaluationManager.py <_prstr>179 :  Results for domain: Laptops11 --evaluated by: objective success evaluator
RESULTS:: 22:58:01: root                               EvaluationManager.py <_prstr>179 :  # of dialogues  = 1000
RESULTS:: 22:58:01: root                               EvaluationManager.py <_prstr>179 :  Average reward  = 8.88 +- 0.50
RESULTS:: 22:58:01: root                               EvaluationManager.py <_prstr>179 :  Average success = 89.60 +- 1.89
RESULTS:: 22:58:01: root                               EvaluationManager.py <_prstr>179 :  Average turns   = 9.04 +- 0.26
RESULTS:: 22:58:01: root                                   pydial.py <setEvalConfig>470 :  *** Evaluating env1-LAP-tau_nodrop_noinco_sort_sharelast_4020_250100_shpr_1718-seed7-00.5: error-rate=0 num-dialogs=500 ***
RESULTS:: 23:09:39: root                               EvaluationManager.py <_prstr>179 :  Results for domain: Laptops11 --evaluated by: objective success evaluator
RESULTS:: 23:09:39: root                               EvaluationManager.py <_prstr>179 :  # of dialogues  = 500
RESULTS:: 23:09:39: root                               EvaluationManager.py <_prstr>179 :  Average reward  = 11.61 +- 0.55
RESULTS:: 23:09:39: root                               EvaluationManager.py <_prstr>179 :  Average success = 95.80 +- 1.76
RESULTS:: 23:09:39: root                               EvaluationManager.py <_prstr>179 :  Average turns   = 7.55 +- 0.30
RESULTS:: 23:09:39: root                                   pydial.py <train_command>791 :  List of domains: Laptops11
RESULTS:: 23:09:39: root                                      pydial.py <trainBatch>409 :  *** Training Iteration env1-LAP-tau_nodrop_noinco_sort_sharelast_4020_250100_shpr_1718-seed7-00.5->env1-LAP-tau_nodrop_noinco_sort_sharelast_4020_250100_shpr_1718-seed7-00.6: iter=5, error-rate=0, num-dialogs=1000 ***
RESULTS:: 23:39:32: root                               EvaluationManager.py <_prstr>179 :  Results for domain: Laptops11 --evaluated by: objective success evaluator
RESULTS:: 23:39:32: root                               EvaluationManager.py <_prstr>179 :  # of dialogues  = 1000
RESULTS:: 23:39:32: root                               EvaluationManager.py <_prstr>179 :  Average reward  = 9.38 +- 0.49
RESULTS:: 23:39:32: root                               EvaluationManager.py <_prstr>179 :  Average success = 92.90 +- 1.59
RESULTS:: 23:39:32: root                               EvaluationManager.py <_prstr>179 :  Average turns   = 9.20 +- 0.29
RESULTS:: 23:39:32: root                                   pydial.py <setEvalConfig>470 :  *** Evaluating env1-LAP-tau_nodrop_noinco_sort_sharelast_4020_250100_shpr_1718-seed7-00.6: error-rate=0 num-dialogs=500 ***
RESULTS:: 23:52:28: root                               EvaluationManager.py <_prstr>179 :  Results for domain: Laptops11 --evaluated by: objective success evaluator
RESULTS:: 23:52:28: root                               EvaluationManager.py <_prstr>179 :  # of dialogues  = 500
RESULTS:: 23:52:28: root                               EvaluationManager.py <_prstr>179 :  Average reward  = 9.62 +- 0.83
RESULTS:: 23:52:28: root                               EvaluationManager.py <_prstr>179 :  Average success = 90.60 +- 2.56
RESULTS:: 23:52:28: root                               EvaluationManager.py <_prstr>179 :  Average turns   = 8.50 +- 0.42
RESULTS:: 23:52:28: root                                   pydial.py <train_command>791 :  List of domains: Laptops11
RESULTS:: 23:52:28: root                                      pydial.py <trainBatch>409 :  *** Training Iteration env1-LAP-tau_nodrop_noinco_sort_sharelast_4020_250100_shpr_1718-seed7-00.6->env1-LAP-tau_nodrop_noinco_sort_sharelast_4020_250100_shpr_1718-seed7-00.7: iter=6, error-rate=0, num-dialogs=1000 ***
RESULTS:: 00:22:11: root                               EvaluationManager.py <_prstr>179 :  Results for domain: Laptops11 --evaluated by: objective success evaluator
RESULTS:: 00:22:11: root                               EvaluationManager.py <_prstr>179 :  # of dialogues  = 1000
RESULTS:: 00:22:11: root                               EvaluationManager.py <_prstr>179 :  Average reward  = 9.22 +- 0.50
RESULTS:: 00:22:11: root                               EvaluationManager.py <_prstr>179 :  Average success = 91.90 +- 1.69
RESULTS:: 00:22:11: root                               EvaluationManager.py <_prstr>179 :  Average turns   = 9.16 +- 0.28
RESULTS:: 00:22:11: root                                   pydial.py <setEvalConfig>470 :  *** Evaluating env1-LAP-tau_nodrop_noinco_sort_sharelast_4020_250100_shpr_1718-seed7-00.7: error-rate=0 num-dialogs=500 ***
RESULTS:: 00:34:06: root                               EvaluationManager.py <_prstr>179 :  Results for domain: Laptops11 --evaluated by: objective success evaluator
RESULTS:: 00:34:06: root                               EvaluationManager.py <_prstr>179 :  # of dialogues  = 500
RESULTS:: 00:34:06: root                               EvaluationManager.py <_prstr>179 :  Average reward  = 11.54 +- 0.47
RESULTS:: 00:34:06: root                               EvaluationManager.py <_prstr>179 :  Average success = 96.60 +- 1.59
RESULTS:: 00:34:06: root                               EvaluationManager.py <_prstr>179 :  Average turns   = 7.78 +- 0.27
RESULTS:: 00:34:06: root                                   pydial.py <train_command>791 :  List of domains: Laptops11
RESULTS:: 00:34:06: root                                      pydial.py <trainBatch>409 :  *** Training Iteration env1-LAP-tau_nodrop_noinco_sort_sharelast_4020_250100_shpr_1718-seed7-00.7->env1-LAP-tau_nodrop_noinco_sort_sharelast_4020_250100_shpr_1718-seed7-00.8: iter=7, error-rate=0, num-dialogs=1000 ***
RESULTS:: 01:04:27: root                               EvaluationManager.py <_prstr>179 :  Results for domain: Laptops11 --evaluated by: objective success evaluator
RESULTS:: 01:04:27: root                               EvaluationManager.py <_prstr>179 :  # of dialogues  = 1000
RESULTS:: 01:04:27: root                               EvaluationManager.py <_prstr>179 :  Average reward  = 8.82 +- 0.53
RESULTS:: 01:04:27: root                               EvaluationManager.py <_prstr>179 :  Average success = 90.50 +- 1.82
RESULTS:: 01:04:27: root                               EvaluationManager.py <_prstr>179 :  Average turns   = 9.28 +- 0.28
RESULTS:: 01:04:27: root                                   pydial.py <setEvalConfig>470 :  *** Evaluating env1-LAP-tau_nodrop_noinco_sort_sharelast_4020_250100_shpr_1718-seed7-00.8: error-rate=0 num-dialogs=500 ***
RESULTS:: 01:16:36: root                               EvaluationManager.py <_prstr>179 :  Results for domain: Laptops11 --evaluated by: objective success evaluator
RESULTS:: 01:16:36: root                               EvaluationManager.py <_prstr>179 :  # of dialogues  = 500
RESULTS:: 01:16:36: root                               EvaluationManager.py <_prstr>179 :  Average reward  = 7.74 +- 0.86
RESULTS:: 01:16:36: root                               EvaluationManager.py <_prstr>179 :  Average success = 78.40 +- 3.62
RESULTS:: 01:16:36: root                               EvaluationManager.py <_prstr>179 :  Average turns   = 7.94 +- 0.31
RESULTS:: 01:16:36: root                                   pydial.py <train_command>791 :  List of domains: Laptops11
RESULTS:: 01:16:36: root                                      pydial.py <trainBatch>409 :  *** Training Iteration env1-LAP-tau_nodrop_noinco_sort_sharelast_4020_250100_shpr_1718-seed7-00.8->env1-LAP-tau_nodrop_noinco_sort_sharelast_4020_250100_shpr_1718-seed7-00.9: iter=8, error-rate=0, num-dialogs=1000 ***
RESULTS:: 01:46:14: root                               EvaluationManager.py <_prstr>179 :  Results for domain: Laptops11 --evaluated by: objective success evaluator
RESULTS:: 01:46:14: root                               EvaluationManager.py <_prstr>179 :  # of dialogues  = 1000
RESULTS:: 01:46:14: root                               EvaluationManager.py <_prstr>179 :  Average reward  = 9.16 +- 0.51
RESULTS:: 01:46:14: root                               EvaluationManager.py <_prstr>179 :  Average success = 91.70 +- 1.71
RESULTS:: 01:46:14: root                               EvaluationManager.py <_prstr>179 :  Average turns   = 9.18 +- 0.29
RESULTS:: 01:46:14: root                                   pydial.py <setEvalConfig>470 :  *** Evaluating env1-LAP-tau_nodrop_noinco_sort_sharelast_4020_250100_shpr_1718-seed7-00.9: error-rate=0 num-dialogs=500 ***
RESULTS:: 01:58:02: root                               EvaluationManager.py <_prstr>179 :  Results for domain: Laptops11 --evaluated by: objective success evaluator
RESULTS:: 01:58:02: root                               EvaluationManager.py <_prstr>179 :  # of dialogues  = 500
RESULTS:: 01:58:02: root                               EvaluationManager.py <_prstr>179 :  Average reward  = 11.23 +- 0.52
RESULTS:: 01:58:02: root                               EvaluationManager.py <_prstr>179 :  Average success = 94.60 +- 1.99
RESULTS:: 01:58:02: root                               EvaluationManager.py <_prstr>179 :  Average turns   = 7.69 +- 0.27
RESULTS:: 01:58:02: root                                   pydial.py <train_command>791 :  List of domains: Laptops11
RESULTS:: 01:58:02: root                                      pydial.py <trainBatch>409 :  *** Training Iteration env1-LAP-tau_nodrop_noinco_sort_sharelast_4020_250100_shpr_1718-seed7-00.9->env1-LAP-tau_nodrop_noinco_sort_sharelast_4020_250100_shpr_1718-seed7-00.10: iter=9, error-rate=0, num-dialogs=1000 ***
RESULTS:: 02:28:16: root                               EvaluationManager.py <_prstr>179 :  Results for domain: Laptops11 --evaluated by: objective success evaluator
RESULTS:: 02:28:16: root                               EvaluationManager.py <_prstr>179 :  # of dialogues  = 1000
RESULTS:: 02:28:16: root                               EvaluationManager.py <_prstr>179 :  Average reward  = 8.96 +- 0.50
RESULTS:: 02:28:16: root                               EvaluationManager.py <_prstr>179 :  Average success = 91.80 +- 1.70
RESULTS:: 02:28:16: root                               EvaluationManager.py <_prstr>179 :  Average turns   = 9.40 +- 0.28
RESULTS:: 02:28:16: root                                   pydial.py <setEvalConfig>470 :  *** Evaluating env1-LAP-tau_nodrop_noinco_sort_sharelast_4020_250100_shpr_1718-seed7-00.10: error-rate=0 num-dialogs=500 ***
RESULTS:: 02:38:45: root                               EvaluationManager.py <_prstr>179 :  Results for domain: Laptops11 --evaluated by: objective success evaluator
RESULTS:: 02:38:45: root                               EvaluationManager.py <_prstr>179 :  # of dialogues  = 500
RESULTS:: 02:38:45: root                               EvaluationManager.py <_prstr>179 :  Average reward  = 10.84 +- 0.61
RESULTS:: 02:38:45: root                               EvaluationManager.py <_prstr>179 :  Average success = 90.80 +- 2.54
RESULTS:: 02:38:45: root                               EvaluationManager.py <_prstr>179 :  Average turns   = 7.32 +- 0.26
RESULTS:: 02:38:45: root                                   pydial.py <train_command>807 :  *** Training complete. log: env1-LAP-tau_nodrop_noinco_sort_sharelast_4020_250100_shpr_1718-seed7-00.1-10.train.log - final policy is env1-LAP-tau_nodrop_noinco_sort_sharelast_4020_250100_shpr_1718-00-10
