RESULTS:: 19:45:07: root                                   pydial.py <train_command>791 :  List of domains: Laptops11
RESULTS:: 19:45:07: root                                      pydial.py <trainBatch>409 :  *** Training Iteration env1-LAP-tau_nodrop_noinco_sort_sharelast_4020_250100_shpr_1718-seed4-00.0->env1-LAP-tau_nodrop_noinco_sort_sharelast_4020_250100_shpr_1718-seed4-00.1: iter=0, error-rate=0, num-dialogs=1000 ***
RESULTS:: 20:15:06: root                               EvaluationManager.py <_prstr>179 :  Results for domain: Laptops11 --evaluated by: objective success evaluator
RESULTS:: 20:15:06: root                               EvaluationManager.py <_prstr>179 :  # of dialogues  = 1000
RESULTS:: 20:15:06: root                               EvaluationManager.py <_prstr>179 :  Average reward  = 7.87 +- 0.59
RESULTS:: 20:15:06: root                               EvaluationManager.py <_prstr>179 :  Average success = 86.40 +- 2.13
RESULTS:: 20:15:06: root                               EvaluationManager.py <_prstr>179 :  Average turns   = 9.41 +- 0.29
RESULTS:: 20:15:06: root                                   pydial.py <setEvalConfig>470 :  *** Evaluating env1-LAP-tau_nodrop_noinco_sort_sharelast_4020_250100_shpr_1718-seed4-00.1: error-rate=0 num-dialogs=500 ***
RESULTS:: 20:26:40: root                               EvaluationManager.py <_prstr>179 :  Results for domain: Laptops11 --evaluated by: objective success evaluator
RESULTS:: 20:26:40: root                               EvaluationManager.py <_prstr>179 :  # of dialogues  = 500
RESULTS:: 20:26:40: root                               EvaluationManager.py <_prstr>179 :  Average reward  = 11.54 +- 0.48
RESULTS:: 20:26:40: root                               EvaluationManager.py <_prstr>179 :  Average success = 95.80 +- 1.76
RESULTS:: 20:26:40: root                               EvaluationManager.py <_prstr>179 :  Average turns   = 7.62 +- 0.26
RESULTS:: 20:26:40: root                                   pydial.py <train_command>791 :  List of domains: Laptops11
RESULTS:: 20:26:40: root                                      pydial.py <trainBatch>409 :  *** Training Iteration env1-LAP-tau_nodrop_noinco_sort_sharelast_4020_250100_shpr_1718-seed4-00.1->env1-LAP-tau_nodrop_noinco_sort_sharelast_4020_250100_shpr_1718-seed4-00.2: iter=1, error-rate=0, num-dialogs=1000 ***
RESULTS:: 20:56:12: root                               EvaluationManager.py <_prstr>179 :  Results for domain: Laptops11 --evaluated by: objective success evaluator
RESULTS:: 20:56:12: root                               EvaluationManager.py <_prstr>179 :  # of dialogues  = 1000
RESULTS:: 20:56:12: root                               EvaluationManager.py <_prstr>179 :  Average reward  = 9.55 +- 0.41
RESULTS:: 20:56:12: root                               EvaluationManager.py <_prstr>179 :  Average success = 93.40 +- 1.54
RESULTS:: 20:56:12: root                               EvaluationManager.py <_prstr>179 :  Average turns   = 9.13 +- 0.24
RESULTS:: 20:56:12: root                                   pydial.py <setEvalConfig>470 :  *** Evaluating env1-LAP-tau_nodrop_noinco_sort_sharelast_4020_250100_shpr_1718-seed4-00.2: error-rate=0 num-dialogs=500 ***
RESULTS:: 21:08:04: root                               EvaluationManager.py <_prstr>179 :  Results for domain: Laptops11 --evaluated by: objective success evaluator
RESULTS:: 21:08:04: root                               EvaluationManager.py <_prstr>179 :  # of dialogues  = 500
RESULTS:: 21:08:04: root                               EvaluationManager.py <_prstr>179 :  Average reward  = 10.54 +- 0.56
RESULTS:: 21:08:04: root                               EvaluationManager.py <_prstr>179 :  Average success = 91.60 +- 2.44
RESULTS:: 21:08:04: root                               EvaluationManager.py <_prstr>179 :  Average turns   = 7.78 +- 0.26
RESULTS:: 21:08:04: root                                   pydial.py <train_command>791 :  List of domains: Laptops11
RESULTS:: 21:08:04: root                                      pydial.py <trainBatch>409 :  *** Training Iteration env1-LAP-tau_nodrop_noinco_sort_sharelast_4020_250100_shpr_1718-seed4-00.2->env1-LAP-tau_nodrop_noinco_sort_sharelast_4020_250100_shpr_1718-seed4-00.3: iter=2, error-rate=0, num-dialogs=1000 ***
RESULTS:: 21:37:16: root                               EvaluationManager.py <_prstr>179 :  Results for domain: Laptops11 --evaluated by: objective success evaluator
RESULTS:: 21:37:16: root                               EvaluationManager.py <_prstr>179 :  # of dialogues  = 1000
RESULTS:: 21:37:16: root                               EvaluationManager.py <_prstr>179 :  Average reward  = 9.44 +- 0.46
RESULTS:: 21:37:16: root                               EvaluationManager.py <_prstr>179 :  Average success = 92.30 +- 1.65
RESULTS:: 21:37:16: root                               EvaluationManager.py <_prstr>179 :  Average turns   = 9.02 +- 0.27
RESULTS:: 21:37:16: root                                   pydial.py <setEvalConfig>470 :  *** Evaluating env1-LAP-tau_nodrop_noinco_sort_sharelast_4020_250100_shpr_1718-seed4-00.3: error-rate=0 num-dialogs=500 ***
RESULTS:: 21:49:05: root                               EvaluationManager.py <_prstr>179 :  Results for domain: Laptops11 --evaluated by: objective success evaluator
RESULTS:: 21:49:05: root                               EvaluationManager.py <_prstr>179 :  # of dialogues  = 500
RESULTS:: 21:49:05: root                               EvaluationManager.py <_prstr>179 :  Average reward  = 11.56 +- 0.49
RESULTS:: 21:49:05: root                               EvaluationManager.py <_prstr>179 :  Average success = 95.80 +- 1.76
RESULTS:: 21:49:05: root                               EvaluationManager.py <_prstr>179 :  Average turns   = 7.60 +- 0.27
RESULTS:: 21:49:05: root                                   pydial.py <train_command>791 :  List of domains: Laptops11
RESULTS:: 21:49:05: root                                      pydial.py <trainBatch>409 :  *** Training Iteration env1-LAP-tau_nodrop_noinco_sort_sharelast_4020_250100_shpr_1718-seed4-00.3->env1-LAP-tau_nodrop_noinco_sort_sharelast_4020_250100_shpr_1718-seed4-00.4: iter=3, error-rate=0, num-dialogs=1000 ***
RESULTS:: 22:18:25: root                               EvaluationManager.py <_prstr>179 :  Results for domain: Laptops11 --evaluated by: objective success evaluator
RESULTS:: 22:18:25: root                               EvaluationManager.py <_prstr>179 :  # of dialogues  = 1000
RESULTS:: 22:18:25: root                               EvaluationManager.py <_prstr>179 :  Average reward  = 9.29 +- 0.47
RESULTS:: 22:18:25: root                               EvaluationManager.py <_prstr>179 :  Average success = 91.80 +- 1.70
RESULTS:: 22:18:25: root                               EvaluationManager.py <_prstr>179 :  Average turns   = 9.07 +- 0.26
RESULTS:: 22:18:25: root                                   pydial.py <setEvalConfig>470 :  *** Evaluating env1-LAP-tau_nodrop_noinco_sort_sharelast_4020_250100_shpr_1718-seed4-00.4: error-rate=0 num-dialogs=500 ***
RESULTS:: 22:29:51: root                               EvaluationManager.py <_prstr>179 :  Results for domain: Laptops11 --evaluated by: objective success evaluator
RESULTS:: 22:29:51: root                               EvaluationManager.py <_prstr>179 :  # of dialogues  = 500
RESULTS:: 22:29:51: root                               EvaluationManager.py <_prstr>179 :  Average reward  = 5.13 +- 0.94
RESULTS:: 22:29:51: root                               EvaluationManager.py <_prstr>179 :  Average success = 63.60 +- 4.23
RESULTS:: 22:29:51: root                               EvaluationManager.py <_prstr>179 :  Average turns   = 7.59 +- 0.23
RESULTS:: 22:29:51: root                                   pydial.py <train_command>791 :  List of domains: Laptops11
RESULTS:: 22:29:51: root                                      pydial.py <trainBatch>409 :  *** Training Iteration env1-LAP-tau_nodrop_noinco_sort_sharelast_4020_250100_shpr_1718-seed4-00.4->env1-LAP-tau_nodrop_noinco_sort_sharelast_4020_250100_shpr_1718-seed4-00.5: iter=4, error-rate=0, num-dialogs=1000 ***
RESULTS:: 23:00:15: root                               EvaluationManager.py <_prstr>179 :  Results for domain: Laptops11 --evaluated by: objective success evaluator
RESULTS:: 23:00:15: root                               EvaluationManager.py <_prstr>179 :  # of dialogues  = 1000
RESULTS:: 23:00:15: root                               EvaluationManager.py <_prstr>179 :  Average reward  = 9.33 +- 0.46
RESULTS:: 23:00:15: root                               EvaluationManager.py <_prstr>179 :  Average success = 90.50 +- 1.82
RESULTS:: 23:00:15: root                               EvaluationManager.py <_prstr>179 :  Average turns   = 8.77 +- 0.24
RESULTS:: 23:00:15: root                                   pydial.py <setEvalConfig>470 :  *** Evaluating env1-LAP-tau_nodrop_noinco_sort_sharelast_4020_250100_shpr_1718-seed4-00.5: error-rate=0 num-dialogs=500 ***
RESULTS:: 23:12:07: root                               EvaluationManager.py <_prstr>179 :  Results for domain: Laptops11 --evaluated by: objective success evaluator
RESULTS:: 23:12:07: root                               EvaluationManager.py <_prstr>179 :  # of dialogues  = 500
RESULTS:: 23:12:07: root                               EvaluationManager.py <_prstr>179 :  Average reward  = 3.15 +- 0.97
RESULTS:: 23:12:07: root                               EvaluationManager.py <_prstr>179 :  Average success = 55.20 +- 4.37
RESULTS:: 23:12:07: root                               EvaluationManager.py <_prstr>179 :  Average turns   = 7.89 +- 0.25
RESULTS:: 23:12:07: root                                   pydial.py <train_command>791 :  List of domains: Laptops11
RESULTS:: 23:12:07: root                                      pydial.py <trainBatch>409 :  *** Training Iteration env1-LAP-tau_nodrop_noinco_sort_sharelast_4020_250100_shpr_1718-seed4-00.5->env1-LAP-tau_nodrop_noinco_sort_sharelast_4020_250100_shpr_1718-seed4-00.6: iter=5, error-rate=0, num-dialogs=1000 ***
RESULTS:: 23:41:39: root                               EvaluationManager.py <_prstr>179 :  Results for domain: Laptops11 --evaluated by: objective success evaluator
RESULTS:: 23:41:39: root                               EvaluationManager.py <_prstr>179 :  # of dialogues  = 1000
RESULTS:: 23:41:39: root                               EvaluationManager.py <_prstr>179 :  Average reward  = 8.61 +- 0.54
RESULTS:: 23:41:39: root                               EvaluationManager.py <_prstr>179 :  Average success = 88.60 +- 1.97
RESULTS:: 23:41:39: root                               EvaluationManager.py <_prstr>179 :  Average turns   = 9.11 +- 0.28
RESULTS:: 23:41:39: root                                   pydial.py <setEvalConfig>470 :  *** Evaluating env1-LAP-tau_nodrop_noinco_sort_sharelast_4020_250100_shpr_1718-seed4-00.6: error-rate=0 num-dialogs=500 ***
RESULTS:: 23:53:35: root                               EvaluationManager.py <_prstr>179 :  Results for domain: Laptops11 --evaluated by: objective success evaluator
RESULTS:: 23:53:35: root                               EvaluationManager.py <_prstr>179 :  # of dialogues  = 500
RESULTS:: 23:53:35: root                               EvaluationManager.py <_prstr>179 :  Average reward  = 10.53 +- 0.64
RESULTS:: 23:53:35: root                               EvaluationManager.py <_prstr>179 :  Average success = 91.60 +- 2.44
RESULTS:: 23:53:35: root                               EvaluationManager.py <_prstr>179 :  Average turns   = 7.79 +- 0.29
RESULTS:: 23:53:35: root                                   pydial.py <train_command>791 :  List of domains: Laptops11
RESULTS:: 23:53:35: root                                      pydial.py <trainBatch>409 :  *** Training Iteration env1-LAP-tau_nodrop_noinco_sort_sharelast_4020_250100_shpr_1718-seed4-00.6->env1-LAP-tau_nodrop_noinco_sort_sharelast_4020_250100_shpr_1718-seed4-00.7: iter=6, error-rate=0, num-dialogs=1000 ***
RESULTS:: 00:23:09: root                               EvaluationManager.py <_prstr>179 :  Results for domain: Laptops11 --evaluated by: objective success evaluator
RESULTS:: 00:23:09: root                               EvaluationManager.py <_prstr>179 :  # of dialogues  = 1000
RESULTS:: 00:23:09: root                               EvaluationManager.py <_prstr>179 :  Average reward  = 9.18 +- 0.52
RESULTS:: 00:23:09: root                               EvaluationManager.py <_prstr>179 :  Average success = 91.50 +- 1.73
RESULTS:: 00:23:09: root                               EvaluationManager.py <_prstr>179 :  Average turns   = 9.12 +- 0.28
RESULTS:: 00:23:09: root                                   pydial.py <setEvalConfig>470 :  *** Evaluating env1-LAP-tau_nodrop_noinco_sort_sharelast_4020_250100_shpr_1718-seed4-00.7: error-rate=0 num-dialogs=500 ***
RESULTS:: 00:34:58: root                               EvaluationManager.py <_prstr>179 :  Results for domain: Laptops11 --evaluated by: objective success evaluator
RESULTS:: 00:34:58: root                               EvaluationManager.py <_prstr>179 :  # of dialogues  = 500
RESULTS:: 00:34:58: root                               EvaluationManager.py <_prstr>179 :  Average reward  = 11.72 +- 0.48
RESULTS:: 00:34:58: root                               EvaluationManager.py <_prstr>179 :  Average success = 97.00 +- 1.50
RESULTS:: 00:34:58: root                               EvaluationManager.py <_prstr>179 :  Average turns   = 7.68 +- 0.29
RESULTS:: 00:34:58: root                                   pydial.py <train_command>791 :  List of domains: Laptops11
RESULTS:: 00:34:58: root                                      pydial.py <trainBatch>409 :  *** Training Iteration env1-LAP-tau_nodrop_noinco_sort_sharelast_4020_250100_shpr_1718-seed4-00.7->env1-LAP-tau_nodrop_noinco_sort_sharelast_4020_250100_shpr_1718-seed4-00.8: iter=7, error-rate=0, num-dialogs=1000 ***
RESULTS:: 01:04:11: root                               EvaluationManager.py <_prstr>179 :  Results for domain: Laptops11 --evaluated by: objective success evaluator
RESULTS:: 01:04:11: root                               EvaluationManager.py <_prstr>179 :  # of dialogues  = 1000
RESULTS:: 01:04:11: root                               EvaluationManager.py <_prstr>179 :  Average reward  = 9.62 +- 0.47
RESULTS:: 01:04:11: root                               EvaluationManager.py <_prstr>179 :  Average success = 92.70 +- 1.61
RESULTS:: 01:04:11: root                               EvaluationManager.py <_prstr>179 :  Average turns   = 8.92 +- 0.25
RESULTS:: 01:04:11: root                                   pydial.py <setEvalConfig>470 :  *** Evaluating env1-LAP-tau_nodrop_noinco_sort_sharelast_4020_250100_shpr_1718-seed4-00.8: error-rate=0 num-dialogs=500 ***
RESULTS:: 01:15:59: root                               EvaluationManager.py <_prstr>179 :  Results for domain: Laptops11 --evaluated by: objective success evaluator
RESULTS:: 01:15:59: root                               EvaluationManager.py <_prstr>179 :  # of dialogues  = 500
RESULTS:: 01:15:59: root                               EvaluationManager.py <_prstr>179 :  Average reward  = 11.65 +- 0.53
RESULTS:: 01:15:59: root                               EvaluationManager.py <_prstr>179 :  Average success = 96.00 +- 1.72
RESULTS:: 01:15:59: root                               EvaluationManager.py <_prstr>179 :  Average turns   = 7.55 +- 0.30
RESULTS:: 01:15:59: root                                   pydial.py <train_command>791 :  List of domains: Laptops11
RESULTS:: 01:15:59: root                                      pydial.py <trainBatch>409 :  *** Training Iteration env1-LAP-tau_nodrop_noinco_sort_sharelast_4020_250100_shpr_1718-seed4-00.8->env1-LAP-tau_nodrop_noinco_sort_sharelast_4020_250100_shpr_1718-seed4-00.9: iter=8, error-rate=0, num-dialogs=1000 ***
RESULTS:: 01:42:51: root                               EvaluationManager.py <_prstr>179 :  Results for domain: Laptops11 --evaluated by: objective success evaluator
RESULTS:: 01:42:51: root                               EvaluationManager.py <_prstr>179 :  # of dialogues  = 1000
RESULTS:: 01:42:51: root                               EvaluationManager.py <_prstr>179 :  Average reward  = 10.01 +- 0.42
RESULTS:: 01:42:51: root                               EvaluationManager.py <_prstr>179 :  Average success = 93.80 +- 1.50
RESULTS:: 01:42:51: root                               EvaluationManager.py <_prstr>179 :  Average turns   = 8.75 +- 0.24
RESULTS:: 01:42:51: root                                   pydial.py <setEvalConfig>470 :  *** Evaluating env1-LAP-tau_nodrop_noinco_sort_sharelast_4020_250100_shpr_1718-seed4-00.9: error-rate=0 num-dialogs=500 ***
RESULTS:: 01:53:01: root                               EvaluationManager.py <_prstr>179 :  Results for domain: Laptops11 --evaluated by: objective success evaluator
RESULTS:: 01:53:01: root                               EvaluationManager.py <_prstr>179 :  # of dialogues  = 500
RESULTS:: 01:53:01: root                               EvaluationManager.py <_prstr>179 :  Average reward  = 11.27 +- 0.52
RESULTS:: 01:53:01: root                               EvaluationManager.py <_prstr>179 :  Average success = 93.20 +- 2.21
RESULTS:: 01:53:01: root                               EvaluationManager.py <_prstr>179 :  Average turns   = 7.37 +- 0.24
RESULTS:: 01:53:01: root                                   pydial.py <train_command>791 :  List of domains: Laptops11
RESULTS:: 01:53:01: root                                      pydial.py <trainBatch>409 :  *** Training Iteration env1-LAP-tau_nodrop_noinco_sort_sharelast_4020_250100_shpr_1718-seed4-00.9->env1-LAP-tau_nodrop_noinco_sort_sharelast_4020_250100_shpr_1718-seed4-00.10: iter=9, error-rate=0, num-dialogs=1000 ***
RESULTS:: 02:19:51: root                               EvaluationManager.py <_prstr>179 :  Results for domain: Laptops11 --evaluated by: objective success evaluator
RESULTS:: 02:19:51: root                               EvaluationManager.py <_prstr>179 :  # of dialogues  = 1000
RESULTS:: 02:19:51: root                               EvaluationManager.py <_prstr>179 :  Average reward  = 8.98 +- 0.51
RESULTS:: 02:19:51: root                               EvaluationManager.py <_prstr>179 :  Average success = 90.20 +- 1.84
RESULTS:: 02:19:51: root                               EvaluationManager.py <_prstr>179 :  Average turns   = 9.06 +- 0.26
RESULTS:: 02:19:51: root                                   pydial.py <setEvalConfig>470 :  *** Evaluating env1-LAP-tau_nodrop_noinco_sort_sharelast_4020_250100_shpr_1718-seed4-00.10: error-rate=0 num-dialogs=500 ***
RESULTS:: 02:30:28: root                               EvaluationManager.py <_prstr>179 :  Results for domain: Laptops11 --evaluated by: objective success evaluator
RESULTS:: 02:30:28: root                               EvaluationManager.py <_prstr>179 :  # of dialogues  = 500
RESULTS:: 02:30:28: root                               EvaluationManager.py <_prstr>179 :  Average reward  = 10.93 +- 0.65
RESULTS:: 02:30:28: root                               EvaluationManager.py <_prstr>179 :  Average success = 92.80 +- 2.27
RESULTS:: 02:30:28: root                               EvaluationManager.py <_prstr>179 :  Average turns   = 7.63 +- 0.31
RESULTS:: 02:30:28: root                                   pydial.py <train_command>807 :  *** Training complete. log: env1-LAP-tau_nodrop_noinco_sort_sharelast_4020_250100_shpr_1718-seed4-00.1-10.train.log - final policy is env1-LAP-tau_nodrop_noinco_sort_sharelast_4020_250100_shpr_1718-00-10
