RESULTS:: 19:44:55: root                                   pydial.py <train_command>791 :  List of domains: Laptops11
RESULTS:: 19:44:55: root                                      pydial.py <trainBatch>409 :  *** Training Iteration env1-LAP-tau_nodrop_noinco_sort_sharelast_4020_250100_shpr_1718-seed0-00.0->env1-LAP-tau_nodrop_noinco_sort_sharelast_4020_250100_shpr_1718-seed0-00.1: iter=0, error-rate=0, num-dialogs=1000 ***
RESULTS:: 20:14:43: root                               EvaluationManager.py <_prstr>179 :  Results for domain: Laptops11 --evaluated by: objective success evaluator
RESULTS:: 20:14:43: root                               EvaluationManager.py <_prstr>179 :  # of dialogues  = 1000
RESULTS:: 20:14:43: root                               EvaluationManager.py <_prstr>179 :  Average reward  = 7.30 +- 0.60
RESULTS:: 20:14:43: root                               EvaluationManager.py <_prstr>179 :  Average success = 83.30 +- 2.31
RESULTS:: 20:14:43: root                               EvaluationManager.py <_prstr>179 :  Average turns   = 9.36 +- 0.28
RESULTS:: 20:14:43: root                                   pydial.py <setEvalConfig>470 :  *** Evaluating env1-LAP-tau_nodrop_noinco_sort_sharelast_4020_250100_shpr_1718-seed0-00.1: error-rate=0 num-dialogs=500 ***
RESULTS:: 20:27:10: root                               EvaluationManager.py <_prstr>179 :  Results for domain: Laptops11 --evaluated by: objective success evaluator
RESULTS:: 20:27:10: root                               EvaluationManager.py <_prstr>179 :  # of dialogues  = 500
RESULTS:: 20:27:10: root                               EvaluationManager.py <_prstr>179 :  Average reward  = 8.19 +- 0.75
RESULTS:: 20:27:10: root                               EvaluationManager.py <_prstr>179 :  Average success = 82.60 +- 3.33
RESULTS:: 20:27:10: root                               EvaluationManager.py <_prstr>179 :  Average turns   = 8.33 +- 0.29
RESULTS:: 20:27:10: root                                   pydial.py <train_command>791 :  List of domains: Laptops11
RESULTS:: 20:27:10: root                                      pydial.py <trainBatch>409 :  *** Training Iteration env1-LAP-tau_nodrop_noinco_sort_sharelast_4020_250100_shpr_1718-seed0-00.1->env1-LAP-tau_nodrop_noinco_sort_sharelast_4020_250100_shpr_1718-seed0-00.2: iter=1, error-rate=0, num-dialogs=1000 ***
RESULTS:: 20:55:30: root                               EvaluationManager.py <_prstr>179 :  Results for domain: Laptops11 --evaluated by: objective success evaluator
RESULTS:: 20:55:30: root                               EvaluationManager.py <_prstr>179 :  # of dialogues  = 1000
RESULTS:: 20:55:30: root                               EvaluationManager.py <_prstr>179 :  Average reward  = 9.77 +- 0.42
RESULTS:: 20:55:30: root                               EvaluationManager.py <_prstr>179 :  Average success = 92.30 +- 1.65
RESULTS:: 20:55:30: root                               EvaluationManager.py <_prstr>179 :  Average turns   = 8.69 +- 0.23
RESULTS:: 20:55:30: root                                   pydial.py <setEvalConfig>470 :  *** Evaluating env1-LAP-tau_nodrop_noinco_sort_sharelast_4020_250100_shpr_1718-seed0-00.2: error-rate=0 num-dialogs=500 ***
RESULTS:: 21:07:18: root                               EvaluationManager.py <_prstr>179 :  Results for domain: Laptops11 --evaluated by: objective success evaluator
RESULTS:: 21:07:18: root                               EvaluationManager.py <_prstr>179 :  # of dialogues  = 500
RESULTS:: 21:07:18: root                               EvaluationManager.py <_prstr>179 :  Average reward  = 10.48 +- 0.61
RESULTS:: 21:07:18: root                               EvaluationManager.py <_prstr>179 :  Average success = 90.80 +- 2.54
RESULTS:: 21:07:18: root                               EvaluationManager.py <_prstr>179 :  Average turns   = 7.68 +- 0.25
RESULTS:: 21:07:18: root                                   pydial.py <train_command>791 :  List of domains: Laptops11
RESULTS:: 21:07:18: root                                      pydial.py <trainBatch>409 :  *** Training Iteration env1-LAP-tau_nodrop_noinco_sort_sharelast_4020_250100_shpr_1718-seed0-00.2->env1-LAP-tau_nodrop_noinco_sort_sharelast_4020_250100_shpr_1718-seed0-00.3: iter=2, error-rate=0, num-dialogs=1000 ***
RESULTS:: 21:35:44: root                               EvaluationManager.py <_prstr>179 :  Results for domain: Laptops11 --evaluated by: objective success evaluator
RESULTS:: 21:35:44: root                               EvaluationManager.py <_prstr>179 :  # of dialogues  = 1000
RESULTS:: 21:35:44: root                               EvaluationManager.py <_prstr>179 :  Average reward  = 9.16 +- 0.50
RESULTS:: 21:35:44: root                               EvaluationManager.py <_prstr>179 :  Average success = 89.70 +- 1.89
RESULTS:: 21:35:44: root                               EvaluationManager.py <_prstr>179 :  Average turns   = 8.78 +- 0.25
RESULTS:: 21:35:44: root                                   pydial.py <setEvalConfig>470 :  *** Evaluating env1-LAP-tau_nodrop_noinco_sort_sharelast_4020_250100_shpr_1718-seed0-00.3: error-rate=0 num-dialogs=500 ***
RESULTS:: 21:46:25: root                               EvaluationManager.py <_prstr>179 :  Results for domain: Laptops11 --evaluated by: objective success evaluator
RESULTS:: 21:46:25: root                               EvaluationManager.py <_prstr>179 :  # of dialogues  = 500
RESULTS:: 21:46:25: root                               EvaluationManager.py <_prstr>179 :  Average reward  = 7.75 +- 0.81
RESULTS:: 21:46:25: root                               EvaluationManager.py <_prstr>179 :  Average success = 74.00 +- 3.85
RESULTS:: 21:46:25: root                               EvaluationManager.py <_prstr>179 :  Average turns   = 7.05 +- 0.21
RESULTS:: 21:46:25: root                                   pydial.py <train_command>791 :  List of domains: Laptops11
RESULTS:: 21:46:25: root                                      pydial.py <trainBatch>409 :  *** Training Iteration env1-LAP-tau_nodrop_noinco_sort_sharelast_4020_250100_shpr_1718-seed0-00.3->env1-LAP-tau_nodrop_noinco_sort_sharelast_4020_250100_shpr_1718-seed0-00.4: iter=3, error-rate=0, num-dialogs=1000 ***
RESULTS:: 22:14:54: root                               EvaluationManager.py <_prstr>179 :  Results for domain: Laptops11 --evaluated by: objective success evaluator
RESULTS:: 22:14:54: root                               EvaluationManager.py <_prstr>179 :  # of dialogues  = 1000
RESULTS:: 22:14:54: root                               EvaluationManager.py <_prstr>179 :  Average reward  = 9.22 +- 0.48
RESULTS:: 22:14:54: root                               EvaluationManager.py <_prstr>179 :  Average success = 90.00 +- 1.86
RESULTS:: 22:14:54: root                               EvaluationManager.py <_prstr>179 :  Average turns   = 8.78 +- 0.25
RESULTS:: 22:14:54: root                                   pydial.py <setEvalConfig>470 :  *** Evaluating env1-LAP-tau_nodrop_noinco_sort_sharelast_4020_250100_shpr_1718-seed0-00.4: error-rate=0 num-dialogs=500 ***
RESULTS:: 22:26:27: root                               EvaluationManager.py <_prstr>179 :  Results for domain: Laptops11 --evaluated by: objective success evaluator
RESULTS:: 22:26:27: root                               EvaluationManager.py <_prstr>179 :  # of dialogues  = 500
RESULTS:: 22:26:27: root                               EvaluationManager.py <_prstr>179 :  Average reward  = 6.78 +- 0.89
RESULTS:: 22:26:27: root                               EvaluationManager.py <_prstr>179 :  Average success = 72.00 +- 3.95
RESULTS:: 22:26:27: root                               EvaluationManager.py <_prstr>179 :  Average turns   = 7.62 +- 0.25
RESULTS:: 22:26:27: root                                   pydial.py <train_command>791 :  List of domains: Laptops11
RESULTS:: 22:26:27: root                                      pydial.py <trainBatch>409 :  *** Training Iteration env1-LAP-tau_nodrop_noinco_sort_sharelast_4020_250100_shpr_1718-seed0-00.4->env1-LAP-tau_nodrop_noinco_sort_sharelast_4020_250100_shpr_1718-seed0-00.5: iter=4, error-rate=0, num-dialogs=1000 ***
RESULTS:: 22:56:20: root                               EvaluationManager.py <_prstr>179 :  Results for domain: Laptops11 --evaluated by: objective success evaluator
RESULTS:: 22:56:20: root                               EvaluationManager.py <_prstr>179 :  # of dialogues  = 1000
RESULTS:: 22:56:20: root                               EvaluationManager.py <_prstr>179 :  Average reward  = 10.03 +- 0.44
RESULTS:: 22:56:20: root                               EvaluationManager.py <_prstr>179 :  Average success = 94.30 +- 1.44
RESULTS:: 22:56:20: root                               EvaluationManager.py <_prstr>179 :  Average turns   = 8.83 +- 0.26
RESULTS:: 22:56:20: root                                   pydial.py <setEvalConfig>470 :  *** Evaluating env1-LAP-tau_nodrop_noinco_sort_sharelast_4020_250100_shpr_1718-seed0-00.5: error-rate=0 num-dialogs=500 ***
RESULTS:: 23:08:51: root                               EvaluationManager.py <_prstr>179 :  Results for domain: Laptops11 --evaluated by: objective success evaluator
RESULTS:: 23:08:51: root                               EvaluationManager.py <_prstr>179 :  # of dialogues  = 500
RESULTS:: 23:08:51: root                               EvaluationManager.py <_prstr>179 :  Average reward  = 11.39 +- 0.49
RESULTS:: 23:08:51: root                               EvaluationManager.py <_prstr>179 :  Average success = 95.60 +- 1.80
RESULTS:: 23:08:51: root                               EvaluationManager.py <_prstr>179 :  Average turns   = 7.73 +- 0.26
RESULTS:: 23:08:51: root                                   pydial.py <train_command>791 :  List of domains: Laptops11
RESULTS:: 23:08:51: root                                      pydial.py <trainBatch>409 :  *** Training Iteration env1-LAP-tau_nodrop_noinco_sort_sharelast_4020_250100_shpr_1718-seed0-00.5->env1-LAP-tau_nodrop_noinco_sort_sharelast_4020_250100_shpr_1718-seed0-00.6: iter=5, error-rate=0, num-dialogs=1000 ***
RESULTS:: 23:38:21: root                               EvaluationManager.py <_prstr>179 :  Results for domain: Laptops11 --evaluated by: objective success evaluator
RESULTS:: 23:38:21: root                               EvaluationManager.py <_prstr>179 :  # of dialogues  = 1000
RESULTS:: 23:38:21: root                               EvaluationManager.py <_prstr>179 :  Average reward  = 9.40 +- 0.48
RESULTS:: 23:38:21: root                               EvaluationManager.py <_prstr>179 :  Average success = 92.10 +- 1.67
RESULTS:: 23:38:21: root                               EvaluationManager.py <_prstr>179 :  Average turns   = 9.02 +- 0.26
RESULTS:: 23:38:21: root                                   pydial.py <setEvalConfig>470 :  *** Evaluating env1-LAP-tau_nodrop_noinco_sort_sharelast_4020_250100_shpr_1718-seed0-00.6: error-rate=0 num-dialogs=500 ***
RESULTS:: 23:49:51: root                               EvaluationManager.py <_prstr>179 :  Results for domain: Laptops11 --evaluated by: objective success evaluator
RESULTS:: 23:49:51: root                               EvaluationManager.py <_prstr>179 :  # of dialogues  = 500
RESULTS:: 23:49:51: root                               EvaluationManager.py <_prstr>179 :  Average reward  = 10.55 +- 0.65
RESULTS:: 23:49:51: root                               EvaluationManager.py <_prstr>179 :  Average success = 89.80 +- 2.66
RESULTS:: 23:49:51: root                               EvaluationManager.py <_prstr>179 :  Average turns   = 7.41 +- 0.25
RESULTS:: 23:49:51: root                                   pydial.py <train_command>791 :  List of domains: Laptops11
RESULTS:: 23:49:51: root                                      pydial.py <trainBatch>409 :  *** Training Iteration env1-LAP-tau_nodrop_noinco_sort_sharelast_4020_250100_shpr_1718-seed0-00.6->env1-LAP-tau_nodrop_noinco_sort_sharelast_4020_250100_shpr_1718-seed0-00.7: iter=6, error-rate=0, num-dialogs=1000 ***
RESULTS:: 00:18:13: root                               EvaluationManager.py <_prstr>179 :  Results for domain: Laptops11 --evaluated by: objective success evaluator
RESULTS:: 00:18:13: root                               EvaluationManager.py <_prstr>179 :  # of dialogues  = 1000
RESULTS:: 00:18:13: root                               EvaluationManager.py <_prstr>179 :  Average reward  = 9.53 +- 0.48
RESULTS:: 00:18:13: root                               EvaluationManager.py <_prstr>179 :  Average success = 91.10 +- 1.77
RESULTS:: 00:18:13: root                               EvaluationManager.py <_prstr>179 :  Average turns   = 8.69 +- 0.25
RESULTS:: 00:18:13: root                                   pydial.py <setEvalConfig>470 :  *** Evaluating env1-LAP-tau_nodrop_noinco_sort_sharelast_4020_250100_shpr_1718-seed0-00.7: error-rate=0 num-dialogs=500 ***
RESULTS:: 00:30:04: root                               EvaluationManager.py <_prstr>179 :  Results for domain: Laptops11 --evaluated by: objective success evaluator
RESULTS:: 00:30:04: root                               EvaluationManager.py <_prstr>179 :  # of dialogues  = 500
RESULTS:: 00:30:04: root                               EvaluationManager.py <_prstr>179 :  Average reward  = 10.42 +- 0.62
RESULTS:: 00:30:04: root                               EvaluationManager.py <_prstr>179 :  Average success = 90.40 +- 2.59
RESULTS:: 00:30:04: root                               EvaluationManager.py <_prstr>179 :  Average turns   = 7.66 +- 0.27
RESULTS:: 00:30:04: root                                   pydial.py <train_command>791 :  List of domains: Laptops11
RESULTS:: 00:30:04: root                                      pydial.py <trainBatch>409 :  *** Training Iteration env1-LAP-tau_nodrop_noinco_sort_sharelast_4020_250100_shpr_1718-seed0-00.7->env1-LAP-tau_nodrop_noinco_sort_sharelast_4020_250100_shpr_1718-seed0-00.8: iter=7, error-rate=0, num-dialogs=1000 ***
RESULTS:: 00:59:17: root                               EvaluationManager.py <_prstr>179 :  Results for domain: Laptops11 --evaluated by: objective success evaluator
RESULTS:: 00:59:17: root                               EvaluationManager.py <_prstr>179 :  # of dialogues  = 1000
RESULTS:: 00:59:17: root                               EvaluationManager.py <_prstr>179 :  Average reward  = 8.46 +- 0.54
RESULTS:: 00:59:17: root                               EvaluationManager.py <_prstr>179 :  Average success = 86.70 +- 2.11
RESULTS:: 00:59:17: root                               EvaluationManager.py <_prstr>179 :  Average turns   = 8.88 +- 0.26
RESULTS:: 00:59:17: root                                   pydial.py <setEvalConfig>470 :  *** Evaluating env1-LAP-tau_nodrop_noinco_sort_sharelast_4020_250100_shpr_1718-seed0-00.8: error-rate=0 num-dialogs=500 ***
RESULTS:: 01:10:18: root                               EvaluationManager.py <_prstr>179 :  Results for domain: Laptops11 --evaluated by: objective success evaluator
RESULTS:: 01:10:18: root                               EvaluationManager.py <_prstr>179 :  # of dialogues  = 500
RESULTS:: 01:10:18: root                               EvaluationManager.py <_prstr>179 :  Average reward  = 9.59 +- 0.71
RESULTS:: 01:10:18: root                               EvaluationManager.py <_prstr>179 :  Average success = 83.80 +- 3.24
RESULTS:: 01:10:18: root                               EvaluationManager.py <_prstr>179 :  Average turns   = 7.17 +- 0.21
RESULTS:: 01:10:18: root                                   pydial.py <train_command>791 :  List of domains: Laptops11
RESULTS:: 01:10:18: root                                      pydial.py <trainBatch>409 :  *** Training Iteration env1-LAP-tau_nodrop_noinco_sort_sharelast_4020_250100_shpr_1718-seed0-00.8->env1-LAP-tau_nodrop_noinco_sort_sharelast_4020_250100_shpr_1718-seed0-00.9: iter=8, error-rate=0, num-dialogs=1000 ***
RESULTS:: 01:37:55: root                               EvaluationManager.py <_prstr>179 :  Results for domain: Laptops11 --evaluated by: objective success evaluator
RESULTS:: 01:37:55: root                               EvaluationManager.py <_prstr>179 :  # of dialogues  = 1000
RESULTS:: 01:37:55: root                               EvaluationManager.py <_prstr>179 :  Average reward  = 8.43 +- 0.54
RESULTS:: 01:37:55: root                               EvaluationManager.py <_prstr>179 :  Average success = 86.90 +- 2.09
RESULTS:: 01:37:55: root                               EvaluationManager.py <_prstr>179 :  Average turns   = 8.95 +- 0.26
RESULTS:: 01:37:55: root                                   pydial.py <setEvalConfig>470 :  *** Evaluating env1-LAP-tau_nodrop_noinco_sort_sharelast_4020_250100_shpr_1718-seed0-00.9: error-rate=0 num-dialogs=500 ***
RESULTS:: 01:47:51: root                               EvaluationManager.py <_prstr>179 :  Results for domain: Laptops11 --evaluated by: objective success evaluator
RESULTS:: 01:47:51: root                               EvaluationManager.py <_prstr>179 :  # of dialogues  = 500
RESULTS:: 01:47:51: root                               EvaluationManager.py <_prstr>179 :  Average reward  = 6.78 +- 0.86
RESULTS:: 01:47:51: root                               EvaluationManager.py <_prstr>179 :  Average success = 69.40 +- 4.05
RESULTS:: 01:47:51: root                               EvaluationManager.py <_prstr>179 :  Average turns   = 7.10 +- 0.20
RESULTS:: 01:47:51: root                                   pydial.py <train_command>791 :  List of domains: Laptops11
RESULTS:: 01:47:51: root                                      pydial.py <trainBatch>409 :  *** Training Iteration env1-LAP-tau_nodrop_noinco_sort_sharelast_4020_250100_shpr_1718-seed0-00.9->env1-LAP-tau_nodrop_noinco_sort_sharelast_4020_250100_shpr_1718-seed0-00.10: iter=9, error-rate=0, num-dialogs=1000 ***
RESULTS:: 02:14:10: root                               EvaluationManager.py <_prstr>179 :  Results for domain: Laptops11 --evaluated by: objective success evaluator
RESULTS:: 02:14:10: root                               EvaluationManager.py <_prstr>179 :  # of dialogues  = 1000
RESULTS:: 02:14:10: root                               EvaluationManager.py <_prstr>179 :  Average reward  = 9.40 +- 0.48
RESULTS:: 02:14:10: root                               EvaluationManager.py <_prstr>179 :  Average success = 91.20 +- 1.76
RESULTS:: 02:14:10: root                               EvaluationManager.py <_prstr>179 :  Average turns   = 8.84 +- 0.25
RESULTS:: 02:14:10: root                                   pydial.py <setEvalConfig>470 :  *** Evaluating env1-LAP-tau_nodrop_noinco_sort_sharelast_4020_250100_shpr_1718-seed0-00.10: error-rate=0 num-dialogs=500 ***
RESULTS:: 02:23:55: root                               EvaluationManager.py <_prstr>179 :  Results for domain: Laptops11 --evaluated by: objective success evaluator
RESULTS:: 02:23:55: root                               EvaluationManager.py <_prstr>179 :  # of dialogues  = 500
RESULTS:: 02:23:55: root                               EvaluationManager.py <_prstr>179 :  Average reward  = 6.41 +- 0.86
RESULTS:: 02:23:55: root                               EvaluationManager.py <_prstr>179 :  Average success = 66.80 +- 4.14
RESULTS:: 02:23:55: root                               EvaluationManager.py <_prstr>179 :  Average turns   = 6.95 +- 0.21
RESULTS:: 02:23:55: root                                   pydial.py <train_command>807 :  *** Training complete. log: env1-LAP-tau_nodrop_noinco_sort_sharelast_4020_250100_shpr_1718-seed0-00.1-10.train.log - final policy is env1-LAP-tau_nodrop_noinco_sort_sharelast_4020_250100_shpr_1718-00-10
