RESULTS:: 19:45:19: root                                   pydial.py <train_command>791 :  List of domains: Laptops11
RESULTS:: 19:45:19: root                                      pydial.py <trainBatch>409 :  *** Training Iteration env1-LAP-tau_nodrop_noinco_sort_sharelast_4020_250100_shpr_1718-seed8-00.0->env1-LAP-tau_nodrop_noinco_sort_sharelast_4020_250100_shpr_1718-seed8-00.1: iter=0, error-rate=0, num-dialogs=1000 ***
RESULTS:: 20:16:29: root                               EvaluationManager.py <_prstr>179 :  Results for domain: Laptops11 --evaluated by: objective success evaluator
RESULTS:: 20:16:29: root                               EvaluationManager.py <_prstr>179 :  # of dialogues  = 1000
RESULTS:: 20:16:29: root                               EvaluationManager.py <_prstr>179 :  Average reward  = 6.00 +- 0.67
RESULTS:: 20:16:29: root                               EvaluationManager.py <_prstr>179 :  Average success = 79.80 +- 2.49
RESULTS:: 20:16:29: root                               EvaluationManager.py <_prstr>179 :  Average turns   = 9.96 +- 0.30
RESULTS:: 20:16:29: root                                   pydial.py <setEvalConfig>470 :  *** Evaluating env1-LAP-tau_nodrop_noinco_sort_sharelast_4020_250100_shpr_1718-seed8-00.1: error-rate=0 num-dialogs=500 ***
RESULTS:: 20:27:24: root                               EvaluationManager.py <_prstr>179 :  Results for domain: Laptops11 --evaluated by: objective success evaluator
RESULTS:: 20:27:24: root                               EvaluationManager.py <_prstr>179 :  # of dialogues  = 500
RESULTS:: 20:27:24: root                               EvaluationManager.py <_prstr>179 :  Average reward  = 9.57 +- 0.74
RESULTS:: 20:27:24: root                               EvaluationManager.py <_prstr>179 :  Average success = 84.00 +- 3.22
RESULTS:: 20:27:24: root                               EvaluationManager.py <_prstr>179 :  Average turns   = 7.23 +- 0.23
RESULTS:: 20:27:24: root                                   pydial.py <train_command>791 :  List of domains: Laptops11
RESULTS:: 20:27:24: root                                      pydial.py <trainBatch>409 :  *** Training Iteration env1-LAP-tau_nodrop_noinco_sort_sharelast_4020_250100_shpr_1718-seed8-00.1->env1-LAP-tau_nodrop_noinco_sort_sharelast_4020_250100_shpr_1718-seed8-00.2: iter=1, error-rate=0, num-dialogs=1000 ***
RESULTS:: 20:56:53: root                               EvaluationManager.py <_prstr>179 :  Results for domain: Laptops11 --evaluated by: objective success evaluator
RESULTS:: 20:56:53: root                               EvaluationManager.py <_prstr>179 :  # of dialogues  = 1000
RESULTS:: 20:56:53: root                               EvaluationManager.py <_prstr>179 :  Average reward  = 9.32 +- 0.49
RESULTS:: 20:56:53: root                               EvaluationManager.py <_prstr>179 :  Average success = 92.20 +- 1.66
RESULTS:: 20:56:53: root                               EvaluationManager.py <_prstr>179 :  Average turns   = 9.12 +- 0.27
RESULTS:: 20:56:53: root                                   pydial.py <setEvalConfig>470 :  *** Evaluating env1-LAP-tau_nodrop_noinco_sort_sharelast_4020_250100_shpr_1718-seed8-00.2: error-rate=0 num-dialogs=500 ***
RESULTS:: 21:08:41: root                               EvaluationManager.py <_prstr>179 :  Results for domain: Laptops11 --evaluated by: objective success evaluator
RESULTS:: 21:08:41: root                               EvaluationManager.py <_prstr>179 :  # of dialogues  = 500
RESULTS:: 21:08:41: root                               EvaluationManager.py <_prstr>179 :  Average reward  = 9.43 +- 0.68
RESULTS:: 21:08:41: root                               EvaluationManager.py <_prstr>179 :  Average success = 86.40 +- 3.01
RESULTS:: 21:08:41: root                               EvaluationManager.py <_prstr>179 :  Average turns   = 7.85 +- 0.24
RESULTS:: 21:08:41: root                                   pydial.py <train_command>791 :  List of domains: Laptops11
RESULTS:: 21:08:41: root                                      pydial.py <trainBatch>409 :  *** Training Iteration env1-LAP-tau_nodrop_noinco_sort_sharelast_4020_250100_shpr_1718-seed8-00.2->env1-LAP-tau_nodrop_noinco_sort_sharelast_4020_250100_shpr_1718-seed8-00.3: iter=2, error-rate=0, num-dialogs=1000 ***
RESULTS:: 21:37:41: root                               EvaluationManager.py <_prstr>179 :  Results for domain: Laptops11 --evaluated by: objective success evaluator
RESULTS:: 21:37:41: root                               EvaluationManager.py <_prstr>179 :  # of dialogues  = 1000
RESULTS:: 21:37:41: root                               EvaluationManager.py <_prstr>179 :  Average reward  = 9.68 +- 0.46
RESULTS:: 21:37:41: root                               EvaluationManager.py <_prstr>179 :  Average success = 93.40 +- 1.54
RESULTS:: 21:37:41: root                               EvaluationManager.py <_prstr>179 :  Average turns   = 9.00 +- 0.26
RESULTS:: 21:37:41: root                                   pydial.py <setEvalConfig>470 :  *** Evaluating env1-LAP-tau_nodrop_noinco_sort_sharelast_4020_250100_shpr_1718-seed8-00.3: error-rate=0 num-dialogs=500 ***
RESULTS:: 21:48:50: root                               EvaluationManager.py <_prstr>179 :  Results for domain: Laptops11 --evaluated by: objective success evaluator
RESULTS:: 21:48:50: root                               EvaluationManager.py <_prstr>179 :  # of dialogues  = 500
RESULTS:: 21:48:50: root                               EvaluationManager.py <_prstr>179 :  Average reward  = 7.63 +- 0.80
RESULTS:: 21:48:50: root                               EvaluationManager.py <_prstr>179 :  Average success = 74.80 +- 3.81
RESULTS:: 21:48:50: root                               EvaluationManager.py <_prstr>179 :  Average turns   = 7.33 +- 0.22
RESULTS:: 21:48:50: root                                   pydial.py <train_command>791 :  List of domains: Laptops11
RESULTS:: 21:48:50: root                                      pydial.py <trainBatch>409 :  *** Training Iteration env1-LAP-tau_nodrop_noinco_sort_sharelast_4020_250100_shpr_1718-seed8-00.3->env1-LAP-tau_nodrop_noinco_sort_sharelast_4020_250100_shpr_1718-seed8-00.4: iter=3, error-rate=0, num-dialogs=1000 ***
RESULTS:: 22:17:16: root                               EvaluationManager.py <_prstr>179 :  Results for domain: Laptops11 --evaluated by: objective success evaluator
RESULTS:: 22:17:16: root                               EvaluationManager.py <_prstr>179 :  # of dialogues  = 1000
RESULTS:: 22:17:16: root                               EvaluationManager.py <_prstr>179 :  Average reward  = 9.41 +- 0.46
RESULTS:: 22:17:16: root                               EvaluationManager.py <_prstr>179 :  Average success = 90.90 +- 1.78
RESULTS:: 22:17:16: root                               EvaluationManager.py <_prstr>179 :  Average turns   = 8.77 +- 0.25
RESULTS:: 22:17:16: root                                   pydial.py <setEvalConfig>470 :  *** Evaluating env1-LAP-tau_nodrop_noinco_sort_sharelast_4020_250100_shpr_1718-seed8-00.4: error-rate=0 num-dialogs=500 ***
RESULTS:: 22:28:58: root                               EvaluationManager.py <_prstr>179 :  Results for domain: Laptops11 --evaluated by: objective success evaluator
RESULTS:: 22:28:58: root                               EvaluationManager.py <_prstr>179 :  # of dialogues  = 500
RESULTS:: 22:28:58: root                               EvaluationManager.py <_prstr>179 :  Average reward  = 9.96 +- 0.67
RESULTS:: 22:28:58: root                               EvaluationManager.py <_prstr>179 :  Average success = 88.00 +- 2.86
RESULTS:: 22:28:58: root                               EvaluationManager.py <_prstr>179 :  Average turns   = 7.64 +- 0.26
RESULTS:: 22:28:58: root                                   pydial.py <train_command>791 :  List of domains: Laptops11
RESULTS:: 22:28:58: root                                      pydial.py <trainBatch>409 :  *** Training Iteration env1-LAP-tau_nodrop_noinco_sort_sharelast_4020_250100_shpr_1718-seed8-00.4->env1-LAP-tau_nodrop_noinco_sort_sharelast_4020_250100_shpr_1718-seed8-00.5: iter=4, error-rate=0, num-dialogs=1000 ***
RESULTS:: 23:00:03: root                               EvaluationManager.py <_prstr>179 :  Results for domain: Laptops11 --evaluated by: objective success evaluator
RESULTS:: 23:00:03: root                               EvaluationManager.py <_prstr>179 :  # of dialogues  = 1000
RESULTS:: 23:00:03: root                               EvaluationManager.py <_prstr>179 :  Average reward  = 9.48 +- 0.45
RESULTS:: 23:00:03: root                               EvaluationManager.py <_prstr>179 :  Average success = 92.40 +- 1.64
RESULTS:: 23:00:03: root                               EvaluationManager.py <_prstr>179 :  Average turns   = 9.00 +- 0.26
RESULTS:: 23:00:03: root                                   pydial.py <setEvalConfig>470 :  *** Evaluating env1-LAP-tau_nodrop_noinco_sort_sharelast_4020_250100_shpr_1718-seed8-00.5: error-rate=0 num-dialogs=500 ***
RESULTS:: 23:11:08: root                               EvaluationManager.py <_prstr>179 :  Results for domain: Laptops11 --evaluated by: objective success evaluator
RESULTS:: 23:11:08: root                               EvaluationManager.py <_prstr>179 :  # of dialogues  = 500
RESULTS:: 23:11:08: root                               EvaluationManager.py <_prstr>179 :  Average reward  = 11.27 +- 0.54
RESULTS:: 23:11:08: root                               EvaluationManager.py <_prstr>179 :  Average success = 92.20 +- 2.36
RESULTS:: 23:11:08: root                               EvaluationManager.py <_prstr>179 :  Average turns   = 7.17 +- 0.21
RESULTS:: 23:11:08: root                                   pydial.py <train_command>791 :  List of domains: Laptops11
RESULTS:: 23:11:08: root                                      pydial.py <trainBatch>409 :  *** Training Iteration env1-LAP-tau_nodrop_noinco_sort_sharelast_4020_250100_shpr_1718-seed8-00.5->env1-LAP-tau_nodrop_noinco_sort_sharelast_4020_250100_shpr_1718-seed8-00.6: iter=5, error-rate=0, num-dialogs=1000 ***
RESULTS:: 23:40:25: root                               EvaluationManager.py <_prstr>179 :  Results for domain: Laptops11 --evaluated by: objective success evaluator
RESULTS:: 23:40:25: root                               EvaluationManager.py <_prstr>179 :  # of dialogues  = 1000
RESULTS:: 23:40:25: root                               EvaluationManager.py <_prstr>179 :  Average reward  = 10.04 +- 0.43
RESULTS:: 23:40:25: root                               EvaluationManager.py <_prstr>179 :  Average success = 95.40 +- 1.30
RESULTS:: 23:40:25: root                               EvaluationManager.py <_prstr>179 :  Average turns   = 9.04 +- 0.27
RESULTS:: 23:40:25: root                                   pydial.py <setEvalConfig>470 :  *** Evaluating env1-LAP-tau_nodrop_noinco_sort_sharelast_4020_250100_shpr_1718-seed8-00.6: error-rate=0 num-dialogs=500 ***
RESULTS:: 23:52:15: root                               EvaluationManager.py <_prstr>179 :  Results for domain: Laptops11 --evaluated by: objective success evaluator
RESULTS:: 23:52:15: root                               EvaluationManager.py <_prstr>179 :  # of dialogues  = 500
RESULTS:: 23:52:15: root                               EvaluationManager.py <_prstr>179 :  Average reward  = 11.95 +- 0.41
RESULTS:: 23:52:15: root                               EvaluationManager.py <_prstr>179 :  Average success = 98.00 +- 1.23
RESULTS:: 23:52:15: root                               EvaluationManager.py <_prstr>179 :  Average turns   = 7.65 +- 0.27
RESULTS:: 23:52:15: root                                   pydial.py <train_command>791 :  List of domains: Laptops11
RESULTS:: 23:52:15: root                                      pydial.py <trainBatch>409 :  *** Training Iteration env1-LAP-tau_nodrop_noinco_sort_sharelast_4020_250100_shpr_1718-seed8-00.6->env1-LAP-tau_nodrop_noinco_sort_sharelast_4020_250100_shpr_1718-seed8-00.7: iter=6, error-rate=0, num-dialogs=1000 ***
RESULTS:: 00:20:59: root                               EvaluationManager.py <_prstr>179 :  Results for domain: Laptops11 --evaluated by: objective success evaluator
RESULTS:: 00:20:59: root                               EvaluationManager.py <_prstr>179 :  # of dialogues  = 1000
RESULTS:: 00:20:59: root                               EvaluationManager.py <_prstr>179 :  Average reward  = 9.80 +- 0.46
RESULTS:: 00:20:59: root                               EvaluationManager.py <_prstr>179 :  Average success = 93.20 +- 1.56
RESULTS:: 00:20:59: root                               EvaluationManager.py <_prstr>179 :  Average turns   = 8.84 +- 0.26
RESULTS:: 00:20:59: root                                   pydial.py <setEvalConfig>470 :  *** Evaluating env1-LAP-tau_nodrop_noinco_sort_sharelast_4020_250100_shpr_1718-seed8-00.7: error-rate=0 num-dialogs=500 ***
RESULTS:: 00:32:25: root                               EvaluationManager.py <_prstr>179 :  Results for domain: Laptops11 --evaluated by: objective success evaluator
RESULTS:: 00:32:25: root                               EvaluationManager.py <_prstr>179 :  # of dialogues  = 500
RESULTS:: 00:32:25: root                               EvaluationManager.py <_prstr>179 :  Average reward  = 9.76 +- 0.67
RESULTS:: 00:32:25: root                               EvaluationManager.py <_prstr>179 :  Average success = 85.80 +- 3.07
RESULTS:: 00:32:25: root                               EvaluationManager.py <_prstr>179 :  Average turns   = 7.40 +- 0.26
RESULTS:: 00:32:25: root                                   pydial.py <train_command>791 :  List of domains: Laptops11
RESULTS:: 00:32:25: root                                      pydial.py <trainBatch>409 :  *** Training Iteration env1-LAP-tau_nodrop_noinco_sort_sharelast_4020_250100_shpr_1718-seed8-00.7->env1-LAP-tau_nodrop_noinco_sort_sharelast_4020_250100_shpr_1718-seed8-00.8: iter=7, error-rate=0, num-dialogs=1000 ***
RESULTS:: 01:02:18: root                               EvaluationManager.py <_prstr>179 :  Results for domain: Laptops11 --evaluated by: objective success evaluator
RESULTS:: 01:02:18: root                               EvaluationManager.py <_prstr>179 :  # of dialogues  = 1000
RESULTS:: 01:02:18: root                               EvaluationManager.py <_prstr>179 :  Average reward  = 9.35 +- 0.46
RESULTS:: 01:02:18: root                               EvaluationManager.py <_prstr>179 :  Average success = 92.40 +- 1.64
RESULTS:: 01:02:18: root                               EvaluationManager.py <_prstr>179 :  Average turns   = 9.13 +- 0.26
RESULTS:: 01:02:18: root                                   pydial.py <setEvalConfig>470 :  *** Evaluating env1-LAP-tau_nodrop_noinco_sort_sharelast_4020_250100_shpr_1718-seed8-00.8: error-rate=0 num-dialogs=500 ***
RESULTS:: 01:13:43: root                               EvaluationManager.py <_prstr>179 :  Results for domain: Laptops11 --evaluated by: objective success evaluator
RESULTS:: 01:13:43: root                               EvaluationManager.py <_prstr>179 :  # of dialogues  = 500
RESULTS:: 01:13:43: root                               EvaluationManager.py <_prstr>179 :  Average reward  = 10.13 +- 0.69
RESULTS:: 01:13:43: root                               EvaluationManager.py <_prstr>179 :  Average success = 87.60 +- 2.90
RESULTS:: 01:13:43: root                               EvaluationManager.py <_prstr>179 :  Average turns   = 7.39 +- 0.26
RESULTS:: 01:13:43: root                                   pydial.py <train_command>791 :  List of domains: Laptops11
RESULTS:: 01:13:43: root                                      pydial.py <trainBatch>409 :  *** Training Iteration env1-LAP-tau_nodrop_noinco_sort_sharelast_4020_250100_shpr_1718-seed8-00.8->env1-LAP-tau_nodrop_noinco_sort_sharelast_4020_250100_shpr_1718-seed8-00.9: iter=8, error-rate=0, num-dialogs=1000 ***
RESULTS:: 01:42:16: root                               EvaluationManager.py <_prstr>179 :  Results for domain: Laptops11 --evaluated by: objective success evaluator
RESULTS:: 01:42:16: root                               EvaluationManager.py <_prstr>179 :  # of dialogues  = 1000
RESULTS:: 01:42:16: root                               EvaluationManager.py <_prstr>179 :  Average reward  = 9.74 +- 0.48
RESULTS:: 01:42:16: root                               EvaluationManager.py <_prstr>179 :  Average success = 92.60 +- 1.62
RESULTS:: 01:42:16: root                               EvaluationManager.py <_prstr>179 :  Average turns   = 8.78 +- 0.26
RESULTS:: 01:42:16: root                                   pydial.py <setEvalConfig>470 :  *** Evaluating env1-LAP-tau_nodrop_noinco_sort_sharelast_4020_250100_shpr_1718-seed8-00.9: error-rate=0 num-dialogs=500 ***
RESULTS:: 01:53:21: root                               EvaluationManager.py <_prstr>179 :  Results for domain: Laptops11 --evaluated by: objective success evaluator
RESULTS:: 01:53:21: root                               EvaluationManager.py <_prstr>179 :  # of dialogues  = 500
RESULTS:: 01:53:21: root                               EvaluationManager.py <_prstr>179 :  Average reward  = 10.36 +- 0.65
RESULTS:: 01:53:21: root                               EvaluationManager.py <_prstr>179 :  Average success = 88.00 +- 2.86
RESULTS:: 01:53:21: root                               EvaluationManager.py <_prstr>179 :  Average turns   = 7.24 +- 0.22
RESULTS:: 01:53:21: root                                   pydial.py <train_command>791 :  List of domains: Laptops11
RESULTS:: 01:53:21: root                                      pydial.py <trainBatch>409 :  *** Training Iteration env1-LAP-tau_nodrop_noinco_sort_sharelast_4020_250100_shpr_1718-seed8-00.9->env1-LAP-tau_nodrop_noinco_sort_sharelast_4020_250100_shpr_1718-seed8-00.10: iter=9, error-rate=0, num-dialogs=1000 ***
RESULTS:: 02:22:06: root                               EvaluationManager.py <_prstr>179 :  Results for domain: Laptops11 --evaluated by: objective success evaluator
RESULTS:: 02:22:06: root                               EvaluationManager.py <_prstr>179 :  # of dialogues  = 1000
RESULTS:: 02:22:06: root                               EvaluationManager.py <_prstr>179 :  Average reward  = 9.38 +- 0.51
RESULTS:: 02:22:06: root                               EvaluationManager.py <_prstr>179 :  Average success = 91.50 +- 1.73
RESULTS:: 02:22:06: root                               EvaluationManager.py <_prstr>179 :  Average turns   = 8.92 +- 0.27
RESULTS:: 02:22:06: root                                   pydial.py <setEvalConfig>470 :  *** Evaluating env1-LAP-tau_nodrop_noinco_sort_sharelast_4020_250100_shpr_1718-seed8-00.10: error-rate=0 num-dialogs=500 ***
RESULTS:: 02:33:48: root                               EvaluationManager.py <_prstr>179 :  Results for domain: Laptops11 --evaluated by: objective success evaluator
RESULTS:: 02:33:48: root                               EvaluationManager.py <_prstr>179 :  # of dialogues  = 500
RESULTS:: 02:33:48: root                               EvaluationManager.py <_prstr>179 :  Average reward  = 8.45 +- 0.80
RESULTS:: 02:33:48: root                               EvaluationManager.py <_prstr>179 :  Average success = 81.60 +- 3.40
RESULTS:: 02:33:48: root                               EvaluationManager.py <_prstr>179 :  Average turns   = 7.87 +- 0.27
RESULTS:: 02:33:48: root                                   pydial.py <train_command>807 :  *** Training complete. log: env1-LAP-tau_nodrop_noinco_sort_sharelast_4020_250100_shpr_1718-seed8-00.1-10.train.log - final policy is env1-LAP-tau_nodrop_noinco_sort_sharelast_4020_250100_shpr_1718-00-10
