RESULTS:: 11:43:19: root                                   pydial.py <train_command>791 :  List of domains: Laptops11
RESULTS:: 11:43:19: root                                      pydial.py <trainBatch>409 :  *** Training Iteration env1-LAP-tau_nodrop_sort_4020_250100-seed6-00.0->env1-LAP-tau_nodrop_sort_4020_250100-seed6-00.1: iter=0, error-rate=0, num-dialogs=1000 ***
RESULTS:: 12:22:25: root                               EvaluationManager.py <_prstr>179 :  Results for domain: Laptops11 --evaluated by: objective success evaluator
RESULTS:: 12:22:25: root                               EvaluationManager.py <_prstr>179 :  # of dialogues  = 1000
RESULTS:: 12:22:25: root                               EvaluationManager.py <_prstr>179 :  Average reward  = 5.85 +- 0.65
RESULTS:: 12:22:25: root                               EvaluationManager.py <_prstr>179 :  Average success = 75.40 +- 2.67
RESULTS:: 12:22:25: root                               EvaluationManager.py <_prstr>179 :  Average turns   = 9.23 +- 0.26
RESULTS:: 12:22:25: root                                   pydial.py <setEvalConfig>470 :  *** Evaluating env1-LAP-tau_nodrop_sort_4020_250100-seed6-00.1: error-rate=0 num-dialogs=500 ***
RESULTS:: 12:37:21: root                               EvaluationManager.py <_prstr>179 :  Results for domain: Laptops11 --evaluated by: objective success evaluator
RESULTS:: 12:37:21: root                               EvaluationManager.py <_prstr>179 :  # of dialogues  = 500
RESULTS:: 12:37:21: root                               EvaluationManager.py <_prstr>179 :  Average reward  = 11.87 +- 0.43
RESULTS:: 12:37:21: root                               EvaluationManager.py <_prstr>179 :  Average success = 97.80 +- 1.29
RESULTS:: 12:37:21: root                               EvaluationManager.py <_prstr>179 :  Average turns   = 7.69 +- 0.28
RESULTS:: 12:37:21: root                                   pydial.py <train_command>791 :  List of domains: Laptops11
RESULTS:: 12:37:21: root                                      pydial.py <trainBatch>409 :  *** Training Iteration env1-LAP-tau_nodrop_sort_4020_250100-seed6-00.1->env1-LAP-tau_nodrop_sort_4020_250100-seed6-00.2: iter=1, error-rate=0, num-dialogs=1000 ***
RESULTS:: 13:12:28: root                               EvaluationManager.py <_prstr>179 :  Results for domain: Laptops11 --evaluated by: objective success evaluator
RESULTS:: 13:12:28: root                               EvaluationManager.py <_prstr>179 :  # of dialogues  = 1000
RESULTS:: 13:12:28: root                               EvaluationManager.py <_prstr>179 :  Average reward  = 9.31 +- 0.50
RESULTS:: 13:12:28: root                               EvaluationManager.py <_prstr>179 :  Average success = 91.30 +- 1.75
RESULTS:: 13:12:28: root                               EvaluationManager.py <_prstr>179 :  Average turns   = 8.95 +- 0.26
RESULTS:: 13:12:28: root                                   pydial.py <setEvalConfig>470 :  *** Evaluating env1-LAP-tau_nodrop_sort_4020_250100-seed6-00.2: error-rate=0 num-dialogs=500 ***
RESULTS:: 13:27:01: root                               EvaluationManager.py <_prstr>179 :  Results for domain: Laptops11 --evaluated by: objective success evaluator
RESULTS:: 13:27:01: root                               EvaluationManager.py <_prstr>179 :  # of dialogues  = 500
RESULTS:: 13:27:01: root                               EvaluationManager.py <_prstr>179 :  Average reward  = 11.78 +- 0.47
RESULTS:: 13:27:01: root                               EvaluationManager.py <_prstr>179 :  Average success = 96.20 +- 1.68
RESULTS:: 13:27:01: root                               EvaluationManager.py <_prstr>179 :  Average turns   = 7.46 +- 0.27
RESULTS:: 13:27:01: root                                   pydial.py <train_command>791 :  List of domains: Laptops11
RESULTS:: 13:27:01: root                                      pydial.py <trainBatch>409 :  *** Training Iteration env1-LAP-tau_nodrop_sort_4020_250100-seed6-00.2->env1-LAP-tau_nodrop_sort_4020_250100-seed6-00.3: iter=2, error-rate=0, num-dialogs=1000 ***
RESULTS:: 14:02:31: root                               EvaluationManager.py <_prstr>179 :  Results for domain: Laptops11 --evaluated by: objective success evaluator
RESULTS:: 14:02:31: root                               EvaluationManager.py <_prstr>179 :  # of dialogues  = 1000
RESULTS:: 14:02:31: root                               EvaluationManager.py <_prstr>179 :  Average reward  = 9.67 +- 0.50
RESULTS:: 14:02:31: root                               EvaluationManager.py <_prstr>179 :  Average success = 93.40 +- 1.54
RESULTS:: 14:02:31: root                               EvaluationManager.py <_prstr>179 :  Average turns   = 9.01 +- 0.27
RESULTS:: 14:02:31: root                                   pydial.py <setEvalConfig>470 :  *** Evaluating env1-LAP-tau_nodrop_sort_4020_250100-seed6-00.3: error-rate=0 num-dialogs=500 ***
RESULTS:: 14:17:28: root                               EvaluationManager.py <_prstr>179 :  Results for domain: Laptops11 --evaluated by: objective success evaluator
RESULTS:: 14:17:28: root                               EvaluationManager.py <_prstr>179 :  # of dialogues  = 500
RESULTS:: 14:17:28: root                               EvaluationManager.py <_prstr>179 :  Average reward  = 11.93 +- 0.40
RESULTS:: 14:17:28: root                               EvaluationManager.py <_prstr>179 :  Average success = 98.00 +- 1.23
RESULTS:: 14:17:28: root                               EvaluationManager.py <_prstr>179 :  Average turns   = 7.67 +- 0.30
RESULTS:: 14:17:28: root                                   pydial.py <train_command>791 :  List of domains: Laptops11
RESULTS:: 14:17:28: root                                      pydial.py <trainBatch>409 :  *** Training Iteration env1-LAP-tau_nodrop_sort_4020_250100-seed6-00.3->env1-LAP-tau_nodrop_sort_4020_250100-seed6-00.4: iter=3, error-rate=0, num-dialogs=1000 ***
RESULTS:: 14:52:18: root                               EvaluationManager.py <_prstr>179 :  Results for domain: Laptops11 --evaluated by: objective success evaluator
RESULTS:: 14:52:18: root                               EvaluationManager.py <_prstr>179 :  # of dialogues  = 1000
RESULTS:: 14:52:18: root                               EvaluationManager.py <_prstr>179 :  Average reward  = 9.61 +- 0.49
RESULTS:: 14:52:18: root                               EvaluationManager.py <_prstr>179 :  Average success = 92.50 +- 1.63
RESULTS:: 14:52:18: root                               EvaluationManager.py <_prstr>179 :  Average turns   = 8.89 +- 0.26
RESULTS:: 14:52:18: root                                   pydial.py <setEvalConfig>470 :  *** Evaluating env1-LAP-tau_nodrop_sort_4020_250100-seed6-00.4: error-rate=0 num-dialogs=500 ***
RESULTS:: 15:06:54: root                               EvaluationManager.py <_prstr>179 :  Results for domain: Laptops11 --evaluated by: objective success evaluator
RESULTS:: 15:06:54: root                               EvaluationManager.py <_prstr>179 :  # of dialogues  = 500
RESULTS:: 15:06:54: root                               EvaluationManager.py <_prstr>179 :  Average reward  = 11.69 +- 0.52
RESULTS:: 15:06:54: root                               EvaluationManager.py <_prstr>179 :  Average success = 96.20 +- 1.68
RESULTS:: 15:06:54: root                               EvaluationManager.py <_prstr>179 :  Average turns   = 7.55 +- 0.30
RESULTS:: 15:06:54: root                                   pydial.py <train_command>791 :  List of domains: Laptops11
RESULTS:: 15:06:54: root                                      pydial.py <trainBatch>409 :  *** Training Iteration env1-LAP-tau_nodrop_sort_4020_250100-seed6-00.4->env1-LAP-tau_nodrop_sort_4020_250100-seed6-00.5: iter=4, error-rate=0, num-dialogs=1000 ***
RESULTS:: 15:40:59: root                               EvaluationManager.py <_prstr>179 :  Results for domain: Laptops11 --evaluated by: objective success evaluator
RESULTS:: 15:40:59: root                               EvaluationManager.py <_prstr>179 :  # of dialogues  = 1000
RESULTS:: 15:40:59: root                               EvaluationManager.py <_prstr>179 :  Average reward  = 9.89 +- 0.44
RESULTS:: 15:40:59: root                               EvaluationManager.py <_prstr>179 :  Average success = 93.00 +- 1.58
RESULTS:: 15:40:59: root                               EvaluationManager.py <_prstr>179 :  Average turns   = 8.71 +- 0.25
RESULTS:: 15:40:59: root                                   pydial.py <setEvalConfig>470 :  *** Evaluating env1-LAP-tau_nodrop_sort_4020_250100-seed6-00.5: error-rate=0 num-dialogs=500 ***
RESULTS:: 15:55:53: root                               EvaluationManager.py <_prstr>179 :  Results for domain: Laptops11 --evaluated by: objective success evaluator
RESULTS:: 15:55:53: root                               EvaluationManager.py <_prstr>179 :  # of dialogues  = 500
RESULTS:: 15:55:53: root                               EvaluationManager.py <_prstr>179 :  Average reward  = 9.60 +- 0.72
RESULTS:: 15:55:53: root                               EvaluationManager.py <_prstr>179 :  Average success = 86.80 +- 2.97
RESULTS:: 15:55:53: root                               EvaluationManager.py <_prstr>179 :  Average turns   = 7.76 +- 0.27
RESULTS:: 15:55:53: root                                   pydial.py <train_command>791 :  List of domains: Laptops11
RESULTS:: 15:55:53: root                                      pydial.py <trainBatch>409 :  *** Training Iteration env1-LAP-tau_nodrop_sort_4020_250100-seed6-00.5->env1-LAP-tau_nodrop_sort_4020_250100-seed6-00.6: iter=5, error-rate=0, num-dialogs=1000 ***
RESULTS:: 16:31:07: root                               EvaluationManager.py <_prstr>179 :  Results for domain: Laptops11 --evaluated by: objective success evaluator
RESULTS:: 16:31:07: root                               EvaluationManager.py <_prstr>179 :  # of dialogues  = 1000
RESULTS:: 16:31:07: root                               EvaluationManager.py <_prstr>179 :  Average reward  = 9.71 +- 0.47
RESULTS:: 16:31:07: root                               EvaluationManager.py <_prstr>179 :  Average success = 93.70 +- 1.51
RESULTS:: 16:31:07: root                               EvaluationManager.py <_prstr>179 :  Average turns   = 9.03 +- 0.28
RESULTS:: 16:31:07: root                                   pydial.py <setEvalConfig>470 :  *** Evaluating env1-LAP-tau_nodrop_sort_4020_250100-seed6-00.6: error-rate=0 num-dialogs=500 ***
RESULTS:: 16:44:59: root                               EvaluationManager.py <_prstr>179 :  Results for domain: Laptops11 --evaluated by: objective success evaluator
RESULTS:: 16:44:59: root                               EvaluationManager.py <_prstr>179 :  # of dialogues  = 500
RESULTS:: 16:44:59: root                               EvaluationManager.py <_prstr>179 :  Average reward  = 12.10 +- 0.47
RESULTS:: 16:44:59: root                               EvaluationManager.py <_prstr>179 :  Average success = 96.40 +- 1.64
RESULTS:: 16:44:59: root                               EvaluationManager.py <_prstr>179 :  Average turns   = 7.18 +- 0.26
RESULTS:: 16:44:59: root                                   pydial.py <train_command>791 :  List of domains: Laptops11
RESULTS:: 16:44:59: root                                      pydial.py <trainBatch>409 :  *** Training Iteration env1-LAP-tau_nodrop_sort_4020_250100-seed6-00.6->env1-LAP-tau_nodrop_sort_4020_250100-seed6-00.7: iter=6, error-rate=0, num-dialogs=1000 ***
RESULTS:: 17:21:09: root                               EvaluationManager.py <_prstr>179 :  Results for domain: Laptops11 --evaluated by: objective success evaluator
RESULTS:: 17:21:09: root                               EvaluationManager.py <_prstr>179 :  # of dialogues  = 1000
RESULTS:: 17:21:09: root                               EvaluationManager.py <_prstr>179 :  Average reward  = 9.39 +- 0.48
RESULTS:: 17:21:09: root                               EvaluationManager.py <_prstr>179 :  Average success = 93.00 +- 1.58
RESULTS:: 17:21:09: root                               EvaluationManager.py <_prstr>179 :  Average turns   = 9.21 +- 0.27
RESULTS:: 17:21:09: root                                   pydial.py <setEvalConfig>470 :  *** Evaluating env1-LAP-tau_nodrop_sort_4020_250100-seed6-00.7: error-rate=0 num-dialogs=500 ***
RESULTS:: 17:35:47: root                               EvaluationManager.py <_prstr>179 :  Results for domain: Laptops11 --evaluated by: objective success evaluator
RESULTS:: 17:35:47: root                               EvaluationManager.py <_prstr>179 :  # of dialogues  = 500
RESULTS:: 17:35:47: root                               EvaluationManager.py <_prstr>179 :  Average reward  = 11.34 +- 0.57
RESULTS:: 17:35:47: root                               EvaluationManager.py <_prstr>179 :  Average success = 94.60 +- 1.99
RESULTS:: 17:35:47: root                               EvaluationManager.py <_prstr>179 :  Average turns   = 7.58 +- 0.30
RESULTS:: 17:35:47: root                                   pydial.py <train_command>791 :  List of domains: Laptops11
RESULTS:: 17:35:47: root                                      pydial.py <trainBatch>409 :  *** Training Iteration env1-LAP-tau_nodrop_sort_4020_250100-seed6-00.7->env1-LAP-tau_nodrop_sort_4020_250100-seed6-00.8: iter=7, error-rate=0, num-dialogs=1000 ***
RESULTS:: 18:12:02: root                               EvaluationManager.py <_prstr>179 :  Results for domain: Laptops11 --evaluated by: objective success evaluator
RESULTS:: 18:12:02: root                               EvaluationManager.py <_prstr>179 :  # of dialogues  = 1000
RESULTS:: 18:12:02: root                               EvaluationManager.py <_prstr>179 :  Average reward  = 9.01 +- 0.53
RESULTS:: 18:12:02: root                               EvaluationManager.py <_prstr>179 :  Average success = 91.60 +- 1.72
RESULTS:: 18:12:02: root                               EvaluationManager.py <_prstr>179 :  Average turns   = 9.31 +- 0.29
RESULTS:: 18:12:02: root                                   pydial.py <setEvalConfig>470 :  *** Evaluating env1-LAP-tau_nodrop_sort_4020_250100-seed6-00.8: error-rate=0 num-dialogs=500 ***
RESULTS:: 18:26:27: root                               EvaluationManager.py <_prstr>179 :  Results for domain: Laptops11 --evaluated by: objective success evaluator
RESULTS:: 18:26:27: root                               EvaluationManager.py <_prstr>179 :  # of dialogues  = 500
RESULTS:: 18:26:27: root                               EvaluationManager.py <_prstr>179 :  Average reward  = 12.00 +- 0.46
RESULTS:: 18:26:27: root                               EvaluationManager.py <_prstr>179 :  Average success = 97.20 +- 1.45
RESULTS:: 18:26:27: root                               EvaluationManager.py <_prstr>179 :  Average turns   = 7.44 +- 0.27
RESULTS:: 18:26:27: root                                   pydial.py <train_command>791 :  List of domains: Laptops11
RESULTS:: 18:26:27: root                                      pydial.py <trainBatch>409 :  *** Training Iteration env1-LAP-tau_nodrop_sort_4020_250100-seed6-00.8->env1-LAP-tau_nodrop_sort_4020_250100-seed6-00.9: iter=8, error-rate=0, num-dialogs=1000 ***
RESULTS:: 19:01:08: root                               EvaluationManager.py <_prstr>179 :  Results for domain: Laptops11 --evaluated by: objective success evaluator
RESULTS:: 19:01:08: root                               EvaluationManager.py <_prstr>179 :  # of dialogues  = 1000
RESULTS:: 19:01:08: root                               EvaluationManager.py <_prstr>179 :  Average reward  = 9.91 +- 0.46
RESULTS:: 19:01:08: root                               EvaluationManager.py <_prstr>179 :  Average success = 93.80 +- 1.50
RESULTS:: 19:01:08: root                               EvaluationManager.py <_prstr>179 :  Average turns   = 8.85 +- 0.26
RESULTS:: 19:01:08: root                                   pydial.py <setEvalConfig>470 :  *** Evaluating env1-LAP-tau_nodrop_sort_4020_250100-seed6-00.9: error-rate=0 num-dialogs=500 ***
RESULTS:: 19:15:56: root                               EvaluationManager.py <_prstr>179 :  Results for domain: Laptops11 --evaluated by: objective success evaluator
RESULTS:: 19:15:56: root                               EvaluationManager.py <_prstr>179 :  # of dialogues  = 500
RESULTS:: 19:15:56: root                               EvaluationManager.py <_prstr>179 :  Average reward  = 11.87 +- 0.46
RESULTS:: 19:15:56: root                               EvaluationManager.py <_prstr>179 :  Average success = 97.60 +- 1.34
RESULTS:: 19:15:56: root                               EvaluationManager.py <_prstr>179 :  Average turns   = 7.65 +- 0.30
RESULTS:: 19:15:56: root                                   pydial.py <train_command>791 :  List of domains: Laptops11
RESULTS:: 19:15:56: root                                      pydial.py <trainBatch>409 :  *** Training Iteration env1-LAP-tau_nodrop_sort_4020_250100-seed6-00.9->env1-LAP-tau_nodrop_sort_4020_250100-seed6-00.10: iter=9, error-rate=0, num-dialogs=1000 ***
RESULTS:: 19:51:50: root                               EvaluationManager.py <_prstr>179 :  Results for domain: Laptops11 --evaluated by: objective success evaluator
RESULTS:: 19:51:50: root                               EvaluationManager.py <_prstr>179 :  # of dialogues  = 1000
RESULTS:: 19:51:50: root                               EvaluationManager.py <_prstr>179 :  Average reward  = 9.19 +- 0.51
RESULTS:: 19:51:50: root                               EvaluationManager.py <_prstr>179 :  Average success = 92.00 +- 1.68
RESULTS:: 19:51:50: root                               EvaluationManager.py <_prstr>179 :  Average turns   = 9.21 +- 0.28
RESULTS:: 19:51:50: root                                   pydial.py <setEvalConfig>470 :  *** Evaluating env1-LAP-tau_nodrop_sort_4020_250100-seed6-00.10: error-rate=0 num-dialogs=500 ***
RESULTS:: 20:09:22: root                               EvaluationManager.py <_prstr>179 :  Results for domain: Laptops11 --evaluated by: objective success evaluator
RESULTS:: 20:09:22: root                               EvaluationManager.py <_prstr>179 :  # of dialogues  = 500
RESULTS:: 20:09:22: root                               EvaluationManager.py <_prstr>179 :  Average reward  = 7.46 +- 1.04
RESULTS:: 20:09:22: root                               EvaluationManager.py <_prstr>179 :  Average success = 83.20 +- 3.28
RESULTS:: 20:09:22: root                               EvaluationManager.py <_prstr>179 :  Average turns   = 9.18 +- 0.49
RESULTS:: 20:09:22: root                                   pydial.py <train_command>807 :  *** Training complete. log: env1-LAP-tau_nodrop_sort_4020_250100-seed6-00.1-10.train.log - final policy is env1-LAP-tau_nodrop_sort_4020_250100-00-10
