RESULTS:: 03:04:14: root                                   pydial.py <train_command>791 :  List of domains: Laptops11
RESULTS:: 03:04:14: root                                      pydial.py <trainBatch>409 :  *** Training Iteration env1-LAP-tau_nodrop_4020_250100-seed6-00.0->env1-LAP-tau_nodrop_4020_250100-seed6-00.1: iter=0, error-rate=0, num-dialogs=1000 ***
RESULTS:: 03:25:42: root                               EvaluationManager.py <_prstr>179 :  Results for domain: Laptops11 --evaluated by: objective success evaluator
RESULTS:: 03:25:42: root                               EvaluationManager.py <_prstr>179 :  # of dialogues  = 1000
RESULTS:: 03:25:42: root                               EvaluationManager.py <_prstr>179 :  Average reward  = 6.40 +- 0.62
RESULTS:: 03:25:42: root                               EvaluationManager.py <_prstr>179 :  Average success = 76.80 +- 2.62
RESULTS:: 03:25:42: root                               EvaluationManager.py <_prstr>179 :  Average turns   = 8.96 +- 0.24
RESULTS:: 03:25:42: root                                   pydial.py <setEvalConfig>470 :  *** Evaluating env1-LAP-tau_nodrop_4020_250100-seed6-00.1: error-rate=0 num-dialogs=500 ***
RESULTS:: 03:34:25: root                               EvaluationManager.py <_prstr>179 :  Results for domain: Laptops11 --evaluated by: objective success evaluator
RESULTS:: 03:34:25: root                               EvaluationManager.py <_prstr>179 :  # of dialogues  = 500
RESULTS:: 03:34:25: root                               EvaluationManager.py <_prstr>179 :  Average reward  = 11.29 +- 0.56
RESULTS:: 03:34:25: root                               EvaluationManager.py <_prstr>179 :  Average success = 93.60 +- 2.15
RESULTS:: 03:34:25: root                               EvaluationManager.py <_prstr>179 :  Average turns   = 7.43 +- 0.27
RESULTS:: 03:34:25: root                                   pydial.py <train_command>791 :  List of domains: Laptops11
RESULTS:: 03:34:25: root                                      pydial.py <trainBatch>409 :  *** Training Iteration env1-LAP-tau_nodrop_4020_250100-seed6-00.1->env1-LAP-tau_nodrop_4020_250100-seed6-00.2: iter=1, error-rate=0, num-dialogs=1000 ***
RESULTS:: 03:57:37: root                               EvaluationManager.py <_prstr>179 :  Results for domain: Laptops11 --evaluated by: objective success evaluator
RESULTS:: 03:57:37: root                               EvaluationManager.py <_prstr>179 :  # of dialogues  = 1000
RESULTS:: 03:57:37: root                               EvaluationManager.py <_prstr>179 :  Average reward  = 8.83 +- 0.55
RESULTS:: 03:57:37: root                               EvaluationManager.py <_prstr>179 :  Average success = 92.10 +- 1.67
RESULTS:: 03:57:37: root                               EvaluationManager.py <_prstr>179 :  Average turns   = 9.59 +- 0.30
RESULTS:: 03:57:37: root                                   pydial.py <setEvalConfig>470 :  *** Evaluating env1-LAP-tau_nodrop_4020_250100-seed6-00.2: error-rate=0 num-dialogs=500 ***
RESULTS:: 04:05:36: root                               EvaluationManager.py <_prstr>179 :  Results for domain: Laptops11 --evaluated by: objective success evaluator
RESULTS:: 04:05:36: root                               EvaluationManager.py <_prstr>179 :  # of dialogues  = 500
RESULTS:: 04:05:36: root                               EvaluationManager.py <_prstr>179 :  Average reward  = 7.81 +- 0.84
RESULTS:: 04:05:36: root                               EvaluationManager.py <_prstr>179 :  Average success = 73.40 +- 3.88
RESULTS:: 04:05:36: root                               EvaluationManager.py <_prstr>179 :  Average turns   = 6.87 +- 0.18
RESULTS:: 04:05:36: root                                   pydial.py <train_command>791 :  List of domains: Laptops11
RESULTS:: 04:05:36: root                                      pydial.py <trainBatch>409 :  *** Training Iteration env1-LAP-tau_nodrop_4020_250100-seed6-00.2->env1-LAP-tau_nodrop_4020_250100-seed6-00.3: iter=2, error-rate=0, num-dialogs=1000 ***
RESULTS:: 04:27:50: root                               EvaluationManager.py <_prstr>179 :  Results for domain: Laptops11 --evaluated by: objective success evaluator
RESULTS:: 04:27:50: root                               EvaluationManager.py <_prstr>179 :  # of dialogues  = 1000
RESULTS:: 04:27:50: root                               EvaluationManager.py <_prstr>179 :  Average reward  = 9.18 +- 0.50
RESULTS:: 04:27:50: root                               EvaluationManager.py <_prstr>179 :  Average success = 91.50 +- 1.73
RESULTS:: 04:27:50: root                               EvaluationManager.py <_prstr>179 :  Average turns   = 9.12 +- 0.28
RESULTS:: 04:27:50: root                                   pydial.py <setEvalConfig>470 :  *** Evaluating env1-LAP-tau_nodrop_4020_250100-seed6-00.3: error-rate=0 num-dialogs=500 ***
RESULTS:: 04:36:44: root                               EvaluationManager.py <_prstr>179 :  Results for domain: Laptops11 --evaluated by: objective success evaluator
RESULTS:: 04:36:44: root                               EvaluationManager.py <_prstr>179 :  # of dialogues  = 500
RESULTS:: 04:36:44: root                               EvaluationManager.py <_prstr>179 :  Average reward  = 11.04 +- 0.60
RESULTS:: 04:36:44: root                               EvaluationManager.py <_prstr>179 :  Average success = 92.80 +- 2.27
RESULTS:: 04:36:44: root                               EvaluationManager.py <_prstr>179 :  Average turns   = 7.52 +- 0.28
RESULTS:: 04:36:44: root                                   pydial.py <train_command>791 :  List of domains: Laptops11
RESULTS:: 04:36:44: root                                      pydial.py <trainBatch>409 :  *** Training Iteration env1-LAP-tau_nodrop_4020_250100-seed6-00.3->env1-LAP-tau_nodrop_4020_250100-seed6-00.4: iter=3, error-rate=0, num-dialogs=1000 ***
RESULTS:: 04:59:26: root                               EvaluationManager.py <_prstr>179 :  Results for domain: Laptops11 --evaluated by: objective success evaluator
RESULTS:: 04:59:26: root                               EvaluationManager.py <_prstr>179 :  # of dialogues  = 1000
RESULTS:: 04:59:26: root                               EvaluationManager.py <_prstr>179 :  Average reward  = 8.89 +- 0.53
RESULTS:: 04:59:26: root                               EvaluationManager.py <_prstr>179 :  Average success = 90.90 +- 1.78
RESULTS:: 04:59:26: root                               EvaluationManager.py <_prstr>179 :  Average turns   = 9.29 +- 0.29
RESULTS:: 04:59:26: root                                   pydial.py <setEvalConfig>470 :  *** Evaluating env1-LAP-tau_nodrop_4020_250100-seed6-00.4: error-rate=0 num-dialogs=500 ***
RESULTS:: 05:08:02: root                               EvaluationManager.py <_prstr>179 :  Results for domain: Laptops11 --evaluated by: objective success evaluator
RESULTS:: 05:08:02: root                               EvaluationManager.py <_prstr>179 :  # of dialogues  = 500
RESULTS:: 05:08:02: root                               EvaluationManager.py <_prstr>179 :  Average reward  = 7.00 +- 0.86
RESULTS:: 05:08:02: root                               EvaluationManager.py <_prstr>179 :  Average success = 71.80 +- 3.95
RESULTS:: 05:08:02: root                               EvaluationManager.py <_prstr>179 :  Average turns   = 7.36 +- 0.21
RESULTS:: 05:08:02: root                                   pydial.py <train_command>791 :  List of domains: Laptops11
RESULTS:: 05:08:02: root                                      pydial.py <trainBatch>409 :  *** Training Iteration env1-LAP-tau_nodrop_4020_250100-seed6-00.4->env1-LAP-tau_nodrop_4020_250100-seed6-00.5: iter=4, error-rate=0, num-dialogs=1000 ***
RESULTS:: 05:29:11: root                               EvaluationManager.py <_prstr>179 :  Results for domain: Laptops11 --evaluated by: objective success evaluator
RESULTS:: 05:29:11: root                               EvaluationManager.py <_prstr>179 :  # of dialogues  = 1000
RESULTS:: 05:29:11: root                               EvaluationManager.py <_prstr>179 :  Average reward  = 9.67 +- 0.48
RESULTS:: 05:29:11: root                               EvaluationManager.py <_prstr>179 :  Average success = 91.40 +- 1.74
RESULTS:: 05:29:11: root                               EvaluationManager.py <_prstr>179 :  Average turns   = 8.61 +- 0.25
RESULTS:: 05:29:11: root                                   pydial.py <setEvalConfig>470 :  *** Evaluating env1-LAP-tau_nodrop_4020_250100-seed6-00.5: error-rate=0 num-dialogs=500 ***
RESULTS:: 05:38:08: root                               EvaluationManager.py <_prstr>179 :  Results for domain: Laptops11 --evaluated by: objective success evaluator
RESULTS:: 05:38:08: root                               EvaluationManager.py <_prstr>179 :  # of dialogues  = 500
RESULTS:: 05:38:08: root                               EvaluationManager.py <_prstr>179 :  Average reward  = 11.66 +- 0.50
RESULTS:: 05:38:08: root                               EvaluationManager.py <_prstr>179 :  Average success = 96.00 +- 1.72
RESULTS:: 05:38:08: root                               EvaluationManager.py <_prstr>179 :  Average turns   = 7.54 +- 0.30
RESULTS:: 05:38:08: root                                   pydial.py <train_command>791 :  List of domains: Laptops11
RESULTS:: 05:38:08: root                                      pydial.py <trainBatch>409 :  *** Training Iteration env1-LAP-tau_nodrop_4020_250100-seed6-00.5->env1-LAP-tau_nodrop_4020_250100-seed6-00.6: iter=5, error-rate=0, num-dialogs=1000 ***
RESULTS:: 05:59:47: root                               EvaluationManager.py <_prstr>179 :  Results for domain: Laptops11 --evaluated by: objective success evaluator
RESULTS:: 05:59:47: root                               EvaluationManager.py <_prstr>179 :  # of dialogues  = 1000
RESULTS:: 05:59:47: root                               EvaluationManager.py <_prstr>179 :  Average reward  = 9.70 +- 0.49
RESULTS:: 05:59:47: root                               EvaluationManager.py <_prstr>179 :  Average success = 92.50 +- 1.63
RESULTS:: 05:59:47: root                               EvaluationManager.py <_prstr>179 :  Average turns   = 8.80 +- 0.26
RESULTS:: 05:59:47: root                                   pydial.py <setEvalConfig>470 :  *** Evaluating env1-LAP-tau_nodrop_4020_250100-seed6-00.6: error-rate=0 num-dialogs=500 ***
RESULTS:: 06:08:13: root                               EvaluationManager.py <_prstr>179 :  Results for domain: Laptops11 --evaluated by: objective success evaluator
RESULTS:: 06:08:13: root                               EvaluationManager.py <_prstr>179 :  # of dialogues  = 500
RESULTS:: 06:08:13: root                               EvaluationManager.py <_prstr>179 :  Average reward  = 11.20 +- 0.56
RESULTS:: 06:08:13: root                               EvaluationManager.py <_prstr>179 :  Average success = 91.80 +- 2.41
RESULTS:: 06:08:13: root                               EvaluationManager.py <_prstr>179 :  Average turns   = 7.16 +- 0.22
RESULTS:: 06:08:13: root                                   pydial.py <train_command>791 :  List of domains: Laptops11
RESULTS:: 06:08:13: root                                      pydial.py <trainBatch>409 :  *** Training Iteration env1-LAP-tau_nodrop_4020_250100-seed6-00.6->env1-LAP-tau_nodrop_4020_250100-seed6-00.7: iter=6, error-rate=0, num-dialogs=1000 ***
RESULTS:: 06:30:12: root                               EvaluationManager.py <_prstr>179 :  Results for domain: Laptops11 --evaluated by: objective success evaluator
RESULTS:: 06:30:12: root                               EvaluationManager.py <_prstr>179 :  # of dialogues  = 1000
RESULTS:: 06:30:12: root                               EvaluationManager.py <_prstr>179 :  Average reward  = 9.07 +- 0.53
RESULTS:: 06:30:12: root                               EvaluationManager.py <_prstr>179 :  Average success = 90.50 +- 1.82
RESULTS:: 06:30:12: root                               EvaluationManager.py <_prstr>179 :  Average turns   = 9.03 +- 0.28
RESULTS:: 06:30:12: root                                   pydial.py <setEvalConfig>470 :  *** Evaluating env1-LAP-tau_nodrop_4020_250100-seed6-00.7: error-rate=0 num-dialogs=500 ***
RESULTS:: 06:39:31: root                               EvaluationManager.py <_prstr>179 :  Results for domain: Laptops11 --evaluated by: objective success evaluator
RESULTS:: 06:39:31: root                               EvaluationManager.py <_prstr>179 :  # of dialogues  = 500
RESULTS:: 06:39:31: root                               EvaluationManager.py <_prstr>179 :  Average reward  = 6.71 +- 0.91
RESULTS:: 06:39:31: root                               EvaluationManager.py <_prstr>179 :  Average success = 73.20 +- 3.89
RESULTS:: 06:39:31: root                               EvaluationManager.py <_prstr>179 :  Average turns   = 7.93 +- 0.33
RESULTS:: 06:39:31: root                                   pydial.py <train_command>791 :  List of domains: Laptops11
RESULTS:: 06:39:31: root                                      pydial.py <trainBatch>409 :  *** Training Iteration env1-LAP-tau_nodrop_4020_250100-seed6-00.7->env1-LAP-tau_nodrop_4020_250100-seed6-00.8: iter=7, error-rate=0, num-dialogs=1000 ***
RESULTS:: 07:02:37: root                               EvaluationManager.py <_prstr>179 :  Results for domain: Laptops11 --evaluated by: objective success evaluator
RESULTS:: 07:02:37: root                               EvaluationManager.py <_prstr>179 :  # of dialogues  = 1000
RESULTS:: 07:02:37: root                               EvaluationManager.py <_prstr>179 :  Average reward  = 8.20 +- 0.58
RESULTS:: 07:02:37: root                               EvaluationManager.py <_prstr>179 :  Average success = 89.00 +- 1.94
RESULTS:: 07:02:37: root                               EvaluationManager.py <_prstr>179 :  Average turns   = 9.60 +- 0.30
RESULTS:: 07:02:37: root                                   pydial.py <setEvalConfig>470 :  *** Evaluating env1-LAP-tau_nodrop_4020_250100-seed6-00.8: error-rate=0 num-dialogs=500 ***
RESULTS:: 07:11:35: root                               EvaluationManager.py <_prstr>179 :  Results for domain: Laptops11 --evaluated by: objective success evaluator
RESULTS:: 07:11:35: root                               EvaluationManager.py <_prstr>179 :  # of dialogues  = 500
RESULTS:: 07:11:35: root                               EvaluationManager.py <_prstr>179 :  Average reward  = 11.08 +- 0.58
RESULTS:: 07:11:35: root                               EvaluationManager.py <_prstr>179 :  Average success = 93.40 +- 2.18
RESULTS:: 07:11:35: root                               EvaluationManager.py <_prstr>179 :  Average turns   = 7.60 +- 0.29
RESULTS:: 07:11:35: root                                   pydial.py <train_command>791 :  List of domains: Laptops11
RESULTS:: 07:11:35: root                                      pydial.py <trainBatch>409 :  *** Training Iteration env1-LAP-tau_nodrop_4020_250100-seed6-00.8->env1-LAP-tau_nodrop_4020_250100-seed6-00.9: iter=8, error-rate=0, num-dialogs=1000 ***
RESULTS:: 07:33:05: root                               EvaluationManager.py <_prstr>179 :  Results for domain: Laptops11 --evaluated by: objective success evaluator
RESULTS:: 07:33:05: root                               EvaluationManager.py <_prstr>179 :  # of dialogues  = 1000
RESULTS:: 07:33:05: root                               EvaluationManager.py <_prstr>179 :  Average reward  = 9.06 +- 0.52
RESULTS:: 07:33:05: root                               EvaluationManager.py <_prstr>179 :  Average success = 89.20 +- 1.93
RESULTS:: 07:33:05: root                               EvaluationManager.py <_prstr>179 :  Average turns   = 8.78 +- 0.26
RESULTS:: 07:33:05: root                                   pydial.py <setEvalConfig>470 :  *** Evaluating env1-LAP-tau_nodrop_4020_250100-seed6-00.9: error-rate=0 num-dialogs=500 ***
RESULTS:: 07:41:09: root                               EvaluationManager.py <_prstr>179 :  Results for domain: Laptops11 --evaluated by: objective success evaluator
RESULTS:: 07:41:09: root                               EvaluationManager.py <_prstr>179 :  # of dialogues  = 500
RESULTS:: 07:41:09: root                               EvaluationManager.py <_prstr>179 :  Average reward  = 7.06 +- 0.84
RESULTS:: 07:41:09: root                               EvaluationManager.py <_prstr>179 :  Average success = 69.60 +- 4.04
RESULTS:: 07:41:09: root                               EvaluationManager.py <_prstr>179 :  Average turns   = 6.86 +- 0.18
RESULTS:: 07:41:09: root                                   pydial.py <train_command>791 :  List of domains: Laptops11
RESULTS:: 07:41:09: root                                      pydial.py <trainBatch>409 :  *** Training Iteration env1-LAP-tau_nodrop_4020_250100-seed6-00.9->env1-LAP-tau_nodrop_4020_250100-seed6-00.10: iter=9, error-rate=0, num-dialogs=1000 ***
RESULTS:: 08:02:40: root                               EvaluationManager.py <_prstr>179 :  Results for domain: Laptops11 --evaluated by: objective success evaluator
RESULTS:: 08:02:40: root                               EvaluationManager.py <_prstr>179 :  # of dialogues  = 1000
RESULTS:: 08:02:40: root                               EvaluationManager.py <_prstr>179 :  Average reward  = 9.09 +- 0.52
RESULTS:: 08:02:40: root                               EvaluationManager.py <_prstr>179 :  Average success = 89.20 +- 1.93
RESULTS:: 08:02:40: root                               EvaluationManager.py <_prstr>179 :  Average turns   = 8.75 +- 0.25
RESULTS:: 08:02:40: root                                   pydial.py <setEvalConfig>470 :  *** Evaluating env1-LAP-tau_nodrop_4020_250100-seed6-00.10: error-rate=0 num-dialogs=500 ***
RESULTS:: 08:11:55: root                               EvaluationManager.py <_prstr>179 :  Results for domain: Laptops11 --evaluated by: objective success evaluator
RESULTS:: 08:11:55: root                               EvaluationManager.py <_prstr>179 :  # of dialogues  = 500
RESULTS:: 08:11:55: root                               EvaluationManager.py <_prstr>179 :  Average reward  = 10.05 +- 0.71
RESULTS:: 08:11:55: root                               EvaluationManager.py <_prstr>179 :  Average success = 89.40 +- 2.70
RESULTS:: 08:11:55: root                               EvaluationManager.py <_prstr>179 :  Average turns   = 7.83 +- 0.31
RESULTS:: 08:11:55: root                                   pydial.py <train_command>807 :  *** Training complete. log: env1-LAP-tau_nodrop_4020_250100-seed6-00.1-10.train.log - final policy is env1-LAP-tau_nodrop_4020_250100-00-10
