RESULTS:: 13:13:51: root                                   pydial.py <train_command>791 :  List of domains: Laptops11
RESULTS:: 13:13:51: root                                      pydial.py <trainBatch>409 :  *** Training Iteration env1-LAP-tau_nodrop_4020_250100-seed8-00.0->env1-LAP-tau_nodrop_4020_250100-seed8-00.1: iter=0, error-rate=0, num-dialogs=1000 ***
RESULTS:: 13:34:59: root                               EvaluationManager.py <_prstr>179 :  Results for domain: Laptops11 --evaluated by: objective success evaluator
RESULTS:: 13:34:59: root                               EvaluationManager.py <_prstr>179 :  # of dialogues  = 1000
RESULTS:: 13:34:59: root                               EvaluationManager.py <_prstr>179 :  Average reward  = 6.68 +- 0.63
RESULTS:: 13:34:59: root                               EvaluationManager.py <_prstr>179 :  Average success = 77.50 +- 2.59
RESULTS:: 13:34:59: root                               EvaluationManager.py <_prstr>179 :  Average turns   = 8.82 +- 0.25
RESULTS:: 13:34:59: root                                   pydial.py <setEvalConfig>470 :  *** Evaluating env1-LAP-tau_nodrop_4020_250100-seed8-00.1: error-rate=0 num-dialogs=500 ***
RESULTS:: 13:43:28: root                               EvaluationManager.py <_prstr>179 :  Results for domain: Laptops11 --evaluated by: objective success evaluator
RESULTS:: 13:43:28: root                               EvaluationManager.py <_prstr>179 :  # of dialogues  = 500
RESULTS:: 13:43:28: root                               EvaluationManager.py <_prstr>179 :  Average reward  = 8.31 +- 0.80
RESULTS:: 13:43:28: root                               EvaluationManager.py <_prstr>179 :  Average success = 78.00 +- 3.64
RESULTS:: 13:43:28: root                               EvaluationManager.py <_prstr>179 :  Average turns   = 7.29 +- 0.23
RESULTS:: 13:43:28: root                                   pydial.py <train_command>791 :  List of domains: Laptops11
RESULTS:: 13:43:28: root                                      pydial.py <trainBatch>409 :  *** Training Iteration env1-LAP-tau_nodrop_4020_250100-seed8-00.1->env1-LAP-tau_nodrop_4020_250100-seed8-00.2: iter=1, error-rate=0, num-dialogs=1000 ***
RESULTS:: 14:05:00: root                               EvaluationManager.py <_prstr>179 :  Results for domain: Laptops11 --evaluated by: objective success evaluator
RESULTS:: 14:05:00: root                               EvaluationManager.py <_prstr>179 :  # of dialogues  = 1000
RESULTS:: 14:05:00: root                               EvaluationManager.py <_prstr>179 :  Average reward  = 9.14 +- 0.51
RESULTS:: 14:05:00: root                               EvaluationManager.py <_prstr>179 :  Average success = 90.10 +- 1.85
RESULTS:: 14:05:00: root                               EvaluationManager.py <_prstr>179 :  Average turns   = 8.88 +- 0.26
RESULTS:: 14:05:00: root                                   pydial.py <setEvalConfig>470 :  *** Evaluating env1-LAP-tau_nodrop_4020_250100-seed8-00.2: error-rate=0 num-dialogs=500 ***
RESULTS:: 14:13:52: root                               EvaluationManager.py <_prstr>179 :  Results for domain: Laptops11 --evaluated by: objective success evaluator
RESULTS:: 14:13:52: root                               EvaluationManager.py <_prstr>179 :  # of dialogues  = 500
RESULTS:: 14:13:52: root                               EvaluationManager.py <_prstr>179 :  Average reward  = 11.28 +- 0.54
RESULTS:: 14:13:52: root                               EvaluationManager.py <_prstr>179 :  Average success = 93.80 +- 2.12
RESULTS:: 14:13:52: root                               EvaluationManager.py <_prstr>179 :  Average turns   = 7.48 +- 0.26
RESULTS:: 14:13:52: root                                   pydial.py <train_command>791 :  List of domains: Laptops11
RESULTS:: 14:13:52: root                                      pydial.py <trainBatch>409 :  *** Training Iteration env1-LAP-tau_nodrop_4020_250100-seed8-00.2->env1-LAP-tau_nodrop_4020_250100-seed8-00.3: iter=2, error-rate=0, num-dialogs=1000 ***
RESULTS:: 14:35:33: root                               EvaluationManager.py <_prstr>179 :  Results for domain: Laptops11 --evaluated by: objective success evaluator
RESULTS:: 14:35:33: root                               EvaluationManager.py <_prstr>179 :  # of dialogues  = 1000
RESULTS:: 14:35:33: root                               EvaluationManager.py <_prstr>179 :  Average reward  = 9.32 +- 0.49
RESULTS:: 14:35:33: root                               EvaluationManager.py <_prstr>179 :  Average success = 91.20 +- 1.76
RESULTS:: 14:35:33: root                               EvaluationManager.py <_prstr>179 :  Average turns   = 8.91 +- 0.26
RESULTS:: 14:35:33: root                                   pydial.py <setEvalConfig>470 :  *** Evaluating env1-LAP-tau_nodrop_4020_250100-seed8-00.3: error-rate=0 num-dialogs=500 ***
RESULTS:: 14:44:26: root                               EvaluationManager.py <_prstr>179 :  Results for domain: Laptops11 --evaluated by: objective success evaluator
RESULTS:: 14:44:26: root                               EvaluationManager.py <_prstr>179 :  # of dialogues  = 500
RESULTS:: 14:44:26: root                               EvaluationManager.py <_prstr>179 :  Average reward  = 9.66 +- 0.72
RESULTS:: 14:44:26: root                               EvaluationManager.py <_prstr>179 :  Average success = 85.80 +- 3.07
RESULTS:: 14:44:26: root                               EvaluationManager.py <_prstr>179 :  Average turns   = 7.50 +- 0.27
RESULTS:: 14:44:26: root                                   pydial.py <train_command>791 :  List of domains: Laptops11
RESULTS:: 14:44:26: root                                      pydial.py <trainBatch>409 :  *** Training Iteration env1-LAP-tau_nodrop_4020_250100-seed8-00.3->env1-LAP-tau_nodrop_4020_250100-seed8-00.4: iter=3, error-rate=0, num-dialogs=1000 ***
RESULTS:: 15:06:52: root                               EvaluationManager.py <_prstr>179 :  Results for domain: Laptops11 --evaluated by: objective success evaluator
RESULTS:: 15:06:52: root                               EvaluationManager.py <_prstr>179 :  # of dialogues  = 1000
RESULTS:: 15:06:52: root                               EvaluationManager.py <_prstr>179 :  Average reward  = 9.02 +- 0.53
RESULTS:: 15:06:52: root                               EvaluationManager.py <_prstr>179 :  Average success = 91.00 +- 1.78
RESULTS:: 15:06:52: root                               EvaluationManager.py <_prstr>179 :  Average turns   = 9.18 +- 0.29
RESULTS:: 15:06:52: root                                   pydial.py <setEvalConfig>470 :  *** Evaluating env1-LAP-tau_nodrop_4020_250100-seed8-00.4: error-rate=0 num-dialogs=500 ***
RESULTS:: 15:15:07: root                               EvaluationManager.py <_prstr>179 :  Results for domain: Laptops11 --evaluated by: objective success evaluator
RESULTS:: 15:15:07: root                               EvaluationManager.py <_prstr>179 :  # of dialogues  = 500
RESULTS:: 15:15:07: root                               EvaluationManager.py <_prstr>179 :  Average reward  = 8.04 +- 0.84
RESULTS:: 15:15:07: root                               EvaluationManager.py <_prstr>179 :  Average success = 75.20 +- 3.79
RESULTS:: 15:15:07: root                               EvaluationManager.py <_prstr>179 :  Average turns   = 7.00 +- 0.23
RESULTS:: 15:15:07: root                                   pydial.py <train_command>791 :  List of domains: Laptops11
RESULTS:: 15:15:07: root                                      pydial.py <trainBatch>409 :  *** Training Iteration env1-LAP-tau_nodrop_4020_250100-seed8-00.4->env1-LAP-tau_nodrop_4020_250100-seed8-00.5: iter=4, error-rate=0, num-dialogs=1000 ***
RESULTS:: 15:37:08: root                               EvaluationManager.py <_prstr>179 :  Results for domain: Laptops11 --evaluated by: objective success evaluator
RESULTS:: 15:37:08: root                               EvaluationManager.py <_prstr>179 :  # of dialogues  = 1000
RESULTS:: 15:37:08: root                               EvaluationManager.py <_prstr>179 :  Average reward  = 9.24 +- 0.53
RESULTS:: 15:37:08: root                               EvaluationManager.py <_prstr>179 :  Average success = 91.40 +- 1.74
RESULTS:: 15:37:08: root                               EvaluationManager.py <_prstr>179 :  Average turns   = 9.04 +- 0.28
RESULTS:: 15:37:08: root                                   pydial.py <setEvalConfig>470 :  *** Evaluating env1-LAP-tau_nodrop_4020_250100-seed8-00.5: error-rate=0 num-dialogs=500 ***
RESULTS:: 15:45:33: root                               EvaluationManager.py <_prstr>179 :  Results for domain: Laptops11 --evaluated by: objective success evaluator
RESULTS:: 15:45:33: root                               EvaluationManager.py <_prstr>179 :  # of dialogues  = 500
RESULTS:: 15:45:33: root                               EvaluationManager.py <_prstr>179 :  Average reward  = 8.26 +- 0.82
RESULTS:: 15:45:33: root                               EvaluationManager.py <_prstr>179 :  Average success = 77.20 +- 3.69
RESULTS:: 15:45:33: root                               EvaluationManager.py <_prstr>179 :  Average turns   = 7.18 +- 0.22
RESULTS:: 15:45:33: root                                   pydial.py <train_command>791 :  List of domains: Laptops11
RESULTS:: 15:45:33: root                                      pydial.py <trainBatch>409 :  *** Training Iteration env1-LAP-tau_nodrop_4020_250100-seed8-00.5->env1-LAP-tau_nodrop_4020_250100-seed8-00.6: iter=5, error-rate=0, num-dialogs=1000 ***
RESULTS:: 16:07:36: root                               EvaluationManager.py <_prstr>179 :  Results for domain: Laptops11 --evaluated by: objective success evaluator
RESULTS:: 16:07:36: root                               EvaluationManager.py <_prstr>179 :  # of dialogues  = 1000
RESULTS:: 16:07:36: root                               EvaluationManager.py <_prstr>179 :  Average reward  = 8.68 +- 0.57
RESULTS:: 16:07:36: root                               EvaluationManager.py <_prstr>179 :  Average success = 88.40 +- 1.99
RESULTS:: 16:07:36: root                               EvaluationManager.py <_prstr>179 :  Average turns   = 9.00 +- 0.28
RESULTS:: 16:07:36: root                                   pydial.py <setEvalConfig>470 :  *** Evaluating env1-LAP-tau_nodrop_4020_250100-seed8-00.6: error-rate=0 num-dialogs=500 ***
RESULTS:: 16:16:35: root                               EvaluationManager.py <_prstr>179 :  Results for domain: Laptops11 --evaluated by: objective success evaluator
RESULTS:: 16:16:35: root                               EvaluationManager.py <_prstr>179 :  # of dialogues  = 500
RESULTS:: 16:16:35: root                               EvaluationManager.py <_prstr>179 :  Average reward  = 11.79 +- 0.51
RESULTS:: 16:16:35: root                               EvaluationManager.py <_prstr>179 :  Average success = 96.60 +- 1.59
RESULTS:: 16:16:35: root                               EvaluationManager.py <_prstr>179 :  Average turns   = 7.53 +- 0.31
RESULTS:: 16:16:35: root                                   pydial.py <train_command>791 :  List of domains: Laptops11
RESULTS:: 16:16:35: root                                      pydial.py <trainBatch>409 :  *** Training Iteration env1-LAP-tau_nodrop_4020_250100-seed8-00.6->env1-LAP-tau_nodrop_4020_250100-seed8-00.7: iter=6, error-rate=0, num-dialogs=1000 ***
RESULTS:: 16:38:38: root                               EvaluationManager.py <_prstr>179 :  Results for domain: Laptops11 --evaluated by: objective success evaluator
RESULTS:: 16:38:38: root                               EvaluationManager.py <_prstr>179 :  # of dialogues  = 1000
RESULTS:: 16:38:38: root                               EvaluationManager.py <_prstr>179 :  Average reward  = 9.39 +- 0.49
RESULTS:: 16:38:38: root                               EvaluationManager.py <_prstr>179 :  Average success = 92.10 +- 1.67
RESULTS:: 16:38:38: root                               EvaluationManager.py <_prstr>179 :  Average turns   = 9.03 +- 0.26
RESULTS:: 16:38:38: root                                   pydial.py <setEvalConfig>470 :  *** Evaluating env1-LAP-tau_nodrop_4020_250100-seed8-00.7: error-rate=0 num-dialogs=500 ***
RESULTS:: 16:46:51: root                               EvaluationManager.py <_prstr>179 :  Results for domain: Laptops11 --evaluated by: objective success evaluator
RESULTS:: 16:46:51: root                               EvaluationManager.py <_prstr>179 :  # of dialogues  = 500
RESULTS:: 16:46:51: root                               EvaluationManager.py <_prstr>179 :  Average reward  = 6.91 +- 0.84
RESULTS:: 16:46:51: root                               EvaluationManager.py <_prstr>179 :  Average success = 69.40 +- 4.05
RESULTS:: 16:46:51: root                               EvaluationManager.py <_prstr>179 :  Average turns   = 6.97 +- 0.21
RESULTS:: 16:46:51: root                                   pydial.py <train_command>791 :  List of domains: Laptops11
RESULTS:: 16:46:51: root                                      pydial.py <trainBatch>409 :  *** Training Iteration env1-LAP-tau_nodrop_4020_250100-seed8-00.7->env1-LAP-tau_nodrop_4020_250100-seed8-00.8: iter=7, error-rate=0, num-dialogs=1000 ***
RESULTS:: 17:09:16: root                               EvaluationManager.py <_prstr>179 :  Results for domain: Laptops11 --evaluated by: objective success evaluator
RESULTS:: 17:09:16: root                               EvaluationManager.py <_prstr>179 :  # of dialogues  = 1000
RESULTS:: 17:09:16: root                               EvaluationManager.py <_prstr>179 :  Average reward  = 9.18 +- 0.51
RESULTS:: 17:09:16: root                               EvaluationManager.py <_prstr>179 :  Average success = 91.80 +- 1.70
RESULTS:: 17:09:16: root                               EvaluationManager.py <_prstr>179 :  Average turns   = 9.18 +- 0.27
RESULTS:: 17:09:16: root                                   pydial.py <setEvalConfig>470 :  *** Evaluating env1-LAP-tau_nodrop_4020_250100-seed8-00.8: error-rate=0 num-dialogs=500 ***
RESULTS:: 17:18:00: root                               EvaluationManager.py <_prstr>179 :  Results for domain: Laptops11 --evaluated by: objective success evaluator
RESULTS:: 17:18:00: root                               EvaluationManager.py <_prstr>179 :  # of dialogues  = 500
RESULTS:: 17:18:00: root                               EvaluationManager.py <_prstr>179 :  Average reward  = 10.51 +- 0.62
RESULTS:: 17:18:00: root                               EvaluationManager.py <_prstr>179 :  Average success = 89.80 +- 2.66
RESULTS:: 17:18:00: root                               EvaluationManager.py <_prstr>179 :  Average turns   = 7.45 +- 0.25
RESULTS:: 17:18:00: root                                   pydial.py <train_command>791 :  List of domains: Laptops11
RESULTS:: 17:18:00: root                                      pydial.py <trainBatch>409 :  *** Training Iteration env1-LAP-tau_nodrop_4020_250100-seed8-00.8->env1-LAP-tau_nodrop_4020_250100-seed8-00.9: iter=8, error-rate=0, num-dialogs=1000 ***
RESULTS:: 17:40:19: root                               EvaluationManager.py <_prstr>179 :  Results for domain: Laptops11 --evaluated by: objective success evaluator
RESULTS:: 17:40:19: root                               EvaluationManager.py <_prstr>179 :  # of dialogues  = 1000
RESULTS:: 17:40:19: root                               EvaluationManager.py <_prstr>179 :  Average reward  = 9.12 +- 0.50
RESULTS:: 17:40:19: root                               EvaluationManager.py <_prstr>179 :  Average success = 91.20 +- 1.76
RESULTS:: 17:40:19: root                               EvaluationManager.py <_prstr>179 :  Average turns   = 9.12 +- 0.27
RESULTS:: 17:40:19: root                                   pydial.py <setEvalConfig>470 :  *** Evaluating env1-LAP-tau_nodrop_4020_250100-seed8-00.9: error-rate=0 num-dialogs=500 ***
RESULTS:: 17:49:32: root                               EvaluationManager.py <_prstr>179 :  Results for domain: Laptops11 --evaluated by: objective success evaluator
RESULTS:: 17:49:32: root                               EvaluationManager.py <_prstr>179 :  # of dialogues  = 500
RESULTS:: 17:49:32: root                               EvaluationManager.py <_prstr>179 :  Average reward  = 10.52 +- 0.61
RESULTS:: 17:49:32: root                               EvaluationManager.py <_prstr>179 :  Average success = 91.80 +- 2.41
RESULTS:: 17:49:32: root                               EvaluationManager.py <_prstr>179 :  Average turns   = 7.84 +- 0.27
RESULTS:: 17:49:32: root                                   pydial.py <train_command>791 :  List of domains: Laptops11
RESULTS:: 17:49:32: root                                      pydial.py <trainBatch>409 :  *** Training Iteration env1-LAP-tau_nodrop_4020_250100-seed8-00.9->env1-LAP-tau_nodrop_4020_250100-seed8-00.10: iter=9, error-rate=0, num-dialogs=1000 ***
RESULTS:: 18:11:37: root                               EvaluationManager.py <_prstr>179 :  Results for domain: Laptops11 --evaluated by: objective success evaluator
RESULTS:: 18:11:37: root                               EvaluationManager.py <_prstr>179 :  # of dialogues  = 1000
RESULTS:: 18:11:37: root                               EvaluationManager.py <_prstr>179 :  Average reward  = 9.18 +- 0.53
RESULTS:: 18:11:37: root                               EvaluationManager.py <_prstr>179 :  Average success = 91.20 +- 1.76
RESULTS:: 18:11:37: root                               EvaluationManager.py <_prstr>179 :  Average turns   = 9.06 +- 0.28
RESULTS:: 18:11:37: root                                   pydial.py <setEvalConfig>470 :  *** Evaluating env1-LAP-tau_nodrop_4020_250100-seed8-00.10: error-rate=0 num-dialogs=500 ***
RESULTS:: 18:21:25: root                               EvaluationManager.py <_prstr>179 :  Results for domain: Laptops11 --evaluated by: objective success evaluator
RESULTS:: 18:21:25: root                               EvaluationManager.py <_prstr>179 :  # of dialogues  = 500
RESULTS:: 18:21:25: root                               EvaluationManager.py <_prstr>179 :  Average reward  = 9.07 +- 0.87
RESULTS:: 18:21:25: root                               EvaluationManager.py <_prstr>179 :  Average success = 86.60 +- 2.99
RESULTS:: 18:21:25: root                               EvaluationManager.py <_prstr>179 :  Average turns   = 8.25 +- 0.39
RESULTS:: 18:21:25: root                                   pydial.py <train_command>807 :  *** Training complete. log: env1-LAP-tau_nodrop_4020_250100-seed8-00.1-10.train.log - final policy is env1-LAP-tau_nodrop_4020_250100-00-10
