RESULTS:: 21:57:12: root                                   pydial.py <train_command>791 :  List of domains: Laptops11
RESULTS:: 21:57:12: root                                      pydial.py <trainBatch>409 :  *** Training Iteration env1-LAP-tau_nodrop_4020_250100-seed5-00.0->env1-LAP-tau_nodrop_4020_250100-seed5-00.1: iter=0, error-rate=0, num-dialogs=1000 ***
RESULTS:: 22:20:20: root                               EvaluationManager.py <_prstr>179 :  Results for domain: Laptops11 --evaluated by: objective success evaluator
RESULTS:: 22:20:20: root                               EvaluationManager.py <_prstr>179 :  # of dialogues  = 1000
RESULTS:: 22:20:20: root                               EvaluationManager.py <_prstr>179 :  Average reward  = 4.92 +- 0.74
RESULTS:: 22:20:20: root                               EvaluationManager.py <_prstr>179 :  Average success = 74.10 +- 2.72
RESULTS:: 22:20:20: root                               EvaluationManager.py <_prstr>179 :  Average turns   = 9.90 +- 0.33
RESULTS:: 22:20:20: root                                   pydial.py <setEvalConfig>470 :  *** Evaluating env1-LAP-tau_nodrop_4020_250100-seed5-00.1: error-rate=0 num-dialogs=500 ***
RESULTS:: 22:28:26: root                               EvaluationManager.py <_prstr>179 :  Results for domain: Laptops11 --evaluated by: objective success evaluator
RESULTS:: 22:28:26: root                               EvaluationManager.py <_prstr>179 :  # of dialogues  = 500
RESULTS:: 22:28:26: root                               EvaluationManager.py <_prstr>179 :  Average reward  = 9.12 +- 0.75
RESULTS:: 22:28:26: root                               EvaluationManager.py <_prstr>179 :  Average success = 80.40 +- 3.49
RESULTS:: 22:28:26: root                               EvaluationManager.py <_prstr>179 :  Average turns   = 6.96 +- 0.18
RESULTS:: 22:28:26: root                                   pydial.py <train_command>791 :  List of domains: Laptops11
RESULTS:: 22:28:26: root                                      pydial.py <trainBatch>409 :  *** Training Iteration env1-LAP-tau_nodrop_4020_250100-seed5-00.1->env1-LAP-tau_nodrop_4020_250100-seed5-00.2: iter=1, error-rate=0, num-dialogs=1000 ***
RESULTS:: 22:49:57: root                               EvaluationManager.py <_prstr>179 :  Results for domain: Laptops11 --evaluated by: objective success evaluator
RESULTS:: 22:49:57: root                               EvaluationManager.py <_prstr>179 :  # of dialogues  = 1000
RESULTS:: 22:49:57: root                               EvaluationManager.py <_prstr>179 :  Average reward  = 9.20 +- 0.48
RESULTS:: 22:49:57: root                               EvaluationManager.py <_prstr>179 :  Average success = 89.20 +- 1.93
RESULTS:: 22:49:57: root                               EvaluationManager.py <_prstr>179 :  Average turns   = 8.64 +- 0.23
RESULTS:: 22:49:57: root                                   pydial.py <setEvalConfig>470 :  *** Evaluating env1-LAP-tau_nodrop_4020_250100-seed5-00.2: error-rate=0 num-dialogs=500 ***
RESULTS:: 22:58:06: root                               EvaluationManager.py <_prstr>179 :  Results for domain: Laptops11 --evaluated by: objective success evaluator
RESULTS:: 22:58:06: root                               EvaluationManager.py <_prstr>179 :  # of dialogues  = 500
RESULTS:: 22:58:06: root                               EvaluationManager.py <_prstr>179 :  Average reward  = 6.69 +- 0.84
RESULTS:: 22:58:06: root                               EvaluationManager.py <_prstr>179 :  Average success = 68.00 +- 4.10
RESULTS:: 22:58:06: root                               EvaluationManager.py <_prstr>179 :  Average turns   = 6.91 +- 0.19
RESULTS:: 22:58:06: root                                   pydial.py <train_command>791 :  List of domains: Laptops11
RESULTS:: 22:58:06: root                                      pydial.py <trainBatch>409 :  *** Training Iteration env1-LAP-tau_nodrop_4020_250100-seed5-00.2->env1-LAP-tau_nodrop_4020_250100-seed5-00.3: iter=2, error-rate=0, num-dialogs=1000 ***
RESULTS:: 23:19:32: root                               EvaluationManager.py <_prstr>179 :  Results for domain: Laptops11 --evaluated by: objective success evaluator
RESULTS:: 23:19:32: root                               EvaluationManager.py <_prstr>179 :  # of dialogues  = 1000
RESULTS:: 23:19:32: root                               EvaluationManager.py <_prstr>179 :  Average reward  = 8.94 +- 0.50
RESULTS:: 23:19:32: root                               EvaluationManager.py <_prstr>179 :  Average success = 88.50 +- 1.98
RESULTS:: 23:19:32: root                               EvaluationManager.py <_prstr>179 :  Average turns   = 8.76 +- 0.25
RESULTS:: 23:19:32: root                                   pydial.py <setEvalConfig>470 :  *** Evaluating env1-LAP-tau_nodrop_4020_250100-seed5-00.3: error-rate=0 num-dialogs=500 ***
RESULTS:: 23:28:37: root                               EvaluationManager.py <_prstr>179 :  Results for domain: Laptops11 --evaluated by: objective success evaluator
RESULTS:: 23:28:37: root                               EvaluationManager.py <_prstr>179 :  # of dialogues  = 500
RESULTS:: 23:28:37: root                               EvaluationManager.py <_prstr>179 :  Average reward  = 9.57 +- 0.72
RESULTS:: 23:28:37: root                               EvaluationManager.py <_prstr>179 :  Average success = 86.60 +- 2.99
RESULTS:: 23:28:37: root                               EvaluationManager.py <_prstr>179 :  Average turns   = 7.75 +- 0.30
RESULTS:: 23:28:37: root                                   pydial.py <train_command>791 :  List of domains: Laptops11
RESULTS:: 23:28:37: root                                      pydial.py <trainBatch>409 :  *** Training Iteration env1-LAP-tau_nodrop_4020_250100-seed5-00.3->env1-LAP-tau_nodrop_4020_250100-seed5-00.4: iter=3, error-rate=0, num-dialogs=1000 ***
RESULTS:: 23:50:27: root                               EvaluationManager.py <_prstr>179 :  Results for domain: Laptops11 --evaluated by: objective success evaluator
RESULTS:: 23:50:27: root                               EvaluationManager.py <_prstr>179 :  # of dialogues  = 1000
RESULTS:: 23:50:27: root                               EvaluationManager.py <_prstr>179 :  Average reward  = 8.87 +- 0.52
RESULTS:: 23:50:27: root                               EvaluationManager.py <_prstr>179 :  Average success = 89.00 +- 1.94
RESULTS:: 23:50:27: root                               EvaluationManager.py <_prstr>179 :  Average turns   = 8.93 +- 0.27
RESULTS:: 23:50:27: root                                   pydial.py <setEvalConfig>470 :  *** Evaluating env1-LAP-tau_nodrop_4020_250100-seed5-00.4: error-rate=0 num-dialogs=500 ***
RESULTS:: 23:59:13: root                               EvaluationManager.py <_prstr>179 :  Results for domain: Laptops11 --evaluated by: objective success evaluator
RESULTS:: 23:59:13: root                               EvaluationManager.py <_prstr>179 :  # of dialogues  = 500
RESULTS:: 23:59:13: root                               EvaluationManager.py <_prstr>179 :  Average reward  = 11.03 +- 0.62
RESULTS:: 23:59:13: root                               EvaluationManager.py <_prstr>179 :  Average success = 92.40 +- 2.33
RESULTS:: 23:59:13: root                               EvaluationManager.py <_prstr>179 :  Average turns   = 7.45 +- 0.28
RESULTS:: 23:59:13: root                                   pydial.py <train_command>791 :  List of domains: Laptops11
RESULTS:: 23:59:13: root                                      pydial.py <trainBatch>409 :  *** Training Iteration env1-LAP-tau_nodrop_4020_250100-seed5-00.4->env1-LAP-tau_nodrop_4020_250100-seed5-00.5: iter=4, error-rate=0, num-dialogs=1000 ***
RESULTS:: 00:21:23: root                               EvaluationManager.py <_prstr>179 :  Results for domain: Laptops11 --evaluated by: objective success evaluator
RESULTS:: 00:21:23: root                               EvaluationManager.py <_prstr>179 :  # of dialogues  = 1000
RESULTS:: 00:21:23: root                               EvaluationManager.py <_prstr>179 :  Average reward  = 9.10 +- 0.52
RESULTS:: 00:21:23: root                               EvaluationManager.py <_prstr>179 :  Average success = 90.90 +- 1.78
RESULTS:: 00:21:23: root                               EvaluationManager.py <_prstr>179 :  Average turns   = 9.08 +- 0.27
RESULTS:: 00:21:23: root                                   pydial.py <setEvalConfig>470 :  *** Evaluating env1-LAP-tau_nodrop_4020_250100-seed5-00.5: error-rate=0 num-dialogs=500 ***
RESULTS:: 00:30:19: root                               EvaluationManager.py <_prstr>179 :  Results for domain: Laptops11 --evaluated by: objective success evaluator
RESULTS:: 00:30:19: root                               EvaluationManager.py <_prstr>179 :  # of dialogues  = 500
RESULTS:: 00:30:19: root                               EvaluationManager.py <_prstr>179 :  Average reward  = 11.88 +- 0.47
RESULTS:: 00:30:19: root                               EvaluationManager.py <_prstr>179 :  Average success = 97.00 +- 1.50
RESULTS:: 00:30:19: root                               EvaluationManager.py <_prstr>179 :  Average turns   = 7.52 +- 0.29
RESULTS:: 00:30:19: root                                   pydial.py <train_command>791 :  List of domains: Laptops11
RESULTS:: 00:30:19: root                                      pydial.py <trainBatch>409 :  *** Training Iteration env1-LAP-tau_nodrop_4020_250100-seed5-00.5->env1-LAP-tau_nodrop_4020_250100-seed5-00.6: iter=5, error-rate=0, num-dialogs=1000 ***
RESULTS:: 00:52:29: root                               EvaluationManager.py <_prstr>179 :  Results for domain: Laptops11 --evaluated by: objective success evaluator
RESULTS:: 00:52:29: root                               EvaluationManager.py <_prstr>179 :  # of dialogues  = 1000
RESULTS:: 00:52:29: root                               EvaluationManager.py <_prstr>179 :  Average reward  = 9.21 +- 0.50
RESULTS:: 00:52:29: root                               EvaluationManager.py <_prstr>179 :  Average success = 91.50 +- 1.73
RESULTS:: 00:52:29: root                               EvaluationManager.py <_prstr>179 :  Average turns   = 9.09 +- 0.28
RESULTS:: 00:52:29: root                                   pydial.py <setEvalConfig>470 :  *** Evaluating env1-LAP-tau_nodrop_4020_250100-seed5-00.6: error-rate=0 num-dialogs=500 ***
RESULTS:: 01:01:29: root                               EvaluationManager.py <_prstr>179 :  Results for domain: Laptops11 --evaluated by: objective success evaluator
RESULTS:: 01:01:29: root                               EvaluationManager.py <_prstr>179 :  # of dialogues  = 500
RESULTS:: 01:01:29: root                               EvaluationManager.py <_prstr>179 :  Average reward  = 11.04 +- 0.58
RESULTS:: 01:01:29: root                               EvaluationManager.py <_prstr>179 :  Average success = 93.20 +- 2.21
RESULTS:: 01:01:29: root                               EvaluationManager.py <_prstr>179 :  Average turns   = 7.60 +- 0.30
RESULTS:: 01:01:29: root                                   pydial.py <train_command>791 :  List of domains: Laptops11
RESULTS:: 01:01:29: root                                      pydial.py <trainBatch>409 :  *** Training Iteration env1-LAP-tau_nodrop_4020_250100-seed5-00.6->env1-LAP-tau_nodrop_4020_250100-seed5-00.7: iter=6, error-rate=0, num-dialogs=1000 ***
RESULTS:: 01:23:28: root                               EvaluationManager.py <_prstr>179 :  Results for domain: Laptops11 --evaluated by: objective success evaluator
RESULTS:: 01:23:28: root                               EvaluationManager.py <_prstr>179 :  # of dialogues  = 1000
RESULTS:: 01:23:28: root                               EvaluationManager.py <_prstr>179 :  Average reward  = 9.28 +- 0.53
RESULTS:: 01:23:28: root                               EvaluationManager.py <_prstr>179 :  Average success = 91.20 +- 1.76
RESULTS:: 01:23:28: root                               EvaluationManager.py <_prstr>179 :  Average turns   = 8.96 +- 0.28
RESULTS:: 01:23:28: root                                   pydial.py <setEvalConfig>470 :  *** Evaluating env1-LAP-tau_nodrop_4020_250100-seed5-00.7: error-rate=0 num-dialogs=500 ***
RESULTS:: 01:32:39: root                               EvaluationManager.py <_prstr>179 :  Results for domain: Laptops11 --evaluated by: objective success evaluator
RESULTS:: 01:32:39: root                               EvaluationManager.py <_prstr>179 :  # of dialogues  = 500
RESULTS:: 01:32:39: root                               EvaluationManager.py <_prstr>179 :  Average reward  = 9.38 +- 0.74
RESULTS:: 01:32:39: root                               EvaluationManager.py <_prstr>179 :  Average success = 85.60 +- 3.08
RESULTS:: 01:32:39: root                               EvaluationManager.py <_prstr>179 :  Average turns   = 7.74 +- 0.31
RESULTS:: 01:32:39: root                                   pydial.py <train_command>791 :  List of domains: Laptops11
RESULTS:: 01:32:39: root                                      pydial.py <trainBatch>409 :  *** Training Iteration env1-LAP-tau_nodrop_4020_250100-seed5-00.7->env1-LAP-tau_nodrop_4020_250100-seed5-00.8: iter=7, error-rate=0, num-dialogs=1000 ***
RESULTS:: 01:54:09: root                               EvaluationManager.py <_prstr>179 :  Results for domain: Laptops11 --evaluated by: objective success evaluator
RESULTS:: 01:54:09: root                               EvaluationManager.py <_prstr>179 :  # of dialogues  = 1000
RESULTS:: 01:54:09: root                               EvaluationManager.py <_prstr>179 :  Average reward  = 9.58 +- 0.48
RESULTS:: 01:54:09: root                               EvaluationManager.py <_prstr>179 :  Average success = 91.90 +- 1.69
RESULTS:: 01:54:09: root                               EvaluationManager.py <_prstr>179 :  Average turns   = 8.80 +- 0.26
RESULTS:: 01:54:09: root                                   pydial.py <setEvalConfig>470 :  *** Evaluating env1-LAP-tau_nodrop_4020_250100-seed5-00.8: error-rate=0 num-dialogs=500 ***
RESULTS:: 02:03:14: root                               EvaluationManager.py <_prstr>179 :  Results for domain: Laptops11 --evaluated by: objective success evaluator
RESULTS:: 02:03:14: root                               EvaluationManager.py <_prstr>179 :  # of dialogues  = 500
RESULTS:: 02:03:14: root                               EvaluationManager.py <_prstr>179 :  Average reward  = 11.49 +- 0.49
RESULTS:: 02:03:14: root                               EvaluationManager.py <_prstr>179 :  Average success = 96.00 +- 1.72
RESULTS:: 02:03:14: root                               EvaluationManager.py <_prstr>179 :  Average turns   = 7.71 +- 0.29
RESULTS:: 02:03:14: root                                   pydial.py <train_command>791 :  List of domains: Laptops11
RESULTS:: 02:03:14: root                                      pydial.py <trainBatch>409 :  *** Training Iteration env1-LAP-tau_nodrop_4020_250100-seed5-00.8->env1-LAP-tau_nodrop_4020_250100-seed5-00.9: iter=8, error-rate=0, num-dialogs=1000 ***
RESULTS:: 02:25:19: root                               EvaluationManager.py <_prstr>179 :  Results for domain: Laptops11 --evaluated by: objective success evaluator
RESULTS:: 02:25:19: root                               EvaluationManager.py <_prstr>179 :  # of dialogues  = 1000
RESULTS:: 02:25:19: root                               EvaluationManager.py <_prstr>179 :  Average reward  = 9.81 +- 0.46
RESULTS:: 02:25:19: root                               EvaluationManager.py <_prstr>179 :  Average success = 94.00 +- 1.47
RESULTS:: 02:25:19: root                               EvaluationManager.py <_prstr>179 :  Average turns   = 8.99 +- 0.27
RESULTS:: 02:25:19: root                                   pydial.py <setEvalConfig>470 :  *** Evaluating env1-LAP-tau_nodrop_4020_250100-seed5-00.9: error-rate=0 num-dialogs=500 ***
RESULTS:: 02:34:06: root                               EvaluationManager.py <_prstr>179 :  Results for domain: Laptops11 --evaluated by: objective success evaluator
RESULTS:: 02:34:06: root                               EvaluationManager.py <_prstr>179 :  # of dialogues  = 500
RESULTS:: 02:34:06: root                               EvaluationManager.py <_prstr>179 :  Average reward  = 10.93 +- 0.64
RESULTS:: 02:34:06: root                               EvaluationManager.py <_prstr>179 :  Average success = 91.80 +- 2.41
RESULTS:: 02:34:06: root                               EvaluationManager.py <_prstr>179 :  Average turns   = 7.43 +- 0.29
RESULTS:: 02:34:06: root                                   pydial.py <train_command>791 :  List of domains: Laptops11
RESULTS:: 02:34:06: root                                      pydial.py <trainBatch>409 :  *** Training Iteration env1-LAP-tau_nodrop_4020_250100-seed5-00.9->env1-LAP-tau_nodrop_4020_250100-seed5-00.10: iter=9, error-rate=0, num-dialogs=1000 ***
RESULTS:: 02:55:26: root                               EvaluationManager.py <_prstr>179 :  Results for domain: Laptops11 --evaluated by: objective success evaluator
RESULTS:: 02:55:26: root                               EvaluationManager.py <_prstr>179 :  # of dialogues  = 1000
RESULTS:: 02:55:26: root                               EvaluationManager.py <_prstr>179 :  Average reward  = 10.31 +- 0.41
RESULTS:: 02:55:26: root                               EvaluationManager.py <_prstr>179 :  Average success = 94.90 +- 1.37
RESULTS:: 02:55:26: root                               EvaluationManager.py <_prstr>179 :  Average turns   = 8.67 +- 0.24
RESULTS:: 02:55:26: root                                   pydial.py <setEvalConfig>470 :  *** Evaluating env1-LAP-tau_nodrop_4020_250100-seed5-00.10: error-rate=0 num-dialogs=500 ***
RESULTS:: 03:04:14: root                               EvaluationManager.py <_prstr>179 :  Results for domain: Laptops11 --evaluated by: objective success evaluator
RESULTS:: 03:04:14: root                               EvaluationManager.py <_prstr>179 :  # of dialogues  = 500
RESULTS:: 03:04:14: root                               EvaluationManager.py <_prstr>179 :  Average reward  = 9.67 +- 0.71
RESULTS:: 03:04:14: root                               EvaluationManager.py <_prstr>179 :  Average success = 85.80 +- 3.07
RESULTS:: 03:04:14: root                               EvaluationManager.py <_prstr>179 :  Average turns   = 7.49 +- 0.27
RESULTS:: 03:04:14: root                                   pydial.py <train_command>807 :  *** Training complete. log: env1-LAP-tau_nodrop_4020_250100-seed5-00.1-10.train.log - final policy is env1-LAP-tau_nodrop_4020_250100-00-10
