RESULTS:: 03:37:37: root                                   pydial.py <train_command>791 :  List of domains: Laptops11
RESULTS:: 03:37:37: root                                      pydial.py <trainBatch>409 :  *** Training Iteration env1-hdc-LAP-tau_nodrop-seed5-00.0->env1-hdc-LAP-tau_nodrop-seed5-00.1: iter=0, error-rate=0, num-dialogs=1000 ***
RESULTS:: 03:47:16: root                               EvaluationManager.py <_prstr>179 :  Results for domain: Laptops11 --evaluated by: objective success evaluator
RESULTS:: 03:47:16: root                               EvaluationManager.py <_prstr>179 :  # of dialogues  = 1000
RESULTS:: 03:47:16: root                               EvaluationManager.py <_prstr>179 :  Average reward  = 4.86 +- 0.70
RESULTS:: 03:47:16: root                               EvaluationManager.py <_prstr>179 :  Average success = 73.00 +- 2.75
RESULTS:: 03:47:16: root                               EvaluationManager.py <_prstr>179 :  Average turns   = 9.74 +- 0.30
RESULTS:: 03:47:16: root                                   pydial.py <setEvalConfig>470 :  *** Evaluating env1-hdc-LAP-tau_nodrop-seed5-00.1: error-rate=0 num-dialogs=1000 ***
RESULTS:: 03:53:35: root                               EvaluationManager.py <_prstr>179 :  Results for domain: Laptops11 --evaluated by: objective success evaluator
RESULTS:: 03:53:35: root                               EvaluationManager.py <_prstr>179 :  # of dialogues  = 1000
RESULTS:: 03:53:35: root                               EvaluationManager.py <_prstr>179 :  Average reward  = 6.78 +- 0.62
RESULTS:: 03:53:35: root                               EvaluationManager.py <_prstr>179 :  Average success = 69.40 +- 2.86
RESULTS:: 03:53:35: root                               EvaluationManager.py <_prstr>179 :  Average turns   = 7.10 +- 0.17
RESULTS:: 03:53:35: root                                   pydial.py <train_command>791 :  List of domains: Laptops11
RESULTS:: 03:53:35: root                                      pydial.py <trainBatch>409 :  *** Training Iteration env1-hdc-LAP-tau_nodrop-seed5-00.1->env1-hdc-LAP-tau_nodrop-seed5-00.2: iter=1, error-rate=0, num-dialogs=1000 ***
RESULTS:: 04:03:00: root                               EvaluationManager.py <_prstr>179 :  Results for domain: Laptops11 --evaluated by: objective success evaluator
RESULTS:: 04:03:00: root                               EvaluationManager.py <_prstr>179 :  # of dialogues  = 1000
RESULTS:: 04:03:00: root                               EvaluationManager.py <_prstr>179 :  Average reward  = 7.32 +- 0.60
RESULTS:: 04:03:00: root                               EvaluationManager.py <_prstr>179 :  Average success = 83.30 +- 2.31
RESULTS:: 04:03:00: root                               EvaluationManager.py <_prstr>179 :  Average turns   = 9.34 +- 0.28
RESULTS:: 04:03:00: root                                   pydial.py <setEvalConfig>470 :  *** Evaluating env1-hdc-LAP-tau_nodrop-seed5-00.2: error-rate=0 num-dialogs=1000 ***
RESULTS:: 04:09:30: root                               EvaluationManager.py <_prstr>179 :  Results for domain: Laptops11 --evaluated by: objective success evaluator
RESULTS:: 04:09:30: root                               EvaluationManager.py <_prstr>179 :  # of dialogues  = 1000
RESULTS:: 04:09:30: root                               EvaluationManager.py <_prstr>179 :  Average reward  = 6.86 +- 0.64
RESULTS:: 04:09:30: root                               EvaluationManager.py <_prstr>179 :  Average success = 70.80 +- 2.82
RESULTS:: 04:09:30: root                               EvaluationManager.py <_prstr>179 :  Average turns   = 7.30 +- 0.20
RESULTS:: 04:09:30: root                                   pydial.py <train_command>791 :  List of domains: Laptops11
RESULTS:: 04:09:30: root                                      pydial.py <trainBatch>409 :  *** Training Iteration env1-hdc-LAP-tau_nodrop-seed5-00.2->env1-hdc-LAP-tau_nodrop-seed5-00.3: iter=2, error-rate=0, num-dialogs=1000 ***
RESULTS:: 04:19:06: root                               EvaluationManager.py <_prstr>179 :  Results for domain: Laptops11 --evaluated by: objective success evaluator
RESULTS:: 04:19:06: root                               EvaluationManager.py <_prstr>179 :  # of dialogues  = 1000
RESULTS:: 04:19:06: root                               EvaluationManager.py <_prstr>179 :  Average reward  = 7.53 +- 0.61
RESULTS:: 04:19:06: root                               EvaluationManager.py <_prstr>179 :  Average success = 84.40 +- 2.25
RESULTS:: 04:19:06: root                               EvaluationManager.py <_prstr>179 :  Average turns   = 9.35 +- 0.28
RESULTS:: 04:19:06: root                                   pydial.py <setEvalConfig>470 :  *** Evaluating env1-hdc-LAP-tau_nodrop-seed5-00.3: error-rate=0 num-dialogs=1000 ***
RESULTS:: 04:26:23: root                               EvaluationManager.py <_prstr>179 :  Results for domain: Laptops11 --evaluated by: objective success evaluator
RESULTS:: 04:26:23: root                               EvaluationManager.py <_prstr>179 :  # of dialogues  = 1000
RESULTS:: 04:26:23: root                               EvaluationManager.py <_prstr>179 :  Average reward  = 7.17 +- 0.74
RESULTS:: 04:26:23: root                               EvaluationManager.py <_prstr>179 :  Average success = 78.70 +- 2.54
RESULTS:: 04:26:23: root                               EvaluationManager.py <_prstr>179 :  Average turns   = 8.57 +- 0.32
RESULTS:: 04:26:23: root                                   pydial.py <train_command>791 :  List of domains: Laptops11
RESULTS:: 04:26:23: root                                      pydial.py <trainBatch>409 :  *** Training Iteration env1-hdc-LAP-tau_nodrop-seed5-00.3->env1-hdc-LAP-tau_nodrop-seed5-00.4: iter=3, error-rate=0, num-dialogs=1000 ***
RESULTS:: 04:35:50: root                               EvaluationManager.py <_prstr>179 :  Results for domain: Laptops11 --evaluated by: objective success evaluator
RESULTS:: 04:35:50: root                               EvaluationManager.py <_prstr>179 :  # of dialogues  = 1000
RESULTS:: 04:35:50: root                               EvaluationManager.py <_prstr>179 :  Average reward  = 8.01 +- 0.61
RESULTS:: 04:35:50: root                               EvaluationManager.py <_prstr>179 :  Average success = 86.10 +- 2.15
RESULTS:: 04:35:50: root                               EvaluationManager.py <_prstr>179 :  Average turns   = 9.21 +- 0.29
RESULTS:: 04:35:50: root                                   pydial.py <setEvalConfig>470 :  *** Evaluating env1-hdc-LAP-tau_nodrop-seed5-00.4: error-rate=0 num-dialogs=1000 ***
RESULTS:: 04:42:21: root                               EvaluationManager.py <_prstr>179 :  Results for domain: Laptops11 --evaluated by: objective success evaluator
RESULTS:: 04:42:21: root                               EvaluationManager.py <_prstr>179 :  # of dialogues  = 1000
RESULTS:: 04:42:21: root                               EvaluationManager.py <_prstr>179 :  Average reward  = 8.05 +- 0.62
RESULTS:: 04:42:21: root                               EvaluationManager.py <_prstr>179 :  Average success = 77.90 +- 2.57
RESULTS:: 04:42:21: root                               EvaluationManager.py <_prstr>179 :  Average turns   = 7.53 +- 0.21
RESULTS:: 04:42:21: root                                   pydial.py <train_command>791 :  List of domains: Laptops11
RESULTS:: 04:42:21: root                                      pydial.py <trainBatch>409 :  *** Training Iteration env1-hdc-LAP-tau_nodrop-seed5-00.4->env1-hdc-LAP-tau_nodrop-seed5-00.5: iter=4, error-rate=0, num-dialogs=1000 ***
RESULTS:: 04:51:50: root                               EvaluationManager.py <_prstr>179 :  Results for domain: Laptops11 --evaluated by: objective success evaluator
RESULTS:: 04:51:50: root                               EvaluationManager.py <_prstr>179 :  # of dialogues  = 1000
RESULTS:: 04:51:50: root                               EvaluationManager.py <_prstr>179 :  Average reward  = 7.49 +- 0.61
RESULTS:: 04:51:50: root                               EvaluationManager.py <_prstr>179 :  Average success = 83.40 +- 2.31
RESULTS:: 04:51:50: root                               EvaluationManager.py <_prstr>179 :  Average turns   = 9.19 +- 0.28
RESULTS:: 04:51:50: root                                   pydial.py <setEvalConfig>470 :  *** Evaluating env1-hdc-LAP-tau_nodrop-seed5-00.5: error-rate=0 num-dialogs=1000 ***
RESULTS:: 04:58:55: root                               EvaluationManager.py <_prstr>179 :  Results for domain: Laptops11 --evaluated by: objective success evaluator
RESULTS:: 04:58:55: root                               EvaluationManager.py <_prstr>179 :  # of dialogues  = 1000
RESULTS:: 04:58:55: root                               EvaluationManager.py <_prstr>179 :  Average reward  = 9.87 +- 0.53
RESULTS:: 04:58:55: root                               EvaluationManager.py <_prstr>179 :  Average success = 89.00 +- 1.94
RESULTS:: 04:58:55: root                               EvaluationManager.py <_prstr>179 :  Average turns   = 7.93 +- 0.25
RESULTS:: 04:58:55: root                                   pydial.py <train_command>791 :  List of domains: Laptops11
RESULTS:: 04:58:55: root                                      pydial.py <trainBatch>409 :  *** Training Iteration env1-hdc-LAP-tau_nodrop-seed5-00.5->env1-hdc-LAP-tau_nodrop-seed5-00.6: iter=5, error-rate=0, num-dialogs=1000 ***
RESULTS:: 05:08:06: root                               EvaluationManager.py <_prstr>179 :  Results for domain: Laptops11 --evaluated by: objective success evaluator
RESULTS:: 05:08:06: root                               EvaluationManager.py <_prstr>179 :  # of dialogues  = 1000
RESULTS:: 05:08:06: root                               EvaluationManager.py <_prstr>179 :  Average reward  = 8.75 +- 0.55
RESULTS:: 05:08:06: root                               EvaluationManager.py <_prstr>179 :  Average success = 88.60 +- 1.97
RESULTS:: 05:08:06: root                               EvaluationManager.py <_prstr>179 :  Average turns   = 8.97 +- 0.27
RESULTS:: 05:08:06: root                                   pydial.py <setEvalConfig>470 :  *** Evaluating env1-hdc-LAP-tau_nodrop-seed5-00.6: error-rate=0 num-dialogs=1000 ***
RESULTS:: 05:14:48: root                               EvaluationManager.py <_prstr>179 :  Results for domain: Laptops11 --evaluated by: objective success evaluator
RESULTS:: 05:14:48: root                               EvaluationManager.py <_prstr>179 :  # of dialogues  = 1000
RESULTS:: 05:14:48: root                               EvaluationManager.py <_prstr>179 :  Average reward  = 8.17 +- 0.58
RESULTS:: 05:14:48: root                               EvaluationManager.py <_prstr>179 :  Average success = 79.10 +- 2.52
RESULTS:: 05:14:48: root                               EvaluationManager.py <_prstr>179 :  Average turns   = 7.65 +- 0.19
RESULTS:: 05:14:48: root                                   pydial.py <train_command>791 :  List of domains: Laptops11
RESULTS:: 05:14:48: root                                      pydial.py <trainBatch>409 :  *** Training Iteration env1-hdc-LAP-tau_nodrop-seed5-00.6->env1-hdc-LAP-tau_nodrop-seed5-00.7: iter=6, error-rate=0, num-dialogs=1000 ***
RESULTS:: 05:24:05: root                               EvaluationManager.py <_prstr>179 :  Results for domain: Laptops11 --evaluated by: objective success evaluator
RESULTS:: 05:24:05: root                               EvaluationManager.py <_prstr>179 :  # of dialogues  = 1000
RESULTS:: 05:24:05: root                               EvaluationManager.py <_prstr>179 :  Average reward  = 8.00 +- 0.56
RESULTS:: 05:24:05: root                               EvaluationManager.py <_prstr>179 :  Average success = 85.50 +- 2.18
RESULTS:: 05:24:05: root                               EvaluationManager.py <_prstr>179 :  Average turns   = 9.10 +- 0.27
RESULTS:: 05:24:05: root                                   pydial.py <setEvalConfig>470 :  *** Evaluating env1-hdc-LAP-tau_nodrop-seed5-00.7: error-rate=0 num-dialogs=1000 ***
RESULTS:: 05:30:49: root                               EvaluationManager.py <_prstr>179 :  Results for domain: Laptops11 --evaluated by: objective success evaluator
RESULTS:: 05:30:49: root                               EvaluationManager.py <_prstr>179 :  # of dialogues  = 1000
RESULTS:: 05:30:49: root                               EvaluationManager.py <_prstr>179 :  Average reward  = 7.80 +- 0.61
RESULTS:: 05:30:49: root                               EvaluationManager.py <_prstr>179 :  Average success = 76.80 +- 2.62
RESULTS:: 05:30:49: root                               EvaluationManager.py <_prstr>179 :  Average turns   = 7.56 +- 0.21
RESULTS:: 05:30:49: root                                   pydial.py <train_command>791 :  List of domains: Laptops11
RESULTS:: 05:30:49: root                                      pydial.py <trainBatch>409 :  *** Training Iteration env1-hdc-LAP-tau_nodrop-seed5-00.7->env1-hdc-LAP-tau_nodrop-seed5-00.8: iter=7, error-rate=0, num-dialogs=1000 ***
RESULTS:: 05:40:36: root                               EvaluationManager.py <_prstr>179 :  Results for domain: Laptops11 --evaluated by: objective success evaluator
RESULTS:: 05:40:36: root                               EvaluationManager.py <_prstr>179 :  # of dialogues  = 1000
RESULTS:: 05:40:36: root                               EvaluationManager.py <_prstr>179 :  Average reward  = 7.70 +- 0.59
RESULTS:: 05:40:36: root                               EvaluationManager.py <_prstr>179 :  Average success = 86.00 +- 2.15
RESULTS:: 05:40:36: root                               EvaluationManager.py <_prstr>179 :  Average turns   = 9.50 +- 0.29
RESULTS:: 05:40:36: root                                   pydial.py <setEvalConfig>470 :  *** Evaluating env1-hdc-LAP-tau_nodrop-seed5-00.8: error-rate=0 num-dialogs=1000 ***
RESULTS:: 05:47:14: root                               EvaluationManager.py <_prstr>179 :  Results for domain: Laptops11 --evaluated by: objective success evaluator
RESULTS:: 05:47:14: root                               EvaluationManager.py <_prstr>179 :  # of dialogues  = 1000
RESULTS:: 05:47:14: root                               EvaluationManager.py <_prstr>179 :  Average reward  = 3.40 +- 0.71
RESULTS:: 05:47:14: root                               EvaluationManager.py <_prstr>179 :  Average success = 55.60 +- 3.08
RESULTS:: 05:47:14: root                               EvaluationManager.py <_prstr>179 :  Average turns   = 7.72 +- 0.21
RESULTS:: 05:47:14: root                                   pydial.py <train_command>791 :  List of domains: Laptops11
RESULTS:: 05:47:14: root                                      pydial.py <trainBatch>409 :  *** Training Iteration env1-hdc-LAP-tau_nodrop-seed5-00.8->env1-hdc-LAP-tau_nodrop-seed5-00.9: iter=8, error-rate=0, num-dialogs=1000 ***
RESULTS:: 05:56:42: root                               EvaluationManager.py <_prstr>179 :  Results for domain: Laptops11 --evaluated by: objective success evaluator
RESULTS:: 05:56:42: root                               EvaluationManager.py <_prstr>179 :  # of dialogues  = 1000
RESULTS:: 05:56:42: root                               EvaluationManager.py <_prstr>179 :  Average reward  = 8.15 +- 0.56
RESULTS:: 05:56:42: root                               EvaluationManager.py <_prstr>179 :  Average success = 87.20 +- 2.07
RESULTS:: 05:56:42: root                               EvaluationManager.py <_prstr>179 :  Average turns   = 9.29 +- 0.27
RESULTS:: 05:56:42: root                                   pydial.py <setEvalConfig>470 :  *** Evaluating env1-hdc-LAP-tau_nodrop-seed5-00.9: error-rate=0 num-dialogs=1000 ***
RESULTS:: 06:03:19: root                               EvaluationManager.py <_prstr>179 :  Results for domain: Laptops11 --evaluated by: objective success evaluator
RESULTS:: 06:03:19: root                               EvaluationManager.py <_prstr>179 :  # of dialogues  = 1000
RESULTS:: 06:03:19: root                               EvaluationManager.py <_prstr>179 :  Average reward  = 6.97 +- 0.60
RESULTS:: 06:03:19: root                               EvaluationManager.py <_prstr>179 :  Average success = 72.90 +- 2.76
RESULTS:: 06:03:19: root                               EvaluationManager.py <_prstr>179 :  Average turns   = 7.61 +- 0.17
RESULTS:: 06:03:19: root                                   pydial.py <train_command>791 :  List of domains: Laptops11
RESULTS:: 06:03:19: root                                      pydial.py <trainBatch>409 :  *** Training Iteration env1-hdc-LAP-tau_nodrop-seed5-00.9->env1-hdc-LAP-tau_nodrop-seed5-00.10: iter=9, error-rate=0, num-dialogs=1000 ***
RESULTS:: 06:13:03: root                               EvaluationManager.py <_prstr>179 :  Results for domain: Laptops11 --evaluated by: objective success evaluator
RESULTS:: 06:13:03: root                               EvaluationManager.py <_prstr>179 :  # of dialogues  = 1000
RESULTS:: 06:13:03: root                               EvaluationManager.py <_prstr>179 :  Average reward  = 8.30 +- 0.57
RESULTS:: 06:13:03: root                               EvaluationManager.py <_prstr>179 :  Average success = 88.40 +- 1.99
RESULTS:: 06:13:03: root                               EvaluationManager.py <_prstr>179 :  Average turns   = 9.38 +- 0.30
RESULTS:: 06:13:03: root                                   pydial.py <setEvalConfig>470 :  *** Evaluating env1-hdc-LAP-tau_nodrop-seed5-00.10: error-rate=0 num-dialogs=1000 ***
RESULTS:: 06:19:56: root                               EvaluationManager.py <_prstr>179 :  Results for domain: Laptops11 --evaluated by: objective success evaluator
RESULTS:: 06:19:56: root                               EvaluationManager.py <_prstr>179 :  # of dialogues  = 1000
RESULTS:: 06:19:56: root                               EvaluationManager.py <_prstr>179 :  Average reward  = 7.61 +- 0.61
RESULTS:: 06:19:56: root                               EvaluationManager.py <_prstr>179 :  Average success = 76.10 +- 2.65
RESULTS:: 06:19:56: root                               EvaluationManager.py <_prstr>179 :  Average turns   = 7.61 +- 0.19
RESULTS:: 06:19:56: root                                   pydial.py <train_command>807 :  *** Training complete. log: env1-hdc-LAP-tau_nodrop-seed5-00.1-10.train.log - final policy is env1-hdc-LAP-tau_nodrop-00-10
