RESULTS:: 18:53:21: root                                   pydial.py <train_command>791 :  List of domains: Laptops11
RESULTS:: 18:53:21: root                                      pydial.py <trainBatch>409 :  *** Training Iteration env1-hdc-LAP-tau_nodrop-seed3-00.0->env1-hdc-LAP-tau_nodrop-seed3-00.1: iter=0, error-rate=0, num-dialogs=1000 ***
RESULTS:: 19:22:09: root                               EvaluationManager.py <_prstr>179 :  Results for domain: Laptops11 --evaluated by: objective success evaluator
RESULTS:: 19:22:09: root                               EvaluationManager.py <_prstr>179 :  # of dialogues  = 1000
RESULTS:: 19:22:09: root                               EvaluationManager.py <_prstr>179 :  Average reward  = 5.81 +- 0.65
RESULTS:: 19:22:09: root                               EvaluationManager.py <_prstr>179 :  Average success = 74.90 +- 2.69
RESULTS:: 19:22:09: root                               EvaluationManager.py <_prstr>179 :  Average turns   = 9.17 +- 0.26
RESULTS:: 19:22:09: root                                   pydial.py <setEvalConfig>470 :  *** Evaluating env1-hdc-LAP-tau_nodrop-seed3-00.1: error-rate=0 num-dialogs=1000 ***
RESULTS:: 19:31:36: root                               EvaluationManager.py <_prstr>179 :  Results for domain: Laptops11 --evaluated by: objective success evaluator
RESULTS:: 19:31:36: root                               EvaluationManager.py <_prstr>179 :  # of dialogues  = 1000
RESULTS:: 19:31:36: root                               EvaluationManager.py <_prstr>179 :  Average reward  = 8.21 +- 0.58
RESULTS:: 19:31:36: root                               EvaluationManager.py <_prstr>179 :  Average success = 77.40 +- 2.60
RESULTS:: 19:31:36: root                               EvaluationManager.py <_prstr>179 :  Average turns   = 7.28 +- 0.17
RESULTS:: 19:31:36: root                                   pydial.py <train_command>791 :  List of domains: Laptops11
RESULTS:: 19:31:36: root                                      pydial.py <trainBatch>409 :  *** Training Iteration env1-hdc-LAP-tau_nodrop-seed3-00.1->env1-hdc-LAP-tau_nodrop-seed3-00.2: iter=1, error-rate=0, num-dialogs=1000 ***
RESULTS:: 20:01:50: root                               EvaluationManager.py <_prstr>179 :  Results for domain: Laptops11 --evaluated by: objective success evaluator
RESULTS:: 20:01:50: root                               EvaluationManager.py <_prstr>179 :  # of dialogues  = 1000
RESULTS:: 20:01:50: root                               EvaluationManager.py <_prstr>179 :  Average reward  = 7.75 +- 0.57
RESULTS:: 20:01:50: root                               EvaluationManager.py <_prstr>179 :  Average success = 84.50 +- 2.25
RESULTS:: 20:01:50: root                               EvaluationManager.py <_prstr>179 :  Average turns   = 9.15 +- 0.27
RESULTS:: 20:01:50: root                                   pydial.py <setEvalConfig>470 :  *** Evaluating env1-hdc-LAP-tau_nodrop-seed3-00.2: error-rate=0 num-dialogs=1000 ***
RESULTS:: 20:12:21: root                               EvaluationManager.py <_prstr>179 :  Results for domain: Laptops11 --evaluated by: objective success evaluator
RESULTS:: 20:12:21: root                               EvaluationManager.py <_prstr>179 :  # of dialogues  = 1000
RESULTS:: 20:12:21: root                               EvaluationManager.py <_prstr>179 :  Average reward  = 7.27 +- 0.67
RESULTS:: 20:12:21: root                               EvaluationManager.py <_prstr>179 :  Average success = 76.40 +- 2.63
RESULTS:: 20:12:21: root                               EvaluationManager.py <_prstr>179 :  Average turns   = 8.01 +- 0.27
RESULTS:: 20:12:21: root                                   pydial.py <train_command>791 :  List of domains: Laptops11
RESULTS:: 20:12:21: root                                      pydial.py <trainBatch>409 :  *** Training Iteration env1-hdc-LAP-tau_nodrop-seed3-00.2->env1-hdc-LAP-tau_nodrop-seed3-00.3: iter=2, error-rate=0, num-dialogs=1000 ***
RESULTS:: 20:42:56: root                               EvaluationManager.py <_prstr>179 :  Results for domain: Laptops11 --evaluated by: objective success evaluator
RESULTS:: 20:42:56: root                               EvaluationManager.py <_prstr>179 :  # of dialogues  = 1000
RESULTS:: 20:42:56: root                               EvaluationManager.py <_prstr>179 :  Average reward  = 5.91 +- 0.69
RESULTS:: 20:42:56: root                               EvaluationManager.py <_prstr>179 :  Average success = 77.90 +- 2.57
RESULTS:: 20:42:56: root                               EvaluationManager.py <_prstr>179 :  Average turns   = 9.67 +- 0.30
RESULTS:: 20:42:56: root                                   pydial.py <setEvalConfig>470 :  *** Evaluating env1-hdc-LAP-tau_nodrop-seed3-00.3: error-rate=0 num-dialogs=1000 ***
RESULTS:: 20:53:07: root                               EvaluationManager.py <_prstr>179 :  Results for domain: Laptops11 --evaluated by: objective success evaluator
RESULTS:: 20:53:07: root                               EvaluationManager.py <_prstr>179 :  # of dialogues  = 1000
RESULTS:: 20:53:07: root                               EvaluationManager.py <_prstr>179 :  Average reward  = 8.54 +- 0.61
RESULTS:: 20:53:07: root                               EvaluationManager.py <_prstr>179 :  Average success = 82.00 +- 2.38
RESULTS:: 20:53:07: root                               EvaluationManager.py <_prstr>179 :  Average turns   = 7.86 +- 0.24
RESULTS:: 20:53:07: root                                   pydial.py <train_command>791 :  List of domains: Laptops11
RESULTS:: 20:53:07: root                                      pydial.py <trainBatch>409 :  *** Training Iteration env1-hdc-LAP-tau_nodrop-seed3-00.3->env1-hdc-LAP-tau_nodrop-seed3-00.4: iter=3, error-rate=0, num-dialogs=1000 ***
RESULTS:: 21:23:03: root                               EvaluationManager.py <_prstr>179 :  Results for domain: Laptops11 --evaluated by: objective success evaluator
RESULTS:: 21:23:03: root                               EvaluationManager.py <_prstr>179 :  # of dialogues  = 1000
RESULTS:: 21:23:03: root                               EvaluationManager.py <_prstr>179 :  Average reward  = 7.18 +- 0.62
RESULTS:: 21:23:03: root                               EvaluationManager.py <_prstr>179 :  Average success = 82.30 +- 2.37
RESULTS:: 21:23:03: root                               EvaluationManager.py <_prstr>179 :  Average turns   = 9.28 +- 0.28
RESULTS:: 21:23:03: root                                   pydial.py <setEvalConfig>470 :  *** Evaluating env1-hdc-LAP-tau_nodrop-seed3-00.4: error-rate=0 num-dialogs=1000 ***
RESULTS:: 21:32:44: root                               EvaluationManager.py <_prstr>179 :  Results for domain: Laptops11 --evaluated by: objective success evaluator
RESULTS:: 21:32:44: root                               EvaluationManager.py <_prstr>179 :  # of dialogues  = 1000
RESULTS:: 21:32:44: root                               EvaluationManager.py <_prstr>179 :  Average reward  = 6.79 +- 0.63
RESULTS:: 21:32:44: root                               EvaluationManager.py <_prstr>179 :  Average success = 71.10 +- 2.81
RESULTS:: 21:32:44: root                               EvaluationManager.py <_prstr>179 :  Average turns   = 7.43 +- 0.20
RESULTS:: 21:32:44: root                                   pydial.py <train_command>791 :  List of domains: Laptops11
RESULTS:: 21:32:44: root                                      pydial.py <trainBatch>409 :  *** Training Iteration env1-hdc-LAP-tau_nodrop-seed3-00.4->env1-hdc-LAP-tau_nodrop-seed3-00.5: iter=4, error-rate=0, num-dialogs=1000 ***
RESULTS:: 22:02:33: root                               EvaluationManager.py <_prstr>179 :  Results for domain: Laptops11 --evaluated by: objective success evaluator
RESULTS:: 22:02:33: root                               EvaluationManager.py <_prstr>179 :  # of dialogues  = 1000
RESULTS:: 22:02:33: root                               EvaluationManager.py <_prstr>179 :  Average reward  = 6.65 +- 0.63
RESULTS:: 22:02:33: root                               EvaluationManager.py <_prstr>179 :  Average success = 80.20 +- 2.47
RESULTS:: 22:02:33: root                               EvaluationManager.py <_prstr>179 :  Average turns   = 9.39 +- 0.27
RESULTS:: 22:02:33: root                                   pydial.py <setEvalConfig>470 :  *** Evaluating env1-hdc-LAP-tau_nodrop-seed3-00.5: error-rate=0 num-dialogs=1000 ***
RESULTS:: 22:12:16: root                               EvaluationManager.py <_prstr>179 :  Results for domain: Laptops11 --evaluated by: objective success evaluator
RESULTS:: 22:12:16: root                               EvaluationManager.py <_prstr>179 :  # of dialogues  = 1000
RESULTS:: 22:12:16: root                               EvaluationManager.py <_prstr>179 :  Average reward  = 6.74 +- 0.61
RESULTS:: 22:12:16: root                               EvaluationManager.py <_prstr>179 :  Average success = 69.50 +- 2.86
RESULTS:: 22:12:16: root                               EvaluationManager.py <_prstr>179 :  Average turns   = 7.16 +- 0.16
RESULTS:: 22:12:16: root                                   pydial.py <train_command>791 :  List of domains: Laptops11
RESULTS:: 22:12:16: root                                      pydial.py <trainBatch>409 :  *** Training Iteration env1-hdc-LAP-tau_nodrop-seed3-00.5->env1-hdc-LAP-tau_nodrop-seed3-00.6: iter=5, error-rate=0, num-dialogs=1000 ***
RESULTS:: 22:42:26: root                               EvaluationManager.py <_prstr>179 :  Results for domain: Laptops11 --evaluated by: objective success evaluator
RESULTS:: 22:42:26: root                               EvaluationManager.py <_prstr>179 :  # of dialogues  = 1000
RESULTS:: 22:42:26: root                               EvaluationManager.py <_prstr>179 :  Average reward  = 8.81 +- 0.51
RESULTS:: 22:42:26: root                               EvaluationManager.py <_prstr>179 :  Average success = 88.60 +- 1.97
RESULTS:: 22:42:26: root                               EvaluationManager.py <_prstr>179 :  Average turns   = 8.91 +- 0.26
RESULTS:: 22:42:26: root                                   pydial.py <setEvalConfig>470 :  *** Evaluating env1-hdc-LAP-tau_nodrop-seed3-00.6: error-rate=0 num-dialogs=1000 ***
RESULTS:: 22:52:25: root                               EvaluationManager.py <_prstr>179 :  Results for domain: Laptops11 --evaluated by: objective success evaluator
RESULTS:: 22:52:25: root                               EvaluationManager.py <_prstr>179 :  # of dialogues  = 1000
RESULTS:: 22:52:25: root                               EvaluationManager.py <_prstr>179 :  Average reward  = 9.24 +- 0.52
RESULTS:: 22:52:25: root                               EvaluationManager.py <_prstr>179 :  Average success = 83.30 +- 2.31
RESULTS:: 22:52:25: root                               EvaluationManager.py <_prstr>179 :  Average turns   = 7.42 +- 0.16
RESULTS:: 22:52:25: root                                   pydial.py <train_command>791 :  List of domains: Laptops11
RESULTS:: 22:52:25: root                                      pydial.py <trainBatch>409 :  *** Training Iteration env1-hdc-LAP-tau_nodrop-seed3-00.6->env1-hdc-LAP-tau_nodrop-seed3-00.7: iter=6, error-rate=0, num-dialogs=1000 ***
RESULTS:: 23:22:51: root                               EvaluationManager.py <_prstr>179 :  Results for domain: Laptops11 --evaluated by: objective success evaluator
RESULTS:: 23:22:51: root                               EvaluationManager.py <_prstr>179 :  # of dialogues  = 1000
RESULTS:: 23:22:51: root                               EvaluationManager.py <_prstr>179 :  Average reward  = 7.70 +- 0.60
RESULTS:: 23:22:51: root                               EvaluationManager.py <_prstr>179 :  Average success = 86.20 +- 2.14
RESULTS:: 23:22:51: root                               EvaluationManager.py <_prstr>179 :  Average turns   = 9.54 +- 0.29
RESULTS:: 23:22:51: root                                   pydial.py <setEvalConfig>470 :  *** Evaluating env1-hdc-LAP-tau_nodrop-seed3-00.7: error-rate=0 num-dialogs=1000 ***
RESULTS:: 23:33:09: root                               EvaluationManager.py <_prstr>179 :  Results for domain: Laptops11 --evaluated by: objective success evaluator
RESULTS:: 23:33:09: root                               EvaluationManager.py <_prstr>179 :  # of dialogues  = 1000
RESULTS:: 23:33:09: root                               EvaluationManager.py <_prstr>179 :  Average reward  = 6.95 +- 0.63
RESULTS:: 23:33:09: root                               EvaluationManager.py <_prstr>179 :  Average success = 73.40 +- 2.74
RESULTS:: 23:33:09: root                               EvaluationManager.py <_prstr>179 :  Average turns   = 7.74 +- 0.19
RESULTS:: 23:33:09: root                                   pydial.py <train_command>791 :  List of domains: Laptops11
RESULTS:: 23:33:09: root                                      pydial.py <trainBatch>409 :  *** Training Iteration env1-hdc-LAP-tau_nodrop-seed3-00.7->env1-hdc-LAP-tau_nodrop-seed3-00.8: iter=7, error-rate=0, num-dialogs=1000 ***
RESULTS:: 00:03:23: root                               EvaluationManager.py <_prstr>179 :  Results for domain: Laptops11 --evaluated by: objective success evaluator
RESULTS:: 00:03:23: root                               EvaluationManager.py <_prstr>179 :  # of dialogues  = 1000
RESULTS:: 00:03:23: root                               EvaluationManager.py <_prstr>179 :  Average reward  = 7.76 +- 0.58
RESULTS:: 00:03:23: root                               EvaluationManager.py <_prstr>179 :  Average success = 84.60 +- 2.24
RESULTS:: 00:03:23: root                               EvaluationManager.py <_prstr>179 :  Average turns   = 9.16 +- 0.27
RESULTS:: 00:03:23: root                                   pydial.py <setEvalConfig>470 :  *** Evaluating env1-hdc-LAP-tau_nodrop-seed3-00.8: error-rate=0 num-dialogs=1000 ***
RESULTS:: 00:12:45: root                               EvaluationManager.py <_prstr>179 :  Results for domain: Laptops11 --evaluated by: objective success evaluator
RESULTS:: 00:12:45: root                               EvaluationManager.py <_prstr>179 :  # of dialogues  = 1000
RESULTS:: 00:12:45: root                               EvaluationManager.py <_prstr>179 :  Average reward  = 9.96 +- 0.49
RESULTS:: 00:12:45: root                               EvaluationManager.py <_prstr>179 :  Average success = 87.00 +- 2.09
RESULTS:: 00:12:45: root                               EvaluationManager.py <_prstr>179 :  Average turns   = 7.43 +- 0.18
RESULTS:: 00:12:45: root                                   pydial.py <train_command>791 :  List of domains: Laptops11
RESULTS:: 00:12:45: root                                      pydial.py <trainBatch>409 :  *** Training Iteration env1-hdc-LAP-tau_nodrop-seed3-00.8->env1-hdc-LAP-tau_nodrop-seed3-00.9: iter=8, error-rate=0, num-dialogs=1000 ***
RESULTS:: 00:29:18: root                               EvaluationManager.py <_prstr>179 :  Results for domain: Laptops11 --evaluated by: objective success evaluator
RESULTS:: 00:29:18: root                               EvaluationManager.py <_prstr>179 :  # of dialogues  = 1000
RESULTS:: 00:29:18: root                               EvaluationManager.py <_prstr>179 :  Average reward  = 8.30 +- 0.56
RESULTS:: 00:29:18: root                               EvaluationManager.py <_prstr>179 :  Average success = 86.80 +- 2.10
RESULTS:: 00:29:18: root                               EvaluationManager.py <_prstr>179 :  Average turns   = 9.06 +- 0.27
RESULTS:: 00:29:18: root                                   pydial.py <setEvalConfig>470 :  *** Evaluating env1-hdc-LAP-tau_nodrop-seed3-00.9: error-rate=0 num-dialogs=1000 ***
RESULTS:: 00:36:06: root                               EvaluationManager.py <_prstr>179 :  Results for domain: Laptops11 --evaluated by: objective success evaluator
RESULTS:: 00:36:06: root                               EvaluationManager.py <_prstr>179 :  # of dialogues  = 1000
RESULTS:: 00:36:06: root                               EvaluationManager.py <_prstr>179 :  Average reward  = 7.00 +- 0.64
RESULTS:: 00:36:06: root                               EvaluationManager.py <_prstr>179 :  Average success = 73.80 +- 2.73
RESULTS:: 00:36:06: root                               EvaluationManager.py <_prstr>179 :  Average turns   = 7.76 +- 0.21
RESULTS:: 00:36:06: root                                   pydial.py <train_command>791 :  List of domains: Laptops11
RESULTS:: 00:36:06: root                                      pydial.py <trainBatch>409 :  *** Training Iteration env1-hdc-LAP-tau_nodrop-seed3-00.9->env1-hdc-LAP-tau_nodrop-seed3-00.10: iter=9, error-rate=0, num-dialogs=1000 ***
RESULTS:: 00:45:58: root                               EvaluationManager.py <_prstr>179 :  Results for domain: Laptops11 --evaluated by: objective success evaluator
RESULTS:: 00:45:58: root                               EvaluationManager.py <_prstr>179 :  # of dialogues  = 1000
RESULTS:: 00:45:58: root                               EvaluationManager.py <_prstr>179 :  Average reward  = 6.88 +- 0.62
RESULTS:: 00:45:58: root                               EvaluationManager.py <_prstr>179 :  Average success = 82.60 +- 2.35
RESULTS:: 00:45:58: root                               EvaluationManager.py <_prstr>179 :  Average turns   = 9.64 +- 0.29
RESULTS:: 00:45:58: root                                   pydial.py <setEvalConfig>470 :  *** Evaluating env1-hdc-LAP-tau_nodrop-seed3-00.10: error-rate=0 num-dialogs=1000 ***
RESULTS:: 00:53:01: root                               EvaluationManager.py <_prstr>179 :  Results for domain: Laptops11 --evaluated by: objective success evaluator
RESULTS:: 00:53:01: root                               EvaluationManager.py <_prstr>179 :  # of dialogues  = 1000
RESULTS:: 00:53:01: root                               EvaluationManager.py <_prstr>179 :  Average reward  = 6.03 +- 0.69
RESULTS:: 00:53:01: root                               EvaluationManager.py <_prstr>179 :  Average success = 71.20 +- 2.81
RESULTS:: 00:53:01: root                               EvaluationManager.py <_prstr>179 :  Average turns   = 8.21 +- 0.25
RESULTS:: 00:53:01: root                                   pydial.py <train_command>807 :  *** Training complete. log: env1-hdc-LAP-tau_nodrop-seed3-00.1-10.train.log - final policy is env1-hdc-LAP-tau_nodrop-00-10
