RESULTS:: 06:19:56: root                                   pydial.py <train_command>791 :  List of domains: Laptops11
RESULTS:: 06:19:56: root                                      pydial.py <trainBatch>409 :  *** Training Iteration env1-hdc-LAP-tau_nodrop-seed6-00.0->env1-hdc-LAP-tau_nodrop-seed6-00.1: iter=0, error-rate=0, num-dialogs=1000 ***
RESULTS:: 06:29:13: root                               EvaluationManager.py <_prstr>179 :  Results for domain: Laptops11 --evaluated by: objective success evaluator
RESULTS:: 06:29:13: root                               EvaluationManager.py <_prstr>179 :  # of dialogues  = 1000
RESULTS:: 06:29:13: root                               EvaluationManager.py <_prstr>179 :  Average reward  = 5.01 +- 0.67
RESULTS:: 06:29:13: root                               EvaluationManager.py <_prstr>179 :  Average success = 71.90 +- 2.79
RESULTS:: 06:29:13: root                               EvaluationManager.py <_prstr>179 :  Average turns   = 9.37 +- 0.26
RESULTS:: 06:29:13: root                                   pydial.py <setEvalConfig>470 :  *** Evaluating env1-hdc-LAP-tau_nodrop-seed6-00.1: error-rate=0 num-dialogs=1000 ***
RESULTS:: 06:35:40: root                               EvaluationManager.py <_prstr>179 :  Results for domain: Laptops11 --evaluated by: objective success evaluator
RESULTS:: 06:35:40: root                               EvaluationManager.py <_prstr>179 :  # of dialogues  = 1000
RESULTS:: 06:35:40: root                               EvaluationManager.py <_prstr>179 :  Average reward  = 7.95 +- 0.56
RESULTS:: 06:35:40: root                               EvaluationManager.py <_prstr>179 :  Average success = 76.50 +- 2.63
RESULTS:: 06:35:40: root                               EvaluationManager.py <_prstr>179 :  Average turns   = 7.35 +- 0.15
RESULTS:: 06:35:40: root                                   pydial.py <train_command>791 :  List of domains: Laptops11
RESULTS:: 06:35:40: root                                      pydial.py <trainBatch>409 :  *** Training Iteration env1-hdc-LAP-tau_nodrop-seed6-00.1->env1-hdc-LAP-tau_nodrop-seed6-00.2: iter=1, error-rate=0, num-dialogs=1000 ***
RESULTS:: 06:44:58: root                               EvaluationManager.py <_prstr>179 :  Results for domain: Laptops11 --evaluated by: objective success evaluator
RESULTS:: 06:44:58: root                               EvaluationManager.py <_prstr>179 :  # of dialogues  = 1000
RESULTS:: 06:44:58: root                               EvaluationManager.py <_prstr>179 :  Average reward  = 8.32 +- 0.53
RESULTS:: 06:44:58: root                               EvaluationManager.py <_prstr>179 :  Average success = 86.50 +- 2.12
RESULTS:: 06:44:58: root                               EvaluationManager.py <_prstr>179 :  Average turns   = 8.98 +- 0.25
RESULTS:: 06:44:58: root                                   pydial.py <setEvalConfig>470 :  *** Evaluating env1-hdc-LAP-tau_nodrop-seed6-00.2: error-rate=0 num-dialogs=1000 ***
RESULTS:: 06:51:31: root                               EvaluationManager.py <_prstr>179 :  Results for domain: Laptops11 --evaluated by: objective success evaluator
RESULTS:: 06:51:31: root                               EvaluationManager.py <_prstr>179 :  # of dialogues  = 1000
RESULTS:: 06:51:31: root                               EvaluationManager.py <_prstr>179 :  Average reward  = 9.26 +- 0.54
RESULTS:: 06:51:31: root                               EvaluationManager.py <_prstr>179 :  Average success = 82.90 +- 2.34
RESULTS:: 06:51:31: root                               EvaluationManager.py <_prstr>179 :  Average turns   = 7.32 +- 0.18
RESULTS:: 06:51:31: root                                   pydial.py <train_command>791 :  List of domains: Laptops11
RESULTS:: 06:51:31: root                                      pydial.py <trainBatch>409 :  *** Training Iteration env1-hdc-LAP-tau_nodrop-seed6-00.2->env1-hdc-LAP-tau_nodrop-seed6-00.3: iter=2, error-rate=0, num-dialogs=1000 ***
RESULTS:: 07:01:07: root                               EvaluationManager.py <_prstr>179 :  Results for domain: Laptops11 --evaluated by: objective success evaluator
RESULTS:: 07:01:07: root                               EvaluationManager.py <_prstr>179 :  # of dialogues  = 1000
RESULTS:: 07:01:07: root                               EvaluationManager.py <_prstr>179 :  Average reward  = 8.17 +- 0.58
RESULTS:: 07:01:07: root                               EvaluationManager.py <_prstr>179 :  Average success = 86.90 +- 2.09
RESULTS:: 07:01:07: root                               EvaluationManager.py <_prstr>179 :  Average turns   = 9.21 +- 0.28
RESULTS:: 07:01:07: root                                   pydial.py <setEvalConfig>470 :  *** Evaluating env1-hdc-LAP-tau_nodrop-seed6-00.3: error-rate=0 num-dialogs=1000 ***
RESULTS:: 07:08:03: root                               EvaluationManager.py <_prstr>179 :  Results for domain: Laptops11 --evaluated by: objective success evaluator
RESULTS:: 07:08:03: root                               EvaluationManager.py <_prstr>179 :  # of dialogues  = 1000
RESULTS:: 07:08:03: root                               EvaluationManager.py <_prstr>179 :  Average reward  = 3.81 +- 0.73
RESULTS:: 07:08:03: root                               EvaluationManager.py <_prstr>179 :  Average success = 59.10 +- 3.05
RESULTS:: 07:08:03: root                               EvaluationManager.py <_prstr>179 :  Average turns   = 8.01 +- 0.26
RESULTS:: 07:08:03: root                                   pydial.py <train_command>791 :  List of domains: Laptops11
RESULTS:: 07:08:03: root                                      pydial.py <trainBatch>409 :  *** Training Iteration env1-hdc-LAP-tau_nodrop-seed6-00.3->env1-hdc-LAP-tau_nodrop-seed6-00.4: iter=3, error-rate=0, num-dialogs=1000 ***
RESULTS:: 07:17:31: root                               EvaluationManager.py <_prstr>179 :  Results for domain: Laptops11 --evaluated by: objective success evaluator
RESULTS:: 07:17:31: root                               EvaluationManager.py <_prstr>179 :  # of dialogues  = 1000
RESULTS:: 07:17:31: root                               EvaluationManager.py <_prstr>179 :  Average reward  = 7.88 +- 0.58
RESULTS:: 07:17:31: root                               EvaluationManager.py <_prstr>179 :  Average success = 85.80 +- 2.17
RESULTS:: 07:17:31: root                               EvaluationManager.py <_prstr>179 :  Average turns   = 9.28 +- 0.28
RESULTS:: 07:17:31: root                                   pydial.py <setEvalConfig>470 :  *** Evaluating env1-hdc-LAP-tau_nodrop-seed6-00.4: error-rate=0 num-dialogs=1000 ***
RESULTS:: 07:23:34: root                               EvaluationManager.py <_prstr>179 :  Results for domain: Laptops11 --evaluated by: objective success evaluator
RESULTS:: 07:23:34: root                               EvaluationManager.py <_prstr>179 :  # of dialogues  = 1000
RESULTS:: 07:23:34: root                               EvaluationManager.py <_prstr>179 :  Average reward  = 4.37 +- 0.64
RESULTS:: 07:23:34: root                               EvaluationManager.py <_prstr>179 :  Average success = 56.50 +- 3.08
RESULTS:: 07:23:34: root                               EvaluationManager.py <_prstr>179 :  Average turns   = 6.93 +- 0.12
RESULTS:: 07:23:34: root                                   pydial.py <train_command>791 :  List of domains: Laptops11
RESULTS:: 07:23:34: root                                      pydial.py <trainBatch>409 :  *** Training Iteration env1-hdc-LAP-tau_nodrop-seed6-00.4->env1-hdc-LAP-tau_nodrop-seed6-00.5: iter=4, error-rate=0, num-dialogs=1000 ***
RESULTS:: 07:33:03: root                               EvaluationManager.py <_prstr>179 :  Results for domain: Laptops11 --evaluated by: objective success evaluator
RESULTS:: 07:33:03: root                               EvaluationManager.py <_prstr>179 :  # of dialogues  = 1000
RESULTS:: 07:33:03: root                               EvaluationManager.py <_prstr>179 :  Average reward  = 7.83 +- 0.59
RESULTS:: 07:33:03: root                               EvaluationManager.py <_prstr>179 :  Average success = 85.10 +- 2.21
RESULTS:: 07:33:03: root                               EvaluationManager.py <_prstr>179 :  Average turns   = 9.19 +- 0.28
RESULTS:: 07:33:03: root                                   pydial.py <setEvalConfig>470 :  *** Evaluating env1-hdc-LAP-tau_nodrop-seed6-00.5: error-rate=0 num-dialogs=1000 ***
RESULTS:: 07:40:04: root                               EvaluationManager.py <_prstr>179 :  Results for domain: Laptops11 --evaluated by: objective success evaluator
RESULTS:: 07:40:04: root                               EvaluationManager.py <_prstr>179 :  # of dialogues  = 1000
RESULTS:: 07:40:04: root                               EvaluationManager.py <_prstr>179 :  Average reward  = 9.34 +- 0.54
RESULTS:: 07:40:04: root                               EvaluationManager.py <_prstr>179 :  Average success = 86.20 +- 2.14
RESULTS:: 07:40:04: root                               EvaluationManager.py <_prstr>179 :  Average turns   = 7.90 +- 0.23
RESULTS:: 07:40:04: root                                   pydial.py <train_command>791 :  List of domains: Laptops11
RESULTS:: 07:40:04: root                                      pydial.py <trainBatch>409 :  *** Training Iteration env1-hdc-LAP-tau_nodrop-seed6-00.5->env1-hdc-LAP-tau_nodrop-seed6-00.6: iter=5, error-rate=0, num-dialogs=1000 ***
RESULTS:: 07:49:54: root                               EvaluationManager.py <_prstr>179 :  Results for domain: Laptops11 --evaluated by: objective success evaluator
RESULTS:: 07:49:54: root                               EvaluationManager.py <_prstr>179 :  # of dialogues  = 1000
RESULTS:: 07:49:54: root                               EvaluationManager.py <_prstr>179 :  Average reward  = 7.32 +- 0.62
RESULTS:: 07:49:54: root                               EvaluationManager.py <_prstr>179 :  Average success = 85.20 +- 2.20
RESULTS:: 07:49:54: root                               EvaluationManager.py <_prstr>179 :  Average turns   = 9.72 +- 0.29
RESULTS:: 07:49:54: root                                   pydial.py <setEvalConfig>470 :  *** Evaluating env1-hdc-LAP-tau_nodrop-seed6-00.6: error-rate=0 num-dialogs=1000 ***
RESULTS:: 07:56:33: root                               EvaluationManager.py <_prstr>179 :  Results for domain: Laptops11 --evaluated by: objective success evaluator
RESULTS:: 07:56:33: root                               EvaluationManager.py <_prstr>179 :  # of dialogues  = 1000
RESULTS:: 07:56:33: root                               EvaluationManager.py <_prstr>179 :  Average reward  = 9.66 +- 0.52
RESULTS:: 07:56:33: root                               EvaluationManager.py <_prstr>179 :  Average success = 86.00 +- 2.15
RESULTS:: 07:56:33: root                               EvaluationManager.py <_prstr>179 :  Average turns   = 7.54 +- 0.19
RESULTS:: 07:56:33: root                                   pydial.py <train_command>791 :  List of domains: Laptops11
RESULTS:: 07:56:33: root                                      pydial.py <trainBatch>409 :  *** Training Iteration env1-hdc-LAP-tau_nodrop-seed6-00.6->env1-hdc-LAP-tau_nodrop-seed6-00.7: iter=6, error-rate=0, num-dialogs=1000 ***
RESULTS:: 08:05:59: root                               EvaluationManager.py <_prstr>179 :  Results for domain: Laptops11 --evaluated by: objective success evaluator
RESULTS:: 08:05:59: root                               EvaluationManager.py <_prstr>179 :  # of dialogues  = 1000
RESULTS:: 08:05:59: root                               EvaluationManager.py <_prstr>179 :  Average reward  = 7.25 +- 0.63
RESULTS:: 08:05:59: root                               EvaluationManager.py <_prstr>179 :  Average success = 83.20 +- 2.32
RESULTS:: 08:05:59: root                               EvaluationManager.py <_prstr>179 :  Average turns   = 9.39 +- 0.30
RESULTS:: 08:05:59: root                                   pydial.py <setEvalConfig>470 :  *** Evaluating env1-hdc-LAP-tau_nodrop-seed6-00.7: error-rate=0 num-dialogs=1000 ***
RESULTS:: 08:12:37: root                               EvaluationManager.py <_prstr>179 :  Results for domain: Laptops11 --evaluated by: objective success evaluator
RESULTS:: 08:12:37: root                               EvaluationManager.py <_prstr>179 :  # of dialogues  = 1000
RESULTS:: 08:12:37: root                               EvaluationManager.py <_prstr>179 :  Average reward  = 7.37 +- 0.62
RESULTS:: 08:12:37: root                               EvaluationManager.py <_prstr>179 :  Average success = 74.40 +- 2.71
RESULTS:: 08:12:37: root                               EvaluationManager.py <_prstr>179 :  Average turns   = 7.51 +- 0.16
RESULTS:: 08:12:37: root                                   pydial.py <train_command>791 :  List of domains: Laptops11
RESULTS:: 08:12:37: root                                      pydial.py <trainBatch>409 :  *** Training Iteration env1-hdc-LAP-tau_nodrop-seed6-00.7->env1-hdc-LAP-tau_nodrop-seed6-00.8: iter=7, error-rate=0, num-dialogs=1000 ***
RESULTS:: 08:21:58: root                               EvaluationManager.py <_prstr>179 :  Results for domain: Laptops11 --evaluated by: objective success evaluator
RESULTS:: 08:21:58: root                               EvaluationManager.py <_prstr>179 :  # of dialogues  = 1000
RESULTS:: 08:21:58: root                               EvaluationManager.py <_prstr>179 :  Average reward  = 8.02 +- 0.60
RESULTS:: 08:21:58: root                               EvaluationManager.py <_prstr>179 :  Average success = 86.10 +- 2.15
RESULTS:: 08:21:58: root                               EvaluationManager.py <_prstr>179 :  Average turns   = 9.20 +- 0.29
RESULTS:: 08:21:58: root                                   pydial.py <setEvalConfig>470 :  *** Evaluating env1-hdc-LAP-tau_nodrop-seed6-00.8: error-rate=0 num-dialogs=1000 ***
RESULTS:: 08:28:53: root                               EvaluationManager.py <_prstr>179 :  Results for domain: Laptops11 --evaluated by: objective success evaluator
RESULTS:: 08:28:53: root                               EvaluationManager.py <_prstr>179 :  # of dialogues  = 1000
RESULTS:: 08:28:53: root                               EvaluationManager.py <_prstr>179 :  Average reward  = 9.07 +- 0.56
RESULTS:: 08:28:53: root                               EvaluationManager.py <_prstr>179 :  Average success = 84.50 +- 2.25
RESULTS:: 08:28:53: root                               EvaluationManager.py <_prstr>179 :  Average turns   = 7.83 +- 0.21
RESULTS:: 08:28:53: root                                   pydial.py <train_command>791 :  List of domains: Laptops11
RESULTS:: 08:28:53: root                                      pydial.py <trainBatch>409 :  *** Training Iteration env1-hdc-LAP-tau_nodrop-seed6-00.8->env1-hdc-LAP-tau_nodrop-seed6-00.9: iter=8, error-rate=0, num-dialogs=1000 ***
RESULTS:: 08:38:28: root                               EvaluationManager.py <_prstr>179 :  Results for domain: Laptops11 --evaluated by: objective success evaluator
RESULTS:: 08:38:28: root                               EvaluationManager.py <_prstr>179 :  # of dialogues  = 1000
RESULTS:: 08:38:28: root                               EvaluationManager.py <_prstr>179 :  Average reward  = 7.63 +- 0.61
RESULTS:: 08:38:28: root                               EvaluationManager.py <_prstr>179 :  Average success = 85.10 +- 2.21
RESULTS:: 08:38:28: root                               EvaluationManager.py <_prstr>179 :  Average turns   = 9.39 +- 0.29
RESULTS:: 08:38:28: root                                   pydial.py <setEvalConfig>470 :  *** Evaluating env1-hdc-LAP-tau_nodrop-seed6-00.9: error-rate=0 num-dialogs=1000 ***
RESULTS:: 08:45:12: root                               EvaluationManager.py <_prstr>179 :  Results for domain: Laptops11 --evaluated by: objective success evaluator
RESULTS:: 08:45:12: root                               EvaluationManager.py <_prstr>179 :  # of dialogues  = 1000
RESULTS:: 08:45:12: root                               EvaluationManager.py <_prstr>179 :  Average reward  = 9.41 +- 0.53
RESULTS:: 08:45:12: root                               EvaluationManager.py <_prstr>179 :  Average success = 85.60 +- 2.18
RESULTS:: 08:45:12: root                               EvaluationManager.py <_prstr>179 :  Average turns   = 7.71 +- 0.19
RESULTS:: 08:45:12: root                                   pydial.py <train_command>791 :  List of domains: Laptops11
RESULTS:: 08:45:12: root                                      pydial.py <trainBatch>409 :  *** Training Iteration env1-hdc-LAP-tau_nodrop-seed6-00.9->env1-hdc-LAP-tau_nodrop-seed6-00.10: iter=9, error-rate=0, num-dialogs=1000 ***
RESULTS:: 08:55:01: root                               EvaluationManager.py <_prstr>179 :  Results for domain: Laptops11 --evaluated by: objective success evaluator
RESULTS:: 08:55:01: root                               EvaluationManager.py <_prstr>179 :  # of dialogues  = 1000
RESULTS:: 08:55:01: root                               EvaluationManager.py <_prstr>179 :  Average reward  = 7.66 +- 0.57
RESULTS:: 08:55:01: root                               EvaluationManager.py <_prstr>179 :  Average success = 86.10 +- 2.15
RESULTS:: 08:55:01: root                               EvaluationManager.py <_prstr>179 :  Average turns   = 9.56 +- 0.28
RESULTS:: 08:55:01: root                                   pydial.py <setEvalConfig>470 :  *** Evaluating env1-hdc-LAP-tau_nodrop-seed6-00.10: error-rate=0 num-dialogs=1000 ***
RESULTS:: 09:02:05: root                               EvaluationManager.py <_prstr>179 :  Results for domain: Laptops11 --evaluated by: objective success evaluator
RESULTS:: 09:02:05: root                               EvaluationManager.py <_prstr>179 :  # of dialogues  = 1000
RESULTS:: 09:02:05: root                               EvaluationManager.py <_prstr>179 :  Average reward  = 9.37 +- 0.55
RESULTS:: 09:02:05: root                               EvaluationManager.py <_prstr>179 :  Average success = 87.20 +- 2.07
RESULTS:: 09:02:05: root                               EvaluationManager.py <_prstr>179 :  Average turns   = 8.07 +- 0.25
RESULTS:: 09:02:05: root                                   pydial.py <train_command>807 :  *** Training complete. log: env1-hdc-LAP-tau_nodrop-seed6-00.1-10.train.log - final policy is env1-hdc-LAP-tau_nodrop-00-10
