RESULTS:: 05:39:24: root                                   pydial.py <train_command>791 :  List of domains: Laptops11
RESULTS:: 05:39:24: root                                      pydial.py <trainBatch>409 :  *** Training Iteration env1-hdc-LAP-tau_nodrop-seed1-00.0->env1-hdc-LAP-tau_nodrop-seed1-00.1: iter=0, error-rate=0, num-dialogs=1000 ***
RESULTS:: 06:09:11: root                               EvaluationManager.py <_prstr>179 :  Results for domain: Laptops11 --evaluated by: objective success evaluator
RESULTS:: 06:09:11: root                               EvaluationManager.py <_prstr>179 :  # of dialogues  = 1000
RESULTS:: 06:09:11: root                               EvaluationManager.py <_prstr>179 :  Average reward  = 5.50 +- 0.67
RESULTS:: 06:09:11: root                               EvaluationManager.py <_prstr>179 :  Average success = 76.30 +- 2.64
RESULTS:: 06:09:11: root                               EvaluationManager.py <_prstr>179 :  Average turns   = 9.76 +- 0.30
RESULTS:: 06:09:11: root                                   pydial.py <setEvalConfig>470 :  *** Evaluating env1-hdc-LAP-tau_nodrop-seed1-00.1: error-rate=0 num-dialogs=1000 ***
RESULTS:: 06:18:41: root                               EvaluationManager.py <_prstr>179 :  Results for domain: Laptops11 --evaluated by: objective success evaluator
RESULTS:: 06:18:41: root                               EvaluationManager.py <_prstr>179 :  # of dialogues  = 1000
RESULTS:: 06:18:41: root                               EvaluationManager.py <_prstr>179 :  Average reward  = -0.16 +- 0.70
RESULTS:: 06:18:41: root                               EvaluationManager.py <_prstr>179 :  Average success = 36.90 +- 2.99
RESULTS:: 06:18:41: root                               EvaluationManager.py <_prstr>179 :  Average turns   = 7.54 +- 0.24
RESULTS:: 06:18:41: root                                   pydial.py <train_command>791 :  List of domains: Laptops11
RESULTS:: 06:18:41: root                                      pydial.py <trainBatch>409 :  *** Training Iteration env1-hdc-LAP-tau_nodrop-seed1-00.1->env1-hdc-LAP-tau_nodrop-seed1-00.2: iter=1, error-rate=0, num-dialogs=1000 ***
RESULTS:: 06:49:05: root                               EvaluationManager.py <_prstr>179 :  Results for domain: Laptops11 --evaluated by: objective success evaluator
RESULTS:: 06:49:05: root                               EvaluationManager.py <_prstr>179 :  # of dialogues  = 1000
RESULTS:: 06:49:05: root                               EvaluationManager.py <_prstr>179 :  Average reward  = 8.31 +- 0.54
RESULTS:: 06:49:05: root                               EvaluationManager.py <_prstr>179 :  Average success = 88.00 +- 2.02
RESULTS:: 06:49:05: root                               EvaluationManager.py <_prstr>179 :  Average turns   = 9.29 +- 0.27
RESULTS:: 06:49:05: root                                   pydial.py <setEvalConfig>470 :  *** Evaluating env1-hdc-LAP-tau_nodrop-seed1-00.2: error-rate=0 num-dialogs=1000 ***
RESULTS:: 06:58:51: root                               EvaluationManager.py <_prstr>179 :  Results for domain: Laptops11 --evaluated by: objective success evaluator
RESULTS:: 06:58:51: root                               EvaluationManager.py <_prstr>179 :  # of dialogues  = 1000
RESULTS:: 06:58:51: root                               EvaluationManager.py <_prstr>179 :  Average reward  = 10.20 +- 0.45
RESULTS:: 06:58:51: root                               EvaluationManager.py <_prstr>179 :  Average success = 89.20 +- 1.93
RESULTS:: 06:58:51: root                               EvaluationManager.py <_prstr>179 :  Average turns   = 7.64 +- 0.19
RESULTS:: 06:58:51: root                                   pydial.py <train_command>791 :  List of domains: Laptops11
RESULTS:: 06:58:51: root                                      pydial.py <trainBatch>409 :  *** Training Iteration env1-hdc-LAP-tau_nodrop-seed1-00.2->env1-hdc-LAP-tau_nodrop-seed1-00.3: iter=2, error-rate=0, num-dialogs=1000 ***
RESULTS:: 07:28:28: root                               EvaluationManager.py <_prstr>179 :  Results for domain: Laptops11 --evaluated by: objective success evaluator
RESULTS:: 07:28:28: root                               EvaluationManager.py <_prstr>179 :  # of dialogues  = 1000
RESULTS:: 07:28:28: root                               EvaluationManager.py <_prstr>179 :  Average reward  = 7.84 +- 0.56
RESULTS:: 07:28:28: root                               EvaluationManager.py <_prstr>179 :  Average success = 84.90 +- 2.22
RESULTS:: 07:28:28: root                               EvaluationManager.py <_prstr>179 :  Average turns   = 9.14 +- 0.26
RESULTS:: 07:28:28: root                                   pydial.py <setEvalConfig>470 :  *** Evaluating env1-hdc-LAP-tau_nodrop-seed1-00.3: error-rate=0 num-dialogs=1000 ***
RESULTS:: 07:38:20: root                               EvaluationManager.py <_prstr>179 :  Results for domain: Laptops11 --evaluated by: objective success evaluator
RESULTS:: 07:38:20: root                               EvaluationManager.py <_prstr>179 :  # of dialogues  = 1000
RESULTS:: 07:38:20: root                               EvaluationManager.py <_prstr>179 :  Average reward  = 8.43 +- 0.55
RESULTS:: 07:38:20: root                               EvaluationManager.py <_prstr>179 :  Average success = 79.90 +- 2.49
RESULTS:: 07:38:20: root                               EvaluationManager.py <_prstr>179 :  Average turns   = 7.55 +- 0.18
RESULTS:: 07:38:20: root                                   pydial.py <train_command>791 :  List of domains: Laptops11
RESULTS:: 07:38:20: root                                      pydial.py <trainBatch>409 :  *** Training Iteration env1-hdc-LAP-tau_nodrop-seed1-00.3->env1-hdc-LAP-tau_nodrop-seed1-00.4: iter=3, error-rate=0, num-dialogs=1000 ***
RESULTS:: 08:08:23: root                               EvaluationManager.py <_prstr>179 :  Results for domain: Laptops11 --evaluated by: objective success evaluator
RESULTS:: 08:08:23: root                               EvaluationManager.py <_prstr>179 :  # of dialogues  = 1000
RESULTS:: 08:08:23: root                               EvaluationManager.py <_prstr>179 :  Average reward  = 8.46 +- 0.54
RESULTS:: 08:08:23: root                               EvaluationManager.py <_prstr>179 :  Average success = 87.30 +- 2.07
RESULTS:: 08:08:23: root                               EvaluationManager.py <_prstr>179 :  Average turns   = 9.00 +- 0.26
RESULTS:: 08:08:23: root                                   pydial.py <setEvalConfig>470 :  *** Evaluating env1-hdc-LAP-tau_nodrop-seed1-00.4: error-rate=0 num-dialogs=1000 ***
RESULTS:: 08:17:39: root                               EvaluationManager.py <_prstr>179 :  Results for domain: Laptops11 --evaluated by: objective success evaluator
RESULTS:: 08:17:39: root                               EvaluationManager.py <_prstr>179 :  # of dialogues  = 1000
RESULTS:: 08:17:39: root                               EvaluationManager.py <_prstr>179 :  Average reward  = 7.55 +- 0.59
RESULTS:: 08:17:39: root                               EvaluationManager.py <_prstr>179 :  Average success = 73.30 +- 2.75
RESULTS:: 08:17:39: root                               EvaluationManager.py <_prstr>179 :  Average turns   = 7.11 +- 0.17
RESULTS:: 08:17:39: root                                   pydial.py <train_command>791 :  List of domains: Laptops11
RESULTS:: 08:17:39: root                                      pydial.py <trainBatch>409 :  *** Training Iteration env1-hdc-LAP-tau_nodrop-seed1-00.4->env1-hdc-LAP-tau_nodrop-seed1-00.5: iter=4, error-rate=0, num-dialogs=1000 ***
RESULTS:: 08:47:15: root                               EvaluationManager.py <_prstr>179 :  Results for domain: Laptops11 --evaluated by: objective success evaluator
RESULTS:: 08:47:15: root                               EvaluationManager.py <_prstr>179 :  # of dialogues  = 1000
RESULTS:: 08:47:15: root                               EvaluationManager.py <_prstr>179 :  Average reward  = 9.07 +- 0.49
RESULTS:: 08:47:15: root                               EvaluationManager.py <_prstr>179 :  Average success = 90.60 +- 1.81
RESULTS:: 08:47:15: root                               EvaluationManager.py <_prstr>179 :  Average turns   = 9.05 +- 0.26
RESULTS:: 08:47:15: root                                   pydial.py <setEvalConfig>470 :  *** Evaluating env1-hdc-LAP-tau_nodrop-seed1-00.5: error-rate=0 num-dialogs=1000 ***
RESULTS:: 08:57:22: root                               EvaluationManager.py <_prstr>179 :  Results for domain: Laptops11 --evaluated by: objective success evaluator
RESULTS:: 08:57:22: root                               EvaluationManager.py <_prstr>179 :  # of dialogues  = 1000
RESULTS:: 08:57:22: root                               EvaluationManager.py <_prstr>179 :  Average reward  = 8.37 +- 0.60
RESULTS:: 08:57:22: root                               EvaluationManager.py <_prstr>179 :  Average success = 81.50 +- 2.41
RESULTS:: 08:57:22: root                               EvaluationManager.py <_prstr>179 :  Average turns   = 7.93 +- 0.24
RESULTS:: 08:57:22: root                                   pydial.py <train_command>791 :  List of domains: Laptops11
RESULTS:: 08:57:22: root                                      pydial.py <trainBatch>409 :  *** Training Iteration env1-hdc-LAP-tau_nodrop-seed1-00.5->env1-hdc-LAP-tau_nodrop-seed1-00.6: iter=5, error-rate=0, num-dialogs=1000 ***
RESULTS:: 09:27:46: root                               EvaluationManager.py <_prstr>179 :  Results for domain: Laptops11 --evaluated by: objective success evaluator
RESULTS:: 09:27:46: root                               EvaluationManager.py <_prstr>179 :  # of dialogues  = 1000
RESULTS:: 09:27:46: root                               EvaluationManager.py <_prstr>179 :  Average reward  = 7.92 +- 0.56
RESULTS:: 09:27:46: root                               EvaluationManager.py <_prstr>179 :  Average success = 86.30 +- 2.13
RESULTS:: 09:27:46: root                               EvaluationManager.py <_prstr>179 :  Average turns   = 9.34 +- 0.27
RESULTS:: 09:27:46: root                                   pydial.py <setEvalConfig>470 :  *** Evaluating env1-hdc-LAP-tau_nodrop-seed1-00.6: error-rate=0 num-dialogs=1000 ***
RESULTS:: 09:36:58: root                               EvaluationManager.py <_prstr>179 :  Results for domain: Laptops11 --evaluated by: objective success evaluator
RESULTS:: 09:36:58: root                               EvaluationManager.py <_prstr>179 :  # of dialogues  = 1000
RESULTS:: 09:36:58: root                               EvaluationManager.py <_prstr>179 :  Average reward  = 6.51 +- 0.61
RESULTS:: 09:36:58: root                               EvaluationManager.py <_prstr>179 :  Average success = 70.00 +- 2.84
RESULTS:: 09:36:58: root                               EvaluationManager.py <_prstr>179 :  Average turns   = 7.49 +- 0.15
RESULTS:: 09:36:58: root                                   pydial.py <train_command>791 :  List of domains: Laptops11
RESULTS:: 09:36:58: root                                      pydial.py <trainBatch>409 :  *** Training Iteration env1-hdc-LAP-tau_nodrop-seed1-00.6->env1-hdc-LAP-tau_nodrop-seed1-00.7: iter=6, error-rate=0, num-dialogs=1000 ***
RESULTS:: 10:07:00: root                               EvaluationManager.py <_prstr>179 :  Results for domain: Laptops11 --evaluated by: objective success evaluator
RESULTS:: 10:07:00: root                               EvaluationManager.py <_prstr>179 :  # of dialogues  = 1000
RESULTS:: 10:07:00: root                               EvaluationManager.py <_prstr>179 :  Average reward  = 8.04 +- 0.58
RESULTS:: 10:07:00: root                               EvaluationManager.py <_prstr>179 :  Average success = 86.80 +- 2.10
RESULTS:: 10:07:00: root                               EvaluationManager.py <_prstr>179 :  Average turns   = 9.32 +- 0.28
RESULTS:: 10:07:00: root                                   pydial.py <setEvalConfig>470 :  *** Evaluating env1-hdc-LAP-tau_nodrop-seed1-00.7: error-rate=0 num-dialogs=1000 ***
RESULTS:: 10:17:27: root                               EvaluationManager.py <_prstr>179 :  Results for domain: Laptops11 --evaluated by: objective success evaluator
RESULTS:: 10:17:27: root                               EvaluationManager.py <_prstr>179 :  # of dialogues  = 1000
RESULTS:: 10:17:27: root                               EvaluationManager.py <_prstr>179 :  Average reward  = 8.10 +- 0.63
RESULTS:: 10:17:27: root                               EvaluationManager.py <_prstr>179 :  Average success = 81.30 +- 2.42
RESULTS:: 10:17:27: root                               EvaluationManager.py <_prstr>179 :  Average turns   = 8.16 +- 0.26
RESULTS:: 10:17:27: root                                   pydial.py <train_command>791 :  List of domains: Laptops11
RESULTS:: 10:17:27: root                                      pydial.py <trainBatch>409 :  *** Training Iteration env1-hdc-LAP-tau_nodrop-seed1-00.7->env1-hdc-LAP-tau_nodrop-seed1-00.8: iter=7, error-rate=0, num-dialogs=1000 ***
RESULTS:: 10:47:29: root                               EvaluationManager.py <_prstr>179 :  Results for domain: Laptops11 --evaluated by: objective success evaluator
RESULTS:: 10:47:29: root                               EvaluationManager.py <_prstr>179 :  # of dialogues  = 1000
RESULTS:: 10:47:29: root                               EvaluationManager.py <_prstr>179 :  Average reward  = 7.31 +- 0.62
RESULTS:: 10:47:29: root                               EvaluationManager.py <_prstr>179 :  Average success = 82.80 +- 2.34
RESULTS:: 10:47:29: root                               EvaluationManager.py <_prstr>179 :  Average turns   = 9.25 +- 0.28
RESULTS:: 10:47:29: root                                   pydial.py <setEvalConfig>470 :  *** Evaluating env1-hdc-LAP-tau_nodrop-seed1-00.8: error-rate=0 num-dialogs=1000 ***
RESULTS:: 10:56:44: root                               EvaluationManager.py <_prstr>179 :  Results for domain: Laptops11 --evaluated by: objective success evaluator
RESULTS:: 10:56:44: root                               EvaluationManager.py <_prstr>179 :  # of dialogues  = 1000
RESULTS:: 10:56:44: root                               EvaluationManager.py <_prstr>179 :  Average reward  = 6.53 +- 0.65
RESULTS:: 10:56:44: root                               EvaluationManager.py <_prstr>179 :  Average success = 69.80 +- 2.85
RESULTS:: 10:56:44: root                               EvaluationManager.py <_prstr>179 :  Average turns   = 7.43 +- 0.19
RESULTS:: 10:56:44: root                                   pydial.py <train_command>791 :  List of domains: Laptops11
RESULTS:: 10:56:44: root                                      pydial.py <trainBatch>409 :  *** Training Iteration env1-hdc-LAP-tau_nodrop-seed1-00.8->env1-hdc-LAP-tau_nodrop-seed1-00.9: iter=8, error-rate=0, num-dialogs=1000 ***
RESULTS:: 11:26:44: root                               EvaluationManager.py <_prstr>179 :  Results for domain: Laptops11 --evaluated by: objective success evaluator
RESULTS:: 11:26:44: root                               EvaluationManager.py <_prstr>179 :  # of dialogues  = 1000
RESULTS:: 11:26:44: root                               EvaluationManager.py <_prstr>179 :  Average reward  = 7.14 +- 0.61
RESULTS:: 11:26:44: root                               EvaluationManager.py <_prstr>179 :  Average success = 82.80 +- 2.34
RESULTS:: 11:26:44: root                               EvaluationManager.py <_prstr>179 :  Average turns   = 9.42 +- 0.28
RESULTS:: 11:26:44: root                                   pydial.py <setEvalConfig>470 :  *** Evaluating env1-hdc-LAP-tau_nodrop-seed1-00.9: error-rate=0 num-dialogs=1000 ***
RESULTS:: 11:35:46: root                               EvaluationManager.py <_prstr>179 :  Results for domain: Laptops11 --evaluated by: objective success evaluator
RESULTS:: 11:35:46: root                               EvaluationManager.py <_prstr>179 :  # of dialogues  = 1000
RESULTS:: 11:35:46: root                               EvaluationManager.py <_prstr>179 :  Average reward  = 7.51 +- 0.58
RESULTS:: 11:35:46: root                               EvaluationManager.py <_prstr>179 :  Average success = 71.60 +- 2.80
RESULTS:: 11:35:46: root                               EvaluationManager.py <_prstr>179 :  Average turns   = 6.81 +- 0.13
RESULTS:: 11:35:46: root                                   pydial.py <train_command>791 :  List of domains: Laptops11
RESULTS:: 11:35:46: root                                      pydial.py <trainBatch>409 :  *** Training Iteration env1-hdc-LAP-tau_nodrop-seed1-00.9->env1-hdc-LAP-tau_nodrop-seed1-00.10: iter=9, error-rate=0, num-dialogs=1000 ***
RESULTS:: 12:05:56: root                               EvaluationManager.py <_prstr>179 :  Results for domain: Laptops11 --evaluated by: objective success evaluator
RESULTS:: 12:05:56: root                               EvaluationManager.py <_prstr>179 :  # of dialogues  = 1000
RESULTS:: 12:05:56: root                               EvaluationManager.py <_prstr>179 :  Average reward  = 7.18 +- 0.62
RESULTS:: 12:05:56: root                               EvaluationManager.py <_prstr>179 :  Average success = 82.60 +- 2.35
RESULTS:: 12:05:56: root                               EvaluationManager.py <_prstr>179 :  Average turns   = 9.34 +- 0.28
RESULTS:: 12:05:56: root                                   pydial.py <setEvalConfig>470 :  *** Evaluating env1-hdc-LAP-tau_nodrop-seed1-00.10: error-rate=0 num-dialogs=1000 ***
RESULTS:: 12:15:57: root                               EvaluationManager.py <_prstr>179 :  Results for domain: Laptops11 --evaluated by: objective success evaluator
RESULTS:: 12:15:57: root                               EvaluationManager.py <_prstr>179 :  # of dialogues  = 1000
RESULTS:: 12:15:57: root                               EvaluationManager.py <_prstr>179 :  Average reward  = 8.02 +- 0.60
RESULTS:: 12:15:57: root                               EvaluationManager.py <_prstr>179 :  Average success = 78.00 +- 2.57
RESULTS:: 12:15:57: root                               EvaluationManager.py <_prstr>179 :  Average turns   = 7.58 +- 0.21
RESULTS:: 12:15:57: root                                   pydial.py <train_command>807 :  *** Training complete. log: env1-hdc-LAP-tau_nodrop-seed1-00.1-10.train.log - final policy is env1-hdc-LAP-tau_nodrop-00-10
