RESULTS:: 13:13:58: root                                   pydial.py <train_command>791 :  List of domains: Laptops11
RESULTS:: 13:13:58: root                                      pydial.py <trainBatch>409 :  *** Training Iteration env1-LAP-nature_nodrop_4020_250100-seed7-00.0->env1-LAP-nature_nodrop_4020_250100-seed7-00.1: iter=0, error-rate=0, num-dialogs=1000 ***
RESULTS:: 13:54:34: root                               EvaluationManager.py <_prstr>179 :  Results for domain: Laptops11 --evaluated by: objective success evaluator
RESULTS:: 13:54:34: root                               EvaluationManager.py <_prstr>179 :  # of dialogues  = 1000
RESULTS:: 13:54:34: root                               EvaluationManager.py <_prstr>179 :  Average reward  = 6.73 +- 0.63
RESULTS:: 13:54:34: root                               EvaluationManager.py <_prstr>179 :  Average success = 79.50 +- 2.51
RESULTS:: 13:54:34: root                               EvaluationManager.py <_prstr>179 :  Average turns   = 9.17 +- 0.29
RESULTS:: 13:54:34: root                                   pydial.py <setEvalConfig>470 :  *** Evaluating env1-LAP-nature_nodrop_4020_250100-seed7-00.1: error-rate=0 num-dialogs=500 ***
RESULTS:: 14:12:41: root                               EvaluationManager.py <_prstr>179 :  Results for domain: Laptops11 --evaluated by: objective success evaluator
RESULTS:: 14:12:41: root                               EvaluationManager.py <_prstr>179 :  # of dialogues  = 500
RESULTS:: 14:12:41: root                               EvaluationManager.py <_prstr>179 :  Average reward  = 6.13 +- 0.96
RESULTS:: 14:12:41: root                               EvaluationManager.py <_prstr>179 :  Average success = 68.80 +- 4.07
RESULTS:: 14:12:41: root                               EvaluationManager.py <_prstr>179 :  Average turns   = 7.63 +- 0.29
RESULTS:: 14:12:41: root                                   pydial.py <train_command>791 :  List of domains: Laptops11
RESULTS:: 14:12:41: root                                      pydial.py <trainBatch>409 :  *** Training Iteration env1-LAP-nature_nodrop_4020_250100-seed7-00.1->env1-LAP-nature_nodrop_4020_250100-seed7-00.2: iter=1, error-rate=0, num-dialogs=1000 ***
RESULTS:: 14:49:17: root                               EvaluationManager.py <_prstr>179 :  Results for domain: Laptops11 --evaluated by: objective success evaluator
RESULTS:: 14:49:17: root                               EvaluationManager.py <_prstr>179 :  # of dialogues  = 1000
RESULTS:: 14:49:17: root                               EvaluationManager.py <_prstr>179 :  Average reward  = 9.28 +- 0.49
RESULTS:: 14:49:17: root                               EvaluationManager.py <_prstr>179 :  Average success = 90.10 +- 1.85
RESULTS:: 14:49:17: root                               EvaluationManager.py <_prstr>179 :  Average turns   = 8.74 +- 0.24
RESULTS:: 14:49:17: root                                   pydial.py <setEvalConfig>470 :  *** Evaluating env1-LAP-nature_nodrop_4020_250100-seed7-00.2: error-rate=0 num-dialogs=500 ***
RESULTS:: 14:58:05: root                               EvaluationManager.py <_prstr>179 :  Results for domain: Laptops11 --evaluated by: objective success evaluator
RESULTS:: 14:58:05: root                               EvaluationManager.py <_prstr>179 :  # of dialogues  = 500
RESULTS:: 14:58:05: root                               EvaluationManager.py <_prstr>179 :  Average reward  = 10.76 +- 0.62
RESULTS:: 14:58:05: root                               EvaluationManager.py <_prstr>179 :  Average success = 90.20 +- 2.61
RESULTS:: 14:58:05: root                               EvaluationManager.py <_prstr>179 :  Average turns   = 7.28 +- 0.27
RESULTS:: 14:58:05: root                                   pydial.py <train_command>791 :  List of domains: Laptops11
RESULTS:: 14:58:05: root                                      pydial.py <trainBatch>409 :  *** Training Iteration env1-LAP-nature_nodrop_4020_250100-seed7-00.2->env1-LAP-nature_nodrop_4020_250100-seed7-00.3: iter=2, error-rate=0, num-dialogs=1000 ***
RESULTS:: 15:21:53: root                               EvaluationManager.py <_prstr>179 :  Results for domain: Laptops11 --evaluated by: objective success evaluator
RESULTS:: 15:21:53: root                               EvaluationManager.py <_prstr>179 :  # of dialogues  = 1000
RESULTS:: 15:21:53: root                               EvaluationManager.py <_prstr>179 :  Average reward  = 9.17 +- 0.51
RESULTS:: 15:21:53: root                               EvaluationManager.py <_prstr>179 :  Average success = 91.60 +- 1.72
RESULTS:: 15:21:53: root                               EvaluationManager.py <_prstr>179 :  Average turns   = 9.15 +- 0.28
RESULTS:: 15:21:53: root                                   pydial.py <setEvalConfig>470 :  *** Evaluating env1-LAP-nature_nodrop_4020_250100-seed7-00.3: error-rate=0 num-dialogs=500 ***
RESULTS:: 15:30:35: root                               EvaluationManager.py <_prstr>179 :  Results for domain: Laptops11 --evaluated by: objective success evaluator
RESULTS:: 15:30:35: root                               EvaluationManager.py <_prstr>179 :  # of dialogues  = 500
RESULTS:: 15:30:35: root                               EvaluationManager.py <_prstr>179 :  Average reward  = 9.43 +- 0.72
RESULTS:: 15:30:35: root                               EvaluationManager.py <_prstr>179 :  Average success = 83.60 +- 3.25
RESULTS:: 15:30:35: root                               EvaluationManager.py <_prstr>179 :  Average turns   = 7.29 +- 0.22
RESULTS:: 15:30:35: root                                   pydial.py <train_command>791 :  List of domains: Laptops11
RESULTS:: 15:30:35: root                                      pydial.py <trainBatch>409 :  *** Training Iteration env1-LAP-nature_nodrop_4020_250100-seed7-00.3->env1-LAP-nature_nodrop_4020_250100-seed7-00.4: iter=3, error-rate=0, num-dialogs=1000 ***
RESULTS:: 15:53:12: root                               EvaluationManager.py <_prstr>179 :  Results for domain: Laptops11 --evaluated by: objective success evaluator
RESULTS:: 15:53:12: root                               EvaluationManager.py <_prstr>179 :  # of dialogues  = 1000
RESULTS:: 15:53:12: root                               EvaluationManager.py <_prstr>179 :  Average reward  = 9.38 +- 0.49
RESULTS:: 15:53:12: root                               EvaluationManager.py <_prstr>179 :  Average success = 91.00 +- 1.78
RESULTS:: 15:53:12: root                               EvaluationManager.py <_prstr>179 :  Average turns   = 8.82 +- 0.26
RESULTS:: 15:53:12: root                                   pydial.py <setEvalConfig>470 :  *** Evaluating env1-LAP-nature_nodrop_4020_250100-seed7-00.4: error-rate=0 num-dialogs=500 ***
RESULTS:: 16:08:40: root                               EvaluationManager.py <_prstr>179 :  Results for domain: Laptops11 --evaluated by: objective success evaluator
RESULTS:: 16:08:40: root                               EvaluationManager.py <_prstr>179 :  # of dialogues  = 500
RESULTS:: 16:08:40: root                               EvaluationManager.py <_prstr>179 :  Average reward  = 9.16 +- 0.77
RESULTS:: 16:08:40: root                               EvaluationManager.py <_prstr>179 :  Average success = 83.40 +- 3.27
RESULTS:: 16:08:40: root                               EvaluationManager.py <_prstr>179 :  Average turns   = 7.52 +- 0.24
RESULTS:: 16:08:40: root                                   pydial.py <train_command>791 :  List of domains: Laptops11
RESULTS:: 16:08:40: root                                      pydial.py <trainBatch>409 :  *** Training Iteration env1-LAP-nature_nodrop_4020_250100-seed7-00.4->env1-LAP-nature_nodrop_4020_250100-seed7-00.5: iter=4, error-rate=0, num-dialogs=1000 ***
RESULTS:: 16:54:17: root                               EvaluationManager.py <_prstr>179 :  Results for domain: Laptops11 --evaluated by: objective success evaluator
RESULTS:: 16:54:17: root                               EvaluationManager.py <_prstr>179 :  # of dialogues  = 1000
RESULTS:: 16:54:17: root                               EvaluationManager.py <_prstr>179 :  Average reward  = 9.26 +- 0.52
RESULTS:: 16:54:17: root                               EvaluationManager.py <_prstr>179 :  Average success = 90.40 +- 1.83
RESULTS:: 16:54:17: root                               EvaluationManager.py <_prstr>179 :  Average turns   = 8.82 +- 0.26
RESULTS:: 16:54:17: root                                   pydial.py <setEvalConfig>470 :  *** Evaluating env1-LAP-nature_nodrop_4020_250100-seed7-00.5: error-rate=0 num-dialogs=500 ***
RESULTS:: 17:13:49: root                               EvaluationManager.py <_prstr>179 :  Results for domain: Laptops11 --evaluated by: objective success evaluator
RESULTS:: 17:13:49: root                               EvaluationManager.py <_prstr>179 :  # of dialogues  = 500
RESULTS:: 17:13:49: root                               EvaluationManager.py <_prstr>179 :  Average reward  = 11.00 +- 0.61
RESULTS:: 17:13:49: root                               EvaluationManager.py <_prstr>179 :  Average success = 93.00 +- 2.24
RESULTS:: 17:13:49: root                               EvaluationManager.py <_prstr>179 :  Average turns   = 7.60 +- 0.28
RESULTS:: 17:13:49: root                                   pydial.py <train_command>791 :  List of domains: Laptops11
RESULTS:: 17:13:49: root                                      pydial.py <trainBatch>409 :  *** Training Iteration env1-LAP-nature_nodrop_4020_250100-seed7-00.5->env1-LAP-nature_nodrop_4020_250100-seed7-00.6: iter=5, error-rate=0, num-dialogs=1000 ***
RESULTS:: 17:47:22: root                               EvaluationManager.py <_prstr>179 :  Results for domain: Laptops11 --evaluated by: objective success evaluator
RESULTS:: 17:47:22: root                               EvaluationManager.py <_prstr>179 :  # of dialogues  = 1000
RESULTS:: 17:47:22: root                               EvaluationManager.py <_prstr>179 :  Average reward  = 8.74 +- 0.54
RESULTS:: 17:47:22: root                               EvaluationManager.py <_prstr>179 :  Average success = 89.20 +- 1.93
RESULTS:: 17:47:22: root                               EvaluationManager.py <_prstr>179 :  Average turns   = 9.10 +- 0.27
RESULTS:: 17:47:22: root                                   pydial.py <setEvalConfig>470 :  *** Evaluating env1-LAP-nature_nodrop_4020_250100-seed7-00.6: error-rate=0 num-dialogs=500 ***
RESULTS:: 17:57:51: root                               EvaluationManager.py <_prstr>179 :  Results for domain: Laptops11 --evaluated by: objective success evaluator
RESULTS:: 17:57:51: root                               EvaluationManager.py <_prstr>179 :  # of dialogues  = 500
RESULTS:: 17:57:51: root                               EvaluationManager.py <_prstr>179 :  Average reward  = 11.06 +- 0.58
RESULTS:: 17:57:51: root                               EvaluationManager.py <_prstr>179 :  Average success = 92.40 +- 2.33
RESULTS:: 17:57:51: root                               EvaluationManager.py <_prstr>179 :  Average turns   = 7.42 +- 0.28
RESULTS:: 17:57:51: root                                   pydial.py <train_command>791 :  List of domains: Laptops11
RESULTS:: 17:57:51: root                                      pydial.py <trainBatch>409 :  *** Training Iteration env1-LAP-nature_nodrop_4020_250100-seed7-00.6->env1-LAP-nature_nodrop_4020_250100-seed7-00.7: iter=6, error-rate=0, num-dialogs=1000 ***
RESULTS:: 18:24:23: root                               EvaluationManager.py <_prstr>179 :  Results for domain: Laptops11 --evaluated by: objective success evaluator
RESULTS:: 18:24:23: root                               EvaluationManager.py <_prstr>179 :  # of dialogues  = 1000
RESULTS:: 18:24:23: root                               EvaluationManager.py <_prstr>179 :  Average reward  = 9.61 +- 0.47
RESULTS:: 18:24:23: root                               EvaluationManager.py <_prstr>179 :  Average success = 91.60 +- 1.72
RESULTS:: 18:24:23: root                               EvaluationManager.py <_prstr>179 :  Average turns   = 8.71 +- 0.24
RESULTS:: 18:24:23: root                                   pydial.py <setEvalConfig>470 :  *** Evaluating env1-LAP-nature_nodrop_4020_250100-seed7-00.7: error-rate=0 num-dialogs=500 ***
RESULTS:: 18:34:04: root                               EvaluationManager.py <_prstr>179 :  Results for domain: Laptops11 --evaluated by: objective success evaluator
RESULTS:: 18:34:04: root                               EvaluationManager.py <_prstr>179 :  # of dialogues  = 500
RESULTS:: 18:34:04: root                               EvaluationManager.py <_prstr>179 :  Average reward  = 8.90 +- 0.78
RESULTS:: 18:34:04: root                               EvaluationManager.py <_prstr>179 :  Average success = 79.20 +- 3.57
RESULTS:: 18:34:04: root                               EvaluationManager.py <_prstr>179 :  Average turns   = 6.94 +- 0.20
RESULTS:: 18:34:04: root                                   pydial.py <train_command>791 :  List of domains: Laptops11
RESULTS:: 18:34:04: root                                      pydial.py <trainBatch>409 :  *** Training Iteration env1-LAP-nature_nodrop_4020_250100-seed7-00.7->env1-LAP-nature_nodrop_4020_250100-seed7-00.8: iter=7, error-rate=0, num-dialogs=1000 ***
RESULTS:: 19:01:34: root                               EvaluationManager.py <_prstr>179 :  Results for domain: Laptops11 --evaluated by: objective success evaluator
RESULTS:: 19:01:34: root                               EvaluationManager.py <_prstr>179 :  # of dialogues  = 1000
RESULTS:: 19:01:34: root                               EvaluationManager.py <_prstr>179 :  Average reward  = 9.21 +- 0.51
RESULTS:: 19:01:34: root                               EvaluationManager.py <_prstr>179 :  Average success = 91.80 +- 1.70
RESULTS:: 19:01:34: root                               EvaluationManager.py <_prstr>179 :  Average turns   = 9.15 +- 0.28
RESULTS:: 19:01:34: root                                   pydial.py <setEvalConfig>470 :  *** Evaluating env1-LAP-nature_nodrop_4020_250100-seed7-00.8: error-rate=0 num-dialogs=500 ***
RESULTS:: 19:13:08: root                               EvaluationManager.py <_prstr>179 :  Results for domain: Laptops11 --evaluated by: objective success evaluator
RESULTS:: 19:13:08: root                               EvaluationManager.py <_prstr>179 :  # of dialogues  = 500
RESULTS:: 19:13:08: root                               EvaluationManager.py <_prstr>179 :  Average reward  = 8.33 +- 0.86
RESULTS:: 19:13:08: root                               EvaluationManager.py <_prstr>179 :  Average success = 83.40 +- 3.27
RESULTS:: 19:13:08: root                               EvaluationManager.py <_prstr>179 :  Average turns   = 8.35 +- 0.36
RESULTS:: 19:13:08: root                                   pydial.py <train_command>791 :  List of domains: Laptops11
RESULTS:: 19:13:08: root                                      pydial.py <trainBatch>409 :  *** Training Iteration env1-LAP-nature_nodrop_4020_250100-seed7-00.8->env1-LAP-nature_nodrop_4020_250100-seed7-00.9: iter=8, error-rate=0, num-dialogs=1000 ***
RESULTS:: 19:40:03: root                               EvaluationManager.py <_prstr>179 :  Results for domain: Laptops11 --evaluated by: objective success evaluator
RESULTS:: 19:40:03: root                               EvaluationManager.py <_prstr>179 :  # of dialogues  = 1000
RESULTS:: 19:40:03: root                               EvaluationManager.py <_prstr>179 :  Average reward  = 8.89 +- 0.54
RESULTS:: 19:40:03: root                               EvaluationManager.py <_prstr>179 :  Average success = 90.10 +- 1.85
RESULTS:: 19:40:03: root                               EvaluationManager.py <_prstr>179 :  Average turns   = 9.13 +- 0.28
RESULTS:: 19:40:03: root                                   pydial.py <setEvalConfig>470 :  *** Evaluating env1-LAP-nature_nodrop_4020_250100-seed7-00.9: error-rate=0 num-dialogs=500 ***
RESULTS:: 20:01:11: root                               EvaluationManager.py <_prstr>179 :  Results for domain: Laptops11 --evaluated by: objective success evaluator
RESULTS:: 20:01:11: root                               EvaluationManager.py <_prstr>179 :  # of dialogues  = 500
RESULTS:: 20:01:11: root                               EvaluationManager.py <_prstr>179 :  Average reward  = 1.94 +- 1.22
RESULTS:: 20:01:11: root                               EvaluationManager.py <_prstr>179 :  Average success = 63.80 +- 4.22
RESULTS:: 20:01:11: root                               EvaluationManager.py <_prstr>179 :  Average turns   = 10.82 +- 0.49
RESULTS:: 20:01:11: root                                   pydial.py <train_command>791 :  List of domains: Laptops11
RESULTS:: 20:01:11: root                                      pydial.py <trainBatch>409 :  *** Training Iteration env1-LAP-nature_nodrop_4020_250100-seed7-00.9->env1-LAP-nature_nodrop_4020_250100-seed7-00.10: iter=9, error-rate=0, num-dialogs=1000 ***
RESULTS:: 20:41:33: root                               EvaluationManager.py <_prstr>179 :  Results for domain: Laptops11 --evaluated by: objective success evaluator
RESULTS:: 20:41:33: root                               EvaluationManager.py <_prstr>179 :  # of dialogues  = 1000
RESULTS:: 20:41:33: root                               EvaluationManager.py <_prstr>179 :  Average reward  = 8.01 +- 0.63
RESULTS:: 20:41:33: root                               EvaluationManager.py <_prstr>179 :  Average success = 88.70 +- 1.96
RESULTS:: 20:41:33: root                               EvaluationManager.py <_prstr>179 :  Average turns   = 9.73 +- 0.32
RESULTS:: 20:41:33: root                                   pydial.py <setEvalConfig>470 :  *** Evaluating env1-LAP-nature_nodrop_4020_250100-seed7-00.10: error-rate=0 num-dialogs=500 ***
RESULTS:: 20:59:10: root                               EvaluationManager.py <_prstr>179 :  Results for domain: Laptops11 --evaluated by: objective success evaluator
RESULTS:: 20:59:10: root                               EvaluationManager.py <_prstr>179 :  # of dialogues  = 500
RESULTS:: 20:59:10: root                               EvaluationManager.py <_prstr>179 :  Average reward  = 10.56 +- 0.63
RESULTS:: 20:59:10: root                               EvaluationManager.py <_prstr>179 :  Average success = 90.20 +- 2.61
RESULTS:: 20:59:10: root                               EvaluationManager.py <_prstr>179 :  Average turns   = 7.48 +- 0.28
RESULTS:: 20:59:10: root                                   pydial.py <train_command>807 :  *** Training complete. log: env1-LAP-nature_nodrop_4020_250100-seed7-00.1-10.train.log - final policy is env1-LAP-nature_nodrop_4020_250100-00-10
