RESULTS:: 20:53:17: root                                   pydial.py <train_command>791 :  List of domains: Laptops11
RESULTS:: 20:53:17: root                                      pydial.py <trainBatch>409 :  *** Training Iteration env1-LAP-tau_nodrop_sort_4020_250100-seed4-00.0->env1-LAP-tau_nodrop_sort_4020_250100-seed4-00.1: iter=0, error-rate=0, num-dialogs=1000 ***
RESULTS:: 21:30:22: root                               EvaluationManager.py <_prstr>179 :  Results for domain: Laptops11 --evaluated by: objective success evaluator
RESULTS:: 21:30:22: root                               EvaluationManager.py <_prstr>179 :  # of dialogues  = 1000
RESULTS:: 21:30:22: root                               EvaluationManager.py <_prstr>179 :  Average reward  = 6.61 +- 0.61
RESULTS:: 21:30:22: root                               EvaluationManager.py <_prstr>179 :  Average success = 78.10 +- 2.57
RESULTS:: 21:30:22: root                               EvaluationManager.py <_prstr>179 :  Average turns   = 9.01 +- 0.24
RESULTS:: 21:30:22: root                                   pydial.py <setEvalConfig>470 :  *** Evaluating env1-LAP-tau_nodrop_sort_4020_250100-seed4-00.1: error-rate=0 num-dialogs=500 ***
RESULTS:: 21:44:28: root                               EvaluationManager.py <_prstr>179 :  Results for domain: Laptops11 --evaluated by: objective success evaluator
RESULTS:: 21:44:28: root                               EvaluationManager.py <_prstr>179 :  # of dialogues  = 500
RESULTS:: 21:44:28: root                               EvaluationManager.py <_prstr>179 :  Average reward  = 5.74 +- 0.90
RESULTS:: 21:44:28: root                               EvaluationManager.py <_prstr>179 :  Average success = 63.40 +- 4.23
RESULTS:: 21:44:28: root                               EvaluationManager.py <_prstr>179 :  Average turns   = 6.94 +- 0.17
RESULTS:: 21:44:28: root                                   pydial.py <train_command>791 :  List of domains: Laptops11
RESULTS:: 21:44:28: root                                      pydial.py <trainBatch>409 :  *** Training Iteration env1-LAP-tau_nodrop_sort_4020_250100-seed4-00.1->env1-LAP-tau_nodrop_sort_4020_250100-seed4-00.2: iter=1, error-rate=0, num-dialogs=1000 ***
RESULTS:: 22:23:53: root                               EvaluationManager.py <_prstr>179 :  Results for domain: Laptops11 --evaluated by: objective success evaluator
RESULTS:: 22:23:53: root                               EvaluationManager.py <_prstr>179 :  # of dialogues  = 1000
RESULTS:: 22:23:53: root                               EvaluationManager.py <_prstr>179 :  Average reward  = 8.12 +- 0.56
RESULTS:: 22:23:53: root                               EvaluationManager.py <_prstr>179 :  Average success = 83.50 +- 2.30
RESULTS:: 22:23:53: root                               EvaluationManager.py <_prstr>179 :  Average turns   = 8.58 +- 0.24
RESULTS:: 22:23:53: root                                   pydial.py <setEvalConfig>470 :  *** Evaluating env1-LAP-tau_nodrop_sort_4020_250100-seed4-00.2: error-rate=0 num-dialogs=500 ***
RESULTS:: 22:39:21: root                               EvaluationManager.py <_prstr>179 :  Results for domain: Laptops11 --evaluated by: objective success evaluator
RESULTS:: 22:39:21: root                               EvaluationManager.py <_prstr>179 :  # of dialogues  = 500
RESULTS:: 22:39:21: root                               EvaluationManager.py <_prstr>179 :  Average reward  = 8.91 +- 0.77
RESULTS:: 22:39:21: root                               EvaluationManager.py <_prstr>179 :  Average success = 80.40 +- 3.49
RESULTS:: 22:39:21: root                               EvaluationManager.py <_prstr>179 :  Average turns   = 7.17 +- 0.21
RESULTS:: 22:39:21: root                                   pydial.py <train_command>791 :  List of domains: Laptops11
RESULTS:: 22:39:21: root                                      pydial.py <trainBatch>409 :  *** Training Iteration env1-LAP-tau_nodrop_sort_4020_250100-seed4-00.2->env1-LAP-tau_nodrop_sort_4020_250100-seed4-00.3: iter=2, error-rate=0, num-dialogs=1000 ***
RESULTS:: 23:15:54: root                               EvaluationManager.py <_prstr>179 :  Results for domain: Laptops11 --evaluated by: objective success evaluator
RESULTS:: 23:15:54: root                               EvaluationManager.py <_prstr>179 :  # of dialogues  = 1000
RESULTS:: 23:15:54: root                               EvaluationManager.py <_prstr>179 :  Average reward  = 8.85 +- 0.50
RESULTS:: 23:15:54: root                               EvaluationManager.py <_prstr>179 :  Average success = 86.30 +- 2.13
RESULTS:: 23:15:54: root                               EvaluationManager.py <_prstr>179 :  Average turns   = 8.41 +- 0.22
RESULTS:: 23:15:54: root                                   pydial.py <setEvalConfig>470 :  *** Evaluating env1-LAP-tau_nodrop_sort_4020_250100-seed4-00.3: error-rate=0 num-dialogs=500 ***
RESULTS:: 23:29:40: root                               EvaluationManager.py <_prstr>179 :  Results for domain: Laptops11 --evaluated by: objective success evaluator
RESULTS:: 23:29:40: root                               EvaluationManager.py <_prstr>179 :  # of dialogues  = 500
RESULTS:: 23:29:40: root                               EvaluationManager.py <_prstr>179 :  Average reward  = 7.33 +- 0.84
RESULTS:: 23:29:40: root                               EvaluationManager.py <_prstr>179 :  Average success = 70.20 +- 4.02
RESULTS:: 23:29:40: root                               EvaluationManager.py <_prstr>179 :  Average turns   = 6.71 +- 0.18
RESULTS:: 23:29:40: root                                   pydial.py <train_command>791 :  List of domains: Laptops11
RESULTS:: 23:29:40: root                                      pydial.py <trainBatch>409 :  *** Training Iteration env1-LAP-tau_nodrop_sort_4020_250100-seed4-00.3->env1-LAP-tau_nodrop_sort_4020_250100-seed4-00.4: iter=3, error-rate=0, num-dialogs=1000 ***
RESULTS:: 00:06:14: root                               EvaluationManager.py <_prstr>179 :  Results for domain: Laptops11 --evaluated by: objective success evaluator
RESULTS:: 00:06:14: root                               EvaluationManager.py <_prstr>179 :  # of dialogues  = 1000
RESULTS:: 00:06:14: root                               EvaluationManager.py <_prstr>179 :  Average reward  = 8.89 +- 0.51
RESULTS:: 00:06:14: root                               EvaluationManager.py <_prstr>179 :  Average success = 87.90 +- 2.02
RESULTS:: 00:06:14: root                               EvaluationManager.py <_prstr>179 :  Average turns   = 8.69 +- 0.24
RESULTS:: 00:06:14: root                                   pydial.py <setEvalConfig>470 :  *** Evaluating env1-LAP-tau_nodrop_sort_4020_250100-seed4-00.4: error-rate=0 num-dialogs=500 ***
RESULTS:: 00:33:10: root                               EvaluationManager.py <_prstr>179 :  Results for domain: Laptops11 --evaluated by: objective success evaluator
RESULTS:: 00:33:10: root                               EvaluationManager.py <_prstr>179 :  # of dialogues  = 500
RESULTS:: 00:33:10: root                               EvaluationManager.py <_prstr>179 :  Average reward  = 9.15 +- 0.73
RESULTS:: 00:33:10: root                               EvaluationManager.py <_prstr>179 :  Average success = 85.40 +- 3.10
RESULTS:: 00:33:10: root                               EvaluationManager.py <_prstr>179 :  Average turns   = 7.93 +- 0.31
RESULTS:: 00:33:10: root                                   pydial.py <train_command>791 :  List of domains: Laptops11
RESULTS:: 00:33:10: root                                      pydial.py <trainBatch>409 :  *** Training Iteration env1-LAP-tau_nodrop_sort_4020_250100-seed4-00.4->env1-LAP-tau_nodrop_sort_4020_250100-seed4-00.5: iter=4, error-rate=0, num-dialogs=1000 ***
RESULTS:: 01:32:52: root                               EvaluationManager.py <_prstr>179 :  Results for domain: Laptops11 --evaluated by: objective success evaluator
RESULTS:: 01:32:52: root                               EvaluationManager.py <_prstr>179 :  # of dialogues  = 1000
RESULTS:: 01:32:52: root                               EvaluationManager.py <_prstr>179 :  Average reward  = 9.52 +- 0.48
RESULTS:: 01:32:52: root                               EvaluationManager.py <_prstr>179 :  Average success = 90.40 +- 1.83
RESULTS:: 01:32:52: root                               EvaluationManager.py <_prstr>179 :  Average turns   = 8.56 +- 0.25
RESULTS:: 01:32:52: root                                   pydial.py <setEvalConfig>470 :  *** Evaluating env1-LAP-tau_nodrop_sort_4020_250100-seed4-00.5: error-rate=0 num-dialogs=500 ***
RESULTS:: 01:56:39: root                               EvaluationManager.py <_prstr>179 :  Results for domain: Laptops11 --evaluated by: objective success evaluator
RESULTS:: 01:56:39: root                               EvaluationManager.py <_prstr>179 :  # of dialogues  = 500
RESULTS:: 01:56:39: root                               EvaluationManager.py <_prstr>179 :  Average reward  = 9.71 +- 0.73
RESULTS:: 01:56:39: root                               EvaluationManager.py <_prstr>179 :  Average success = 84.40 +- 3.19
RESULTS:: 01:56:39: root                               EvaluationManager.py <_prstr>179 :  Average turns   = 7.17 +- 0.24
RESULTS:: 01:56:39: root                                   pydial.py <train_command>791 :  List of domains: Laptops11
RESULTS:: 01:56:39: root                                      pydial.py <trainBatch>409 :  *** Training Iteration env1-LAP-tau_nodrop_sort_4020_250100-seed4-00.5->env1-LAP-tau_nodrop_sort_4020_250100-seed4-00.6: iter=5, error-rate=0, num-dialogs=1000 ***
RESULTS:: 02:57:40: root                               EvaluationManager.py <_prstr>179 :  Results for domain: Laptops11 --evaluated by: objective success evaluator
RESULTS:: 02:57:40: root                               EvaluationManager.py <_prstr>179 :  # of dialogues  = 1000
RESULTS:: 02:57:40: root                               EvaluationManager.py <_prstr>179 :  Average reward  = 8.77 +- 0.52
RESULTS:: 02:57:40: root                               EvaluationManager.py <_prstr>179 :  Average success = 88.30 +- 1.99
RESULTS:: 02:57:40: root                               EvaluationManager.py <_prstr>179 :  Average turns   = 8.89 +- 0.25
RESULTS:: 02:57:40: root                                   pydial.py <setEvalConfig>470 :  *** Evaluating env1-LAP-tau_nodrop_sort_4020_250100-seed4-00.6: error-rate=0 num-dialogs=500 ***
RESULTS:: 03:22:27: root                               EvaluationManager.py <_prstr>179 :  Results for domain: Laptops11 --evaluated by: objective success evaluator
RESULTS:: 03:22:27: root                               EvaluationManager.py <_prstr>179 :  # of dialogues  = 500
RESULTS:: 03:22:27: root                               EvaluationManager.py <_prstr>179 :  Average reward  = 10.76 +- 0.61
RESULTS:: 03:22:27: root                               EvaluationManager.py <_prstr>179 :  Average success = 91.00 +- 2.51
RESULTS:: 03:22:27: root                               EvaluationManager.py <_prstr>179 :  Average turns   = 7.44 +- 0.25
RESULTS:: 03:22:27: root                                   pydial.py <train_command>791 :  List of domains: Laptops11
RESULTS:: 03:22:27: root                                      pydial.py <trainBatch>409 :  *** Training Iteration env1-LAP-tau_nodrop_sort_4020_250100-seed4-00.6->env1-LAP-tau_nodrop_sort_4020_250100-seed4-00.7: iter=6, error-rate=0, num-dialogs=1000 ***
RESULTS:: 04:00:52: root                               EvaluationManager.py <_prstr>179 :  Results for domain: Laptops11 --evaluated by: objective success evaluator
RESULTS:: 04:00:52: root                               EvaluationManager.py <_prstr>179 :  # of dialogues  = 1000
RESULTS:: 04:00:52: root                               EvaluationManager.py <_prstr>179 :  Average reward  = 8.83 +- 0.54
RESULTS:: 04:00:52: root                               EvaluationManager.py <_prstr>179 :  Average success = 87.20 +- 2.07
RESULTS:: 04:00:52: root                               EvaluationManager.py <_prstr>179 :  Average turns   = 8.61 +- 0.26
RESULTS:: 04:00:52: root                                   pydial.py <setEvalConfig>470 :  *** Evaluating env1-LAP-tau_nodrop_sort_4020_250100-seed4-00.7: error-rate=0 num-dialogs=500 ***
RESULTS:: 04:14:34: root                               EvaluationManager.py <_prstr>179 :  Results for domain: Laptops11 --evaluated by: objective success evaluator
RESULTS:: 04:14:34: root                               EvaluationManager.py <_prstr>179 :  # of dialogues  = 500
RESULTS:: 04:14:34: root                               EvaluationManager.py <_prstr>179 :  Average reward  = 10.96 +- 0.59
RESULTS:: 04:14:34: root                               EvaluationManager.py <_prstr>179 :  Average success = 90.60 +- 2.56
RESULTS:: 04:14:34: root                               EvaluationManager.py <_prstr>179 :  Average turns   = 7.16 +- 0.21
RESULTS:: 04:14:34: root                                   pydial.py <train_command>791 :  List of domains: Laptops11
RESULTS:: 04:14:34: root                                      pydial.py <trainBatch>409 :  *** Training Iteration env1-LAP-tau_nodrop_sort_4020_250100-seed4-00.7->env1-LAP-tau_nodrop_sort_4020_250100-seed4-00.8: iter=7, error-rate=0, num-dialogs=1000 ***
RESULTS:: 04:50:05: root                               EvaluationManager.py <_prstr>179 :  Results for domain: Laptops11 --evaluated by: objective success evaluator
RESULTS:: 04:50:05: root                               EvaluationManager.py <_prstr>179 :  # of dialogues  = 1000
RESULTS:: 04:50:05: root                               EvaluationManager.py <_prstr>179 :  Average reward  = 9.77 +- 0.48
RESULTS:: 04:50:05: root                               EvaluationManager.py <_prstr>179 :  Average success = 93.40 +- 1.54
RESULTS:: 04:50:05: root                               EvaluationManager.py <_prstr>179 :  Average turns   = 8.91 +- 0.26
RESULTS:: 04:50:05: root                                   pydial.py <setEvalConfig>470 :  *** Evaluating env1-LAP-tau_nodrop_sort_4020_250100-seed4-00.8: error-rate=0 num-dialogs=500 ***
RESULTS:: 05:04:52: root                               EvaluationManager.py <_prstr>179 :  Results for domain: Laptops11 --evaluated by: objective success evaluator
RESULTS:: 05:04:52: root                               EvaluationManager.py <_prstr>179 :  # of dialogues  = 500
RESULTS:: 05:04:52: root                               EvaluationManager.py <_prstr>179 :  Average reward  = 11.72 +- 0.50
RESULTS:: 05:04:52: root                               EvaluationManager.py <_prstr>179 :  Average success = 97.00 +- 1.50
RESULTS:: 05:04:52: root                               EvaluationManager.py <_prstr>179 :  Average turns   = 7.68 +- 0.31
RESULTS:: 05:04:52: root                                   pydial.py <train_command>791 :  List of domains: Laptops11
RESULTS:: 05:04:52: root                                      pydial.py <trainBatch>409 :  *** Training Iteration env1-LAP-tau_nodrop_sort_4020_250100-seed4-00.8->env1-LAP-tau_nodrop_sort_4020_250100-seed4-00.9: iter=8, error-rate=0, num-dialogs=1000 ***
RESULTS:: 05:40:07: root                               EvaluationManager.py <_prstr>179 :  Results for domain: Laptops11 --evaluated by: objective success evaluator
RESULTS:: 05:40:07: root                               EvaluationManager.py <_prstr>179 :  # of dialogues  = 1000
RESULTS:: 05:40:07: root                               EvaluationManager.py <_prstr>179 :  Average reward  = 9.90 +- 0.43
RESULTS:: 05:40:07: root                               EvaluationManager.py <_prstr>179 :  Average success = 93.90 +- 1.49
RESULTS:: 05:40:07: root                               EvaluationManager.py <_prstr>179 :  Average turns   = 8.88 +- 0.25
RESULTS:: 05:40:07: root                                   pydial.py <setEvalConfig>470 :  *** Evaluating env1-LAP-tau_nodrop_sort_4020_250100-seed4-00.9: error-rate=0 num-dialogs=500 ***
RESULTS:: 05:55:41: root                               EvaluationManager.py <_prstr>179 :  Results for domain: Laptops11 --evaluated by: objective success evaluator
RESULTS:: 05:55:41: root                               EvaluationManager.py <_prstr>179 :  # of dialogues  = 500
RESULTS:: 05:55:41: root                               EvaluationManager.py <_prstr>179 :  Average reward  = 9.94 +- 0.70
RESULTS:: 05:55:41: root                               EvaluationManager.py <_prstr>179 :  Average success = 90.40 +- 2.59
RESULTS:: 05:55:41: root                               EvaluationManager.py <_prstr>179 :  Average turns   = 8.14 +- 0.32
RESULTS:: 05:55:41: root                                   pydial.py <train_command>791 :  List of domains: Laptops11
RESULTS:: 05:55:41: root                                      pydial.py <trainBatch>409 :  *** Training Iteration env1-LAP-tau_nodrop_sort_4020_250100-seed4-00.9->env1-LAP-tau_nodrop_sort_4020_250100-seed4-00.10: iter=9, error-rate=0, num-dialogs=1000 ***
RESULTS:: 06:32:30: root                               EvaluationManager.py <_prstr>179 :  Results for domain: Laptops11 --evaluated by: objective success evaluator
RESULTS:: 06:32:30: root                               EvaluationManager.py <_prstr>179 :  # of dialogues  = 1000
RESULTS:: 06:32:30: root                               EvaluationManager.py <_prstr>179 :  Average reward  = 8.88 +- 0.53
RESULTS:: 06:32:30: root                               EvaluationManager.py <_prstr>179 :  Average success = 91.10 +- 1.77
RESULTS:: 06:32:30: root                               EvaluationManager.py <_prstr>179 :  Average turns   = 9.34 +- 0.28
RESULTS:: 06:32:30: root                                   pydial.py <setEvalConfig>470 :  *** Evaluating env1-LAP-tau_nodrop_sort_4020_250100-seed4-00.10: error-rate=0 num-dialogs=500 ***
RESULTS:: 06:47:06: root                               EvaluationManager.py <_prstr>179 :  Results for domain: Laptops11 --evaluated by: objective success evaluator
RESULTS:: 06:47:06: root                               EvaluationManager.py <_prstr>179 :  # of dialogues  = 500
RESULTS:: 06:47:06: root                               EvaluationManager.py <_prstr>179 :  Average reward  = 10.34 +- 0.67
RESULTS:: 06:47:06: root                               EvaluationManager.py <_prstr>179 :  Average success = 91.00 +- 2.51
RESULTS:: 06:47:06: root                               EvaluationManager.py <_prstr>179 :  Average turns   = 7.86 +- 0.29
RESULTS:: 06:47:06: root                                   pydial.py <train_command>807 :  *** Training complete. log: env1-LAP-tau_nodrop_sort_4020_250100-seed4-00.1-10.train.log - final policy is env1-LAP-tau_nodrop_sort_4020_250100-00-10
