RESULTS:: 12:09:21: root                                   pydial.py <train_command>791 :  List of domains: Laptops11
RESULTS:: 12:09:21: root                                      pydial.py <trainBatch>409 :  *** Training Iteration env1-LAP-tau_nodrop_sort_4020_250100-seed8-00.0->env1-LAP-tau_nodrop_sort_4020_250100-seed8-00.1: iter=0, error-rate=0, num-dialogs=1000 ***
RESULTS:: 12:45:54: root                               EvaluationManager.py <_prstr>179 :  Results for domain: Laptops11 --evaluated by: objective success evaluator
RESULTS:: 12:45:54: root                               EvaluationManager.py <_prstr>179 :  # of dialogues  = 1000
RESULTS:: 12:45:54: root                               EvaluationManager.py <_prstr>179 :  Average reward  = 4.99 +- 0.69
RESULTS:: 12:45:54: root                               EvaluationManager.py <_prstr>179 :  Average success = 71.60 +- 2.80
RESULTS:: 12:45:54: root                               EvaluationManager.py <_prstr>179 :  Average turns   = 9.33 +- 0.27
RESULTS:: 12:45:54: root                                   pydial.py <setEvalConfig>470 :  *** Evaluating env1-LAP-tau_nodrop_sort_4020_250100-seed8-00.1: error-rate=0 num-dialogs=500 ***
RESULTS:: 12:59:10: root                               EvaluationManager.py <_prstr>179 :  Results for domain: Laptops11 --evaluated by: objective success evaluator
RESULTS:: 12:59:10: root                               EvaluationManager.py <_prstr>179 :  # of dialogues  = 500
RESULTS:: 12:59:10: root                               EvaluationManager.py <_prstr>179 :  Average reward  = 5.41 +- 0.90
RESULTS:: 12:59:10: root                               EvaluationManager.py <_prstr>179 :  Average success = 60.80 +- 4.29
RESULTS:: 12:59:10: root                               EvaluationManager.py <_prstr>179 :  Average turns   = 6.75 +- 0.18
RESULTS:: 12:59:10: root                                   pydial.py <train_command>791 :  List of domains: Laptops11
RESULTS:: 12:59:10: root                                      pydial.py <trainBatch>409 :  *** Training Iteration env1-LAP-tau_nodrop_sort_4020_250100-seed8-00.1->env1-LAP-tau_nodrop_sort_4020_250100-seed8-00.2: iter=1, error-rate=0, num-dialogs=1000 ***
RESULTS:: 13:32:57: root                               EvaluationManager.py <_prstr>179 :  Results for domain: Laptops11 --evaluated by: objective success evaluator
RESULTS:: 13:32:57: root                               EvaluationManager.py <_prstr>179 :  # of dialogues  = 1000
RESULTS:: 13:32:57: root                               EvaluationManager.py <_prstr>179 :  Average reward  = 7.54 +- 0.57
RESULTS:: 13:32:57: root                               EvaluationManager.py <_prstr>179 :  Average success = 80.60 +- 2.45
RESULTS:: 13:32:57: root                               EvaluationManager.py <_prstr>179 :  Average turns   = 8.58 +- 0.23
RESULTS:: 13:32:57: root                                   pydial.py <setEvalConfig>470 :  *** Evaluating env1-LAP-tau_nodrop_sort_4020_250100-seed8-00.2: error-rate=0 num-dialogs=500 ***
RESULTS:: 13:45:34: root                               EvaluationManager.py <_prstr>179 :  Results for domain: Laptops11 --evaluated by: objective success evaluator
RESULTS:: 13:45:34: root                               EvaluationManager.py <_prstr>179 :  # of dialogues  = 500
RESULTS:: 13:45:34: root                               EvaluationManager.py <_prstr>179 :  Average reward  = 5.84 +- 0.87
RESULTS:: 13:45:34: root                               EvaluationManager.py <_prstr>179 :  Average success = 62.00 +- 4.26
RESULTS:: 13:45:34: root                               EvaluationManager.py <_prstr>179 :  Average turns   = 6.56 +- 0.17
RESULTS:: 13:45:34: root                                   pydial.py <train_command>791 :  List of domains: Laptops11
RESULTS:: 13:45:34: root                                      pydial.py <trainBatch>409 :  *** Training Iteration env1-LAP-tau_nodrop_sort_4020_250100-seed8-00.2->env1-LAP-tau_nodrop_sort_4020_250100-seed8-00.3: iter=2, error-rate=0, num-dialogs=1000 ***
RESULTS:: 14:21:02: root                               EvaluationManager.py <_prstr>179 :  Results for domain: Laptops11 --evaluated by: objective success evaluator
RESULTS:: 14:21:02: root                               EvaluationManager.py <_prstr>179 :  # of dialogues  = 1000
RESULTS:: 14:21:02: root                               EvaluationManager.py <_prstr>179 :  Average reward  = 8.94 +- 0.52
RESULTS:: 14:21:02: root                               EvaluationManager.py <_prstr>179 :  Average success = 90.00 +- 1.86
RESULTS:: 14:21:02: root                               EvaluationManager.py <_prstr>179 :  Average turns   = 9.06 +- 0.27
RESULTS:: 14:21:02: root                                   pydial.py <setEvalConfig>470 :  *** Evaluating env1-LAP-tau_nodrop_sort_4020_250100-seed8-00.3: error-rate=0 num-dialogs=500 ***
RESULTS:: 14:35:50: root                               EvaluationManager.py <_prstr>179 :  Results for domain: Laptops11 --evaluated by: objective success evaluator
RESULTS:: 14:35:50: root                               EvaluationManager.py <_prstr>179 :  # of dialogues  = 500
RESULTS:: 14:35:50: root                               EvaluationManager.py <_prstr>179 :  Average reward  = 12.13 +- 0.39
RESULTS:: 14:35:50: root                               EvaluationManager.py <_prstr>179 :  Average success = 98.80 +- 0.96
RESULTS:: 14:35:50: root                               EvaluationManager.py <_prstr>179 :  Average turns   = 7.63 +- 0.30
RESULTS:: 14:35:50: root                                   pydial.py <train_command>791 :  List of domains: Laptops11
RESULTS:: 14:35:50: root                                      pydial.py <trainBatch>409 :  *** Training Iteration env1-LAP-tau_nodrop_sort_4020_250100-seed8-00.3->env1-LAP-tau_nodrop_sort_4020_250100-seed8-00.4: iter=3, error-rate=0, num-dialogs=1000 ***
RESULTS:: 15:11:30: root                               EvaluationManager.py <_prstr>179 :  Results for domain: Laptops11 --evaluated by: objective success evaluator
RESULTS:: 15:11:30: root                               EvaluationManager.py <_prstr>179 :  # of dialogues  = 1000
RESULTS:: 15:11:30: root                               EvaluationManager.py <_prstr>179 :  Average reward  = 9.97 +- 0.45
RESULTS:: 15:11:30: root                               EvaluationManager.py <_prstr>179 :  Average success = 95.60 +- 1.27
RESULTS:: 15:11:30: root                               EvaluationManager.py <_prstr>179 :  Average turns   = 9.15 +- 0.28
RESULTS:: 15:11:30: root                                   pydial.py <setEvalConfig>470 :  *** Evaluating env1-LAP-tau_nodrop_sort_4020_250100-seed8-00.4: error-rate=0 num-dialogs=500 ***
RESULTS:: 15:26:25: root                               EvaluationManager.py <_prstr>179 :  Results for domain: Laptops11 --evaluated by: objective success evaluator
RESULTS:: 15:26:25: root                               EvaluationManager.py <_prstr>179 :  # of dialogues  = 500
RESULTS:: 15:26:25: root                               EvaluationManager.py <_prstr>179 :  Average reward  = 11.90 +- 0.44
RESULTS:: 15:26:25: root                               EvaluationManager.py <_prstr>179 :  Average success = 97.80 +- 1.29
RESULTS:: 15:26:25: root                               EvaluationManager.py <_prstr>179 :  Average turns   = 7.66 +- 0.30
RESULTS:: 15:26:25: root                                   pydial.py <train_command>791 :  List of domains: Laptops11
RESULTS:: 15:26:25: root                                      pydial.py <trainBatch>409 :  *** Training Iteration env1-LAP-tau_nodrop_sort_4020_250100-seed8-00.4->env1-LAP-tau_nodrop_sort_4020_250100-seed8-00.5: iter=4, error-rate=0, num-dialogs=1000 ***
RESULTS:: 16:01:25: root                               EvaluationManager.py <_prstr>179 :  Results for domain: Laptops11 --evaluated by: objective success evaluator
RESULTS:: 16:01:25: root                               EvaluationManager.py <_prstr>179 :  # of dialogues  = 1000
RESULTS:: 16:01:25: root                               EvaluationManager.py <_prstr>179 :  Average reward  = 9.97 +- 0.45
RESULTS:: 16:01:25: root                               EvaluationManager.py <_prstr>179 :  Average success = 94.50 +- 1.41
RESULTS:: 16:01:25: root                               EvaluationManager.py <_prstr>179 :  Average turns   = 8.93 +- 0.27
RESULTS:: 16:01:25: root                                   pydial.py <setEvalConfig>470 :  *** Evaluating env1-LAP-tau_nodrop_sort_4020_250100-seed8-00.5: error-rate=0 num-dialogs=500 ***
RESULTS:: 16:16:26: root                               EvaluationManager.py <_prstr>179 :  Results for domain: Laptops11 --evaluated by: objective success evaluator
RESULTS:: 16:16:26: root                               EvaluationManager.py <_prstr>179 :  # of dialogues  = 500
RESULTS:: 16:16:26: root                               EvaluationManager.py <_prstr>179 :  Average reward  = 9.12 +- 0.74
RESULTS:: 16:16:26: root                               EvaluationManager.py <_prstr>179 :  Average success = 84.40 +- 3.19
RESULTS:: 16:16:26: root                               EvaluationManager.py <_prstr>179 :  Average turns   = 7.76 +- 0.30
RESULTS:: 16:16:26: root                                   pydial.py <train_command>791 :  List of domains: Laptops11
RESULTS:: 16:16:26: root                                      pydial.py <trainBatch>409 :  *** Training Iteration env1-LAP-tau_nodrop_sort_4020_250100-seed8-00.5->env1-LAP-tau_nodrop_sort_4020_250100-seed8-00.6: iter=5, error-rate=0, num-dialogs=1000 ***
RESULTS:: 16:51:41: root                               EvaluationManager.py <_prstr>179 :  Results for domain: Laptops11 --evaluated by: objective success evaluator
RESULTS:: 16:51:41: root                               EvaluationManager.py <_prstr>179 :  # of dialogues  = 1000
RESULTS:: 16:51:41: root                               EvaluationManager.py <_prstr>179 :  Average reward  = 9.07 +- 0.53
RESULTS:: 16:51:41: root                               EvaluationManager.py <_prstr>179 :  Average success = 90.50 +- 1.82
RESULTS:: 16:51:41: root                               EvaluationManager.py <_prstr>179 :  Average turns   = 9.03 +- 0.27
RESULTS:: 16:51:41: root                                   pydial.py <setEvalConfig>470 :  *** Evaluating env1-LAP-tau_nodrop_sort_4020_250100-seed8-00.6: error-rate=0 num-dialogs=500 ***
RESULTS:: 17:06:27: root                               EvaluationManager.py <_prstr>179 :  Results for domain: Laptops11 --evaluated by: objective success evaluator
RESULTS:: 17:06:27: root                               EvaluationManager.py <_prstr>179 :  # of dialogues  = 500
RESULTS:: 17:06:27: root                               EvaluationManager.py <_prstr>179 :  Average reward  = 9.43 +- 0.73
RESULTS:: 17:06:27: root                               EvaluationManager.py <_prstr>179 :  Average success = 85.20 +- 3.12
RESULTS:: 17:06:27: root                               EvaluationManager.py <_prstr>179 :  Average turns   = 7.61 +- 0.26
RESULTS:: 17:06:27: root                                   pydial.py <train_command>791 :  List of domains: Laptops11
RESULTS:: 17:06:27: root                                      pydial.py <trainBatch>409 :  *** Training Iteration env1-LAP-tau_nodrop_sort_4020_250100-seed8-00.6->env1-LAP-tau_nodrop_sort_4020_250100-seed8-00.7: iter=6, error-rate=0, num-dialogs=1000 ***
RESULTS:: 17:45:04: root                               EvaluationManager.py <_prstr>179 :  Results for domain: Laptops11 --evaluated by: objective success evaluator
RESULTS:: 17:45:04: root                               EvaluationManager.py <_prstr>179 :  # of dialogues  = 1000
RESULTS:: 17:45:04: root                               EvaluationManager.py <_prstr>179 :  Average reward  = 6.73 +- 0.67
RESULTS:: 17:45:04: root                               EvaluationManager.py <_prstr>179 :  Average success = 83.70 +- 2.29
RESULTS:: 17:45:04: root                               EvaluationManager.py <_prstr>179 :  Average turns   = 10.01 +- 0.31
RESULTS:: 17:45:04: root                                   pydial.py <setEvalConfig>470 :  *** Evaluating env1-LAP-tau_nodrop_sort_4020_250100-seed8-00.7: error-rate=0 num-dialogs=500 ***
RESULTS:: 17:59:45: root                               EvaluationManager.py <_prstr>179 :  Results for domain: Laptops11 --evaluated by: objective success evaluator
RESULTS:: 17:59:45: root                               EvaluationManager.py <_prstr>179 :  # of dialogues  = 500
RESULTS:: 17:59:45: root                               EvaluationManager.py <_prstr>179 :  Average reward  = 11.69 +- 0.48
RESULTS:: 17:59:45: root                               EvaluationManager.py <_prstr>179 :  Average success = 96.40 +- 1.64
RESULTS:: 17:59:45: root                               EvaluationManager.py <_prstr>179 :  Average turns   = 7.59 +- 0.29
RESULTS:: 17:59:45: root                                   pydial.py <train_command>791 :  List of domains: Laptops11
RESULTS:: 17:59:45: root                                      pydial.py <trainBatch>409 :  *** Training Iteration env1-LAP-tau_nodrop_sort_4020_250100-seed8-00.7->env1-LAP-tau_nodrop_sort_4020_250100-seed8-00.8: iter=7, error-rate=0, num-dialogs=1000 ***
RESULTS:: 18:39:02: root                               EvaluationManager.py <_prstr>179 :  Results for domain: Laptops11 --evaluated by: objective success evaluator
RESULTS:: 18:39:02: root                               EvaluationManager.py <_prstr>179 :  # of dialogues  = 1000
RESULTS:: 18:39:02: root                               EvaluationManager.py <_prstr>179 :  Average reward  = 7.10 +- 0.63
RESULTS:: 18:39:02: root                               EvaluationManager.py <_prstr>179 :  Average success = 86.40 +- 2.13
RESULTS:: 18:39:02: root                               EvaluationManager.py <_prstr>179 :  Average turns   = 10.18 +- 0.32
RESULTS:: 18:39:02: root                                   pydial.py <setEvalConfig>470 :  *** Evaluating env1-LAP-tau_nodrop_sort_4020_250100-seed8-00.8: error-rate=0 num-dialogs=500 ***
RESULTS:: 18:54:07: root                               EvaluationManager.py <_prstr>179 :  Results for domain: Laptops11 --evaluated by: objective success evaluator
RESULTS:: 18:54:07: root                               EvaluationManager.py <_prstr>179 :  # of dialogues  = 500
RESULTS:: 18:54:07: root                               EvaluationManager.py <_prstr>179 :  Average reward  = 7.26 +- 0.86
RESULTS:: 18:54:07: root                               EvaluationManager.py <_prstr>179 :  Average success = 75.60 +- 3.77
RESULTS:: 18:54:07: root                               EvaluationManager.py <_prstr>179 :  Average turns   = 7.86 +- 0.28
RESULTS:: 18:54:07: root                                   pydial.py <train_command>791 :  List of domains: Laptops11
RESULTS:: 18:54:07: root                                      pydial.py <trainBatch>409 :  *** Training Iteration env1-LAP-tau_nodrop_sort_4020_250100-seed8-00.8->env1-LAP-tau_nodrop_sort_4020_250100-seed8-00.9: iter=8, error-rate=0, num-dialogs=1000 ***
RESULTS:: 19:31:11: root                               EvaluationManager.py <_prstr>179 :  Results for domain: Laptops11 --evaluated by: objective success evaluator
RESULTS:: 19:31:11: root                               EvaluationManager.py <_prstr>179 :  # of dialogues  = 1000
RESULTS:: 19:31:11: root                               EvaluationManager.py <_prstr>179 :  Average reward  = 8.53 +- 0.57
RESULTS:: 19:31:11: root                               EvaluationManager.py <_prstr>179 :  Average success = 90.50 +- 1.82
RESULTS:: 19:31:11: root                               EvaluationManager.py <_prstr>179 :  Average turns   = 9.57 +- 0.30
RESULTS:: 19:31:11: root                                   pydial.py <setEvalConfig>470 :  *** Evaluating env1-LAP-tau_nodrop_sort_4020_250100-seed8-00.9: error-rate=0 num-dialogs=500 ***
RESULTS:: 19:45:46: root                               EvaluationManager.py <_prstr>179 :  Results for domain: Laptops11 --evaluated by: objective success evaluator
RESULTS:: 19:45:46: root                               EvaluationManager.py <_prstr>179 :  # of dialogues  = 500
RESULTS:: 19:45:46: root                               EvaluationManager.py <_prstr>179 :  Average reward  = 11.41 +- 0.56
RESULTS:: 19:45:46: root                               EvaluationManager.py <_prstr>179 :  Average success = 94.60 +- 1.99
RESULTS:: 19:45:46: root                               EvaluationManager.py <_prstr>179 :  Average turns   = 7.51 +- 0.28
RESULTS:: 19:45:46: root                                   pydial.py <train_command>791 :  List of domains: Laptops11
RESULTS:: 19:45:46: root                                      pydial.py <trainBatch>409 :  *** Training Iteration env1-LAP-tau_nodrop_sort_4020_250100-seed8-00.9->env1-LAP-tau_nodrop_sort_4020_250100-seed8-00.10: iter=9, error-rate=0, num-dialogs=1000 ***
RESULTS:: 20:17:21: root                               EvaluationManager.py <_prstr>179 :  Results for domain: Laptops11 --evaluated by: objective success evaluator
RESULTS:: 20:17:21: root                               EvaluationManager.py <_prstr>179 :  # of dialogues  = 1000
RESULTS:: 20:17:21: root                               EvaluationManager.py <_prstr>179 :  Average reward  = 8.97 +- 0.52
RESULTS:: 20:17:21: root                               EvaluationManager.py <_prstr>179 :  Average success = 90.80 +- 1.79
RESULTS:: 20:17:21: root                               EvaluationManager.py <_prstr>179 :  Average turns   = 9.19 +- 0.28
RESULTS:: 20:17:21: root                                   pydial.py <setEvalConfig>470 :  *** Evaluating env1-LAP-tau_nodrop_sort_4020_250100-seed8-00.10: error-rate=0 num-dialogs=500 ***
RESULTS:: 20:27:28: root                               EvaluationManager.py <_prstr>179 :  Results for domain: Laptops11 --evaluated by: objective success evaluator
RESULTS:: 20:27:28: root                               EvaluationManager.py <_prstr>179 :  # of dialogues  = 500
RESULTS:: 20:27:28: root                               EvaluationManager.py <_prstr>179 :  Average reward  = 10.82 +- 0.63
RESULTS:: 20:27:28: root                               EvaluationManager.py <_prstr>179 :  Average success = 94.00 +- 2.09
RESULTS:: 20:27:28: root                               EvaluationManager.py <_prstr>179 :  Average turns   = 7.98 +- 0.33
RESULTS:: 20:27:28: root                                   pydial.py <train_command>807 :  *** Training complete. log: env1-LAP-tau_nodrop_sort_4020_250100-seed8-00.1-10.train.log - final policy is env1-LAP-tau_nodrop_sort_4020_250100-00-10
