RESULTS:: 02:27:11: root                                   pydial.py <train_command>791 :  List of domains: Laptops11
RESULTS:: 02:27:11: root                                      pydial.py <trainBatch>409 :  *** Training Iteration env1-LAP-tau_sort_te_4020_0100_250100_0100-seed2-00.0->env1-LAP-tau_sort_te_4020_0100_250100_0100-seed2-00.1: iter=0, error-rate=0, num-dialogs=1000 ***
RESULTS:: 02:58:29: root                               EvaluationManager.py <_prstr>179 :  Results for domain: Laptops11 --evaluated by: objective success evaluator
RESULTS:: 02:58:29: root                               EvaluationManager.py <_prstr>179 :  # of dialogues  = 1000
RESULTS:: 02:58:29: root                               EvaluationManager.py <_prstr>179 :  Average reward  = 6.23 +- 0.62
RESULTS:: 02:58:29: root                               EvaluationManager.py <_prstr>179 :  Average success = 76.60 +- 2.63
RESULTS:: 02:58:29: root                               EvaluationManager.py <_prstr>179 :  Average turns   = 9.09 +- 0.25
RESULTS:: 02:58:29: root                                   pydial.py <setEvalConfig>470 :  *** Evaluating env1-LAP-tau_sort_te_4020_0100_250100_0100-seed2-00.1: error-rate=0 num-dialogs=500 ***
RESULTS:: 03:10:23: root                               EvaluationManager.py <_prstr>179 :  Results for domain: Laptops11 --evaluated by: objective success evaluator
RESULTS:: 03:10:23: root                               EvaluationManager.py <_prstr>179 :  # of dialogues  = 500
RESULTS:: 03:10:23: root                               EvaluationManager.py <_prstr>179 :  Average reward  = 6.55 +- 0.88
RESULTS:: 03:10:23: root                               EvaluationManager.py <_prstr>179 :  Average success = 68.60 +- 4.08
RESULTS:: 03:10:23: root                               EvaluationManager.py <_prstr>179 :  Average turns   = 7.17 +- 0.19
RESULTS:: 03:10:23: root                                   pydial.py <train_command>791 :  List of domains: Laptops11
RESULTS:: 03:10:23: root                                      pydial.py <trainBatch>409 :  *** Training Iteration env1-LAP-tau_sort_te_4020_0100_250100_0100-seed2-00.1->env1-LAP-tau_sort_te_4020_0100_250100_0100-seed2-00.2: iter=1, error-rate=0, num-dialogs=1000 ***
RESULTS:: 03:41:53: root                               EvaluationManager.py <_prstr>179 :  Results for domain: Laptops11 --evaluated by: objective success evaluator
RESULTS:: 03:41:53: root                               EvaluationManager.py <_prstr>179 :  # of dialogues  = 1000
RESULTS:: 03:41:53: root                               EvaluationManager.py <_prstr>179 :  Average reward  = 9.48 +- 0.47
RESULTS:: 03:41:53: root                               EvaluationManager.py <_prstr>179 :  Average success = 91.90 +- 1.69
RESULTS:: 03:41:53: root                               EvaluationManager.py <_prstr>179 :  Average turns   = 8.90 +- 0.26
RESULTS:: 03:41:53: root                                   pydial.py <setEvalConfig>470 :  *** Evaluating env1-LAP-tau_sort_te_4020_0100_250100_0100-seed2-00.2: error-rate=0 num-dialogs=500 ***
RESULTS:: 03:52:41: root                               EvaluationManager.py <_prstr>179 :  Results for domain: Laptops11 --evaluated by: objective success evaluator
RESULTS:: 03:52:41: root                               EvaluationManager.py <_prstr>179 :  # of dialogues  = 500
RESULTS:: 03:52:41: root                               EvaluationManager.py <_prstr>179 :  Average reward  = 4.39 +- 0.90
RESULTS:: 03:52:41: root                               EvaluationManager.py <_prstr>179 :  Average success = 54.20 +- 4.38
RESULTS:: 03:52:41: root                               EvaluationManager.py <_prstr>179 :  Average turns   = 6.45 +- 0.14
RESULTS:: 03:52:41: root                                   pydial.py <train_command>791 :  List of domains: Laptops11
RESULTS:: 03:52:41: root                                      pydial.py <trainBatch>409 :  *** Training Iteration env1-LAP-tau_sort_te_4020_0100_250100_0100-seed2-00.2->env1-LAP-tau_sort_te_4020_0100_250100_0100-seed2-00.3: iter=2, error-rate=0, num-dialogs=1000 ***
RESULTS:: 04:24:05: root                               EvaluationManager.py <_prstr>179 :  Results for domain: Laptops11 --evaluated by: objective success evaluator
RESULTS:: 04:24:05: root                               EvaluationManager.py <_prstr>179 :  # of dialogues  = 1000
RESULTS:: 04:24:05: root                               EvaluationManager.py <_prstr>179 :  Average reward  = 8.81 +- 0.52
RESULTS:: 04:24:05: root                               EvaluationManager.py <_prstr>179 :  Average success = 89.00 +- 1.94
RESULTS:: 04:24:05: root                               EvaluationManager.py <_prstr>179 :  Average turns   = 8.99 +- 0.27
RESULTS:: 04:24:05: root                                   pydial.py <setEvalConfig>470 :  *** Evaluating env1-LAP-tau_sort_te_4020_0100_250100_0100-seed2-00.3: error-rate=0 num-dialogs=500 ***
RESULTS:: 04:36:58: root                               EvaluationManager.py <_prstr>179 :  Results for domain: Laptops11 --evaluated by: objective success evaluator
RESULTS:: 04:36:58: root                               EvaluationManager.py <_prstr>179 :  # of dialogues  = 500
RESULTS:: 04:36:58: root                               EvaluationManager.py <_prstr>179 :  Average reward  = 11.84 +- 0.45
RESULTS:: 04:36:58: root                               EvaluationManager.py <_prstr>179 :  Average success = 97.20 +- 1.45
RESULTS:: 04:36:58: root                               EvaluationManager.py <_prstr>179 :  Average turns   = 7.60 +- 0.27
RESULTS:: 04:36:58: root                                   pydial.py <train_command>791 :  List of domains: Laptops11
RESULTS:: 04:36:58: root                                      pydial.py <trainBatch>409 :  *** Training Iteration env1-LAP-tau_sort_te_4020_0100_250100_0100-seed2-00.3->env1-LAP-tau_sort_te_4020_0100_250100_0100-seed2-00.4: iter=3, error-rate=0, num-dialogs=1000 ***
RESULTS:: 05:07:58: root                               EvaluationManager.py <_prstr>179 :  Results for domain: Laptops11 --evaluated by: objective success evaluator
RESULTS:: 05:07:58: root                               EvaluationManager.py <_prstr>179 :  # of dialogues  = 1000
RESULTS:: 05:07:58: root                               EvaluationManager.py <_prstr>179 :  Average reward  = 10.13 +- 0.44
RESULTS:: 05:07:58: root                               EvaluationManager.py <_prstr>179 :  Average success = 94.30 +- 1.44
RESULTS:: 05:07:58: root                               EvaluationManager.py <_prstr>179 :  Average turns   = 8.73 +- 0.26
RESULTS:: 05:07:58: root                                   pydial.py <setEvalConfig>470 :  *** Evaluating env1-LAP-tau_sort_te_4020_0100_250100_0100-seed2-00.4: error-rate=0 num-dialogs=500 ***
RESULTS:: 05:19:35: root                               EvaluationManager.py <_prstr>179 :  Results for domain: Laptops11 --evaluated by: objective success evaluator
RESULTS:: 05:19:35: root                               EvaluationManager.py <_prstr>179 :  # of dialogues  = 500
RESULTS:: 05:19:35: root                               EvaluationManager.py <_prstr>179 :  Average reward  = 6.53 +- 0.87
RESULTS:: 05:19:35: root                               EvaluationManager.py <_prstr>179 :  Average success = 67.40 +- 4.12
RESULTS:: 05:19:35: root                               EvaluationManager.py <_prstr>179 :  Average turns   = 6.95 +- 0.15
RESULTS:: 05:19:35: root                                   pydial.py <train_command>791 :  List of domains: Laptops11
RESULTS:: 05:19:35: root                                      pydial.py <trainBatch>409 :  *** Training Iteration env1-LAP-tau_sort_te_4020_0100_250100_0100-seed2-00.4->env1-LAP-tau_sort_te_4020_0100_250100_0100-seed2-00.5: iter=4, error-rate=0, num-dialogs=1000 ***
RESULTS:: 05:50:15: root                               EvaluationManager.py <_prstr>179 :  Results for domain: Laptops11 --evaluated by: objective success evaluator
RESULTS:: 05:50:15: root                               EvaluationManager.py <_prstr>179 :  # of dialogues  = 1000
RESULTS:: 05:50:15: root                               EvaluationManager.py <_prstr>179 :  Average reward  = 9.69 +- 0.46
RESULTS:: 05:50:15: root                               EvaluationManager.py <_prstr>179 :  Average success = 91.70 +- 1.71
RESULTS:: 05:50:15: root                               EvaluationManager.py <_prstr>179 :  Average turns   = 8.65 +- 0.25
RESULTS:: 05:50:15: root                                   pydial.py <setEvalConfig>470 :  *** Evaluating env1-LAP-tau_sort_te_4020_0100_250100_0100-seed2-00.5: error-rate=0 num-dialogs=500 ***
RESULTS:: 06:02:24: root                               EvaluationManager.py <_prstr>179 :  Results for domain: Laptops11 --evaluated by: objective success evaluator
RESULTS:: 06:02:24: root                               EvaluationManager.py <_prstr>179 :  # of dialogues  = 500
RESULTS:: 06:02:24: root                               EvaluationManager.py <_prstr>179 :  Average reward  = 10.30 +- 0.67
RESULTS:: 06:02:24: root                               EvaluationManager.py <_prstr>179 :  Average success = 87.60 +- 2.90
RESULTS:: 06:02:24: root                               EvaluationManager.py <_prstr>179 :  Average turns   = 7.22 +- 0.22
RESULTS:: 06:02:24: root                                   pydial.py <train_command>791 :  List of domains: Laptops11
RESULTS:: 06:02:24: root                                      pydial.py <trainBatch>409 :  *** Training Iteration env1-LAP-tau_sort_te_4020_0100_250100_0100-seed2-00.5->env1-LAP-tau_sort_te_4020_0100_250100_0100-seed2-00.6: iter=5, error-rate=0, num-dialogs=1000 ***
RESULTS:: 06:34:02: root                               EvaluationManager.py <_prstr>179 :  Results for domain: Laptops11 --evaluated by: objective success evaluator
RESULTS:: 06:34:02: root                               EvaluationManager.py <_prstr>179 :  # of dialogues  = 1000
RESULTS:: 06:34:02: root                               EvaluationManager.py <_prstr>179 :  Average reward  = 9.79 +- 0.45
RESULTS:: 06:34:02: root                               EvaluationManager.py <_prstr>179 :  Average success = 93.80 +- 1.50
RESULTS:: 06:34:02: root                               EvaluationManager.py <_prstr>179 :  Average turns   = 8.97 +- 0.26
RESULTS:: 06:34:02: root                                   pydial.py <setEvalConfig>470 :  *** Evaluating env1-LAP-tau_sort_te_4020_0100_250100_0100-seed2-00.6: error-rate=0 num-dialogs=500 ***
RESULTS:: 06:46:37: root                               EvaluationManager.py <_prstr>179 :  Results for domain: Laptops11 --evaluated by: objective success evaluator
RESULTS:: 06:46:37: root                               EvaluationManager.py <_prstr>179 :  # of dialogues  = 500
RESULTS:: 06:46:37: root                               EvaluationManager.py <_prstr>179 :  Average reward  = 12.27 +- 0.36
RESULTS:: 06:46:37: root                               EvaluationManager.py <_prstr>179 :  Average success = 98.40 +- 1.10
RESULTS:: 06:46:37: root                               EvaluationManager.py <_prstr>179 :  Average turns   = 7.41 +- 0.25
RESULTS:: 06:46:37: root                                   pydial.py <train_command>791 :  List of domains: Laptops11
RESULTS:: 06:46:37: root                                      pydial.py <trainBatch>409 :  *** Training Iteration env1-LAP-tau_sort_te_4020_0100_250100_0100-seed2-00.6->env1-LAP-tau_sort_te_4020_0100_250100_0100-seed2-00.7: iter=6, error-rate=0, num-dialogs=1000 ***
RESULTS:: 07:18:10: root                               EvaluationManager.py <_prstr>179 :  Results for domain: Laptops11 --evaluated by: objective success evaluator
RESULTS:: 07:18:10: root                               EvaluationManager.py <_prstr>179 :  # of dialogues  = 1000
RESULTS:: 07:18:10: root                               EvaluationManager.py <_prstr>179 :  Average reward  = 10.04 +- 0.45
RESULTS:: 07:18:10: root                               EvaluationManager.py <_prstr>179 :  Average success = 94.90 +- 1.37
RESULTS:: 07:18:10: root                               EvaluationManager.py <_prstr>179 :  Average turns   = 8.94 +- 0.27
RESULTS:: 07:18:10: root                                   pydial.py <setEvalConfig>470 :  *** Evaluating env1-LAP-tau_sort_te_4020_0100_250100_0100-seed2-00.7: error-rate=0 num-dialogs=500 ***
RESULTS:: 07:30:39: root                               EvaluationManager.py <_prstr>179 :  Results for domain: Laptops11 --evaluated by: objective success evaluator
RESULTS:: 07:30:39: root                               EvaluationManager.py <_prstr>179 :  # of dialogues  = 500
RESULTS:: 07:30:39: root                               EvaluationManager.py <_prstr>179 :  Average reward  = 10.98 +- 0.65
RESULTS:: 07:30:39: root                               EvaluationManager.py <_prstr>179 :  Average success = 91.60 +- 2.44
RESULTS:: 07:30:39: root                               EvaluationManager.py <_prstr>179 :  Average turns   = 7.34 +- 0.28
RESULTS:: 07:30:39: root                                   pydial.py <train_command>791 :  List of domains: Laptops11
RESULTS:: 07:30:39: root                                      pydial.py <trainBatch>409 :  *** Training Iteration env1-LAP-tau_sort_te_4020_0100_250100_0100-seed2-00.7->env1-LAP-tau_sort_te_4020_0100_250100_0100-seed2-00.8: iter=7, error-rate=0, num-dialogs=1000 ***
RESULTS:: 08:01:06: root                               EvaluationManager.py <_prstr>179 :  Results for domain: Laptops11 --evaluated by: objective success evaluator
RESULTS:: 08:01:06: root                               EvaluationManager.py <_prstr>179 :  # of dialogues  = 1000
RESULTS:: 08:01:06: root                               EvaluationManager.py <_prstr>179 :  Average reward  = 9.75 +- 0.44
RESULTS:: 08:01:06: root                               EvaluationManager.py <_prstr>179 :  Average success = 93.60 +- 1.52
RESULTS:: 08:01:06: root                               EvaluationManager.py <_prstr>179 :  Average turns   = 8.97 +- 0.25
RESULTS:: 08:01:06: root                                   pydial.py <setEvalConfig>470 :  *** Evaluating env1-LAP-tau_sort_te_4020_0100_250100_0100-seed2-00.8: error-rate=0 num-dialogs=500 ***
RESULTS:: 08:13:16: root                               EvaluationManager.py <_prstr>179 :  Results for domain: Laptops11 --evaluated by: objective success evaluator
RESULTS:: 08:13:16: root                               EvaluationManager.py <_prstr>179 :  # of dialogues  = 500
RESULTS:: 08:13:16: root                               EvaluationManager.py <_prstr>179 :  Average reward  = 9.76 +- 0.72
RESULTS:: 08:13:16: root                               EvaluationManager.py <_prstr>179 :  Average success = 87.00 +- 2.95
RESULTS:: 08:13:16: root                               EvaluationManager.py <_prstr>179 :  Average turns   = 7.64 +- 0.29
RESULTS:: 08:13:16: root                                   pydial.py <train_command>791 :  List of domains: Laptops11
RESULTS:: 08:13:16: root                                      pydial.py <trainBatch>409 :  *** Training Iteration env1-LAP-tau_sort_te_4020_0100_250100_0100-seed2-00.8->env1-LAP-tau_sort_te_4020_0100_250100_0100-seed2-00.9: iter=8, error-rate=0, num-dialogs=1000 ***
RESULTS:: 08:41:59: root                               EvaluationManager.py <_prstr>179 :  Results for domain: Laptops11 --evaluated by: objective success evaluator
RESULTS:: 08:41:59: root                               EvaluationManager.py <_prstr>179 :  # of dialogues  = 1000
RESULTS:: 08:41:59: root                               EvaluationManager.py <_prstr>179 :  Average reward  = 10.44 +- 0.42
RESULTS:: 08:41:59: root                               EvaluationManager.py <_prstr>179 :  Average success = 95.40 +- 1.30
RESULTS:: 08:41:59: root                               EvaluationManager.py <_prstr>179 :  Average turns   = 8.64 +- 0.26
RESULTS:: 08:41:59: root                                   pydial.py <setEvalConfig>470 :  *** Evaluating env1-LAP-tau_sort_te_4020_0100_250100_0100-seed2-00.9: error-rate=0 num-dialogs=500 ***
RESULTS:: 08:53:41: root                               EvaluationManager.py <_prstr>179 :  Results for domain: Laptops11 --evaluated by: objective success evaluator
RESULTS:: 08:53:41: root                               EvaluationManager.py <_prstr>179 :  # of dialogues  = 500
RESULTS:: 08:53:41: root                               EvaluationManager.py <_prstr>179 :  Average reward  = 11.46 +- 0.57
RESULTS:: 08:53:41: root                               EvaluationManager.py <_prstr>179 :  Average success = 94.20 +- 2.05
RESULTS:: 08:53:41: root                               EvaluationManager.py <_prstr>179 :  Average turns   = 7.38 +- 0.28
RESULTS:: 08:53:41: root                                   pydial.py <train_command>791 :  List of domains: Laptops11
RESULTS:: 08:53:41: root                                      pydial.py <trainBatch>409 :  *** Training Iteration env1-LAP-tau_sort_te_4020_0100_250100_0100-seed2-00.9->env1-LAP-tau_sort_te_4020_0100_250100_0100-seed2-00.10: iter=9, error-rate=0, num-dialogs=1000 ***
RESULTS:: 09:22:55: root                               EvaluationManager.py <_prstr>179 :  Results for domain: Laptops11 --evaluated by: objective success evaluator
RESULTS:: 09:22:55: root                               EvaluationManager.py <_prstr>179 :  # of dialogues  = 1000
RESULTS:: 09:22:55: root                               EvaluationManager.py <_prstr>179 :  Average reward  = 10.35 +- 0.44
RESULTS:: 09:22:55: root                               EvaluationManager.py <_prstr>179 :  Average success = 95.40 +- 1.30
RESULTS:: 09:22:55: root                               EvaluationManager.py <_prstr>179 :  Average turns   = 8.73 +- 0.27
RESULTS:: 09:22:55: root                                   pydial.py <setEvalConfig>470 :  *** Evaluating env1-LAP-tau_sort_te_4020_0100_250100_0100-seed2-00.10: error-rate=0 num-dialogs=500 ***
RESULTS:: 09:34:59: root                               EvaluationManager.py <_prstr>179 :  Results for domain: Laptops11 --evaluated by: objective success evaluator
RESULTS:: 09:34:59: root                               EvaluationManager.py <_prstr>179 :  # of dialogues  = 500
RESULTS:: 09:34:59: root                               EvaluationManager.py <_prstr>179 :  Average reward  = 9.53 +- 0.77
RESULTS:: 09:34:59: root                               EvaluationManager.py <_prstr>179 :  Average success = 86.40 +- 3.01
RESULTS:: 09:34:59: root                               EvaluationManager.py <_prstr>179 :  Average turns   = 7.75 +- 0.27
RESULTS:: 09:34:59: root                                   pydial.py <train_command>807 :  *** Training complete. log: env1-LAP-tau_sort_te_4020_0100_250100_0100-seed2-00.1-10.train.log - final policy is env1-LAP-tau_sort_te_4020_0100_250100_0100-00-10
