RESULTS:: 02:27:29: root                                   pydial.py <train_command>791 :  List of domains: Laptops11
RESULTS:: 02:27:29: root                                      pydial.py <trainBatch>409 :  *** Training Iteration env1-LAP-tau_sort_te_4020_0100_250100_0100-seed8-00.0->env1-LAP-tau_sort_te_4020_0100_250100_0100-seed8-00.1: iter=0, error-rate=0, num-dialogs=1000 ***
RESULTS:: 02:55:41: root                               EvaluationManager.py <_prstr>179 :  Results for domain: Laptops11 --evaluated by: objective success evaluator
RESULTS:: 02:55:41: root                               EvaluationManager.py <_prstr>179 :  # of dialogues  = 1000
RESULTS:: 02:55:41: root                               EvaluationManager.py <_prstr>179 :  Average reward  = 6.47 +- 0.60
RESULTS:: 02:55:41: root                               EvaluationManager.py <_prstr>179 :  Average success = 76.60 +- 2.63
RESULTS:: 02:55:41: root                               EvaluationManager.py <_prstr>179 :  Average turns   = 8.85 +- 0.24
RESULTS:: 02:55:41: root                                   pydial.py <setEvalConfig>470 :  *** Evaluating env1-LAP-tau_sort_te_4020_0100_250100_0100-seed8-00.1: error-rate=0 num-dialogs=500 ***
RESULTS:: 03:07:05: root                               EvaluationManager.py <_prstr>179 :  Results for domain: Laptops11 --evaluated by: objective success evaluator
RESULTS:: 03:07:05: root                               EvaluationManager.py <_prstr>179 :  # of dialogues  = 500
RESULTS:: 03:07:05: root                               EvaluationManager.py <_prstr>179 :  Average reward  = 8.19 +- 0.76
RESULTS:: 03:07:05: root                               EvaluationManager.py <_prstr>179 :  Average success = 78.60 +- 3.60
RESULTS:: 03:07:05: root                               EvaluationManager.py <_prstr>179 :  Average turns   = 7.53 +- 0.22
RESULTS:: 03:07:05: root                                   pydial.py <train_command>791 :  List of domains: Laptops11
RESULTS:: 03:07:05: root                                      pydial.py <trainBatch>409 :  *** Training Iteration env1-LAP-tau_sort_te_4020_0100_250100_0100-seed8-00.1->env1-LAP-tau_sort_te_4020_0100_250100_0100-seed8-00.2: iter=1, error-rate=0, num-dialogs=1000 ***
RESULTS:: 03:34:40: root                               EvaluationManager.py <_prstr>179 :  Results for domain: Laptops11 --evaluated by: objective success evaluator
RESULTS:: 03:34:40: root                               EvaluationManager.py <_prstr>179 :  # of dialogues  = 1000
RESULTS:: 03:34:40: root                               EvaluationManager.py <_prstr>179 :  Average reward  = 8.67 +- 0.52
RESULTS:: 03:34:40: root                               EvaluationManager.py <_prstr>179 :  Average success = 86.90 +- 2.09
RESULTS:: 03:34:40: root                               EvaluationManager.py <_prstr>179 :  Average turns   = 8.71 +- 0.24
RESULTS:: 03:34:40: root                                   pydial.py <setEvalConfig>470 :  *** Evaluating env1-LAP-tau_sort_te_4020_0100_250100_0100-seed8-00.2: error-rate=0 num-dialogs=500 ***
RESULTS:: 03:45:48: root                               EvaluationManager.py <_prstr>179 :  Results for domain: Laptops11 --evaluated by: objective success evaluator
RESULTS:: 03:45:48: root                               EvaluationManager.py <_prstr>179 :  # of dialogues  = 500
RESULTS:: 03:45:48: root                               EvaluationManager.py <_prstr>179 :  Average reward  = 8.16 +- 0.78
RESULTS:: 03:45:48: root                               EvaluationManager.py <_prstr>179 :  Average success = 77.60 +- 3.66
RESULTS:: 03:45:48: root                               EvaluationManager.py <_prstr>179 :  Average turns   = 7.36 +- 0.21
RESULTS:: 03:45:48: root                                   pydial.py <train_command>791 :  List of domains: Laptops11
RESULTS:: 03:45:48: root                                      pydial.py <trainBatch>409 :  *** Training Iteration env1-LAP-tau_sort_te_4020_0100_250100_0100-seed8-00.2->env1-LAP-tau_sort_te_4020_0100_250100_0100-seed8-00.3: iter=2, error-rate=0, num-dialogs=1000 ***
RESULTS:: 04:13:21: root                               EvaluationManager.py <_prstr>179 :  Results for domain: Laptops11 --evaluated by: objective success evaluator
RESULTS:: 04:13:21: root                               EvaluationManager.py <_prstr>179 :  # of dialogues  = 1000
RESULTS:: 04:13:21: root                               EvaluationManager.py <_prstr>179 :  Average reward  = 9.74 +- 0.47
RESULTS:: 04:13:21: root                               EvaluationManager.py <_prstr>179 :  Average success = 92.50 +- 1.63
RESULTS:: 04:13:21: root                               EvaluationManager.py <_prstr>179 :  Average turns   = 8.76 +- 0.26
RESULTS:: 04:13:21: root                                   pydial.py <setEvalConfig>470 :  *** Evaluating env1-LAP-tau_sort_te_4020_0100_250100_0100-seed8-00.3: error-rate=0 num-dialogs=500 ***
RESULTS:: 04:24:35: root                               EvaluationManager.py <_prstr>179 :  Results for domain: Laptops11 --evaluated by: objective success evaluator
RESULTS:: 04:24:35: root                               EvaluationManager.py <_prstr>179 :  # of dialogues  = 500
RESULTS:: 04:24:35: root                               EvaluationManager.py <_prstr>179 :  Average reward  = 8.19 +- 0.77
RESULTS:: 04:24:35: root                               EvaluationManager.py <_prstr>179 :  Average success = 78.00 +- 3.64
RESULTS:: 04:24:35: root                               EvaluationManager.py <_prstr>179 :  Average turns   = 7.41 +- 0.21
RESULTS:: 04:24:35: root                                   pydial.py <train_command>791 :  List of domains: Laptops11
RESULTS:: 04:24:35: root                                      pydial.py <trainBatch>409 :  *** Training Iteration env1-LAP-tau_sort_te_4020_0100_250100_0100-seed8-00.3->env1-LAP-tau_sort_te_4020_0100_250100_0100-seed8-00.4: iter=3, error-rate=0, num-dialogs=1000 ***
RESULTS:: 04:52:36: root                               EvaluationManager.py <_prstr>179 :  Results for domain: Laptops11 --evaluated by: objective success evaluator
RESULTS:: 04:52:36: root                               EvaluationManager.py <_prstr>179 :  # of dialogues  = 1000
RESULTS:: 04:52:36: root                               EvaluationManager.py <_prstr>179 :  Average reward  = 9.83 +- 0.43
RESULTS:: 04:52:36: root                               EvaluationManager.py <_prstr>179 :  Average success = 93.40 +- 1.54
RESULTS:: 04:52:36: root                               EvaluationManager.py <_prstr>179 :  Average turns   = 8.85 +- 0.25
RESULTS:: 04:52:36: root                                   pydial.py <setEvalConfig>470 :  *** Evaluating env1-LAP-tau_sort_te_4020_0100_250100_0100-seed8-00.4: error-rate=0 num-dialogs=500 ***
RESULTS:: 05:03:54: root                               EvaluationManager.py <_prstr>179 :  Results for domain: Laptops11 --evaluated by: objective success evaluator
RESULTS:: 05:03:54: root                               EvaluationManager.py <_prstr>179 :  # of dialogues  = 500
RESULTS:: 05:03:54: root                               EvaluationManager.py <_prstr>179 :  Average reward  = 10.40 +- 0.61
RESULTS:: 05:03:54: root                               EvaluationManager.py <_prstr>179 :  Average success = 89.40 +- 2.70
RESULTS:: 05:03:54: root                               EvaluationManager.py <_prstr>179 :  Average turns   = 7.48 +- 0.24
RESULTS:: 05:03:54: root                                   pydial.py <train_command>791 :  List of domains: Laptops11
RESULTS:: 05:03:54: root                                      pydial.py <trainBatch>409 :  *** Training Iteration env1-LAP-tau_sort_te_4020_0100_250100_0100-seed8-00.4->env1-LAP-tau_sort_te_4020_0100_250100_0100-seed8-00.5: iter=4, error-rate=0, num-dialogs=1000 ***
RESULTS:: 05:31:47: root                               EvaluationManager.py <_prstr>179 :  Results for domain: Laptops11 --evaluated by: objective success evaluator
RESULTS:: 05:31:47: root                               EvaluationManager.py <_prstr>179 :  # of dialogues  = 1000
RESULTS:: 05:31:47: root                               EvaluationManager.py <_prstr>179 :  Average reward  = 9.82 +- 0.44
RESULTS:: 05:31:47: root                               EvaluationManager.py <_prstr>179 :  Average success = 93.20 +- 1.56
RESULTS:: 05:31:47: root                               EvaluationManager.py <_prstr>179 :  Average turns   = 8.82 +- 0.25
RESULTS:: 05:31:47: root                                   pydial.py <setEvalConfig>470 :  *** Evaluating env1-LAP-tau_sort_te_4020_0100_250100_0100-seed8-00.5: error-rate=0 num-dialogs=500 ***
RESULTS:: 05:43:37: root                               EvaluationManager.py <_prstr>179 :  Results for domain: Laptops11 --evaluated by: objective success evaluator
RESULTS:: 05:43:37: root                               EvaluationManager.py <_prstr>179 :  # of dialogues  = 500
RESULTS:: 05:43:37: root                               EvaluationManager.py <_prstr>179 :  Average reward  = 10.37 +- 0.60
RESULTS:: 05:43:37: root                               EvaluationManager.py <_prstr>179 :  Average success = 90.80 +- 2.54
RESULTS:: 05:43:37: root                               EvaluationManager.py <_prstr>179 :  Average turns   = 7.79 +- 0.28
RESULTS:: 05:43:37: root                                   pydial.py <train_command>791 :  List of domains: Laptops11
RESULTS:: 05:43:37: root                                      pydial.py <trainBatch>409 :  *** Training Iteration env1-LAP-tau_sort_te_4020_0100_250100_0100-seed8-00.5->env1-LAP-tau_sort_te_4020_0100_250100_0100-seed8-00.6: iter=5, error-rate=0, num-dialogs=1000 ***
RESULTS:: 06:11:40: root                               EvaluationManager.py <_prstr>179 :  Results for domain: Laptops11 --evaluated by: objective success evaluator
RESULTS:: 06:11:40: root                               EvaluationManager.py <_prstr>179 :  # of dialogues  = 1000
RESULTS:: 06:11:40: root                               EvaluationManager.py <_prstr>179 :  Average reward  = 9.20 +- 0.49
RESULTS:: 06:11:40: root                               EvaluationManager.py <_prstr>179 :  Average success = 90.60 +- 1.81
RESULTS:: 06:11:40: root                               EvaluationManager.py <_prstr>179 :  Average turns   = 8.92 +- 0.26
RESULTS:: 06:11:40: root                                   pydial.py <setEvalConfig>470 :  *** Evaluating env1-LAP-tau_sort_te_4020_0100_250100_0100-seed8-00.6: error-rate=0 num-dialogs=500 ***
RESULTS:: 06:23:14: root                               EvaluationManager.py <_prstr>179 :  Results for domain: Laptops11 --evaluated by: objective success evaluator
RESULTS:: 06:23:14: root                               EvaluationManager.py <_prstr>179 :  # of dialogues  = 500
RESULTS:: 06:23:14: root                               EvaluationManager.py <_prstr>179 :  Average reward  = 12.00 +- 0.41
RESULTS:: 06:23:14: root                               EvaluationManager.py <_prstr>179 :  Average success = 97.80 +- 1.29
RESULTS:: 06:23:14: root                               EvaluationManager.py <_prstr>179 :  Average turns   = 7.56 +- 0.28
RESULTS:: 06:23:14: root                                   pydial.py <train_command>791 :  List of domains: Laptops11
RESULTS:: 06:23:14: root                                      pydial.py <trainBatch>409 :  *** Training Iteration env1-LAP-tau_sort_te_4020_0100_250100_0100-seed8-00.6->env1-LAP-tau_sort_te_4020_0100_250100_0100-seed8-00.7: iter=6, error-rate=0, num-dialogs=1000 ***
RESULTS:: 06:50:41: root                               EvaluationManager.py <_prstr>179 :  Results for domain: Laptops11 --evaluated by: objective success evaluator
RESULTS:: 06:50:41: root                               EvaluationManager.py <_prstr>179 :  # of dialogues  = 1000
RESULTS:: 06:50:41: root                               EvaluationManager.py <_prstr>179 :  Average reward  = 10.16 +- 0.42
RESULTS:: 06:50:41: root                               EvaluationManager.py <_prstr>179 :  Average success = 94.30 +- 1.44
RESULTS:: 06:50:41: root                               EvaluationManager.py <_prstr>179 :  Average turns   = 8.70 +- 0.26
RESULTS:: 06:50:41: root                                   pydial.py <setEvalConfig>470 :  *** Evaluating env1-LAP-tau_sort_te_4020_0100_250100_0100-seed8-00.7: error-rate=0 num-dialogs=500 ***
RESULTS:: 07:01:48: root                               EvaluationManager.py <_prstr>179 :  Results for domain: Laptops11 --evaluated by: objective success evaluator
RESULTS:: 07:01:48: root                               EvaluationManager.py <_prstr>179 :  # of dialogues  = 500
RESULTS:: 07:01:48: root                               EvaluationManager.py <_prstr>179 :  Average reward  = 8.91 +- 0.73
RESULTS:: 07:01:48: root                               EvaluationManager.py <_prstr>179 :  Average success = 81.00 +- 3.45
RESULTS:: 07:01:48: root                               EvaluationManager.py <_prstr>179 :  Average turns   = 7.29 +- 0.20
RESULTS:: 07:01:48: root                                   pydial.py <train_command>791 :  List of domains: Laptops11
RESULTS:: 07:01:48: root                                      pydial.py <trainBatch>409 :  *** Training Iteration env1-LAP-tau_sort_te_4020_0100_250100_0100-seed8-00.7->env1-LAP-tau_sort_te_4020_0100_250100_0100-seed8-00.8: iter=7, error-rate=0, num-dialogs=1000 ***
RESULTS:: 07:28:48: root                               EvaluationManager.py <_prstr>179 :  Results for domain: Laptops11 --evaluated by: objective success evaluator
RESULTS:: 07:28:48: root                               EvaluationManager.py <_prstr>179 :  # of dialogues  = 1000
RESULTS:: 07:28:48: root                               EvaluationManager.py <_prstr>179 :  Average reward  = 8.99 +- 0.49
RESULTS:: 07:28:48: root                               EvaluationManager.py <_prstr>179 :  Average success = 87.50 +- 2.05
RESULTS:: 07:28:48: root                               EvaluationManager.py <_prstr>179 :  Average turns   = 8.51 +- 0.23
RESULTS:: 07:28:48: root                                   pydial.py <setEvalConfig>470 :  *** Evaluating env1-LAP-tau_sort_te_4020_0100_250100_0100-seed8-00.8: error-rate=0 num-dialogs=500 ***
RESULTS:: 07:38:49: root                               EvaluationManager.py <_prstr>179 :  Results for domain: Laptops11 --evaluated by: objective success evaluator
RESULTS:: 07:38:49: root                               EvaluationManager.py <_prstr>179 :  # of dialogues  = 500
RESULTS:: 07:38:49: root                               EvaluationManager.py <_prstr>179 :  Average reward  = 6.68 +- 0.86
RESULTS:: 07:38:49: root                               EvaluationManager.py <_prstr>179 :  Average success = 66.40 +- 4.15
RESULTS:: 07:38:49: root                               EvaluationManager.py <_prstr>179 :  Average turns   = 6.60 +- 0.17
RESULTS:: 07:38:49: root                                   pydial.py <train_command>791 :  List of domains: Laptops11
RESULTS:: 07:38:49: root                                      pydial.py <trainBatch>409 :  *** Training Iteration env1-LAP-tau_sort_te_4020_0100_250100_0100-seed8-00.8->env1-LAP-tau_sort_te_4020_0100_250100_0100-seed8-00.9: iter=8, error-rate=0, num-dialogs=1000 ***
RESULTS:: 08:06:02: root                               EvaluationManager.py <_prstr>179 :  Results for domain: Laptops11 --evaluated by: objective success evaluator
RESULTS:: 08:06:02: root                               EvaluationManager.py <_prstr>179 :  # of dialogues  = 1000
RESULTS:: 08:06:02: root                               EvaluationManager.py <_prstr>179 :  Average reward  = 9.28 +- 0.48
RESULTS:: 08:06:02: root                               EvaluationManager.py <_prstr>179 :  Average success = 89.40 +- 1.91
RESULTS:: 08:06:02: root                               EvaluationManager.py <_prstr>179 :  Average turns   = 8.60 +- 0.23
RESULTS:: 08:06:02: root                                   pydial.py <setEvalConfig>470 :  *** Evaluating env1-LAP-tau_sort_te_4020_0100_250100_0100-seed8-00.9: error-rate=0 num-dialogs=500 ***
RESULTS:: 08:16:48: root                               EvaluationManager.py <_prstr>179 :  Results for domain: Laptops11 --evaluated by: objective success evaluator
RESULTS:: 08:16:48: root                               EvaluationManager.py <_prstr>179 :  # of dialogues  = 500
RESULTS:: 08:16:48: root                               EvaluationManager.py <_prstr>179 :  Average reward  = 10.98 +- 0.57
RESULTS:: 08:16:48: root                               EvaluationManager.py <_prstr>179 :  Average success = 90.40 +- 2.59
RESULTS:: 08:16:48: root                               EvaluationManager.py <_prstr>179 :  Average turns   = 7.10 +- 0.20
RESULTS:: 08:16:48: root                                   pydial.py <train_command>791 :  List of domains: Laptops11
RESULTS:: 08:16:48: root                                      pydial.py <trainBatch>409 :  *** Training Iteration env1-LAP-tau_sort_te_4020_0100_250100_0100-seed8-00.9->env1-LAP-tau_sort_te_4020_0100_250100_0100-seed8-00.10: iter=9, error-rate=0, num-dialogs=1000 ***
RESULTS:: 08:44:10: root                               EvaluationManager.py <_prstr>179 :  Results for domain: Laptops11 --evaluated by: objective success evaluator
RESULTS:: 08:44:10: root                               EvaluationManager.py <_prstr>179 :  # of dialogues  = 1000
RESULTS:: 08:44:10: root                               EvaluationManager.py <_prstr>179 :  Average reward  = 9.31 +- 0.46
RESULTS:: 08:44:10: root                               EvaluationManager.py <_prstr>179 :  Average success = 89.90 +- 1.87
RESULTS:: 08:44:10: root                               EvaluationManager.py <_prstr>179 :  Average turns   = 8.67 +- 0.24
RESULTS:: 08:44:10: root                                   pydial.py <setEvalConfig>470 :  *** Evaluating env1-LAP-tau_sort_te_4020_0100_250100_0100-seed8-00.10: error-rate=0 num-dialogs=500 ***
RESULTS:: 08:54:30: root                               EvaluationManager.py <_prstr>179 :  Results for domain: Laptops11 --evaluated by: objective success evaluator
RESULTS:: 08:54:30: root                               EvaluationManager.py <_prstr>179 :  # of dialogues  = 500
RESULTS:: 08:54:30: root                               EvaluationManager.py <_prstr>179 :  Average reward  = 7.44 +- 0.84
RESULTS:: 08:54:30: root                               EvaluationManager.py <_prstr>179 :  Average success = 71.60 +- 3.96
RESULTS:: 08:54:30: root                               EvaluationManager.py <_prstr>179 :  Average turns   = 6.88 +- 0.18
RESULTS:: 08:54:30: root                                   pydial.py <train_command>807 :  *** Training complete. log: env1-LAP-tau_sort_te_4020_0100_250100_0100-seed8-00.1-10.train.log - final policy is env1-LAP-tau_sort_te_4020_0100_250100_0100-00-10
