RESULTS:: 02:27:14: root                                   pydial.py <train_command>791 :  List of domains: Laptops11
RESULTS:: 02:27:14: root                                      pydial.py <trainBatch>409 :  *** Training Iteration env1-LAP-tau_sort_te_4020_0100_250100_0100-seed3-00.0->env1-LAP-tau_sort_te_4020_0100_250100_0100-seed3-00.1: iter=0, error-rate=0, num-dialogs=1000 ***
RESULTS:: 02:58:36: root                               EvaluationManager.py <_prstr>179 :  Results for domain: Laptops11 --evaluated by: objective success evaluator
RESULTS:: 02:58:36: root                               EvaluationManager.py <_prstr>179 :  # of dialogues  = 1000
RESULTS:: 02:58:36: root                               EvaluationManager.py <_prstr>179 :  Average reward  = 6.45 +- 0.64
RESULTS:: 02:58:36: root                               EvaluationManager.py <_prstr>179 :  Average success = 77.60 +- 2.59
RESULTS:: 02:58:36: root                               EvaluationManager.py <_prstr>179 :  Average turns   = 9.07 +- 0.26
RESULTS:: 02:58:36: root                                   pydial.py <setEvalConfig>470 :  *** Evaluating env1-LAP-tau_sort_te_4020_0100_250100_0100-seed3-00.1: error-rate=0 num-dialogs=500 ***
RESULTS:: 03:11:37: root                               EvaluationManager.py <_prstr>179 :  Results for domain: Laptops11 --evaluated by: objective success evaluator
RESULTS:: 03:11:37: root                               EvaluationManager.py <_prstr>179 :  # of dialogues  = 500
RESULTS:: 03:11:37: root                               EvaluationManager.py <_prstr>179 :  Average reward  = 11.38 +- 0.53
RESULTS:: 03:11:37: root                               EvaluationManager.py <_prstr>179 :  Average success = 95.40 +- 1.84
RESULTS:: 03:11:37: root                               EvaluationManager.py <_prstr>179 :  Average turns   = 7.70 +- 0.29
RESULTS:: 03:11:37: root                                   pydial.py <train_command>791 :  List of domains: Laptops11
RESULTS:: 03:11:37: root                                      pydial.py <trainBatch>409 :  *** Training Iteration env1-LAP-tau_sort_te_4020_0100_250100_0100-seed3-00.1->env1-LAP-tau_sort_te_4020_0100_250100_0100-seed3-00.2: iter=1, error-rate=0, num-dialogs=1000 ***
RESULTS:: 03:43:28: root                               EvaluationManager.py <_prstr>179 :  Results for domain: Laptops11 --evaluated by: objective success evaluator
RESULTS:: 03:43:28: root                               EvaluationManager.py <_prstr>179 :  # of dialogues  = 1000
RESULTS:: 03:43:28: root                               EvaluationManager.py <_prstr>179 :  Average reward  = 9.73 +- 0.49
RESULTS:: 03:43:28: root                               EvaluationManager.py <_prstr>179 :  Average success = 93.40 +- 1.54
RESULTS:: 03:43:28: root                               EvaluationManager.py <_prstr>179 :  Average turns   = 8.95 +- 0.29
RESULTS:: 03:43:28: root                                   pydial.py <setEvalConfig>470 :  *** Evaluating env1-LAP-tau_sort_te_4020_0100_250100_0100-seed3-00.2: error-rate=0 num-dialogs=500 ***
RESULTS:: 03:56:21: root                               EvaluationManager.py <_prstr>179 :  Results for domain: Laptops11 --evaluated by: objective success evaluator
RESULTS:: 03:56:21: root                               EvaluationManager.py <_prstr>179 :  # of dialogues  = 500
RESULTS:: 03:56:21: root                               EvaluationManager.py <_prstr>179 :  Average reward  = 11.65 +- 0.53
RESULTS:: 03:56:21: root                               EvaluationManager.py <_prstr>179 :  Average success = 96.40 +- 1.64
RESULTS:: 03:56:21: root                               EvaluationManager.py <_prstr>179 :  Average turns   = 7.63 +- 0.32
RESULTS:: 03:56:21: root                                   pydial.py <train_command>791 :  List of domains: Laptops11
RESULTS:: 03:56:21: root                                      pydial.py <trainBatch>409 :  *** Training Iteration env1-LAP-tau_sort_te_4020_0100_250100_0100-seed3-00.2->env1-LAP-tau_sort_te_4020_0100_250100_0100-seed3-00.3: iter=2, error-rate=0, num-dialogs=1000 ***
RESULTS:: 04:28:21: root                               EvaluationManager.py <_prstr>179 :  Results for domain: Laptops11 --evaluated by: objective success evaluator
RESULTS:: 04:28:21: root                               EvaluationManager.py <_prstr>179 :  # of dialogues  = 1000
RESULTS:: 04:28:21: root                               EvaluationManager.py <_prstr>179 :  Average reward  = 9.62 +- 0.49
RESULTS:: 04:28:21: root                               EvaluationManager.py <_prstr>179 :  Average success = 93.40 +- 1.54
RESULTS:: 04:28:21: root                               EvaluationManager.py <_prstr>179 :  Average turns   = 9.06 +- 0.28
RESULTS:: 04:28:21: root                                   pydial.py <setEvalConfig>470 :  *** Evaluating env1-LAP-tau_sort_te_4020_0100_250100_0100-seed3-00.3: error-rate=0 num-dialogs=500 ***
RESULTS:: 04:41:36: root                               EvaluationManager.py <_prstr>179 :  Results for domain: Laptops11 --evaluated by: objective success evaluator
RESULTS:: 04:41:36: root                               EvaluationManager.py <_prstr>179 :  # of dialogues  = 500
RESULTS:: 04:41:36: root                               EvaluationManager.py <_prstr>179 :  Average reward  = 11.59 +- 0.52
RESULTS:: 04:41:36: root                               EvaluationManager.py <_prstr>179 :  Average success = 96.80 +- 1.55
RESULTS:: 04:41:36: root                               EvaluationManager.py <_prstr>179 :  Average turns   = 7.77 +- 0.32
RESULTS:: 04:41:36: root                                   pydial.py <train_command>791 :  List of domains: Laptops11
RESULTS:: 04:41:36: root                                      pydial.py <trainBatch>409 :  *** Training Iteration env1-LAP-tau_sort_te_4020_0100_250100_0100-seed3-00.3->env1-LAP-tau_sort_te_4020_0100_250100_0100-seed3-00.4: iter=3, error-rate=0, num-dialogs=1000 ***
RESULTS:: 05:13:39: root                               EvaluationManager.py <_prstr>179 :  Results for domain: Laptops11 --evaluated by: objective success evaluator
RESULTS:: 05:13:39: root                               EvaluationManager.py <_prstr>179 :  # of dialogues  = 1000
RESULTS:: 05:13:39: root                               EvaluationManager.py <_prstr>179 :  Average reward  = 9.42 +- 0.51
RESULTS:: 05:13:39: root                               EvaluationManager.py <_prstr>179 :  Average success = 92.60 +- 1.62
RESULTS:: 05:13:39: root                               EvaluationManager.py <_prstr>179 :  Average turns   = 9.10 +- 0.29
RESULTS:: 05:13:39: root                                   pydial.py <setEvalConfig>470 :  *** Evaluating env1-LAP-tau_sort_te_4020_0100_250100_0100-seed3-00.4: error-rate=0 num-dialogs=500 ***
RESULTS:: 05:26:16: root                               EvaluationManager.py <_prstr>179 :  Results for domain: Laptops11 --evaluated by: objective success evaluator
RESULTS:: 05:26:16: root                               EvaluationManager.py <_prstr>179 :  # of dialogues  = 500
RESULTS:: 05:26:16: root                               EvaluationManager.py <_prstr>179 :  Average reward  = 12.20 +- 0.40
RESULTS:: 05:26:16: root                               EvaluationManager.py <_prstr>179 :  Average success = 98.00 +- 1.23
RESULTS:: 05:26:16: root                               EvaluationManager.py <_prstr>179 :  Average turns   = 7.40 +- 0.28
RESULTS:: 05:26:16: root                                   pydial.py <train_command>791 :  List of domains: Laptops11
RESULTS:: 05:26:16: root                                      pydial.py <trainBatch>409 :  *** Training Iteration env1-LAP-tau_sort_te_4020_0100_250100_0100-seed3-00.4->env1-LAP-tau_sort_te_4020_0100_250100_0100-seed3-00.5: iter=4, error-rate=0, num-dialogs=1000 ***
RESULTS:: 05:58:07: root                               EvaluationManager.py <_prstr>179 :  Results for domain: Laptops11 --evaluated by: objective success evaluator
RESULTS:: 05:58:07: root                               EvaluationManager.py <_prstr>179 :  # of dialogues  = 1000
RESULTS:: 05:58:07: root                               EvaluationManager.py <_prstr>179 :  Average reward  = 9.34 +- 0.49
RESULTS:: 05:58:07: root                               EvaluationManager.py <_prstr>179 :  Average success = 91.90 +- 1.69
RESULTS:: 05:58:07: root                               EvaluationManager.py <_prstr>179 :  Average turns   = 9.04 +- 0.27
RESULTS:: 05:58:07: root                                   pydial.py <setEvalConfig>470 :  *** Evaluating env1-LAP-tau_sort_te_4020_0100_250100_0100-seed3-00.5: error-rate=0 num-dialogs=500 ***
RESULTS:: 06:11:02: root                               EvaluationManager.py <_prstr>179 :  Results for domain: Laptops11 --evaluated by: objective success evaluator
RESULTS:: 06:11:02: root                               EvaluationManager.py <_prstr>179 :  # of dialogues  = 500
RESULTS:: 06:11:02: root                               EvaluationManager.py <_prstr>179 :  Average reward  = 11.45 +- 0.52
RESULTS:: 06:11:02: root                               EvaluationManager.py <_prstr>179 :  Average success = 95.00 +- 1.91
RESULTS:: 06:11:02: root                               EvaluationManager.py <_prstr>179 :  Average turns   = 7.55 +- 0.29
RESULTS:: 06:11:02: root                                   pydial.py <train_command>791 :  List of domains: Laptops11
RESULTS:: 06:11:02: root                                      pydial.py <trainBatch>409 :  *** Training Iteration env1-LAP-tau_sort_te_4020_0100_250100_0100-seed3-00.5->env1-LAP-tau_sort_te_4020_0100_250100_0100-seed3-00.6: iter=5, error-rate=0, num-dialogs=1000 ***
RESULTS:: 06:42:34: root                               EvaluationManager.py <_prstr>179 :  Results for domain: Laptops11 --evaluated by: objective success evaluator
RESULTS:: 06:42:34: root                               EvaluationManager.py <_prstr>179 :  # of dialogues  = 1000
RESULTS:: 06:42:34: root                               EvaluationManager.py <_prstr>179 :  Average reward  = 9.62 +- 0.47
RESULTS:: 06:42:34: root                               EvaluationManager.py <_prstr>179 :  Average success = 92.70 +- 1.61
RESULTS:: 06:42:34: root                               EvaluationManager.py <_prstr>179 :  Average turns   = 8.92 +- 0.26
RESULTS:: 06:42:34: root                                   pydial.py <setEvalConfig>470 :  *** Evaluating env1-LAP-tau_sort_te_4020_0100_250100_0100-seed3-00.6: error-rate=0 num-dialogs=500 ***
RESULTS:: 06:55:34: root                               EvaluationManager.py <_prstr>179 :  Results for domain: Laptops11 --evaluated by: objective success evaluator
RESULTS:: 06:55:34: root                               EvaluationManager.py <_prstr>179 :  # of dialogues  = 500
RESULTS:: 06:55:34: root                               EvaluationManager.py <_prstr>179 :  Average reward  = 11.46 +- 0.54
RESULTS:: 06:55:34: root                               EvaluationManager.py <_prstr>179 :  Average success = 95.20 +- 1.88
RESULTS:: 06:55:34: root                               EvaluationManager.py <_prstr>179 :  Average turns   = 7.58 +- 0.28
RESULTS:: 06:55:34: root                                   pydial.py <train_command>791 :  List of domains: Laptops11
RESULTS:: 06:55:34: root                                      pydial.py <trainBatch>409 :  *** Training Iteration env1-LAP-tau_sort_te_4020_0100_250100_0100-seed3-00.6->env1-LAP-tau_sort_te_4020_0100_250100_0100-seed3-00.7: iter=6, error-rate=0, num-dialogs=1000 ***
RESULTS:: 07:26:51: root                               EvaluationManager.py <_prstr>179 :  Results for domain: Laptops11 --evaluated by: objective success evaluator
RESULTS:: 07:26:51: root                               EvaluationManager.py <_prstr>179 :  # of dialogues  = 1000
RESULTS:: 07:26:51: root                               EvaluationManager.py <_prstr>179 :  Average reward  = 10.05 +- 0.42
RESULTS:: 07:26:51: root                               EvaluationManager.py <_prstr>179 :  Average success = 94.50 +- 1.41
RESULTS:: 07:26:51: root                               EvaluationManager.py <_prstr>179 :  Average turns   = 8.85 +- 0.26
RESULTS:: 07:26:51: root                                   pydial.py <setEvalConfig>470 :  *** Evaluating env1-LAP-tau_sort_te_4020_0100_250100_0100-seed3-00.7: error-rate=0 num-dialogs=500 ***
RESULTS:: 07:40:21: root                               EvaluationManager.py <_prstr>179 :  Results for domain: Laptops11 --evaluated by: objective success evaluator
RESULTS:: 07:40:21: root                               EvaluationManager.py <_prstr>179 :  # of dialogues  = 500
RESULTS:: 07:40:21: root                               EvaluationManager.py <_prstr>179 :  Average reward  = 11.40 +- 0.56
RESULTS:: 07:40:21: root                               EvaluationManager.py <_prstr>179 :  Average success = 96.40 +- 1.64
RESULTS:: 07:40:21: root                               EvaluationManager.py <_prstr>179 :  Average turns   = 7.88 +- 0.33
RESULTS:: 07:40:21: root                                   pydial.py <train_command>791 :  List of domains: Laptops11
RESULTS:: 07:40:21: root                                      pydial.py <trainBatch>409 :  *** Training Iteration env1-LAP-tau_sort_te_4020_0100_250100_0100-seed3-00.7->env1-LAP-tau_sort_te_4020_0100_250100_0100-seed3-00.8: iter=7, error-rate=0, num-dialogs=1000 ***
RESULTS:: 08:10:18: root                               EvaluationManager.py <_prstr>179 :  Results for domain: Laptops11 --evaluated by: objective success evaluator
RESULTS:: 08:10:18: root                               EvaluationManager.py <_prstr>179 :  # of dialogues  = 1000
RESULTS:: 08:10:18: root                               EvaluationManager.py <_prstr>179 :  Average reward  = 9.65 +- 0.46
RESULTS:: 08:10:18: root                               EvaluationManager.py <_prstr>179 :  Average success = 92.30 +- 1.65
RESULTS:: 08:10:18: root                               EvaluationManager.py <_prstr>179 :  Average turns   = 8.81 +- 0.26
RESULTS:: 08:10:18: root                                   pydial.py <setEvalConfig>470 :  *** Evaluating env1-LAP-tau_sort_te_4020_0100_250100_0100-seed3-00.8: error-rate=0 num-dialogs=500 ***
RESULTS:: 08:22:48: root                               EvaluationManager.py <_prstr>179 :  Results for domain: Laptops11 --evaluated by: objective success evaluator
RESULTS:: 08:22:48: root                               EvaluationManager.py <_prstr>179 :  # of dialogues  = 500
RESULTS:: 08:22:48: root                               EvaluationManager.py <_prstr>179 :  Average reward  = 9.32 +- 0.70
RESULTS:: 08:22:48: root                               EvaluationManager.py <_prstr>179 :  Average success = 84.80 +- 3.15
RESULTS:: 08:22:48: root                               EvaluationManager.py <_prstr>179 :  Average turns   = 7.64 +- 0.27
RESULTS:: 08:22:48: root                                   pydial.py <train_command>791 :  List of domains: Laptops11
RESULTS:: 08:22:48: root                                      pydial.py <trainBatch>409 :  *** Training Iteration env1-LAP-tau_sort_te_4020_0100_250100_0100-seed3-00.8->env1-LAP-tau_sort_te_4020_0100_250100_0100-seed3-00.9: iter=8, error-rate=0, num-dialogs=1000 ***
RESULTS:: 08:53:08: root                               EvaluationManager.py <_prstr>179 :  Results for domain: Laptops11 --evaluated by: objective success evaluator
RESULTS:: 08:53:08: root                               EvaluationManager.py <_prstr>179 :  # of dialogues  = 1000
RESULTS:: 08:53:08: root                               EvaluationManager.py <_prstr>179 :  Average reward  = 9.39 +- 0.49
RESULTS:: 08:53:08: root                               EvaluationManager.py <_prstr>179 :  Average success = 91.80 +- 1.70
RESULTS:: 08:53:08: root                               EvaluationManager.py <_prstr>179 :  Average turns   = 8.96 +- 0.27
RESULTS:: 08:53:08: root                                   pydial.py <setEvalConfig>470 :  *** Evaluating env1-LAP-tau_sort_te_4020_0100_250100_0100-seed3-00.9: error-rate=0 num-dialogs=500 ***
RESULTS:: 09:05:05: root                               EvaluationManager.py <_prstr>179 :  Results for domain: Laptops11 --evaluated by: objective success evaluator
RESULTS:: 09:05:05: root                               EvaluationManager.py <_prstr>179 :  # of dialogues  = 500
RESULTS:: 09:05:05: root                               EvaluationManager.py <_prstr>179 :  Average reward  = 8.67 +- 0.78
RESULTS:: 09:05:05: root                               EvaluationManager.py <_prstr>179 :  Average success = 80.00 +- 3.51
RESULTS:: 09:05:05: root                               EvaluationManager.py <_prstr>179 :  Average turns   = 7.33 +- 0.25
RESULTS:: 09:05:05: root                                   pydial.py <train_command>791 :  List of domains: Laptops11
RESULTS:: 09:05:05: root                                      pydial.py <trainBatch>409 :  *** Training Iteration env1-LAP-tau_sort_te_4020_0100_250100_0100-seed3-00.9->env1-LAP-tau_sort_te_4020_0100_250100_0100-seed3-00.10: iter=9, error-rate=0, num-dialogs=1000 ***
RESULTS:: 09:34:35: root                               EvaluationManager.py <_prstr>179 :  Results for domain: Laptops11 --evaluated by: objective success evaluator
RESULTS:: 09:34:35: root                               EvaluationManager.py <_prstr>179 :  # of dialogues  = 1000
RESULTS:: 09:34:35: root                               EvaluationManager.py <_prstr>179 :  Average reward  = 10.03 +- 0.44
RESULTS:: 09:34:35: root                               EvaluationManager.py <_prstr>179 :  Average success = 93.30 +- 1.55
RESULTS:: 09:34:35: root                               EvaluationManager.py <_prstr>179 :  Average turns   = 8.63 +- 0.24
RESULTS:: 09:34:35: root                                   pydial.py <setEvalConfig>470 :  *** Evaluating env1-LAP-tau_sort_te_4020_0100_250100_0100-seed3-00.10: error-rate=0 num-dialogs=500 ***
RESULTS:: 09:45:56: root                               EvaluationManager.py <_prstr>179 :  Results for domain: Laptops11 --evaluated by: objective success evaluator
RESULTS:: 09:45:56: root                               EvaluationManager.py <_prstr>179 :  # of dialogues  = 500
RESULTS:: 09:45:56: root                               EvaluationManager.py <_prstr>179 :  Average reward  = 11.28 +- 0.59
RESULTS:: 09:45:56: root                               EvaluationManager.py <_prstr>179 :  Average success = 94.00 +- 2.09
RESULTS:: 09:45:56: root                               EvaluationManager.py <_prstr>179 :  Average turns   = 7.52 +- 0.29
RESULTS:: 09:45:56: root                                   pydial.py <train_command>807 :  *** Training complete. log: env1-LAP-tau_sort_te_4020_0100_250100_0100-seed3-00.1-10.train.log - final policy is env1-LAP-tau_sort_te_4020_0100_250100_0100-00-10
