RESULTS:: 02:27:17: root                                   pydial.py <train_command>791 :  List of domains: Laptops11
RESULTS:: 02:27:17: root                                      pydial.py <trainBatch>409 :  *** Training Iteration env1-LAP-tau_sort_te_4020_0100_250100_0100-seed4-00.0->env1-LAP-tau_sort_te_4020_0100_250100_0100-seed4-00.1: iter=0, error-rate=0, num-dialogs=1000 ***
RESULTS:: 02:58:19: root                               EvaluationManager.py <_prstr>179 :  Results for domain: Laptops11 --evaluated by: objective success evaluator
RESULTS:: 02:58:19: root                               EvaluationManager.py <_prstr>179 :  # of dialogues  = 1000
RESULTS:: 02:58:19: root                               EvaluationManager.py <_prstr>179 :  Average reward  = 5.97 +- 0.65
RESULTS:: 02:58:19: root                               EvaluationManager.py <_prstr>179 :  Average success = 74.70 +- 2.70
RESULTS:: 02:58:19: root                               EvaluationManager.py <_prstr>179 :  Average turns   = 8.97 +- 0.26
RESULTS:: 02:58:19: root                                   pydial.py <setEvalConfig>470 :  *** Evaluating env1-LAP-tau_sort_te_4020_0100_250100_0100-seed4-00.1: error-rate=0 num-dialogs=500 ***
RESULTS:: 03:11:14: root                               EvaluationManager.py <_prstr>179 :  Results for domain: Laptops11 --evaluated by: objective success evaluator
RESULTS:: 03:11:14: root                               EvaluationManager.py <_prstr>179 :  # of dialogues  = 500
RESULTS:: 03:11:14: root                               EvaluationManager.py <_prstr>179 :  Average reward  = 8.84 +- 0.73
RESULTS:: 03:11:14: root                               EvaluationManager.py <_prstr>179 :  Average success = 82.60 +- 3.33
RESULTS:: 03:11:14: root                               EvaluationManager.py <_prstr>179 :  Average turns   = 7.68 +- 0.29
RESULTS:: 03:11:14: root                                   pydial.py <train_command>791 :  List of domains: Laptops11
RESULTS:: 03:11:14: root                                      pydial.py <trainBatch>409 :  *** Training Iteration env1-LAP-tau_sort_te_4020_0100_250100_0100-seed4-00.1->env1-LAP-tau_sort_te_4020_0100_250100_0100-seed4-00.2: iter=1, error-rate=0, num-dialogs=1000 ***
RESULTS:: 03:43:44: root                               EvaluationManager.py <_prstr>179 :  Results for domain: Laptops11 --evaluated by: objective success evaluator
RESULTS:: 03:43:44: root                               EvaluationManager.py <_prstr>179 :  # of dialogues  = 1000
RESULTS:: 03:43:44: root                               EvaluationManager.py <_prstr>179 :  Average reward  = 8.90 +- 0.55
RESULTS:: 03:43:44: root                               EvaluationManager.py <_prstr>179 :  Average success = 90.20 +- 1.84
RESULTS:: 03:43:44: root                               EvaluationManager.py <_prstr>179 :  Average turns   = 9.14 +- 0.28
RESULTS:: 03:43:44: root                                   pydial.py <setEvalConfig>470 :  *** Evaluating env1-LAP-tau_sort_te_4020_0100_250100_0100-seed4-00.2: error-rate=0 num-dialogs=500 ***
RESULTS:: 03:57:36: root                               EvaluationManager.py <_prstr>179 :  Results for domain: Laptops11 --evaluated by: objective success evaluator
RESULTS:: 03:57:36: root                               EvaluationManager.py <_prstr>179 :  # of dialogues  = 500
RESULTS:: 03:57:36: root                               EvaluationManager.py <_prstr>179 :  Average reward  = 10.21 +- 0.82
RESULTS:: 03:57:36: root                               EvaluationManager.py <_prstr>179 :  Average success = 91.60 +- 2.44
RESULTS:: 03:57:36: root                               EvaluationManager.py <_prstr>179 :  Average turns   = 8.11 +- 0.41
RESULTS:: 03:57:36: root                                   pydial.py <train_command>791 :  List of domains: Laptops11
RESULTS:: 03:57:36: root                                      pydial.py <trainBatch>409 :  *** Training Iteration env1-LAP-tau_sort_te_4020_0100_250100_0100-seed4-00.2->env1-LAP-tau_sort_te_4020_0100_250100_0100-seed4-00.3: iter=2, error-rate=0, num-dialogs=1000 ***
RESULTS:: 04:29:49: root                               EvaluationManager.py <_prstr>179 :  Results for domain: Laptops11 --evaluated by: objective success evaluator
RESULTS:: 04:29:49: root                               EvaluationManager.py <_prstr>179 :  # of dialogues  = 1000
RESULTS:: 04:29:49: root                               EvaluationManager.py <_prstr>179 :  Average reward  = 9.65 +- 0.48
RESULTS:: 04:29:49: root                               EvaluationManager.py <_prstr>179 :  Average success = 93.80 +- 1.50
RESULTS:: 04:29:49: root                               EvaluationManager.py <_prstr>179 :  Average turns   = 9.11 +- 0.27
RESULTS:: 04:29:49: root                                   pydial.py <setEvalConfig>470 :  *** Evaluating env1-LAP-tau_sort_te_4020_0100_250100_0100-seed4-00.3: error-rate=0 num-dialogs=500 ***
RESULTS:: 04:42:49: root                               EvaluationManager.py <_prstr>179 :  Results for domain: Laptops11 --evaluated by: objective success evaluator
RESULTS:: 04:42:49: root                               EvaluationManager.py <_prstr>179 :  # of dialogues  = 500
RESULTS:: 04:42:49: root                               EvaluationManager.py <_prstr>179 :  Average reward  = 11.51 +- 0.53
RESULTS:: 04:42:49: root                               EvaluationManager.py <_prstr>179 :  Average success = 95.60 +- 1.80
RESULTS:: 04:42:49: root                               EvaluationManager.py <_prstr>179 :  Average turns   = 7.61 +- 0.29
RESULTS:: 04:42:49: root                                   pydial.py <train_command>791 :  List of domains: Laptops11
RESULTS:: 04:42:49: root                                      pydial.py <trainBatch>409 :  *** Training Iteration env1-LAP-tau_sort_te_4020_0100_250100_0100-seed4-00.3->env1-LAP-tau_sort_te_4020_0100_250100_0100-seed4-00.4: iter=3, error-rate=0, num-dialogs=1000 ***
RESULTS:: 05:14:02: root                               EvaluationManager.py <_prstr>179 :  Results for domain: Laptops11 --evaluated by: objective success evaluator
RESULTS:: 05:14:02: root                               EvaluationManager.py <_prstr>179 :  # of dialogues  = 1000
RESULTS:: 05:14:02: root                               EvaluationManager.py <_prstr>179 :  Average reward  = 10.20 +- 0.43
RESULTS:: 05:14:02: root                               EvaluationManager.py <_prstr>179 :  Average success = 94.90 +- 1.37
RESULTS:: 05:14:02: root                               EvaluationManager.py <_prstr>179 :  Average turns   = 8.78 +- 0.26
RESULTS:: 05:14:02: root                                   pydial.py <setEvalConfig>470 :  *** Evaluating env1-LAP-tau_sort_te_4020_0100_250100_0100-seed4-00.4: error-rate=0 num-dialogs=500 ***
RESULTS:: 05:27:07: root                               EvaluationManager.py <_prstr>179 :  Results for domain: Laptops11 --evaluated by: objective success evaluator
RESULTS:: 05:27:07: root                               EvaluationManager.py <_prstr>179 :  # of dialogues  = 500
RESULTS:: 05:27:07: root                               EvaluationManager.py <_prstr>179 :  Average reward  = 11.60 +- 0.53
RESULTS:: 05:27:07: root                               EvaluationManager.py <_prstr>179 :  Average success = 96.40 +- 1.64
RESULTS:: 05:27:07: root                               EvaluationManager.py <_prstr>179 :  Average turns   = 7.68 +- 0.32
RESULTS:: 05:27:07: root                                   pydial.py <train_command>791 :  List of domains: Laptops11
RESULTS:: 05:27:07: root                                      pydial.py <trainBatch>409 :  *** Training Iteration env1-LAP-tau_sort_te_4020_0100_250100_0100-seed4-00.4->env1-LAP-tau_sort_te_4020_0100_250100_0100-seed4-00.5: iter=4, error-rate=0, num-dialogs=1000 ***
RESULTS:: 05:59:30: root                               EvaluationManager.py <_prstr>179 :  Results for domain: Laptops11 --evaluated by: objective success evaluator
RESULTS:: 05:59:30: root                               EvaluationManager.py <_prstr>179 :  # of dialogues  = 1000
RESULTS:: 05:59:30: root                               EvaluationManager.py <_prstr>179 :  Average reward  = 9.48 +- 0.51
RESULTS:: 05:59:30: root                               EvaluationManager.py <_prstr>179 :  Average success = 93.40 +- 1.54
RESULTS:: 05:59:30: root                               EvaluationManager.py <_prstr>179 :  Average turns   = 9.20 +- 0.29
RESULTS:: 05:59:30: root                                   pydial.py <setEvalConfig>470 :  *** Evaluating env1-LAP-tau_sort_te_4020_0100_250100_0100-seed4-00.5: error-rate=0 num-dialogs=500 ***
RESULTS:: 06:12:25: root                               EvaluationManager.py <_prstr>179 :  Results for domain: Laptops11 --evaluated by: objective success evaluator
RESULTS:: 06:12:25: root                               EvaluationManager.py <_prstr>179 :  # of dialogues  = 500
RESULTS:: 06:12:25: root                               EvaluationManager.py <_prstr>179 :  Average reward  = 11.74 +- 0.46
RESULTS:: 06:12:25: root                               EvaluationManager.py <_prstr>179 :  Average success = 96.40 +- 1.64
RESULTS:: 06:12:25: root                               EvaluationManager.py <_prstr>179 :  Average turns   = 7.54 +- 0.27
RESULTS:: 06:12:25: root                                   pydial.py <train_command>791 :  List of domains: Laptops11
RESULTS:: 06:12:25: root                                      pydial.py <trainBatch>409 :  *** Training Iteration env1-LAP-tau_sort_te_4020_0100_250100_0100-seed4-00.5->env1-LAP-tau_sort_te_4020_0100_250100_0100-seed4-00.6: iter=5, error-rate=0, num-dialogs=1000 ***
RESULTS:: 06:44:15: root                               EvaluationManager.py <_prstr>179 :  Results for domain: Laptops11 --evaluated by: objective success evaluator
RESULTS:: 06:44:15: root                               EvaluationManager.py <_prstr>179 :  # of dialogues  = 1000
RESULTS:: 06:44:15: root                               EvaluationManager.py <_prstr>179 :  Average reward  = 9.15 +- 0.49
RESULTS:: 06:44:15: root                               EvaluationManager.py <_prstr>179 :  Average success = 91.00 +- 1.78
RESULTS:: 06:44:15: root                               EvaluationManager.py <_prstr>179 :  Average turns   = 9.05 +- 0.26
RESULTS:: 06:44:15: root                                   pydial.py <setEvalConfig>470 :  *** Evaluating env1-LAP-tau_sort_te_4020_0100_250100_0100-seed4-00.6: error-rate=0 num-dialogs=500 ***
RESULTS:: 06:58:03: root                               EvaluationManager.py <_prstr>179 :  Results for domain: Laptops11 --evaluated by: objective success evaluator
RESULTS:: 06:58:03: root                               EvaluationManager.py <_prstr>179 :  # of dialogues  = 500
RESULTS:: 06:58:03: root                               EvaluationManager.py <_prstr>179 :  Average reward  = 11.28 +- 0.53
RESULTS:: 06:58:03: root                               EvaluationManager.py <_prstr>179 :  Average success = 96.80 +- 1.55
RESULTS:: 06:58:03: root                               EvaluationManager.py <_prstr>179 :  Average turns   = 8.08 +- 0.33
RESULTS:: 06:58:03: root                                   pydial.py <train_command>791 :  List of domains: Laptops11
RESULTS:: 06:58:03: root                                      pydial.py <trainBatch>409 :  *** Training Iteration env1-LAP-tau_sort_te_4020_0100_250100_0100-seed4-00.6->env1-LAP-tau_sort_te_4020_0100_250100_0100-seed4-00.7: iter=6, error-rate=0, num-dialogs=1000 ***
RESULTS:: 07:29:49: root                               EvaluationManager.py <_prstr>179 :  Results for domain: Laptops11 --evaluated by: objective success evaluator
RESULTS:: 07:29:49: root                               EvaluationManager.py <_prstr>179 :  # of dialogues  = 1000
RESULTS:: 07:29:49: root                               EvaluationManager.py <_prstr>179 :  Average reward  = 9.78 +- 0.47
RESULTS:: 07:29:49: root                               EvaluationManager.py <_prstr>179 :  Average success = 93.80 +- 1.50
RESULTS:: 07:29:49: root                               EvaluationManager.py <_prstr>179 :  Average turns   = 8.98 +- 0.26
RESULTS:: 07:29:49: root                                   pydial.py <setEvalConfig>470 :  *** Evaluating env1-LAP-tau_sort_te_4020_0100_250100_0100-seed4-00.7: error-rate=0 num-dialogs=500 ***
RESULTS:: 07:42:54: root                               EvaluationManager.py <_prstr>179 :  Results for domain: Laptops11 --evaluated by: objective success evaluator
RESULTS:: 07:42:54: root                               EvaluationManager.py <_prstr>179 :  # of dialogues  = 500
RESULTS:: 07:42:54: root                               EvaluationManager.py <_prstr>179 :  Average reward  = 10.89 +- 0.58
RESULTS:: 07:42:54: root                               EvaluationManager.py <_prstr>179 :  Average success = 92.80 +- 2.27
RESULTS:: 07:42:54: root                               EvaluationManager.py <_prstr>179 :  Average turns   = 7.67 +- 0.29
RESULTS:: 07:42:54: root                                   pydial.py <train_command>791 :  List of domains: Laptops11
RESULTS:: 07:42:54: root                                      pydial.py <trainBatch>409 :  *** Training Iteration env1-LAP-tau_sort_te_4020_0100_250100_0100-seed4-00.7->env1-LAP-tau_sort_te_4020_0100_250100_0100-seed4-00.8: iter=7, error-rate=0, num-dialogs=1000 ***
RESULTS:: 08:12:38: root                               EvaluationManager.py <_prstr>179 :  Results for domain: Laptops11 --evaluated by: objective success evaluator
RESULTS:: 08:12:38: root                               EvaluationManager.py <_prstr>179 :  # of dialogues  = 1000
RESULTS:: 08:12:38: root                               EvaluationManager.py <_prstr>179 :  Average reward  = 9.16 +- 0.48
RESULTS:: 08:12:38: root                               EvaluationManager.py <_prstr>179 :  Average success = 90.80 +- 1.79
RESULTS:: 08:12:38: root                               EvaluationManager.py <_prstr>179 :  Average turns   = 9.00 +- 0.26
RESULTS:: 08:12:38: root                                   pydial.py <setEvalConfig>470 :  *** Evaluating env1-LAP-tau_sort_te_4020_0100_250100_0100-seed4-00.8: error-rate=0 num-dialogs=500 ***
RESULTS:: 08:24:33: root                               EvaluationManager.py <_prstr>179 :  Results for domain: Laptops11 --evaluated by: objective success evaluator
RESULTS:: 08:24:33: root                               EvaluationManager.py <_prstr>179 :  # of dialogues  = 500
RESULTS:: 08:24:33: root                               EvaluationManager.py <_prstr>179 :  Average reward  = 11.98 +- 0.44
RESULTS:: 08:24:33: root                               EvaluationManager.py <_prstr>179 :  Average success = 97.20 +- 1.45
RESULTS:: 08:24:33: root                               EvaluationManager.py <_prstr>179 :  Average turns   = 7.46 +- 0.27
RESULTS:: 08:24:33: root                                   pydial.py <train_command>791 :  List of domains: Laptops11
RESULTS:: 08:24:33: root                                      pydial.py <trainBatch>409 :  *** Training Iteration env1-LAP-tau_sort_te_4020_0100_250100_0100-seed4-00.8->env1-LAP-tau_sort_te_4020_0100_250100_0100-seed4-00.9: iter=8, error-rate=0, num-dialogs=1000 ***
RESULTS:: 08:53:45: root                               EvaluationManager.py <_prstr>179 :  Results for domain: Laptops11 --evaluated by: objective success evaluator
RESULTS:: 08:53:45: root                               EvaluationManager.py <_prstr>179 :  # of dialogues  = 1000
RESULTS:: 08:53:45: root                               EvaluationManager.py <_prstr>179 :  Average reward  = 9.54 +- 0.49
RESULTS:: 08:53:45: root                               EvaluationManager.py <_prstr>179 :  Average success = 92.00 +- 1.68
RESULTS:: 08:53:45: root                               EvaluationManager.py <_prstr>179 :  Average turns   = 8.86 +- 0.27
RESULTS:: 08:53:45: root                                   pydial.py <setEvalConfig>470 :  *** Evaluating env1-LAP-tau_sort_te_4020_0100_250100_0100-seed4-00.9: error-rate=0 num-dialogs=500 ***
RESULTS:: 09:05:33: root                               EvaluationManager.py <_prstr>179 :  Results for domain: Laptops11 --evaluated by: objective success evaluator
RESULTS:: 09:05:33: root                               EvaluationManager.py <_prstr>179 :  # of dialogues  = 500
RESULTS:: 09:05:33: root                               EvaluationManager.py <_prstr>179 :  Average reward  = 11.17 +- 0.55
RESULTS:: 09:05:33: root                               EvaluationManager.py <_prstr>179 :  Average success = 92.80 +- 2.27
RESULTS:: 09:05:33: root                               EvaluationManager.py <_prstr>179 :  Average turns   = 7.39 +- 0.27
RESULTS:: 09:05:33: root                                   pydial.py <train_command>791 :  List of domains: Laptops11
RESULTS:: 09:05:33: root                                      pydial.py <trainBatch>409 :  *** Training Iteration env1-LAP-tau_sort_te_4020_0100_250100_0100-seed4-00.9->env1-LAP-tau_sort_te_4020_0100_250100_0100-seed4-00.10: iter=9, error-rate=0, num-dialogs=1000 ***
RESULTS:: 09:35:10: root                               EvaluationManager.py <_prstr>179 :  Results for domain: Laptops11 --evaluated by: objective success evaluator
RESULTS:: 09:35:10: root                               EvaluationManager.py <_prstr>179 :  # of dialogues  = 1000
RESULTS:: 09:35:10: root                               EvaluationManager.py <_prstr>179 :  Average reward  = 10.18 +- 0.41
RESULTS:: 09:35:10: root                               EvaluationManager.py <_prstr>179 :  Average success = 95.50 +- 1.29
RESULTS:: 09:35:10: root                               EvaluationManager.py <_prstr>179 :  Average turns   = 8.92 +- 0.27
RESULTS:: 09:35:10: root                                   pydial.py <setEvalConfig>470 :  *** Evaluating env1-LAP-tau_sort_te_4020_0100_250100_0100-seed4-00.10: error-rate=0 num-dialogs=500 ***
RESULTS:: 09:46:36: root                               EvaluationManager.py <_prstr>179 :  Results for domain: Laptops11 --evaluated by: objective success evaluator
RESULTS:: 09:46:36: root                               EvaluationManager.py <_prstr>179 :  # of dialogues  = 500
RESULTS:: 09:46:36: root                               EvaluationManager.py <_prstr>179 :  Average reward  = 11.07 +- 0.58
RESULTS:: 09:46:36: root                               EvaluationManager.py <_prstr>179 :  Average success = 93.00 +- 2.24
RESULTS:: 09:46:36: root                               EvaluationManager.py <_prstr>179 :  Average turns   = 7.53 +- 0.28
RESULTS:: 09:46:36: root                                   pydial.py <train_command>807 :  *** Training complete. log: env1-LAP-tau_sort_te_4020_0100_250100_0100-seed4-00.1-10.train.log - final policy is env1-LAP-tau_sort_te_4020_0100_250100_0100-00-10
