RESULTS:: 02:29:01: root                                   pydial.py <train_command>791 :  List of domains: Laptops11
RESULTS:: 02:29:01: root                                      pydial.py <trainBatch>409 :  *** Training Iteration env5-LAP-tau_nodrop_sort_noinco_4020_250100-seed3-15.0->env5-LAP-tau_nodrop_sort_noinco_4020_250100-seed3-15.1: iter=0, error-rate=15, num-dialogs=1000 ***
RESULTS:: 02:57:41: root                               EvaluationManager.py <_prstr>179 :  Results for domain: Laptops11 --evaluated by: objective success evaluator
RESULTS:: 02:57:41: root                               EvaluationManager.py <_prstr>179 :  # of dialogues  = 1000
RESULTS:: 02:57:41: root                               EvaluationManager.py <_prstr>179 :  Average reward  = -1.94 +- 0.72
RESULTS:: 02:57:41: root                               EvaluationManager.py <_prstr>179 :  Average success = 48.70 +- 3.10
RESULTS:: 02:57:41: root                               EvaluationManager.py <_prstr>179 :  Average turns   = 11.68 +- 0.32
RESULTS:: 02:57:41: root                                   pydial.py <setEvalConfig>470 :  *** Evaluating env5-LAP-tau_nodrop_sort_noinco_4020_250100-seed3-15.1: error-rate=15 num-dialogs=500 ***
RESULTS:: 03:07:47: root                               EvaluationManager.py <_prstr>179 :  Results for domain: Laptops11 --evaluated by: objective success evaluator
RESULTS:: 03:07:47: root                               EvaluationManager.py <_prstr>179 :  # of dialogues  = 500
RESULTS:: 03:07:47: root                               EvaluationManager.py <_prstr>179 :  Average reward  = 2.51 +- 0.90
RESULTS:: 03:07:47: root                               EvaluationManager.py <_prstr>179 :  Average success = 57.20 +- 4.35
RESULTS:: 03:07:47: root                               EvaluationManager.py <_prstr>179 :  Average turns   = 8.93 +- 0.27
RESULTS:: 03:07:47: root                                   pydial.py <train_command>791 :  List of domains: Laptops11
RESULTS:: 03:07:47: root                                      pydial.py <trainBatch>409 :  *** Training Iteration env5-LAP-tau_nodrop_sort_noinco_4020_250100-seed3-15.1->env5-LAP-tau_nodrop_sort_noinco_4020_250100-seed3-15.2: iter=1, error-rate=15, num-dialogs=1000 ***
RESULTS:: 03:38:36: root                               EvaluationManager.py <_prstr>179 :  Results for domain: Laptops11 --evaluated by: objective success evaluator
RESULTS:: 03:38:36: root                               EvaluationManager.py <_prstr>179 :  # of dialogues  = 1000
RESULTS:: 03:38:36: root                               EvaluationManager.py <_prstr>179 :  Average reward  = 0.54 +- 0.72
RESULTS:: 03:38:36: root                               EvaluationManager.py <_prstr>179 :  Average success = 63.30 +- 2.99
RESULTS:: 03:38:36: root                               EvaluationManager.py <_prstr>179 :  Average turns   = 12.12 +- 0.33
RESULTS:: 03:38:36: root                                   pydial.py <setEvalConfig>470 :  *** Evaluating env5-LAP-tau_nodrop_sort_noinco_4020_250100-seed3-15.2: error-rate=15 num-dialogs=500 ***
RESULTS:: 03:52:02: root                               EvaluationManager.py <_prstr>179 :  Results for domain: Laptops11 --evaluated by: objective success evaluator
RESULTS:: 03:52:02: root                               EvaluationManager.py <_prstr>179 :  # of dialogues  = 500
RESULTS:: 03:52:02: root                               EvaluationManager.py <_prstr>179 :  Average reward  = 0.66 +- 1.12
RESULTS:: 03:52:02: root                               EvaluationManager.py <_prstr>179 :  Average success = 60.40 +- 4.30
RESULTS:: 03:52:02: root                               EvaluationManager.py <_prstr>179 :  Average turns   = 11.42 +- 0.49
RESULTS:: 03:52:02: root                                   pydial.py <train_command>791 :  List of domains: Laptops11
RESULTS:: 03:52:02: root                                      pydial.py <trainBatch>409 :  *** Training Iteration env5-LAP-tau_nodrop_sort_noinco_4020_250100-seed3-15.2->env5-LAP-tau_nodrop_sort_noinco_4020_250100-seed3-15.3: iter=2, error-rate=15, num-dialogs=1000 ***
RESULTS:: 04:23:42: root                               EvaluationManager.py <_prstr>179 :  Results for domain: Laptops11 --evaluated by: objective success evaluator
RESULTS:: 04:23:42: root                               EvaluationManager.py <_prstr>179 :  # of dialogues  = 1000
RESULTS:: 04:23:42: root                               EvaluationManager.py <_prstr>179 :  Average reward  = 1.51 +- 0.74
RESULTS:: 04:23:42: root                               EvaluationManager.py <_prstr>179 :  Average success = 71.20 +- 2.81
RESULTS:: 04:23:42: root                               EvaluationManager.py <_prstr>179 :  Average turns   = 12.73 +- 0.35
RESULTS:: 04:23:42: root                                   pydial.py <setEvalConfig>470 :  *** Evaluating env5-LAP-tau_nodrop_sort_noinco_4020_250100-seed3-15.3: error-rate=15 num-dialogs=500 ***
RESULTS:: 04:35:52: root                               EvaluationManager.py <_prstr>179 :  Results for domain: Laptops11 --evaluated by: objective success evaluator
RESULTS:: 04:35:52: root                               EvaluationManager.py <_prstr>179 :  # of dialogues  = 500
RESULTS:: 04:35:52: root                               EvaluationManager.py <_prstr>179 :  Average reward  = 3.84 +- 0.94
RESULTS:: 04:35:52: root                               EvaluationManager.py <_prstr>179 :  Average success = 69.20 +- 4.06
RESULTS:: 04:35:52: root                               EvaluationManager.py <_prstr>179 :  Average turns   = 10.00 +- 0.36
RESULTS:: 04:35:52: root                                   pydial.py <train_command>791 :  List of domains: Laptops11
RESULTS:: 04:35:52: root                                      pydial.py <trainBatch>409 :  *** Training Iteration env5-LAP-tau_nodrop_sort_noinco_4020_250100-seed3-15.3->env5-LAP-tau_nodrop_sort_noinco_4020_250100-seed3-15.4: iter=3, error-rate=15, num-dialogs=1000 ***
RESULTS:: 05:07:29: root                               EvaluationManager.py <_prstr>179 :  Results for domain: Laptops11 --evaluated by: objective success evaluator
RESULTS:: 05:07:29: root                               EvaluationManager.py <_prstr>179 :  # of dialogues  = 1000
RESULTS:: 05:07:29: root                               EvaluationManager.py <_prstr>179 :  Average reward  = 0.64 +- 0.74
RESULTS:: 05:07:29: root                               EvaluationManager.py <_prstr>179 :  Average success = 66.70 +- 2.92
RESULTS:: 05:07:29: root                               EvaluationManager.py <_prstr>179 :  Average turns   = 12.70 +- 0.35
RESULTS:: 05:07:29: root                                   pydial.py <setEvalConfig>470 :  *** Evaluating env5-LAP-tau_nodrop_sort_noinco_4020_250100-seed3-15.4: error-rate=15 num-dialogs=500 ***
RESULTS:: 05:19:57: root                               EvaluationManager.py <_prstr>179 :  Results for domain: Laptops11 --evaluated by: objective success evaluator
RESULTS:: 05:19:57: root                               EvaluationManager.py <_prstr>179 :  # of dialogues  = 500
RESULTS:: 05:19:57: root                               EvaluationManager.py <_prstr>179 :  Average reward  = 4.76 +- 0.87
RESULTS:: 05:19:57: root                               EvaluationManager.py <_prstr>179 :  Average success = 75.80 +- 3.76
RESULTS:: 05:19:57: root                               EvaluationManager.py <_prstr>179 :  Average turns   = 10.40 +- 0.37
RESULTS:: 05:19:57: root                                   pydial.py <train_command>791 :  List of domains: Laptops11
RESULTS:: 05:19:57: root                                      pydial.py <trainBatch>409 :  *** Training Iteration env5-LAP-tau_nodrop_sort_noinco_4020_250100-seed3-15.4->env5-LAP-tau_nodrop_sort_noinco_4020_250100-seed3-15.5: iter=4, error-rate=15, num-dialogs=1000 ***
RESULTS:: 05:51:48: root                               EvaluationManager.py <_prstr>179 :  Results for domain: Laptops11 --evaluated by: objective success evaluator
RESULTS:: 05:51:48: root                               EvaluationManager.py <_prstr>179 :  # of dialogues  = 1000
RESULTS:: 05:51:48: root                               EvaluationManager.py <_prstr>179 :  Average reward  = 2.12 +- 0.71
RESULTS:: 05:51:48: root                               EvaluationManager.py <_prstr>179 :  Average success = 74.20 +- 2.72
RESULTS:: 05:51:48: root                               EvaluationManager.py <_prstr>179 :  Average turns   = 12.72 +- 0.35
RESULTS:: 05:51:48: root                                   pydial.py <setEvalConfig>470 :  *** Evaluating env5-LAP-tau_nodrop_sort_noinco_4020_250100-seed3-15.5: error-rate=15 num-dialogs=500 ***
RESULTS:: 06:04:59: root                               EvaluationManager.py <_prstr>179 :  Results for domain: Laptops11 --evaluated by: objective success evaluator
RESULTS:: 06:04:59: root                               EvaluationManager.py <_prstr>179 :  # of dialogues  = 500
RESULTS:: 06:04:59: root                               EvaluationManager.py <_prstr>179 :  Average reward  = 4.65 +- 0.91
RESULTS:: 06:04:59: root                               EvaluationManager.py <_prstr>179 :  Average success = 77.00 +- 3.70
RESULTS:: 06:04:59: root                               EvaluationManager.py <_prstr>179 :  Average turns   = 10.75 +- 0.39
RESULTS:: 06:04:59: root                                   pydial.py <train_command>791 :  List of domains: Laptops11
RESULTS:: 06:04:59: root                                      pydial.py <trainBatch>409 :  *** Training Iteration env5-LAP-tau_nodrop_sort_noinco_4020_250100-seed3-15.5->env5-LAP-tau_nodrop_sort_noinco_4020_250100-seed3-15.6: iter=5, error-rate=15, num-dialogs=1000 ***
RESULTS:: 06:37:31: root                               EvaluationManager.py <_prstr>179 :  Results for domain: Laptops11 --evaluated by: objective success evaluator
RESULTS:: 06:37:31: root                               EvaluationManager.py <_prstr>179 :  # of dialogues  = 1000
RESULTS:: 06:37:31: root                               EvaluationManager.py <_prstr>179 :  Average reward  = 0.77 +- 0.74
RESULTS:: 06:37:31: root                               EvaluationManager.py <_prstr>179 :  Average success = 69.50 +- 2.86
RESULTS:: 06:37:31: root                               EvaluationManager.py <_prstr>179 :  Average turns   = 13.13 +- 0.35
RESULTS:: 06:37:31: root                                   pydial.py <setEvalConfig>470 :  *** Evaluating env5-LAP-tau_nodrop_sort_noinco_4020_250100-seed3-15.6: error-rate=15 num-dialogs=500 ***
RESULTS:: 06:50:00: root                               EvaluationManager.py <_prstr>179 :  Results for domain: Laptops11 --evaluated by: objective success evaluator
RESULTS:: 06:50:00: root                               EvaluationManager.py <_prstr>179 :  # of dialogues  = 500
RESULTS:: 06:50:00: root                               EvaluationManager.py <_prstr>179 :  Average reward  = 5.50 +- 0.87
RESULTS:: 06:50:00: root                               EvaluationManager.py <_prstr>179 :  Average success = 78.80 +- 3.59
RESULTS:: 06:50:00: root                               EvaluationManager.py <_prstr>179 :  Average turns   = 10.26 +- 0.37
RESULTS:: 06:50:00: root                                   pydial.py <train_command>791 :  List of domains: Laptops11
RESULTS:: 06:50:00: root                                      pydial.py <trainBatch>409 :  *** Training Iteration env5-LAP-tau_nodrop_sort_noinco_4020_250100-seed3-15.6->env5-LAP-tau_nodrop_sort_noinco_4020_250100-seed3-15.7: iter=6, error-rate=15, num-dialogs=1000 ***
RESULTS:: 07:21:24: root                               EvaluationManager.py <_prstr>179 :  Results for domain: Laptops11 --evaluated by: objective success evaluator
RESULTS:: 07:21:24: root                               EvaluationManager.py <_prstr>179 :  # of dialogues  = 1000
RESULTS:: 07:21:24: root                               EvaluationManager.py <_prstr>179 :  Average reward  = 2.56 +- 0.71
RESULTS:: 07:21:24: root                               EvaluationManager.py <_prstr>179 :  Average success = 75.40 +- 2.67
RESULTS:: 07:21:24: root                               EvaluationManager.py <_prstr>179 :  Average turns   = 12.52 +- 0.35
RESULTS:: 07:21:24: root                                   pydial.py <setEvalConfig>470 :  *** Evaluating env5-LAP-tau_nodrop_sort_noinco_4020_250100-seed3-15.7: error-rate=15 num-dialogs=500 ***
RESULTS:: 07:34:01: root                               EvaluationManager.py <_prstr>179 :  Results for domain: Laptops11 --evaluated by: objective success evaluator
RESULTS:: 07:34:01: root                               EvaluationManager.py <_prstr>179 :  # of dialogues  = 500
RESULTS:: 07:34:01: root                               EvaluationManager.py <_prstr>179 :  Average reward  = 4.49 +- 0.88
RESULTS:: 07:34:01: root                               EvaluationManager.py <_prstr>179 :  Average success = 75.00 +- 3.80
RESULTS:: 07:34:01: root                               EvaluationManager.py <_prstr>179 :  Average turns   = 10.51 +- 0.38
RESULTS:: 07:34:01: root                                   pydial.py <train_command>791 :  List of domains: Laptops11
RESULTS:: 07:34:01: root                                      pydial.py <trainBatch>409 :  *** Training Iteration env5-LAP-tau_nodrop_sort_noinco_4020_250100-seed3-15.7->env5-LAP-tau_nodrop_sort_noinco_4020_250100-seed3-15.8: iter=7, error-rate=15, num-dialogs=1000 ***
RESULTS:: 08:06:41: root                               EvaluationManager.py <_prstr>179 :  Results for domain: Laptops11 --evaluated by: objective success evaluator
RESULTS:: 08:06:41: root                               EvaluationManager.py <_prstr>179 :  # of dialogues  = 1000
RESULTS:: 08:06:41: root                               EvaluationManager.py <_prstr>179 :  Average reward  = 1.65 +- 0.71
RESULTS:: 08:06:41: root                               EvaluationManager.py <_prstr>179 :  Average success = 72.80 +- 2.76
RESULTS:: 08:06:41: root                               EvaluationManager.py <_prstr>179 :  Average turns   = 12.91 +- 0.36
RESULTS:: 08:06:41: root                                   pydial.py <setEvalConfig>470 :  *** Evaluating env5-LAP-tau_nodrop_sort_noinco_4020_250100-seed3-15.8: error-rate=15 num-dialogs=500 ***
RESULTS:: 08:20:11: root                               EvaluationManager.py <_prstr>179 :  Results for domain: Laptops11 --evaluated by: objective success evaluator
RESULTS:: 08:20:11: root                               EvaluationManager.py <_prstr>179 :  # of dialogues  = 500
RESULTS:: 08:20:11: root                               EvaluationManager.py <_prstr>179 :  Average reward  = 3.64 +- 0.93
RESULTS:: 08:20:11: root                               EvaluationManager.py <_prstr>179 :  Average success = 74.00 +- 3.85
RESULTS:: 08:20:11: root                               EvaluationManager.py <_prstr>179 :  Average turns   = 11.16 +- 0.40
RESULTS:: 08:20:11: root                                   pydial.py <train_command>791 :  List of domains: Laptops11
RESULTS:: 08:20:11: root                                      pydial.py <trainBatch>409 :  *** Training Iteration env5-LAP-tau_nodrop_sort_noinco_4020_250100-seed3-15.8->env5-LAP-tau_nodrop_sort_noinco_4020_250100-seed3-15.9: iter=8, error-rate=15, num-dialogs=1000 ***
RESULTS:: 08:52:29: root                               EvaluationManager.py <_prstr>179 :  Results for domain: Laptops11 --evaluated by: objective success evaluator
RESULTS:: 08:52:29: root                               EvaluationManager.py <_prstr>179 :  # of dialogues  = 1000
RESULTS:: 08:52:29: root                               EvaluationManager.py <_prstr>179 :  Average reward  = 0.94 +- 0.74
RESULTS:: 08:52:29: root                               EvaluationManager.py <_prstr>179 :  Average success = 69.20 +- 2.86
RESULTS:: 08:52:29: root                               EvaluationManager.py <_prstr>179 :  Average turns   = 12.90 +- 0.36
RESULTS:: 08:52:29: root                                   pydial.py <setEvalConfig>470 :  *** Evaluating env5-LAP-tau_nodrop_sort_noinco_4020_250100-seed3-15.9: error-rate=15 num-dialogs=500 ***
RESULTS:: 09:05:03: root                               EvaluationManager.py <_prstr>179 :  Results for domain: Laptops11 --evaluated by: objective success evaluator
RESULTS:: 09:05:03: root                               EvaluationManager.py <_prstr>179 :  # of dialogues  = 500
RESULTS:: 09:05:03: root                               EvaluationManager.py <_prstr>179 :  Average reward  = 3.96 +- 0.89
RESULTS:: 09:05:03: root                               EvaluationManager.py <_prstr>179 :  Average success = 74.40 +- 3.83
RESULTS:: 09:05:03: root                               EvaluationManager.py <_prstr>179 :  Average turns   = 10.92 +- 0.37
RESULTS:: 09:05:03: root                                   pydial.py <train_command>791 :  List of domains: Laptops11
RESULTS:: 09:05:03: root                                      pydial.py <trainBatch>409 :  *** Training Iteration env5-LAP-tau_nodrop_sort_noinco_4020_250100-seed3-15.9->env5-LAP-tau_nodrop_sort_noinco_4020_250100-seed3-15.10: iter=9, error-rate=15, num-dialogs=1000 ***
RESULTS:: 09:33:56: root                               EvaluationManager.py <_prstr>179 :  Results for domain: Laptops11 --evaluated by: objective success evaluator
RESULTS:: 09:33:56: root                               EvaluationManager.py <_prstr>179 :  # of dialogues  = 1000
RESULTS:: 09:33:56: root                               EvaluationManager.py <_prstr>179 :  Average reward  = 1.46 +- 0.74
RESULTS:: 09:33:56: root                               EvaluationManager.py <_prstr>179 :  Average success = 72.50 +- 2.77
RESULTS:: 09:33:56: root                               EvaluationManager.py <_prstr>179 :  Average turns   = 13.04 +- 0.36
RESULTS:: 09:33:56: root                                   pydial.py <setEvalConfig>470 :  *** Evaluating env5-LAP-tau_nodrop_sort_noinco_4020_250100-seed3-15.10: error-rate=15 num-dialogs=500 ***
RESULTS:: 09:44:38: root                               EvaluationManager.py <_prstr>179 :  Results for domain: Laptops11 --evaluated by: objective success evaluator
RESULTS:: 09:44:38: root                               EvaluationManager.py <_prstr>179 :  # of dialogues  = 500
RESULTS:: 09:44:38: root                               EvaluationManager.py <_prstr>179 :  Average reward  = 3.03 +- 0.90
RESULTS:: 09:44:38: root                               EvaluationManager.py <_prstr>179 :  Average success = 68.20 +- 4.09
RESULTS:: 09:44:38: root                               EvaluationManager.py <_prstr>179 :  Average turns   = 10.61 +- 0.36
RESULTS:: 09:44:38: root                                   pydial.py <train_command>807 :  *** Training complete. log: env5-LAP-tau_nodrop_sort_noinco_4020_250100-seed3-15.1-10.train.log - final policy is env5-LAP-tau_nodrop_sort_noinco_4020_250100-15-10
