RESULTS:: 02:29:17: root                                   pydial.py <train_command>791 :  List of domains: Laptops11
RESULTS:: 02:29:17: root                                      pydial.py <trainBatch>409 :  *** Training Iteration env5-LAP-tau_nodrop_sort_noinco_4020_250100-seed8-15.0->env5-LAP-tau_nodrop_sort_noinco_4020_250100-seed8-15.1: iter=0, error-rate=15, num-dialogs=1000 ***
RESULTS:: 02:58:20: root                               EvaluationManager.py <_prstr>179 :  Results for domain: Laptops11 --evaluated by: objective success evaluator
RESULTS:: 02:58:20: root                               EvaluationManager.py <_prstr>179 :  # of dialogues  = 1000
RESULTS:: 02:58:20: root                               EvaluationManager.py <_prstr>179 :  Average reward  = -1.87 +- 0.72
RESULTS:: 02:58:20: root                               EvaluationManager.py <_prstr>179 :  Average success = 49.60 +- 3.10
RESULTS:: 02:58:20: root                               EvaluationManager.py <_prstr>179 :  Average turns   = 11.79 +- 0.31
RESULTS:: 02:58:20: root                                   pydial.py <setEvalConfig>470 :  *** Evaluating env5-LAP-tau_nodrop_sort_noinco_4020_250100-seed8-15.1: error-rate=15 num-dialogs=500 ***
RESULTS:: 03:08:14: root                               EvaluationManager.py <_prstr>179 :  Results for domain: Laptops11 --evaluated by: objective success evaluator
RESULTS:: 03:08:14: root                               EvaluationManager.py <_prstr>179 :  # of dialogues  = 500
RESULTS:: 03:08:14: root                               EvaluationManager.py <_prstr>179 :  Average reward  = 1.31 +- 0.89
RESULTS:: 03:08:14: root                               EvaluationManager.py <_prstr>179 :  Average success = 50.00 +- 4.39
RESULTS:: 03:08:14: root                               EvaluationManager.py <_prstr>179 :  Average turns   = 8.69 +- 0.23
RESULTS:: 03:08:14: root                                   pydial.py <train_command>791 :  List of domains: Laptops11
RESULTS:: 03:08:14: root                                      pydial.py <trainBatch>409 :  *** Training Iteration env5-LAP-tau_nodrop_sort_noinco_4020_250100-seed8-15.1->env5-LAP-tau_nodrop_sort_noinco_4020_250100-seed8-15.2: iter=1, error-rate=15, num-dialogs=1000 ***
RESULTS:: 03:40:03: root                               EvaluationManager.py <_prstr>179 :  Results for domain: Laptops11 --evaluated by: objective success evaluator
RESULTS:: 03:40:03: root                               EvaluationManager.py <_prstr>179 :  # of dialogues  = 1000
RESULTS:: 03:40:03: root                               EvaluationManager.py <_prstr>179 :  Average reward  = 0.97 +- 0.73
RESULTS:: 03:40:03: root                               EvaluationManager.py <_prstr>179 :  Average success = 67.70 +- 2.90
RESULTS:: 03:40:03: root                               EvaluationManager.py <_prstr>179 :  Average turns   = 12.57 +- 0.34
RESULTS:: 03:40:03: root                                   pydial.py <setEvalConfig>470 :  *** Evaluating env5-LAP-tau_nodrop_sort_noinco_4020_250100-seed8-15.2: error-rate=15 num-dialogs=500 ***
RESULTS:: 03:52:59: root                               EvaluationManager.py <_prstr>179 :  Results for domain: Laptops11 --evaluated by: objective success evaluator
RESULTS:: 03:52:59: root                               EvaluationManager.py <_prstr>179 :  # of dialogues  = 500
RESULTS:: 03:52:59: root                               EvaluationManager.py <_prstr>179 :  Average reward  = 4.92 +- 0.86
RESULTS:: 03:52:59: root                               EvaluationManager.py <_prstr>179 :  Average success = 79.00 +- 3.58
RESULTS:: 03:52:59: root                               EvaluationManager.py <_prstr>179 :  Average turns   = 10.88 +- 0.38
RESULTS:: 03:52:59: root                                   pydial.py <train_command>791 :  List of domains: Laptops11
RESULTS:: 03:52:59: root                                      pydial.py <trainBatch>409 :  *** Training Iteration env5-LAP-tau_nodrop_sort_noinco_4020_250100-seed8-15.2->env5-LAP-tau_nodrop_sort_noinco_4020_250100-seed8-15.3: iter=2, error-rate=15, num-dialogs=1000 ***
RESULTS:: 04:25:46: root                               EvaluationManager.py <_prstr>179 :  Results for domain: Laptops11 --evaluated by: objective success evaluator
RESULTS:: 04:25:46: root                               EvaluationManager.py <_prstr>179 :  # of dialogues  = 1000
RESULTS:: 04:25:46: root                               EvaluationManager.py <_prstr>179 :  Average reward  = 1.00 +- 0.75
RESULTS:: 04:25:46: root                               EvaluationManager.py <_prstr>179 :  Average success = 70.90 +- 2.82
RESULTS:: 04:25:46: root                               EvaluationManager.py <_prstr>179 :  Average turns   = 13.18 +- 0.36
RESULTS:: 04:25:46: root                                   pydial.py <setEvalConfig>470 :  *** Evaluating env5-LAP-tau_nodrop_sort_noinco_4020_250100-seed8-15.3: error-rate=15 num-dialogs=500 ***
RESULTS:: 04:38:16: root                               EvaluationManager.py <_prstr>179 :  Results for domain: Laptops11 --evaluated by: objective success evaluator
RESULTS:: 04:38:16: root                               EvaluationManager.py <_prstr>179 :  # of dialogues  = 500
RESULTS:: 04:38:16: root                               EvaluationManager.py <_prstr>179 :  Average reward  = 2.86 +- 0.92
RESULTS:: 04:38:16: root                               EvaluationManager.py <_prstr>179 :  Average success = 65.80 +- 4.17
RESULTS:: 04:38:16: root                               EvaluationManager.py <_prstr>179 :  Average turns   = 10.30 +- 0.35
RESULTS:: 04:38:16: root                                   pydial.py <train_command>791 :  List of domains: Laptops11
RESULTS:: 04:38:16: root                                      pydial.py <trainBatch>409 :  *** Training Iteration env5-LAP-tau_nodrop_sort_noinco_4020_250100-seed8-15.3->env5-LAP-tau_nodrop_sort_noinco_4020_250100-seed8-15.4: iter=3, error-rate=15, num-dialogs=1000 ***
RESULTS:: 05:11:01: root                               EvaluationManager.py <_prstr>179 :  Results for domain: Laptops11 --evaluated by: objective success evaluator
RESULTS:: 05:11:01: root                               EvaluationManager.py <_prstr>179 :  # of dialogues  = 1000
RESULTS:: 05:11:01: root                               EvaluationManager.py <_prstr>179 :  Average reward  = 1.33 +- 0.76
RESULTS:: 05:11:01: root                               EvaluationManager.py <_prstr>179 :  Average success = 72.50 +- 2.77
RESULTS:: 05:11:01: root                               EvaluationManager.py <_prstr>179 :  Average turns   = 13.17 +- 0.36
RESULTS:: 05:11:01: root                                   pydial.py <setEvalConfig>470 :  *** Evaluating env5-LAP-tau_nodrop_sort_noinco_4020_250100-seed8-15.4: error-rate=15 num-dialogs=500 ***
RESULTS:: 05:23:17: root                               EvaluationManager.py <_prstr>179 :  Results for domain: Laptops11 --evaluated by: objective success evaluator
RESULTS:: 05:23:17: root                               EvaluationManager.py <_prstr>179 :  # of dialogues  = 500
RESULTS:: 05:23:17: root                               EvaluationManager.py <_prstr>179 :  Average reward  = 4.51 +- 0.87
RESULTS:: 05:23:17: root                               EvaluationManager.py <_prstr>179 :  Average success = 74.00 +- 3.85
RESULTS:: 05:23:17: root                               EvaluationManager.py <_prstr>179 :  Average turns   = 10.29 +- 0.38
RESULTS:: 05:23:17: root                                   pydial.py <train_command>791 :  List of domains: Laptops11
RESULTS:: 05:23:17: root                                      pydial.py <trainBatch>409 :  *** Training Iteration env5-LAP-tau_nodrop_sort_noinco_4020_250100-seed8-15.4->env5-LAP-tau_nodrop_sort_noinco_4020_250100-seed8-15.5: iter=4, error-rate=15, num-dialogs=1000 ***
RESULTS:: 05:54:11: root                               EvaluationManager.py <_prstr>179 :  Results for domain: Laptops11 --evaluated by: objective success evaluator
RESULTS:: 05:54:11: root                               EvaluationManager.py <_prstr>179 :  # of dialogues  = 1000
RESULTS:: 05:54:11: root                               EvaluationManager.py <_prstr>179 :  Average reward  = 2.98 +- 0.69
RESULTS:: 05:54:11: root                               EvaluationManager.py <_prstr>179 :  Average success = 76.40 +- 2.63
RESULTS:: 05:54:11: root                               EvaluationManager.py <_prstr>179 :  Average turns   = 12.29 +- 0.33
RESULTS:: 05:54:11: root                                   pydial.py <setEvalConfig>470 :  *** Evaluating env5-LAP-tau_nodrop_sort_noinco_4020_250100-seed8-15.5: error-rate=15 num-dialogs=500 ***
RESULTS:: 06:06:27: root                               EvaluationManager.py <_prstr>179 :  Results for domain: Laptops11 --evaluated by: objective success evaluator
RESULTS:: 06:06:27: root                               EvaluationManager.py <_prstr>179 :  # of dialogues  = 500
RESULTS:: 06:06:27: root                               EvaluationManager.py <_prstr>179 :  Average reward  = 3.83 +- 0.85
RESULTS:: 06:06:27: root                               EvaluationManager.py <_prstr>179 :  Average success = 69.60 +- 4.04
RESULTS:: 06:06:27: root                               EvaluationManager.py <_prstr>179 :  Average turns   = 10.09 +- 0.36
RESULTS:: 06:06:27: root                                   pydial.py <train_command>791 :  List of domains: Laptops11
RESULTS:: 06:06:27: root                                      pydial.py <trainBatch>409 :  *** Training Iteration env5-LAP-tau_nodrop_sort_noinco_4020_250100-seed8-15.5->env5-LAP-tau_nodrop_sort_noinco_4020_250100-seed8-15.6: iter=5, error-rate=15, num-dialogs=1000 ***
RESULTS:: 06:37:35: root                               EvaluationManager.py <_prstr>179 :  Results for domain: Laptops11 --evaluated by: objective success evaluator
RESULTS:: 06:37:35: root                               EvaluationManager.py <_prstr>179 :  # of dialogues  = 1000
RESULTS:: 06:37:35: root                               EvaluationManager.py <_prstr>179 :  Average reward  = 2.75 +- 0.68
RESULTS:: 06:37:35: root                               EvaluationManager.py <_prstr>179 :  Average success = 76.00 +- 2.65
RESULTS:: 06:37:35: root                               EvaluationManager.py <_prstr>179 :  Average turns   = 12.45 +- 0.34
RESULTS:: 06:37:35: root                                   pydial.py <setEvalConfig>470 :  *** Evaluating env5-LAP-tau_nodrop_sort_noinco_4020_250100-seed8-15.6: error-rate=15 num-dialogs=500 ***
RESULTS:: 06:50:34: root                               EvaluationManager.py <_prstr>179 :  Results for domain: Laptops11 --evaluated by: objective success evaluator
RESULTS:: 06:50:34: root                               EvaluationManager.py <_prstr>179 :  # of dialogues  = 500
RESULTS:: 06:50:34: root                               EvaluationManager.py <_prstr>179 :  Average reward  = 2.93 +- 0.88
RESULTS:: 06:50:34: root                               EvaluationManager.py <_prstr>179 :  Average success = 68.60 +- 4.08
RESULTS:: 06:50:34: root                               EvaluationManager.py <_prstr>179 :  Average turns   = 10.79 +- 0.36
RESULTS:: 06:50:34: root                                   pydial.py <train_command>791 :  List of domains: Laptops11
RESULTS:: 06:50:34: root                                      pydial.py <trainBatch>409 :  *** Training Iteration env5-LAP-tau_nodrop_sort_noinco_4020_250100-seed8-15.6->env5-LAP-tau_nodrop_sort_noinco_4020_250100-seed8-15.7: iter=6, error-rate=15, num-dialogs=1000 ***
RESULTS:: 07:23:18: root                               EvaluationManager.py <_prstr>179 :  Results for domain: Laptops11 --evaluated by: objective success evaluator
RESULTS:: 07:23:18: root                               EvaluationManager.py <_prstr>179 :  # of dialogues  = 1000
RESULTS:: 07:23:18: root                               EvaluationManager.py <_prstr>179 :  Average reward  = 1.56 +- 0.72
RESULTS:: 07:23:18: root                               EvaluationManager.py <_prstr>179 :  Average success = 73.40 +- 2.74
RESULTS:: 07:23:18: root                               EvaluationManager.py <_prstr>179 :  Average turns   = 13.12 +- 0.36
RESULTS:: 07:23:18: root                                   pydial.py <setEvalConfig>470 :  *** Evaluating env5-LAP-tau_nodrop_sort_noinco_4020_250100-seed8-15.7: error-rate=15 num-dialogs=500 ***
RESULTS:: 07:35:09: root                               EvaluationManager.py <_prstr>179 :  Results for domain: Laptops11 --evaluated by: objective success evaluator
RESULTS:: 07:35:09: root                               EvaluationManager.py <_prstr>179 :  # of dialogues  = 500
RESULTS:: 07:35:09: root                               EvaluationManager.py <_prstr>179 :  Average reward  = 1.66 +- 0.97
RESULTS:: 07:35:09: root                               EvaluationManager.py <_prstr>179 :  Average success = 58.20 +- 4.33
RESULTS:: 07:35:09: root                               EvaluationManager.py <_prstr>179 :  Average turns   = 9.98 +- 0.36
RESULTS:: 07:35:09: root                                   pydial.py <train_command>791 :  List of domains: Laptops11
RESULTS:: 07:35:09: root                                      pydial.py <trainBatch>409 :  *** Training Iteration env5-LAP-tau_nodrop_sort_noinco_4020_250100-seed8-15.7->env5-LAP-tau_nodrop_sort_noinco_4020_250100-seed8-15.8: iter=7, error-rate=15, num-dialogs=1000 ***
RESULTS:: 08:08:46: root                               EvaluationManager.py <_prstr>179 :  Results for domain: Laptops11 --evaluated by: objective success evaluator
RESULTS:: 08:08:46: root                               EvaluationManager.py <_prstr>179 :  # of dialogues  = 1000
RESULTS:: 08:08:46: root                               EvaluationManager.py <_prstr>179 :  Average reward  = 0.49 +- 0.77
RESULTS:: 08:08:46: root                               EvaluationManager.py <_prstr>179 :  Average success = 69.50 +- 2.86
RESULTS:: 08:08:46: root                               EvaluationManager.py <_prstr>179 :  Average turns   = 13.41 +- 0.36
RESULTS:: 08:08:46: root                                   pydial.py <setEvalConfig>470 :  *** Evaluating env5-LAP-tau_nodrop_sort_noinco_4020_250100-seed8-15.8: error-rate=15 num-dialogs=500 ***
RESULTS:: 08:22:35: root                               EvaluationManager.py <_prstr>179 :  Results for domain: Laptops11 --evaluated by: objective success evaluator
RESULTS:: 08:22:35: root                               EvaluationManager.py <_prstr>179 :  # of dialogues  = 500
RESULTS:: 08:22:35: root                               EvaluationManager.py <_prstr>179 :  Average reward  = 3.58 +- 0.93
RESULTS:: 08:22:35: root                               EvaluationManager.py <_prstr>179 :  Average success = 75.00 +- 3.80
RESULTS:: 08:22:35: root                               EvaluationManager.py <_prstr>179 :  Average turns   = 11.42 +- 0.45
RESULTS:: 08:22:35: root                                   pydial.py <train_command>791 :  List of domains: Laptops11
RESULTS:: 08:22:35: root                                      pydial.py <trainBatch>409 :  *** Training Iteration env5-LAP-tau_nodrop_sort_noinco_4020_250100-seed8-15.8->env5-LAP-tau_nodrop_sort_noinco_4020_250100-seed8-15.9: iter=8, error-rate=15, num-dialogs=1000 ***
RESULTS:: 08:55:06: root                               EvaluationManager.py <_prstr>179 :  Results for domain: Laptops11 --evaluated by: objective success evaluator
RESULTS:: 08:55:06: root                               EvaluationManager.py <_prstr>179 :  # of dialogues  = 1000
RESULTS:: 08:55:06: root                               EvaluationManager.py <_prstr>179 :  Average reward  = 2.92 +- 0.71
RESULTS:: 08:55:06: root                               EvaluationManager.py <_prstr>179 :  Average success = 79.00 +- 2.53
RESULTS:: 08:55:06: root                               EvaluationManager.py <_prstr>179 :  Average turns   = 12.88 +- 0.36
RESULTS:: 08:55:06: root                                   pydial.py <setEvalConfig>470 :  *** Evaluating env5-LAP-tau_nodrop_sort_noinco_4020_250100-seed8-15.9: error-rate=15 num-dialogs=500 ***
RESULTS:: 09:07:22: root                               EvaluationManager.py <_prstr>179 :  Results for domain: Laptops11 --evaluated by: objective success evaluator
RESULTS:: 09:07:22: root                               EvaluationManager.py <_prstr>179 :  # of dialogues  = 500
RESULTS:: 09:07:22: root                               EvaluationManager.py <_prstr>179 :  Average reward  = 3.88 +- 0.90
RESULTS:: 09:07:22: root                               EvaluationManager.py <_prstr>179 :  Average success = 72.40 +- 3.93
RESULTS:: 09:07:22: root                               EvaluationManager.py <_prstr>179 :  Average turns   = 10.60 +- 0.39
RESULTS:: 09:07:22: root                                   pydial.py <train_command>791 :  List of domains: Laptops11
RESULTS:: 09:07:22: root                                      pydial.py <trainBatch>409 :  *** Training Iteration env5-LAP-tau_nodrop_sort_noinco_4020_250100-seed8-15.9->env5-LAP-tau_nodrop_sort_noinco_4020_250100-seed8-15.10: iter=9, error-rate=15, num-dialogs=1000 ***
RESULTS:: 09:35:57: root                               EvaluationManager.py <_prstr>179 :  Results for domain: Laptops11 --evaluated by: objective success evaluator
RESULTS:: 09:35:57: root                               EvaluationManager.py <_prstr>179 :  # of dialogues  = 1000
RESULTS:: 09:35:57: root                               EvaluationManager.py <_prstr>179 :  Average reward  = 2.10 +- 0.70
RESULTS:: 09:35:57: root                               EvaluationManager.py <_prstr>179 :  Average success = 75.40 +- 2.67
RESULTS:: 09:35:57: root                               EvaluationManager.py <_prstr>179 :  Average turns   = 12.98 +- 0.35
RESULTS:: 09:35:57: root                                   pydial.py <setEvalConfig>470 :  *** Evaluating env5-LAP-tau_nodrop_sort_noinco_4020_250100-seed8-15.10: error-rate=15 num-dialogs=500 ***
RESULTS:: 09:46:53: root                               EvaluationManager.py <_prstr>179 :  Results for domain: Laptops11 --evaluated by: objective success evaluator
RESULTS:: 09:46:53: root                               EvaluationManager.py <_prstr>179 :  # of dialogues  = 500
RESULTS:: 09:46:53: root                               EvaluationManager.py <_prstr>179 :  Average reward  = 2.89 +- 0.97
RESULTS:: 09:46:53: root                               EvaluationManager.py <_prstr>179 :  Average success = 69.40 +- 4.05
RESULTS:: 09:46:53: root                               EvaluationManager.py <_prstr>179 :  Average turns   = 10.99 +- 0.42
RESULTS:: 09:46:53: root                                   pydial.py <train_command>807 :  *** Training complete. log: env5-LAP-tau_nodrop_sort_noinco_4020_250100-seed8-15.1-10.train.log - final policy is env5-LAP-tau_nodrop_sort_noinco_4020_250100-15-10
