RESULTS:: 02:30:38: root                                   pydial.py <train_command>791 :  List of domains: SFRestaurants
RESULTS:: 02:30:38: root                                      pydial.py <trainBatch>409 :  *** Training Iteration env6-SFR-tau_nodrop_sort_noinco_4020_250100-seed7-30.0->env6-SFR-tau_nodrop_sort_noinco_4020_250100-seed7-30.1: iter=0, error-rate=30, num-dialogs=1000 ***
RESULTS:: 02:56:26: root                               EvaluationManager.py <_prstr>179 :  Results for domain: SFRestaurants --evaluated by: objective success evaluator
RESULTS:: 02:56:26: root                               EvaluationManager.py <_prstr>179 :  # of dialogues  = 1000
RESULTS:: 02:56:26: root                               EvaluationManager.py <_prstr>179 :  Average reward  = -2.14 +- 0.73
RESULTS:: 02:56:26: root                               EvaluationManager.py <_prstr>179 :  Average success = 45.50 +- 3.09
RESULTS:: 02:56:26: root                               EvaluationManager.py <_prstr>179 :  Average turns   = 11.24 +- 0.32
RESULTS:: 02:56:26: root                                   pydial.py <setEvalConfig>470 :  *** Evaluating env6-SFR-tau_nodrop_sort_noinco_4020_250100-seed7-30.1: error-rate=30 num-dialogs=500 ***
RESULTS:: 03:06:04: root                               EvaluationManager.py <_prstr>179 :  Results for domain: SFRestaurants --evaluated by: objective success evaluator
RESULTS:: 03:06:04: root                               EvaluationManager.py <_prstr>179 :  # of dialogues  = 500
RESULTS:: 03:06:04: root                               EvaluationManager.py <_prstr>179 :  Average reward  = 0.82 +- 0.99
RESULTS:: 03:06:04: root                               EvaluationManager.py <_prstr>179 :  Average success = 50.00 +- 4.39
RESULTS:: 03:06:04: root                               EvaluationManager.py <_prstr>179 :  Average turns   = 9.18 +- 0.36
RESULTS:: 03:06:04: root                                   pydial.py <train_command>791 :  List of domains: SFRestaurants
RESULTS:: 03:06:04: root                                      pydial.py <trainBatch>409 :  *** Training Iteration env6-SFR-tau_nodrop_sort_noinco_4020_250100-seed7-30.1->env6-SFR-tau_nodrop_sort_noinco_4020_250100-seed7-30.2: iter=1, error-rate=30, num-dialogs=1000 ***
RESULTS:: 03:34:05: root                               EvaluationManager.py <_prstr>179 :  Results for domain: SFRestaurants --evaluated by: objective success evaluator
RESULTS:: 03:34:05: root                               EvaluationManager.py <_prstr>179 :  # of dialogues  = 1000
RESULTS:: 03:34:05: root                               EvaluationManager.py <_prstr>179 :  Average reward  = 2.21 +- 0.73
RESULTS:: 03:34:05: root                               EvaluationManager.py <_prstr>179 :  Average success = 68.00 +- 2.89
RESULTS:: 03:34:05: root                               EvaluationManager.py <_prstr>179 :  Average turns   = 11.39 +- 0.33
RESULTS:: 03:34:05: root                                   pydial.py <setEvalConfig>470 :  *** Evaluating env6-SFR-tau_nodrop_sort_noinco_4020_250100-seed7-30.2: error-rate=30 num-dialogs=500 ***
RESULTS:: 03:44:16: root                               EvaluationManager.py <_prstr>179 :  Results for domain: SFRestaurants --evaluated by: objective success evaluator
RESULTS:: 03:44:16: root                               EvaluationManager.py <_prstr>179 :  # of dialogues  = 500
RESULTS:: 03:44:16: root                               EvaluationManager.py <_prstr>179 :  Average reward  = 4.70 +- 0.98
RESULTS:: 03:44:16: root                               EvaluationManager.py <_prstr>179 :  Average success = 70.40 +- 4.01
RESULTS:: 03:44:16: root                               EvaluationManager.py <_prstr>179 :  Average turns   = 9.38 +- 0.36
RESULTS:: 03:44:16: root                                   pydial.py <train_command>791 :  List of domains: SFRestaurants
RESULTS:: 03:44:16: root                                      pydial.py <trainBatch>409 :  *** Training Iteration env6-SFR-tau_nodrop_sort_noinco_4020_250100-seed7-30.2->env6-SFR-tau_nodrop_sort_noinco_4020_250100-seed7-30.3: iter=2, error-rate=30, num-dialogs=1000 ***
RESULTS:: 04:12:32: root                               EvaluationManager.py <_prstr>179 :  Results for domain: SFRestaurants --evaluated by: objective success evaluator
RESULTS:: 04:12:32: root                               EvaluationManager.py <_prstr>179 :  # of dialogues  = 1000
RESULTS:: 04:12:32: root                               EvaluationManager.py <_prstr>179 :  Average reward  = 2.44 +- 0.75
RESULTS:: 04:12:32: root                               EvaluationManager.py <_prstr>179 :  Average success = 71.50 +- 2.80
RESULTS:: 04:12:32: root                               EvaluationManager.py <_prstr>179 :  Average turns   = 11.86 +- 0.36
RESULTS:: 04:12:32: root                                   pydial.py <setEvalConfig>470 :  *** Evaluating env6-SFR-tau_nodrop_sort_noinco_4020_250100-seed7-30.3: error-rate=30 num-dialogs=500 ***
RESULTS:: 04:23:19: root                               EvaluationManager.py <_prstr>179 :  Results for domain: SFRestaurants --evaluated by: objective success evaluator
RESULTS:: 04:23:19: root                               EvaluationManager.py <_prstr>179 :  # of dialogues  = 500
RESULTS:: 04:23:19: root                               EvaluationManager.py <_prstr>179 :  Average reward  = 5.24 +- 0.96
RESULTS:: 04:23:19: root                               EvaluationManager.py <_prstr>179 :  Average success = 74.60 +- 3.82
RESULTS:: 04:23:19: root                               EvaluationManager.py <_prstr>179 :  Average turns   = 9.68 +- 0.42
RESULTS:: 04:23:19: root                                   pydial.py <train_command>791 :  List of domains: SFRestaurants
RESULTS:: 04:23:19: root                                      pydial.py <trainBatch>409 :  *** Training Iteration env6-SFR-tau_nodrop_sort_noinco_4020_250100-seed7-30.3->env6-SFR-tau_nodrop_sort_noinco_4020_250100-seed7-30.4: iter=3, error-rate=30, num-dialogs=1000 ***
RESULTS:: 04:51:15: root                               EvaluationManager.py <_prstr>179 :  Results for domain: SFRestaurants --evaluated by: objective success evaluator
RESULTS:: 04:51:15: root                               EvaluationManager.py <_prstr>179 :  # of dialogues  = 1000
RESULTS:: 04:51:15: root                               EvaluationManager.py <_prstr>179 :  Average reward  = 3.20 +- 0.75
RESULTS:: 04:51:15: root                               EvaluationManager.py <_prstr>179 :  Average success = 74.70 +- 2.70
RESULTS:: 04:51:15: root                               EvaluationManager.py <_prstr>179 :  Average turns   = 11.74 +- 0.35
RESULTS:: 04:51:15: root                                   pydial.py <setEvalConfig>470 :  *** Evaluating env6-SFR-tau_nodrop_sort_noinco_4020_250100-seed7-30.4: error-rate=30 num-dialogs=500 ***
RESULTS:: 05:02:10: root                               EvaluationManager.py <_prstr>179 :  Results for domain: SFRestaurants --evaluated by: objective success evaluator
RESULTS:: 05:02:10: root                               EvaluationManager.py <_prstr>179 :  # of dialogues  = 500
RESULTS:: 05:02:10: root                               EvaluationManager.py <_prstr>179 :  Average reward  = 2.77 +- 1.03
RESULTS:: 05:02:10: root                               EvaluationManager.py <_prstr>179 :  Average success = 63.20 +- 4.24
RESULTS:: 05:02:10: root                               EvaluationManager.py <_prstr>179 :  Average turns   = 9.87 +- 0.41
RESULTS:: 05:02:10: root                                   pydial.py <train_command>791 :  List of domains: SFRestaurants
RESULTS:: 05:02:10: root                                      pydial.py <trainBatch>409 :  *** Training Iteration env6-SFR-tau_nodrop_sort_noinco_4020_250100-seed7-30.4->env6-SFR-tau_nodrop_sort_noinco_4020_250100-seed7-30.5: iter=4, error-rate=30, num-dialogs=1000 ***
RESULTS:: 05:29:52: root                               EvaluationManager.py <_prstr>179 :  Results for domain: SFRestaurants --evaluated by: objective success evaluator
RESULTS:: 05:29:52: root                               EvaluationManager.py <_prstr>179 :  # of dialogues  = 1000
RESULTS:: 05:29:52: root                               EvaluationManager.py <_prstr>179 :  Average reward  = 2.75 +- 0.75
RESULTS:: 05:29:52: root                               EvaluationManager.py <_prstr>179 :  Average success = 72.00 +- 2.79
RESULTS:: 05:29:52: root                               EvaluationManager.py <_prstr>179 :  Average turns   = 11.65 +- 0.35
RESULTS:: 05:29:52: root                                   pydial.py <setEvalConfig>470 :  *** Evaluating env6-SFR-tau_nodrop_sort_noinco_4020_250100-seed7-30.5: error-rate=30 num-dialogs=500 ***
RESULTS:: 05:41:03: root                               EvaluationManager.py <_prstr>179 :  Results for domain: SFRestaurants --evaluated by: objective success evaluator
RESULTS:: 05:41:03: root                               EvaluationManager.py <_prstr>179 :  # of dialogues  = 500
RESULTS:: 05:41:03: root                               EvaluationManager.py <_prstr>179 :  Average reward  = 2.72 +- 1.07
RESULTS:: 05:41:03: root                               EvaluationManager.py <_prstr>179 :  Average success = 63.80 +- 4.22
RESULTS:: 05:41:03: root                               EvaluationManager.py <_prstr>179 :  Average turns   = 10.04 +- 0.40
RESULTS:: 05:41:03: root                                   pydial.py <train_command>791 :  List of domains: SFRestaurants
RESULTS:: 05:41:03: root                                      pydial.py <trainBatch>409 :  *** Training Iteration env6-SFR-tau_nodrop_sort_noinco_4020_250100-seed7-30.5->env6-SFR-tau_nodrop_sort_noinco_4020_250100-seed7-30.6: iter=5, error-rate=30, num-dialogs=1000 ***
RESULTS:: 06:09:07: root                               EvaluationManager.py <_prstr>179 :  Results for domain: SFRestaurants --evaluated by: objective success evaluator
RESULTS:: 06:09:07: root                               EvaluationManager.py <_prstr>179 :  # of dialogues  = 1000
RESULTS:: 06:09:07: root                               EvaluationManager.py <_prstr>179 :  Average reward  = 3.27 +- 0.74
RESULTS:: 06:09:07: root                               EvaluationManager.py <_prstr>179 :  Average success = 75.60 +- 2.67
RESULTS:: 06:09:07: root                               EvaluationManager.py <_prstr>179 :  Average turns   = 11.85 +- 0.36
RESULTS:: 06:09:07: root                                   pydial.py <setEvalConfig>470 :  *** Evaluating env6-SFR-tau_nodrop_sort_noinco_4020_250100-seed7-30.6: error-rate=30 num-dialogs=500 ***
RESULTS:: 06:19:47: root                               EvaluationManager.py <_prstr>179 :  Results for domain: SFRestaurants --evaluated by: objective success evaluator
RESULTS:: 06:19:47: root                               EvaluationManager.py <_prstr>179 :  # of dialogues  = 500
RESULTS:: 06:19:47: root                               EvaluationManager.py <_prstr>179 :  Average reward  = 6.58 +- 0.88
RESULTS:: 06:19:47: root                               EvaluationManager.py <_prstr>179 :  Average success = 80.60 +- 3.47
RESULTS:: 06:19:47: root                               EvaluationManager.py <_prstr>179 :  Average turns   = 9.54 +- 0.37
RESULTS:: 06:19:47: root                                   pydial.py <train_command>791 :  List of domains: SFRestaurants
RESULTS:: 06:19:47: root                                      pydial.py <trainBatch>409 :  *** Training Iteration env6-SFR-tau_nodrop_sort_noinco_4020_250100-seed7-30.6->env6-SFR-tau_nodrop_sort_noinco_4020_250100-seed7-30.7: iter=6, error-rate=30, num-dialogs=1000 ***
RESULTS:: 06:47:39: root                               EvaluationManager.py <_prstr>179 :  Results for domain: SFRestaurants --evaluated by: objective success evaluator
RESULTS:: 06:47:39: root                               EvaluationManager.py <_prstr>179 :  # of dialogues  = 1000
RESULTS:: 06:47:39: root                               EvaluationManager.py <_prstr>179 :  Average reward  = 3.28 +- 0.75
RESULTS:: 06:47:39: root                               EvaluationManager.py <_prstr>179 :  Average success = 74.40 +- 2.71
RESULTS:: 06:47:39: root                               EvaluationManager.py <_prstr>179 :  Average turns   = 11.60 +- 0.36
RESULTS:: 06:47:39: root                                   pydial.py <setEvalConfig>470 :  *** Evaluating env6-SFR-tau_nodrop_sort_noinco_4020_250100-seed7-30.7: error-rate=30 num-dialogs=500 ***
RESULTS:: 06:58:02: root                               EvaluationManager.py <_prstr>179 :  Results for domain: SFRestaurants --evaluated by: objective success evaluator
RESULTS:: 06:58:02: root                               EvaluationManager.py <_prstr>179 :  # of dialogues  = 500
RESULTS:: 06:58:02: root                               EvaluationManager.py <_prstr>179 :  Average reward  = 2.72 +- 0.98
RESULTS:: 06:58:02: root                               EvaluationManager.py <_prstr>179 :  Average success = 60.60 +- 4.29
RESULTS:: 06:58:02: root                               EvaluationManager.py <_prstr>179 :  Average turns   = 9.40 +- 0.38
RESULTS:: 06:58:02: root                                   pydial.py <train_command>791 :  List of domains: SFRestaurants
RESULTS:: 06:58:02: root                                      pydial.py <trainBatch>409 :  *** Training Iteration env6-SFR-tau_nodrop_sort_noinco_4020_250100-seed7-30.7->env6-SFR-tau_nodrop_sort_noinco_4020_250100-seed7-30.8: iter=7, error-rate=30, num-dialogs=1000 ***
RESULTS:: 07:26:16: root                               EvaluationManager.py <_prstr>179 :  Results for domain: SFRestaurants --evaluated by: objective success evaluator
RESULTS:: 07:26:16: root                               EvaluationManager.py <_prstr>179 :  # of dialogues  = 1000
RESULTS:: 07:26:16: root                               EvaluationManager.py <_prstr>179 :  Average reward  = 2.80 +- 0.75
RESULTS:: 07:26:16: root                               EvaluationManager.py <_prstr>179 :  Average success = 73.60 +- 2.74
RESULTS:: 07:26:16: root                               EvaluationManager.py <_prstr>179 :  Average turns   = 11.92 +- 0.36
RESULTS:: 07:26:16: root                                   pydial.py <setEvalConfig>470 :  *** Evaluating env6-SFR-tau_nodrop_sort_noinco_4020_250100-seed7-30.8: error-rate=30 num-dialogs=500 ***
RESULTS:: 07:37:03: root                               EvaluationManager.py <_prstr>179 :  Results for domain: SFRestaurants --evaluated by: objective success evaluator
RESULTS:: 07:37:03: root                               EvaluationManager.py <_prstr>179 :  # of dialogues  = 500
RESULTS:: 07:37:03: root                               EvaluationManager.py <_prstr>179 :  Average reward  = 6.78 +- 0.85
RESULTS:: 07:37:03: root                               EvaluationManager.py <_prstr>179 :  Average success = 81.40 +- 3.42
RESULTS:: 07:37:03: root                               EvaluationManager.py <_prstr>179 :  Average turns   = 9.50 +- 0.38
RESULTS:: 07:37:03: root                                   pydial.py <train_command>791 :  List of domains: SFRestaurants
RESULTS:: 07:37:03: root                                      pydial.py <trainBatch>409 :  *** Training Iteration env6-SFR-tau_nodrop_sort_noinco_4020_250100-seed7-30.8->env6-SFR-tau_nodrop_sort_noinco_4020_250100-seed7-30.9: iter=8, error-rate=30, num-dialogs=1000 ***
RESULTS:: 08:05:29: root                               EvaluationManager.py <_prstr>179 :  Results for domain: SFRestaurants --evaluated by: objective success evaluator
RESULTS:: 08:05:29: root                               EvaluationManager.py <_prstr>179 :  # of dialogues  = 1000
RESULTS:: 08:05:29: root                               EvaluationManager.py <_prstr>179 :  Average reward  = 3.50 +- 0.73
RESULTS:: 08:05:29: root                               EvaluationManager.py <_prstr>179 :  Average success = 76.30 +- 2.64
RESULTS:: 08:05:29: root                               EvaluationManager.py <_prstr>179 :  Average turns   = 11.76 +- 0.36
RESULTS:: 08:05:29: root                                   pydial.py <setEvalConfig>470 :  *** Evaluating env6-SFR-tau_nodrop_sort_noinco_4020_250100-seed7-30.9: error-rate=30 num-dialogs=500 ***
RESULTS:: 08:15:57: root                               EvaluationManager.py <_prstr>179 :  Results for domain: SFRestaurants --evaluated by: objective success evaluator
RESULTS:: 08:15:57: root                               EvaluationManager.py <_prstr>179 :  # of dialogues  = 500
RESULTS:: 08:15:57: root                               EvaluationManager.py <_prstr>179 :  Average reward  = 2.11 +- 1.03
RESULTS:: 08:15:57: root                               EvaluationManager.py <_prstr>179 :  Average success = 56.60 +- 4.35
RESULTS:: 08:15:57: root                               EvaluationManager.py <_prstr>179 :  Average turns   = 9.21 +- 0.34
RESULTS:: 08:15:57: root                                   pydial.py <train_command>791 :  List of domains: SFRestaurants
RESULTS:: 08:15:57: root                                      pydial.py <trainBatch>409 :  *** Training Iteration env6-SFR-tau_nodrop_sort_noinco_4020_250100-seed7-30.9->env6-SFR-tau_nodrop_sort_noinco_4020_250100-seed7-30.10: iter=9, error-rate=30, num-dialogs=1000 ***
RESULTS:: 08:44:01: root                               EvaluationManager.py <_prstr>179 :  Results for domain: SFRestaurants --evaluated by: objective success evaluator
RESULTS:: 08:44:01: root                               EvaluationManager.py <_prstr>179 :  # of dialogues  = 1000
RESULTS:: 08:44:01: root                               EvaluationManager.py <_prstr>179 :  Average reward  = 3.70 +- 0.72
RESULTS:: 08:44:01: root                               EvaluationManager.py <_prstr>179 :  Average success = 76.50 +- 2.63
RESULTS:: 08:44:01: root                               EvaluationManager.py <_prstr>179 :  Average turns   = 11.60 +- 0.34
RESULTS:: 08:44:01: root                                   pydial.py <setEvalConfig>470 :  *** Evaluating env6-SFR-tau_nodrop_sort_noinco_4020_250100-seed7-30.10: error-rate=30 num-dialogs=500 ***
RESULTS:: 08:54:42: root                               EvaluationManager.py <_prstr>179 :  Results for domain: SFRestaurants --evaluated by: objective success evaluator
RESULTS:: 08:54:42: root                               EvaluationManager.py <_prstr>179 :  # of dialogues  = 500
RESULTS:: 08:54:42: root                               EvaluationManager.py <_prstr>179 :  Average reward  = 5.34 +- 0.95
RESULTS:: 08:54:42: root                               EvaluationManager.py <_prstr>179 :  Average success = 75.00 +- 3.80
RESULTS:: 08:54:42: root                               EvaluationManager.py <_prstr>179 :  Average turns   = 9.66 +- 0.39
RESULTS:: 08:54:42: root                                   pydial.py <train_command>807 :  *** Training complete. log: env6-SFR-tau_nodrop_sort_noinco_4020_250100-seed7-30.1-10.train.log - final policy is env6-SFR-tau_nodrop_sort_noinco_4020_250100-30-10
