RESULTS:: 02:30:45: root                                   pydial.py <train_command>791 :  List of domains: SFRestaurants
RESULTS:: 02:30:45: root                                      pydial.py <trainBatch>409 :  *** Training Iteration env6-SFR-tau_nodrop_sort_noinco_4020_250100-seed9-30.0->env6-SFR-tau_nodrop_sort_noinco_4020_250100-seed9-30.1: iter=0, error-rate=30, num-dialogs=1000 ***
RESULTS:: 02:57:03: root                               EvaluationManager.py <_prstr>179 :  Results for domain: SFRestaurants --evaluated by: objective success evaluator
RESULTS:: 02:57:03: root                               EvaluationManager.py <_prstr>179 :  # of dialogues  = 1000
RESULTS:: 02:57:03: root                               EvaluationManager.py <_prstr>179 :  Average reward  = -1.45 +- 0.77
RESULTS:: 02:57:03: root                               EvaluationManager.py <_prstr>179 :  Average success = 49.90 +- 3.10
RESULTS:: 02:57:03: root                               EvaluationManager.py <_prstr>179 :  Average turns   = 11.43 +- 0.32
RESULTS:: 02:57:03: root                                   pydial.py <setEvalConfig>470 :  *** Evaluating env6-SFR-tau_nodrop_sort_noinco_4020_250100-seed9-30.1: error-rate=30 num-dialogs=500 ***
RESULTS:: 03:06:48: root                               EvaluationManager.py <_prstr>179 :  Results for domain: SFRestaurants --evaluated by: objective success evaluator
RESULTS:: 03:06:48: root                               EvaluationManager.py <_prstr>179 :  # of dialogues  = 500
RESULTS:: 03:06:48: root                               EvaluationManager.py <_prstr>179 :  Average reward  = 1.20 +- 1.02
RESULTS:: 03:06:48: root                               EvaluationManager.py <_prstr>179 :  Average success = 53.20 +- 4.38
RESULTS:: 03:06:48: root                               EvaluationManager.py <_prstr>179 :  Average turns   = 9.44 +- 0.36
RESULTS:: 03:06:48: root                                   pydial.py <train_command>791 :  List of domains: SFRestaurants
RESULTS:: 03:06:48: root                                      pydial.py <trainBatch>409 :  *** Training Iteration env6-SFR-tau_nodrop_sort_noinco_4020_250100-seed9-30.1->env6-SFR-tau_nodrop_sort_noinco_4020_250100-seed9-30.2: iter=1, error-rate=30, num-dialogs=1000 ***
RESULTS:: 03:35:13: root                               EvaluationManager.py <_prstr>179 :  Results for domain: SFRestaurants --evaluated by: objective success evaluator
RESULTS:: 03:35:13: root                               EvaluationManager.py <_prstr>179 :  # of dialogues  = 1000
RESULTS:: 03:35:13: root                               EvaluationManager.py <_prstr>179 :  Average reward  = 2.13 +- 0.74
RESULTS:: 03:35:13: root                               EvaluationManager.py <_prstr>179 :  Average success = 69.10 +- 2.87
RESULTS:: 03:35:13: root                               EvaluationManager.py <_prstr>179 :  Average turns   = 11.69 +- 0.34
RESULTS:: 03:35:13: root                                   pydial.py <setEvalConfig>470 :  *** Evaluating env6-SFR-tau_nodrop_sort_noinco_4020_250100-seed9-30.2: error-rate=30 num-dialogs=500 ***
RESULTS:: 03:45:58: root                               EvaluationManager.py <_prstr>179 :  Results for domain: SFRestaurants --evaluated by: objective success evaluator
RESULTS:: 03:45:58: root                               EvaluationManager.py <_prstr>179 :  # of dialogues  = 500
RESULTS:: 03:45:58: root                               EvaluationManager.py <_prstr>179 :  Average reward  = 6.14 +- 0.91
RESULTS:: 03:45:58: root                               EvaluationManager.py <_prstr>179 :  Average success = 79.80 +- 3.53
RESULTS:: 03:45:58: root                               EvaluationManager.py <_prstr>179 :  Average turns   = 9.82 +- 0.41
RESULTS:: 03:45:58: root                                   pydial.py <train_command>791 :  List of domains: SFRestaurants
RESULTS:: 03:45:58: root                                      pydial.py <trainBatch>409 :  *** Training Iteration env6-SFR-tau_nodrop_sort_noinco_4020_250100-seed9-30.2->env6-SFR-tau_nodrop_sort_noinco_4020_250100-seed9-30.3: iter=2, error-rate=30, num-dialogs=1000 ***
RESULTS:: 04:13:35: root                               EvaluationManager.py <_prstr>179 :  Results for domain: SFRestaurants --evaluated by: objective success evaluator
RESULTS:: 04:13:35: root                               EvaluationManager.py <_prstr>179 :  # of dialogues  = 1000
RESULTS:: 04:13:35: root                               EvaluationManager.py <_prstr>179 :  Average reward  = 2.50 +- 0.74
RESULTS:: 04:13:35: root                               EvaluationManager.py <_prstr>179 :  Average success = 70.00 +- 2.84
RESULTS:: 04:13:35: root                               EvaluationManager.py <_prstr>179 :  Average turns   = 11.50 +- 0.34
RESULTS:: 04:13:35: root                                   pydial.py <setEvalConfig>470 :  *** Evaluating env6-SFR-tau_nodrop_sort_noinco_4020_250100-seed9-30.3: error-rate=30 num-dialogs=500 ***
RESULTS:: 04:24:05: root                               EvaluationManager.py <_prstr>179 :  Results for domain: SFRestaurants --evaluated by: objective success evaluator
RESULTS:: 04:24:05: root                               EvaluationManager.py <_prstr>179 :  # of dialogues  = 500
RESULTS:: 04:24:05: root                               EvaluationManager.py <_prstr>179 :  Average reward  = 0.79 +- 1.01
RESULTS:: 04:24:05: root                               EvaluationManager.py <_prstr>179 :  Average success = 52.20 +- 4.39
RESULTS:: 04:24:05: root                               EvaluationManager.py <_prstr>179 :  Average turns   = 9.65 +- 0.34
RESULTS:: 04:24:05: root                                   pydial.py <train_command>791 :  List of domains: SFRestaurants
RESULTS:: 04:24:05: root                                      pydial.py <trainBatch>409 :  *** Training Iteration env6-SFR-tau_nodrop_sort_noinco_4020_250100-seed9-30.3->env6-SFR-tau_nodrop_sort_noinco_4020_250100-seed9-30.4: iter=3, error-rate=30, num-dialogs=1000 ***
RESULTS:: 04:52:25: root                               EvaluationManager.py <_prstr>179 :  Results for domain: SFRestaurants --evaluated by: objective success evaluator
RESULTS:: 04:52:25: root                               EvaluationManager.py <_prstr>179 :  # of dialogues  = 1000
RESULTS:: 04:52:25: root                               EvaluationManager.py <_prstr>179 :  Average reward  = 1.44 +- 0.78
RESULTS:: 04:52:25: root                               EvaluationManager.py <_prstr>179 :  Average success = 67.40 +- 2.91
RESULTS:: 04:52:25: root                               EvaluationManager.py <_prstr>179 :  Average turns   = 12.04 +- 0.36
RESULTS:: 04:52:25: root                                   pydial.py <setEvalConfig>470 :  *** Evaluating env6-SFR-tau_nodrop_sort_noinco_4020_250100-seed9-30.4: error-rate=30 num-dialogs=500 ***
RESULTS:: 05:03:11: root                               EvaluationManager.py <_prstr>179 :  Results for domain: SFRestaurants --evaluated by: objective success evaluator
RESULTS:: 05:03:11: root                               EvaluationManager.py <_prstr>179 :  # of dialogues  = 500
RESULTS:: 05:03:11: root                               EvaluationManager.py <_prstr>179 :  Average reward  = 3.84 +- 1.01
RESULTS:: 05:03:11: root                               EvaluationManager.py <_prstr>179 :  Average success = 68.00 +- 4.10
RESULTS:: 05:03:11: root                               EvaluationManager.py <_prstr>179 :  Average turns   = 9.76 +- 0.37
RESULTS:: 05:03:11: root                                   pydial.py <train_command>791 :  List of domains: SFRestaurants
RESULTS:: 05:03:11: root                                      pydial.py <trainBatch>409 :  *** Training Iteration env6-SFR-tau_nodrop_sort_noinco_4020_250100-seed9-30.4->env6-SFR-tau_nodrop_sort_noinco_4020_250100-seed9-30.5: iter=4, error-rate=30, num-dialogs=1000 ***
RESULTS:: 05:31:42: root                               EvaluationManager.py <_prstr>179 :  Results for domain: SFRestaurants --evaluated by: objective success evaluator
RESULTS:: 05:31:42: root                               EvaluationManager.py <_prstr>179 :  # of dialogues  = 1000
RESULTS:: 05:31:42: root                               EvaluationManager.py <_prstr>179 :  Average reward  = 1.89 +- 0.76
RESULTS:: 05:31:42: root                               EvaluationManager.py <_prstr>179 :  Average success = 70.20 +- 2.84
RESULTS:: 05:31:42: root                               EvaluationManager.py <_prstr>179 :  Average turns   = 12.15 +- 0.35
RESULTS:: 05:31:42: root                                   pydial.py <setEvalConfig>470 :  *** Evaluating env6-SFR-tau_nodrop_sort_noinco_4020_250100-seed9-30.5: error-rate=30 num-dialogs=500 ***
RESULTS:: 05:42:01: root                               EvaluationManager.py <_prstr>179 :  Results for domain: SFRestaurants --evaluated by: objective success evaluator
RESULTS:: 05:42:01: root                               EvaluationManager.py <_prstr>179 :  # of dialogues  = 500
RESULTS:: 05:42:01: root                               EvaluationManager.py <_prstr>179 :  Average reward  = 0.24 +- 0.93
RESULTS:: 05:42:01: root                               EvaluationManager.py <_prstr>179 :  Average success = 48.40 +- 4.39
RESULTS:: 05:42:01: root                               EvaluationManager.py <_prstr>179 :  Average turns   = 9.44 +- 0.33
RESULTS:: 05:42:01: root                                   pydial.py <train_command>791 :  List of domains: SFRestaurants
RESULTS:: 05:42:01: root                                      pydial.py <trainBatch>409 :  *** Training Iteration env6-SFR-tau_nodrop_sort_noinco_4020_250100-seed9-30.5->env6-SFR-tau_nodrop_sort_noinco_4020_250100-seed9-30.6: iter=5, error-rate=30, num-dialogs=1000 ***
RESULTS:: 06:10:06: root                               EvaluationManager.py <_prstr>179 :  Results for domain: SFRestaurants --evaluated by: objective success evaluator
RESULTS:: 06:10:06: root                               EvaluationManager.py <_prstr>179 :  # of dialogues  = 1000
RESULTS:: 06:10:06: root                               EvaluationManager.py <_prstr>179 :  Average reward  = 2.07 +- 0.78
RESULTS:: 06:10:06: root                               EvaluationManager.py <_prstr>179 :  Average success = 70.20 +- 2.84
RESULTS:: 06:10:06: root                               EvaluationManager.py <_prstr>179 :  Average turns   = 11.97 +- 0.36
RESULTS:: 06:10:06: root                                   pydial.py <setEvalConfig>470 :  *** Evaluating env6-SFR-tau_nodrop_sort_noinco_4020_250100-seed9-30.6: error-rate=30 num-dialogs=500 ***
RESULTS:: 06:20:39: root                               EvaluationManager.py <_prstr>179 :  Results for domain: SFRestaurants --evaluated by: objective success evaluator
RESULTS:: 06:20:39: root                               EvaluationManager.py <_prstr>179 :  # of dialogues  = 500
RESULTS:: 06:20:39: root                               EvaluationManager.py <_prstr>179 :  Average reward  = 6.01 +- 0.94
RESULTS:: 06:20:39: root                               EvaluationManager.py <_prstr>179 :  Average success = 78.00 +- 3.64
RESULTS:: 06:20:39: root                               EvaluationManager.py <_prstr>179 :  Average turns   = 9.59 +- 0.40
RESULTS:: 06:20:39: root                                   pydial.py <train_command>791 :  List of domains: SFRestaurants
RESULTS:: 06:20:39: root                                      pydial.py <trainBatch>409 :  *** Training Iteration env6-SFR-tau_nodrop_sort_noinco_4020_250100-seed9-30.6->env6-SFR-tau_nodrop_sort_noinco_4020_250100-seed9-30.7: iter=6, error-rate=30, num-dialogs=1000 ***
RESULTS:: 06:48:51: root                               EvaluationManager.py <_prstr>179 :  Results for domain: SFRestaurants --evaluated by: objective success evaluator
RESULTS:: 06:48:51: root                               EvaluationManager.py <_prstr>179 :  # of dialogues  = 1000
RESULTS:: 06:48:51: root                               EvaluationManager.py <_prstr>179 :  Average reward  = 2.49 +- 0.76
RESULTS:: 06:48:51: root                               EvaluationManager.py <_prstr>179 :  Average success = 71.80 +- 2.79
RESULTS:: 06:48:51: root                               EvaluationManager.py <_prstr>179 :  Average turns   = 11.87 +- 0.36
RESULTS:: 06:48:51: root                                   pydial.py <setEvalConfig>470 :  *** Evaluating env6-SFR-tau_nodrop_sort_noinco_4020_250100-seed9-30.7: error-rate=30 num-dialogs=500 ***
RESULTS:: 06:59:41: root                               EvaluationManager.py <_prstr>179 :  Results for domain: SFRestaurants --evaluated by: objective success evaluator
RESULTS:: 06:59:41: root                               EvaluationManager.py <_prstr>179 :  # of dialogues  = 500
RESULTS:: 06:59:41: root                               EvaluationManager.py <_prstr>179 :  Average reward  = 2.33 +- 1.01
RESULTS:: 06:59:41: root                               EvaluationManager.py <_prstr>179 :  Average success = 62.00 +- 4.26
RESULTS:: 06:59:41: root                               EvaluationManager.py <_prstr>179 :  Average turns   = 10.07 +- 0.34
RESULTS:: 06:59:41: root                                   pydial.py <train_command>791 :  List of domains: SFRestaurants
RESULTS:: 06:59:41: root                                      pydial.py <trainBatch>409 :  *** Training Iteration env6-SFR-tau_nodrop_sort_noinco_4020_250100-seed9-30.7->env6-SFR-tau_nodrop_sort_noinco_4020_250100-seed9-30.8: iter=7, error-rate=30, num-dialogs=1000 ***
RESULTS:: 07:28:47: root                               EvaluationManager.py <_prstr>179 :  Results for domain: SFRestaurants --evaluated by: objective success evaluator
RESULTS:: 07:28:47: root                               EvaluationManager.py <_prstr>179 :  # of dialogues  = 1000
RESULTS:: 07:28:47: root                               EvaluationManager.py <_prstr>179 :  Average reward  = 1.79 +- 0.77
RESULTS:: 07:28:47: root                               EvaluationManager.py <_prstr>179 :  Average success = 70.80 +- 2.82
RESULTS:: 07:28:47: root                               EvaluationManager.py <_prstr>179 :  Average turns   = 12.37 +- 0.36
RESULTS:: 07:28:47: root                                   pydial.py <setEvalConfig>470 :  *** Evaluating env6-SFR-tau_nodrop_sort_noinco_4020_250100-seed9-30.8: error-rate=30 num-dialogs=500 ***
RESULTS:: 07:39:21: root                               EvaluationManager.py <_prstr>179 :  Results for domain: SFRestaurants --evaluated by: objective success evaluator
RESULTS:: 07:39:21: root                               EvaluationManager.py <_prstr>179 :  # of dialogues  = 500
RESULTS:: 07:39:21: root                               EvaluationManager.py <_prstr>179 :  Average reward  = 5.38 +- 0.91
RESULTS:: 07:39:21: root                               EvaluationManager.py <_prstr>179 :  Average success = 74.00 +- 3.85
RESULTS:: 07:39:21: root                               EvaluationManager.py <_prstr>179 :  Average turns   = 9.42 +- 0.37
RESULTS:: 07:39:21: root                                   pydial.py <train_command>791 :  List of domains: SFRestaurants
RESULTS:: 07:39:21: root                                      pydial.py <trainBatch>409 :  *** Training Iteration env6-SFR-tau_nodrop_sort_noinco_4020_250100-seed9-30.8->env6-SFR-tau_nodrop_sort_noinco_4020_250100-seed9-30.9: iter=8, error-rate=30, num-dialogs=1000 ***
RESULTS:: 08:08:23: root                               EvaluationManager.py <_prstr>179 :  Results for domain: SFRestaurants --evaluated by: objective success evaluator
RESULTS:: 08:08:23: root                               EvaluationManager.py <_prstr>179 :  # of dialogues  = 1000
RESULTS:: 08:08:23: root                               EvaluationManager.py <_prstr>179 :  Average reward  = 2.06 +- 0.76
RESULTS:: 08:08:23: root                               EvaluationManager.py <_prstr>179 :  Average success = 70.40 +- 2.83
RESULTS:: 08:08:23: root                               EvaluationManager.py <_prstr>179 :  Average turns   = 12.02 +- 0.35
RESULTS:: 08:08:23: root                                   pydial.py <setEvalConfig>470 :  *** Evaluating env6-SFR-tau_nodrop_sort_noinco_4020_250100-seed9-30.9: error-rate=30 num-dialogs=500 ***
RESULTS:: 08:19:28: root                               EvaluationManager.py <_prstr>179 :  Results for domain: SFRestaurants --evaluated by: objective success evaluator
RESULTS:: 08:19:28: root                               EvaluationManager.py <_prstr>179 :  # of dialogues  = 500
RESULTS:: 08:19:28: root                               EvaluationManager.py <_prstr>179 :  Average reward  = 3.09 +- 1.04
RESULTS:: 08:19:28: root                               EvaluationManager.py <_prstr>179 :  Average success = 65.40 +- 4.18
RESULTS:: 08:19:28: root                               EvaluationManager.py <_prstr>179 :  Average turns   = 9.99 +- 0.41
RESULTS:: 08:19:28: root                                   pydial.py <train_command>791 :  List of domains: SFRestaurants
RESULTS:: 08:19:28: root                                      pydial.py <trainBatch>409 :  *** Training Iteration env6-SFR-tau_nodrop_sort_noinco_4020_250100-seed9-30.9->env6-SFR-tau_nodrop_sort_noinco_4020_250100-seed9-30.10: iter=9, error-rate=30, num-dialogs=1000 ***
RESULTS:: 08:47:48: root                               EvaluationManager.py <_prstr>179 :  Results for domain: SFRestaurants --evaluated by: objective success evaluator
RESULTS:: 08:47:48: root                               EvaluationManager.py <_prstr>179 :  # of dialogues  = 1000
RESULTS:: 08:47:48: root                               EvaluationManager.py <_prstr>179 :  Average reward  = 3.67 +- 0.73
RESULTS:: 08:47:48: root                               EvaluationManager.py <_prstr>179 :  Average success = 76.60 +- 2.63
RESULTS:: 08:47:48: root                               EvaluationManager.py <_prstr>179 :  Average turns   = 11.65 +- 0.35
RESULTS:: 08:47:48: root                                   pydial.py <setEvalConfig>470 :  *** Evaluating env6-SFR-tau_nodrop_sort_noinco_4020_250100-seed9-30.10: error-rate=30 num-dialogs=500 ***
RESULTS:: 08:58:38: root                               EvaluationManager.py <_prstr>179 :  Results for domain: SFRestaurants --evaluated by: objective success evaluator
RESULTS:: 08:58:38: root                               EvaluationManager.py <_prstr>179 :  # of dialogues  = 500
RESULTS:: 08:58:38: root                               EvaluationManager.py <_prstr>179 :  Average reward  = 4.43 +- 0.97
RESULTS:: 08:58:38: root                               EvaluationManager.py <_prstr>179 :  Average success = 72.60 +- 3.92
RESULTS:: 08:58:38: root                               EvaluationManager.py <_prstr>179 :  Average turns   = 10.09 +- 0.41
RESULTS:: 08:58:38: root                                   pydial.py <train_command>807 :  *** Training complete. log: env6-SFR-tau_nodrop_sort_noinco_4020_250100-seed9-30.1-10.train.log - final policy is env6-SFR-tau_nodrop_sort_noinco_4020_250100-30-10
