RESULTS:: 02:30:33: root                                   pydial.py <train_command>791 :  List of domains: SFRestaurants
RESULTS:: 02:30:33: root                                      pydial.py <trainBatch>409 :  *** Training Iteration env6-SFR-tau_nodrop_sort_noinco_4020_250100-seed5-30.0->env6-SFR-tau_nodrop_sort_noinco_4020_250100-seed5-30.1: iter=0, error-rate=30, num-dialogs=1000 ***
RESULTS:: 02:56:05: root                               EvaluationManager.py <_prstr>179 :  Results for domain: SFRestaurants --evaluated by: objective success evaluator
RESULTS:: 02:56:05: root                               EvaluationManager.py <_prstr>179 :  # of dialogues  = 1000
RESULTS:: 02:56:05: root                               EvaluationManager.py <_prstr>179 :  Average reward  = -2.30 +- 0.72
RESULTS:: 02:56:05: root                               EvaluationManager.py <_prstr>179 :  Average success = 44.50 +- 3.08
RESULTS:: 02:56:05: root                               EvaluationManager.py <_prstr>179 :  Average turns   = 11.20 +- 0.32
RESULTS:: 02:56:05: root                                   pydial.py <setEvalConfig>470 :  *** Evaluating env6-SFR-tau_nodrop_sort_noinco_4020_250100-seed5-30.1: error-rate=30 num-dialogs=500 ***
RESULTS:: 03:05:40: root                               EvaluationManager.py <_prstr>179 :  Results for domain: SFRestaurants --evaluated by: objective success evaluator
RESULTS:: 03:05:40: root                               EvaluationManager.py <_prstr>179 :  # of dialogues  = 500
RESULTS:: 03:05:40: root                               EvaluationManager.py <_prstr>179 :  Average reward  = 2.38 +- 0.97
RESULTS:: 03:05:40: root                               EvaluationManager.py <_prstr>179 :  Average success = 58.40 +- 4.33
RESULTS:: 03:05:40: root                               EvaluationManager.py <_prstr>179 :  Average turns   = 9.30 +- 0.37
RESULTS:: 03:05:40: root                                   pydial.py <train_command>791 :  List of domains: SFRestaurants
RESULTS:: 03:05:40: root                                      pydial.py <trainBatch>409 :  *** Training Iteration env6-SFR-tau_nodrop_sort_noinco_4020_250100-seed5-30.1->env6-SFR-tau_nodrop_sort_noinco_4020_250100-seed5-30.2: iter=1, error-rate=30, num-dialogs=1000 ***
RESULTS:: 03:32:25: root                               EvaluationManager.py <_prstr>179 :  Results for domain: SFRestaurants --evaluated by: objective success evaluator
RESULTS:: 03:32:25: root                               EvaluationManager.py <_prstr>179 :  # of dialogues  = 1000
RESULTS:: 03:32:25: root                               EvaluationManager.py <_prstr>179 :  Average reward  = 3.84 +- 0.71
RESULTS:: 03:32:25: root                               EvaluationManager.py <_prstr>179 :  Average success = 74.90 +- 2.69
RESULTS:: 03:32:25: root                               EvaluationManager.py <_prstr>179 :  Average turns   = 11.14 +- 0.33
RESULTS:: 03:32:25: root                                   pydial.py <setEvalConfig>470 :  *** Evaluating env6-SFR-tau_nodrop_sort_noinco_4020_250100-seed5-30.2: error-rate=30 num-dialogs=500 ***
RESULTS:: 03:42:32: root                               EvaluationManager.py <_prstr>179 :  Results for domain: SFRestaurants --evaluated by: objective success evaluator
RESULTS:: 03:42:32: root                               EvaluationManager.py <_prstr>179 :  # of dialogues  = 500
RESULTS:: 03:42:32: root                               EvaluationManager.py <_prstr>179 :  Average reward  = 5.43 +- 0.94
RESULTS:: 03:42:32: root                               EvaluationManager.py <_prstr>179 :  Average success = 74.80 +- 3.81
RESULTS:: 03:42:32: root                               EvaluationManager.py <_prstr>179 :  Average turns   = 9.53 +- 0.38
RESULTS:: 03:42:32: root                                   pydial.py <train_command>791 :  List of domains: SFRestaurants
RESULTS:: 03:42:32: root                                      pydial.py <trainBatch>409 :  *** Training Iteration env6-SFR-tau_nodrop_sort_noinco_4020_250100-seed5-30.2->env6-SFR-tau_nodrop_sort_noinco_4020_250100-seed5-30.3: iter=2, error-rate=30, num-dialogs=1000 ***
RESULTS:: 04:10:41: root                               EvaluationManager.py <_prstr>179 :  Results for domain: SFRestaurants --evaluated by: objective success evaluator
RESULTS:: 04:10:41: root                               EvaluationManager.py <_prstr>179 :  # of dialogues  = 1000
RESULTS:: 04:10:41: root                               EvaluationManager.py <_prstr>179 :  Average reward  = 2.60 +- 0.77
RESULTS:: 04:10:41: root                               EvaluationManager.py <_prstr>179 :  Average success = 74.40 +- 2.71
RESULTS:: 04:10:41: root                               EvaluationManager.py <_prstr>179 :  Average turns   = 12.28 +- 0.37
RESULTS:: 04:10:41: root                                   pydial.py <setEvalConfig>470 :  *** Evaluating env6-SFR-tau_nodrop_sort_noinco_4020_250100-seed5-30.3: error-rate=30 num-dialogs=500 ***
RESULTS:: 04:21:16: root                               EvaluationManager.py <_prstr>179 :  Results for domain: SFRestaurants --evaluated by: objective success evaluator
RESULTS:: 04:21:16: root                               EvaluationManager.py <_prstr>179 :  # of dialogues  = 500
RESULTS:: 04:21:16: root                               EvaluationManager.py <_prstr>179 :  Average reward  = 7.37 +- 0.85
RESULTS:: 04:21:16: root                               EvaluationManager.py <_prstr>179 :  Average success = 85.20 +- 3.12
RESULTS:: 04:21:16: root                               EvaluationManager.py <_prstr>179 :  Average turns   = 9.67 +- 0.42
RESULTS:: 04:21:16: root                                   pydial.py <train_command>791 :  List of domains: SFRestaurants
RESULTS:: 04:21:16: root                                      pydial.py <trainBatch>409 :  *** Training Iteration env6-SFR-tau_nodrop_sort_noinco_4020_250100-seed5-30.3->env6-SFR-tau_nodrop_sort_noinco_4020_250100-seed5-30.4: iter=3, error-rate=30, num-dialogs=1000 ***
RESULTS:: 04:49:17: root                               EvaluationManager.py <_prstr>179 :  Results for domain: SFRestaurants --evaluated by: objective success evaluator
RESULTS:: 04:49:17: root                               EvaluationManager.py <_prstr>179 :  # of dialogues  = 1000
RESULTS:: 04:49:17: root                               EvaluationManager.py <_prstr>179 :  Average reward  = 2.93 +- 0.77
RESULTS:: 04:49:17: root                               EvaluationManager.py <_prstr>179 :  Average success = 76.00 +- 2.65
RESULTS:: 04:49:17: root                               EvaluationManager.py <_prstr>179 :  Average turns   = 12.27 +- 0.37
RESULTS:: 04:49:17: root                                   pydial.py <setEvalConfig>470 :  *** Evaluating env6-SFR-tau_nodrop_sort_noinco_4020_250100-seed5-30.4: error-rate=30 num-dialogs=500 ***
RESULTS:: 05:00:25: root                               EvaluationManager.py <_prstr>179 :  Results for domain: SFRestaurants --evaluated by: objective success evaluator
RESULTS:: 05:00:25: root                               EvaluationManager.py <_prstr>179 :  # of dialogues  = 500
RESULTS:: 05:00:25: root                               EvaluationManager.py <_prstr>179 :  Average reward  = 5.46 +- 0.95
RESULTS:: 05:00:25: root                               EvaluationManager.py <_prstr>179 :  Average success = 77.80 +- 3.65
RESULTS:: 05:00:25: root                               EvaluationManager.py <_prstr>179 :  Average turns   = 10.10 +- 0.41
RESULTS:: 05:00:25: root                                   pydial.py <train_command>791 :  List of domains: SFRestaurants
RESULTS:: 05:00:25: root                                      pydial.py <trainBatch>409 :  *** Training Iteration env6-SFR-tau_nodrop_sort_noinco_4020_250100-seed5-30.4->env6-SFR-tau_nodrop_sort_noinco_4020_250100-seed5-30.5: iter=4, error-rate=30, num-dialogs=1000 ***
RESULTS:: 05:28:13: root                               EvaluationManager.py <_prstr>179 :  Results for domain: SFRestaurants --evaluated by: objective success evaluator
RESULTS:: 05:28:13: root                               EvaluationManager.py <_prstr>179 :  # of dialogues  = 1000
RESULTS:: 05:28:13: root                               EvaluationManager.py <_prstr>179 :  Average reward  = 2.30 +- 0.77
RESULTS:: 05:28:13: root                               EvaluationManager.py <_prstr>179 :  Average success = 72.00 +- 2.79
RESULTS:: 05:28:13: root                               EvaluationManager.py <_prstr>179 :  Average turns   = 12.10 +- 0.36
RESULTS:: 05:28:13: root                                   pydial.py <setEvalConfig>470 :  *** Evaluating env6-SFR-tau_nodrop_sort_noinco_4020_250100-seed5-30.5: error-rate=30 num-dialogs=500 ***
RESULTS:: 05:39:35: root                               EvaluationManager.py <_prstr>179 :  Results for domain: SFRestaurants --evaluated by: objective success evaluator
RESULTS:: 05:39:35: root                               EvaluationManager.py <_prstr>179 :  # of dialogues  = 500
RESULTS:: 05:39:35: root                               EvaluationManager.py <_prstr>179 :  Average reward  = 5.64 +- 0.90
RESULTS:: 05:39:35: root                               EvaluationManager.py <_prstr>179 :  Average success = 79.20 +- 3.57
RESULTS:: 05:39:35: root                               EvaluationManager.py <_prstr>179 :  Average turns   = 10.20 +- 0.42
RESULTS:: 05:39:35: root                                   pydial.py <train_command>791 :  List of domains: SFRestaurants
RESULTS:: 05:39:35: root                                      pydial.py <trainBatch>409 :  *** Training Iteration env6-SFR-tau_nodrop_sort_noinco_4020_250100-seed5-30.5->env6-SFR-tau_nodrop_sort_noinco_4020_250100-seed5-30.6: iter=5, error-rate=30, num-dialogs=1000 ***
RESULTS:: 06:06:42: root                               EvaluationManager.py <_prstr>179 :  Results for domain: SFRestaurants --evaluated by: objective success evaluator
RESULTS:: 06:06:42: root                               EvaluationManager.py <_prstr>179 :  # of dialogues  = 1000
RESULTS:: 06:06:42: root                               EvaluationManager.py <_prstr>179 :  Average reward  = 2.96 +- 0.75
RESULTS:: 06:06:42: root                               EvaluationManager.py <_prstr>179 :  Average success = 73.90 +- 2.73
RESULTS:: 06:06:42: root                               EvaluationManager.py <_prstr>179 :  Average turns   = 11.82 +- 0.34
RESULTS:: 06:06:42: root                                   pydial.py <setEvalConfig>470 :  *** Evaluating env6-SFR-tau_nodrop_sort_noinco_4020_250100-seed5-30.6: error-rate=30 num-dialogs=500 ***
RESULTS:: 06:17:43: root                               EvaluationManager.py <_prstr>179 :  Results for domain: SFRestaurants --evaluated by: objective success evaluator
RESULTS:: 06:17:43: root                               EvaluationManager.py <_prstr>179 :  # of dialogues  = 500
RESULTS:: 06:17:43: root                               EvaluationManager.py <_prstr>179 :  Average reward  = 4.58 +- 1.01
RESULTS:: 06:17:43: root                               EvaluationManager.py <_prstr>179 :  Average success = 74.40 +- 3.83
RESULTS:: 06:17:43: root                               EvaluationManager.py <_prstr>179 :  Average turns   = 10.30 +- 0.41
RESULTS:: 06:17:43: root                                   pydial.py <train_command>791 :  List of domains: SFRestaurants
RESULTS:: 06:17:43: root                                      pydial.py <trainBatch>409 :  *** Training Iteration env6-SFR-tau_nodrop_sort_noinco_4020_250100-seed5-30.6->env6-SFR-tau_nodrop_sort_noinco_4020_250100-seed5-30.7: iter=6, error-rate=30, num-dialogs=1000 ***
RESULTS:: 06:45:24: root                               EvaluationManager.py <_prstr>179 :  Results for domain: SFRestaurants --evaluated by: objective success evaluator
RESULTS:: 06:45:24: root                               EvaluationManager.py <_prstr>179 :  # of dialogues  = 1000
RESULTS:: 06:45:24: root                               EvaluationManager.py <_prstr>179 :  Average reward  = 2.77 +- 0.72
RESULTS:: 06:45:24: root                               EvaluationManager.py <_prstr>179 :  Average success = 74.30 +- 2.71
RESULTS:: 06:45:24: root                               EvaluationManager.py <_prstr>179 :  Average turns   = 12.09 +- 0.35
RESULTS:: 06:45:24: root                                   pydial.py <setEvalConfig>470 :  *** Evaluating env6-SFR-tau_nodrop_sort_noinco_4020_250100-seed5-30.7: error-rate=30 num-dialogs=500 ***
RESULTS:: 06:55:59: root                               EvaluationManager.py <_prstr>179 :  Results for domain: SFRestaurants --evaluated by: objective success evaluator
RESULTS:: 06:55:59: root                               EvaluationManager.py <_prstr>179 :  # of dialogues  = 500
RESULTS:: 06:55:59: root                               EvaluationManager.py <_prstr>179 :  Average reward  = 5.59 +- 0.97
RESULTS:: 06:55:59: root                               EvaluationManager.py <_prstr>179 :  Average success = 77.80 +- 3.65
RESULTS:: 06:55:59: root                               EvaluationManager.py <_prstr>179 :  Average turns   = 9.97 +- 0.40
RESULTS:: 06:55:59: root                                   pydial.py <train_command>791 :  List of domains: SFRestaurants
RESULTS:: 06:55:59: root                                      pydial.py <trainBatch>409 :  *** Training Iteration env6-SFR-tau_nodrop_sort_noinco_4020_250100-seed5-30.7->env6-SFR-tau_nodrop_sort_noinco_4020_250100-seed5-30.8: iter=7, error-rate=30, num-dialogs=1000 ***
RESULTS:: 07:23:13: root                               EvaluationManager.py <_prstr>179 :  Results for domain: SFRestaurants --evaluated by: objective success evaluator
RESULTS:: 07:23:13: root                               EvaluationManager.py <_prstr>179 :  # of dialogues  = 1000
RESULTS:: 07:23:13: root                               EvaluationManager.py <_prstr>179 :  Average reward  = 3.74 +- 0.71
RESULTS:: 07:23:13: root                               EvaluationManager.py <_prstr>179 :  Average success = 77.30 +- 2.60
RESULTS:: 07:23:13: root                               EvaluationManager.py <_prstr>179 :  Average turns   = 11.72 +- 0.34
RESULTS:: 07:23:13: root                                   pydial.py <setEvalConfig>470 :  *** Evaluating env6-SFR-tau_nodrop_sort_noinco_4020_250100-seed5-30.8: error-rate=30 num-dialogs=500 ***
RESULTS:: 07:34:11: root                               EvaluationManager.py <_prstr>179 :  Results for domain: SFRestaurants --evaluated by: objective success evaluator
RESULTS:: 07:34:11: root                               EvaluationManager.py <_prstr>179 :  # of dialogues  = 500
RESULTS:: 07:34:11: root                               EvaluationManager.py <_prstr>179 :  Average reward  = 2.20 +- 1.07
RESULTS:: 07:34:11: root                               EvaluationManager.py <_prstr>179 :  Average success = 62.60 +- 4.25
RESULTS:: 07:34:11: root                               EvaluationManager.py <_prstr>179 :  Average turns   = 10.32 +- 0.40
RESULTS:: 07:34:11: root                                   pydial.py <train_command>791 :  List of domains: SFRestaurants
RESULTS:: 07:34:11: root                                      pydial.py <trainBatch>409 :  *** Training Iteration env6-SFR-tau_nodrop_sort_noinco_4020_250100-seed5-30.8->env6-SFR-tau_nodrop_sort_noinco_4020_250100-seed5-30.9: iter=8, error-rate=30, num-dialogs=1000 ***
RESULTS:: 08:02:43: root                               EvaluationManager.py <_prstr>179 :  Results for domain: SFRestaurants --evaluated by: objective success evaluator
RESULTS:: 08:02:43: root                               EvaluationManager.py <_prstr>179 :  # of dialogues  = 1000
RESULTS:: 08:02:43: root                               EvaluationManager.py <_prstr>179 :  Average reward  = 2.17 +- 0.79
RESULTS:: 08:02:43: root                               EvaluationManager.py <_prstr>179 :  Average success = 72.40 +- 2.77
RESULTS:: 08:02:43: root                               EvaluationManager.py <_prstr>179 :  Average turns   = 12.31 +- 0.37
RESULTS:: 08:02:43: root                                   pydial.py <setEvalConfig>470 :  *** Evaluating env6-SFR-tau_nodrop_sort_noinco_4020_250100-seed5-30.9: error-rate=30 num-dialogs=500 ***
RESULTS:: 08:13:48: root                               EvaluationManager.py <_prstr>179 :  Results for domain: SFRestaurants --evaluated by: objective success evaluator
RESULTS:: 08:13:48: root                               EvaluationManager.py <_prstr>179 :  # of dialogues  = 500
RESULTS:: 08:13:48: root                               EvaluationManager.py <_prstr>179 :  Average reward  = 5.36 +- 1.02
RESULTS:: 08:13:48: root                               EvaluationManager.py <_prstr>179 :  Average success = 77.80 +- 3.65
RESULTS:: 08:13:48: root                               EvaluationManager.py <_prstr>179 :  Average turns   = 10.20 +- 0.46
RESULTS:: 08:13:48: root                                   pydial.py <train_command>791 :  List of domains: SFRestaurants
RESULTS:: 08:13:48: root                                      pydial.py <trainBatch>409 :  *** Training Iteration env6-SFR-tau_nodrop_sort_noinco_4020_250100-seed5-30.9->env6-SFR-tau_nodrop_sort_noinco_4020_250100-seed5-30.10: iter=9, error-rate=30, num-dialogs=1000 ***
RESULTS:: 08:42:20: root                               EvaluationManager.py <_prstr>179 :  Results for domain: SFRestaurants --evaluated by: objective success evaluator
RESULTS:: 08:42:20: root                               EvaluationManager.py <_prstr>179 :  # of dialogues  = 1000
RESULTS:: 08:42:20: root                               EvaluationManager.py <_prstr>179 :  Average reward  = 2.42 +- 0.80
RESULTS:: 08:42:20: root                               EvaluationManager.py <_prstr>179 :  Average success = 73.70 +- 2.73
RESULTS:: 08:42:20: root                               EvaluationManager.py <_prstr>179 :  Average turns   = 12.31 +- 0.37
RESULTS:: 08:42:20: root                                   pydial.py <setEvalConfig>470 :  *** Evaluating env6-SFR-tau_nodrop_sort_noinco_4020_250100-seed5-30.10: error-rate=30 num-dialogs=500 ***
RESULTS:: 08:53:11: root                               EvaluationManager.py <_prstr>179 :  Results for domain: SFRestaurants --evaluated by: objective success evaluator
RESULTS:: 08:53:11: root                               EvaluationManager.py <_prstr>179 :  # of dialogues  = 500
RESULTS:: 08:53:11: root                               EvaluationManager.py <_prstr>179 :  Average reward  = 6.34 +- 0.94
RESULTS:: 08:53:11: root                               EvaluationManager.py <_prstr>179 :  Average success = 81.60 +- 3.40
RESULTS:: 08:53:11: root                               EvaluationManager.py <_prstr>179 :  Average turns   = 9.98 +- 0.45
RESULTS:: 08:53:11: root                                   pydial.py <train_command>807 :  *** Training complete. log: env6-SFR-tau_nodrop_sort_noinco_4020_250100-seed5-30.1-10.train.log - final policy is env6-SFR-tau_nodrop_sort_noinco_4020_250100-30-10
