RESULTS:: 02:30:41: root                                   pydial.py <train_command>791 :  List of domains: SFRestaurants
RESULTS:: 02:30:41: root                                      pydial.py <trainBatch>409 :  *** Training Iteration env6-SFR-tau_nodrop_sort_noinco_4020_250100-seed8-30.0->env6-SFR-tau_nodrop_sort_noinco_4020_250100-seed8-30.1: iter=0, error-rate=30, num-dialogs=1000 ***
RESULTS:: 02:57:47: root                               EvaluationManager.py <_prstr>179 :  Results for domain: SFRestaurants --evaluated by: objective success evaluator
RESULTS:: 02:57:47: root                               EvaluationManager.py <_prstr>179 :  # of dialogues  = 1000
RESULTS:: 02:57:47: root                               EvaluationManager.py <_prstr>179 :  Average reward  = -1.97 +- 0.74
RESULTS:: 02:57:47: root                               EvaluationManager.py <_prstr>179 :  Average success = 49.30 +- 3.10
RESULTS:: 02:57:47: root                               EvaluationManager.py <_prstr>179 :  Average turns   = 11.83 +- 0.34
RESULTS:: 02:57:47: root                                   pydial.py <setEvalConfig>470 :  *** Evaluating env6-SFR-tau_nodrop_sort_noinco_4020_250100-seed8-30.1: error-rate=30 num-dialogs=500 ***
RESULTS:: 03:06:38: root                               EvaluationManager.py <_prstr>179 :  Results for domain: SFRestaurants --evaluated by: objective success evaluator
RESULTS:: 03:06:38: root                               EvaluationManager.py <_prstr>179 :  # of dialogues  = 500
RESULTS:: 03:06:38: root                               EvaluationManager.py <_prstr>179 :  Average reward  = -0.73 +- 0.90
RESULTS:: 03:06:38: root                               EvaluationManager.py <_prstr>179 :  Average success = 38.00 +- 4.26
RESULTS:: 03:06:38: root                               EvaluationManager.py <_prstr>179 :  Average turns   = 8.33 +- 0.28
RESULTS:: 03:06:38: root                                   pydial.py <train_command>791 :  List of domains: SFRestaurants
RESULTS:: 03:06:38: root                                      pydial.py <trainBatch>409 :  *** Training Iteration env6-SFR-tau_nodrop_sort_noinco_4020_250100-seed8-30.1->env6-SFR-tau_nodrop_sort_noinco_4020_250100-seed8-30.2: iter=1, error-rate=30, num-dialogs=1000 ***
RESULTS:: 03:34:53: root                               EvaluationManager.py <_prstr>179 :  Results for domain: SFRestaurants --evaluated by: objective success evaluator
RESULTS:: 03:34:53: root                               EvaluationManager.py <_prstr>179 :  # of dialogues  = 1000
RESULTS:: 03:34:53: root                               EvaluationManager.py <_prstr>179 :  Average reward  = 1.62 +- 0.73
RESULTS:: 03:34:53: root                               EvaluationManager.py <_prstr>179 :  Average success = 65.80 +- 2.94
RESULTS:: 03:34:53: root                               EvaluationManager.py <_prstr>179 :  Average turns   = 11.54 +- 0.33
RESULTS:: 03:34:53: root                                   pydial.py <setEvalConfig>470 :  *** Evaluating env6-SFR-tau_nodrop_sort_noinco_4020_250100-seed8-30.2: error-rate=30 num-dialogs=500 ***
RESULTS:: 03:45:26: root                               EvaluationManager.py <_prstr>179 :  Results for domain: SFRestaurants --evaluated by: objective success evaluator
RESULTS:: 03:45:26: root                               EvaluationManager.py <_prstr>179 :  # of dialogues  = 500
RESULTS:: 03:45:26: root                               EvaluationManager.py <_prstr>179 :  Average reward  = 4.73 +- 0.95
RESULTS:: 03:45:26: root                               EvaluationManager.py <_prstr>179 :  Average success = 71.60 +- 3.96
RESULTS:: 03:45:26: root                               EvaluationManager.py <_prstr>179 :  Average turns   = 9.59 +- 0.39
RESULTS:: 03:45:26: root                                   pydial.py <train_command>791 :  List of domains: SFRestaurants
RESULTS:: 03:45:26: root                                      pydial.py <trainBatch>409 :  *** Training Iteration env6-SFR-tau_nodrop_sort_noinco_4020_250100-seed8-30.2->env6-SFR-tau_nodrop_sort_noinco_4020_250100-seed8-30.3: iter=2, error-rate=30, num-dialogs=1000 ***
RESULTS:: 04:14:16: root                               EvaluationManager.py <_prstr>179 :  Results for domain: SFRestaurants --evaluated by: objective success evaluator
RESULTS:: 04:14:16: root                               EvaluationManager.py <_prstr>179 :  # of dialogues  = 1000
RESULTS:: 04:14:16: root                               EvaluationManager.py <_prstr>179 :  Average reward  = 2.30 +- 0.76
RESULTS:: 04:14:16: root                               EvaluationManager.py <_prstr>179 :  Average success = 72.30 +- 2.78
RESULTS:: 04:14:16: root                               EvaluationManager.py <_prstr>179 :  Average turns   = 12.16 +- 0.37
RESULTS:: 04:14:16: root                                   pydial.py <setEvalConfig>470 :  *** Evaluating env6-SFR-tau_nodrop_sort_noinco_4020_250100-seed8-30.3: error-rate=30 num-dialogs=500 ***
RESULTS:: 04:24:36: root                               EvaluationManager.py <_prstr>179 :  Results for domain: SFRestaurants --evaluated by: objective success evaluator
RESULTS:: 04:24:36: root                               EvaluationManager.py <_prstr>179 :  # of dialogues  = 500
RESULTS:: 04:24:36: root                               EvaluationManager.py <_prstr>179 :  Average reward  = 6.70 +- 0.90
RESULTS:: 04:24:36: root                               EvaluationManager.py <_prstr>179 :  Average success = 80.00 +- 3.51
RESULTS:: 04:24:36: root                               EvaluationManager.py <_prstr>179 :  Average turns   = 9.30 +- 0.40
RESULTS:: 04:24:36: root                                   pydial.py <train_command>791 :  List of domains: SFRestaurants
RESULTS:: 04:24:36: root                                      pydial.py <trainBatch>409 :  *** Training Iteration env6-SFR-tau_nodrop_sort_noinco_4020_250100-seed8-30.3->env6-SFR-tau_nodrop_sort_noinco_4020_250100-seed8-30.4: iter=3, error-rate=30, num-dialogs=1000 ***
RESULTS:: 04:52:39: root                               EvaluationManager.py <_prstr>179 :  Results for domain: SFRestaurants --evaluated by: objective success evaluator
RESULTS:: 04:52:39: root                               EvaluationManager.py <_prstr>179 :  # of dialogues  = 1000
RESULTS:: 04:52:39: root                               EvaluationManager.py <_prstr>179 :  Average reward  = 2.24 +- 0.74
RESULTS:: 04:52:39: root                               EvaluationManager.py <_prstr>179 :  Average success = 70.20 +- 2.84
RESULTS:: 04:52:39: root                               EvaluationManager.py <_prstr>179 :  Average turns   = 11.80 +- 0.35
RESULTS:: 04:52:39: root                                   pydial.py <setEvalConfig>470 :  *** Evaluating env6-SFR-tau_nodrop_sort_noinco_4020_250100-seed8-30.4: error-rate=30 num-dialogs=500 ***
RESULTS:: 05:03:04: root                               EvaluationManager.py <_prstr>179 :  Results for domain: SFRestaurants --evaluated by: objective success evaluator
RESULTS:: 05:03:04: root                               EvaluationManager.py <_prstr>179 :  # of dialogues  = 500
RESULTS:: 05:03:04: root                               EvaluationManager.py <_prstr>179 :  Average reward  = 6.83 +- 0.86
RESULTS:: 05:03:04: root                               EvaluationManager.py <_prstr>179 :  Average success = 79.40 +- 3.55
RESULTS:: 05:03:04: root                               EvaluationManager.py <_prstr>179 :  Average turns   = 9.05 +- 0.35
RESULTS:: 05:03:04: root                                   pydial.py <train_command>791 :  List of domains: SFRestaurants
RESULTS:: 05:03:04: root                                      pydial.py <trainBatch>409 :  *** Training Iteration env6-SFR-tau_nodrop_sort_noinco_4020_250100-seed8-30.4->env6-SFR-tau_nodrop_sort_noinco_4020_250100-seed8-30.5: iter=4, error-rate=30, num-dialogs=1000 ***
RESULTS:: 05:31:28: root                               EvaluationManager.py <_prstr>179 :  Results for domain: SFRestaurants --evaluated by: objective success evaluator
RESULTS:: 05:31:28: root                               EvaluationManager.py <_prstr>179 :  # of dialogues  = 1000
RESULTS:: 05:31:28: root                               EvaluationManager.py <_prstr>179 :  Average reward  = 4.03 +- 0.69
RESULTS:: 05:31:28: root                               EvaluationManager.py <_prstr>179 :  Average success = 80.20 +- 2.47
RESULTS:: 05:31:28: root                               EvaluationManager.py <_prstr>179 :  Average turns   = 12.01 +- 0.35
RESULTS:: 05:31:28: root                                   pydial.py <setEvalConfig>470 :  *** Evaluating env6-SFR-tau_nodrop_sort_noinco_4020_250100-seed8-30.5: error-rate=30 num-dialogs=500 ***
RESULTS:: 05:41:55: root                               EvaluationManager.py <_prstr>179 :  Results for domain: SFRestaurants --evaluated by: objective success evaluator
RESULTS:: 05:41:55: root                               EvaluationManager.py <_prstr>179 :  # of dialogues  = 500
RESULTS:: 05:41:55: root                               EvaluationManager.py <_prstr>179 :  Average reward  = 5.16 +- 0.97
RESULTS:: 05:41:55: root                               EvaluationManager.py <_prstr>179 :  Average success = 73.40 +- 3.88
RESULTS:: 05:41:55: root                               EvaluationManager.py <_prstr>179 :  Average turns   = 9.52 +- 0.38
RESULTS:: 05:41:55: root                                   pydial.py <train_command>791 :  List of domains: SFRestaurants
RESULTS:: 05:41:55: root                                      pydial.py <trainBatch>409 :  *** Training Iteration env6-SFR-tau_nodrop_sort_noinco_4020_250100-seed8-30.5->env6-SFR-tau_nodrop_sort_noinco_4020_250100-seed8-30.6: iter=5, error-rate=30, num-dialogs=1000 ***
RESULTS:: 06:10:18: root                               EvaluationManager.py <_prstr>179 :  Results for domain: SFRestaurants --evaluated by: objective success evaluator
RESULTS:: 06:10:18: root                               EvaluationManager.py <_prstr>179 :  # of dialogues  = 1000
RESULTS:: 06:10:18: root                               EvaluationManager.py <_prstr>179 :  Average reward  = 2.43 +- 0.78
RESULTS:: 06:10:18: root                               EvaluationManager.py <_prstr>179 :  Average success = 72.40 +- 2.77
RESULTS:: 06:10:18: root                               EvaluationManager.py <_prstr>179 :  Average turns   = 12.05 +- 0.36
RESULTS:: 06:10:18: root                                   pydial.py <setEvalConfig>470 :  *** Evaluating env6-SFR-tau_nodrop_sort_noinco_4020_250100-seed8-30.6: error-rate=30 num-dialogs=500 ***
RESULTS:: 06:21:15: root                               EvaluationManager.py <_prstr>179 :  Results for domain: SFRestaurants --evaluated by: objective success evaluator
RESULTS:: 06:21:15: root                               EvaluationManager.py <_prstr>179 :  # of dialogues  = 500
RESULTS:: 06:21:15: root                               EvaluationManager.py <_prstr>179 :  Average reward  = 5.32 +- 0.97
RESULTS:: 06:21:15: root                               EvaluationManager.py <_prstr>179 :  Average success = 76.60 +- 3.72
RESULTS:: 06:21:15: root                               EvaluationManager.py <_prstr>179 :  Average turns   = 10.00 +- 0.40
RESULTS:: 06:21:15: root                                   pydial.py <train_command>791 :  List of domains: SFRestaurants
RESULTS:: 06:21:15: root                                      pydial.py <trainBatch>409 :  *** Training Iteration env6-SFR-tau_nodrop_sort_noinco_4020_250100-seed8-30.6->env6-SFR-tau_nodrop_sort_noinco_4020_250100-seed8-30.7: iter=6, error-rate=30, num-dialogs=1000 ***
RESULTS:: 06:49:26: root                               EvaluationManager.py <_prstr>179 :  Results for domain: SFRestaurants --evaluated by: objective success evaluator
RESULTS:: 06:49:26: root                               EvaluationManager.py <_prstr>179 :  # of dialogues  = 1000
RESULTS:: 06:49:26: root                               EvaluationManager.py <_prstr>179 :  Average reward  = 3.08 +- 0.76
RESULTS:: 06:49:26: root                               EvaluationManager.py <_prstr>179 :  Average success = 74.40 +- 2.71
RESULTS:: 06:49:26: root                               EvaluationManager.py <_prstr>179 :  Average turns   = 11.80 +- 0.36
RESULTS:: 06:49:26: root                                   pydial.py <setEvalConfig>470 :  *** Evaluating env6-SFR-tau_nodrop_sort_noinco_4020_250100-seed8-30.7: error-rate=30 num-dialogs=500 ***
RESULTS:: 07:00:07: root                               EvaluationManager.py <_prstr>179 :  Results for domain: SFRestaurants --evaluated by: objective success evaluator
RESULTS:: 07:00:07: root                               EvaluationManager.py <_prstr>179 :  # of dialogues  = 500
RESULTS:: 07:00:07: root                               EvaluationManager.py <_prstr>179 :  Average reward  = 4.99 +- 0.95
RESULTS:: 07:00:07: root                               EvaluationManager.py <_prstr>179 :  Average success = 73.20 +- 3.89
RESULTS:: 07:00:07: root                               EvaluationManager.py <_prstr>179 :  Average turns   = 9.65 +- 0.39
RESULTS:: 07:00:07: root                                   pydial.py <train_command>791 :  List of domains: SFRestaurants
RESULTS:: 07:00:07: root                                      pydial.py <trainBatch>409 :  *** Training Iteration env6-SFR-tau_nodrop_sort_noinco_4020_250100-seed8-30.7->env6-SFR-tau_nodrop_sort_noinco_4020_250100-seed8-30.8: iter=7, error-rate=30, num-dialogs=1000 ***
RESULTS:: 07:28:06: root                               EvaluationManager.py <_prstr>179 :  Results for domain: SFRestaurants --evaluated by: objective success evaluator
RESULTS:: 07:28:06: root                               EvaluationManager.py <_prstr>179 :  # of dialogues  = 1000
RESULTS:: 07:28:06: root                               EvaluationManager.py <_prstr>179 :  Average reward  = 4.02 +- 0.70
RESULTS:: 07:28:06: root                               EvaluationManager.py <_prstr>179 :  Average success = 78.60 +- 2.55
RESULTS:: 07:28:06: root                               EvaluationManager.py <_prstr>179 :  Average turns   = 11.70 +- 0.34
RESULTS:: 07:28:06: root                                   pydial.py <setEvalConfig>470 :  *** Evaluating env6-SFR-tau_nodrop_sort_noinco_4020_250100-seed8-30.8: error-rate=30 num-dialogs=500 ***
RESULTS:: 07:38:47: root                               EvaluationManager.py <_prstr>179 :  Results for domain: SFRestaurants --evaluated by: objective success evaluator
RESULTS:: 07:38:47: root                               EvaluationManager.py <_prstr>179 :  # of dialogues  = 500
RESULTS:: 07:38:47: root                               EvaluationManager.py <_prstr>179 :  Average reward  = 4.94 +- 0.95
RESULTS:: 07:38:47: root                               EvaluationManager.py <_prstr>179 :  Average success = 71.60 +- 3.96
RESULTS:: 07:38:47: root                               EvaluationManager.py <_prstr>179 :  Average turns   = 9.38 +- 0.37
RESULTS:: 07:38:47: root                                   pydial.py <train_command>791 :  List of domains: SFRestaurants
RESULTS:: 07:38:47: root                                      pydial.py <trainBatch>409 :  *** Training Iteration env6-SFR-tau_nodrop_sort_noinco_4020_250100-seed8-30.8->env6-SFR-tau_nodrop_sort_noinco_4020_250100-seed8-30.9: iter=8, error-rate=30, num-dialogs=1000 ***
RESULTS:: 08:07:13: root                               EvaluationManager.py <_prstr>179 :  Results for domain: SFRestaurants --evaluated by: objective success evaluator
RESULTS:: 08:07:13: root                               EvaluationManager.py <_prstr>179 :  # of dialogues  = 1000
RESULTS:: 08:07:13: root                               EvaluationManager.py <_prstr>179 :  Average reward  = 3.65 +- 0.71
RESULTS:: 08:07:13: root                               EvaluationManager.py <_prstr>179 :  Average success = 76.50 +- 2.63
RESULTS:: 08:07:13: root                               EvaluationManager.py <_prstr>179 :  Average turns   = 11.65 +- 0.34
RESULTS:: 08:07:13: root                                   pydial.py <setEvalConfig>470 :  *** Evaluating env6-SFR-tau_nodrop_sort_noinco_4020_250100-seed8-30.9: error-rate=30 num-dialogs=500 ***
RESULTS:: 08:17:58: root                               EvaluationManager.py <_prstr>179 :  Results for domain: SFRestaurants --evaluated by: objective success evaluator
RESULTS:: 08:17:58: root                               EvaluationManager.py <_prstr>179 :  # of dialogues  = 500
RESULTS:: 08:17:58: root                               EvaluationManager.py <_prstr>179 :  Average reward  = 2.95 +- 0.99
RESULTS:: 08:17:58: root                               EvaluationManager.py <_prstr>179 :  Average success = 62.40 +- 4.26
RESULTS:: 08:17:58: root                               EvaluationManager.py <_prstr>179 :  Average turns   = 9.53 +- 0.37
RESULTS:: 08:17:58: root                                   pydial.py <train_command>791 :  List of domains: SFRestaurants
RESULTS:: 08:17:58: root                                      pydial.py <trainBatch>409 :  *** Training Iteration env6-SFR-tau_nodrop_sort_noinco_4020_250100-seed8-30.9->env6-SFR-tau_nodrop_sort_noinco_4020_250100-seed8-30.10: iter=9, error-rate=30, num-dialogs=1000 ***
RESULTS:: 08:46:41: root                               EvaluationManager.py <_prstr>179 :  Results for domain: SFRestaurants --evaluated by: objective success evaluator
RESULTS:: 08:46:41: root                               EvaluationManager.py <_prstr>179 :  # of dialogues  = 1000
RESULTS:: 08:46:41: root                               EvaluationManager.py <_prstr>179 :  Average reward  = 3.11 +- 0.75
RESULTS:: 08:46:41: root                               EvaluationManager.py <_prstr>179 :  Average success = 74.90 +- 2.69
RESULTS:: 08:46:41: root                               EvaluationManager.py <_prstr>179 :  Average turns   = 11.87 +- 0.37
RESULTS:: 08:46:41: root                                   pydial.py <setEvalConfig>470 :  *** Evaluating env6-SFR-tau_nodrop_sort_noinco_4020_250100-seed8-30.10: error-rate=30 num-dialogs=500 ***
RESULTS:: 08:56:46: root                               EvaluationManager.py <_prstr>179 :  Results for domain: SFRestaurants --evaluated by: objective success evaluator
RESULTS:: 08:56:46: root                               EvaluationManager.py <_prstr>179 :  # of dialogues  = 500
RESULTS:: 08:56:46: root                               EvaluationManager.py <_prstr>179 :  Average reward  = 4.53 +- 1.02
RESULTS:: 08:56:46: root                               EvaluationManager.py <_prstr>179 :  Average success = 69.80 +- 4.03
RESULTS:: 08:56:46: root                               EvaluationManager.py <_prstr>179 :  Average turns   = 9.43 +- 0.37
RESULTS:: 08:56:46: root                                   pydial.py <train_command>807 :  *** Training complete. log: env6-SFR-tau_nodrop_sort_noinco_4020_250100-seed8-30.1-10.train.log - final policy is env6-SFR-tau_nodrop_sort_noinco_4020_250100-30-10
