RESULTS:: 15:55:12: root                                   pydial.py <train_command>791 :  List of domains: Laptops11
RESULTS:: 15:55:12: root                                      pydial.py <trainBatch>409 :  *** Training Iteration env1-LAP-tau_sort_noinco_4020_0100_250100_0200-seed6-00.0->env1-LAP-tau_sort_noinco_4020_0100_250100_0200-seed6-00.1: iter=0, error-rate=0, num-dialogs=1000 ***
RESULTS:: 16:18:44: root                               EvaluationManager.py <_prstr>179 :  Results for domain: Laptops11 --evaluated by: objective success evaluator
RESULTS:: 16:18:44: root                               EvaluationManager.py <_prstr>179 :  # of dialogues  = 1000
RESULTS:: 16:18:44: root                               EvaluationManager.py <_prstr>179 :  Average reward  = 6.38 +- 0.65
RESULTS:: 16:18:44: root                               EvaluationManager.py <_prstr>179 :  Average success = 77.90 +- 2.57
RESULTS:: 16:18:44: root                               EvaluationManager.py <_prstr>179 :  Average turns   = 9.20 +- 0.28
RESULTS:: 16:18:44: root                                   pydial.py <setEvalConfig>470 :  *** Evaluating env1-LAP-tau_sort_noinco_4020_0100_250100_0200-seed6-00.1: error-rate=0 num-dialogs=500 ***
RESULTS:: 16:28:23: root                               EvaluationManager.py <_prstr>179 :  Results for domain: Laptops11 --evaluated by: objective success evaluator
RESULTS:: 16:28:23: root                               EvaluationManager.py <_prstr>179 :  # of dialogues  = 500
RESULTS:: 16:28:23: root                               EvaluationManager.py <_prstr>179 :  Average reward  = 11.25 +- 0.56
RESULTS:: 16:28:23: root                               EvaluationManager.py <_prstr>179 :  Average success = 93.80 +- 2.12
RESULTS:: 16:28:23: root                               EvaluationManager.py <_prstr>179 :  Average turns   = 7.51 +- 0.29
RESULTS:: 16:28:23: root                                   pydial.py <train_command>791 :  List of domains: Laptops11
RESULTS:: 16:28:23: root                                      pydial.py <trainBatch>409 :  *** Training Iteration env1-LAP-tau_sort_noinco_4020_0100_250100_0200-seed6-00.1->env1-LAP-tau_sort_noinco_4020_0100_250100_0200-seed6-00.2: iter=1, error-rate=0, num-dialogs=1000 ***
RESULTS:: 17:19:46: root                               EvaluationManager.py <_prstr>179 :  Results for domain: Laptops11 --evaluated by: objective success evaluator
RESULTS:: 17:19:46: root                               EvaluationManager.py <_prstr>179 :  # of dialogues  = 1000
RESULTS:: 17:19:46: root                               EvaluationManager.py <_prstr>179 :  Average reward  = 9.66 +- 0.50
RESULTS:: 17:19:46: root                               EvaluationManager.py <_prstr>179 :  Average success = 92.40 +- 1.64
RESULTS:: 17:19:46: root                               EvaluationManager.py <_prstr>179 :  Average turns   = 8.82 +- 0.27
RESULTS:: 17:19:46: root                                   pydial.py <setEvalConfig>470 :  *** Evaluating env1-LAP-tau_sort_noinco_4020_0100_250100_0200-seed6-00.2: error-rate=0 num-dialogs=500 ***
RESULTS:: 17:28:41: root                               EvaluationManager.py <_prstr>179 :  Results for domain: Laptops11 --evaluated by: objective success evaluator
RESULTS:: 17:28:41: root                               EvaluationManager.py <_prstr>179 :  # of dialogues  = 500
RESULTS:: 17:28:41: root                               EvaluationManager.py <_prstr>179 :  Average reward  = 11.66 +- 0.56
RESULTS:: 17:28:41: root                               EvaluationManager.py <_prstr>179 :  Average success = 94.60 +- 1.99
RESULTS:: 17:28:41: root                               EvaluationManager.py <_prstr>179 :  Average turns   = 7.26 +- 0.29
RESULTS:: 17:28:41: root                                   pydial.py <train_command>791 :  List of domains: Laptops11
RESULTS:: 17:28:41: root                                      pydial.py <trainBatch>409 :  *** Training Iteration env1-LAP-tau_sort_noinco_4020_0100_250100_0200-seed6-00.2->env1-LAP-tau_sort_noinco_4020_0100_250100_0200-seed6-00.3: iter=2, error-rate=0, num-dialogs=1000 ***
RESULTS:: 17:52:54: root                               EvaluationManager.py <_prstr>179 :  Results for domain: Laptops11 --evaluated by: objective success evaluator
RESULTS:: 17:52:54: root                               EvaluationManager.py <_prstr>179 :  # of dialogues  = 1000
RESULTS:: 17:52:54: root                               EvaluationManager.py <_prstr>179 :  Average reward  = 9.53 +- 0.47
RESULTS:: 17:52:54: root                               EvaluationManager.py <_prstr>179 :  Average success = 93.40 +- 1.54
RESULTS:: 17:52:54: root                               EvaluationManager.py <_prstr>179 :  Average turns   = 9.15 +- 0.28
RESULTS:: 17:52:54: root                                   pydial.py <setEvalConfig>470 :  *** Evaluating env1-LAP-tau_sort_noinco_4020_0100_250100_0200-seed6-00.3: error-rate=0 num-dialogs=500 ***
RESULTS:: 18:01:16: root                               EvaluationManager.py <_prstr>179 :  Results for domain: Laptops11 --evaluated by: objective success evaluator
RESULTS:: 18:01:16: root                               EvaluationManager.py <_prstr>179 :  # of dialogues  = 500
RESULTS:: 18:01:16: root                               EvaluationManager.py <_prstr>179 :  Average reward  = 11.23 +- 0.59
RESULTS:: 18:01:16: root                               EvaluationManager.py <_prstr>179 :  Average success = 90.40 +- 2.59
RESULTS:: 18:01:16: root                               EvaluationManager.py <_prstr>179 :  Average turns   = 6.85 +- 0.21
RESULTS:: 18:01:16: root                                   pydial.py <train_command>791 :  List of domains: Laptops11
RESULTS:: 18:01:16: root                                      pydial.py <trainBatch>409 :  *** Training Iteration env1-LAP-tau_sort_noinco_4020_0100_250100_0200-seed6-00.3->env1-LAP-tau_sort_noinco_4020_0100_250100_0200-seed6-00.4: iter=3, error-rate=0, num-dialogs=1000 ***
RESULTS:: 18:25:05: root                               EvaluationManager.py <_prstr>179 :  Results for domain: Laptops11 --evaluated by: objective success evaluator
RESULTS:: 18:25:05: root                               EvaluationManager.py <_prstr>179 :  # of dialogues  = 1000
RESULTS:: 18:25:05: root                               EvaluationManager.py <_prstr>179 :  Average reward  = 9.89 +- 0.47
RESULTS:: 18:25:05: root                               EvaluationManager.py <_prstr>179 :  Average success = 94.30 +- 1.44
RESULTS:: 18:25:05: root                               EvaluationManager.py <_prstr>179 :  Average turns   = 8.97 +- 0.28
RESULTS:: 18:25:05: root                                   pydial.py <setEvalConfig>470 :  *** Evaluating env1-LAP-tau_sort_noinco_4020_0100_250100_0200-seed6-00.4: error-rate=0 num-dialogs=500 ***
RESULTS:: 18:34:00: root                               EvaluationManager.py <_prstr>179 :  Results for domain: Laptops11 --evaluated by: objective success evaluator
RESULTS:: 18:34:00: root                               EvaluationManager.py <_prstr>179 :  # of dialogues  = 500
RESULTS:: 18:34:00: root                               EvaluationManager.py <_prstr>179 :  Average reward  = 11.98 +- 0.43
RESULTS:: 18:34:00: root                               EvaluationManager.py <_prstr>179 :  Average success = 97.60 +- 1.34
RESULTS:: 18:34:00: root                               EvaluationManager.py <_prstr>179 :  Average turns   = 7.54 +- 0.28
RESULTS:: 18:34:00: root                                   pydial.py <train_command>791 :  List of domains: Laptops11
RESULTS:: 18:34:00: root                                      pydial.py <trainBatch>409 :  *** Training Iteration env1-LAP-tau_sort_noinco_4020_0100_250100_0200-seed6-00.4->env1-LAP-tau_sort_noinco_4020_0100_250100_0200-seed6-00.5: iter=4, error-rate=0, num-dialogs=1000 ***
RESULTS:: 18:57:08: root                               EvaluationManager.py <_prstr>179 :  Results for domain: Laptops11 --evaluated by: objective success evaluator
RESULTS:: 18:57:08: root                               EvaluationManager.py <_prstr>179 :  # of dialogues  = 1000
RESULTS:: 18:57:08: root                               EvaluationManager.py <_prstr>179 :  Average reward  = 9.01 +- 0.53
RESULTS:: 18:57:08: root                               EvaluationManager.py <_prstr>179 :  Average success = 90.60 +- 1.81
RESULTS:: 18:57:08: root                               EvaluationManager.py <_prstr>179 :  Average turns   = 9.12 +- 0.27
RESULTS:: 18:57:08: root                                   pydial.py <setEvalConfig>470 :  *** Evaluating env1-LAP-tau_sort_noinco_4020_0100_250100_0200-seed6-00.5: error-rate=0 num-dialogs=500 ***
RESULTS:: 19:06:02: root                               EvaluationManager.py <_prstr>179 :  Results for domain: Laptops11 --evaluated by: objective success evaluator
RESULTS:: 19:06:02: root                               EvaluationManager.py <_prstr>179 :  # of dialogues  = 500
RESULTS:: 19:06:02: root                               EvaluationManager.py <_prstr>179 :  Average reward  = 11.89 +- 0.43
RESULTS:: 19:06:02: root                               EvaluationManager.py <_prstr>179 :  Average success = 97.20 +- 1.45
RESULTS:: 19:06:02: root                               EvaluationManager.py <_prstr>179 :  Average turns   = 7.55 +- 0.26
RESULTS:: 19:06:02: root                                   pydial.py <train_command>791 :  List of domains: Laptops11
RESULTS:: 19:06:02: root                                      pydial.py <trainBatch>409 :  *** Training Iteration env1-LAP-tau_sort_noinco_4020_0100_250100_0200-seed6-00.5->env1-LAP-tau_sort_noinco_4020_0100_250100_0200-seed6-00.6: iter=5, error-rate=0, num-dialogs=1000 ***
RESULTS:: 19:28:05: root                               EvaluationManager.py <_prstr>179 :  Results for domain: Laptops11 --evaluated by: objective success evaluator
RESULTS:: 19:28:05: root                               EvaluationManager.py <_prstr>179 :  # of dialogues  = 1000
RESULTS:: 19:28:05: root                               EvaluationManager.py <_prstr>179 :  Average reward  = 10.15 +- 0.46
RESULTS:: 19:28:05: root                               EvaluationManager.py <_prstr>179 :  Average success = 94.20 +- 1.45
RESULTS:: 19:28:05: root                               EvaluationManager.py <_prstr>179 :  Average turns   = 8.69 +- 0.26
RESULTS:: 19:28:05: root                                   pydial.py <setEvalConfig>470 :  *** Evaluating env1-LAP-tau_sort_noinco_4020_0100_250100_0200-seed6-00.6: error-rate=0 num-dialogs=500 ***
RESULTS:: 19:37:08: root                               EvaluationManager.py <_prstr>179 :  Results for domain: Laptops11 --evaluated by: objective success evaluator
RESULTS:: 19:37:08: root                               EvaluationManager.py <_prstr>179 :  # of dialogues  = 500
RESULTS:: 19:37:08: root                               EvaluationManager.py <_prstr>179 :  Average reward  = 9.79 +- 0.67
RESULTS:: 19:37:08: root                               EvaluationManager.py <_prstr>179 :  Average success = 87.40 +- 2.92
RESULTS:: 19:37:08: root                               EvaluationManager.py <_prstr>179 :  Average turns   = 7.69 +- 0.29
RESULTS:: 19:37:08: root                                   pydial.py <train_command>791 :  List of domains: Laptops11
RESULTS:: 19:37:08: root                                      pydial.py <trainBatch>409 :  *** Training Iteration env1-LAP-tau_sort_noinco_4020_0100_250100_0200-seed6-00.6->env1-LAP-tau_sort_noinco_4020_0100_250100_0200-seed6-00.7: iter=6, error-rate=0, num-dialogs=1000 ***
RESULTS:: 19:59:42: root                               EvaluationManager.py <_prstr>179 :  Results for domain: Laptops11 --evaluated by: objective success evaluator
RESULTS:: 19:59:42: root                               EvaluationManager.py <_prstr>179 :  # of dialogues  = 1000
RESULTS:: 19:59:42: root                               EvaluationManager.py <_prstr>179 :  Average reward  = 9.92 +- 0.45
RESULTS:: 19:59:42: root                               EvaluationManager.py <_prstr>179 :  Average success = 94.30 +- 1.44
RESULTS:: 19:59:42: root                               EvaluationManager.py <_prstr>179 :  Average turns   = 8.94 +- 0.27
RESULTS:: 19:59:42: root                                   pydial.py <setEvalConfig>470 :  *** Evaluating env1-LAP-tau_sort_noinco_4020_0100_250100_0200-seed6-00.7: error-rate=0 num-dialogs=500 ***
RESULTS:: 20:08:17: root                               EvaluationManager.py <_prstr>179 :  Results for domain: Laptops11 --evaluated by: objective success evaluator
RESULTS:: 20:08:17: root                               EvaluationManager.py <_prstr>179 :  # of dialogues  = 500
RESULTS:: 20:08:17: root                               EvaluationManager.py <_prstr>179 :  Average reward  = 11.61 +- 0.53
RESULTS:: 20:08:17: root                               EvaluationManager.py <_prstr>179 :  Average success = 93.80 +- 2.12
RESULTS:: 20:08:17: root                               EvaluationManager.py <_prstr>179 :  Average turns   = 7.15 +- 0.23
RESULTS:: 20:08:17: root                                   pydial.py <train_command>791 :  List of domains: Laptops11
RESULTS:: 20:08:17: root                                      pydial.py <trainBatch>409 :  *** Training Iteration env1-LAP-tau_sort_noinco_4020_0100_250100_0200-seed6-00.7->env1-LAP-tau_sort_noinco_4020_0100_250100_0200-seed6-00.8: iter=7, error-rate=0, num-dialogs=1000 ***
RESULTS:: 20:31:06: root                               EvaluationManager.py <_prstr>179 :  Results for domain: Laptops11 --evaluated by: objective success evaluator
RESULTS:: 20:31:06: root                               EvaluationManager.py <_prstr>179 :  # of dialogues  = 1000
RESULTS:: 20:31:06: root                               EvaluationManager.py <_prstr>179 :  Average reward  = 10.04 +- 0.44
RESULTS:: 20:31:06: root                               EvaluationManager.py <_prstr>179 :  Average success = 95.60 +- 1.27
RESULTS:: 20:31:06: root                               EvaluationManager.py <_prstr>179 :  Average turns   = 9.08 +- 0.28
RESULTS:: 20:31:06: root                                   pydial.py <setEvalConfig>470 :  *** Evaluating env1-LAP-tau_sort_noinco_4020_0100_250100_0200-seed6-00.8: error-rate=0 num-dialogs=500 ***
RESULTS:: 20:40:08: root                               EvaluationManager.py <_prstr>179 :  Results for domain: Laptops11 --evaluated by: objective success evaluator
RESULTS:: 20:40:08: root                               EvaluationManager.py <_prstr>179 :  # of dialogues  = 500
RESULTS:: 20:40:08: root                               EvaluationManager.py <_prstr>179 :  Average reward  = 12.05 +- 0.45
RESULTS:: 20:40:08: root                               EvaluationManager.py <_prstr>179 :  Average success = 97.80 +- 1.29
RESULTS:: 20:40:08: root                               EvaluationManager.py <_prstr>179 :  Average turns   = 7.51 +- 0.29
RESULTS:: 20:40:08: root                                   pydial.py <train_command>791 :  List of domains: Laptops11
RESULTS:: 20:40:08: root                                      pydial.py <trainBatch>409 :  *** Training Iteration env1-LAP-tau_sort_noinco_4020_0100_250100_0200-seed6-00.8->env1-LAP-tau_sort_noinco_4020_0100_250100_0200-seed6-00.9: iter=8, error-rate=0, num-dialogs=1000 ***
RESULTS:: 21:02:20: root                               EvaluationManager.py <_prstr>179 :  Results for domain: Laptops11 --evaluated by: objective success evaluator
RESULTS:: 21:02:20: root                               EvaluationManager.py <_prstr>179 :  # of dialogues  = 1000
RESULTS:: 21:02:20: root                               EvaluationManager.py <_prstr>179 :  Average reward  = 10.30 +- 0.42
RESULTS:: 21:02:20: root                               EvaluationManager.py <_prstr>179 :  Average success = 94.50 +- 1.41
RESULTS:: 21:02:20: root                               EvaluationManager.py <_prstr>179 :  Average turns   = 8.60 +- 0.25
RESULTS:: 21:02:20: root                                   pydial.py <setEvalConfig>470 :  *** Evaluating env1-LAP-tau_sort_noinco_4020_0100_250100_0200-seed6-00.9: error-rate=0 num-dialogs=500 ***
RESULTS:: 21:11:32: root                               EvaluationManager.py <_prstr>179 :  Results for domain: Laptops11 --evaluated by: objective success evaluator
RESULTS:: 21:11:32: root                               EvaluationManager.py <_prstr>179 :  # of dialogues  = 500
RESULTS:: 21:11:32: root                               EvaluationManager.py <_prstr>179 :  Average reward  = 9.62 +- 0.70
RESULTS:: 21:11:32: root                               EvaluationManager.py <_prstr>179 :  Average success = 84.20 +- 3.20
RESULTS:: 21:11:32: root                               EvaluationManager.py <_prstr>179 :  Average turns   = 7.22 +- 0.23
RESULTS:: 21:11:32: root                                   pydial.py <train_command>791 :  List of domains: Laptops11
RESULTS:: 21:11:32: root                                      pydial.py <trainBatch>409 :  *** Training Iteration env1-LAP-tau_sort_noinco_4020_0100_250100_0200-seed6-00.9->env1-LAP-tau_sort_noinco_4020_0100_250100_0200-seed6-00.10: iter=9, error-rate=0, num-dialogs=1000 ***
RESULTS:: 21:33:26: root                               EvaluationManager.py <_prstr>179 :  Results for domain: Laptops11 --evaluated by: objective success evaluator
RESULTS:: 21:33:26: root                               EvaluationManager.py <_prstr>179 :  # of dialogues  = 1000
RESULTS:: 21:33:26: root                               EvaluationManager.py <_prstr>179 :  Average reward  = 8.42 +- 0.50
RESULTS:: 21:33:26: root                               EvaluationManager.py <_prstr>179 :  Average success = 85.50 +- 2.18
RESULTS:: 21:33:26: root                               EvaluationManager.py <_prstr>179 :  Average turns   = 8.68 +- 0.22
RESULTS:: 21:33:26: root                                   pydial.py <setEvalConfig>470 :  *** Evaluating env1-LAP-tau_sort_noinco_4020_0100_250100_0200-seed6-00.10: error-rate=0 num-dialogs=500 ***
RESULTS:: 21:40:50: root                               EvaluationManager.py <_prstr>179 :  Results for domain: Laptops11 --evaluated by: objective success evaluator
RESULTS:: 21:40:50: root                               EvaluationManager.py <_prstr>179 :  # of dialogues  = 500
RESULTS:: 21:40:50: root                               EvaluationManager.py <_prstr>179 :  Average reward  = 3.26 +- 0.91
RESULTS:: 21:40:50: root                               EvaluationManager.py <_prstr>179 :  Average success = 47.80 +- 4.39
RESULTS:: 21:40:50: root                               EvaluationManager.py <_prstr>179 :  Average turns   = 6.30 +- 0.14
RESULTS:: 21:40:50: root                                   pydial.py <train_command>807 :  *** Training complete. log: env1-LAP-tau_sort_noinco_4020_0100_250100_0200-seed6-00.1-10.train.log - final policy is env1-LAP-tau_sort_noinco_4020_0100_250100_0200-00-10
