RESULTS:: 15:55:03: root                                   pydial.py <train_command>791 :  List of domains: Laptops11
RESULTS:: 15:55:03: root                                      pydial.py <trainBatch>409 :  *** Training Iteration env1-LAP-tau_sort_noinco_4020_0100_250100_0200-seed3-00.0->env1-LAP-tau_sort_noinco_4020_0100_250100_0200-seed3-00.1: iter=0, error-rate=0, num-dialogs=1000 ***
RESULTS:: 16:19:05: root                               EvaluationManager.py <_prstr>179 :  Results for domain: Laptops11 --evaluated by: objective success evaluator
RESULTS:: 16:19:05: root                               EvaluationManager.py <_prstr>179 :  # of dialogues  = 1000
RESULTS:: 16:19:05: root                               EvaluationManager.py <_prstr>179 :  Average reward  = 7.11 +- 0.63
RESULTS:: 16:19:05: root                               EvaluationManager.py <_prstr>179 :  Average success = 82.40 +- 2.36
RESULTS:: 16:19:05: root                               EvaluationManager.py <_prstr>179 :  Average turns   = 9.37 +- 0.30
RESULTS:: 16:19:05: root                                   pydial.py <setEvalConfig>470 :  *** Evaluating env1-LAP-tau_sort_noinco_4020_0100_250100_0200-seed3-00.1: error-rate=0 num-dialogs=500 ***
RESULTS:: 16:28:06: root                               EvaluationManager.py <_prstr>179 :  Results for domain: Laptops11 --evaluated by: objective success evaluator
RESULTS:: 16:28:06: root                               EvaluationManager.py <_prstr>179 :  # of dialogues  = 500
RESULTS:: 16:28:06: root                               EvaluationManager.py <_prstr>179 :  Average reward  = 10.72 +- 0.62
RESULTS:: 16:28:06: root                               EvaluationManager.py <_prstr>179 :  Average success = 89.20 +- 2.73
RESULTS:: 16:28:06: root                               EvaluationManager.py <_prstr>179 :  Average turns   = 7.12 +- 0.21
RESULTS:: 16:28:06: root                                   pydial.py <train_command>791 :  List of domains: Laptops11
RESULTS:: 16:28:06: root                                      pydial.py <trainBatch>409 :  *** Training Iteration env1-LAP-tau_sort_noinco_4020_0100_250100_0200-seed3-00.1->env1-LAP-tau_sort_noinco_4020_0100_250100_0200-seed3-00.2: iter=1, error-rate=0, num-dialogs=1000 ***
RESULTS:: 17:19:31: root                               EvaluationManager.py <_prstr>179 :  Results for domain: Laptops11 --evaluated by: objective success evaluator
RESULTS:: 17:19:31: root                               EvaluationManager.py <_prstr>179 :  # of dialogues  = 1000
RESULTS:: 17:19:31: root                               EvaluationManager.py <_prstr>179 :  Average reward  = 9.53 +- 0.48
RESULTS:: 17:19:31: root                               EvaluationManager.py <_prstr>179 :  Average success = 91.60 +- 1.72
RESULTS:: 17:19:31: root                               EvaluationManager.py <_prstr>179 :  Average turns   = 8.79 +- 0.26
RESULTS:: 17:19:31: root                                   pydial.py <setEvalConfig>470 :  *** Evaluating env1-LAP-tau_sort_noinco_4020_0100_250100_0200-seed3-00.2: error-rate=0 num-dialogs=500 ***
RESULTS:: 17:28:29: root                               EvaluationManager.py <_prstr>179 :  Results for domain: Laptops11 --evaluated by: objective success evaluator
RESULTS:: 17:28:29: root                               EvaluationManager.py <_prstr>179 :  # of dialogues  = 500
RESULTS:: 17:28:29: root                               EvaluationManager.py <_prstr>179 :  Average reward  = 11.00 +- 0.58
RESULTS:: 17:28:29: root                               EvaluationManager.py <_prstr>179 :  Average success = 91.40 +- 2.46
RESULTS:: 17:28:29: root                               EvaluationManager.py <_prstr>179 :  Average turns   = 7.28 +- 0.24
RESULTS:: 17:28:29: root                                   pydial.py <train_command>791 :  List of domains: Laptops11
RESULTS:: 17:28:29: root                                      pydial.py <trainBatch>409 :  *** Training Iteration env1-LAP-tau_sort_noinco_4020_0100_250100_0200-seed3-00.2->env1-LAP-tau_sort_noinco_4020_0100_250100_0200-seed3-00.3: iter=2, error-rate=0, num-dialogs=1000 ***
RESULTS:: 17:51:23: root                               EvaluationManager.py <_prstr>179 :  Results for domain: Laptops11 --evaluated by: objective success evaluator
RESULTS:: 17:51:23: root                               EvaluationManager.py <_prstr>179 :  # of dialogues  = 1000
RESULTS:: 17:51:23: root                               EvaluationManager.py <_prstr>179 :  Average reward  = 9.40 +- 0.48
RESULTS:: 17:51:23: root                               EvaluationManager.py <_prstr>179 :  Average success = 89.60 +- 1.89
RESULTS:: 17:51:23: root                               EvaluationManager.py <_prstr>179 :  Average turns   = 8.52 +- 0.23
RESULTS:: 17:51:23: root                                   pydial.py <setEvalConfig>470 :  *** Evaluating env1-LAP-tau_sort_noinco_4020_0100_250100_0200-seed3-00.3: error-rate=0 num-dialogs=500 ***
RESULTS:: 18:00:46: root                               EvaluationManager.py <_prstr>179 :  Results for domain: Laptops11 --evaluated by: objective success evaluator
RESULTS:: 18:00:46: root                               EvaluationManager.py <_prstr>179 :  # of dialogues  = 500
RESULTS:: 18:00:46: root                               EvaluationManager.py <_prstr>179 :  Average reward  = 9.52 +- 0.71
RESULTS:: 18:00:46: root                               EvaluationManager.py <_prstr>179 :  Average success = 85.60 +- 3.08
RESULTS:: 18:00:46: root                               EvaluationManager.py <_prstr>179 :  Average turns   = 7.60 +- 0.28
RESULTS:: 18:00:46: root                                   pydial.py <train_command>791 :  List of domains: Laptops11
RESULTS:: 18:00:46: root                                      pydial.py <trainBatch>409 :  *** Training Iteration env1-LAP-tau_sort_noinco_4020_0100_250100_0200-seed3-00.3->env1-LAP-tau_sort_noinco_4020_0100_250100_0200-seed3-00.4: iter=3, error-rate=0, num-dialogs=1000 ***
RESULTS:: 18:24:39: root                               EvaluationManager.py <_prstr>179 :  Results for domain: Laptops11 --evaluated by: objective success evaluator
RESULTS:: 18:24:39: root                               EvaluationManager.py <_prstr>179 :  # of dialogues  = 1000
RESULTS:: 18:24:39: root                               EvaluationManager.py <_prstr>179 :  Average reward  = 9.36 +- 0.51
RESULTS:: 18:24:39: root                               EvaluationManager.py <_prstr>179 :  Average success = 91.40 +- 1.74
RESULTS:: 18:24:39: root                               EvaluationManager.py <_prstr>179 :  Average turns   = 8.92 +- 0.27
RESULTS:: 18:24:39: root                                   pydial.py <setEvalConfig>470 :  *** Evaluating env1-LAP-tau_sort_noinco_4020_0100_250100_0200-seed3-00.4: error-rate=0 num-dialogs=500 ***
RESULTS:: 18:33:54: root                               EvaluationManager.py <_prstr>179 :  Results for domain: Laptops11 --evaluated by: objective success evaluator
RESULTS:: 18:33:54: root                               EvaluationManager.py <_prstr>179 :  # of dialogues  = 500
RESULTS:: 18:33:54: root                               EvaluationManager.py <_prstr>179 :  Average reward  = 10.98 +- 0.64
RESULTS:: 18:33:54: root                               EvaluationManager.py <_prstr>179 :  Average success = 93.60 +- 2.15
RESULTS:: 18:33:54: root                               EvaluationManager.py <_prstr>179 :  Average turns   = 7.74 +- 0.32
RESULTS:: 18:33:54: root                                   pydial.py <train_command>791 :  List of domains: Laptops11
RESULTS:: 18:33:54: root                                      pydial.py <trainBatch>409 :  *** Training Iteration env1-LAP-tau_sort_noinco_4020_0100_250100_0200-seed3-00.4->env1-LAP-tau_sort_noinco_4020_0100_250100_0200-seed3-00.5: iter=4, error-rate=0, num-dialogs=1000 ***
RESULTS:: 18:57:03: root                               EvaluationManager.py <_prstr>179 :  Results for domain: Laptops11 --evaluated by: objective success evaluator
RESULTS:: 18:57:03: root                               EvaluationManager.py <_prstr>179 :  # of dialogues  = 1000
RESULTS:: 18:57:03: root                               EvaluationManager.py <_prstr>179 :  Average reward  = 9.36 +- 0.53
RESULTS:: 18:57:03: root                               EvaluationManager.py <_prstr>179 :  Average success = 91.70 +- 1.71
RESULTS:: 18:57:03: root                               EvaluationManager.py <_prstr>179 :  Average turns   = 8.98 +- 0.28
RESULTS:: 18:57:03: root                                   pydial.py <setEvalConfig>470 :  *** Evaluating env1-LAP-tau_sort_noinco_4020_0100_250100_0200-seed3-00.5: error-rate=0 num-dialogs=500 ***
RESULTS:: 19:06:05: root                               EvaluationManager.py <_prstr>179 :  Results for domain: Laptops11 --evaluated by: objective success evaluator
RESULTS:: 19:06:05: root                               EvaluationManager.py <_prstr>179 :  # of dialogues  = 500
RESULTS:: 19:06:05: root                               EvaluationManager.py <_prstr>179 :  Average reward  = 12.02 +- 0.46
RESULTS:: 19:06:05: root                               EvaluationManager.py <_prstr>179 :  Average success = 97.20 +- 1.45
RESULTS:: 19:06:05: root                               EvaluationManager.py <_prstr>179 :  Average turns   = 7.42 +- 0.28
RESULTS:: 19:06:05: root                                   pydial.py <train_command>791 :  List of domains: Laptops11
RESULTS:: 19:06:05: root                                      pydial.py <trainBatch>409 :  *** Training Iteration env1-LAP-tau_sort_noinco_4020_0100_250100_0200-seed3-00.5->env1-LAP-tau_sort_noinco_4020_0100_250100_0200-seed3-00.6: iter=5, error-rate=0, num-dialogs=1000 ***
RESULTS:: 19:28:34: root                               EvaluationManager.py <_prstr>179 :  Results for domain: Laptops11 --evaluated by: objective success evaluator
RESULTS:: 19:28:34: root                               EvaluationManager.py <_prstr>179 :  # of dialogues  = 1000
RESULTS:: 19:28:34: root                               EvaluationManager.py <_prstr>179 :  Average reward  = 8.97 +- 0.52
RESULTS:: 19:28:34: root                               EvaluationManager.py <_prstr>179 :  Average success = 89.00 +- 1.94
RESULTS:: 19:28:34: root                               EvaluationManager.py <_prstr>179 :  Average turns   = 8.83 +- 0.26
RESULTS:: 19:28:34: root                                   pydial.py <setEvalConfig>470 :  *** Evaluating env1-LAP-tau_sort_noinco_4020_0100_250100_0200-seed3-00.6: error-rate=0 num-dialogs=500 ***
RESULTS:: 19:37:24: root                               EvaluationManager.py <_prstr>179 :  Results for domain: Laptops11 --evaluated by: objective success evaluator
RESULTS:: 19:37:24: root                               EvaluationManager.py <_prstr>179 :  # of dialogues  = 500
RESULTS:: 19:37:24: root                               EvaluationManager.py <_prstr>179 :  Average reward  = 10.47 +- 0.61
RESULTS:: 19:37:24: root                               EvaluationManager.py <_prstr>179 :  Average success = 89.40 +- 2.70
RESULTS:: 19:37:24: root                               EvaluationManager.py <_prstr>179 :  Average turns   = 7.41 +- 0.22
RESULTS:: 19:37:24: root                                   pydial.py <train_command>791 :  List of domains: Laptops11
RESULTS:: 19:37:24: root                                      pydial.py <trainBatch>409 :  *** Training Iteration env1-LAP-tau_sort_noinco_4020_0100_250100_0200-seed3-00.6->env1-LAP-tau_sort_noinco_4020_0100_250100_0200-seed3-00.7: iter=6, error-rate=0, num-dialogs=1000 ***
RESULTS:: 20:00:38: root                               EvaluationManager.py <_prstr>179 :  Results for domain: Laptops11 --evaluated by: objective success evaluator
RESULTS:: 20:00:38: root                               EvaluationManager.py <_prstr>179 :  # of dialogues  = 1000
RESULTS:: 20:00:38: root                               EvaluationManager.py <_prstr>179 :  Average reward  = 9.51 +- 0.49
RESULTS:: 20:00:38: root                               EvaluationManager.py <_prstr>179 :  Average success = 93.20 +- 1.56
RESULTS:: 20:00:38: root                               EvaluationManager.py <_prstr>179 :  Average turns   = 9.13 +- 0.29
RESULTS:: 20:00:38: root                                   pydial.py <setEvalConfig>470 :  *** Evaluating env1-LAP-tau_sort_noinco_4020_0100_250100_0200-seed3-00.7: error-rate=0 num-dialogs=500 ***
RESULTS:: 20:09:16: root                               EvaluationManager.py <_prstr>179 :  Results for domain: Laptops11 --evaluated by: objective success evaluator
RESULTS:: 20:09:16: root                               EvaluationManager.py <_prstr>179 :  # of dialogues  = 500
RESULTS:: 20:09:16: root                               EvaluationManager.py <_prstr>179 :  Average reward  = 8.46 +- 0.81
RESULTS:: 20:09:16: root                               EvaluationManager.py <_prstr>179 :  Average success = 78.80 +- 3.59
RESULTS:: 20:09:16: root                               EvaluationManager.py <_prstr>179 :  Average turns   = 7.30 +- 0.25
RESULTS:: 20:09:16: root                                   pydial.py <train_command>791 :  List of domains: Laptops11
RESULTS:: 20:09:16: root                                      pydial.py <trainBatch>409 :  *** Training Iteration env1-LAP-tau_sort_noinco_4020_0100_250100_0200-seed3-00.7->env1-LAP-tau_sort_noinco_4020_0100_250100_0200-seed3-00.8: iter=7, error-rate=0, num-dialogs=1000 ***
RESULTS:: 20:32:42: root                               EvaluationManager.py <_prstr>179 :  Results for domain: Laptops11 --evaluated by: objective success evaluator
RESULTS:: 20:32:42: root                               EvaluationManager.py <_prstr>179 :  # of dialogues  = 1000
RESULTS:: 20:32:42: root                               EvaluationManager.py <_prstr>179 :  Average reward  = 8.34 +- 0.60
RESULTS:: 20:32:42: root                               EvaluationManager.py <_prstr>179 :  Average success = 88.20 +- 2.00
RESULTS:: 20:32:42: root                               EvaluationManager.py <_prstr>179 :  Average turns   = 9.30 +- 0.29
RESULTS:: 20:32:42: root                                   pydial.py <setEvalConfig>470 :  *** Evaluating env1-LAP-tau_sort_noinco_4020_0100_250100_0200-seed3-00.8: error-rate=0 num-dialogs=500 ***
RESULTS:: 20:40:38: root                               EvaluationManager.py <_prstr>179 :  Results for domain: Laptops11 --evaluated by: objective success evaluator
RESULTS:: 20:40:38: root                               EvaluationManager.py <_prstr>179 :  # of dialogues  = 500
RESULTS:: 20:40:38: root                               EvaluationManager.py <_prstr>179 :  Average reward  = 8.76 +- 0.76
RESULTS:: 20:40:38: root                               EvaluationManager.py <_prstr>179 :  Average success = 77.00 +- 3.70
RESULTS:: 20:40:38: root                               EvaluationManager.py <_prstr>179 :  Average turns   = 6.64 +- 0.18
RESULTS:: 20:40:38: root                                   pydial.py <train_command>791 :  List of domains: Laptops11
RESULTS:: 20:40:38: root                                      pydial.py <trainBatch>409 :  *** Training Iteration env1-LAP-tau_sort_noinco_4020_0100_250100_0200-seed3-00.8->env1-LAP-tau_sort_noinco_4020_0100_250100_0200-seed3-00.9: iter=8, error-rate=0, num-dialogs=1000 ***
RESULTS:: 21:03:01: root                               EvaluationManager.py <_prstr>179 :  Results for domain: Laptops11 --evaluated by: objective success evaluator
RESULTS:: 21:03:01: root                               EvaluationManager.py <_prstr>179 :  # of dialogues  = 1000
RESULTS:: 21:03:01: root                               EvaluationManager.py <_prstr>179 :  Average reward  = 9.63 +- 0.47
RESULTS:: 21:03:01: root                               EvaluationManager.py <_prstr>179 :  Average success = 91.20 +- 1.76
RESULTS:: 21:03:01: root                               EvaluationManager.py <_prstr>179 :  Average turns   = 8.61 +- 0.24
RESULTS:: 21:03:01: root                                   pydial.py <setEvalConfig>470 :  *** Evaluating env1-LAP-tau_sort_noinco_4020_0100_250100_0200-seed3-00.9: error-rate=0 num-dialogs=500 ***
RESULTS:: 21:11:20: root                               EvaluationManager.py <_prstr>179 :  Results for domain: Laptops11 --evaluated by: objective success evaluator
RESULTS:: 21:11:20: root                               EvaluationManager.py <_prstr>179 :  # of dialogues  = 500
RESULTS:: 21:11:20: root                               EvaluationManager.py <_prstr>179 :  Average reward  = 6.94 +- 0.85
RESULTS:: 21:11:20: root                               EvaluationManager.py <_prstr>179 :  Average success = 67.60 +- 4.11
RESULTS:: 21:11:20: root                               EvaluationManager.py <_prstr>179 :  Average turns   = 6.58 +- 0.17
RESULTS:: 21:11:20: root                                   pydial.py <train_command>791 :  List of domains: Laptops11
RESULTS:: 21:11:20: root                                      pydial.py <trainBatch>409 :  *** Training Iteration env1-LAP-tau_sort_noinco_4020_0100_250100_0200-seed3-00.9->env1-LAP-tau_sort_noinco_4020_0100_250100_0200-seed3-00.10: iter=9, error-rate=0, num-dialogs=1000 ***
RESULTS:: 21:33:45: root                               EvaluationManager.py <_prstr>179 :  Results for domain: Laptops11 --evaluated by: objective success evaluator
RESULTS:: 21:33:45: root                               EvaluationManager.py <_prstr>179 :  # of dialogues  = 1000
RESULTS:: 21:33:45: root                               EvaluationManager.py <_prstr>179 :  Average reward  = 9.24 +- 0.51
RESULTS:: 21:33:45: root                               EvaluationManager.py <_prstr>179 :  Average success = 90.20 +- 1.84
RESULTS:: 21:33:45: root                               EvaluationManager.py <_prstr>179 :  Average turns   = 8.80 +- 0.26
RESULTS:: 21:33:45: root                                   pydial.py <setEvalConfig>470 :  *** Evaluating env1-LAP-tau_sort_noinco_4020_0100_250100_0200-seed3-00.10: error-rate=0 num-dialogs=500 ***
RESULTS:: 21:41:18: root                               EvaluationManager.py <_prstr>179 :  Results for domain: Laptops11 --evaluated by: objective success evaluator
RESULTS:: 21:41:18: root                               EvaluationManager.py <_prstr>179 :  # of dialogues  = 500
RESULTS:: 21:41:18: root                               EvaluationManager.py <_prstr>179 :  Average reward  = 3.35 +- 0.90
RESULTS:: 21:41:18: root                               EvaluationManager.py <_prstr>179 :  Average success = 49.20 +- 4.39
RESULTS:: 21:41:18: root                               EvaluationManager.py <_prstr>179 :  Average turns   = 6.49 +- 0.17
RESULTS:: 21:41:18: root                                   pydial.py <train_command>807 :  *** Training complete. log: env1-LAP-tau_sort_noinco_4020_0100_250100_0200-seed3-00.1-10.train.log - final policy is env1-LAP-tau_sort_noinco_4020_0100_250100_0200-00-10
