RESULTS:: 15:55:00: root                                   pydial.py <train_command>791 :  List of domains: Laptops11
RESULTS:: 15:55:00: root                                      pydial.py <trainBatch>409 :  *** Training Iteration env1-LAP-tau_sort_noinco_4020_0100_250100_0200-seed2-00.0->env1-LAP-tau_sort_noinco_4020_0100_250100_0200-seed2-00.1: iter=0, error-rate=0, num-dialogs=1000 ***
RESULTS:: 16:18:12: root                               EvaluationManager.py <_prstr>179 :  Results for domain: Laptops11 --evaluated by: objective success evaluator
RESULTS:: 16:18:12: root                               EvaluationManager.py <_prstr>179 :  # of dialogues  = 1000
RESULTS:: 16:18:12: root                               EvaluationManager.py <_prstr>179 :  Average reward  = 7.17 +- 0.60
RESULTS:: 16:18:12: root                               EvaluationManager.py <_prstr>179 :  Average success = 81.00 +- 2.43
RESULTS:: 16:18:12: root                               EvaluationManager.py <_prstr>179 :  Average turns   = 9.03 +- 0.26
RESULTS:: 16:18:12: root                                   pydial.py <setEvalConfig>470 :  *** Evaluating env1-LAP-tau_sort_noinco_4020_0100_250100_0200-seed2-00.1: error-rate=0 num-dialogs=500 ***
RESULTS:: 16:27:14: root                               EvaluationManager.py <_prstr>179 :  Results for domain: Laptops11 --evaluated by: objective success evaluator
RESULTS:: 16:27:14: root                               EvaluationManager.py <_prstr>179 :  # of dialogues  = 500
RESULTS:: 16:27:14: root                               EvaluationManager.py <_prstr>179 :  Average reward  = 7.75 +- 0.82
RESULTS:: 16:27:14: root                               EvaluationManager.py <_prstr>179 :  Average success = 74.00 +- 3.85
RESULTS:: 16:27:14: root                               EvaluationManager.py <_prstr>179 :  Average turns   = 7.05 +- 0.19
RESULTS:: 16:27:14: root                                   pydial.py <train_command>791 :  List of domains: Laptops11
RESULTS:: 16:27:14: root                                      pydial.py <trainBatch>409 :  *** Training Iteration env1-LAP-tau_sort_noinco_4020_0100_250100_0200-seed2-00.1->env1-LAP-tau_sort_noinco_4020_0100_250100_0200-seed2-00.2: iter=1, error-rate=0, num-dialogs=1000 ***
RESULTS:: 17:17:55: root                               EvaluationManager.py <_prstr>179 :  Results for domain: Laptops11 --evaluated by: objective success evaluator
RESULTS:: 17:17:55: root                               EvaluationManager.py <_prstr>179 :  # of dialogues  = 1000
RESULTS:: 17:17:55: root                               EvaluationManager.py <_prstr>179 :  Average reward  = 8.77 +- 0.49
RESULTS:: 17:17:55: root                               EvaluationManager.py <_prstr>179 :  Average success = 86.70 +- 2.11
RESULTS:: 17:17:55: root                               EvaluationManager.py <_prstr>179 :  Average turns   = 8.57 +- 0.22
RESULTS:: 17:17:55: root                                   pydial.py <setEvalConfig>470 :  *** Evaluating env1-LAP-tau_sort_noinco_4020_0100_250100_0200-seed2-00.2: error-rate=0 num-dialogs=500 ***
RESULTS:: 17:25:43: root                               EvaluationManager.py <_prstr>179 :  Results for domain: Laptops11 --evaluated by: objective success evaluator
RESULTS:: 17:25:43: root                               EvaluationManager.py <_prstr>179 :  # of dialogues  = 500
RESULTS:: 17:25:43: root                               EvaluationManager.py <_prstr>179 :  Average reward  = 3.82 +- 0.90
RESULTS:: 17:25:43: root                               EvaluationManager.py <_prstr>179 :  Average success = 51.00 +- 4.39
RESULTS:: 17:25:43: root                               EvaluationManager.py <_prstr>179 :  Average turns   = 6.38 +- 0.14
RESULTS:: 17:25:43: root                                   pydial.py <train_command>791 :  List of domains: Laptops11
RESULTS:: 17:25:43: root                                      pydial.py <trainBatch>409 :  *** Training Iteration env1-LAP-tau_sort_noinco_4020_0100_250100_0200-seed2-00.2->env1-LAP-tau_sort_noinco_4020_0100_250100_0200-seed2-00.3: iter=2, error-rate=0, num-dialogs=1000 ***
RESULTS:: 17:48:25: root                               EvaluationManager.py <_prstr>179 :  Results for domain: Laptops11 --evaluated by: objective success evaluator
RESULTS:: 17:48:25: root                               EvaluationManager.py <_prstr>179 :  # of dialogues  = 1000
RESULTS:: 17:48:25: root                               EvaluationManager.py <_prstr>179 :  Average reward  = 8.93 +- 0.50
RESULTS:: 17:48:25: root                               EvaluationManager.py <_prstr>179 :  Average success = 86.90 +- 2.09
RESULTS:: 17:48:25: root                               EvaluationManager.py <_prstr>179 :  Average turns   = 8.45 +- 0.23
RESULTS:: 17:48:25: root                                   pydial.py <setEvalConfig>470 :  *** Evaluating env1-LAP-tau_sort_noinco_4020_0100_250100_0200-seed2-00.3: error-rate=0 num-dialogs=500 ***
RESULTS:: 17:57:29: root                               EvaluationManager.py <_prstr>179 :  Results for domain: Laptops11 --evaluated by: objective success evaluator
RESULTS:: 17:57:29: root                               EvaluationManager.py <_prstr>179 :  # of dialogues  = 500
RESULTS:: 17:57:29: root                               EvaluationManager.py <_prstr>179 :  Average reward  = 11.03 +- 0.59
RESULTS:: 17:57:29: root                               EvaluationManager.py <_prstr>179 :  Average success = 92.00 +- 2.38
RESULTS:: 17:57:29: root                               EvaluationManager.py <_prstr>179 :  Average turns   = 7.37 +- 0.26
RESULTS:: 17:57:29: root                                   pydial.py <train_command>791 :  List of domains: Laptops11
RESULTS:: 17:57:29: root                                      pydial.py <trainBatch>409 :  *** Training Iteration env1-LAP-tau_sort_noinco_4020_0100_250100_0200-seed2-00.3->env1-LAP-tau_sort_noinco_4020_0100_250100_0200-seed2-00.4: iter=3, error-rate=0, num-dialogs=1000 ***
RESULTS:: 18:21:25: root                               EvaluationManager.py <_prstr>179 :  Results for domain: Laptops11 --evaluated by: objective success evaluator
RESULTS:: 18:21:25: root                               EvaluationManager.py <_prstr>179 :  # of dialogues  = 1000
RESULTS:: 18:21:25: root                               EvaluationManager.py <_prstr>179 :  Average reward  = 9.61 +- 0.46
RESULTS:: 18:21:25: root                               EvaluationManager.py <_prstr>179 :  Average success = 93.20 +- 1.56
RESULTS:: 18:21:25: root                               EvaluationManager.py <_prstr>179 :  Average turns   = 9.03 +- 0.26
RESULTS:: 18:21:25: root                                   pydial.py <setEvalConfig>470 :  *** Evaluating env1-LAP-tau_sort_noinco_4020_0100_250100_0200-seed2-00.4: error-rate=0 num-dialogs=500 ***
RESULTS:: 18:30:15: root                               EvaluationManager.py <_prstr>179 :  Results for domain: Laptops11 --evaluated by: objective success evaluator
RESULTS:: 18:30:15: root                               EvaluationManager.py <_prstr>179 :  # of dialogues  = 500
RESULTS:: 18:30:15: root                               EvaluationManager.py <_prstr>179 :  Average reward  = 10.56 +- 0.64
RESULTS:: 18:30:15: root                               EvaluationManager.py <_prstr>179 :  Average success = 90.00 +- 2.64
RESULTS:: 18:30:15: root                               EvaluationManager.py <_prstr>179 :  Average turns   = 7.44 +- 0.26
RESULTS:: 18:30:15: root                                   pydial.py <train_command>791 :  List of domains: Laptops11
RESULTS:: 18:30:15: root                                      pydial.py <trainBatch>409 :  *** Training Iteration env1-LAP-tau_sort_noinco_4020_0100_250100_0200-seed2-00.4->env1-LAP-tau_sort_noinco_4020_0100_250100_0200-seed2-00.5: iter=4, error-rate=0, num-dialogs=1000 ***
RESULTS:: 18:52:28: root                               EvaluationManager.py <_prstr>179 :  Results for domain: Laptops11 --evaluated by: objective success evaluator
RESULTS:: 18:52:28: root                               EvaluationManager.py <_prstr>179 :  # of dialogues  = 1000
RESULTS:: 18:52:28: root                               EvaluationManager.py <_prstr>179 :  Average reward  = 9.33 +- 0.48
RESULTS:: 18:52:28: root                               EvaluationManager.py <_prstr>179 :  Average success = 90.00 +- 1.86
RESULTS:: 18:52:28: root                               EvaluationManager.py <_prstr>179 :  Average turns   = 8.67 +- 0.23
RESULTS:: 18:52:28: root                                   pydial.py <setEvalConfig>470 :  *** Evaluating env1-LAP-tau_sort_noinco_4020_0100_250100_0200-seed2-00.5: error-rate=0 num-dialogs=500 ***
RESULTS:: 19:00:33: root                               EvaluationManager.py <_prstr>179 :  Results for domain: Laptops11 --evaluated by: objective success evaluator
RESULTS:: 19:00:33: root                               EvaluationManager.py <_prstr>179 :  # of dialogues  = 500
RESULTS:: 19:00:33: root                               EvaluationManager.py <_prstr>179 :  Average reward  = 9.41 +- 0.75
RESULTS:: 19:00:33: root                               EvaluationManager.py <_prstr>179 :  Average success = 80.80 +- 3.46
RESULTS:: 19:00:33: root                               EvaluationManager.py <_prstr>179 :  Average turns   = 6.75 +- 0.21
RESULTS:: 19:00:33: root                                   pydial.py <train_command>791 :  List of domains: Laptops11
RESULTS:: 19:00:33: root                                      pydial.py <trainBatch>409 :  *** Training Iteration env1-LAP-tau_sort_noinco_4020_0100_250100_0200-seed2-00.5->env1-LAP-tau_sort_noinco_4020_0100_250100_0200-seed2-00.6: iter=5, error-rate=0, num-dialogs=1000 ***
RESULTS:: 19:22:29: root                               EvaluationManager.py <_prstr>179 :  Results for domain: Laptops11 --evaluated by: objective success evaluator
RESULTS:: 19:22:29: root                               EvaluationManager.py <_prstr>179 :  # of dialogues  = 1000
RESULTS:: 19:22:29: root                               EvaluationManager.py <_prstr>179 :  Average reward  = 10.23 +- 0.43
RESULTS:: 19:22:29: root                               EvaluationManager.py <_prstr>179 :  Average success = 94.60 +- 1.40
RESULTS:: 19:22:29: root                               EvaluationManager.py <_prstr>179 :  Average turns   = 8.69 +- 0.25
RESULTS:: 19:22:29: root                                   pydial.py <setEvalConfig>470 :  *** Evaluating env1-LAP-tau_sort_noinco_4020_0100_250100_0200-seed2-00.6: error-rate=0 num-dialogs=500 ***
RESULTS:: 19:31:25: root                               EvaluationManager.py <_prstr>179 :  Results for domain: Laptops11 --evaluated by: objective success evaluator
RESULTS:: 19:31:25: root                               EvaluationManager.py <_prstr>179 :  # of dialogues  = 500
RESULTS:: 19:31:25: root                               EvaluationManager.py <_prstr>179 :  Average reward  = 11.14 +- 0.57
RESULTS:: 19:31:25: root                               EvaluationManager.py <_prstr>179 :  Average success = 93.20 +- 2.21
RESULTS:: 19:31:25: root                               EvaluationManager.py <_prstr>179 :  Average turns   = 7.50 +- 0.28
RESULTS:: 19:31:25: root                                   pydial.py <train_command>791 :  List of domains: Laptops11
RESULTS:: 19:31:25: root                                      pydial.py <trainBatch>409 :  *** Training Iteration env1-LAP-tau_sort_noinco_4020_0100_250100_0200-seed2-00.6->env1-LAP-tau_sort_noinco_4020_0100_250100_0200-seed2-00.7: iter=6, error-rate=0, num-dialogs=1000 ***
RESULTS:: 19:54:11: root                               EvaluationManager.py <_prstr>179 :  Results for domain: Laptops11 --evaluated by: objective success evaluator
RESULTS:: 19:54:11: root                               EvaluationManager.py <_prstr>179 :  # of dialogues  = 1000
RESULTS:: 19:54:11: root                               EvaluationManager.py <_prstr>179 :  Average reward  = 9.66 +- 0.47
RESULTS:: 19:54:11: root                               EvaluationManager.py <_prstr>179 :  Average success = 93.90 +- 1.49
RESULTS:: 19:54:11: root                               EvaluationManager.py <_prstr>179 :  Average turns   = 9.12 +- 0.26
RESULTS:: 19:54:11: root                                   pydial.py <setEvalConfig>470 :  *** Evaluating env1-LAP-tau_sort_noinco_4020_0100_250100_0200-seed2-00.7: error-rate=0 num-dialogs=500 ***
RESULTS:: 20:02:59: root                               EvaluationManager.py <_prstr>179 :  Results for domain: Laptops11 --evaluated by: objective success evaluator
RESULTS:: 20:02:59: root                               EvaluationManager.py <_prstr>179 :  # of dialogues  = 500
RESULTS:: 20:02:59: root                               EvaluationManager.py <_prstr>179 :  Average reward  = 12.21 +- 0.39
RESULTS:: 20:02:59: root                               EvaluationManager.py <_prstr>179 :  Average success = 97.40 +- 1.40
RESULTS:: 20:02:59: root                               EvaluationManager.py <_prstr>179 :  Average turns   = 7.27 +- 0.24
RESULTS:: 20:02:59: root                                   pydial.py <train_command>791 :  List of domains: Laptops11
RESULTS:: 20:02:59: root                                      pydial.py <trainBatch>409 :  *** Training Iteration env1-LAP-tau_sort_noinco_4020_0100_250100_0200-seed2-00.7->env1-LAP-tau_sort_noinco_4020_0100_250100_0200-seed2-00.8: iter=7, error-rate=0, num-dialogs=1000 ***
RESULTS:: 20:25:25: root                               EvaluationManager.py <_prstr>179 :  Results for domain: Laptops11 --evaluated by: objective success evaluator
RESULTS:: 20:25:25: root                               EvaluationManager.py <_prstr>179 :  # of dialogues  = 1000
RESULTS:: 20:25:25: root                               EvaluationManager.py <_prstr>179 :  Average reward  = 9.86 +- 0.44
RESULTS:: 20:25:25: root                               EvaluationManager.py <_prstr>179 :  Average success = 93.80 +- 1.50
RESULTS:: 20:25:25: root                               EvaluationManager.py <_prstr>179 :  Average turns   = 8.90 +- 0.26
RESULTS:: 20:25:25: root                                   pydial.py <setEvalConfig>470 :  *** Evaluating env1-LAP-tau_sort_noinco_4020_0100_250100_0200-seed2-00.8: error-rate=0 num-dialogs=500 ***
RESULTS:: 20:34:24: root                               EvaluationManager.py <_prstr>179 :  Results for domain: Laptops11 --evaluated by: objective success evaluator
RESULTS:: 20:34:24: root                               EvaluationManager.py <_prstr>179 :  # of dialogues  = 500
RESULTS:: 20:34:24: root                               EvaluationManager.py <_prstr>179 :  Average reward  = 10.95 +- 0.61
RESULTS:: 20:34:24: root                               EvaluationManager.py <_prstr>179 :  Average success = 92.40 +- 2.33
RESULTS:: 20:34:24: root                               EvaluationManager.py <_prstr>179 :  Average turns   = 7.53 +- 0.29
RESULTS:: 20:34:24: root                                   pydial.py <train_command>791 :  List of domains: Laptops11
RESULTS:: 20:34:24: root                                      pydial.py <trainBatch>409 :  *** Training Iteration env1-LAP-tau_sort_noinco_4020_0100_250100_0200-seed2-00.8->env1-LAP-tau_sort_noinco_4020_0100_250100_0200-seed2-00.9: iter=8, error-rate=0, num-dialogs=1000 ***
RESULTS:: 20:56:43: root                               EvaluationManager.py <_prstr>179 :  Results for domain: Laptops11 --evaluated by: objective success evaluator
RESULTS:: 20:56:43: root                               EvaluationManager.py <_prstr>179 :  # of dialogues  = 1000
RESULTS:: 20:56:43: root                               EvaluationManager.py <_prstr>179 :  Average reward  = 9.99 +- 0.46
RESULTS:: 20:56:43: root                               EvaluationManager.py <_prstr>179 :  Average success = 94.20 +- 1.45
RESULTS:: 20:56:43: root                               EvaluationManager.py <_prstr>179 :  Average turns   = 8.85 +- 0.27
RESULTS:: 20:56:43: root                                   pydial.py <setEvalConfig>470 :  *** Evaluating env1-LAP-tau_sort_noinco_4020_0100_250100_0200-seed2-00.9: error-rate=0 num-dialogs=500 ***
RESULTS:: 21:06:59: root                               EvaluationManager.py <_prstr>179 :  Results for domain: Laptops11 --evaluated by: objective success evaluator
RESULTS:: 21:06:59: root                               EvaluationManager.py <_prstr>179 :  # of dialogues  = 500
RESULTS:: 21:06:59: root                               EvaluationManager.py <_prstr>179 :  Average reward  = 10.78 +- 0.68
RESULTS:: 21:06:59: root                               EvaluationManager.py <_prstr>179 :  Average success = 92.60 +- 2.30
RESULTS:: 21:06:59: root                               EvaluationManager.py <_prstr>179 :  Average turns   = 7.74 +- 0.32
RESULTS:: 21:06:59: root                                   pydial.py <train_command>791 :  List of domains: Laptops11
RESULTS:: 21:06:59: root                                      pydial.py <trainBatch>409 :  *** Training Iteration env1-LAP-tau_sort_noinco_4020_0100_250100_0200-seed2-00.9->env1-LAP-tau_sort_noinco_4020_0100_250100_0200-seed2-00.10: iter=9, error-rate=0, num-dialogs=1000 ***
RESULTS:: 21:29:18: root                               EvaluationManager.py <_prstr>179 :  Results for domain: Laptops11 --evaluated by: objective success evaluator
RESULTS:: 21:29:18: root                               EvaluationManager.py <_prstr>179 :  # of dialogues  = 1000
RESULTS:: 21:29:18: root                               EvaluationManager.py <_prstr>179 :  Average reward  = 9.82 +- 0.47
RESULTS:: 21:29:18: root                               EvaluationManager.py <_prstr>179 :  Average success = 93.60 +- 1.52
RESULTS:: 21:29:18: root                               EvaluationManager.py <_prstr>179 :  Average turns   = 8.90 +- 0.26
RESULTS:: 21:29:18: root                                   pydial.py <setEvalConfig>470 :  *** Evaluating env1-LAP-tau_sort_noinco_4020_0100_250100_0200-seed2-00.10: error-rate=0 num-dialogs=500 ***
RESULTS:: 21:37:46: root                               EvaluationManager.py <_prstr>179 :  Results for domain: Laptops11 --evaluated by: objective success evaluator
RESULTS:: 21:37:46: root                               EvaluationManager.py <_prstr>179 :  # of dialogues  = 500
RESULTS:: 21:37:46: root                               EvaluationManager.py <_prstr>179 :  Average reward  = 8.42 +- 0.78
RESULTS:: 21:37:46: root                               EvaluationManager.py <_prstr>179 :  Average success = 78.20 +- 3.63
RESULTS:: 21:37:46: root                               EvaluationManager.py <_prstr>179 :  Average turns   = 7.22 +- 0.20
RESULTS:: 21:37:46: root                                   pydial.py <train_command>807 :  *** Training complete. log: env1-LAP-tau_sort_noinco_4020_0100_250100_0200-seed2-00.1-10.train.log - final policy is env1-LAP-tau_sort_noinco_4020_0100_250100_0200-00-10
