RESULTS:: 15:53:06: root                                   pydial.py <train_command>791 :  List of domains: Laptops11
RESULTS:: 15:53:06: root                                      pydial.py <trainBatch>409 :  *** Training Iteration env1-LAP-tau_sort_noinco_4020_0100_250100_0200-seed5-00.0->env1-LAP-tau_sort_noinco_4020_0100_250100_0200-seed5-00.1: iter=0, error-rate=0, num-dialogs=1000 ***
RESULTS:: 16:23:00: root                               EvaluationManager.py <_prstr>179 :  Results for domain: Laptops11 --evaluated by: objective success evaluator
RESULTS:: 16:23:00: root                               EvaluationManager.py <_prstr>179 :  # of dialogues  = 1000
RESULTS:: 16:23:00: root                               EvaluationManager.py <_prstr>179 :  Average reward  = 6.79 +- 0.62
RESULTS:: 16:23:00: root                               EvaluationManager.py <_prstr>179 :  Average success = 80.80 +- 2.44
RESULTS:: 16:23:00: root                               EvaluationManager.py <_prstr>179 :  Average turns   = 9.37 +- 0.28
RESULTS:: 16:23:00: root                                   pydial.py <setEvalConfig>470 :  *** Evaluating env1-LAP-tau_sort_noinco_4020_0100_250100_0200-seed5-00.1: error-rate=0 num-dialogs=500 ***
RESULTS:: 16:34:58: root                               EvaluationManager.py <_prstr>179 :  Results for domain: Laptops11 --evaluated by: objective success evaluator
RESULTS:: 16:34:58: root                               EvaluationManager.py <_prstr>179 :  # of dialogues  = 500
RESULTS:: 16:34:58: root                               EvaluationManager.py <_prstr>179 :  Average reward  = 10.76 +- 0.65
RESULTS:: 16:34:58: root                               EvaluationManager.py <_prstr>179 :  Average success = 92.40 +- 2.33
RESULTS:: 16:34:58: root                               EvaluationManager.py <_prstr>179 :  Average turns   = 7.72 +- 0.29
RESULTS:: 16:34:58: root                                   pydial.py <train_command>791 :  List of domains: Laptops11
RESULTS:: 16:34:58: root                                      pydial.py <trainBatch>409 :  *** Training Iteration env1-LAP-tau_sort_noinco_4020_0100_250100_0200-seed5-00.1->env1-LAP-tau_sort_noinco_4020_0100_250100_0200-seed5-00.2: iter=1, error-rate=0, num-dialogs=1000 ***
RESULTS:: 17:05:10: root                               EvaluationManager.py <_prstr>179 :  Results for domain: Laptops11 --evaluated by: objective success evaluator
RESULTS:: 17:05:10: root                               EvaluationManager.py <_prstr>179 :  # of dialogues  = 1000
RESULTS:: 17:05:10: root                               EvaluationManager.py <_prstr>179 :  Average reward  = 9.66 +- 0.48
RESULTS:: 17:05:10: root                               EvaluationManager.py <_prstr>179 :  Average success = 93.40 +- 1.54
RESULTS:: 17:05:10: root                               EvaluationManager.py <_prstr>179 :  Average turns   = 9.02 +- 0.27
RESULTS:: 17:05:10: root                                   pydial.py <setEvalConfig>470 :  *** Evaluating env1-LAP-tau_sort_noinco_4020_0100_250100_0200-seed5-00.2: error-rate=0 num-dialogs=500 ***
RESULTS:: 17:15:55: root                               EvaluationManager.py <_prstr>179 :  Results for domain: Laptops11 --evaluated by: objective success evaluator
RESULTS:: 17:15:55: root                               EvaluationManager.py <_prstr>179 :  # of dialogues  = 500
RESULTS:: 17:15:55: root                               EvaluationManager.py <_prstr>179 :  Average reward  = 11.09 +- 0.59
RESULTS:: 17:15:55: root                               EvaluationManager.py <_prstr>179 :  Average success = 91.00 +- 2.51
RESULTS:: 17:15:55: root                               EvaluationManager.py <_prstr>179 :  Average turns   = 7.11 +- 0.23
RESULTS:: 17:15:55: root                                   pydial.py <train_command>791 :  List of domains: Laptops11
RESULTS:: 17:15:55: root                                      pydial.py <trainBatch>409 :  *** Training Iteration env1-LAP-tau_sort_noinco_4020_0100_250100_0200-seed5-00.2->env1-LAP-tau_sort_noinco_4020_0100_250100_0200-seed5-00.3: iter=2, error-rate=0, num-dialogs=1000 ***
RESULTS:: 17:42:56: root                               EvaluationManager.py <_prstr>179 :  Results for domain: Laptops11 --evaluated by: objective success evaluator
RESULTS:: 17:42:56: root                               EvaluationManager.py <_prstr>179 :  # of dialogues  = 1000
RESULTS:: 17:42:56: root                               EvaluationManager.py <_prstr>179 :  Average reward  = 10.11 +- 0.44
RESULTS:: 17:42:56: root                               EvaluationManager.py <_prstr>179 :  Average success = 93.90 +- 1.49
RESULTS:: 17:42:56: root                               EvaluationManager.py <_prstr>179 :  Average turns   = 8.67 +- 0.26
RESULTS:: 17:42:56: root                                   pydial.py <setEvalConfig>470 :  *** Evaluating env1-LAP-tau_sort_noinco_4020_0100_250100_0200-seed5-00.3: error-rate=0 num-dialogs=500 ***
RESULTS:: 17:54:37: root                               EvaluationManager.py <_prstr>179 :  Results for domain: Laptops11 --evaluated by: objective success evaluator
RESULTS:: 17:54:37: root                               EvaluationManager.py <_prstr>179 :  # of dialogues  = 500
RESULTS:: 17:54:37: root                               EvaluationManager.py <_prstr>179 :  Average reward  = 11.84 +- 0.42
RESULTS:: 17:54:37: root                               EvaluationManager.py <_prstr>179 :  Average success = 97.40 +- 1.40
RESULTS:: 17:54:37: root                               EvaluationManager.py <_prstr>179 :  Average turns   = 7.64 +- 0.27
RESULTS:: 17:54:37: root                                   pydial.py <train_command>791 :  List of domains: Laptops11
RESULTS:: 17:54:37: root                                      pydial.py <trainBatch>409 :  *** Training Iteration env1-LAP-tau_sort_noinco_4020_0100_250100_0200-seed5-00.3->env1-LAP-tau_sort_noinco_4020_0100_250100_0200-seed5-00.4: iter=3, error-rate=0, num-dialogs=1000 ***
RESULTS:: 18:22:53: root                               EvaluationManager.py <_prstr>179 :  Results for domain: Laptops11 --evaluated by: objective success evaluator
RESULTS:: 18:22:53: root                               EvaluationManager.py <_prstr>179 :  # of dialogues  = 1000
RESULTS:: 18:22:53: root                               EvaluationManager.py <_prstr>179 :  Average reward  = 10.06 +- 0.46
RESULTS:: 18:22:53: root                               EvaluationManager.py <_prstr>179 :  Average success = 94.40 +- 1.43
RESULTS:: 18:22:53: root                               EvaluationManager.py <_prstr>179 :  Average turns   = 8.82 +- 0.27
RESULTS:: 18:22:53: root                                   pydial.py <setEvalConfig>470 :  *** Evaluating env1-LAP-tau_sort_noinco_4020_0100_250100_0200-seed5-00.4: error-rate=0 num-dialogs=500 ***
RESULTS:: 18:33:32: root                               EvaluationManager.py <_prstr>179 :  Results for domain: Laptops11 --evaluated by: objective success evaluator
RESULTS:: 18:33:32: root                               EvaluationManager.py <_prstr>179 :  # of dialogues  = 500
RESULTS:: 18:33:32: root                               EvaluationManager.py <_prstr>179 :  Average reward  = 8.31 +- 0.80
RESULTS:: 18:33:32: root                               EvaluationManager.py <_prstr>179 :  Average success = 78.00 +- 3.64
RESULTS:: 18:33:32: root                               EvaluationManager.py <_prstr>179 :  Average turns   = 7.29 +- 0.19
RESULTS:: 18:33:32: root                                   pydial.py <train_command>791 :  List of domains: Laptops11
RESULTS:: 18:33:32: root                                      pydial.py <trainBatch>409 :  *** Training Iteration env1-LAP-tau_sort_noinco_4020_0100_250100_0200-seed5-00.4->env1-LAP-tau_sort_noinco_4020_0100_250100_0200-seed5-00.5: iter=4, error-rate=0, num-dialogs=1000 ***
RESULTS:: 19:01:16: root                               EvaluationManager.py <_prstr>179 :  Results for domain: Laptops11 --evaluated by: objective success evaluator
RESULTS:: 19:01:16: root                               EvaluationManager.py <_prstr>179 :  # of dialogues  = 1000
RESULTS:: 19:01:16: root                               EvaluationManager.py <_prstr>179 :  Average reward  = 9.58 +- 0.47
RESULTS:: 19:01:16: root                               EvaluationManager.py <_prstr>179 :  Average success = 92.90 +- 1.59
RESULTS:: 19:01:16: root                               EvaluationManager.py <_prstr>179 :  Average turns   = 9.00 +- 0.26
RESULTS:: 19:01:16: root                                   pydial.py <setEvalConfig>470 :  *** Evaluating env1-LAP-tau_sort_noinco_4020_0100_250100_0200-seed5-00.5: error-rate=0 num-dialogs=500 ***
RESULTS:: 19:12:22: root                               EvaluationManager.py <_prstr>179 :  Results for domain: Laptops11 --evaluated by: objective success evaluator
RESULTS:: 19:12:22: root                               EvaluationManager.py <_prstr>179 :  # of dialogues  = 500
RESULTS:: 19:12:22: root                               EvaluationManager.py <_prstr>179 :  Average reward  = 12.01 +- 0.46
RESULTS:: 19:12:22: root                               EvaluationManager.py <_prstr>179 :  Average success = 96.80 +- 1.55
RESULTS:: 19:12:22: root                               EvaluationManager.py <_prstr>179 :  Average turns   = 7.35 +- 0.28
RESULTS:: 19:12:22: root                                   pydial.py <train_command>791 :  List of domains: Laptops11
RESULTS:: 19:12:22: root                                      pydial.py <trainBatch>409 :  *** Training Iteration env1-LAP-tau_sort_noinco_4020_0100_250100_0200-seed5-00.5->env1-LAP-tau_sort_noinco_4020_0100_250100_0200-seed5-00.6: iter=5, error-rate=0, num-dialogs=1000 ***
RESULTS:: 19:40:27: root                               EvaluationManager.py <_prstr>179 :  Results for domain: Laptops11 --evaluated by: objective success evaluator
RESULTS:: 19:40:27: root                               EvaluationManager.py <_prstr>179 :  # of dialogues  = 1000
RESULTS:: 19:40:27: root                               EvaluationManager.py <_prstr>179 :  Average reward  = 9.57 +- 0.47
RESULTS:: 19:40:27: root                               EvaluationManager.py <_prstr>179 :  Average success = 93.10 +- 1.57
RESULTS:: 19:40:27: root                               EvaluationManager.py <_prstr>179 :  Average turns   = 9.05 +- 0.26
RESULTS:: 19:40:27: root                                   pydial.py <setEvalConfig>470 :  *** Evaluating env1-LAP-tau_sort_noinco_4020_0100_250100_0200-seed5-00.6: error-rate=0 num-dialogs=500 ***
RESULTS:: 19:51:07: root                               EvaluationManager.py <_prstr>179 :  Results for domain: Laptops11 --evaluated by: objective success evaluator
RESULTS:: 19:51:07: root                               EvaluationManager.py <_prstr>179 :  # of dialogues  = 500
RESULTS:: 19:51:07: root                               EvaluationManager.py <_prstr>179 :  Average reward  = 11.92 +- 0.44
RESULTS:: 19:51:07: root                               EvaluationManager.py <_prstr>179 :  Average success = 96.60 +- 1.59
RESULTS:: 19:51:07: root                               EvaluationManager.py <_prstr>179 :  Average turns   = 7.40 +- 0.24
RESULTS:: 19:51:07: root                                   pydial.py <train_command>791 :  List of domains: Laptops11
RESULTS:: 19:51:07: root                                      pydial.py <trainBatch>409 :  *** Training Iteration env1-LAP-tau_sort_noinco_4020_0100_250100_0200-seed5-00.6->env1-LAP-tau_sort_noinco_4020_0100_250100_0200-seed5-00.7: iter=6, error-rate=0, num-dialogs=1000 ***
RESULTS:: 20:17:53: root                               EvaluationManager.py <_prstr>179 :  Results for domain: Laptops11 --evaluated by: objective success evaluator
RESULTS:: 20:17:53: root                               EvaluationManager.py <_prstr>179 :  # of dialogues  = 1000
RESULTS:: 20:17:53: root                               EvaluationManager.py <_prstr>179 :  Average reward  = 9.75 +- 0.48
RESULTS:: 20:17:53: root                               EvaluationManager.py <_prstr>179 :  Average success = 92.80 +- 1.60
RESULTS:: 20:17:53: root                               EvaluationManager.py <_prstr>179 :  Average turns   = 8.81 +- 0.27
RESULTS:: 20:17:53: root                                   pydial.py <setEvalConfig>470 :  *** Evaluating env1-LAP-tau_sort_noinco_4020_0100_250100_0200-seed5-00.7: error-rate=0 num-dialogs=500 ***
RESULTS:: 20:29:28: root                               EvaluationManager.py <_prstr>179 :  Results for domain: Laptops11 --evaluated by: objective success evaluator
RESULTS:: 20:29:28: root                               EvaluationManager.py <_prstr>179 :  # of dialogues  = 500
RESULTS:: 20:29:28: root                               EvaluationManager.py <_prstr>179 :  Average reward  = 10.39 +- 0.65
RESULTS:: 20:29:28: root                               EvaluationManager.py <_prstr>179 :  Average success = 90.80 +- 2.54
RESULTS:: 20:29:28: root                               EvaluationManager.py <_prstr>179 :  Average turns   = 7.77 +- 0.30
RESULTS:: 20:29:28: root                                   pydial.py <train_command>791 :  List of domains: Laptops11
RESULTS:: 20:29:28: root                                      pydial.py <trainBatch>409 :  *** Training Iteration env1-LAP-tau_sort_noinco_4020_0100_250100_0200-seed5-00.7->env1-LAP-tau_sort_noinco_4020_0100_250100_0200-seed5-00.8: iter=7, error-rate=0, num-dialogs=1000 ***
RESULTS:: 20:57:07: root                               EvaluationManager.py <_prstr>179 :  Results for domain: Laptops11 --evaluated by: objective success evaluator
RESULTS:: 20:57:07: root                               EvaluationManager.py <_prstr>179 :  # of dialogues  = 1000
RESULTS:: 20:57:07: root                               EvaluationManager.py <_prstr>179 :  Average reward  = 9.19 +- 0.52
RESULTS:: 20:57:07: root                               EvaluationManager.py <_prstr>179 :  Average success = 90.50 +- 1.82
RESULTS:: 20:57:07: root                               EvaluationManager.py <_prstr>179 :  Average turns   = 8.91 +- 0.27
RESULTS:: 20:57:07: root                                   pydial.py <setEvalConfig>470 :  *** Evaluating env1-LAP-tau_sort_noinco_4020_0100_250100_0200-seed5-00.8: error-rate=0 num-dialogs=500 ***
RESULTS:: 21:07:54: root                               EvaluationManager.py <_prstr>179 :  Results for domain: Laptops11 --evaluated by: objective success evaluator
RESULTS:: 21:07:54: root                               EvaluationManager.py <_prstr>179 :  # of dialogues  = 500
RESULTS:: 21:07:54: root                               EvaluationManager.py <_prstr>179 :  Average reward  = 8.84 +- 0.77
RESULTS:: 21:07:54: root                               EvaluationManager.py <_prstr>179 :  Average success = 80.00 +- 3.51
RESULTS:: 21:07:54: root                               EvaluationManager.py <_prstr>179 :  Average turns   = 7.16 +- 0.22
RESULTS:: 21:07:54: root                                   pydial.py <train_command>791 :  List of domains: Laptops11
RESULTS:: 21:07:54: root                                      pydial.py <trainBatch>409 :  *** Training Iteration env1-LAP-tau_sort_noinco_4020_0100_250100_0200-seed5-00.8->env1-LAP-tau_sort_noinco_4020_0100_250100_0200-seed5-00.9: iter=8, error-rate=0, num-dialogs=1000 ***
RESULTS:: 21:34:59: root                               EvaluationManager.py <_prstr>179 :  Results for domain: Laptops11 --evaluated by: objective success evaluator
RESULTS:: 21:34:59: root                               EvaluationManager.py <_prstr>179 :  # of dialogues  = 1000
RESULTS:: 21:34:59: root                               EvaluationManager.py <_prstr>179 :  Average reward  = 9.65 +- 0.49
RESULTS:: 21:34:59: root                               EvaluationManager.py <_prstr>179 :  Average success = 92.10 +- 1.67
RESULTS:: 21:34:59: root                               EvaluationManager.py <_prstr>179 :  Average turns   = 8.77 +- 0.26
RESULTS:: 21:34:59: root                                   pydial.py <setEvalConfig>470 :  *** Evaluating env1-LAP-tau_sort_noinco_4020_0100_250100_0200-seed5-00.9: error-rate=0 num-dialogs=500 ***
RESULTS:: 21:45:09: root                               EvaluationManager.py <_prstr>179 :  Results for domain: Laptops11 --evaluated by: objective success evaluator
RESULTS:: 21:45:09: root                               EvaluationManager.py <_prstr>179 :  # of dialogues  = 500
RESULTS:: 21:45:09: root                               EvaluationManager.py <_prstr>179 :  Average reward  = 10.04 +- 0.68
RESULTS:: 21:45:09: root                               EvaluationManager.py <_prstr>179 :  Average success = 85.40 +- 3.10
RESULTS:: 21:45:09: root                               EvaluationManager.py <_prstr>179 :  Average turns   = 7.04 +- 0.21
RESULTS:: 21:45:09: root                                   pydial.py <train_command>791 :  List of domains: Laptops11
RESULTS:: 21:45:09: root                                      pydial.py <trainBatch>409 :  *** Training Iteration env1-LAP-tau_sort_noinco_4020_0100_250100_0200-seed5-00.9->env1-LAP-tau_sort_noinco_4020_0100_250100_0200-seed5-00.10: iter=9, error-rate=0, num-dialogs=1000 ***
RESULTS:: 22:12:15: root                               EvaluationManager.py <_prstr>179 :  Results for domain: Laptops11 --evaluated by: objective success evaluator
RESULTS:: 22:12:15: root                               EvaluationManager.py <_prstr>179 :  # of dialogues  = 1000
RESULTS:: 22:12:15: root                               EvaluationManager.py <_prstr>179 :  Average reward  = 9.74 +- 0.46
RESULTS:: 22:12:15: root                               EvaluationManager.py <_prstr>179 :  Average success = 93.30 +- 1.55
RESULTS:: 22:12:15: root                               EvaluationManager.py <_prstr>179 :  Average turns   = 8.92 +- 0.26
RESULTS:: 22:12:15: root                                   pydial.py <setEvalConfig>470 :  *** Evaluating env1-LAP-tau_sort_noinco_4020_0100_250100_0200-seed5-00.10: error-rate=0 num-dialogs=500 ***
RESULTS:: 22:22:41: root                               EvaluationManager.py <_prstr>179 :  Results for domain: Laptops11 --evaluated by: objective success evaluator
RESULTS:: 22:22:41: root                               EvaluationManager.py <_prstr>179 :  # of dialogues  = 500
RESULTS:: 22:22:41: root                               EvaluationManager.py <_prstr>179 :  Average reward  = 11.97 +- 0.48
RESULTS:: 22:22:41: root                               EvaluationManager.py <_prstr>179 :  Average success = 94.80 +- 1.95
RESULTS:: 22:22:41: root                               EvaluationManager.py <_prstr>179 :  Average turns   = 6.99 +- 0.21
RESULTS:: 22:22:41: root                                   pydial.py <train_command>807 :  *** Training complete. log: env1-LAP-tau_sort_noinco_4020_0100_250100_0200-seed5-00.1-10.train.log - final policy is env1-LAP-tau_sort_noinco_4020_0100_250100_0200-00-10
