RESULTS:: 15:54:57: root                                   pydial.py <train_command>791 :  List of domains: Laptops11
RESULTS:: 15:54:57: root                                      pydial.py <trainBatch>409 :  *** Training Iteration env1-LAP-tau_sort_noinco_4020_0100_250100_0200-seed1-00.0->env1-LAP-tau_sort_noinco_4020_0100_250100_0200-seed1-00.1: iter=0, error-rate=0, num-dialogs=1000 ***
RESULTS:: 16:31:02: root                               EvaluationManager.py <_prstr>179 :  Results for domain: Laptops11 --evaluated by: objective success evaluator
RESULTS:: 16:31:02: root                               EvaluationManager.py <_prstr>179 :  # of dialogues  = 1000
RESULTS:: 16:31:02: root                               EvaluationManager.py <_prstr>179 :  Average reward  = 7.73 +- 0.59
RESULTS:: 16:31:02: root                               EvaluationManager.py <_prstr>179 :  Average success = 84.20 +- 2.26
RESULTS:: 16:31:02: root                               EvaluationManager.py <_prstr>179 :  Average turns   = 9.11 +- 0.28
RESULTS:: 16:31:02: root                                   pydial.py <setEvalConfig>470 :  *** Evaluating env1-LAP-tau_sort_noinco_4020_0100_250100_0200-seed1-00.1: error-rate=0 num-dialogs=500 ***
RESULTS:: 16:46:20: root                               EvaluationManager.py <_prstr>179 :  Results for domain: Laptops11 --evaluated by: objective success evaluator
RESULTS:: 16:46:20: root                               EvaluationManager.py <_prstr>179 :  # of dialogues  = 500
RESULTS:: 16:46:20: root                               EvaluationManager.py <_prstr>179 :  Average reward  = 9.98 +- 0.69
RESULTS:: 16:46:20: root                               EvaluationManager.py <_prstr>179 :  Average success = 89.00 +- 2.75
RESULTS:: 16:46:20: root                               EvaluationManager.py <_prstr>179 :  Average turns   = 7.82 +- 0.28
RESULTS:: 16:46:20: root                                   pydial.py <train_command>791 :  List of domains: Laptops11
RESULTS:: 16:46:20: root                                      pydial.py <trainBatch>409 :  *** Training Iteration env1-LAP-tau_sort_noinco_4020_0100_250100_0200-seed1-00.1->env1-LAP-tau_sort_noinco_4020_0100_250100_0200-seed1-00.2: iter=1, error-rate=0, num-dialogs=1000 ***
RESULTS:: 17:23:04: root                               EvaluationManager.py <_prstr>179 :  Results for domain: Laptops11 --evaluated by: objective success evaluator
RESULTS:: 17:23:04: root                               EvaluationManager.py <_prstr>179 :  # of dialogues  = 1000
RESULTS:: 17:23:04: root                               EvaluationManager.py <_prstr>179 :  Average reward  = 9.56 +- 0.48
RESULTS:: 17:23:04: root                               EvaluationManager.py <_prstr>179 :  Average success = 92.90 +- 1.59
RESULTS:: 17:23:04: root                               EvaluationManager.py <_prstr>179 :  Average turns   = 9.02 +- 0.27
RESULTS:: 17:23:04: root                                   pydial.py <setEvalConfig>470 :  *** Evaluating env1-LAP-tau_sort_noinco_4020_0100_250100_0200-seed1-00.2: error-rate=0 num-dialogs=500 ***
RESULTS:: 17:37:28: root                               EvaluationManager.py <_prstr>179 :  Results for domain: Laptops11 --evaluated by: objective success evaluator
RESULTS:: 17:37:28: root                               EvaluationManager.py <_prstr>179 :  # of dialogues  = 500
RESULTS:: 17:37:28: root                               EvaluationManager.py <_prstr>179 :  Average reward  = 8.85 +- 0.75
RESULTS:: 17:37:28: root                               EvaluationManager.py <_prstr>179 :  Average success = 81.40 +- 3.42
RESULTS:: 17:37:28: root                               EvaluationManager.py <_prstr>179 :  Average turns   = 7.43 +- 0.23
RESULTS:: 17:37:28: root                                   pydial.py <train_command>791 :  List of domains: Laptops11
RESULTS:: 17:37:28: root                                      pydial.py <trainBatch>409 :  *** Training Iteration env1-LAP-tau_sort_noinco_4020_0100_250100_0200-seed1-00.2->env1-LAP-tau_sort_noinco_4020_0100_250100_0200-seed1-00.3: iter=2, error-rate=0, num-dialogs=1000 ***
RESULTS:: 18:13:47: root                               EvaluationManager.py <_prstr>179 :  Results for domain: Laptops11 --evaluated by: objective success evaluator
RESULTS:: 18:13:47: root                               EvaluationManager.py <_prstr>179 :  # of dialogues  = 1000
RESULTS:: 18:13:47: root                               EvaluationManager.py <_prstr>179 :  Average reward  = 10.03 +- 0.44
RESULTS:: 18:13:47: root                               EvaluationManager.py <_prstr>179 :  Average success = 93.20 +- 1.56
RESULTS:: 18:13:47: root                               EvaluationManager.py <_prstr>179 :  Average turns   = 8.61 +- 0.24
RESULTS:: 18:13:47: root                                   pydial.py <setEvalConfig>470 :  *** Evaluating env1-LAP-tau_sort_noinco_4020_0100_250100_0200-seed1-00.3: error-rate=0 num-dialogs=500 ***
RESULTS:: 18:27:33: root                               EvaluationManager.py <_prstr>179 :  Results for domain: Laptops11 --evaluated by: objective success evaluator
RESULTS:: 18:27:33: root                               EvaluationManager.py <_prstr>179 :  # of dialogues  = 500
RESULTS:: 18:27:33: root                               EvaluationManager.py <_prstr>179 :  Average reward  = 11.28 +- 0.54
RESULTS:: 18:27:33: root                               EvaluationManager.py <_prstr>179 :  Average success = 93.40 +- 2.18
RESULTS:: 18:27:33: root                               EvaluationManager.py <_prstr>179 :  Average turns   = 7.40 +- 0.25
RESULTS:: 18:27:33: root                                   pydial.py <train_command>791 :  List of domains: Laptops11
RESULTS:: 18:27:33: root                                      pydial.py <trainBatch>409 :  *** Training Iteration env1-LAP-tau_sort_noinco_4020_0100_250100_0200-seed1-00.3->env1-LAP-tau_sort_noinco_4020_0100_250100_0200-seed1-00.4: iter=3, error-rate=0, num-dialogs=1000 ***
RESULTS:: 18:57:24: root                               EvaluationManager.py <_prstr>179 :  Results for domain: Laptops11 --evaluated by: objective success evaluator
RESULTS:: 18:57:24: root                               EvaluationManager.py <_prstr>179 :  # of dialogues  = 1000
RESULTS:: 18:57:24: root                               EvaluationManager.py <_prstr>179 :  Average reward  = 9.72 +- 0.44
RESULTS:: 18:57:24: root                               EvaluationManager.py <_prstr>179 :  Average success = 91.40 +- 1.74
RESULTS:: 18:57:24: root                               EvaluationManager.py <_prstr>179 :  Average turns   = 8.56 +- 0.23
RESULTS:: 18:57:24: root                                   pydial.py <setEvalConfig>470 :  *** Evaluating env1-LAP-tau_sort_noinco_4020_0100_250100_0200-seed1-00.4: error-rate=0 num-dialogs=500 ***
RESULTS:: 19:09:07: root                               EvaluationManager.py <_prstr>179 :  Results for domain: Laptops11 --evaluated by: objective success evaluator
RESULTS:: 19:09:07: root                               EvaluationManager.py <_prstr>179 :  # of dialogues  = 500
RESULTS:: 19:09:07: root                               EvaluationManager.py <_prstr>179 :  Average reward  = 8.05 +- 0.79
RESULTS:: 19:09:07: root                               EvaluationManager.py <_prstr>179 :  Average success = 75.80 +- 3.76
RESULTS:: 19:09:07: root                               EvaluationManager.py <_prstr>179 :  Average turns   = 7.11 +- 0.20
RESULTS:: 19:09:07: root                                   pydial.py <train_command>791 :  List of domains: Laptops11
RESULTS:: 19:09:07: root                                      pydial.py <trainBatch>409 :  *** Training Iteration env1-LAP-tau_sort_noinco_4020_0100_250100_0200-seed1-00.4->env1-LAP-tau_sort_noinco_4020_0100_250100_0200-seed1-00.5: iter=4, error-rate=0, num-dialogs=1000 ***
RESULTS:: 19:39:23: root                               EvaluationManager.py <_prstr>179 :  Results for domain: Laptops11 --evaluated by: objective success evaluator
RESULTS:: 19:39:23: root                               EvaluationManager.py <_prstr>179 :  # of dialogues  = 1000
RESULTS:: 19:39:23: root                               EvaluationManager.py <_prstr>179 :  Average reward  = 10.19 +- 0.45
RESULTS:: 19:39:23: root                               EvaluationManager.py <_prstr>179 :  Average success = 94.20 +- 1.45
RESULTS:: 19:39:23: root                               EvaluationManager.py <_prstr>179 :  Average turns   = 8.65 +- 0.25
RESULTS:: 19:39:23: root                                   pydial.py <setEvalConfig>470 :  *** Evaluating env1-LAP-tau_sort_noinco_4020_0100_250100_0200-seed1-00.5: error-rate=0 num-dialogs=500 ***
RESULTS:: 19:51:59: root                               EvaluationManager.py <_prstr>179 :  Results for domain: Laptops11 --evaluated by: objective success evaluator
RESULTS:: 19:51:59: root                               EvaluationManager.py <_prstr>179 :  # of dialogues  = 500
RESULTS:: 19:51:59: root                               EvaluationManager.py <_prstr>179 :  Average reward  = 11.49 +- 0.52
RESULTS:: 19:51:59: root                               EvaluationManager.py <_prstr>179 :  Average success = 95.00 +- 1.91
RESULTS:: 19:51:59: root                               EvaluationManager.py <_prstr>179 :  Average turns   = 7.51 +- 0.25
RESULTS:: 19:51:59: root                                   pydial.py <train_command>791 :  List of domains: Laptops11
RESULTS:: 19:51:59: root                                      pydial.py <trainBatch>409 :  *** Training Iteration env1-LAP-tau_sort_noinco_4020_0100_250100_0200-seed1-00.5->env1-LAP-tau_sort_noinco_4020_0100_250100_0200-seed1-00.6: iter=5, error-rate=0, num-dialogs=1000 ***
RESULTS:: 20:24:57: root                               EvaluationManager.py <_prstr>179 :  Results for domain: Laptops11 --evaluated by: objective success evaluator
RESULTS:: 20:24:57: root                               EvaluationManager.py <_prstr>179 :  # of dialogues  = 1000
RESULTS:: 20:24:57: root                               EvaluationManager.py <_prstr>179 :  Average reward  = 9.76 +- 0.46
RESULTS:: 20:24:57: root                               EvaluationManager.py <_prstr>179 :  Average success = 93.80 +- 1.50
RESULTS:: 20:24:57: root                               EvaluationManager.py <_prstr>179 :  Average turns   = 9.00 +- 0.26
RESULTS:: 20:24:57: root                                   pydial.py <setEvalConfig>470 :  *** Evaluating env1-LAP-tau_sort_noinco_4020_0100_250100_0200-seed1-00.6: error-rate=0 num-dialogs=500 ***
RESULTS:: 20:37:37: root                               EvaluationManager.py <_prstr>179 :  Results for domain: Laptops11 --evaluated by: objective success evaluator
RESULTS:: 20:37:37: root                               EvaluationManager.py <_prstr>179 :  # of dialogues  = 500
RESULTS:: 20:37:37: root                               EvaluationManager.py <_prstr>179 :  Average reward  = 9.15 +- 0.72
RESULTS:: 20:37:37: root                               EvaluationManager.py <_prstr>179 :  Average success = 82.00 +- 3.38
RESULTS:: 20:37:37: root                               EvaluationManager.py <_prstr>179 :  Average turns   = 7.25 +- 0.22
RESULTS:: 20:37:37: root                                   pydial.py <train_command>791 :  List of domains: Laptops11
RESULTS:: 20:37:37: root                                      pydial.py <trainBatch>409 :  *** Training Iteration env1-LAP-tau_sort_noinco_4020_0100_250100_0200-seed1-00.6->env1-LAP-tau_sort_noinco_4020_0100_250100_0200-seed1-00.7: iter=6, error-rate=0, num-dialogs=1000 ***
RESULTS:: 21:09:21: root                               EvaluationManager.py <_prstr>179 :  Results for domain: Laptops11 --evaluated by: objective success evaluator
RESULTS:: 21:09:21: root                               EvaluationManager.py <_prstr>179 :  # of dialogues  = 1000
RESULTS:: 21:09:21: root                               EvaluationManager.py <_prstr>179 :  Average reward  = 9.29 +- 0.47
RESULTS:: 21:09:21: root                               EvaluationManager.py <_prstr>179 :  Average success = 90.00 +- 1.86
RESULTS:: 21:09:21: root                               EvaluationManager.py <_prstr>179 :  Average turns   = 8.71 +- 0.25
RESULTS:: 21:09:21: root                                   pydial.py <setEvalConfig>470 :  *** Evaluating env1-LAP-tau_sort_noinco_4020_0100_250100_0200-seed1-00.7: error-rate=0 num-dialogs=500 ***
RESULTS:: 21:20:07: root                               EvaluationManager.py <_prstr>179 :  Results for domain: Laptops11 --evaluated by: objective success evaluator
RESULTS:: 21:20:07: root                               EvaluationManager.py <_prstr>179 :  # of dialogues  = 500
RESULTS:: 21:20:07: root                               EvaluationManager.py <_prstr>179 :  Average reward  = 3.13 +- 0.90
RESULTS:: 21:20:07: root                               EvaluationManager.py <_prstr>179 :  Average success = 48.00 +- 4.39
RESULTS:: 21:20:07: root                               EvaluationManager.py <_prstr>179 :  Average turns   = 6.47 +- 0.14
RESULTS:: 21:20:07: root                                   pydial.py <train_command>791 :  List of domains: Laptops11
RESULTS:: 21:20:07: root                                      pydial.py <trainBatch>409 :  *** Training Iteration env1-LAP-tau_sort_noinco_4020_0100_250100_0200-seed1-00.7->env1-LAP-tau_sort_noinco_4020_0100_250100_0200-seed1-00.8: iter=7, error-rate=0, num-dialogs=1000 ***
RESULTS:: 21:50:24: root                               EvaluationManager.py <_prstr>179 :  Results for domain: Laptops11 --evaluated by: objective success evaluator
RESULTS:: 21:50:24: root                               EvaluationManager.py <_prstr>179 :  # of dialogues  = 1000
RESULTS:: 21:50:24: root                               EvaluationManager.py <_prstr>179 :  Average reward  = 9.64 +- 0.46
RESULTS:: 21:50:24: root                               EvaluationManager.py <_prstr>179 :  Average success = 91.10 +- 1.77
RESULTS:: 21:50:24: root                               EvaluationManager.py <_prstr>179 :  Average turns   = 8.58 +- 0.24
RESULTS:: 21:50:24: root                                   pydial.py <setEvalConfig>470 :  *** Evaluating env1-LAP-tau_sort_noinco_4020_0100_250100_0200-seed1-00.8: error-rate=0 num-dialogs=500 ***
RESULTS:: 22:01:48: root                               EvaluationManager.py <_prstr>179 :  Results for domain: Laptops11 --evaluated by: objective success evaluator
RESULTS:: 22:01:48: root                               EvaluationManager.py <_prstr>179 :  # of dialogues  = 500
RESULTS:: 22:01:48: root                               EvaluationManager.py <_prstr>179 :  Average reward  = 6.00 +- 0.89
RESULTS:: 22:01:48: root                               EvaluationManager.py <_prstr>179 :  Average success = 64.40 +- 4.21
RESULTS:: 22:01:48: root                               EvaluationManager.py <_prstr>179 :  Average turns   = 6.88 +- 0.16
RESULTS:: 22:01:48: root                                   pydial.py <train_command>791 :  List of domains: Laptops11
RESULTS:: 22:01:48: root                                      pydial.py <trainBatch>409 :  *** Training Iteration env1-LAP-tau_sort_noinco_4020_0100_250100_0200-seed1-00.8->env1-LAP-tau_sort_noinco_4020_0100_250100_0200-seed1-00.9: iter=8, error-rate=0, num-dialogs=1000 ***
RESULTS:: 22:32:40: root                               EvaluationManager.py <_prstr>179 :  Results for domain: Laptops11 --evaluated by: objective success evaluator
RESULTS:: 22:32:40: root                               EvaluationManager.py <_prstr>179 :  # of dialogues  = 1000
RESULTS:: 22:32:40: root                               EvaluationManager.py <_prstr>179 :  Average reward  = 9.11 +- 0.52
RESULTS:: 22:32:40: root                               EvaluationManager.py <_prstr>179 :  Average success = 90.30 +- 1.84
RESULTS:: 22:32:40: root                               EvaluationManager.py <_prstr>179 :  Average turns   = 8.95 +- 0.27
RESULTS:: 22:32:40: root                                   pydial.py <setEvalConfig>470 :  *** Evaluating env1-LAP-tau_sort_noinco_4020_0100_250100_0200-seed1-00.9: error-rate=0 num-dialogs=500 ***
RESULTS:: 22:44:27: root                               EvaluationManager.py <_prstr>179 :  Results for domain: Laptops11 --evaluated by: objective success evaluator
RESULTS:: 22:44:27: root                               EvaluationManager.py <_prstr>179 :  # of dialogues  = 500
RESULTS:: 22:44:27: root                               EvaluationManager.py <_prstr>179 :  Average reward  = 8.97 +- 0.77
RESULTS:: 22:44:27: root                               EvaluationManager.py <_prstr>179 :  Average success = 80.60 +- 3.47
RESULTS:: 22:44:27: root                               EvaluationManager.py <_prstr>179 :  Average turns   = 7.15 +- 0.20
RESULTS:: 22:44:27: root                                   pydial.py <train_command>791 :  List of domains: Laptops11
RESULTS:: 22:44:27: root                                      pydial.py <trainBatch>409 :  *** Training Iteration env1-LAP-tau_sort_noinco_4020_0100_250100_0200-seed1-00.9->env1-LAP-tau_sort_noinco_4020_0100_250100_0200-seed1-00.10: iter=9, error-rate=0, num-dialogs=1000 ***
RESULTS:: 23:18:01: root                               EvaluationManager.py <_prstr>179 :  Results for domain: Laptops11 --evaluated by: objective success evaluator
RESULTS:: 23:18:01: root                               EvaluationManager.py <_prstr>179 :  # of dialogues  = 1000
RESULTS:: 23:18:01: root                               EvaluationManager.py <_prstr>179 :  Average reward  = 7.19 +- 0.61
RESULTS:: 23:18:01: root                               EvaluationManager.py <_prstr>179 :  Average success = 84.50 +- 2.25
RESULTS:: 23:18:01: root                               EvaluationManager.py <_prstr>179 :  Average turns   = 9.71 +- 0.29
RESULTS:: 23:18:01: root                                   pydial.py <setEvalConfig>470 :  *** Evaluating env1-LAP-tau_sort_noinco_4020_0100_250100_0200-seed1-00.10: error-rate=0 num-dialogs=500 ***
RESULTS:: 23:31:28: root                               EvaluationManager.py <_prstr>179 :  Results for domain: Laptops11 --evaluated by: objective success evaluator
RESULTS:: 23:31:28: root                               EvaluationManager.py <_prstr>179 :  # of dialogues  = 500
RESULTS:: 23:31:28: root                               EvaluationManager.py <_prstr>179 :  Average reward  = 10.03 +- 0.75
RESULTS:: 23:31:28: root                               EvaluationManager.py <_prstr>179 :  Average success = 91.20 +- 2.49
RESULTS:: 23:31:28: root                               EvaluationManager.py <_prstr>179 :  Average turns   = 8.21 +- 0.36
RESULTS:: 23:31:28: root                                   pydial.py <train_command>807 :  *** Training complete. log: env1-LAP-tau_sort_noinco_4020_0100_250100_0200-seed1-00.1-10.train.log - final policy is env1-LAP-tau_sort_noinco_4020_0100_250100_0200-00-10
