RESULTS:: 15:53:18: root                                   pydial.py <train_command>791 :  List of domains: Laptops11
RESULTS:: 15:53:18: root                                      pydial.py <trainBatch>409 :  *** Training Iteration env1-LAP-tau_sort_noinco_4020_0100_250100_0200-seed9-00.0->env1-LAP-tau_sort_noinco_4020_0100_250100_0200-seed9-00.1: iter=0, error-rate=0, num-dialogs=1000 ***
RESULTS:: 16:21:53: root                               EvaluationManager.py <_prstr>179 :  Results for domain: Laptops11 --evaluated by: objective success evaluator
RESULTS:: 16:21:53: root                               EvaluationManager.py <_prstr>179 :  # of dialogues  = 1000
RESULTS:: 16:21:53: root                               EvaluationManager.py <_prstr>179 :  Average reward  = 7.03 +- 0.62
RESULTS:: 16:21:53: root                               EvaluationManager.py <_prstr>179 :  Average success = 79.90 +- 2.49
RESULTS:: 16:21:53: root                               EvaluationManager.py <_prstr>179 :  Average turns   = 8.95 +- 0.26
RESULTS:: 16:21:53: root                                   pydial.py <setEvalConfig>470 :  *** Evaluating env1-LAP-tau_sort_noinco_4020_0100_250100_0200-seed9-00.1: error-rate=0 num-dialogs=500 ***
RESULTS:: 16:32:51: root                               EvaluationManager.py <_prstr>179 :  Results for domain: Laptops11 --evaluated by: objective success evaluator
RESULTS:: 16:32:51: root                               EvaluationManager.py <_prstr>179 :  # of dialogues  = 500
RESULTS:: 16:32:51: root                               EvaluationManager.py <_prstr>179 :  Average reward  = 10.36 +- 0.65
RESULTS:: 16:32:51: root                               EvaluationManager.py <_prstr>179 :  Average success = 88.00 +- 2.86
RESULTS:: 16:32:51: root                               EvaluationManager.py <_prstr>179 :  Average turns   = 7.24 +- 0.24
RESULTS:: 16:32:51: root                                   pydial.py <train_command>791 :  List of domains: Laptops11
RESULTS:: 16:32:51: root                                      pydial.py <trainBatch>409 :  *** Training Iteration env1-LAP-tau_sort_noinco_4020_0100_250100_0200-seed9-00.1->env1-LAP-tau_sort_noinco_4020_0100_250100_0200-seed9-00.2: iter=1, error-rate=0, num-dialogs=1000 ***
RESULTS:: 17:02:17: root                               EvaluationManager.py <_prstr>179 :  Results for domain: Laptops11 --evaluated by: objective success evaluator
RESULTS:: 17:02:17: root                               EvaluationManager.py <_prstr>179 :  # of dialogues  = 1000
RESULTS:: 17:02:17: root                               EvaluationManager.py <_prstr>179 :  Average reward  = 9.82 +- 0.45
RESULTS:: 17:02:17: root                               EvaluationManager.py <_prstr>179 :  Average success = 93.00 +- 1.58
RESULTS:: 17:02:17: root                               EvaluationManager.py <_prstr>179 :  Average turns   = 8.78 +- 0.25
RESULTS:: 17:02:17: root                                   pydial.py <setEvalConfig>470 :  *** Evaluating env1-LAP-tau_sort_noinco_4020_0100_250100_0200-seed9-00.2: error-rate=0 num-dialogs=500 ***
RESULTS:: 17:13:06: root                               EvaluationManager.py <_prstr>179 :  Results for domain: Laptops11 --evaluated by: objective success evaluator
RESULTS:: 17:13:06: root                               EvaluationManager.py <_prstr>179 :  # of dialogues  = 500
RESULTS:: 17:13:06: root                               EvaluationManager.py <_prstr>179 :  Average reward  = 10.84 +- 0.59
RESULTS:: 17:13:06: root                               EvaluationManager.py <_prstr>179 :  Average success = 89.80 +- 2.66
RESULTS:: 17:13:06: root                               EvaluationManager.py <_prstr>179 :  Average turns   = 7.12 +- 0.21
RESULTS:: 17:13:06: root                                   pydial.py <train_command>791 :  List of domains: Laptops11
RESULTS:: 17:13:06: root                                      pydial.py <trainBatch>409 :  *** Training Iteration env1-LAP-tau_sort_noinco_4020_0100_250100_0200-seed9-00.2->env1-LAP-tau_sort_noinco_4020_0100_250100_0200-seed9-00.3: iter=2, error-rate=0, num-dialogs=1000 ***
RESULTS:: 17:39:51: root                               EvaluationManager.py <_prstr>179 :  Results for domain: Laptops11 --evaluated by: objective success evaluator
RESULTS:: 17:39:51: root                               EvaluationManager.py <_prstr>179 :  # of dialogues  = 1000
RESULTS:: 17:39:51: root                               EvaluationManager.py <_prstr>179 :  Average reward  = 10.06 +- 0.45
RESULTS:: 17:39:51: root                               EvaluationManager.py <_prstr>179 :  Average success = 93.70 +- 1.51
RESULTS:: 17:39:51: root                               EvaluationManager.py <_prstr>179 :  Average turns   = 8.68 +- 0.26
RESULTS:: 17:39:51: root                                   pydial.py <setEvalConfig>470 :  *** Evaluating env1-LAP-tau_sort_noinco_4020_0100_250100_0200-seed9-00.3: error-rate=0 num-dialogs=500 ***
RESULTS:: 17:50:37: root                               EvaluationManager.py <_prstr>179 :  Results for domain: Laptops11 --evaluated by: objective success evaluator
RESULTS:: 17:50:37: root                               EvaluationManager.py <_prstr>179 :  # of dialogues  = 500
RESULTS:: 17:50:37: root                               EvaluationManager.py <_prstr>179 :  Average reward  = 9.88 +- 0.72
RESULTS:: 17:50:37: root                               EvaluationManager.py <_prstr>179 :  Average success = 86.00 +- 3.05
RESULTS:: 17:50:37: root                               EvaluationManager.py <_prstr>179 :  Average turns   = 7.32 +- 0.25
RESULTS:: 17:50:37: root                                   pydial.py <train_command>791 :  List of domains: Laptops11
RESULTS:: 17:50:37: root                                      pydial.py <trainBatch>409 :  *** Training Iteration env1-LAP-tau_sort_noinco_4020_0100_250100_0200-seed9-00.3->env1-LAP-tau_sort_noinco_4020_0100_250100_0200-seed9-00.4: iter=3, error-rate=0, num-dialogs=1000 ***
RESULTS:: 18:18:17: root                               EvaluationManager.py <_prstr>179 :  Results for domain: Laptops11 --evaluated by: objective success evaluator
RESULTS:: 18:18:17: root                               EvaluationManager.py <_prstr>179 :  # of dialogues  = 1000
RESULTS:: 18:18:17: root                               EvaluationManager.py <_prstr>179 :  Average reward  = 9.77 +- 0.45
RESULTS:: 18:18:17: root                               EvaluationManager.py <_prstr>179 :  Average success = 92.60 +- 1.62
RESULTS:: 18:18:17: root                               EvaluationManager.py <_prstr>179 :  Average turns   = 8.75 +- 0.25
RESULTS:: 18:18:17: root                                   pydial.py <setEvalConfig>470 :  *** Evaluating env1-LAP-tau_sort_noinco_4020_0100_250100_0200-seed9-00.4: error-rate=0 num-dialogs=500 ***
RESULTS:: 18:29:44: root                               EvaluationManager.py <_prstr>179 :  Results for domain: Laptops11 --evaluated by: objective success evaluator
RESULTS:: 18:29:44: root                               EvaluationManager.py <_prstr>179 :  # of dialogues  = 500
RESULTS:: 18:29:44: root                               EvaluationManager.py <_prstr>179 :  Average reward  = 9.14 +- 0.88
RESULTS:: 18:29:44: root                               EvaluationManager.py <_prstr>179 :  Average success = 84.80 +- 3.15
RESULTS:: 18:29:44: root                               EvaluationManager.py <_prstr>179 :  Average turns   = 7.82 +- 0.37
RESULTS:: 18:29:44: root                                   pydial.py <train_command>791 :  List of domains: Laptops11
RESULTS:: 18:29:44: root                                      pydial.py <trainBatch>409 :  *** Training Iteration env1-LAP-tau_sort_noinco_4020_0100_250100_0200-seed9-00.4->env1-LAP-tau_sort_noinco_4020_0100_250100_0200-seed9-00.5: iter=4, error-rate=0, num-dialogs=1000 ***
RESULTS:: 18:56:40: root                               EvaluationManager.py <_prstr>179 :  Results for domain: Laptops11 --evaluated by: objective success evaluator
RESULTS:: 18:56:40: root                               EvaluationManager.py <_prstr>179 :  # of dialogues  = 1000
RESULTS:: 18:56:40: root                               EvaluationManager.py <_prstr>179 :  Average reward  = 10.20 +- 0.43
RESULTS:: 18:56:40: root                               EvaluationManager.py <_prstr>179 :  Average success = 94.60 +- 1.40
RESULTS:: 18:56:40: root                               EvaluationManager.py <_prstr>179 :  Average turns   = 8.72 +- 0.26
RESULTS:: 18:56:40: root                                   pydial.py <setEvalConfig>470 :  *** Evaluating env1-LAP-tau_sort_noinco_4020_0100_250100_0200-seed9-00.5: error-rate=0 num-dialogs=500 ***
RESULTS:: 19:07:52: root                               EvaluationManager.py <_prstr>179 :  Results for domain: Laptops11 --evaluated by: objective success evaluator
RESULTS:: 19:07:52: root                               EvaluationManager.py <_prstr>179 :  # of dialogues  = 500
RESULTS:: 19:07:52: root                               EvaluationManager.py <_prstr>179 :  Average reward  = 11.90 +- 0.41
RESULTS:: 19:07:52: root                               EvaluationManager.py <_prstr>179 :  Average success = 97.60 +- 1.34
RESULTS:: 19:07:52: root                               EvaluationManager.py <_prstr>179 :  Average turns   = 7.62 +- 0.26
RESULTS:: 19:07:52: root                                   pydial.py <train_command>791 :  List of domains: Laptops11
RESULTS:: 19:07:52: root                                      pydial.py <trainBatch>409 :  *** Training Iteration env1-LAP-tau_sort_noinco_4020_0100_250100_0200-seed9-00.5->env1-LAP-tau_sort_noinco_4020_0100_250100_0200-seed9-00.6: iter=5, error-rate=0, num-dialogs=1000 ***
RESULTS:: 19:35:31: root                               EvaluationManager.py <_prstr>179 :  Results for domain: Laptops11 --evaluated by: objective success evaluator
RESULTS:: 19:35:31: root                               EvaluationManager.py <_prstr>179 :  # of dialogues  = 1000
RESULTS:: 19:35:31: root                               EvaluationManager.py <_prstr>179 :  Average reward  = 9.47 +- 0.49
RESULTS:: 19:35:31: root                               EvaluationManager.py <_prstr>179 :  Average success = 92.60 +- 1.62
RESULTS:: 19:35:31: root                               EvaluationManager.py <_prstr>179 :  Average turns   = 9.05 +- 0.27
RESULTS:: 19:35:31: root                                   pydial.py <setEvalConfig>470 :  *** Evaluating env1-LAP-tau_sort_noinco_4020_0100_250100_0200-seed9-00.6: error-rate=0 num-dialogs=500 ***
RESULTS:: 19:46:55: root                               EvaluationManager.py <_prstr>179 :  Results for domain: Laptops11 --evaluated by: objective success evaluator
RESULTS:: 19:46:55: root                               EvaluationManager.py <_prstr>179 :  # of dialogues  = 500
RESULTS:: 19:46:55: root                               EvaluationManager.py <_prstr>179 :  Average reward  = 10.74 +- 0.69
RESULTS:: 19:46:55: root                               EvaluationManager.py <_prstr>179 :  Average success = 93.40 +- 2.18
RESULTS:: 19:46:55: root                               EvaluationManager.py <_prstr>179 :  Average turns   = 7.94 +- 0.35
RESULTS:: 19:46:55: root                                   pydial.py <train_command>791 :  List of domains: Laptops11
RESULTS:: 19:46:55: root                                      pydial.py <trainBatch>409 :  *** Training Iteration env1-LAP-tau_sort_noinco_4020_0100_250100_0200-seed9-00.6->env1-LAP-tau_sort_noinco_4020_0100_250100_0200-seed9-00.7: iter=6, error-rate=0, num-dialogs=1000 ***
RESULTS:: 20:14:05: root                               EvaluationManager.py <_prstr>179 :  Results for domain: Laptops11 --evaluated by: objective success evaluator
RESULTS:: 20:14:05: root                               EvaluationManager.py <_prstr>179 :  # of dialogues  = 1000
RESULTS:: 20:14:05: root                               EvaluationManager.py <_prstr>179 :  Average reward  = 9.56 +- 0.47
RESULTS:: 20:14:05: root                               EvaluationManager.py <_prstr>179 :  Average success = 93.30 +- 1.55
RESULTS:: 20:14:05: root                               EvaluationManager.py <_prstr>179 :  Average turns   = 9.10 +- 0.28
RESULTS:: 20:14:05: root                                   pydial.py <setEvalConfig>470 :  *** Evaluating env1-LAP-tau_sort_noinco_4020_0100_250100_0200-seed9-00.7: error-rate=0 num-dialogs=500 ***
RESULTS:: 20:24:47: root                               EvaluationManager.py <_prstr>179 :  Results for domain: Laptops11 --evaluated by: objective success evaluator
RESULTS:: 20:24:47: root                               EvaluationManager.py <_prstr>179 :  # of dialogues  = 500
RESULTS:: 20:24:47: root                               EvaluationManager.py <_prstr>179 :  Average reward  = 10.92 +- 0.57
RESULTS:: 20:24:47: root                               EvaluationManager.py <_prstr>179 :  Average success = 91.20 +- 2.49
RESULTS:: 20:24:47: root                               EvaluationManager.py <_prstr>179 :  Average turns   = 7.32 +- 0.23
RESULTS:: 20:24:47: root                                   pydial.py <train_command>791 :  List of domains: Laptops11
RESULTS:: 20:24:47: root                                      pydial.py <trainBatch>409 :  *** Training Iteration env1-LAP-tau_sort_noinco_4020_0100_250100_0200-seed9-00.7->env1-LAP-tau_sort_noinco_4020_0100_250100_0200-seed9-00.8: iter=7, error-rate=0, num-dialogs=1000 ***
RESULTS:: 20:51:59: root                               EvaluationManager.py <_prstr>179 :  Results for domain: Laptops11 --evaluated by: objective success evaluator
RESULTS:: 20:51:59: root                               EvaluationManager.py <_prstr>179 :  # of dialogues  = 1000
RESULTS:: 20:51:59: root                               EvaluationManager.py <_prstr>179 :  Average reward  = 9.73 +- 0.46
RESULTS:: 20:51:59: root                               EvaluationManager.py <_prstr>179 :  Average success = 93.00 +- 1.58
RESULTS:: 20:51:59: root                               EvaluationManager.py <_prstr>179 :  Average turns   = 8.87 +- 0.26
RESULTS:: 20:51:59: root                                   pydial.py <setEvalConfig>470 :  *** Evaluating env1-LAP-tau_sort_noinco_4020_0100_250100_0200-seed9-00.8: error-rate=0 num-dialogs=500 ***
RESULTS:: 21:03:01: root                               EvaluationManager.py <_prstr>179 :  Results for domain: Laptops11 --evaluated by: objective success evaluator
RESULTS:: 21:03:01: root                               EvaluationManager.py <_prstr>179 :  # of dialogues  = 500
RESULTS:: 21:03:01: root                               EvaluationManager.py <_prstr>179 :  Average reward  = 11.85 +- 0.49
RESULTS:: 21:03:01: root                               EvaluationManager.py <_prstr>179 :  Average success = 96.40 +- 1.64
RESULTS:: 21:03:01: root                               EvaluationManager.py <_prstr>179 :  Average turns   = 7.43 +- 0.28
RESULTS:: 21:03:01: root                                   pydial.py <train_command>791 :  List of domains: Laptops11
RESULTS:: 21:03:01: root                                      pydial.py <trainBatch>409 :  *** Training Iteration env1-LAP-tau_sort_noinco_4020_0100_250100_0200-seed9-00.8->env1-LAP-tau_sort_noinco_4020_0100_250100_0200-seed9-00.9: iter=8, error-rate=0, num-dialogs=1000 ***
RESULTS:: 21:30:27: root                               EvaluationManager.py <_prstr>179 :  Results for domain: Laptops11 --evaluated by: objective success evaluator
RESULTS:: 21:30:27: root                               EvaluationManager.py <_prstr>179 :  # of dialogues  = 1000
RESULTS:: 21:30:27: root                               EvaluationManager.py <_prstr>179 :  Average reward  = 9.72 +- 0.48
RESULTS:: 21:30:27: root                               EvaluationManager.py <_prstr>179 :  Average success = 93.20 +- 1.56
RESULTS:: 21:30:27: root                               EvaluationManager.py <_prstr>179 :  Average turns   = 8.92 +- 0.27
RESULTS:: 21:30:27: root                                   pydial.py <setEvalConfig>470 :  *** Evaluating env1-LAP-tau_sort_noinco_4020_0100_250100_0200-seed9-00.9: error-rate=0 num-dialogs=500 ***
RESULTS:: 21:40:43: root                               EvaluationManager.py <_prstr>179 :  Results for domain: Laptops11 --evaluated by: objective success evaluator
RESULTS:: 21:40:43: root                               EvaluationManager.py <_prstr>179 :  # of dialogues  = 500
RESULTS:: 21:40:43: root                               EvaluationManager.py <_prstr>179 :  Average reward  = 9.98 +- 0.69
RESULTS:: 21:40:43: root                               EvaluationManager.py <_prstr>179 :  Average success = 85.80 +- 3.07
RESULTS:: 21:40:43: root                               EvaluationManager.py <_prstr>179 :  Average turns   = 7.18 +- 0.21
RESULTS:: 21:40:43: root                                   pydial.py <train_command>791 :  List of domains: Laptops11
RESULTS:: 21:40:43: root                                      pydial.py <trainBatch>409 :  *** Training Iteration env1-LAP-tau_sort_noinco_4020_0100_250100_0200-seed9-00.9->env1-LAP-tau_sort_noinco_4020_0100_250100_0200-seed9-00.10: iter=9, error-rate=0, num-dialogs=1000 ***
RESULTS:: 22:07:31: root                               EvaluationManager.py <_prstr>179 :  Results for domain: Laptops11 --evaluated by: objective success evaluator
RESULTS:: 22:07:31: root                               EvaluationManager.py <_prstr>179 :  # of dialogues  = 1000
RESULTS:: 22:07:31: root                               EvaluationManager.py <_prstr>179 :  Average reward  = 9.98 +- 0.46
RESULTS:: 22:07:31: root                               EvaluationManager.py <_prstr>179 :  Average success = 94.20 +- 1.45
RESULTS:: 22:07:31: root                               EvaluationManager.py <_prstr>179 :  Average turns   = 8.86 +- 0.26
RESULTS:: 22:07:31: root                                   pydial.py <setEvalConfig>470 :  *** Evaluating env1-LAP-tau_sort_noinco_4020_0100_250100_0200-seed9-00.10: error-rate=0 num-dialogs=500 ***
RESULTS:: 22:18:15: root                               EvaluationManager.py <_prstr>179 :  Results for domain: Laptops11 --evaluated by: objective success evaluator
RESULTS:: 22:18:15: root                               EvaluationManager.py <_prstr>179 :  # of dialogues  = 500
RESULTS:: 22:18:15: root                               EvaluationManager.py <_prstr>179 :  Average reward  = 12.44 +- 0.34
RESULTS:: 22:18:15: root                               EvaluationManager.py <_prstr>179 :  Average success = 98.40 +- 1.10
RESULTS:: 22:18:15: root                               EvaluationManager.py <_prstr>179 :  Average turns   = 7.24 +- 0.23
RESULTS:: 22:18:15: root                                   pydial.py <train_command>807 :  *** Training complete. log: env1-LAP-tau_sort_noinco_4020_0100_250100_0200-seed9-00.1-10.train.log - final policy is env1-LAP-tau_sort_noinco_4020_0100_250100_0200-00-10
