RESULTS:: 15:53:04: root                                   pydial.py <train_command>791 :  List of domains: Laptops11
RESULTS:: 15:53:04: root                                      pydial.py <trainBatch>409 :  *** Training Iteration env1-LAP-tau_sort_noinco_4020_0100_250100_0200-seed4-00.0->env1-LAP-tau_sort_noinco_4020_0100_250100_0200-seed4-00.1: iter=0, error-rate=0, num-dialogs=1000 ***
RESULTS:: 16:24:07: root                               EvaluationManager.py <_prstr>179 :  Results for domain: Laptops11 --evaluated by: objective success evaluator
RESULTS:: 16:24:07: root                               EvaluationManager.py <_prstr>179 :  # of dialogues  = 1000
RESULTS:: 16:24:07: root                               EvaluationManager.py <_prstr>179 :  Average reward  = 6.68 +- 0.66
RESULTS:: 16:24:07: root                               EvaluationManager.py <_prstr>179 :  Average success = 81.80 +- 2.39
RESULTS:: 16:24:07: root                               EvaluationManager.py <_prstr>179 :  Average turns   = 9.68 +- 0.32
RESULTS:: 16:24:07: root                                   pydial.py <setEvalConfig>470 :  *** Evaluating env1-LAP-tau_sort_noinco_4020_0100_250100_0200-seed4-00.1: error-rate=0 num-dialogs=500 ***
RESULTS:: 16:35:25: root                               EvaluationManager.py <_prstr>179 :  Results for domain: Laptops11 --evaluated by: objective success evaluator
RESULTS:: 16:35:25: root                               EvaluationManager.py <_prstr>179 :  # of dialogues  = 500
RESULTS:: 16:35:25: root                               EvaluationManager.py <_prstr>179 :  Average reward  = 12.25 +- 0.41
RESULTS:: 16:35:25: root                               EvaluationManager.py <_prstr>179 :  Average success = 97.20 +- 1.45
RESULTS:: 16:35:25: root                               EvaluationManager.py <_prstr>179 :  Average turns   = 7.19 +- 0.25
RESULTS:: 16:35:25: root                                   pydial.py <train_command>791 :  List of domains: Laptops11
RESULTS:: 16:35:25: root                                      pydial.py <trainBatch>409 :  *** Training Iteration env1-LAP-tau_sort_noinco_4020_0100_250100_0200-seed4-00.1->env1-LAP-tau_sort_noinco_4020_0100_250100_0200-seed4-00.2: iter=1, error-rate=0, num-dialogs=1000 ***
RESULTS:: 17:04:55: root                               EvaluationManager.py <_prstr>179 :  Results for domain: Laptops11 --evaluated by: objective success evaluator
RESULTS:: 17:04:55: root                               EvaluationManager.py <_prstr>179 :  # of dialogues  = 1000
RESULTS:: 17:04:55: root                               EvaluationManager.py <_prstr>179 :  Average reward  = 9.82 +- 0.48
RESULTS:: 17:04:55: root                               EvaluationManager.py <_prstr>179 :  Average success = 92.90 +- 1.59
RESULTS:: 17:04:55: root                               EvaluationManager.py <_prstr>179 :  Average turns   = 8.76 +- 0.26
RESULTS:: 17:04:55: root                                   pydial.py <setEvalConfig>470 :  *** Evaluating env1-LAP-tau_sort_noinco_4020_0100_250100_0200-seed4-00.2: error-rate=0 num-dialogs=500 ***
RESULTS:: 17:15:31: root                               EvaluationManager.py <_prstr>179 :  Results for domain: Laptops11 --evaluated by: objective success evaluator
RESULTS:: 17:15:31: root                               EvaluationManager.py <_prstr>179 :  # of dialogues  = 500
RESULTS:: 17:15:31: root                               EvaluationManager.py <_prstr>179 :  Average reward  = 7.49 +- 0.82
RESULTS:: 17:15:31: root                               EvaluationManager.py <_prstr>179 :  Average success = 72.00 +- 3.95
RESULTS:: 17:15:31: root                               EvaluationManager.py <_prstr>179 :  Average turns   = 6.91 +- 0.18
RESULTS:: 17:15:31: root                                   pydial.py <train_command>791 :  List of domains: Laptops11
RESULTS:: 17:15:31: root                                      pydial.py <trainBatch>409 :  *** Training Iteration env1-LAP-tau_sort_noinco_4020_0100_250100_0200-seed4-00.2->env1-LAP-tau_sort_noinco_4020_0100_250100_0200-seed4-00.3: iter=2, error-rate=0, num-dialogs=1000 ***
RESULTS:: 17:43:17: root                               EvaluationManager.py <_prstr>179 :  Results for domain: Laptops11 --evaluated by: objective success evaluator
RESULTS:: 17:43:17: root                               EvaluationManager.py <_prstr>179 :  # of dialogues  = 1000
RESULTS:: 17:43:17: root                               EvaluationManager.py <_prstr>179 :  Average reward  = 9.67 +- 0.48
RESULTS:: 17:43:17: root                               EvaluationManager.py <_prstr>179 :  Average success = 92.40 +- 1.64
RESULTS:: 17:43:17: root                               EvaluationManager.py <_prstr>179 :  Average turns   = 8.81 +- 0.26
RESULTS:: 17:43:17: root                                   pydial.py <setEvalConfig>470 :  *** Evaluating env1-LAP-tau_sort_noinco_4020_0100_250100_0200-seed4-00.3: error-rate=0 num-dialogs=500 ***
RESULTS:: 17:53:06: root                               EvaluationManager.py <_prstr>179 :  Results for domain: Laptops11 --evaluated by: objective success evaluator
RESULTS:: 17:53:06: root                               EvaluationManager.py <_prstr>179 :  # of dialogues  = 500
RESULTS:: 17:53:06: root                               EvaluationManager.py <_prstr>179 :  Average reward  = 5.80 +- 0.88
RESULTS:: 17:53:06: root                               EvaluationManager.py <_prstr>179 :  Average success = 61.00 +- 4.29
RESULTS:: 17:53:06: root                               EvaluationManager.py <_prstr>179 :  Average turns   = 6.40 +- 0.16
RESULTS:: 17:53:06: root                                   pydial.py <train_command>791 :  List of domains: Laptops11
RESULTS:: 17:53:06: root                                      pydial.py <trainBatch>409 :  *** Training Iteration env1-LAP-tau_sort_noinco_4020_0100_250100_0200-seed4-00.3->env1-LAP-tau_sort_noinco_4020_0100_250100_0200-seed4-00.4: iter=3, error-rate=0, num-dialogs=1000 ***
RESULTS:: 18:20:56: root                               EvaluationManager.py <_prstr>179 :  Results for domain: Laptops11 --evaluated by: objective success evaluator
RESULTS:: 18:20:56: root                               EvaluationManager.py <_prstr>179 :  # of dialogues  = 1000
RESULTS:: 18:20:56: root                               EvaluationManager.py <_prstr>179 :  Average reward  = 9.52 +- 0.47
RESULTS:: 18:20:56: root                               EvaluationManager.py <_prstr>179 :  Average success = 91.00 +- 1.78
RESULTS:: 18:20:56: root                               EvaluationManager.py <_prstr>179 :  Average turns   = 8.68 +- 0.23
RESULTS:: 18:20:56: root                                   pydial.py <setEvalConfig>470 :  *** Evaluating env1-LAP-tau_sort_noinco_4020_0100_250100_0200-seed4-00.4: error-rate=0 num-dialogs=500 ***
RESULTS:: 18:33:01: root                               EvaluationManager.py <_prstr>179 :  Results for domain: Laptops11 --evaluated by: objective success evaluator
RESULTS:: 18:33:01: root                               EvaluationManager.py <_prstr>179 :  # of dialogues  = 500
RESULTS:: 18:33:01: root                               EvaluationManager.py <_prstr>179 :  Average reward  = 9.53 +- 0.74
RESULTS:: 18:33:01: root                               EvaluationManager.py <_prstr>179 :  Average success = 87.40 +- 2.92
RESULTS:: 18:33:01: root                               EvaluationManager.py <_prstr>179 :  Average turns   = 7.95 +- 0.32
RESULTS:: 18:33:01: root                                   pydial.py <train_command>791 :  List of domains: Laptops11
RESULTS:: 18:33:01: root                                      pydial.py <trainBatch>409 :  *** Training Iteration env1-LAP-tau_sort_noinco_4020_0100_250100_0200-seed4-00.4->env1-LAP-tau_sort_noinco_4020_0100_250100_0200-seed4-00.5: iter=4, error-rate=0, num-dialogs=1000 ***
RESULTS:: 19:00:23: root                               EvaluationManager.py <_prstr>179 :  Results for domain: Laptops11 --evaluated by: objective success evaluator
RESULTS:: 19:00:23: root                               EvaluationManager.py <_prstr>179 :  # of dialogues  = 1000
RESULTS:: 19:00:23: root                               EvaluationManager.py <_prstr>179 :  Average reward  = 9.82 +- 0.42
RESULTS:: 19:00:23: root                               EvaluationManager.py <_prstr>179 :  Average success = 92.70 +- 1.61
RESULTS:: 19:00:23: root                               EvaluationManager.py <_prstr>179 :  Average turns   = 8.72 +- 0.24
RESULTS:: 19:00:23: root                                   pydial.py <setEvalConfig>470 :  *** Evaluating env1-LAP-tau_sort_noinco_4020_0100_250100_0200-seed4-00.5: error-rate=0 num-dialogs=500 ***
RESULTS:: 19:11:44: root                               EvaluationManager.py <_prstr>179 :  Results for domain: Laptops11 --evaluated by: objective success evaluator
RESULTS:: 19:11:44: root                               EvaluationManager.py <_prstr>179 :  # of dialogues  = 500
RESULTS:: 19:11:44: root                               EvaluationManager.py <_prstr>179 :  Average reward  = 10.23 +- 0.65
RESULTS:: 19:11:44: root                               EvaluationManager.py <_prstr>179 :  Average success = 89.20 +- 2.73
RESULTS:: 19:11:44: root                               EvaluationManager.py <_prstr>179 :  Average turns   = 7.61 +- 0.27
RESULTS:: 19:11:44: root                                   pydial.py <train_command>791 :  List of domains: Laptops11
RESULTS:: 19:11:44: root                                      pydial.py <trainBatch>409 :  *** Training Iteration env1-LAP-tau_sort_noinco_4020_0100_250100_0200-seed4-00.5->env1-LAP-tau_sort_noinco_4020_0100_250100_0200-seed4-00.6: iter=5, error-rate=0, num-dialogs=1000 ***
RESULTS:: 19:39:30: root                               EvaluationManager.py <_prstr>179 :  Results for domain: Laptops11 --evaluated by: objective success evaluator
RESULTS:: 19:39:30: root                               EvaluationManager.py <_prstr>179 :  # of dialogues  = 1000
RESULTS:: 19:39:30: root                               EvaluationManager.py <_prstr>179 :  Average reward  = 9.80 +- 0.47
RESULTS:: 19:39:30: root                               EvaluationManager.py <_prstr>179 :  Average success = 93.50 +- 1.53
RESULTS:: 19:39:30: root                               EvaluationManager.py <_prstr>179 :  Average turns   = 8.90 +- 0.27
RESULTS:: 19:39:30: root                                   pydial.py <setEvalConfig>470 :  *** Evaluating env1-LAP-tau_sort_noinco_4020_0100_250100_0200-seed4-00.6: error-rate=0 num-dialogs=500 ***
RESULTS:: 19:50:30: root                               EvaluationManager.py <_prstr>179 :  Results for domain: Laptops11 --evaluated by: objective success evaluator
RESULTS:: 19:50:30: root                               EvaluationManager.py <_prstr>179 :  # of dialogues  = 500
RESULTS:: 19:50:30: root                               EvaluationManager.py <_prstr>179 :  Average reward  = 10.71 +- 0.68
RESULTS:: 19:50:30: root                               EvaluationManager.py <_prstr>179 :  Average success = 91.20 +- 2.49
RESULTS:: 19:50:30: root                               EvaluationManager.py <_prstr>179 :  Average turns   = 7.53 +- 0.30
RESULTS:: 19:50:30: root                                   pydial.py <train_command>791 :  List of domains: Laptops11
RESULTS:: 19:50:30: root                                      pydial.py <trainBatch>409 :  *** Training Iteration env1-LAP-tau_sort_noinco_4020_0100_250100_0200-seed4-00.6->env1-LAP-tau_sort_noinco_4020_0100_250100_0200-seed4-00.7: iter=6, error-rate=0, num-dialogs=1000 ***
RESULTS:: 20:17:26: root                               EvaluationManager.py <_prstr>179 :  Results for domain: Laptops11 --evaluated by: objective success evaluator
RESULTS:: 20:17:26: root                               EvaluationManager.py <_prstr>179 :  # of dialogues  = 1000
RESULTS:: 20:17:26: root                               EvaluationManager.py <_prstr>179 :  Average reward  = 10.25 +- 0.44
RESULTS:: 20:17:26: root                               EvaluationManager.py <_prstr>179 :  Average success = 95.10 +- 1.34
RESULTS:: 20:17:26: root                               EvaluationManager.py <_prstr>179 :  Average turns   = 8.77 +- 0.26
RESULTS:: 20:17:26: root                                   pydial.py <setEvalConfig>470 :  *** Evaluating env1-LAP-tau_sort_noinco_4020_0100_250100_0200-seed4-00.7: error-rate=0 num-dialogs=500 ***
RESULTS:: 20:28:59: root                               EvaluationManager.py <_prstr>179 :  Results for domain: Laptops11 --evaluated by: objective success evaluator
RESULTS:: 20:28:59: root                               EvaluationManager.py <_prstr>179 :  # of dialogues  = 500
RESULTS:: 20:28:59: root                               EvaluationManager.py <_prstr>179 :  Average reward  = 11.55 +- 0.53
RESULTS:: 20:28:59: root                               EvaluationManager.py <_prstr>179 :  Average success = 95.80 +- 1.76
RESULTS:: 20:28:59: root                               EvaluationManager.py <_prstr>179 :  Average turns   = 7.61 +- 0.30
RESULTS:: 20:28:59: root                                   pydial.py <train_command>791 :  List of domains: Laptops11
RESULTS:: 20:28:59: root                                      pydial.py <trainBatch>409 :  *** Training Iteration env1-LAP-tau_sort_noinco_4020_0100_250100_0200-seed4-00.7->env1-LAP-tau_sort_noinco_4020_0100_250100_0200-seed4-00.8: iter=7, error-rate=0, num-dialogs=1000 ***
RESULTS:: 20:56:26: root                               EvaluationManager.py <_prstr>179 :  Results for domain: Laptops11 --evaluated by: objective success evaluator
RESULTS:: 20:56:26: root                               EvaluationManager.py <_prstr>179 :  # of dialogues  = 1000
RESULTS:: 20:56:26: root                               EvaluationManager.py <_prstr>179 :  Average reward  = 10.41 +- 0.43
RESULTS:: 20:56:26: root                               EvaluationManager.py <_prstr>179 :  Average success = 95.80 +- 1.24
RESULTS:: 20:56:26: root                               EvaluationManager.py <_prstr>179 :  Average turns   = 8.74 +- 0.26
RESULTS:: 20:56:26: root                                   pydial.py <setEvalConfig>470 :  *** Evaluating env1-LAP-tau_sort_noinco_4020_0100_250100_0200-seed4-00.8: error-rate=0 num-dialogs=500 ***
RESULTS:: 21:07:42: root                               EvaluationManager.py <_prstr>179 :  Results for domain: Laptops11 --evaluated by: objective success evaluator
RESULTS:: 21:07:42: root                               EvaluationManager.py <_prstr>179 :  # of dialogues  = 500
RESULTS:: 21:07:42: root                               EvaluationManager.py <_prstr>179 :  Average reward  = 12.27 +- 0.38
RESULTS:: 21:07:42: root                               EvaluationManager.py <_prstr>179 :  Average success = 98.60 +- 1.03
RESULTS:: 21:07:42: root                               EvaluationManager.py <_prstr>179 :  Average turns   = 7.45 +- 0.29
RESULTS:: 21:07:42: root                                   pydial.py <train_command>791 :  List of domains: Laptops11
RESULTS:: 21:07:42: root                                      pydial.py <trainBatch>409 :  *** Training Iteration env1-LAP-tau_sort_noinco_4020_0100_250100_0200-seed4-00.8->env1-LAP-tau_sort_noinco_4020_0100_250100_0200-seed4-00.9: iter=8, error-rate=0, num-dialogs=1000 ***
RESULTS:: 21:36:01: root                               EvaluationManager.py <_prstr>179 :  Results for domain: Laptops11 --evaluated by: objective success evaluator
RESULTS:: 21:36:01: root                               EvaluationManager.py <_prstr>179 :  # of dialogues  = 1000
RESULTS:: 21:36:01: root                               EvaluationManager.py <_prstr>179 :  Average reward  = 9.69 +- 0.48
RESULTS:: 21:36:01: root                               EvaluationManager.py <_prstr>179 :  Average success = 94.20 +- 1.45
RESULTS:: 21:36:01: root                               EvaluationManager.py <_prstr>179 :  Average turns   = 9.15 +- 0.28
RESULTS:: 21:36:01: root                                   pydial.py <setEvalConfig>470 :  *** Evaluating env1-LAP-tau_sort_noinco_4020_0100_250100_0200-seed4-00.9: error-rate=0 num-dialogs=500 ***
RESULTS:: 21:46:53: root                               EvaluationManager.py <_prstr>179 :  Results for domain: Laptops11 --evaluated by: objective success evaluator
RESULTS:: 21:46:53: root                               EvaluationManager.py <_prstr>179 :  # of dialogues  = 500
RESULTS:: 21:46:53: root                               EvaluationManager.py <_prstr>179 :  Average reward  = 10.83 +- 0.61
RESULTS:: 21:46:53: root                               EvaluationManager.py <_prstr>179 :  Average success = 91.20 +- 2.49
RESULTS:: 21:46:53: root                               EvaluationManager.py <_prstr>179 :  Average turns   = 7.41 +- 0.27
RESULTS:: 21:46:53: root                                   pydial.py <train_command>791 :  List of domains: Laptops11
RESULTS:: 21:46:53: root                                      pydial.py <trainBatch>409 :  *** Training Iteration env1-LAP-tau_sort_noinco_4020_0100_250100_0200-seed4-00.9->env1-LAP-tau_sort_noinco_4020_0100_250100_0200-seed4-00.10: iter=9, error-rate=0, num-dialogs=1000 ***
RESULTS:: 22:14:14: root                               EvaluationManager.py <_prstr>179 :  Results for domain: Laptops11 --evaluated by: objective success evaluator
RESULTS:: 22:14:14: root                               EvaluationManager.py <_prstr>179 :  # of dialogues  = 1000
RESULTS:: 22:14:14: root                               EvaluationManager.py <_prstr>179 :  Average reward  = 9.95 +- 0.46
RESULTS:: 22:14:14: root                               EvaluationManager.py <_prstr>179 :  Average success = 93.60 +- 1.52
RESULTS:: 22:14:14: root                               EvaluationManager.py <_prstr>179 :  Average turns   = 8.77 +- 0.25
RESULTS:: 22:14:14: root                                   pydial.py <setEvalConfig>470 :  *** Evaluating env1-LAP-tau_sort_noinco_4020_0100_250100_0200-seed4-00.10: error-rate=0 num-dialogs=500 ***
RESULTS:: 22:25:13: root                               EvaluationManager.py <_prstr>179 :  Results for domain: Laptops11 --evaluated by: objective success evaluator
RESULTS:: 22:25:13: root                               EvaluationManager.py <_prstr>179 :  # of dialogues  = 500
RESULTS:: 22:25:13: root                               EvaluationManager.py <_prstr>179 :  Average reward  = 10.60 +- 0.63
RESULTS:: 22:25:13: root                               EvaluationManager.py <_prstr>179 :  Average success = 90.00 +- 2.64
RESULTS:: 22:25:13: root                               EvaluationManager.py <_prstr>179 :  Average turns   = 7.40 +- 0.26
RESULTS:: 22:25:13: root                                   pydial.py <train_command>807 :  *** Training complete. log: env1-LAP-tau_sort_noinco_4020_0100_250100_0200-seed4-00.1-10.train.log - final policy is env1-LAP-tau_sort_noinco_4020_0100_250100_0200-00-10
