RESULTS:: 19:45:51: root                                   pydial.py <train_command>791 :  List of domains: Laptops11
RESULTS:: 19:45:51: root                                      pydial.py <trainBatch>409 :  *** Training Iteration env1-LAP-tau_nodrop_noinco_sort_sharelast_4020_250100_shpr_1818-seed6-00.0->env1-LAP-tau_nodrop_noinco_sort_sharelast_4020_250100_shpr_1818-seed6-00.1: iter=0, error-rate=0, num-dialogs=1000 ***
RESULTS:: 20:16:21: root                               EvaluationManager.py <_prstr>179 :  Results for domain: Laptops11 --evaluated by: objective success evaluator
RESULTS:: 20:16:21: root                               EvaluationManager.py <_prstr>179 :  # of dialogues  = 1000
RESULTS:: 20:16:21: root                               EvaluationManager.py <_prstr>179 :  Average reward  = 7.00 +- 0.62
RESULTS:: 20:16:21: root                               EvaluationManager.py <_prstr>179 :  Average success = 82.70 +- 2.35
RESULTS:: 20:16:21: root                               EvaluationManager.py <_prstr>179 :  Average turns   = 9.54 +- 0.28
RESULTS:: 20:16:21: root                                   pydial.py <setEvalConfig>470 :  *** Evaluating env1-LAP-tau_nodrop_noinco_sort_sharelast_4020_250100_shpr_1818-seed6-00.1: error-rate=0 num-dialogs=500 ***
RESULTS:: 20:27:19: root                               EvaluationManager.py <_prstr>179 :  Results for domain: Laptops11 --evaluated by: objective success evaluator
RESULTS:: 20:27:19: root                               EvaluationManager.py <_prstr>179 :  # of dialogues  = 500
RESULTS:: 20:27:19: root                               EvaluationManager.py <_prstr>179 :  Average reward  = 6.62 +- 0.86
RESULTS:: 20:27:19: root                               EvaluationManager.py <_prstr>179 :  Average success = 69.60 +- 4.04
RESULTS:: 20:27:19: root                               EvaluationManager.py <_prstr>179 :  Average turns   = 7.30 +- 0.22
RESULTS:: 20:27:19: root                                   pydial.py <train_command>791 :  List of domains: Laptops11
RESULTS:: 20:27:19: root                                      pydial.py <trainBatch>409 :  *** Training Iteration env1-LAP-tau_nodrop_noinco_sort_sharelast_4020_250100_shpr_1818-seed6-00.1->env1-LAP-tau_nodrop_noinco_sort_sharelast_4020_250100_shpr_1818-seed6-00.2: iter=1, error-rate=0, num-dialogs=1000 ***
RESULTS:: 20:56:08: root                               EvaluationManager.py <_prstr>179 :  Results for domain: Laptops11 --evaluated by: objective success evaluator
RESULTS:: 20:56:08: root                               EvaluationManager.py <_prstr>179 :  # of dialogues  = 1000
RESULTS:: 20:56:08: root                               EvaluationManager.py <_prstr>179 :  Average reward  = 9.45 +- 0.45
RESULTS:: 20:56:08: root                               EvaluationManager.py <_prstr>179 :  Average success = 91.50 +- 1.73
RESULTS:: 20:56:08: root                               EvaluationManager.py <_prstr>179 :  Average turns   = 8.85 +- 0.25
RESULTS:: 20:56:08: root                                   pydial.py <setEvalConfig>470 :  *** Evaluating env1-LAP-tau_nodrop_noinco_sort_sharelast_4020_250100_shpr_1818-seed6-00.2: error-rate=0 num-dialogs=500 ***
RESULTS:: 21:08:17: root                               EvaluationManager.py <_prstr>179 :  Results for domain: Laptops11 --evaluated by: objective success evaluator
RESULTS:: 21:08:17: root                               EvaluationManager.py <_prstr>179 :  # of dialogues  = 500
RESULTS:: 21:08:17: root                               EvaluationManager.py <_prstr>179 :  Average reward  = 9.03 +- 0.75
RESULTS:: 21:08:17: root                               EvaluationManager.py <_prstr>179 :  Average success = 84.80 +- 3.15
RESULTS:: 21:08:17: root                               EvaluationManager.py <_prstr>179 :  Average turns   = 7.93 +- 0.29
RESULTS:: 21:08:17: root                                   pydial.py <train_command>791 :  List of domains: Laptops11
RESULTS:: 21:08:17: root                                      pydial.py <trainBatch>409 :  *** Training Iteration env1-LAP-tau_nodrop_noinco_sort_sharelast_4020_250100_shpr_1818-seed6-00.2->env1-LAP-tau_nodrop_noinco_sort_sharelast_4020_250100_shpr_1818-seed6-00.3: iter=2, error-rate=0, num-dialogs=1000 ***
RESULTS:: 21:37:08: root                               EvaluationManager.py <_prstr>179 :  Results for domain: Laptops11 --evaluated by: objective success evaluator
RESULTS:: 21:37:08: root                               EvaluationManager.py <_prstr>179 :  # of dialogues  = 1000
RESULTS:: 21:37:08: root                               EvaluationManager.py <_prstr>179 :  Average reward  = 9.06 +- 0.51
RESULTS:: 21:37:08: root                               EvaluationManager.py <_prstr>179 :  Average success = 89.70 +- 1.89
RESULTS:: 21:37:08: root                               EvaluationManager.py <_prstr>179 :  Average turns   = 8.88 +- 0.26
RESULTS:: 21:37:08: root                                   pydial.py <setEvalConfig>470 :  *** Evaluating env1-LAP-tau_nodrop_noinco_sort_sharelast_4020_250100_shpr_1818-seed6-00.3: error-rate=0 num-dialogs=500 ***
RESULTS:: 21:49:02: root                               EvaluationManager.py <_prstr>179 :  Results for domain: Laptops11 --evaluated by: objective success evaluator
RESULTS:: 21:49:02: root                               EvaluationManager.py <_prstr>179 :  # of dialogues  = 500
RESULTS:: 21:49:02: root                               EvaluationManager.py <_prstr>179 :  Average reward  = 7.65 +- 0.83
RESULTS:: 21:49:02: root                               EvaluationManager.py <_prstr>179 :  Average success = 77.80 +- 3.65
RESULTS:: 21:49:02: root                               EvaluationManager.py <_prstr>179 :  Average turns   = 7.91 +- 0.25
RESULTS:: 21:49:02: root                                   pydial.py <train_command>791 :  List of domains: Laptops11
RESULTS:: 21:49:02: root                                      pydial.py <trainBatch>409 :  *** Training Iteration env1-LAP-tau_nodrop_noinco_sort_sharelast_4020_250100_shpr_1818-seed6-00.3->env1-LAP-tau_nodrop_noinco_sort_sharelast_4020_250100_shpr_1818-seed6-00.4: iter=3, error-rate=0, num-dialogs=1000 ***
RESULTS:: 22:18:33: root                               EvaluationManager.py <_prstr>179 :  Results for domain: Laptops11 --evaluated by: objective success evaluator
RESULTS:: 22:18:33: root                               EvaluationManager.py <_prstr>179 :  # of dialogues  = 1000
RESULTS:: 22:18:33: root                               EvaluationManager.py <_prstr>179 :  Average reward  = 9.32 +- 0.49
RESULTS:: 22:18:33: root                               EvaluationManager.py <_prstr>179 :  Average success = 92.10 +- 1.67
RESULTS:: 22:18:33: root                               EvaluationManager.py <_prstr>179 :  Average turns   = 9.10 +- 0.27
RESULTS:: 22:18:33: root                                   pydial.py <setEvalConfig>470 :  *** Evaluating env1-LAP-tau_nodrop_noinco_sort_sharelast_4020_250100_shpr_1818-seed6-00.4: error-rate=0 num-dialogs=500 ***
RESULTS:: 22:29:56: root                               EvaluationManager.py <_prstr>179 :  Results for domain: Laptops11 --evaluated by: objective success evaluator
RESULTS:: 22:29:56: root                               EvaluationManager.py <_prstr>179 :  # of dialogues  = 500
RESULTS:: 22:29:56: root                               EvaluationManager.py <_prstr>179 :  Average reward  = 8.14 +- 0.85
RESULTS:: 22:29:56: root                               EvaluationManager.py <_prstr>179 :  Average success = 78.00 +- 3.64
RESULTS:: 22:29:56: root                               EvaluationManager.py <_prstr>179 :  Average turns   = 7.46 +- 0.27
RESULTS:: 22:29:56: root                                   pydial.py <train_command>791 :  List of domains: Laptops11
RESULTS:: 22:29:56: root                                      pydial.py <trainBatch>409 :  *** Training Iteration env1-LAP-tau_nodrop_noinco_sort_sharelast_4020_250100_shpr_1818-seed6-00.4->env1-LAP-tau_nodrop_noinco_sort_sharelast_4020_250100_shpr_1818-seed6-00.5: iter=4, error-rate=0, num-dialogs=1000 ***
RESULTS:: 23:00:53: root                               EvaluationManager.py <_prstr>179 :  Results for domain: Laptops11 --evaluated by: objective success evaluator
RESULTS:: 23:00:53: root                               EvaluationManager.py <_prstr>179 :  # of dialogues  = 1000
RESULTS:: 23:00:53: root                               EvaluationManager.py <_prstr>179 :  Average reward  = 9.71 +- 0.45
RESULTS:: 23:00:53: root                               EvaluationManager.py <_prstr>179 :  Average success = 93.20 +- 1.56
RESULTS:: 23:00:53: root                               EvaluationManager.py <_prstr>179 :  Average turns   = 8.93 +- 0.25
RESULTS:: 23:00:53: root                                   pydial.py <setEvalConfig>470 :  *** Evaluating env1-LAP-tau_nodrop_noinco_sort_sharelast_4020_250100_shpr_1818-seed6-00.5: error-rate=0 num-dialogs=500 ***
RESULTS:: 23:12:55: root                               EvaluationManager.py <_prstr>179 :  Results for domain: Laptops11 --evaluated by: objective success evaluator
RESULTS:: 23:12:55: root                               EvaluationManager.py <_prstr>179 :  # of dialogues  = 500
RESULTS:: 23:12:55: root                               EvaluationManager.py <_prstr>179 :  Average reward  = 11.82 +- 0.37
RESULTS:: 23:12:55: root                               EvaluationManager.py <_prstr>179 :  Average success = 98.00 +- 1.23
RESULTS:: 23:12:55: root                               EvaluationManager.py <_prstr>179 :  Average turns   = 7.78 +- 0.26
RESULTS:: 23:12:55: root                                   pydial.py <train_command>791 :  List of domains: Laptops11
RESULTS:: 23:12:55: root                                      pydial.py <trainBatch>409 :  *** Training Iteration env1-LAP-tau_nodrop_noinco_sort_sharelast_4020_250100_shpr_1818-seed6-00.5->env1-LAP-tau_nodrop_noinco_sort_sharelast_4020_250100_shpr_1818-seed6-00.6: iter=5, error-rate=0, num-dialogs=1000 ***
RESULTS:: 23:42:22: root                               EvaluationManager.py <_prstr>179 :  Results for domain: Laptops11 --evaluated by: objective success evaluator
RESULTS:: 23:42:22: root                               EvaluationManager.py <_prstr>179 :  # of dialogues  = 1000
RESULTS:: 23:42:22: root                               EvaluationManager.py <_prstr>179 :  Average reward  = 9.19 +- 0.50
RESULTS:: 23:42:22: root                               EvaluationManager.py <_prstr>179 :  Average success = 91.50 +- 1.73
RESULTS:: 23:42:22: root                               EvaluationManager.py <_prstr>179 :  Average turns   = 9.11 +- 0.28
RESULTS:: 23:42:22: root                                   pydial.py <setEvalConfig>470 :  *** Evaluating env1-LAP-tau_nodrop_noinco_sort_sharelast_4020_250100_shpr_1818-seed6-00.6: error-rate=0 num-dialogs=500 ***
RESULTS:: 23:54:25: root                               EvaluationManager.py <_prstr>179 :  Results for domain: Laptops11 --evaluated by: objective success evaluator
RESULTS:: 23:54:25: root                               EvaluationManager.py <_prstr>179 :  # of dialogues  = 500
RESULTS:: 23:54:25: root                               EvaluationManager.py <_prstr>179 :  Average reward  = 9.39 +- 0.69
RESULTS:: 23:54:25: root                               EvaluationManager.py <_prstr>179 :  Average success = 86.60 +- 2.99
RESULTS:: 23:54:25: root                               EvaluationManager.py <_prstr>179 :  Average turns   = 7.93 +- 0.25
RESULTS:: 23:54:25: root                                   pydial.py <train_command>791 :  List of domains: Laptops11
RESULTS:: 23:54:25: root                                      pydial.py <trainBatch>409 :  *** Training Iteration env1-LAP-tau_nodrop_noinco_sort_sharelast_4020_250100_shpr_1818-seed6-00.6->env1-LAP-tau_nodrop_noinco_sort_sharelast_4020_250100_shpr_1818-seed6-00.7: iter=6, error-rate=0, num-dialogs=1000 ***
RESULTS:: 00:24:27: root                               EvaluationManager.py <_prstr>179 :  Results for domain: Laptops11 --evaluated by: objective success evaluator
RESULTS:: 00:24:27: root                               EvaluationManager.py <_prstr>179 :  # of dialogues  = 1000
RESULTS:: 00:24:27: root                               EvaluationManager.py <_prstr>179 :  Average reward  = 8.12 +- 0.55
RESULTS:: 00:24:27: root                               EvaluationManager.py <_prstr>179 :  Average success = 87.30 +- 2.07
RESULTS:: 00:24:27: root                               EvaluationManager.py <_prstr>179 :  Average turns   = 9.34 +- 0.27
RESULTS:: 00:24:27: root                                   pydial.py <setEvalConfig>470 :  *** Evaluating env1-LAP-tau_nodrop_noinco_sort_sharelast_4020_250100_shpr_1818-seed6-00.7: error-rate=0 num-dialogs=500 ***
RESULTS:: 00:35:01: root                               EvaluationManager.py <_prstr>179 :  Results for domain: Laptops11 --evaluated by: objective success evaluator
RESULTS:: 00:35:01: root                               EvaluationManager.py <_prstr>179 :  # of dialogues  = 500
RESULTS:: 00:35:01: root                               EvaluationManager.py <_prstr>179 :  Average reward  = 4.03 +- 0.90
RESULTS:: 00:35:01: root                               EvaluationManager.py <_prstr>179 :  Average success = 54.60 +- 4.37
RESULTS:: 00:35:01: root                               EvaluationManager.py <_prstr>179 :  Average turns   = 6.89 +- 0.18
RESULTS:: 00:35:01: root                                   pydial.py <train_command>791 :  List of domains: Laptops11
RESULTS:: 00:35:01: root                                      pydial.py <trainBatch>409 :  *** Training Iteration env1-LAP-tau_nodrop_noinco_sort_sharelast_4020_250100_shpr_1818-seed6-00.7->env1-LAP-tau_nodrop_noinco_sort_sharelast_4020_250100_shpr_1818-seed6-00.8: iter=7, error-rate=0, num-dialogs=1000 ***
RESULTS:: 01:05:01: root                               EvaluationManager.py <_prstr>179 :  Results for domain: Laptops11 --evaluated by: objective success evaluator
RESULTS:: 01:05:01: root                               EvaluationManager.py <_prstr>179 :  # of dialogues  = 1000
RESULTS:: 01:05:01: root                               EvaluationManager.py <_prstr>179 :  Average reward  = 8.70 +- 0.56
RESULTS:: 01:05:01: root                               EvaluationManager.py <_prstr>179 :  Average success = 89.40 +- 1.91
RESULTS:: 01:05:01: root                               EvaluationManager.py <_prstr>179 :  Average turns   = 9.18 +- 0.29
RESULTS:: 01:05:01: root                                   pydial.py <setEvalConfig>470 :  *** Evaluating env1-LAP-tau_nodrop_noinco_sort_sharelast_4020_250100_shpr_1818-seed6-00.8: error-rate=0 num-dialogs=500 ***
RESULTS:: 01:16:35: root                               EvaluationManager.py <_prstr>179 :  Results for domain: Laptops11 --evaluated by: objective success evaluator
RESULTS:: 01:16:35: root                               EvaluationManager.py <_prstr>179 :  # of dialogues  = 500
RESULTS:: 01:16:35: root                               EvaluationManager.py <_prstr>179 :  Average reward  = 10.37 +- 0.62
RESULTS:: 01:16:35: root                               EvaluationManager.py <_prstr>179 :  Average success = 89.60 +- 2.68
RESULTS:: 01:16:35: root                               EvaluationManager.py <_prstr>179 :  Average turns   = 7.55 +- 0.25
RESULTS:: 01:16:35: root                                   pydial.py <train_command>791 :  List of domains: Laptops11
RESULTS:: 01:16:35: root                                      pydial.py <trainBatch>409 :  *** Training Iteration env1-LAP-tau_nodrop_noinco_sort_sharelast_4020_250100_shpr_1818-seed6-00.8->env1-LAP-tau_nodrop_noinco_sort_sharelast_4020_250100_shpr_1818-seed6-00.9: iter=8, error-rate=0, num-dialogs=1000 ***
RESULTS:: 01:45:41: root                               EvaluationManager.py <_prstr>179 :  Results for domain: Laptops11 --evaluated by: objective success evaluator
RESULTS:: 01:45:41: root                               EvaluationManager.py <_prstr>179 :  # of dialogues  = 1000
RESULTS:: 01:45:41: root                               EvaluationManager.py <_prstr>179 :  Average reward  = 8.70 +- 0.52
RESULTS:: 01:45:41: root                               EvaluationManager.py <_prstr>179 :  Average success = 88.70 +- 1.96
RESULTS:: 01:45:41: root                               EvaluationManager.py <_prstr>179 :  Average turns   = 9.04 +- 0.27
RESULTS:: 01:45:41: root                                   pydial.py <setEvalConfig>470 :  *** Evaluating env1-LAP-tau_nodrop_noinco_sort_sharelast_4020_250100_shpr_1818-seed6-00.9: error-rate=0 num-dialogs=500 ***
RESULTS:: 01:57:27: root                               EvaluationManager.py <_prstr>179 :  Results for domain: Laptops11 --evaluated by: objective success evaluator
RESULTS:: 01:57:27: root                               EvaluationManager.py <_prstr>179 :  # of dialogues  = 500
RESULTS:: 01:57:27: root                               EvaluationManager.py <_prstr>179 :  Average reward  = 10.42 +- 0.64
RESULTS:: 01:57:27: root                               EvaluationManager.py <_prstr>179 :  Average success = 90.40 +- 2.59
RESULTS:: 01:57:27: root                               EvaluationManager.py <_prstr>179 :  Average turns   = 7.66 +- 0.29
RESULTS:: 01:57:27: root                                   pydial.py <train_command>791 :  List of domains: Laptops11
RESULTS:: 01:57:27: root                                      pydial.py <trainBatch>409 :  *** Training Iteration env1-LAP-tau_nodrop_noinco_sort_sharelast_4020_250100_shpr_1818-seed6-00.9->env1-LAP-tau_nodrop_noinco_sort_sharelast_4020_250100_shpr_1818-seed6-00.10: iter=9, error-rate=0, num-dialogs=1000 ***
RESULTS:: 02:27:42: root                               EvaluationManager.py <_prstr>179 :  Results for domain: Laptops11 --evaluated by: objective success evaluator
RESULTS:: 02:27:42: root                               EvaluationManager.py <_prstr>179 :  # of dialogues  = 1000
RESULTS:: 02:27:42: root                               EvaluationManager.py <_prstr>179 :  Average reward  = 8.50 +- 0.55
RESULTS:: 02:27:42: root                               EvaluationManager.py <_prstr>179 :  Average success = 89.90 +- 1.87
RESULTS:: 02:27:42: root                               EvaluationManager.py <_prstr>179 :  Average turns   = 9.48 +- 0.29
RESULTS:: 02:27:42: root                                   pydial.py <setEvalConfig>470 :  *** Evaluating env1-LAP-tau_nodrop_noinco_sort_sharelast_4020_250100_shpr_1818-seed6-00.10: error-rate=0 num-dialogs=500 ***
RESULTS:: 02:38:18: root                               EvaluationManager.py <_prstr>179 :  Results for domain: Laptops11 --evaluated by: objective success evaluator
RESULTS:: 02:38:18: root                               EvaluationManager.py <_prstr>179 :  # of dialogues  = 500
RESULTS:: 02:38:18: root                               EvaluationManager.py <_prstr>179 :  Average reward  = 11.04 +- 0.56
RESULTS:: 02:38:18: root                               EvaluationManager.py <_prstr>179 :  Average success = 92.20 +- 2.36
RESULTS:: 02:38:18: root                               EvaluationManager.py <_prstr>179 :  Average turns   = 7.40 +- 0.25
RESULTS:: 02:38:18: root                                   pydial.py <train_command>807 :  *** Training complete. log: env1-LAP-tau_nodrop_noinco_sort_sharelast_4020_250100_shpr_1818-seed6-00.1-10.train.log - final policy is env1-LAP-tau_nodrop_noinco_sort_sharelast_4020_250100_shpr_1818-00-10
