RESULTS:: 19:45:42: root                                   pydial.py <train_command>791 :  List of domains: Laptops11
RESULTS:: 19:45:42: root                                      pydial.py <trainBatch>409 :  *** Training Iteration env1-LAP-tau_nodrop_noinco_sort_sharelast_4020_250100_shpr_1818-seed3-00.0->env1-LAP-tau_nodrop_noinco_sort_sharelast_4020_250100_shpr_1818-seed3-00.1: iter=0, error-rate=0, num-dialogs=1000 ***
RESULTS:: 20:15:46: root                               EvaluationManager.py <_prstr>179 :  Results for domain: Laptops11 --evaluated by: objective success evaluator
RESULTS:: 20:15:46: root                               EvaluationManager.py <_prstr>179 :  # of dialogues  = 1000
RESULTS:: 20:15:46: root                               EvaluationManager.py <_prstr>179 :  Average reward  = 7.70 +- 0.59
RESULTS:: 20:15:46: root                               EvaluationManager.py <_prstr>179 :  Average success = 85.60 +- 2.18
RESULTS:: 20:15:46: root                               EvaluationManager.py <_prstr>179 :  Average turns   = 9.42 +- 0.29
RESULTS:: 20:15:46: root                                   pydial.py <setEvalConfig>470 :  *** Evaluating env1-LAP-tau_nodrop_noinco_sort_sharelast_4020_250100_shpr_1818-seed3-00.1: error-rate=0 num-dialogs=500 ***
RESULTS:: 20:26:58: root                               EvaluationManager.py <_prstr>179 :  Results for domain: Laptops11 --evaluated by: objective success evaluator
RESULTS:: 20:26:58: root                               EvaluationManager.py <_prstr>179 :  # of dialogues  = 500
RESULTS:: 20:26:58: root                               EvaluationManager.py <_prstr>179 :  Average reward  = 11.20 +- 0.55
RESULTS:: 20:26:58: root                               EvaluationManager.py <_prstr>179 :  Average success = 93.00 +- 2.24
RESULTS:: 20:26:58: root                               EvaluationManager.py <_prstr>179 :  Average turns   = 7.40 +- 0.25
RESULTS:: 20:26:58: root                                   pydial.py <train_command>791 :  List of domains: Laptops11
RESULTS:: 20:26:58: root                                      pydial.py <trainBatch>409 :  *** Training Iteration env1-LAP-tau_nodrop_noinco_sort_sharelast_4020_250100_shpr_1818-seed3-00.1->env1-LAP-tau_nodrop_noinco_sort_sharelast_4020_250100_shpr_1818-seed3-00.2: iter=1, error-rate=0, num-dialogs=1000 ***
RESULTS:: 20:56:50: root                               EvaluationManager.py <_prstr>179 :  Results for domain: Laptops11 --evaluated by: objective success evaluator
RESULTS:: 20:56:50: root                               EvaluationManager.py <_prstr>179 :  # of dialogues  = 1000
RESULTS:: 20:56:50: root                               EvaluationManager.py <_prstr>179 :  Average reward  = 8.95 +- 0.49
RESULTS:: 20:56:50: root                               EvaluationManager.py <_prstr>179 :  Average success = 90.80 +- 1.79
RESULTS:: 20:56:50: root                               EvaluationManager.py <_prstr>179 :  Average turns   = 9.21 +- 0.27
RESULTS:: 20:56:50: root                                   pydial.py <setEvalConfig>470 :  *** Evaluating env1-LAP-tau_nodrop_noinco_sort_sharelast_4020_250100_shpr_1818-seed3-00.2: error-rate=0 num-dialogs=500 ***
RESULTS:: 21:08:10: root                               EvaluationManager.py <_prstr>179 :  Results for domain: Laptops11 --evaluated by: objective success evaluator
RESULTS:: 21:08:10: root                               EvaluationManager.py <_prstr>179 :  # of dialogues  = 500
RESULTS:: 21:08:10: root                               EvaluationManager.py <_prstr>179 :  Average reward  = 11.26 +- 0.55
RESULTS:: 21:08:10: root                               EvaluationManager.py <_prstr>179 :  Average success = 93.20 +- 2.21
RESULTS:: 21:08:10: root                               EvaluationManager.py <_prstr>179 :  Average turns   = 7.38 +- 0.26
RESULTS:: 21:08:10: root                                   pydial.py <train_command>791 :  List of domains: Laptops11
RESULTS:: 21:08:10: root                                      pydial.py <trainBatch>409 :  *** Training Iteration env1-LAP-tau_nodrop_noinco_sort_sharelast_4020_250100_shpr_1818-seed3-00.2->env1-LAP-tau_nodrop_noinco_sort_sharelast_4020_250100_shpr_1818-seed3-00.3: iter=2, error-rate=0, num-dialogs=1000 ***
RESULTS:: 21:36:37: root                               EvaluationManager.py <_prstr>179 :  Results for domain: Laptops11 --evaluated by: objective success evaluator
RESULTS:: 21:36:37: root                               EvaluationManager.py <_prstr>179 :  # of dialogues  = 1000
RESULTS:: 21:36:37: root                               EvaluationManager.py <_prstr>179 :  Average reward  = 9.54 +- 0.45
RESULTS:: 21:36:37: root                               EvaluationManager.py <_prstr>179 :  Average success = 91.60 +- 1.72
RESULTS:: 21:36:37: root                               EvaluationManager.py <_prstr>179 :  Average turns   = 8.78 +- 0.24
RESULTS:: 21:36:37: root                                   pydial.py <setEvalConfig>470 :  *** Evaluating env1-LAP-tau_nodrop_noinco_sort_sharelast_4020_250100_shpr_1818-seed3-00.3: error-rate=0 num-dialogs=500 ***
RESULTS:: 21:48:19: root                               EvaluationManager.py <_prstr>179 :  Results for domain: Laptops11 --evaluated by: objective success evaluator
RESULTS:: 21:48:19: root                               EvaluationManager.py <_prstr>179 :  # of dialogues  = 500
RESULTS:: 21:48:19: root                               EvaluationManager.py <_prstr>179 :  Average reward  = 10.52 +- 0.57
RESULTS:: 21:48:19: root                               EvaluationManager.py <_prstr>179 :  Average success = 90.60 +- 2.56
RESULTS:: 21:48:19: root                               EvaluationManager.py <_prstr>179 :  Average turns   = 7.60 +- 0.24
RESULTS:: 21:48:19: root                                   pydial.py <train_command>791 :  List of domains: Laptops11
RESULTS:: 21:48:19: root                                      pydial.py <trainBatch>409 :  *** Training Iteration env1-LAP-tau_nodrop_noinco_sort_sharelast_4020_250100_shpr_1818-seed3-00.3->env1-LAP-tau_nodrop_noinco_sort_sharelast_4020_250100_shpr_1818-seed3-00.4: iter=3, error-rate=0, num-dialogs=1000 ***
RESULTS:: 22:17:04: root                               EvaluationManager.py <_prstr>179 :  Results for domain: Laptops11 --evaluated by: objective success evaluator
RESULTS:: 22:17:04: root                               EvaluationManager.py <_prstr>179 :  # of dialogues  = 1000
RESULTS:: 22:17:04: root                               EvaluationManager.py <_prstr>179 :  Average reward  = 9.46 +- 0.48
RESULTS:: 22:17:04: root                               EvaluationManager.py <_prstr>179 :  Average success = 91.60 +- 1.72
RESULTS:: 22:17:04: root                               EvaluationManager.py <_prstr>179 :  Average turns   = 8.86 +- 0.26
RESULTS:: 22:17:04: root                                   pydial.py <setEvalConfig>470 :  *** Evaluating env1-LAP-tau_nodrop_noinco_sort_sharelast_4020_250100_shpr_1818-seed3-00.4: error-rate=0 num-dialogs=500 ***
RESULTS:: 22:28:45: root                               EvaluationManager.py <_prstr>179 :  Results for domain: Laptops11 --evaluated by: objective success evaluator
RESULTS:: 22:28:45: root                               EvaluationManager.py <_prstr>179 :  # of dialogues  = 500
RESULTS:: 22:28:45: root                               EvaluationManager.py <_prstr>179 :  Average reward  = 11.70 +- 0.49
RESULTS:: 22:28:45: root                               EvaluationManager.py <_prstr>179 :  Average success = 96.40 +- 1.64
RESULTS:: 22:28:45: root                               EvaluationManager.py <_prstr>179 :  Average turns   = 7.58 +- 0.28
RESULTS:: 22:28:45: root                                   pydial.py <train_command>791 :  List of domains: Laptops11
RESULTS:: 22:28:45: root                                      pydial.py <trainBatch>409 :  *** Training Iteration env1-LAP-tau_nodrop_noinco_sort_sharelast_4020_250100_shpr_1818-seed3-00.4->env1-LAP-tau_nodrop_noinco_sort_sharelast_4020_250100_shpr_1818-seed3-00.5: iter=4, error-rate=0, num-dialogs=1000 ***
RESULTS:: 23:00:38: root                               EvaluationManager.py <_prstr>179 :  Results for domain: Laptops11 --evaluated by: objective success evaluator
RESULTS:: 23:00:38: root                               EvaluationManager.py <_prstr>179 :  # of dialogues  = 1000
RESULTS:: 23:00:38: root                               EvaluationManager.py <_prstr>179 :  Average reward  = 8.51 +- 0.55
RESULTS:: 23:00:38: root                               EvaluationManager.py <_prstr>179 :  Average success = 89.10 +- 1.93
RESULTS:: 23:00:38: root                               EvaluationManager.py <_prstr>179 :  Average turns   = 9.31 +- 0.28
RESULTS:: 23:00:38: root                                   pydial.py <setEvalConfig>470 :  *** Evaluating env1-LAP-tau_nodrop_noinco_sort_sharelast_4020_250100_shpr_1818-seed3-00.5: error-rate=0 num-dialogs=500 ***
RESULTS:: 23:12:41: root                               EvaluationManager.py <_prstr>179 :  Results for domain: Laptops11 --evaluated by: objective success evaluator
RESULTS:: 23:12:41: root                               EvaluationManager.py <_prstr>179 :  # of dialogues  = 500
RESULTS:: 23:12:41: root                               EvaluationManager.py <_prstr>179 :  Average reward  = 7.94 +- 0.81
RESULTS:: 23:12:41: root                               EvaluationManager.py <_prstr>179 :  Average success = 79.80 +- 3.53
RESULTS:: 23:12:41: root                               EvaluationManager.py <_prstr>179 :  Average turns   = 8.02 +- 0.28
RESULTS:: 23:12:41: root                                   pydial.py <train_command>791 :  List of domains: Laptops11
RESULTS:: 23:12:41: root                                      pydial.py <trainBatch>409 :  *** Training Iteration env1-LAP-tau_nodrop_noinco_sort_sharelast_4020_250100_shpr_1818-seed3-00.5->env1-LAP-tau_nodrop_noinco_sort_sharelast_4020_250100_shpr_1818-seed3-00.6: iter=5, error-rate=0, num-dialogs=1000 ***
RESULTS:: 23:41:29: root                               EvaluationManager.py <_prstr>179 :  Results for domain: Laptops11 --evaluated by: objective success evaluator
RESULTS:: 23:41:29: root                               EvaluationManager.py <_prstr>179 :  # of dialogues  = 1000
RESULTS:: 23:41:29: root                               EvaluationManager.py <_prstr>179 :  Average reward  = 8.86 +- 0.53
RESULTS:: 23:41:29: root                               EvaluationManager.py <_prstr>179 :  Average success = 88.60 +- 1.97
RESULTS:: 23:41:29: root                               EvaluationManager.py <_prstr>179 :  Average turns   = 8.86 +- 0.26
RESULTS:: 23:41:29: root                                   pydial.py <setEvalConfig>470 :  *** Evaluating env1-LAP-tau_nodrop_noinco_sort_sharelast_4020_250100_shpr_1818-seed3-00.6: error-rate=0 num-dialogs=500 ***
RESULTS:: 23:53:05: root                               EvaluationManager.py <_prstr>179 :  Results for domain: Laptops11 --evaluated by: objective success evaluator
RESULTS:: 23:53:05: root                               EvaluationManager.py <_prstr>179 :  # of dialogues  = 500
RESULTS:: 23:53:05: root                               EvaluationManager.py <_prstr>179 :  Average reward  = 9.63 +- 0.77
RESULTS:: 23:53:05: root                               EvaluationManager.py <_prstr>179 :  Average success = 86.00 +- 3.05
RESULTS:: 23:53:05: root                               EvaluationManager.py <_prstr>179 :  Average turns   = 7.57 +- 0.30
RESULTS:: 23:53:05: root                                   pydial.py <train_command>791 :  List of domains: Laptops11
RESULTS:: 23:53:05: root                                      pydial.py <trainBatch>409 :  *** Training Iteration env1-LAP-tau_nodrop_noinco_sort_sharelast_4020_250100_shpr_1818-seed3-00.6->env1-LAP-tau_nodrop_noinco_sort_sharelast_4020_250100_shpr_1818-seed3-00.7: iter=6, error-rate=0, num-dialogs=1000 ***
RESULTS:: 00:22:26: root                               EvaluationManager.py <_prstr>179 :  Results for domain: Laptops11 --evaluated by: objective success evaluator
RESULTS:: 00:22:26: root                               EvaluationManager.py <_prstr>179 :  # of dialogues  = 1000
RESULTS:: 00:22:26: root                               EvaluationManager.py <_prstr>179 :  Average reward  = 9.45 +- 0.47
RESULTS:: 00:22:26: root                               EvaluationManager.py <_prstr>179 :  Average success = 92.40 +- 1.64
RESULTS:: 00:22:26: root                               EvaluationManager.py <_prstr>179 :  Average turns   = 9.03 +- 0.27
RESULTS:: 00:22:26: root                                   pydial.py <setEvalConfig>470 :  *** Evaluating env1-LAP-tau_nodrop_noinco_sort_sharelast_4020_250100_shpr_1818-seed3-00.7: error-rate=0 num-dialogs=500 ***
RESULTS:: 00:34:09: root                               EvaluationManager.py <_prstr>179 :  Results for domain: Laptops11 --evaluated by: objective success evaluator
RESULTS:: 00:34:09: root                               EvaluationManager.py <_prstr>179 :  # of dialogues  = 500
RESULTS:: 00:34:09: root                               EvaluationManager.py <_prstr>179 :  Average reward  = 11.67 +- 0.52
RESULTS:: 00:34:09: root                               EvaluationManager.py <_prstr>179 :  Average success = 96.40 +- 1.64
RESULTS:: 00:34:09: root                               EvaluationManager.py <_prstr>179 :  Average turns   = 7.61 +- 0.31
RESULTS:: 00:34:09: root                                   pydial.py <train_command>791 :  List of domains: Laptops11
RESULTS:: 00:34:09: root                                      pydial.py <trainBatch>409 :  *** Training Iteration env1-LAP-tau_nodrop_noinco_sort_sharelast_4020_250100_shpr_1818-seed3-00.7->env1-LAP-tau_nodrop_noinco_sort_sharelast_4020_250100_shpr_1818-seed3-00.8: iter=7, error-rate=0, num-dialogs=1000 ***
RESULTS:: 01:03:04: root                               EvaluationManager.py <_prstr>179 :  Results for domain: Laptops11 --evaluated by: objective success evaluator
RESULTS:: 01:03:04: root                               EvaluationManager.py <_prstr>179 :  # of dialogues  = 1000
RESULTS:: 01:03:04: root                               EvaluationManager.py <_prstr>179 :  Average reward  = 9.33 +- 0.49
RESULTS:: 01:03:04: root                               EvaluationManager.py <_prstr>179 :  Average success = 90.60 +- 1.81
RESULTS:: 01:03:04: root                               EvaluationManager.py <_prstr>179 :  Average turns   = 8.79 +- 0.25
RESULTS:: 01:03:04: root                                   pydial.py <setEvalConfig>470 :  *** Evaluating env1-LAP-tau_nodrop_noinco_sort_sharelast_4020_250100_shpr_1818-seed3-00.8: error-rate=0 num-dialogs=500 ***
RESULTS:: 01:14:41: root                               EvaluationManager.py <_prstr>179 :  Results for domain: Laptops11 --evaluated by: objective success evaluator
RESULTS:: 01:14:41: root                               EvaluationManager.py <_prstr>179 :  # of dialogues  = 500
RESULTS:: 01:14:41: root                               EvaluationManager.py <_prstr>179 :  Average reward  = 11.82 +- 0.49
RESULTS:: 01:14:41: root                               EvaluationManager.py <_prstr>179 :  Average success = 96.60 +- 1.59
RESULTS:: 01:14:41: root                               EvaluationManager.py <_prstr>179 :  Average turns   = 7.50 +- 0.28
RESULTS:: 01:14:41: root                                   pydial.py <train_command>791 :  List of domains: Laptops11
RESULTS:: 01:14:41: root                                      pydial.py <trainBatch>409 :  *** Training Iteration env1-LAP-tau_nodrop_noinco_sort_sharelast_4020_250100_shpr_1818-seed3-00.8->env1-LAP-tau_nodrop_noinco_sort_sharelast_4020_250100_shpr_1818-seed3-00.9: iter=8, error-rate=0, num-dialogs=1000 ***
RESULTS:: 01:43:28: root                               EvaluationManager.py <_prstr>179 :  Results for domain: Laptops11 --evaluated by: objective success evaluator
RESULTS:: 01:43:28: root                               EvaluationManager.py <_prstr>179 :  # of dialogues  = 1000
RESULTS:: 01:43:28: root                               EvaluationManager.py <_prstr>179 :  Average reward  = 9.52 +- 0.47
RESULTS:: 01:43:28: root                               EvaluationManager.py <_prstr>179 :  Average success = 92.20 +- 1.66
RESULTS:: 01:43:28: root                               EvaluationManager.py <_prstr>179 :  Average turns   = 8.93 +- 0.27
RESULTS:: 01:43:28: root                                   pydial.py <setEvalConfig>470 :  *** Evaluating env1-LAP-tau_nodrop_noinco_sort_sharelast_4020_250100_shpr_1818-seed3-00.9: error-rate=0 num-dialogs=500 ***
RESULTS:: 01:53:29: root                               EvaluationManager.py <_prstr>179 :  Results for domain: Laptops11 --evaluated by: objective success evaluator
RESULTS:: 01:53:29: root                               EvaluationManager.py <_prstr>179 :  # of dialogues  = 500
RESULTS:: 01:53:29: root                               EvaluationManager.py <_prstr>179 :  Average reward  = 4.75 +- 0.90
RESULTS:: 01:53:29: root                               EvaluationManager.py <_prstr>179 :  Average success = 56.60 +- 4.35
RESULTS:: 01:53:29: root                               EvaluationManager.py <_prstr>179 :  Average turns   = 6.57 +- 0.16
RESULTS:: 01:53:29: root                                   pydial.py <train_command>791 :  List of domains: Laptops11
RESULTS:: 01:53:29: root                                      pydial.py <trainBatch>409 :  *** Training Iteration env1-LAP-tau_nodrop_noinco_sort_sharelast_4020_250100_shpr_1818-seed3-00.9->env1-LAP-tau_nodrop_noinco_sort_sharelast_4020_250100_shpr_1818-seed3-00.10: iter=9, error-rate=0, num-dialogs=1000 ***
RESULTS:: 02:22:52: root                               EvaluationManager.py <_prstr>179 :  Results for domain: Laptops11 --evaluated by: objective success evaluator
RESULTS:: 02:22:52: root                               EvaluationManager.py <_prstr>179 :  # of dialogues  = 1000
RESULTS:: 02:22:52: root                               EvaluationManager.py <_prstr>179 :  Average reward  = 9.14 +- 0.51
RESULTS:: 02:22:52: root                               EvaluationManager.py <_prstr>179 :  Average success = 91.50 +- 1.73
RESULTS:: 02:22:52: root                               EvaluationManager.py <_prstr>179 :  Average turns   = 9.16 +- 0.28
RESULTS:: 02:22:52: root                                   pydial.py <setEvalConfig>470 :  *** Evaluating env1-LAP-tau_nodrop_noinco_sort_sharelast_4020_250100_shpr_1818-seed3-00.10: error-rate=0 num-dialogs=500 ***
RESULTS:: 02:34:43: root                               EvaluationManager.py <_prstr>179 :  Results for domain: Laptops11 --evaluated by: objective success evaluator
RESULTS:: 02:34:43: root                               EvaluationManager.py <_prstr>179 :  # of dialogues  = 500
RESULTS:: 02:34:43: root                               EvaluationManager.py <_prstr>179 :  Average reward  = 10.50 +- 0.61
RESULTS:: 02:34:43: root                               EvaluationManager.py <_prstr>179 :  Average success = 92.00 +- 2.38
RESULTS:: 02:34:43: root                               EvaluationManager.py <_prstr>179 :  Average turns   = 7.90 +- 0.29
RESULTS:: 02:34:43: root                                   pydial.py <train_command>807 :  *** Training complete. log: env1-LAP-tau_nodrop_noinco_sort_sharelast_4020_250100_shpr_1818-seed3-00.1-10.train.log - final policy is env1-LAP-tau_nodrop_noinco_sort_sharelast_4020_250100_shpr_1818-00-10
