RESULTS:: 19:45:54: root                                   pydial.py <train_command>791 :  List of domains: Laptops11
RESULTS:: 19:45:54: root                                      pydial.py <trainBatch>409 :  *** Training Iteration env1-LAP-tau_nodrop_noinco_sort_sharelast_4020_250100_shpr_1818-seed7-00.0->env1-LAP-tau_nodrop_noinco_sort_sharelast_4020_250100_shpr_1818-seed7-00.1: iter=0, error-rate=0, num-dialogs=1000 ***
RESULTS:: 20:16:07: root                               EvaluationManager.py <_prstr>179 :  Results for domain: Laptops11 --evaluated by: objective success evaluator
RESULTS:: 20:16:07: root                               EvaluationManager.py <_prstr>179 :  # of dialogues  = 1000
RESULTS:: 20:16:07: root                               EvaluationManager.py <_prstr>179 :  Average reward  = 7.43 +- 0.59
RESULTS:: 20:16:07: root                               EvaluationManager.py <_prstr>179 :  Average success = 84.00 +- 2.27
RESULTS:: 20:16:07: root                               EvaluationManager.py <_prstr>179 :  Average turns   = 9.37 +- 0.27
RESULTS:: 20:16:07: root                                   pydial.py <setEvalConfig>470 :  *** Evaluating env1-LAP-tau_nodrop_noinco_sort_sharelast_4020_250100_shpr_1818-seed7-00.1: error-rate=0 num-dialogs=500 ***
RESULTS:: 20:27:52: root                               EvaluationManager.py <_prstr>179 :  Results for domain: Laptops11 --evaluated by: objective success evaluator
RESULTS:: 20:27:52: root                               EvaluationManager.py <_prstr>179 :  # of dialogues  = 500
RESULTS:: 20:27:52: root                               EvaluationManager.py <_prstr>179 :  Average reward  = 9.90 +- 0.65
RESULTS:: 20:27:52: root                               EvaluationManager.py <_prstr>179 :  Average success = 88.40 +- 2.81
RESULTS:: 20:27:52: root                               EvaluationManager.py <_prstr>179 :  Average turns   = 7.78 +- 0.26
RESULTS:: 20:27:52: root                                   pydial.py <train_command>791 :  List of domains: Laptops11
RESULTS:: 20:27:52: root                                      pydial.py <trainBatch>409 :  *** Training Iteration env1-LAP-tau_nodrop_noinco_sort_sharelast_4020_250100_shpr_1818-seed7-00.1->env1-LAP-tau_nodrop_noinco_sort_sharelast_4020_250100_shpr_1818-seed7-00.2: iter=1, error-rate=0, num-dialogs=1000 ***
RESULTS:: 20:56:40: root                               EvaluationManager.py <_prstr>179 :  Results for domain: Laptops11 --evaluated by: objective success evaluator
RESULTS:: 20:56:40: root                               EvaluationManager.py <_prstr>179 :  # of dialogues  = 1000
RESULTS:: 20:56:40: root                               EvaluationManager.py <_prstr>179 :  Average reward  = 9.35 +- 0.45
RESULTS:: 20:56:40: root                               EvaluationManager.py <_prstr>179 :  Average success = 90.90 +- 1.78
RESULTS:: 20:56:40: root                               EvaluationManager.py <_prstr>179 :  Average turns   = 8.83 +- 0.23
RESULTS:: 20:56:40: root                                   pydial.py <setEvalConfig>470 :  *** Evaluating env1-LAP-tau_nodrop_noinco_sort_sharelast_4020_250100_shpr_1818-seed7-00.2: error-rate=0 num-dialogs=500 ***
RESULTS:: 21:09:31: root                               EvaluationManager.py <_prstr>179 :  Results for domain: Laptops11 --evaluated by: objective success evaluator
RESULTS:: 21:09:31: root                               EvaluationManager.py <_prstr>179 :  # of dialogues  = 500
RESULTS:: 21:09:31: root                               EvaluationManager.py <_prstr>179 :  Average reward  = 8.02 +- 0.78
RESULTS:: 21:09:31: root                               EvaluationManager.py <_prstr>179 :  Average success = 82.60 +- 3.33
RESULTS:: 21:09:31: root                               EvaluationManager.py <_prstr>179 :  Average turns   = 8.50 +- 0.30
RESULTS:: 21:09:31: root                                   pydial.py <train_command>791 :  List of domains: Laptops11
RESULTS:: 21:09:31: root                                      pydial.py <trainBatch>409 :  *** Training Iteration env1-LAP-tau_nodrop_noinco_sort_sharelast_4020_250100_shpr_1818-seed7-00.2->env1-LAP-tau_nodrop_noinco_sort_sharelast_4020_250100_shpr_1818-seed7-00.3: iter=2, error-rate=0, num-dialogs=1000 ***
RESULTS:: 21:38:05: root                               EvaluationManager.py <_prstr>179 :  Results for domain: Laptops11 --evaluated by: objective success evaluator
RESULTS:: 21:38:05: root                               EvaluationManager.py <_prstr>179 :  # of dialogues  = 1000
RESULTS:: 21:38:05: root                               EvaluationManager.py <_prstr>179 :  Average reward  = 8.92 +- 0.47
RESULTS:: 21:38:05: root                               EvaluationManager.py <_prstr>179 :  Average success = 88.50 +- 1.98
RESULTS:: 21:38:05: root                               EvaluationManager.py <_prstr>179 :  Average turns   = 8.78 +- 0.22
RESULTS:: 21:38:05: root                                   pydial.py <setEvalConfig>470 :  *** Evaluating env1-LAP-tau_nodrop_noinco_sort_sharelast_4020_250100_shpr_1818-seed7-00.3: error-rate=0 num-dialogs=500 ***
RESULTS:: 21:49:38: root                               EvaluationManager.py <_prstr>179 :  Results for domain: Laptops11 --evaluated by: objective success evaluator
RESULTS:: 21:49:38: root                               EvaluationManager.py <_prstr>179 :  # of dialogues  = 500
RESULTS:: 21:49:38: root                               EvaluationManager.py <_prstr>179 :  Average reward  = 7.68 +- 0.81
RESULTS:: 21:49:38: root                               EvaluationManager.py <_prstr>179 :  Average success = 76.40 +- 3.73
RESULTS:: 21:49:38: root                               EvaluationManager.py <_prstr>179 :  Average turns   = 7.60 +- 0.23
RESULTS:: 21:49:38: root                                   pydial.py <train_command>791 :  List of domains: Laptops11
RESULTS:: 21:49:38: root                                      pydial.py <trainBatch>409 :  *** Training Iteration env1-LAP-tau_nodrop_noinco_sort_sharelast_4020_250100_shpr_1818-seed7-00.3->env1-LAP-tau_nodrop_noinco_sort_sharelast_4020_250100_shpr_1818-seed7-00.4: iter=3, error-rate=0, num-dialogs=1000 ***
RESULTS:: 22:18:27: root                               EvaluationManager.py <_prstr>179 :  Results for domain: Laptops11 --evaluated by: objective success evaluator
RESULTS:: 22:18:27: root                               EvaluationManager.py <_prstr>179 :  # of dialogues  = 1000
RESULTS:: 22:18:27: root                               EvaluationManager.py <_prstr>179 :  Average reward  = 9.33 +- 0.47
RESULTS:: 22:18:27: root                               EvaluationManager.py <_prstr>179 :  Average success = 90.90 +- 1.78
RESULTS:: 22:18:27: root                               EvaluationManager.py <_prstr>179 :  Average turns   = 8.85 +- 0.24
RESULTS:: 22:18:27: root                                   pydial.py <setEvalConfig>470 :  *** Evaluating env1-LAP-tau_nodrop_noinco_sort_sharelast_4020_250100_shpr_1818-seed7-00.4: error-rate=0 num-dialogs=500 ***
RESULTS:: 22:29:25: root                               EvaluationManager.py <_prstr>179 :  Results for domain: Laptops11 --evaluated by: objective success evaluator
RESULTS:: 22:29:25: root                               EvaluationManager.py <_prstr>179 :  # of dialogues  = 500
RESULTS:: 22:29:25: root                               EvaluationManager.py <_prstr>179 :  Average reward  = 10.57 +- 0.61
RESULTS:: 22:29:25: root                               EvaluationManager.py <_prstr>179 :  Average success = 89.00 +- 2.75
RESULTS:: 22:29:25: root                               EvaluationManager.py <_prstr>179 :  Average turns   = 7.23 +- 0.20
RESULTS:: 22:29:25: root                                   pydial.py <train_command>791 :  List of domains: Laptops11
RESULTS:: 22:29:25: root                                      pydial.py <trainBatch>409 :  *** Training Iteration env1-LAP-tau_nodrop_noinco_sort_sharelast_4020_250100_shpr_1818-seed7-00.4->env1-LAP-tau_nodrop_noinco_sort_sharelast_4020_250100_shpr_1818-seed7-00.5: iter=4, error-rate=0, num-dialogs=1000 ***
RESULTS:: 22:59:57: root                               EvaluationManager.py <_prstr>179 :  Results for domain: Laptops11 --evaluated by: objective success evaluator
RESULTS:: 22:59:57: root                               EvaluationManager.py <_prstr>179 :  # of dialogues  = 1000
RESULTS:: 22:59:57: root                               EvaluationManager.py <_prstr>179 :  Average reward  = 9.21 +- 0.48
RESULTS:: 22:59:57: root                               EvaluationManager.py <_prstr>179 :  Average success = 90.10 +- 1.85
RESULTS:: 22:59:57: root                               EvaluationManager.py <_prstr>179 :  Average turns   = 8.81 +- 0.25
RESULTS:: 22:59:57: root                                   pydial.py <setEvalConfig>470 :  *** Evaluating env1-LAP-tau_nodrop_noinco_sort_sharelast_4020_250100_shpr_1818-seed7-00.5: error-rate=0 num-dialogs=500 ***
RESULTS:: 23:11:13: root                               EvaluationManager.py <_prstr>179 :  Results for domain: Laptops11 --evaluated by: objective success evaluator
RESULTS:: 23:11:13: root                               EvaluationManager.py <_prstr>179 :  # of dialogues  = 500
RESULTS:: 23:11:13: root                               EvaluationManager.py <_prstr>179 :  Average reward  = 9.38 +- 0.72
RESULTS:: 23:11:13: root                               EvaluationManager.py <_prstr>179 :  Average success = 84.00 +- 3.22
RESULTS:: 23:11:13: root                               EvaluationManager.py <_prstr>179 :  Average turns   = 7.42 +- 0.21
RESULTS:: 23:11:13: root                                   pydial.py <train_command>791 :  List of domains: Laptops11
RESULTS:: 23:11:13: root                                      pydial.py <trainBatch>409 :  *** Training Iteration env1-LAP-tau_nodrop_noinco_sort_sharelast_4020_250100_shpr_1818-seed7-00.5->env1-LAP-tau_nodrop_noinco_sort_sharelast_4020_250100_shpr_1818-seed7-00.6: iter=5, error-rate=0, num-dialogs=1000 ***
RESULTS:: 23:40:22: root                               EvaluationManager.py <_prstr>179 :  Results for domain: Laptops11 --evaluated by: objective success evaluator
RESULTS:: 23:40:22: root                               EvaluationManager.py <_prstr>179 :  # of dialogues  = 1000
RESULTS:: 23:40:22: root                               EvaluationManager.py <_prstr>179 :  Average reward  = 9.46 +- 0.48
RESULTS:: 23:40:22: root                               EvaluationManager.py <_prstr>179 :  Average success = 92.30 +- 1.65
RESULTS:: 23:40:22: root                               EvaluationManager.py <_prstr>179 :  Average turns   = 9.00 +- 0.26
RESULTS:: 23:40:22: root                                   pydial.py <setEvalConfig>470 :  *** Evaluating env1-LAP-tau_nodrop_noinco_sort_sharelast_4020_250100_shpr_1818-seed7-00.6: error-rate=0 num-dialogs=500 ***
RESULTS:: 23:52:00: root                               EvaluationManager.py <_prstr>179 :  Results for domain: Laptops11 --evaluated by: objective success evaluator
RESULTS:: 23:52:00: root                               EvaluationManager.py <_prstr>179 :  # of dialogues  = 500
RESULTS:: 23:52:00: root                               EvaluationManager.py <_prstr>179 :  Average reward  = 10.30 +- 0.64
RESULTS:: 23:52:00: root                               EvaluationManager.py <_prstr>179 :  Average success = 89.40 +- 2.70
RESULTS:: 23:52:00: root                               EvaluationManager.py <_prstr>179 :  Average turns   = 7.58 +- 0.27
RESULTS:: 23:52:00: root                                   pydial.py <train_command>791 :  List of domains: Laptops11
RESULTS:: 23:52:00: root                                      pydial.py <trainBatch>409 :  *** Training Iteration env1-LAP-tau_nodrop_noinco_sort_sharelast_4020_250100_shpr_1818-seed7-00.6->env1-LAP-tau_nodrop_noinco_sort_sharelast_4020_250100_shpr_1818-seed7-00.7: iter=6, error-rate=0, num-dialogs=1000 ***
RESULTS:: 00:21:03: root                               EvaluationManager.py <_prstr>179 :  Results for domain: Laptops11 --evaluated by: objective success evaluator
RESULTS:: 00:21:03: root                               EvaluationManager.py <_prstr>179 :  # of dialogues  = 1000
RESULTS:: 00:21:03: root                               EvaluationManager.py <_prstr>179 :  Average reward  = 9.37 +- 0.50
RESULTS:: 00:21:03: root                               EvaluationManager.py <_prstr>179 :  Average success = 91.60 +- 1.72
RESULTS:: 00:21:03: root                               EvaluationManager.py <_prstr>179 :  Average turns   = 8.96 +- 0.26
RESULTS:: 00:21:03: root                                   pydial.py <setEvalConfig>470 :  *** Evaluating env1-LAP-tau_nodrop_noinco_sort_sharelast_4020_250100_shpr_1818-seed7-00.7: error-rate=0 num-dialogs=500 ***
RESULTS:: 00:33:03: root                               EvaluationManager.py <_prstr>179 :  Results for domain: Laptops11 --evaluated by: objective success evaluator
RESULTS:: 00:33:03: root                               EvaluationManager.py <_prstr>179 :  # of dialogues  = 500
RESULTS:: 00:33:03: root                               EvaluationManager.py <_prstr>179 :  Average reward  = 11.88 +- 0.42
RESULTS:: 00:33:03: root                               EvaluationManager.py <_prstr>179 :  Average success = 98.00 +- 1.23
RESULTS:: 00:33:03: root                               EvaluationManager.py <_prstr>179 :  Average turns   = 7.72 +- 0.30
RESULTS:: 00:33:03: root                                   pydial.py <train_command>791 :  List of domains: Laptops11
RESULTS:: 00:33:03: root                                      pydial.py <trainBatch>409 :  *** Training Iteration env1-LAP-tau_nodrop_noinco_sort_sharelast_4020_250100_shpr_1818-seed7-00.7->env1-LAP-tau_nodrop_noinco_sort_sharelast_4020_250100_shpr_1818-seed7-00.8: iter=7, error-rate=0, num-dialogs=1000 ***
RESULTS:: 01:02:17: root                               EvaluationManager.py <_prstr>179 :  Results for domain: Laptops11 --evaluated by: objective success evaluator
RESULTS:: 01:02:17: root                               EvaluationManager.py <_prstr>179 :  # of dialogues  = 1000
RESULTS:: 01:02:17: root                               EvaluationManager.py <_prstr>179 :  Average reward  = 9.94 +- 0.44
RESULTS:: 01:02:17: root                               EvaluationManager.py <_prstr>179 :  Average success = 94.10 +- 1.46
RESULTS:: 01:02:17: root                               EvaluationManager.py <_prstr>179 :  Average turns   = 8.88 +- 0.27
RESULTS:: 01:02:17: root                                   pydial.py <setEvalConfig>470 :  *** Evaluating env1-LAP-tau_nodrop_noinco_sort_sharelast_4020_250100_shpr_1818-seed7-00.8: error-rate=0 num-dialogs=500 ***
RESULTS:: 01:13:58: root                               EvaluationManager.py <_prstr>179 :  Results for domain: Laptops11 --evaluated by: objective success evaluator
RESULTS:: 01:13:58: root                               EvaluationManager.py <_prstr>179 :  # of dialogues  = 500
RESULTS:: 01:13:58: root                               EvaluationManager.py <_prstr>179 :  Average reward  = 11.17 +- 0.54
RESULTS:: 01:13:58: root                               EvaluationManager.py <_prstr>179 :  Average success = 93.20 +- 2.21
RESULTS:: 01:13:58: root                               EvaluationManager.py <_prstr>179 :  Average turns   = 7.47 +- 0.24
RESULTS:: 01:13:58: root                                   pydial.py <train_command>791 :  List of domains: Laptops11
RESULTS:: 01:13:58: root                                      pydial.py <trainBatch>409 :  *** Training Iteration env1-LAP-tau_nodrop_noinco_sort_sharelast_4020_250100_shpr_1818-seed7-00.8->env1-LAP-tau_nodrop_noinco_sort_sharelast_4020_250100_shpr_1818-seed7-00.9: iter=8, error-rate=0, num-dialogs=1000 ***
RESULTS:: 01:43:37: root                               EvaluationManager.py <_prstr>179 :  Results for domain: Laptops11 --evaluated by: objective success evaluator
RESULTS:: 01:43:37: root                               EvaluationManager.py <_prstr>179 :  # of dialogues  = 1000
RESULTS:: 01:43:37: root                               EvaluationManager.py <_prstr>179 :  Average reward  = 8.53 +- 0.56
RESULTS:: 01:43:37: root                               EvaluationManager.py <_prstr>179 :  Average success = 88.80 +- 1.96
RESULTS:: 01:43:37: root                               EvaluationManager.py <_prstr>179 :  Average turns   = 9.23 +- 0.28
RESULTS:: 01:43:37: root                                   pydial.py <setEvalConfig>470 :  *** Evaluating env1-LAP-tau_nodrop_noinco_sort_sharelast_4020_250100_shpr_1818-seed7-00.9: error-rate=0 num-dialogs=500 ***
RESULTS:: 01:55:39: root                               EvaluationManager.py <_prstr>179 :  Results for domain: Laptops11 --evaluated by: objective success evaluator
RESULTS:: 01:55:39: root                               EvaluationManager.py <_prstr>179 :  # of dialogues  = 500
RESULTS:: 01:55:39: root                               EvaluationManager.py <_prstr>179 :  Average reward  = 11.09 +- 0.63
RESULTS:: 01:55:39: root                               EvaluationManager.py <_prstr>179 :  Average success = 94.60 +- 1.99
RESULTS:: 01:55:39: root                               EvaluationManager.py <_prstr>179 :  Average turns   = 7.83 +- 0.33
RESULTS:: 01:55:39: root                                   pydial.py <train_command>791 :  List of domains: Laptops11
RESULTS:: 01:55:39: root                                      pydial.py <trainBatch>409 :  *** Training Iteration env1-LAP-tau_nodrop_noinco_sort_sharelast_4020_250100_shpr_1818-seed7-00.9->env1-LAP-tau_nodrop_noinco_sort_sharelast_4020_250100_shpr_1818-seed7-00.10: iter=9, error-rate=0, num-dialogs=1000 ***
RESULTS:: 02:24:47: root                               EvaluationManager.py <_prstr>179 :  Results for domain: Laptops11 --evaluated by: objective success evaluator
RESULTS:: 02:24:47: root                               EvaluationManager.py <_prstr>179 :  # of dialogues  = 1000
RESULTS:: 02:24:47: root                               EvaluationManager.py <_prstr>179 :  Average reward  = 9.44 +- 0.49
RESULTS:: 02:24:47: root                               EvaluationManager.py <_prstr>179 :  Average success = 92.40 +- 1.64
RESULTS:: 02:24:47: root                               EvaluationManager.py <_prstr>179 :  Average turns   = 9.04 +- 0.28
RESULTS:: 02:24:47: root                                   pydial.py <setEvalConfig>470 :  *** Evaluating env1-LAP-tau_nodrop_noinco_sort_sharelast_4020_250100_shpr_1818-seed7-00.10: error-rate=0 num-dialogs=500 ***
RESULTS:: 02:36:31: root                               EvaluationManager.py <_prstr>179 :  Results for domain: Laptops11 --evaluated by: objective success evaluator
RESULTS:: 02:36:31: root                               EvaluationManager.py <_prstr>179 :  # of dialogues  = 500
RESULTS:: 02:36:31: root                               EvaluationManager.py <_prstr>179 :  Average reward  = 11.56 +- 0.53
RESULTS:: 02:36:31: root                               EvaluationManager.py <_prstr>179 :  Average success = 97.00 +- 1.50
RESULTS:: 02:36:31: root                               EvaluationManager.py <_prstr>179 :  Average turns   = 7.84 +- 0.32
RESULTS:: 02:36:31: root                                   pydial.py <train_command>807 :  *** Training complete. log: env1-LAP-tau_nodrop_noinco_sort_sharelast_4020_250100_shpr_1818-seed7-00.1-10.train.log - final policy is env1-LAP-tau_nodrop_noinco_sort_sharelast_4020_250100_shpr_1818-00-10
